<?xml version="1.0" encoding="UTF-8"?>
<testsuites name="GTI" time="853.659" tests="1" failures="0" errors="0">
   <testsuite name="GTI" tests="1" failures="0" errors="0" time="853.659" skipped="0" timestamp="2023-10-24 08:20:52" hostname="SEU2K19KAT01$ - seu2k19kat01.redseur.local" id="Test Suites/GTI">
      <properties>
         <property name="deviceName" value=""/>
         <property name="devicePlatform" value=""/>
         <property name="logFolder" value="C:\\Jenkins\\workspace\\katalon_gti_pro\\Reports\\20231024_082047\\GTI\\20231024_082048"/>
         <property name="logFiles" value="C:\\Jenkins\\workspace\\katalon_gti_pro\\Reports\\20231024_082047\\GTI\\20231024_082048\\execution0.log"/>
         <property name="attachments" value=""/>
         <property name="hostName" value="SEU2K19KAT01$ - seu2k19kat01.redseur.local"/>
         <property name="hostAddress" value="10.240.96.104"/>
         <property name="os" value="Windows Server 2019 64bit"/>
         <property name="katalonVersion" value="8.1.0.208"/>
      </properties>
      <testcase name="Test Cases/Host/01 - HostRun" time="847.765" classname="Test Cases/Host/01 - HostRun" status="PASSED">
         <system-out><![CDATA[2023-10-24 08:20:52 - [TEST_CASE][PASSED] - Test Cases/Host/01 - HostRun: Test Cases/Host/01 - HostRun

2023-10-24 08:20:53 - [TEST_STEP][PASSED] - operativaHost = <not implemented yet for class: org.codehaus.groovy.ast.expr.EmptyExpression>: null

2023-10-24 08:20:53 - [TEST_STEP][PASSED] - casoPrueba = <not implemented yet for class: org.codehaus.groovy.ast.expr.EmptyExpression>: null

2023-10-24 08:20:53 - [TEST_STEP][PASSED] - numeroFilaConnection = <not implemented yet for class: org.codehaus.groovy.ast.expr.EmptyExpression>: null

2023-10-24 08:20:53 - [TEST_STEP][PASSED] - rowDatosConnection = <not implemented yet for class: org.codehaus.groovy.ast.expr.EmptyExpression>: null

2023-10-24 08:20:53 - [TEST_STEP][PASSED] - log = <not implemented yet for class: org.codehaus.groovy.ast.expr.EmptyExpression>: null

2023-10-24 08:20:53 - [TEST_STEP][PASSED] - numeroFilaConnection = Integer.parseInt(numeroFilaOperativa): null

2023-10-24 08:20:53 - [TEST_STEP][PASSED] - log = new toolsHost.LogUtils(numeroFilaConnection, Host): null

2023-10-24 08:20:55 - [TEST_STEP][PASSED] - rowDatosConnection = findTestData("Data Files/ConnectionHost"): null

2023-10-24 08:20:55 - [TEST_STEP][PASSED] - operativaHost = rowDatosConnection.getValue("Operativa Host", numeroFilaConnection): null

2023-10-24 08:20:56 - [TEST_STEP][PASSED] - try: null

2023-10-24 08:20:56 - [TEST_STEP][PASSED] - Script1684739620944.prv_lanzamientoHost(operativaHost, numeroFilaConnection, rowDatosConnection, log): null

2023-10-24 08:20:56 - [TEST_STEP][PASSED] - debugExcel = <not implemented yet for class: org.codehaus.groovy.ast.expr.EmptyExpression>: null

2023-10-24 08:20:56 - [TEST_STEP][PASSED] - Script1684739620944.prv_OperativaHost(operativaHost, filaHost, log): null

2023-10-24 08:20:56 - [TEST_STEP][PASSED] - log.loggerInfo("Se va ha ejecutar la operativa: %s", operativaHost): null

2023-10-24 08:20:56 - [TEST_STEP][PASSED] - operativaHost = operativaHost.trim(): null

2023-10-24 08:20:56 - [TEST_STEP][PASSED] - switch (operativaHost): null

2023-10-24 08:20:56 - [TEST_STEP][PASSED] - case "GTI - Crear Expedicion Externa":: null

2023-10-24 08:20:56 - [TEST_STEP][PASSED] - Script1684739620944.prv_DocumentarExpedicion_Externa(filaHost, log): null

2023-10-24 08:20:56 - [TEST_STEP][PASSED] - filaFin = <not implemented yet for class: org.codehaus.groovy.ast.expr.EmptyExpression>: null

2023-10-24 08:20:56 - [TEST_STEP][PASSED] - filaInicio = <not implemented yet for class: org.codehaus.groovy.ast.expr.EmptyExpression>: null

2023-10-24 08:20:56 - [TEST_STEP][PASSED] - try: La ejecucion a finalizado con exito

2023-10-24 08:20:56 - [TEST_STEP][PASSED] - connectionHost.conectHost(filaHost, log): Se va ha escribir en la columna ARGUMENTOS y en la fila 4 el valor: 002

2023-10-24 08:20:56 - [MESSAGE][INFO] - Se va ha escribir en la columna COLUMN ORIGIN y en la fila 77 el valor: 22

2023-10-24 08:20:57 - [MESSAGE][INFO] - Se va ha escribir en la columna COLUMN ORIGIN y en la fila 78 el valor: 22

2023-10-24 08:20:57 - [MESSAGE][INFO] - Se va ha escribir en la columna COLUMN ORIGIN y en la fila 114 el valor: 22

2023-10-24 08:20:57 - [MESSAGE][INFO] - Se va ha escribir en la columna COLUMN ORIGIN y en la fila 115 el valor: 22

2023-10-24 08:20:57 - [MESSAGE][INFO] - Se va ha escribir en la columna COLUMN ORIGIN y en la fila 152 el valor: 22

2023-10-24 08:20:57 - [MESSAGE][INFO] - Se va ha escribir en la columna COLUMN ORIGIN y en la fila 153 el valor: 22

2023-10-24 08:20:57 - [MESSAGE][INFO] - Se va ha escribir en la columna COLUMN ORIGIN y en la fila 192 el valor: 22

2023-10-24 08:20:57 - [MESSAGE][INFO] - Se va ha escribir en la columna COLUMN ORIGIN y en la fila 193 el valor: 22

2023-10-24 08:20:57 - [MESSAGE][INFO] - Se va ha escribir en la columna COLUMN ORIGIN y en la fila 1 el valor: 22

2023-10-24 08:20:58 - [MESSAGE][INFO] - Se va ha escribir en la columna COLUMN ORIGIN y en la fila 2 el valor: 22

2023-10-24 08:20:58 - [MESSAGE][INFO] - Se va ha escribir en la columna ARGUMENTOS y en la fila 4 el valor: 002

2023-10-24 08:21:00 - [TEST_STEP][PASSED] - filaFin = connectionHost.loginHost(filaHost, log): El inicio de session se ha realizado correctamente

2023-10-24 08:21:00 - [MESSAGE][INFO] - Se va ha escribir en la columna COLUMN ORIGIN y en la fila 77 el valor: 22

2023-10-24 08:21:00 - [MESSAGE][INFO] - Se va ha escribir en la columna COLUMN ORIGIN y en la fila 78 el valor: 22

2023-10-24 08:21:00 - [MESSAGE][INFO] - Se va ha escribir en la columna COLUMN ORIGIN y en la fila 114 el valor: 22

2023-10-24 08:21:00 - [MESSAGE][INFO] - Se va ha escribir en la columna COLUMN ORIGIN y en la fila 115 el valor: 22

2023-10-24 08:21:00 - [MESSAGE][INFO] - Se va ha escribir en la columna COLUMN ORIGIN y en la fila 152 el valor: 22

2023-10-24 08:21:01 - [MESSAGE][INFO] - Se va ha escribir en la columna COLUMN ORIGIN y en la fila 153 el valor: 22

2023-10-24 08:21:01 - [MESSAGE][INFO] - Se va ha escribir en la columna COLUMN ORIGIN y en la fila 192 el valor: 22

2023-10-24 08:21:01 - [MESSAGE][INFO] - Se va ha escribir en la columna COLUMN ORIGIN y en la fila 193 el valor: 22

2023-10-24 08:21:01 - [MESSAGE][INFO] - Se va ha escribir en la columna COLUMN ORIGIN y en la fila 1 el valor: 22

2023-10-24 08:21:01 - [MESSAGE][INFO] - Se va ha escribir en la columna COLUMN ORIGIN y en la fila 2 el valor: 22

2023-10-24 08:21:01 - [MESSAGE][INFO] - Se va ha escribir en la columna ARGUMENTOS y en la fila 4 el valor: 002

2023-10-24 08:21:23 - [MESSAGE][PASSED] - El inicio de session se ha realizado correctamente

2023-10-24 08:21:23 - [TEST_STEP][PASSED] - filaInicio = Integer.parseInt(filaFin): null

2023-10-24 08:21:23 - [TEST_STEP][PASSED] - callTestCase(findTestCase("Host/Operativas/GTI_CrearExpedicionExterna"), ["numFilas":filaInicio, "filaConnection":filaHost, "logUtils":log], STOP_ON_FAILURE): null

2023-10-24 08:21:23 - [TEST_CASE][PASSED] - Test Cases/Host/Operativas/GTI_CrearExpedicionExterna: Test Cases/Host/Operativas/GTI_CrearExpedicionExterna

2023-10-24 08:21:24 - [TEST_STEP][PASSED] - nombrePantalla = <not implemented yet for class: org.codehaus.groovy.ast.expr.EmptyExpression>: null

2023-10-24 08:21:24 - [TEST_STEP][PASSED] - filasTotales = <not implemented yet for class: org.codehaus.groovy.ast.expr.EmptyExpression>: null

2023-10-24 08:21:24 - [TEST_STEP][PASSED] - counFila = <not implemented yet for class: org.codehaus.groovy.ast.expr.EmptyExpression>: null

2023-10-24 08:21:24 - [TEST_STEP][PASSED] - filaInicio = <not implemented yet for class: org.codehaus.groovy.ast.expr.EmptyExpression>: null

2023-10-24 08:21:24 - [TEST_STEP][PASSED] - filaHostRun = <not implemented yet for class: org.codehaus.groovy.ast.expr.EmptyExpression>: null

2023-10-24 08:21:24 - [TEST_STEP][PASSED] - rowDatosExcel = <not implemented yet for class: org.codehaus.groovy.ast.expr.EmptyExpression>: null

2023-10-24 08:21:24 - [TEST_STEP][PASSED] - handlerHost = <not implemented yet for class: org.codehaus.groovy.ast.expr.EmptyExpression>: null

2023-10-24 08:21:24 - [TEST_STEP][PASSED] - log = <not implemented yet for class: org.codehaus.groovy.ast.expr.EmptyExpression>: null

2023-10-24 08:21:24 - [TEST_STEP][PASSED] - filaHostRun = filaConnection: null

2023-10-24 08:21:24 - [TEST_STEP][PASSED] - filaInicio = numFilas: null

2023-10-24 08:21:24 - [TEST_STEP][PASSED] - log = logUtils: null

2023-10-24 08:21:24 - [TEST_STEP][PASSED] - try: null

2023-10-24 08:21:24 - [TEST_STEP][PASSED] - Script1676556991125.prv_writeExcel_ExpedicionExterna(filaHostRun, log): null

2023-10-24 08:21:24 - [TEST_STEP][PASSED] - servicio = <not implemented yet for class: org.codehaus.groovy.ast.expr.EmptyExpression>: null

2023-10-24 08:21:24 - [TEST_STEP][PASSED] - producto = <not implemented yet for class: org.codehaus.groovy.ast.expr.EmptyExpression>: null

2023-10-24 08:21:24 - [TEST_STEP][PASSED] - remitente = <not implemented yet for class: org.codehaus.groovy.ast.expr.EmptyExpression>: null

2023-10-24 08:21:24 - [TEST_STEP][PASSED] - codigoPostal = <not implemented yet for class: org.codehaus.groovy.ast.expr.EmptyExpression>: null

2023-10-24 08:21:24 - [TEST_STEP][PASSED] - numero = <not implemented yet for class: org.codehaus.groovy.ast.expr.EmptyExpression>: null

2023-10-24 08:21:24 - [TEST_STEP][PASSED] - albaran = <not implemented yet for class: org.codehaus.groovy.ast.expr.EmptyExpression>: null

2023-10-24 08:21:24 - [TEST_STEP][PASSED] - IpLocal = <not implemented yet for class: org.codehaus.groovy.ast.expr.EmptyExpression>: null

2023-10-24 08:21:24 - [TEST_STEP][PASSED] - IpExterna = <not implemented yet for class: org.codehaus.groovy.ast.expr.EmptyExpression>: null

2023-10-24 08:21:24 - [TEST_STEP][PASSED] - franquiciaLocal = <not implemented yet for class: org.codehaus.groovy.ast.expr.EmptyExpression>: null

2023-10-24 08:21:24 - [TEST_STEP][PASSED] - franquiciaExterna = <not implemented yet for class: org.codehaus.groovy.ast.expr.EmptyExpression>: null

2023-10-24 08:21:24 - [TEST_STEP][PASSED] - nombre = <not implemented yet for class: org.codehaus.groovy.ast.expr.EmptyExpression>: null

2023-10-24 08:21:24 - [TEST_STEP][PASSED] - calle = <not implemented yet for class: org.codehaus.groovy.ast.expr.EmptyExpression>: null

2023-10-24 08:21:24 - [TEST_STEP][PASSED] - tipoImporte = <not implemented yet for class: org.codehaus.groovy.ast.expr.EmptyExpression>: null

2023-10-24 08:21:24 - [TEST_STEP][PASSED] - bultos = <not implemented yet for class: org.codehaus.groovy.ast.expr.EmptyExpression>: null

2023-10-24 08:21:24 - [TEST_STEP][PASSED] - kilos = <not implemented yet for class: org.codehaus.groovy.ast.expr.EmptyExpression>: null

2023-10-24 08:21:24 - [TEST_STEP][PASSED] - mercancia = <not implemented yet for class: org.codehaus.groovy.ast.expr.EmptyExpression>: null

2023-10-24 08:21:24 - [TEST_STEP][PASSED] - filaExpedicion = <not implemented yet for class: org.codehaus.groovy.ast.expr.EmptyExpression>: null

2023-10-24 08:21:24 - [TEST_STEP][PASSED] - rowDatosExcelCliente = <not implemented yet for class: org.codehaus.groovy.ast.expr.EmptyExpression>: null

2023-10-24 08:21:24 - [TEST_STEP][PASSED] - rowDatosExcelConfig = <not implemented yet for class: org.codehaus.groovy.ast.expr.EmptyExpression>: null

2023-10-24 08:21:24 - [TEST_STEP][PASSED] - try: null

2023-10-24 08:21:24 - [TEST_STEP][PASSED] - rowDatosExcelConfig = findTestData("Data Files/ConnectionHost"): null

2023-10-24 08:21:24 - [TEST_STEP][PASSED] - rowDatosExcelCliente = findTestData("Data Files/ClienteExpedicion"): null

2023-10-24 08:21:24 - [TEST_STEP][PASSED] - filaExpedicion = Integer.parseInt(rowDatosExcelConfig.getValue("Cliente Expedicion", numFilaExcel)): null

2023-10-24 08:21:24 - [TEST_STEP][PASSED] - IpLocal = rowDatosExcelConfig.getValue("Server", numFilaExcel): null

2023-10-24 08:21:24 - [TEST_STEP][PASSED] - IpExterna = rowDatosExcelConfig.getValue("Telnet", numFilaExcel): null

2023-10-24 08:21:24 - [TEST_STEP][PASSED] - servicio = getValue("Servicio", filaExpedicion).toString(): null

2023-10-24 08:21:24 - [TEST_STEP][PASSED] - producto = getValue("Producto", filaExpedicion).toString(): null

2023-10-24 08:21:24 - [TEST_STEP][PASSED] - remitente = getValue("Remitente", filaExpedicion).toString(): null

2023-10-24 08:21:24 - [TEST_STEP][PASSED] - codigoPostal = Postal", filaExpedicion).toString(): null

2023-10-24 08:21:24 - [TEST_STEP][PASSED] - numero = getValue("Numero", filaExpedicion).toString(): null

2023-10-24 08:21:24 - [TEST_STEP][PASSED] - nombre = getValue("Cliente Destinatario", filaExpedicion).toString(): null

2023-10-24 08:21:24 - [TEST_STEP][PASSED] - calle = getValue("Cliente Destinatario", filaExpedicion).toString(): null

2023-10-24 08:21:24 - [TEST_STEP][PASSED] - tipoImporte = getValue("Tipo Importe", filaExpedicion).toString(): null

2023-10-24 08:21:24 - [TEST_STEP][PASSED] - bultos = getValue("Bultos", filaExpedicion).toString(): null

2023-10-24 08:21:24 - [TEST_STEP][PASSED] - kilos = getValue("Kilos", filaExpedicion).toString(): null

2023-10-24 08:21:24 - [TEST_STEP][PASSED] - mercancia = getValue("T/Mercancia", filaExpedicion).toString(): null

2023-10-24 08:21:24 - [TEST_STEP][PASSED] - franquiciaLocal = getValue("Franquicia Local", filaExpedicion).toString(): null

2023-10-24 08:21:24 - [TEST_STEP][PASSED] - franquiciaExterna = getValue("Franquicia Externa", filaExpedicion).toString(): null

2023-10-24 08:21:24 - [TEST_STEP][PASSED] - writeExcel.writeExcel_CrearExpedicionExterna(12, "ARGUMENTOS", "Operativa", servicio): Se va ha escribir en la columna ARGUMENTOS y en la fila 12 el valor: 1

2023-10-24 08:21:24 - [MESSAGE][INFO] - Se va ha escribir en la columna ARGUMENTOS y en la fila 12 el valor: 1

2023-10-24 08:21:24 - [TEST_STEP][PASSED] - writeExcel.writeExcel_CrearExpedicionExterna(13, "ARGUMENTOS", "Operativa", producto): Se va ha escribir en la columna ARGUMENTOS y en la fila 13 el valor: 2

2023-10-24 08:21:24 - [MESSAGE][INFO] - Se va ha escribir en la columna ARGUMENTOS y en la fila 13 el valor: 2

2023-10-24 08:21:24 - [TEST_STEP][PASSED] - writeExcel.writeExcel_CrearExpedicionExterna(14, "ARGUMENTOS", "Operativa", remitente): Se va ha escribir en la columna ARGUMENTOS y en la fila 14 el valor: 200000

2023-10-24 08:21:24 - [MESSAGE][INFO] - Se va ha escribir en la columna ARGUMENTOS y en la fila 14 el valor: 200000

2023-10-24 08:21:24 - [TEST_STEP][PASSED] - writeExcel.writeExcel_CrearExpedicionExterna(15, "ARGUMENTOS", "Operativa", codigoPostal): Se va ha escribir en la columna ARGUMENTOS y en la fila 15 el valor: 30001

2023-10-24 08:21:24 - [MESSAGE][INFO] - Se va ha escribir en la columna ARGUMENTOS y en la fila 15 el valor: 30001

2023-10-24 08:21:24 - [TEST_STEP][PASSED] - writeExcel.writeExcel_CrearExpedicionExterna(16, "ARGUMENTOS", "Operativa", numero): Se va ha escribir en la columna ARGUMENTOS y en la fila 16 el valor: 1

2023-10-24 08:21:24 - [MESSAGE][INFO] - Se va ha escribir en la columna ARGUMENTOS y en la fila 16 el valor: 1

2023-10-24 08:21:24 - [TEST_STEP][PASSED] - writeExcel.writeExcel_CrearExpedicionExterna(18, "ARGUMENTOS", "Operativa", numero): Se va ha escribir en la columna ARGUMENTOS y en la fila 18 el valor: 1

2023-10-24 08:21:24 - [MESSAGE][INFO] - Se va ha escribir en la columna ARGUMENTOS y en la fila 18 el valor: 1

2023-10-24 08:21:24 - [TEST_STEP][PASSED] - writeExcel.writeExcel_CrearExpedicionExterna(20, "ARGUMENTOS", "Operativa", tipoImporte): Se va ha escribir en la columna ARGUMENTOS y en la fila 20 el valor: D

2023-10-24 08:21:24 - [MESSAGE][INFO] - Se va ha escribir en la columna ARGUMENTOS y en la fila 20 el valor: D

2023-10-24 08:21:24 - [TEST_STEP][PASSED] - writeExcel.writeExcel_CrearExpedicionExterna(21, "ARGUMENTOS", "Operativa", kilos): Se va ha escribir en la columna ARGUMENTOS y en la fila 21 el valor: 1

2023-10-24 08:21:25 - [MESSAGE][INFO] - Se va ha escribir en la columna ARGUMENTOS y en la fila 21 el valor: 1

2023-10-24 08:21:25 - [TEST_STEP][PASSED] - writeExcel.writeExcel_CrearExpedicionExterna(22, "ARGUMENTOS", "Operativa", bultos): Se va ha escribir en la columna ARGUMENTOS y en la fila 22 el valor: 1

2023-10-24 08:21:25 - [MESSAGE][INFO] - Se va ha escribir en la columna ARGUMENTOS y en la fila 22 el valor: 1

2023-10-24 08:21:25 - [TEST_STEP][PASSED] - writeExcel.writeExcel_CrearExpedicionExterna(23, "ARGUMENTOS", "Operativa", mercancia): Se va ha escribir en la columna ARGUMENTOS y en la fila 23 el valor: 1

2023-10-24 08:21:25 - [MESSAGE][INFO] - Se va ha escribir en la columna ARGUMENTOS y en la fila 23 el valor: 1

2023-10-24 08:21:25 - [TEST_STEP][PASSED] - writeExcel.writeExcel_CrearExpedicionExterna(32, "ARGUMENTOS", "Operativa", remitente): Se va ha escribir en la columna ARGUMENTOS y en la fila 32 el valor: 200000

2023-10-24 08:21:25 - [MESSAGE][INFO] - Se va ha escribir en la columna ARGUMENTOS y en la fila 32 el valor: 200000

2023-10-24 08:21:25 - [TEST_STEP][PASSED] - writeExcel.writeExcel_CrearExpedicionExterna(104, "ARGUMENTOS", "Operativa", remitente): Se va ha escribir en la columna ARGUMENTOS y en la fila 104 el valor: 200000

2023-10-24 08:21:25 - [MESSAGE][INFO] - Se va ha escribir en la columna ARGUMENTOS y en la fila 104 el valor: 200000

2023-10-24 08:21:25 - [TEST_STEP][PASSED] - writeExcel.writeExcel_CrearExpedicionExterna(74, "ARGUMENTOS", "Operativa", IpExterna): Se va ha escribir en la columna ARGUMENTOS y en la fila 74 el valor: 128.1.96.30

2023-10-24 08:21:25 - [MESSAGE][INFO] - Se va ha escribir en la columna ARGUMENTOS y en la fila 74 el valor: 128.1.96.30

2023-10-24 08:21:25 - [TEST_STEP][PASSED] - writeExcel.writeExcel_CrearExpedicionExterna(81, "ARGUMENTOS", "Operativa", franquiciaExterna): Se va ha escribir en la columna ARGUMENTOS y en la fila 81 el valor: 030

2023-10-24 08:21:25 - [MESSAGE][INFO] - Se va ha escribir en la columna ARGUMENTOS y en la fila 81 el valor: 030

2023-10-24 08:21:25 - [TEST_STEP][PASSED] - writeExcel.writeExcel_CrearExpedicionExterna(111, "ARGUMENTOS", "Operativa", IpExterna): Se va ha escribir en la columna ARGUMENTOS y en la fila 111 el valor: 128.1.96.30

2023-10-24 08:21:25 - [MESSAGE][INFO] - Se va ha escribir en la columna ARGUMENTOS y en la fila 111 el valor: 128.1.96.30

2023-10-24 08:21:25 - [TEST_STEP][PASSED] - writeExcel.writeExcel_CrearExpedicionExterna(119, "ARGUMENTOS", "Operativa", franquiciaExterna): Se va ha escribir en la columna ARGUMENTOS y en la fila 119 el valor: 030

2023-10-24 08:21:25 - [MESSAGE][INFO] - Se va ha escribir en la columna ARGUMENTOS y en la fila 119 el valor: 030

2023-10-24 08:21:25 - [TEST_STEP][PASSED] - writeExcel.writeExcel_CrearExpedicionExterna(149, "ARGUMENTOS", "Operativa", IpExterna): Se va ha escribir en la columna ARGUMENTOS y en la fila 149 el valor: 128.1.96.30

2023-10-24 08:21:25 - [MESSAGE][INFO] - Se va ha escribir en la columna ARGUMENTOS y en la fila 149 el valor: 128.1.96.30

2023-10-24 08:21:25 - [TEST_STEP][PASSED] - writeExcel.writeExcel_CrearExpedicionExterna(157, "ARGUMENTOS", "Operativa", franquiciaExterna): Se va ha escribir en la columna ARGUMENTOS y en la fila 157 el valor: 030

2023-10-24 08:21:25 - [MESSAGE][INFO] - Se va ha escribir en la columna ARGUMENTOS y en la fila 157 el valor: 030

2023-10-24 08:21:25 - [TEST_STEP][PASSED] - writeExcel.writeExcel_CrearExpedicionExterna(189, "ARGUMENTOS", "Operativa", IpExterna): Se va ha escribir en la columna ARGUMENTOS y en la fila 189 el valor: 128.1.96.30

2023-10-24 08:21:25 - [MESSAGE][INFO] - Se va ha escribir en la columna ARGUMENTOS y en la fila 189 el valor: 128.1.96.30

2023-10-24 08:21:25 - [TEST_STEP][PASSED] - writeExcel.writeExcel_CrearExpedicionExterna(197, "ARGUMENTOS", "Operativa", franquiciaExterna): Se va ha escribir en la columna ARGUMENTOS y en la fila 197 el valor: 030

2023-10-24 08:21:25 - [MESSAGE][INFO] - Se va ha escribir en la columna ARGUMENTOS y en la fila 197 el valor: 030

2023-10-24 08:21:25 - [TEST_STEP][PASSED] - log.loggerInfo("Se ha escrito correctamente en el excel los nuevos datos"): null

2023-10-24 08:21:25 - [TEST_STEP][PASSED] - rowDatosExcel = findTestData("Data Files/GTI - Crear Expedicion Externa"): null

2023-10-24 08:21:25 - [TEST_STEP][PASSED] - log.loggerInfo(">>>>>>>>>>>>>>>>>>>>>>>> fila Inicio = %s", filaInicio): null

2023-10-24 08:21:25 - [TEST_STEP][PASSED] - filasTotales = HostUtils.totalNumberOfIterations(rowDatosExcel, filaInicio): null

2023-10-24 08:21:25 - [TEST_STEP][PASSED] - log.loggerInfo(">>>>>>>>>>>>>>>>>>>>>>> filas totales = %s", filasTotales): null

2023-10-24 08:21:25 - [TEST_STEP][PASSED] - Script1676556991125.prv_crearExpedicion(filaHostRun, filaInicio, filasTotales, rowDatosExcel, log): null

2023-10-24 08:21:25 - [TEST_STEP][PASSED] - filaInicio = <not implemented yet for class: org.codehaus.groovy.ast.expr.EmptyExpression>: null

2023-10-24 08:21:25 - [TEST_STEP][PASSED] - filaInicio = numFilas: null

2023-10-24 08:21:25 - [TEST_STEP][PASSED] - try: null

2023-10-24 08:21:25 - [TEST_STEP][PASSED] - while (filaInicio <= filasTotales): null

2023-10-24 08:21:25 - [TEST_STEP][PASSED] - findTestData("Data Files/ConnectionHost"): null

2023-10-24 08:21:25 - [TEST_STEP][PASSED] - rowDatosExcel = findTestData("Data Files/GTI - Crear Expedicion Externa"): null

2023-10-24 08:21:26 - [TEST_STEP][PASSED] - Script1676556991125.prv_getPantalla(filaInicio, filaHostRun, rowDatosExcel, log): null

2023-10-24 08:21:26 - [TEST_STEP][PASSED] - fieldPantalla = <not implemented yet for class: org.codehaus.groovy.ast.expr.EmptyExpression>: null

2023-10-24 08:21:26 - [TEST_STEP][PASSED] - mapeo = <not implemented yet for class: org.codehaus.groovy.ast.expr.EmptyExpression>: null

2023-10-24 08:21:26 - [TEST_STEP][PASSED] - mapeo = new java.util.HashMap(): null

2023-10-24 08:21:26 - [TEST_STEP][PASSED] - mapeo = HostUtils.getDataExcel(datosExcel, numeroFila): null

2023-10-24 08:21:26 - [TEST_STEP][PASSED] - fieldPantalla = mapeo.get("Pantalla"): null

2023-10-24 08:21:26 - [TEST_STEP][PASSED] - switch (fieldPantalla): null

2023-10-24 08:21:26 - [TEST_STEP][PASSED] - Default: null

2023-10-24 08:21:26 - [TEST_STEP][PASSED] - Script1676556991125.prv_basicOperation(mapeo, log): null

2023-10-24 08:21:26 - [TEST_STEP][PASSED] - valueHost = <not implemented yet for class: org.codehaus.groovy.ast.expr.EmptyExpression>: null

2023-10-24 08:21:26 - [TEST_STEP][PASSED] - try: null

2023-10-24 08:21:26 - [TEST_STEP][PASSED] - valueHost = HostUtils.operacionPantallaHost(mapeo, log): null

2023-10-24 08:21:29 - [TEST_STEP][PASSED] - return valueHost.trim(): null

2023-10-24 08:21:29 - [TEST_STEP][PASSED] - (filaInicio++): null

2023-10-24 08:21:29 - [TEST_STEP][PASSED] - findTestData("Data Files/ConnectionHost"): null

2023-10-24 08:21:29 - [TEST_STEP][PASSED] - rowDatosExcel = findTestData("Data Files/GTI - Crear Expedicion Externa"): null

2023-10-24 08:21:29 - [TEST_STEP][PASSED] - Script1676556991125.prv_getPantalla(filaInicio, filaHostRun, rowDatosExcel, log): null

2023-10-24 08:21:29 - [TEST_STEP][PASSED] - fieldPantalla = <not implemented yet for class: org.codehaus.groovy.ast.expr.EmptyExpression>: null

2023-10-24 08:21:29 - [TEST_STEP][PASSED] - mapeo = <not implemented yet for class: org.codehaus.groovy.ast.expr.EmptyExpression>: null

2023-10-24 08:21:29 - [TEST_STEP][PASSED] - mapeo = new java.util.HashMap(): null

2023-10-24 08:21:29 - [TEST_STEP][PASSED] - mapeo = HostUtils.getDataExcel(datosExcel, numeroFila): null

2023-10-24 08:21:29 - [TEST_STEP][PASSED] - fieldPantalla = mapeo.get("Pantalla"): null

2023-10-24 08:21:29 - [TEST_STEP][PASSED] - switch (fieldPantalla): null

2023-10-24 08:21:29 - [TEST_STEP][PASSED] - Default: null

2023-10-24 08:21:29 - [TEST_STEP][PASSED] - Script1676556991125.prv_basicOperation(mapeo, log): null

2023-10-24 08:21:29 - [TEST_STEP][PASSED] - valueHost = <not implemented yet for class: org.codehaus.groovy.ast.expr.EmptyExpression>: null

2023-10-24 08:21:29 - [TEST_STEP][PASSED] - try: null

2023-10-24 08:21:29 - [TEST_STEP][PASSED] - valueHost = HostUtils.operacionPantallaHost(mapeo, log): null

2023-10-24 08:21:34 - [TEST_STEP][PASSED] - return valueHost.trim(): null

2023-10-24 08:21:34 - [TEST_STEP][PASSED] - (filaInicio++): null

2023-10-24 08:21:34 - [TEST_STEP][PASSED] - findTestData("Data Files/ConnectionHost"): null

2023-10-24 08:21:34 - [TEST_STEP][PASSED] - rowDatosExcel = findTestData("Data Files/GTI - Crear Expedicion Externa"): null

2023-10-24 08:21:34 - [TEST_STEP][PASSED] - Script1676556991125.prv_getPantalla(filaInicio, filaHostRun, rowDatosExcel, log): null

2023-10-24 08:21:34 - [TEST_STEP][PASSED] - fieldPantalla = <not implemented yet for class: org.codehaus.groovy.ast.expr.EmptyExpression>: null

2023-10-24 08:21:34 - [TEST_STEP][PASSED] - mapeo = <not implemented yet for class: org.codehaus.groovy.ast.expr.EmptyExpression>: null

2023-10-24 08:21:34 - [TEST_STEP][PASSED] - mapeo = new java.util.HashMap(): null

2023-10-24 08:21:34 - [TEST_STEP][PASSED] - mapeo = HostUtils.getDataExcel(datosExcel, numeroFila): null

2023-10-24 08:21:34 - [TEST_STEP][PASSED] - fieldPantalla = mapeo.get("Pantalla"): null

2023-10-24 08:21:34 - [TEST_STEP][PASSED] - switch (fieldPantalla): null

2023-10-24 08:21:34 - [TEST_STEP][PASSED] - Default: null

2023-10-24 08:21:34 - [TEST_STEP][PASSED] - Script1676556991125.prv_basicOperation(mapeo, log): null

2023-10-24 08:21:34 - [TEST_STEP][PASSED] - valueHost = <not implemented yet for class: org.codehaus.groovy.ast.expr.EmptyExpression>: null

2023-10-24 08:21:34 - [TEST_STEP][PASSED] - try: null

2023-10-24 08:21:34 - [TEST_STEP][PASSED] - valueHost = HostUtils.operacionPantallaHost(mapeo, log): null

2023-10-24 08:21:38 - [TEST_STEP][PASSED] - return valueHost.trim(): null

2023-10-24 08:21:38 - [TEST_STEP][PASSED] - (filaInicio++): null

2023-10-24 08:21:38 - [TEST_STEP][PASSED] - findTestData("Data Files/ConnectionHost"): null

2023-10-24 08:21:38 - [TEST_STEP][PASSED] - rowDatosExcel = findTestData("Data Files/GTI - Crear Expedicion Externa"): null

2023-10-24 08:21:38 - [TEST_STEP][PASSED] - Script1676556991125.prv_getPantalla(filaInicio, filaHostRun, rowDatosExcel, log): null

2023-10-24 08:21:38 - [TEST_STEP][PASSED] - fieldPantalla = <not implemented yet for class: org.codehaus.groovy.ast.expr.EmptyExpression>: null

2023-10-24 08:21:38 - [TEST_STEP][PASSED] - mapeo = <not implemented yet for class: org.codehaus.groovy.ast.expr.EmptyExpression>: null

2023-10-24 08:21:38 - [TEST_STEP][PASSED] - mapeo = new java.util.HashMap(): null

2023-10-24 08:21:38 - [TEST_STEP][PASSED] - mapeo = HostUtils.getDataExcel(datosExcel, numeroFila): null

2023-10-24 08:21:38 - [TEST_STEP][PASSED] - fieldPantalla = mapeo.get("Pantalla"): null

2023-10-24 08:21:38 - [TEST_STEP][PASSED] - switch (fieldPantalla): null

2023-10-24 08:21:38 - [TEST_STEP][PASSED] - Default: null

2023-10-24 08:21:38 - [TEST_STEP][PASSED] - Script1676556991125.prv_basicOperation(mapeo, log): null

2023-10-24 08:21:38 - [TEST_STEP][PASSED] - valueHost = <not implemented yet for class: org.codehaus.groovy.ast.expr.EmptyExpression>: null

2023-10-24 08:21:38 - [TEST_STEP][PASSED] - try: null

2023-10-24 08:21:38 - [TEST_STEP][PASSED] - valueHost = HostUtils.operacionPantallaHost(mapeo, log): null

2023-10-24 08:21:42 - [TEST_STEP][PASSED] - return valueHost.trim(): null

2023-10-24 08:21:42 - [TEST_STEP][PASSED] - (filaInicio++): null

2023-10-24 08:21:42 - [TEST_STEP][PASSED] - findTestData("Data Files/ConnectionHost"): null

2023-10-24 08:21:42 - [TEST_STEP][PASSED] - rowDatosExcel = findTestData("Data Files/GTI - Crear Expedicion Externa"): null

2023-10-24 08:21:42 - [TEST_STEP][PASSED] - Script1676556991125.prv_getPantalla(filaInicio, filaHostRun, rowDatosExcel, log): null

2023-10-24 08:21:42 - [TEST_STEP][PASSED] - fieldPantalla = <not implemented yet for class: org.codehaus.groovy.ast.expr.EmptyExpression>: null

2023-10-24 08:21:42 - [TEST_STEP][PASSED] - mapeo = <not implemented yet for class: org.codehaus.groovy.ast.expr.EmptyExpression>: null

2023-10-24 08:21:42 - [TEST_STEP][PASSED] - mapeo = new java.util.HashMap(): null

2023-10-24 08:21:42 - [TEST_STEP][PASSED] - mapeo = HostUtils.getDataExcel(datosExcel, numeroFila): null

2023-10-24 08:21:42 - [TEST_STEP][PASSED] - fieldPantalla = mapeo.get("Pantalla"): null

2023-10-24 08:21:42 - [TEST_STEP][PASSED] - switch (fieldPantalla): null

2023-10-24 08:21:42 - [TEST_STEP][PASSED] - Default: null

2023-10-24 08:21:42 - [TEST_STEP][PASSED] - Script1676556991125.prv_basicOperation(mapeo, log): null

2023-10-24 08:21:42 - [TEST_STEP][PASSED] - valueHost = <not implemented yet for class: org.codehaus.groovy.ast.expr.EmptyExpression>: null

2023-10-24 08:21:42 - [TEST_STEP][PASSED] - try: null

2023-10-24 08:21:42 - [TEST_STEP][PASSED] - valueHost = HostUtils.operacionPantallaHost(mapeo, log): null

2023-10-24 08:21:47 - [TEST_STEP][PASSED] - return valueHost.trim(): null

2023-10-24 08:21:47 - [TEST_STEP][PASSED] - (filaInicio++): null

2023-10-24 08:21:47 - [TEST_STEP][PASSED] - findTestData("Data Files/ConnectionHost"): null

2023-10-24 08:21:47 - [TEST_STEP][PASSED] - rowDatosExcel = findTestData("Data Files/GTI - Crear Expedicion Externa"): null

2023-10-24 08:21:47 - [TEST_STEP][PASSED] - Script1676556991125.prv_getPantalla(filaInicio, filaHostRun, rowDatosExcel, log): null

2023-10-24 08:21:47 - [TEST_STEP][PASSED] - fieldPantalla = <not implemented yet for class: org.codehaus.groovy.ast.expr.EmptyExpression>: null

2023-10-24 08:21:47 - [TEST_STEP][PASSED] - mapeo = <not implemented yet for class: org.codehaus.groovy.ast.expr.EmptyExpression>: null

2023-10-24 08:21:47 - [TEST_STEP][PASSED] - mapeo = new java.util.HashMap(): null

2023-10-24 08:21:47 - [TEST_STEP][PASSED] - mapeo = HostUtils.getDataExcel(datosExcel, numeroFila): null

2023-10-24 08:21:47 - [TEST_STEP][PASSED] - fieldPantalla = mapeo.get("Pantalla"): null

2023-10-24 08:21:47 - [TEST_STEP][PASSED] - switch (fieldPantalla): null

2023-10-24 08:21:47 - [TEST_STEP][PASSED] - Default: null

2023-10-24 08:21:47 - [TEST_STEP][PASSED] - Script1676556991125.prv_basicOperation(mapeo, log): null

2023-10-24 08:21:47 - [TEST_STEP][PASSED] - valueHost = <not implemented yet for class: org.codehaus.groovy.ast.expr.EmptyExpression>: null

2023-10-24 08:21:47 - [TEST_STEP][PASSED] - try: null

2023-10-24 08:21:47 - [TEST_STEP][PASSED] - valueHost = HostUtils.operacionPantallaHost(mapeo, log): null

2023-10-24 08:21:51 - [TEST_STEP][PASSED] - return valueHost.trim(): null

2023-10-24 08:21:51 - [TEST_STEP][PASSED] - (filaInicio++): null

2023-10-24 08:21:51 - [TEST_STEP][PASSED] - findTestData("Data Files/ConnectionHost"): null

2023-10-24 08:21:51 - [TEST_STEP][PASSED] - rowDatosExcel = findTestData("Data Files/GTI - Crear Expedicion Externa"): null

2023-10-24 08:21:51 - [TEST_STEP][PASSED] - Script1676556991125.prv_getPantalla(filaInicio, filaHostRun, rowDatosExcel, log): null

2023-10-24 08:21:51 - [TEST_STEP][PASSED] - fieldPantalla = <not implemented yet for class: org.codehaus.groovy.ast.expr.EmptyExpression>: null

2023-10-24 08:21:51 - [TEST_STEP][PASSED] - mapeo = <not implemented yet for class: org.codehaus.groovy.ast.expr.EmptyExpression>: null

2023-10-24 08:21:51 - [TEST_STEP][PASSED] - mapeo = new java.util.HashMap(): null

2023-10-24 08:21:51 - [TEST_STEP][PASSED] - mapeo = HostUtils.getDataExcel(datosExcel, numeroFila): null

2023-10-24 08:21:51 - [TEST_STEP][PASSED] - fieldPantalla = mapeo.get("Pantalla"): null

2023-10-24 08:21:51 - [TEST_STEP][PASSED] - switch (fieldPantalla): null

2023-10-24 08:21:51 - [TEST_STEP][PASSED] - Default: null

2023-10-24 08:21:51 - [TEST_STEP][PASSED] - Script1676556991125.prv_basicOperation(mapeo, log): null

2023-10-24 08:21:51 - [TEST_STEP][PASSED] - valueHost = <not implemented yet for class: org.codehaus.groovy.ast.expr.EmptyExpression>: null

2023-10-24 08:21:51 - [TEST_STEP][PASSED] - try: null

2023-10-24 08:21:51 - [TEST_STEP][PASSED] - valueHost = HostUtils.operacionPantallaHost(mapeo, log): null

2023-10-24 08:21:55 - [TEST_STEP][PASSED] - return valueHost.trim(): null

2023-10-24 08:21:55 - [TEST_STEP][PASSED] - (filaInicio++): null

2023-10-24 08:21:55 - [TEST_STEP][PASSED] - findTestData("Data Files/ConnectionHost"): null

2023-10-24 08:21:55 - [TEST_STEP][PASSED] - rowDatosExcel = findTestData("Data Files/GTI - Crear Expedicion Externa"): null

2023-10-24 08:21:55 - [TEST_STEP][PASSED] - Script1676556991125.prv_getPantalla(filaInicio, filaHostRun, rowDatosExcel, log): null

2023-10-24 08:21:55 - [TEST_STEP][PASSED] - fieldPantalla = <not implemented yet for class: org.codehaus.groovy.ast.expr.EmptyExpression>: null

2023-10-24 08:21:55 - [TEST_STEP][PASSED] - mapeo = <not implemented yet for class: org.codehaus.groovy.ast.expr.EmptyExpression>: null

2023-10-24 08:21:55 - [TEST_STEP][PASSED] - mapeo = new java.util.HashMap(): null

2023-10-24 08:21:55 - [TEST_STEP][PASSED] - mapeo = HostUtils.getDataExcel(datosExcel, numeroFila): null

2023-10-24 08:21:55 - [TEST_STEP][PASSED] - fieldPantalla = mapeo.get("Pantalla"): null

2023-10-24 08:21:55 - [TEST_STEP][PASSED] - switch (fieldPantalla): null

2023-10-24 08:21:55 - [TEST_STEP][PASSED] - Default: null

2023-10-24 08:21:55 - [TEST_STEP][PASSED] - Script1676556991125.prv_basicOperation(mapeo, log): null

2023-10-24 08:21:55 - [TEST_STEP][PASSED] - valueHost = <not implemented yet for class: org.codehaus.groovy.ast.expr.EmptyExpression>: null

2023-10-24 08:21:55 - [TEST_STEP][PASSED] - try: null

2023-10-24 08:21:55 - [TEST_STEP][PASSED] - valueHost = HostUtils.operacionPantallaHost(mapeo, log): null

2023-10-24 08:21:59 - [TEST_STEP][PASSED] - return valueHost.trim(): null

2023-10-24 08:21:59 - [TEST_STEP][PASSED] - (filaInicio++): null

2023-10-24 08:21:59 - [TEST_STEP][PASSED] - findTestData("Data Files/ConnectionHost"): null

2023-10-24 08:21:59 - [TEST_STEP][PASSED] - rowDatosExcel = findTestData("Data Files/GTI - Crear Expedicion Externa"): null

2023-10-24 08:21:59 - [TEST_STEP][PASSED] - Script1676556991125.prv_getPantalla(filaInicio, filaHostRun, rowDatosExcel, log): null

2023-10-24 08:21:59 - [TEST_STEP][PASSED] - fieldPantalla = <not implemented yet for class: org.codehaus.groovy.ast.expr.EmptyExpression>: null

2023-10-24 08:21:59 - [TEST_STEP][PASSED] - mapeo = <not implemented yet for class: org.codehaus.groovy.ast.expr.EmptyExpression>: null

2023-10-24 08:21:59 - [TEST_STEP][PASSED] - mapeo = new java.util.HashMap(): null

2023-10-24 08:21:59 - [TEST_STEP][PASSED] - mapeo = HostUtils.getDataExcel(datosExcel, numeroFila): null

2023-10-24 08:21:59 - [TEST_STEP][PASSED] - fieldPantalla = mapeo.get("Pantalla"): null

2023-10-24 08:21:59 - [TEST_STEP][PASSED] - switch (fieldPantalla): null

2023-10-24 08:21:59 - [TEST_STEP][PASSED] - Default: null

2023-10-24 08:21:59 - [TEST_STEP][PASSED] - Script1676556991125.prv_basicOperation(mapeo, log): null

2023-10-24 08:21:59 - [TEST_STEP][PASSED] - valueHost = <not implemented yet for class: org.codehaus.groovy.ast.expr.EmptyExpression>: null

2023-10-24 08:21:59 - [TEST_STEP][PASSED] - try: null

2023-10-24 08:21:59 - [TEST_STEP][PASSED] - valueHost = HostUtils.operacionPantallaHost(mapeo, log): null

2023-10-24 08:22:03 - [TEST_STEP][PASSED] - return valueHost.trim(): null

2023-10-24 08:22:03 - [TEST_STEP][PASSED] - (filaInicio++): null

2023-10-24 08:22:03 - [TEST_STEP][PASSED] - findTestData("Data Files/ConnectionHost"): null

2023-10-24 08:22:03 - [TEST_STEP][PASSED] - rowDatosExcel = findTestData("Data Files/GTI - Crear Expedicion Externa"): null

2023-10-24 08:22:03 - [TEST_STEP][PASSED] - Script1676556991125.prv_getPantalla(filaInicio, filaHostRun, rowDatosExcel, log): null

2023-10-24 08:22:03 - [TEST_STEP][PASSED] - fieldPantalla = <not implemented yet for class: org.codehaus.groovy.ast.expr.EmptyExpression>: null

2023-10-24 08:22:03 - [TEST_STEP][PASSED] - mapeo = <not implemented yet for class: org.codehaus.groovy.ast.expr.EmptyExpression>: null

2023-10-24 08:22:03 - [TEST_STEP][PASSED] - mapeo = new java.util.HashMap(): null

2023-10-24 08:22:03 - [TEST_STEP][PASSED] - mapeo = HostUtils.getDataExcel(datosExcel, numeroFila): null

2023-10-24 08:22:03 - [TEST_STEP][PASSED] - fieldPantalla = mapeo.get("Pantalla"): null

2023-10-24 08:22:03 - [TEST_STEP][PASSED] - switch (fieldPantalla): null

2023-10-24 08:22:03 - [TEST_STEP][PASSED] - Default: null

2023-10-24 08:22:03 - [TEST_STEP][PASSED] - Script1676556991125.prv_basicOperation(mapeo, log): null

2023-10-24 08:22:03 - [TEST_STEP][PASSED] - valueHost = <not implemented yet for class: org.codehaus.groovy.ast.expr.EmptyExpression>: null

2023-10-24 08:22:03 - [TEST_STEP][PASSED] - try: null

2023-10-24 08:22:03 - [TEST_STEP][PASSED] - valueHost = HostUtils.operacionPantallaHost(mapeo, log): null

2023-10-24 08:22:06 - [TEST_STEP][PASSED] - return valueHost.trim(): null

2023-10-24 08:22:06 - [TEST_STEP][PASSED] - (filaInicio++): null

2023-10-24 08:22:06 - [TEST_STEP][PASSED] - findTestData("Data Files/ConnectionHost"): null

2023-10-24 08:22:06 - [TEST_STEP][PASSED] - rowDatosExcel = findTestData("Data Files/GTI - Crear Expedicion Externa"): null

2023-10-24 08:22:06 - [TEST_STEP][PASSED] - Script1676556991125.prv_getPantalla(filaInicio, filaHostRun, rowDatosExcel, log): null

2023-10-24 08:22:06 - [TEST_STEP][PASSED] - fieldPantalla = <not implemented yet for class: org.codehaus.groovy.ast.expr.EmptyExpression>: null

2023-10-24 08:22:06 - [TEST_STEP][PASSED] - mapeo = <not implemented yet for class: org.codehaus.groovy.ast.expr.EmptyExpression>: null

2023-10-24 08:22:06 - [TEST_STEP][PASSED] - mapeo = new java.util.HashMap(): null

2023-10-24 08:22:06 - [TEST_STEP][PASSED] - mapeo = HostUtils.getDataExcel(datosExcel, numeroFila): null

2023-10-24 08:22:06 - [TEST_STEP][PASSED] - fieldPantalla = mapeo.get("Pantalla"): null

2023-10-24 08:22:06 - [TEST_STEP][PASSED] - switch (fieldPantalla): null

2023-10-24 08:22:06 - [TEST_STEP][PASSED] - Default: null

2023-10-24 08:22:06 - [TEST_STEP][PASSED] - Script1676556991125.prv_basicOperation(mapeo, log): null

2023-10-24 08:22:06 - [TEST_STEP][PASSED] - valueHost = <not implemented yet for class: org.codehaus.groovy.ast.expr.EmptyExpression>: null

2023-10-24 08:22:06 - [TEST_STEP][PASSED] - try: null

2023-10-24 08:22:06 - [TEST_STEP][PASSED] - valueHost = HostUtils.operacionPantallaHost(mapeo, log): null

2023-10-24 08:22:10 - [TEST_STEP][PASSED] - return valueHost.trim(): null

2023-10-24 08:22:10 - [TEST_STEP][PASSED] - (filaInicio++): null

2023-10-24 08:22:10 - [TEST_STEP][PASSED] - findTestData("Data Files/ConnectionHost"): null

2023-10-24 08:22:10 - [TEST_STEP][PASSED] - rowDatosExcel = findTestData("Data Files/GTI - Crear Expedicion Externa"): null

2023-10-24 08:22:10 - [TEST_STEP][PASSED] - Script1676556991125.prv_getPantalla(filaInicio, filaHostRun, rowDatosExcel, log): null

2023-10-24 08:22:10 - [TEST_STEP][PASSED] - fieldPantalla = <not implemented yet for class: org.codehaus.groovy.ast.expr.EmptyExpression>: null

2023-10-24 08:22:10 - [TEST_STEP][PASSED] - mapeo = <not implemented yet for class: org.codehaus.groovy.ast.expr.EmptyExpression>: null

2023-10-24 08:22:10 - [TEST_STEP][PASSED] - mapeo = new java.util.HashMap(): null

2023-10-24 08:22:10 - [TEST_STEP][PASSED] - mapeo = HostUtils.getDataExcel(datosExcel, numeroFila): null

2023-10-24 08:22:10 - [TEST_STEP][PASSED] - fieldPantalla = mapeo.get("Pantalla"): null

2023-10-24 08:22:10 - [TEST_STEP][PASSED] - switch (fieldPantalla): null

2023-10-24 08:22:10 - [TEST_STEP][PASSED] - Default: null

2023-10-24 08:22:10 - [TEST_STEP][PASSED] - Script1676556991125.prv_basicOperation(mapeo, log): null

2023-10-24 08:22:10 - [TEST_STEP][PASSED] - valueHost = <not implemented yet for class: org.codehaus.groovy.ast.expr.EmptyExpression>: null

2023-10-24 08:22:10 - [TEST_STEP][PASSED] - try: null

2023-10-24 08:22:10 - [TEST_STEP][PASSED] - valueHost = HostUtils.operacionPantallaHost(mapeo, log): null

2023-10-24 08:22:13 - [TEST_STEP][PASSED] - return valueHost.trim(): null

2023-10-24 08:22:13 - [TEST_STEP][PASSED] - (filaInicio++): null

2023-10-24 08:22:13 - [TEST_STEP][PASSED] - findTestData("Data Files/ConnectionHost"): null

2023-10-24 08:22:13 - [TEST_STEP][PASSED] - rowDatosExcel = findTestData("Data Files/GTI - Crear Expedicion Externa"): null

2023-10-24 08:22:13 - [TEST_STEP][PASSED] - Script1676556991125.prv_getPantalla(filaInicio, filaHostRun, rowDatosExcel, log): null

2023-10-24 08:22:13 - [TEST_STEP][PASSED] - fieldPantalla = <not implemented yet for class: org.codehaus.groovy.ast.expr.EmptyExpression>: null

2023-10-24 08:22:13 - [TEST_STEP][PASSED] - mapeo = <not implemented yet for class: org.codehaus.groovy.ast.expr.EmptyExpression>: null

2023-10-24 08:22:13 - [TEST_STEP][PASSED] - mapeo = new java.util.HashMap(): null

2023-10-24 08:22:13 - [TEST_STEP][PASSED] - mapeo = HostUtils.getDataExcel(datosExcel, numeroFila): null

2023-10-24 08:22:13 - [TEST_STEP][PASSED] - fieldPantalla = mapeo.get("Pantalla"): null

2023-10-24 08:22:13 - [TEST_STEP][PASSED] - switch (fieldPantalla): null

2023-10-24 08:22:13 - [TEST_STEP][PASSED] - Default: null

2023-10-24 08:22:13 - [TEST_STEP][PASSED] - Script1676556991125.prv_basicOperation(mapeo, log): null

2023-10-24 08:22:13 - [TEST_STEP][PASSED] - valueHost = <not implemented yet for class: org.codehaus.groovy.ast.expr.EmptyExpression>: null

2023-10-24 08:22:13 - [TEST_STEP][PASSED] - try: null

2023-10-24 08:22:13 - [TEST_STEP][PASSED] - valueHost = HostUtils.operacionPantallaHost(mapeo, log): null

2023-10-24 08:22:18 - [TEST_STEP][PASSED] - return valueHost.trim(): null

2023-10-24 08:22:18 - [TEST_STEP][PASSED] - (filaInicio++): null

2023-10-24 08:22:18 - [TEST_STEP][PASSED] - findTestData("Data Files/ConnectionHost"): null

2023-10-24 08:22:18 - [TEST_STEP][PASSED] - rowDatosExcel = findTestData("Data Files/GTI - Crear Expedicion Externa"): null

2023-10-24 08:22:18 - [TEST_STEP][PASSED] - Script1676556991125.prv_getPantalla(filaInicio, filaHostRun, rowDatosExcel, log): null

2023-10-24 08:22:18 - [TEST_STEP][PASSED] - fieldPantalla = <not implemented yet for class: org.codehaus.groovy.ast.expr.EmptyExpression>: null

2023-10-24 08:22:18 - [TEST_STEP][PASSED] - mapeo = <not implemented yet for class: org.codehaus.groovy.ast.expr.EmptyExpression>: null

2023-10-24 08:22:18 - [TEST_STEP][PASSED] - mapeo = new java.util.HashMap(): null

2023-10-24 08:22:18 - [TEST_STEP][PASSED] - mapeo = HostUtils.getDataExcel(datosExcel, numeroFila): null

2023-10-24 08:22:18 - [TEST_STEP][PASSED] - fieldPantalla = mapeo.get("Pantalla"): null

2023-10-24 08:22:18 - [TEST_STEP][PASSED] - switch (fieldPantalla): null

2023-10-24 08:22:18 - [TEST_STEP][PASSED] - Default: null

2023-10-24 08:22:18 - [TEST_STEP][PASSED] - Script1676556991125.prv_basicOperation(mapeo, log): null

2023-10-24 08:22:18 - [TEST_STEP][PASSED] - valueHost = <not implemented yet for class: org.codehaus.groovy.ast.expr.EmptyExpression>: null

2023-10-24 08:22:18 - [TEST_STEP][PASSED] - try: null

2023-10-24 08:22:18 - [TEST_STEP][PASSED] - valueHost = HostUtils.operacionPantallaHost(mapeo, log): null

2023-10-24 08:22:21 - [TEST_STEP][PASSED] - return valueHost.trim(): null

2023-10-24 08:22:21 - [TEST_STEP][PASSED] - (filaInicio++): null

2023-10-24 08:22:21 - [TEST_STEP][PASSED] - findTestData("Data Files/ConnectionHost"): null

2023-10-24 08:22:21 - [TEST_STEP][PASSED] - rowDatosExcel = findTestData("Data Files/GTI - Crear Expedicion Externa"): null

2023-10-24 08:22:21 - [TEST_STEP][PASSED] - Script1676556991125.prv_getPantalla(filaInicio, filaHostRun, rowDatosExcel, log): null

2023-10-24 08:22:21 - [TEST_STEP][PASSED] - fieldPantalla = <not implemented yet for class: org.codehaus.groovy.ast.expr.EmptyExpression>: null

2023-10-24 08:22:21 - [TEST_STEP][PASSED] - mapeo = <not implemented yet for class: org.codehaus.groovy.ast.expr.EmptyExpression>: null

2023-10-24 08:22:21 - [TEST_STEP][PASSED] - mapeo = new java.util.HashMap(): null

2023-10-24 08:22:21 - [TEST_STEP][PASSED] - mapeo = HostUtils.getDataExcel(datosExcel, numeroFila): null

2023-10-24 08:22:21 - [TEST_STEP][PASSED] - fieldPantalla = mapeo.get("Pantalla"): null

2023-10-24 08:22:21 - [TEST_STEP][PASSED] - switch (fieldPantalla): null

2023-10-24 08:22:21 - [TEST_STEP][PASSED] - Default: null

2023-10-24 08:22:21 - [TEST_STEP][PASSED] - Script1676556991125.prv_basicOperation(mapeo, log): null

2023-10-24 08:22:21 - [TEST_STEP][PASSED] - valueHost = <not implemented yet for class: org.codehaus.groovy.ast.expr.EmptyExpression>: null

2023-10-24 08:22:21 - [TEST_STEP][PASSED] - try: null

2023-10-24 08:22:21 - [TEST_STEP][PASSED] - valueHost = HostUtils.operacionPantallaHost(mapeo, log): null

2023-10-24 08:22:26 - [TEST_STEP][PASSED] - return valueHost.trim(): null

2023-10-24 08:22:26 - [TEST_STEP][PASSED] - (filaInicio++): null

2023-10-24 08:22:26 - [TEST_STEP][PASSED] - findTestData("Data Files/ConnectionHost"): null

2023-10-24 08:22:26 - [TEST_STEP][PASSED] - rowDatosExcel = findTestData("Data Files/GTI - Crear Expedicion Externa"): null

2023-10-24 08:22:26 - [TEST_STEP][PASSED] - Script1676556991125.prv_getPantalla(filaInicio, filaHostRun, rowDatosExcel, log): null

2023-10-24 08:22:26 - [TEST_STEP][PASSED] - fieldPantalla = <not implemented yet for class: org.codehaus.groovy.ast.expr.EmptyExpression>: null

2023-10-24 08:22:26 - [TEST_STEP][PASSED] - mapeo = <not implemented yet for class: org.codehaus.groovy.ast.expr.EmptyExpression>: null

2023-10-24 08:22:26 - [TEST_STEP][PASSED] - mapeo = new java.util.HashMap(): null

2023-10-24 08:22:26 - [TEST_STEP][PASSED] - mapeo = HostUtils.getDataExcel(datosExcel, numeroFila): null

2023-10-24 08:22:26 - [TEST_STEP][PASSED] - fieldPantalla = mapeo.get("Pantalla"): null

2023-10-24 08:22:26 - [TEST_STEP][PASSED] - switch (fieldPantalla): null

2023-10-24 08:22:26 - [TEST_STEP][PASSED] - Default: null

2023-10-24 08:22:26 - [TEST_STEP][PASSED] - Script1676556991125.prv_basicOperation(mapeo, log): null

2023-10-24 08:22:26 - [TEST_STEP][PASSED] - valueHost = <not implemented yet for class: org.codehaus.groovy.ast.expr.EmptyExpression>: null

2023-10-24 08:22:26 - [TEST_STEP][PASSED] - try: null

2023-10-24 08:22:26 - [TEST_STEP][PASSED] - valueHost = HostUtils.operacionPantallaHost(mapeo, log): null

2023-10-24 08:22:30 - [TEST_STEP][PASSED] - return valueHost.trim(): null

2023-10-24 08:22:30 - [TEST_STEP][PASSED] - (filaInicio++): null

2023-10-24 08:22:30 - [TEST_STEP][PASSED] - findTestData("Data Files/ConnectionHost"): null

2023-10-24 08:22:30 - [TEST_STEP][PASSED] - rowDatosExcel = findTestData("Data Files/GTI - Crear Expedicion Externa"): null

2023-10-24 08:22:30 - [TEST_STEP][PASSED] - Script1676556991125.prv_getPantalla(filaInicio, filaHostRun, rowDatosExcel, log): null

2023-10-24 08:22:30 - [TEST_STEP][PASSED] - fieldPantalla = <not implemented yet for class: org.codehaus.groovy.ast.expr.EmptyExpression>: null

2023-10-24 08:22:30 - [TEST_STEP][PASSED] - mapeo = <not implemented yet for class: org.codehaus.groovy.ast.expr.EmptyExpression>: null

2023-10-24 08:22:30 - [TEST_STEP][PASSED] - mapeo = new java.util.HashMap(): null

2023-10-24 08:22:30 - [TEST_STEP][PASSED] - mapeo = HostUtils.getDataExcel(datosExcel, numeroFila): null

2023-10-24 08:22:30 - [TEST_STEP][PASSED] - fieldPantalla = mapeo.get("Pantalla"): null

2023-10-24 08:22:30 - [TEST_STEP][PASSED] - switch (fieldPantalla): null

2023-10-24 08:22:30 - [TEST_STEP][PASSED] - Default: null

2023-10-24 08:22:30 - [TEST_STEP][PASSED] - Script1676556991125.prv_basicOperation(mapeo, log): null

2023-10-24 08:22:30 - [TEST_STEP][PASSED] - valueHost = <not implemented yet for class: org.codehaus.groovy.ast.expr.EmptyExpression>: null

2023-10-24 08:22:30 - [TEST_STEP][PASSED] - try: null

2023-10-24 08:22:30 - [TEST_STEP][PASSED] - valueHost = HostUtils.operacionPantallaHost(mapeo, log): null

2023-10-24 08:22:34 - [TEST_STEP][PASSED] - return valueHost.trim(): null

2023-10-24 08:22:34 - [TEST_STEP][PASSED] - (filaInicio++): null

2023-10-24 08:22:34 - [TEST_STEP][PASSED] - findTestData("Data Files/ConnectionHost"): null

2023-10-24 08:22:34 - [TEST_STEP][PASSED] - rowDatosExcel = findTestData("Data Files/GTI - Crear Expedicion Externa"): null

2023-10-24 08:22:34 - [TEST_STEP][PASSED] - Script1676556991125.prv_getPantalla(filaInicio, filaHostRun, rowDatosExcel, log): null

2023-10-24 08:22:34 - [TEST_STEP][PASSED] - fieldPantalla = <not implemented yet for class: org.codehaus.groovy.ast.expr.EmptyExpression>: null

2023-10-24 08:22:34 - [TEST_STEP][PASSED] - mapeo = <not implemented yet for class: org.codehaus.groovy.ast.expr.EmptyExpression>: null

2023-10-24 08:22:34 - [TEST_STEP][PASSED] - mapeo = new java.util.HashMap(): null

2023-10-24 08:22:34 - [TEST_STEP][PASSED] - mapeo = HostUtils.getDataExcel(datosExcel, numeroFila): null

2023-10-24 08:22:34 - [TEST_STEP][PASSED] - fieldPantalla = mapeo.get("Pantalla"): null

2023-10-24 08:22:34 - [TEST_STEP][PASSED] - switch (fieldPantalla): null

2023-10-24 08:22:34 - [TEST_STEP][PASSED] - Default: null

2023-10-24 08:22:34 - [TEST_STEP][PASSED] - Script1676556991125.prv_basicOperation(mapeo, log): null

2023-10-24 08:22:34 - [TEST_STEP][PASSED] - valueHost = <not implemented yet for class: org.codehaus.groovy.ast.expr.EmptyExpression>: null

2023-10-24 08:22:34 - [TEST_STEP][PASSED] - try: null

2023-10-24 08:22:34 - [TEST_STEP][PASSED] - valueHost = HostUtils.operacionPantallaHost(mapeo, log): null

2023-10-24 08:22:38 - [TEST_STEP][PASSED] - return valueHost.trim(): null

2023-10-24 08:22:38 - [TEST_STEP][PASSED] - (filaInicio++): null

2023-10-24 08:22:38 - [TEST_STEP][PASSED] - findTestData("Data Files/ConnectionHost"): null

2023-10-24 08:22:38 - [TEST_STEP][PASSED] - rowDatosExcel = findTestData("Data Files/GTI - Crear Expedicion Externa"): null

2023-10-24 08:22:38 - [TEST_STEP][PASSED] - Script1676556991125.prv_getPantalla(filaInicio, filaHostRun, rowDatosExcel, log): null

2023-10-24 08:22:38 - [TEST_STEP][PASSED] - fieldPantalla = <not implemented yet for class: org.codehaus.groovy.ast.expr.EmptyExpression>: null

2023-10-24 08:22:38 - [TEST_STEP][PASSED] - mapeo = <not implemented yet for class: org.codehaus.groovy.ast.expr.EmptyExpression>: null

2023-10-24 08:22:38 - [TEST_STEP][PASSED] - mapeo = new java.util.HashMap(): null

2023-10-24 08:22:38 - [TEST_STEP][PASSED] - mapeo = HostUtils.getDataExcel(datosExcel, numeroFila): null

2023-10-24 08:22:38 - [TEST_STEP][PASSED] - fieldPantalla = mapeo.get("Pantalla"): null

2023-10-24 08:22:38 - [TEST_STEP][PASSED] - switch (fieldPantalla): null

2023-10-24 08:22:38 - [TEST_STEP][PASSED] - Default: null

2023-10-24 08:22:38 - [TEST_STEP][PASSED] - Script1676556991125.prv_basicOperation(mapeo, log): null

2023-10-24 08:22:38 - [TEST_STEP][PASSED] - valueHost = <not implemented yet for class: org.codehaus.groovy.ast.expr.EmptyExpression>: null

2023-10-24 08:22:38 - [TEST_STEP][PASSED] - try: null

2023-10-24 08:22:38 - [TEST_STEP][PASSED] - valueHost = HostUtils.operacionPantallaHost(mapeo, log): null

2023-10-24 08:22:42 - [TEST_STEP][PASSED] - return valueHost.trim(): null

2023-10-24 08:22:42 - [TEST_STEP][PASSED] - (filaInicio++): null

2023-10-24 08:22:42 - [TEST_STEP][PASSED] - findTestData("Data Files/ConnectionHost"): null

2023-10-24 08:22:42 - [TEST_STEP][PASSED] - rowDatosExcel = findTestData("Data Files/GTI - Crear Expedicion Externa"): null

2023-10-24 08:22:42 - [TEST_STEP][PASSED] - Script1676556991125.prv_getPantalla(filaInicio, filaHostRun, rowDatosExcel, log): null

2023-10-24 08:22:42 - [TEST_STEP][PASSED] - fieldPantalla = <not implemented yet for class: org.codehaus.groovy.ast.expr.EmptyExpression>: null

2023-10-24 08:22:42 - [TEST_STEP][PASSED] - mapeo = <not implemented yet for class: org.codehaus.groovy.ast.expr.EmptyExpression>: null

2023-10-24 08:22:42 - [TEST_STEP][PASSED] - mapeo = new java.util.HashMap(): null

2023-10-24 08:22:42 - [TEST_STEP][PASSED] - mapeo = HostUtils.getDataExcel(datosExcel, numeroFila): null

2023-10-24 08:22:42 - [TEST_STEP][PASSED] - fieldPantalla = mapeo.get("Pantalla"): null

2023-10-24 08:22:42 - [TEST_STEP][PASSED] - switch (fieldPantalla): null

2023-10-24 08:22:42 - [TEST_STEP][PASSED] - case "Sleep":: null

2023-10-24 08:22:42 - [TEST_STEP][PASSED] - log.loggerInfo("Se va ha realizar una para de %s", TimeOut_Host_S): null

2023-10-24 08:22:42 - [TEST_STEP][PASSED] - SECONDS.sleep(TimeOut_Host_M): null

2023-10-24 08:22:46 - [TEST_STEP][PASSED] - break: null

2023-10-24 08:22:46 - [TEST_STEP][PASSED] - (filaInicio++): null

2023-10-24 08:22:46 - [TEST_STEP][PASSED] - findTestData("Data Files/ConnectionHost"): null

2023-10-24 08:22:46 - [TEST_STEP][PASSED] - rowDatosExcel = findTestData("Data Files/GTI - Crear Expedicion Externa"): null

2023-10-24 08:22:46 - [TEST_STEP][PASSED] - Script1676556991125.prv_getPantalla(filaInicio, filaHostRun, rowDatosExcel, log): null

2023-10-24 08:22:46 - [TEST_STEP][PASSED] - fieldPantalla = <not implemented yet for class: org.codehaus.groovy.ast.expr.EmptyExpression>: null

2023-10-24 08:22:46 - [TEST_STEP][PASSED] - mapeo = <not implemented yet for class: org.codehaus.groovy.ast.expr.EmptyExpression>: null

2023-10-24 08:22:46 - [TEST_STEP][PASSED] - mapeo = new java.util.HashMap(): null

2023-10-24 08:22:46 - [TEST_STEP][PASSED] - mapeo = HostUtils.getDataExcel(datosExcel, numeroFila): null

2023-10-24 08:22:46 - [TEST_STEP][PASSED] - fieldPantalla = mapeo.get("Pantalla"): null

2023-10-24 08:22:46 - [TEST_STEP][PASSED] - switch (fieldPantalla): null

2023-10-24 08:22:46 - [TEST_STEP][PASSED] - Default: null

2023-10-24 08:22:46 - [TEST_STEP][PASSED] - Script1676556991125.prv_basicOperation(mapeo, log): null

2023-10-24 08:22:46 - [TEST_STEP][PASSED] - valueHost = <not implemented yet for class: org.codehaus.groovy.ast.expr.EmptyExpression>: null

2023-10-24 08:22:46 - [TEST_STEP][PASSED] - try: null

2023-10-24 08:22:46 - [TEST_STEP][PASSED] - valueHost = HostUtils.operacionPantallaHost(mapeo, log): null

2023-10-24 08:22:51 - [TEST_STEP][PASSED] - return valueHost.trim(): null

2023-10-24 08:22:51 - [TEST_STEP][PASSED] - (filaInicio++): null

2023-10-24 08:22:51 - [TEST_STEP][PASSED] - findTestData("Data Files/ConnectionHost"): null

2023-10-24 08:22:51 - [TEST_STEP][PASSED] - rowDatosExcel = findTestData("Data Files/GTI - Crear Expedicion Externa"): null

2023-10-24 08:22:51 - [TEST_STEP][PASSED] - Script1676556991125.prv_getPantalla(filaInicio, filaHostRun, rowDatosExcel, log): null

2023-10-24 08:22:51 - [TEST_STEP][PASSED] - fieldPantalla = <not implemented yet for class: org.codehaus.groovy.ast.expr.EmptyExpression>: null

2023-10-24 08:22:51 - [TEST_STEP][PASSED] - mapeo = <not implemented yet for class: org.codehaus.groovy.ast.expr.EmptyExpression>: null

2023-10-24 08:22:51 - [TEST_STEP][PASSED] - mapeo = new java.util.HashMap(): null

2023-10-24 08:22:51 - [TEST_STEP][PASSED] - mapeo = HostUtils.getDataExcel(datosExcel, numeroFila): null

2023-10-24 08:22:51 - [TEST_STEP][PASSED] - fieldPantalla = mapeo.get("Pantalla"): null

2023-10-24 08:22:51 - [TEST_STEP][PASSED] - switch (fieldPantalla): null

2023-10-24 08:22:51 - [TEST_STEP][PASSED] - Default: null

2023-10-24 08:22:51 - [TEST_STEP][PASSED] - Script1676556991125.prv_basicOperation(mapeo, log): null

2023-10-24 08:22:51 - [TEST_STEP][PASSED] - valueHost = <not implemented yet for class: org.codehaus.groovy.ast.expr.EmptyExpression>: null

2023-10-24 08:22:51 - [TEST_STEP][PASSED] - try: null

2023-10-24 08:22:51 - [TEST_STEP][PASSED] - valueHost = HostUtils.operacionPantallaHost(mapeo, log): null

2023-10-24 08:22:54 - [TEST_STEP][PASSED] - return valueHost.trim(): null

2023-10-24 08:22:54 - [TEST_STEP][PASSED] - (filaInicio++): null

2023-10-24 08:22:54 - [TEST_STEP][PASSED] - findTestData("Data Files/ConnectionHost"): null

2023-10-24 08:22:54 - [TEST_STEP][PASSED] - rowDatosExcel = findTestData("Data Files/GTI - Crear Expedicion Externa"): null

2023-10-24 08:22:54 - [TEST_STEP][PASSED] - Script1676556991125.prv_getPantalla(filaInicio, filaHostRun, rowDatosExcel, log): null

2023-10-24 08:22:54 - [TEST_STEP][PASSED] - fieldPantalla = <not implemented yet for class: org.codehaus.groovy.ast.expr.EmptyExpression>: null

2023-10-24 08:22:54 - [TEST_STEP][PASSED] - mapeo = <not implemented yet for class: org.codehaus.groovy.ast.expr.EmptyExpression>: null

2023-10-24 08:22:54 - [TEST_STEP][PASSED] - mapeo = new java.util.HashMap(): null

2023-10-24 08:22:54 - [TEST_STEP][PASSED] - mapeo = HostUtils.getDataExcel(datosExcel, numeroFila): null

2023-10-24 08:22:54 - [TEST_STEP][PASSED] - fieldPantalla = mapeo.get("Pantalla"): null

2023-10-24 08:22:54 - [TEST_STEP][PASSED] - switch (fieldPantalla): null

2023-10-24 08:22:54 - [TEST_STEP][PASSED] - Default: null

2023-10-24 08:22:54 - [TEST_STEP][PASSED] - Script1676556991125.prv_basicOperation(mapeo, log): null

2023-10-24 08:22:54 - [TEST_STEP][PASSED] - valueHost = <not implemented yet for class: org.codehaus.groovy.ast.expr.EmptyExpression>: null

2023-10-24 08:22:54 - [TEST_STEP][PASSED] - try: null

2023-10-24 08:22:54 - [TEST_STEP][PASSED] - valueHost = HostUtils.operacionPantallaHost(mapeo, log): null

2023-10-24 08:22:59 - [TEST_STEP][PASSED] - return valueHost.trim(): null

2023-10-24 08:22:59 - [TEST_STEP][PASSED] - (filaInicio++): null

2023-10-24 08:22:59 - [TEST_STEP][PASSED] - findTestData("Data Files/ConnectionHost"): null

2023-10-24 08:22:59 - [TEST_STEP][PASSED] - rowDatosExcel = findTestData("Data Files/GTI - Crear Expedicion Externa"): null

2023-10-24 08:22:59 - [TEST_STEP][PASSED] - Script1676556991125.prv_getPantalla(filaInicio, filaHostRun, rowDatosExcel, log): null

2023-10-24 08:22:59 - [TEST_STEP][PASSED] - fieldPantalla = <not implemented yet for class: org.codehaus.groovy.ast.expr.EmptyExpression>: null

2023-10-24 08:22:59 - [TEST_STEP][PASSED] - mapeo = <not implemented yet for class: org.codehaus.groovy.ast.expr.EmptyExpression>: null

2023-10-24 08:22:59 - [TEST_STEP][PASSED] - mapeo = new java.util.HashMap(): null

2023-10-24 08:22:59 - [TEST_STEP][PASSED] - mapeo = HostUtils.getDataExcel(datosExcel, numeroFila): null

2023-10-24 08:22:59 - [TEST_STEP][PASSED] - fieldPantalla = mapeo.get("Pantalla"): null

2023-10-24 08:22:59 - [TEST_STEP][PASSED] - switch (fieldPantalla): null

2023-10-24 08:22:59 - [TEST_STEP][PASSED] - Default: null

2023-10-24 08:22:59 - [TEST_STEP][PASSED] - Script1676556991125.prv_basicOperation(mapeo, log): null

2023-10-24 08:22:59 - [TEST_STEP][PASSED] - valueHost = <not implemented yet for class: org.codehaus.groovy.ast.expr.EmptyExpression>: null

2023-10-24 08:22:59 - [TEST_STEP][PASSED] - try: null

2023-10-24 08:22:59 - [TEST_STEP][PASSED] - valueHost = HostUtils.operacionPantallaHost(mapeo, log): null

2023-10-24 08:23:03 - [TEST_STEP][PASSED] - return valueHost.trim(): null

2023-10-24 08:23:03 - [TEST_STEP][PASSED] - (filaInicio++): null

2023-10-24 08:23:03 - [TEST_STEP][PASSED] - findTestData("Data Files/ConnectionHost"): null

2023-10-24 08:23:03 - [TEST_STEP][PASSED] - rowDatosExcel = findTestData("Data Files/GTI - Crear Expedicion Externa"): null

2023-10-24 08:23:03 - [TEST_STEP][PASSED] - Script1676556991125.prv_getPantalla(filaInicio, filaHostRun, rowDatosExcel, log): null

2023-10-24 08:23:03 - [TEST_STEP][PASSED] - fieldPantalla = <not implemented yet for class: org.codehaus.groovy.ast.expr.EmptyExpression>: null

2023-10-24 08:23:03 - [TEST_STEP][PASSED] - mapeo = <not implemented yet for class: org.codehaus.groovy.ast.expr.EmptyExpression>: null

2023-10-24 08:23:03 - [TEST_STEP][PASSED] - mapeo = new java.util.HashMap(): null

2023-10-24 08:23:03 - [TEST_STEP][PASSED] - mapeo = HostUtils.getDataExcel(datosExcel, numeroFila): null

2023-10-24 08:23:03 - [TEST_STEP][PASSED] - fieldPantalla = mapeo.get("Pantalla"): null

2023-10-24 08:23:03 - [TEST_STEP][PASSED] - switch (fieldPantalla): null

2023-10-24 08:23:03 - [TEST_STEP][PASSED] - Default: null

2023-10-24 08:23:03 - [TEST_STEP][PASSED] - Script1676556991125.prv_basicOperation(mapeo, log): null

2023-10-24 08:23:03 - [TEST_STEP][PASSED] - valueHost = <not implemented yet for class: org.codehaus.groovy.ast.expr.EmptyExpression>: null

2023-10-24 08:23:03 - [TEST_STEP][PASSED] - try: null

2023-10-24 08:23:03 - [TEST_STEP][PASSED] - valueHost = HostUtils.operacionPantallaHost(mapeo, log): null

2023-10-24 08:23:08 - [TEST_STEP][PASSED] - return valueHost.trim(): null

2023-10-24 08:23:08 - [TEST_STEP][PASSED] - (filaInicio++): null

2023-10-24 08:23:08 - [TEST_STEP][PASSED] - findTestData("Data Files/ConnectionHost"): null

2023-10-24 08:23:08 - [TEST_STEP][PASSED] - rowDatosExcel = findTestData("Data Files/GTI - Crear Expedicion Externa"): null

2023-10-24 08:23:08 - [TEST_STEP][PASSED] - Script1676556991125.prv_getPantalla(filaInicio, filaHostRun, rowDatosExcel, log): null

2023-10-24 08:23:08 - [TEST_STEP][PASSED] - fieldPantalla = <not implemented yet for class: org.codehaus.groovy.ast.expr.EmptyExpression>: null

2023-10-24 08:23:08 - [TEST_STEP][PASSED] - mapeo = <not implemented yet for class: org.codehaus.groovy.ast.expr.EmptyExpression>: null

2023-10-24 08:23:08 - [TEST_STEP][PASSED] - mapeo = new java.util.HashMap(): null

2023-10-24 08:23:08 - [TEST_STEP][PASSED] - mapeo = HostUtils.getDataExcel(datosExcel, numeroFila): null

2023-10-24 08:23:08 - [TEST_STEP][PASSED] - fieldPantalla = mapeo.get("Pantalla"): null

2023-10-24 08:23:08 - [TEST_STEP][PASSED] - switch (fieldPantalla): null

2023-10-24 08:23:08 - [TEST_STEP][PASSED] - Default: null

2023-10-24 08:23:08 - [TEST_STEP][PASSED] - Script1676556991125.prv_basicOperation(mapeo, log): null

2023-10-24 08:23:08 - [TEST_STEP][PASSED] - valueHost = <not implemented yet for class: org.codehaus.groovy.ast.expr.EmptyExpression>: null

2023-10-24 08:23:08 - [TEST_STEP][PASSED] - try: null

2023-10-24 08:23:08 - [TEST_STEP][PASSED] - valueHost = HostUtils.operacionPantallaHost(mapeo, log): null

2023-10-24 08:23:12 - [TEST_STEP][PASSED] - return valueHost.trim(): null

2023-10-24 08:23:12 - [TEST_STEP][PASSED] - (filaInicio++): null

2023-10-24 08:23:12 - [TEST_STEP][PASSED] - findTestData("Data Files/ConnectionHost"): null

2023-10-24 08:23:12 - [TEST_STEP][PASSED] - rowDatosExcel = findTestData("Data Files/GTI - Crear Expedicion Externa"): null

2023-10-24 08:23:12 - [TEST_STEP][PASSED] - Script1676556991125.prv_getPantalla(filaInicio, filaHostRun, rowDatosExcel, log): null

2023-10-24 08:23:12 - [TEST_STEP][PASSED] - fieldPantalla = <not implemented yet for class: org.codehaus.groovy.ast.expr.EmptyExpression>: null

2023-10-24 08:23:12 - [TEST_STEP][PASSED] - mapeo = <not implemented yet for class: org.codehaus.groovy.ast.expr.EmptyExpression>: null

2023-10-24 08:23:12 - [TEST_STEP][PASSED] - mapeo = new java.util.HashMap(): null

2023-10-24 08:23:12 - [TEST_STEP][PASSED] - mapeo = HostUtils.getDataExcel(datosExcel, numeroFila): null

2023-10-24 08:23:12 - [TEST_STEP][PASSED] - fieldPantalla = mapeo.get("Pantalla"): null

2023-10-24 08:23:12 - [TEST_STEP][PASSED] - switch (fieldPantalla): null

2023-10-24 08:23:12 - [TEST_STEP][PASSED] - Default: null

2023-10-24 08:23:12 - [TEST_STEP][PASSED] - Script1676556991125.prv_basicOperation(mapeo, log): null

2023-10-24 08:23:12 - [TEST_STEP][PASSED] - valueHost = <not implemented yet for class: org.codehaus.groovy.ast.expr.EmptyExpression>: null

2023-10-24 08:23:12 - [TEST_STEP][PASSED] - try: null

2023-10-24 08:23:12 - [TEST_STEP][PASSED] - valueHost = HostUtils.operacionPantallaHost(mapeo, log): null

2023-10-24 08:23:16 - [TEST_STEP][PASSED] - return valueHost.trim(): null

2023-10-24 08:23:16 - [TEST_STEP][PASSED] - (filaInicio++): null

2023-10-24 08:23:16 - [TEST_STEP][PASSED] - findTestData("Data Files/ConnectionHost"): null

2023-10-24 08:23:16 - [TEST_STEP][PASSED] - rowDatosExcel = findTestData("Data Files/GTI - Crear Expedicion Externa"): null

2023-10-24 08:23:16 - [TEST_STEP][PASSED] - Script1676556991125.prv_getPantalla(filaInicio, filaHostRun, rowDatosExcel, log): null

2023-10-24 08:23:16 - [TEST_STEP][PASSED] - fieldPantalla = <not implemented yet for class: org.codehaus.groovy.ast.expr.EmptyExpression>: null

2023-10-24 08:23:16 - [TEST_STEP][PASSED] - mapeo = <not implemented yet for class: org.codehaus.groovy.ast.expr.EmptyExpression>: null

2023-10-24 08:23:16 - [TEST_STEP][PASSED] - mapeo = new java.util.HashMap(): null

2023-10-24 08:23:16 - [TEST_STEP][PASSED] - mapeo = HostUtils.getDataExcel(datosExcel, numeroFila): null

2023-10-24 08:23:16 - [TEST_STEP][PASSED] - fieldPantalla = mapeo.get("Pantalla"): null

2023-10-24 08:23:16 - [TEST_STEP][PASSED] - switch (fieldPantalla): null

2023-10-24 08:23:16 - [TEST_STEP][PASSED] - case "Consultar":: null

2023-10-24 08:23:16 - [TEST_STEP][PASSED] - log.loggerInfo("SE VA A REALIZAR LA PANTALLA DE CONSULTAR"): null

2023-10-24 08:23:16 - [TEST_STEP][PASSED] - Script1676556991125.prv_getCampos(mapeo, filaHostRun, log): null

2023-10-24 08:23:16 - [TEST_STEP][PASSED] - fieldCampos = <not implemented yet for class: org.codehaus.groovy.ast.expr.EmptyExpression>: null

2023-10-24 08:23:16 - [TEST_STEP][PASSED] - estadoPedido = <not implemented yet for class: org.codehaus.groovy.ast.expr.EmptyExpression>: null

2023-10-24 08:23:16 - [TEST_STEP][PASSED] - expedicion = <not implemented yet for class: org.codehaus.groovy.ast.expr.EmptyExpression>: null

2023-10-24 08:23:16 - [TEST_STEP][PASSED] - albaran = <not implemented yet for class: org.codehaus.groovy.ast.expr.EmptyExpression>: null

2023-10-24 08:23:16 - [TEST_STEP][PASSED] - estadoExpedicion = <not implemented yet for class: org.codehaus.groovy.ast.expr.EmptyExpression>: null

2023-10-24 08:23:16 - [TEST_STEP][PASSED] - fieldCampos = mapeo.get("Campos"): null

2023-10-24 08:23:16 - [TEST_STEP][PASSED] - switch (fieldCampos): null

2023-10-24 08:23:16 - [TEST_STEP][PASSED] - Default: null

2023-10-24 08:23:16 - [TEST_STEP][PASSED] - Script1676556991125.prv_basicOperation(mapeo, log): null

2023-10-24 08:23:16 - [TEST_STEP][PASSED] - valueHost = <not implemented yet for class: org.codehaus.groovy.ast.expr.EmptyExpression>: null

2023-10-24 08:23:16 - [TEST_STEP][PASSED] - try: null

2023-10-24 08:23:16 - [TEST_STEP][PASSED] - valueHost = HostUtils.operacionPantallaHost(mapeo, log): null

2023-10-24 08:23:20 - [TEST_STEP][PASSED] - return valueHost.trim(): null

2023-10-24 08:23:20 - [TEST_STEP][PASSED] - break: null

2023-10-24 08:23:20 - [TEST_STEP][PASSED] - (filaInicio++): null

2023-10-24 08:23:20 - [TEST_STEP][PASSED] - findTestData("Data Files/ConnectionHost"): null

2023-10-24 08:23:20 - [TEST_STEP][PASSED] - rowDatosExcel = findTestData("Data Files/GTI - Crear Expedicion Externa"): null

2023-10-24 08:23:20 - [TEST_STEP][PASSED] - Script1676556991125.prv_getPantalla(filaInicio, filaHostRun, rowDatosExcel, log): null

2023-10-24 08:23:20 - [TEST_STEP][PASSED] - fieldPantalla = <not implemented yet for class: org.codehaus.groovy.ast.expr.EmptyExpression>: null

2023-10-24 08:23:20 - [TEST_STEP][PASSED] - mapeo = <not implemented yet for class: org.codehaus.groovy.ast.expr.EmptyExpression>: null

2023-10-24 08:23:20 - [TEST_STEP][PASSED] - mapeo = new java.util.HashMap(): null

2023-10-24 08:23:20 - [TEST_STEP][PASSED] - mapeo = HostUtils.getDataExcel(datosExcel, numeroFila): null

2023-10-24 08:23:20 - [TEST_STEP][PASSED] - fieldPantalla = mapeo.get("Pantalla"): null

2023-10-24 08:23:20 - [TEST_STEP][PASSED] - switch (fieldPantalla): null

2023-10-24 08:23:20 - [TEST_STEP][PASSED] - case "Consultar":: null

2023-10-24 08:23:20 - [TEST_STEP][PASSED] - log.loggerInfo("SE VA A REALIZAR LA PANTALLA DE CONSULTAR"): null

2023-10-24 08:23:20 - [TEST_STEP][PASSED] - Script1676556991125.prv_getCampos(mapeo, filaHostRun, log): null

2023-10-24 08:23:20 - [TEST_STEP][PASSED] - fieldCampos = <not implemented yet for class: org.codehaus.groovy.ast.expr.EmptyExpression>: null

2023-10-24 08:23:20 - [TEST_STEP][PASSED] - estadoPedido = <not implemented yet for class: org.codehaus.groovy.ast.expr.EmptyExpression>: null

2023-10-24 08:23:20 - [TEST_STEP][PASSED] - expedicion = <not implemented yet for class: org.codehaus.groovy.ast.expr.EmptyExpression>: null

2023-10-24 08:23:20 - [TEST_STEP][PASSED] - albaran = <not implemented yet for class: org.codehaus.groovy.ast.expr.EmptyExpression>: null

2023-10-24 08:23:20 - [TEST_STEP][PASSED] - estadoExpedicion = <not implemented yet for class: org.codehaus.groovy.ast.expr.EmptyExpression>: null

2023-10-24 08:23:20 - [TEST_STEP][PASSED] - fieldCampos = mapeo.get("Campos"): null

2023-10-24 08:23:20 - [TEST_STEP][PASSED] - switch (fieldCampos): null

2023-10-24 08:23:20 - [TEST_STEP][PASSED] - Default: null

2023-10-24 08:23:20 - [TEST_STEP][PASSED] - Script1676556991125.prv_basicOperation(mapeo, log): null

2023-10-24 08:23:20 - [TEST_STEP][PASSED] - valueHost = <not implemented yet for class: org.codehaus.groovy.ast.expr.EmptyExpression>: null

2023-10-24 08:23:20 - [TEST_STEP][PASSED] - try: null

2023-10-24 08:23:20 - [TEST_STEP][PASSED] - valueHost = HostUtils.operacionPantallaHost(mapeo, log): null

2023-10-24 08:23:24 - [TEST_STEP][PASSED] - return valueHost.trim(): null

2023-10-24 08:23:24 - [TEST_STEP][PASSED] - break: null

2023-10-24 08:23:24 - [TEST_STEP][PASSED] - (filaInicio++): null

2023-10-24 08:23:24 - [TEST_STEP][PASSED] - findTestData("Data Files/ConnectionHost"): null

2023-10-24 08:23:24 - [TEST_STEP][PASSED] - rowDatosExcel = findTestData("Data Files/GTI - Crear Expedicion Externa"): null

2023-10-24 08:23:24 - [TEST_STEP][PASSED] - Script1676556991125.prv_getPantalla(filaInicio, filaHostRun, rowDatosExcel, log): null

2023-10-24 08:23:24 - [TEST_STEP][PASSED] - fieldPantalla = <not implemented yet for class: org.codehaus.groovy.ast.expr.EmptyExpression>: null

2023-10-24 08:23:24 - [TEST_STEP][PASSED] - mapeo = <not implemented yet for class: org.codehaus.groovy.ast.expr.EmptyExpression>: null

2023-10-24 08:23:24 - [TEST_STEP][PASSED] - mapeo = new java.util.HashMap(): null

2023-10-24 08:23:24 - [TEST_STEP][PASSED] - mapeo = HostUtils.getDataExcel(datosExcel, numeroFila): null

2023-10-24 08:23:24 - [TEST_STEP][PASSED] - fieldPantalla = mapeo.get("Pantalla"): null

2023-10-24 08:23:24 - [TEST_STEP][PASSED] - switch (fieldPantalla): null

2023-10-24 08:23:24 - [TEST_STEP][PASSED] - Default: null

2023-10-24 08:23:24 - [TEST_STEP][PASSED] - Script1676556991125.prv_basicOperation(mapeo, log): null

2023-10-24 08:23:24 - [TEST_STEP][PASSED] - valueHost = <not implemented yet for class: org.codehaus.groovy.ast.expr.EmptyExpression>: null

2023-10-24 08:23:24 - [TEST_STEP][PASSED] - try: null

2023-10-24 08:23:24 - [TEST_STEP][PASSED] - valueHost = HostUtils.operacionPantallaHost(mapeo, log): null

2023-10-24 08:23:27 - [TEST_STEP][PASSED] - return valueHost.trim(): null

2023-10-24 08:23:27 - [TEST_STEP][PASSED] - (filaInicio++): null

2023-10-24 08:23:27 - [TEST_STEP][PASSED] - findTestData("Data Files/ConnectionHost"): null

2023-10-24 08:23:27 - [TEST_STEP][PASSED] - rowDatosExcel = findTestData("Data Files/GTI - Crear Expedicion Externa"): null

2023-10-24 08:23:27 - [TEST_STEP][PASSED] - Script1676556991125.prv_getPantalla(filaInicio, filaHostRun, rowDatosExcel, log): null

2023-10-24 08:23:27 - [TEST_STEP][PASSED] - fieldPantalla = <not implemented yet for class: org.codehaus.groovy.ast.expr.EmptyExpression>: null

2023-10-24 08:23:27 - [TEST_STEP][PASSED] - mapeo = <not implemented yet for class: org.codehaus.groovy.ast.expr.EmptyExpression>: null

2023-10-24 08:23:27 - [TEST_STEP][PASSED] - mapeo = new java.util.HashMap(): null

2023-10-24 08:23:27 - [TEST_STEP][PASSED] - mapeo = HostUtils.getDataExcel(datosExcel, numeroFila): null

2023-10-24 08:23:27 - [TEST_STEP][PASSED] - fieldPantalla = mapeo.get("Pantalla"): null

2023-10-24 08:23:27 - [TEST_STEP][PASSED] - switch (fieldPantalla): null

2023-10-24 08:23:27 - [TEST_STEP][PASSED] - Default: null

2023-10-24 08:23:27 - [TEST_STEP][PASSED] - Script1676556991125.prv_basicOperation(mapeo, log): null

2023-10-24 08:23:27 - [TEST_STEP][PASSED] - valueHost = <not implemented yet for class: org.codehaus.groovy.ast.expr.EmptyExpression>: null

2023-10-24 08:23:27 - [TEST_STEP][PASSED] - try: null

2023-10-24 08:23:27 - [TEST_STEP][PASSED] - valueHost = HostUtils.operacionPantallaHost(mapeo, log): null

2023-10-24 08:23:33 - [TEST_STEP][PASSED] - return valueHost.trim(): null

2023-10-24 08:23:33 - [TEST_STEP][PASSED] - (filaInicio++): null

2023-10-24 08:23:33 - [TEST_STEP][PASSED] - findTestData("Data Files/ConnectionHost"): null

2023-10-24 08:23:33 - [TEST_STEP][PASSED] - rowDatosExcel = findTestData("Data Files/GTI - Crear Expedicion Externa"): null

2023-10-24 08:23:33 - [TEST_STEP][PASSED] - Script1676556991125.prv_getPantalla(filaInicio, filaHostRun, rowDatosExcel, log): null

2023-10-24 08:23:33 - [TEST_STEP][PASSED] - fieldPantalla = <not implemented yet for class: org.codehaus.groovy.ast.expr.EmptyExpression>: null

2023-10-24 08:23:33 - [TEST_STEP][PASSED] - mapeo = <not implemented yet for class: org.codehaus.groovy.ast.expr.EmptyExpression>: null

2023-10-24 08:23:33 - [TEST_STEP][PASSED] - mapeo = new java.util.HashMap(): null

2023-10-24 08:23:33 - [TEST_STEP][PASSED] - mapeo = HostUtils.getDataExcel(datosExcel, numeroFila): null

2023-10-24 08:23:33 - [TEST_STEP][PASSED] - fieldPantalla = mapeo.get("Pantalla"): null

2023-10-24 08:23:33 - [TEST_STEP][PASSED] - switch (fieldPantalla): null

2023-10-24 08:23:33 - [TEST_STEP][PASSED] - case "DiarioSalida":: null

2023-10-24 08:23:33 - [TEST_STEP][PASSED] - log.loggerInfo("SE VA A REALIZAR LA PANTALLA DE DIARIO SALIDA"): null

2023-10-24 08:23:33 - [TEST_STEP][PASSED] - Script1676556991125.prv_getCampos(mapeo, filaHostRun, log): null

2023-10-24 08:23:33 - [TEST_STEP][PASSED] - fieldCampos = <not implemented yet for class: org.codehaus.groovy.ast.expr.EmptyExpression>: null

2023-10-24 08:23:33 - [TEST_STEP][PASSED] - estadoPedido = <not implemented yet for class: org.codehaus.groovy.ast.expr.EmptyExpression>: null

2023-10-24 08:23:33 - [TEST_STEP][PASSED] - expedicion = <not implemented yet for class: org.codehaus.groovy.ast.expr.EmptyExpression>: null

2023-10-24 08:23:33 - [TEST_STEP][PASSED] - albaran = <not implemented yet for class: org.codehaus.groovy.ast.expr.EmptyExpression>: null

2023-10-24 08:23:33 - [TEST_STEP][PASSED] - estadoExpedicion = <not implemented yet for class: org.codehaus.groovy.ast.expr.EmptyExpression>: null

2023-10-24 08:23:33 - [TEST_STEP][PASSED] - fieldCampos = mapeo.get("Campos"): null

2023-10-24 08:23:33 - [TEST_STEP][PASSED] - switch (fieldCampos): null

2023-10-24 08:23:33 - [TEST_STEP][PASSED] - case "DetalleEnvio":: null

2023-10-24 08:23:33 - [TEST_STEP][PASSED] - estadoPedido = Script1676556991125.prv_basicOperation(mapeo, log): null

2023-10-24 08:23:33 - [TEST_STEP][PASSED] - valueHost = <not implemented yet for class: org.codehaus.groovy.ast.expr.EmptyExpression>: null

2023-10-24 08:23:33 - [TEST_STEP][PASSED] - try: null

2023-10-24 08:23:33 - [TEST_STEP][PASSED] - valueHost = HostUtils.operacionPantallaHost(mapeo, log): null

2023-10-24 08:23:38 - [TEST_STEP][PASSED] - return valueHost.trim(): null

2023-10-24 08:23:38 - [TEST_STEP][PASSED] - log.loggerInfo("El estado del pedido es: %s", estadoPedido.trim()): null

2023-10-24 08:23:38 - [TEST_STEP][PASSED] - writeExcel.writeExcel_Connection(filaHostRun, "Estado", "Connection", estadoPedido.trim()): Se va ha escribir en la columna Estado y en la fila 7 el valor: S W 991 Capturado ventanilla

2023-10-24 08:23:38 - [MESSAGE][INFO] - Se va ha escribir en la columna Estado y en la fila 7 el valor: S W 991 Capturado ventanilla

2023-10-24 08:23:38 - [TEST_STEP][PASSED] - writeExcel.writeExcel_CrearExpedicionExterna(36, "ARGUMENTOS", "Operativa", estadoPedido.trim()): Se va ha escribir en la columna ARGUMENTOS y en la fila 36 el valor: S W 991 Capturado ventanilla

2023-10-24 08:23:38 - [MESSAGE][INFO] - Se va ha escribir en la columna ARGUMENTOS y en la fila 36 el valor: S W 991 Capturado ventanilla

2023-10-24 08:23:38 - [TEST_STEP][PASSED] - break: null

2023-10-24 08:23:38 - [TEST_STEP][PASSED] - break: null

2023-10-24 08:23:38 - [TEST_STEP][PASSED] - (filaInicio++): null

2023-10-24 08:23:38 - [TEST_STEP][PASSED] - findTestData("Data Files/ConnectionHost"): null

2023-10-24 08:23:38 - [TEST_STEP][PASSED] - rowDatosExcel = findTestData("Data Files/GTI - Crear Expedicion Externa"): null

2023-10-24 08:23:38 - [TEST_STEP][PASSED] - Script1676556991125.prv_getPantalla(filaInicio, filaHostRun, rowDatosExcel, log): null

2023-10-24 08:23:38 - [TEST_STEP][PASSED] - fieldPantalla = <not implemented yet for class: org.codehaus.groovy.ast.expr.EmptyExpression>: null

2023-10-24 08:23:38 - [TEST_STEP][PASSED] - mapeo = <not implemented yet for class: org.codehaus.groovy.ast.expr.EmptyExpression>: null

2023-10-24 08:23:38 - [TEST_STEP][PASSED] - mapeo = new java.util.HashMap(): null

2023-10-24 08:23:38 - [TEST_STEP][PASSED] - mapeo = HostUtils.getDataExcel(datosExcel, numeroFila): null

2023-10-24 08:23:38 - [TEST_STEP][PASSED] - fieldPantalla = mapeo.get("Pantalla"): null

2023-10-24 08:23:38 - [TEST_STEP][PASSED] - switch (fieldPantalla): null

2023-10-24 08:23:38 - [TEST_STEP][PASSED] - case "DiarioSalida":: null

2023-10-24 08:23:38 - [TEST_STEP][PASSED] - log.loggerInfo("SE VA A REALIZAR LA PANTALLA DE DIARIO SALIDA"): null

2023-10-24 08:23:38 - [TEST_STEP][PASSED] - Script1676556991125.prv_getCampos(mapeo, filaHostRun, log): null

2023-10-24 08:23:38 - [TEST_STEP][PASSED] - fieldCampos = <not implemented yet for class: org.codehaus.groovy.ast.expr.EmptyExpression>: null

2023-10-24 08:23:38 - [TEST_STEP][PASSED] - estadoPedido = <not implemented yet for class: org.codehaus.groovy.ast.expr.EmptyExpression>: null

2023-10-24 08:23:38 - [TEST_STEP][PASSED] - expedicion = <not implemented yet for class: org.codehaus.groovy.ast.expr.EmptyExpression>: null

2023-10-24 08:23:38 - [TEST_STEP][PASSED] - albaran = <not implemented yet for class: org.codehaus.groovy.ast.expr.EmptyExpression>: null

2023-10-24 08:23:38 - [TEST_STEP][PASSED] - estadoExpedicion = <not implemented yet for class: org.codehaus.groovy.ast.expr.EmptyExpression>: null

2023-10-24 08:23:38 - [TEST_STEP][PASSED] - fieldCampos = mapeo.get("Campos"): null

2023-10-24 08:23:38 - [TEST_STEP][PASSED] - switch (fieldCampos): null

2023-10-24 08:23:38 - [TEST_STEP][PASSED] - case "NumeroExpedicion":: null

2023-10-24 08:23:38 - [TEST_STEP][PASSED] - expedicion = Script1676556991125.prv_basicOperation(mapeo, log): null

2023-10-24 08:23:38 - [TEST_STEP][PASSED] - valueHost = <not implemented yet for class: org.codehaus.groovy.ast.expr.EmptyExpression>: null

2023-10-24 08:23:38 - [TEST_STEP][PASSED] - try: null

2023-10-24 08:23:38 - [TEST_STEP][PASSED] - valueHost = HostUtils.operacionPantallaHost(mapeo, log): null

2023-10-24 08:23:43 - [TEST_STEP][PASSED] - return valueHost.trim(): null

2023-10-24 08:23:43 - [TEST_STEP][PASSED] - log.loggerInfo("La expedicion recogida es: %s", expedicion.trim()): null

2023-10-24 08:23:43 - [TEST_STEP][PASSED] - assert !(expedicion.isEmpty()): null

2023-10-24 08:23:43 - [TEST_STEP][PASSED] - Script1676556991125.prv_putExpedicion(expedicion, filaHostRun, log): null

2023-10-24 08:23:43 - [TEST_STEP][PASSED] - delegacion = <not implemented yet for class: org.codehaus.groovy.ast.expr.EmptyExpression>: null

2023-10-24 08:23:43 - [TEST_STEP][PASSED] - fechaExpedicion = <not implemented yet for class: org.codehaus.groovy.ast.expr.EmptyExpression>: null

2023-10-24 08:23:43 - [TEST_STEP][PASSED] - fecha = <not implemented yet for class: org.codehaus.groovy.ast.expr.EmptyExpression>: null

2023-10-24 08:23:43 - [TEST_STEP][PASSED] - expedicionExcel = <not implemented yet for class: org.codehaus.groovy.ast.expr.EmptyExpression>: null

2023-10-24 08:23:43 - [TEST_STEP][PASSED] - tipoExpedicion = <not implemented yet for class: org.codehaus.groovy.ast.expr.EmptyExpression>: null

2023-10-24 08:23:43 - [TEST_STEP][PASSED] - codigoFranquicia = <not implemented yet for class: org.codehaus.groovy.ast.expr.EmptyExpression>: null

2023-10-24 08:23:43 - [TEST_STEP][PASSED] - splitExpedicion = <not implemented yet for class: org.codehaus.groovy.ast.expr.EmptyExpression>: null

2023-10-24 08:23:43 - [TEST_STEP][PASSED] - codeExpedicion = <not implemented yet for class: org.codehaus.groovy.ast.expr.EmptyExpression>: null

2023-10-24 08:23:43 - [TEST_STEP][PASSED] - date = <not implemented yet for class: org.codehaus.groovy.ast.expr.EmptyExpression>: null

2023-10-24 08:23:43 - [TEST_STEP][PASSED] - dateTimeFormatter = <not implemented yet for class: org.codehaus.groovy.ast.expr.EmptyExpression>: null

2023-10-24 08:23:43 - [TEST_STEP][PASSED] - localDateTime = <not implemented yet for class: org.codehaus.groovy.ast.expr.EmptyExpression>: null

2023-10-24 08:23:43 - [TEST_STEP][PASSED] - try: null

2023-10-24 08:23:43 - [TEST_STEP][PASSED] - codeExpedicion = new java.util.ArrayList(): null

2023-10-24 08:23:43 - [TEST_STEP][PASSED] - dateTimeFormatter = new java.text.SimpleDateFormat(yyMMdd): null

2023-10-24 08:23:43 - [TEST_STEP][PASSED] - writeExcel.writeExcel_Connection(filaHost, "Numero Expedicion", "Connection", expedicion): Se va ha escribir en la columna Numero Expedicion y en la fila 7 el valor: 2 999 5290116 24/10/23

2023-10-24 08:23:43 - [MESSAGE][INFO] - Se va ha escribir en la columna Numero Expedicion y en la fila 7 el valor: 2 999 5290116 24/10/23

2023-10-24 08:23:44 - [TEST_STEP][PASSED] - splitExpedicion = expedicion.split(" "): null

2023-10-24 08:23:44 - [TEST_STEP][PASSED] - codeExpedicion = Script1676556991125.prv_removeSpacesList(splitExpedicion): null

2023-10-24 08:23:44 - [TEST_STEP][PASSED] - isEmpty = <not implemented yet for class: org.codehaus.groovy.ast.expr.EmptyExpression>: null

2023-10-24 08:23:44 - [TEST_STEP][PASSED] - codeExpedicion = <not implemented yet for class: org.codehaus.groovy.ast.expr.EmptyExpression>: null

2023-10-24 08:23:44 - [TEST_STEP][PASSED] - codeExpedicion = new java.util.ArrayList(): null

2023-10-24 08:23:44 - [TEST_STEP][PASSED] - for (def item : splitExpedicion): null

2023-10-24 08:23:44 - [TEST_STEP][PASSED] - isEmpty = empty: null

2023-10-24 08:23:44 - [TEST_STEP][PASSED] - if (!(isEmpty)): null

2023-10-24 08:23:44 - [TEST_STEP][PASSED] - codeExpedicion.add(item): null

2023-10-24 08:23:44 - [TEST_STEP][PASSED] - isEmpty = empty: null

2023-10-24 08:23:44 - [TEST_STEP][PASSED] - if (!(isEmpty)): null

2023-10-24 08:23:44 - [TEST_STEP][PASSED] - codeExpedicion.add(item): null

2023-10-24 08:23:44 - [TEST_STEP][PASSED] - isEmpty = empty: null

2023-10-24 08:23:44 - [TEST_STEP][PASSED] - if (!(isEmpty)): null

2023-10-24 08:23:44 - [TEST_STEP][PASSED] - codeExpedicion.add(item): null

2023-10-24 08:23:44 - [TEST_STEP][PASSED] - isEmpty = empty: null

2023-10-24 08:23:44 - [TEST_STEP][PASSED] - if (!(isEmpty)): null

2023-10-24 08:23:44 - [TEST_STEP][PASSED] - codeExpedicion.add(item): null

2023-10-24 08:23:44 - [TEST_STEP][PASSED] - return codeExpedicion: null

2023-10-24 08:23:44 - [TEST_STEP][PASSED] - tipoExpedicion = "S": null

2023-10-24 08:23:44 - [TEST_STEP][PASSED] - delegacion = codeExpedicion[0].trim(): null

2023-10-24 08:23:44 - [TEST_STEP][PASSED] - log.loggerInfo("La expedicion recogida es: %s", delegacion): null

2023-10-24 08:23:44 - [TEST_STEP][PASSED] - codigoFranquicia = codeExpedicion[1].trim(): null

2023-10-24 08:23:44 - [TEST_STEP][PASSED] - log.loggerInfo("La expedicion recogida es: %s", codigoFranquicia): null

2023-10-24 08:23:44 - [TEST_STEP][PASSED] - expedicionExcel = codeExpedicion[2].trim(): null

2023-10-24 08:23:44 - [TEST_STEP][PASSED] - log.loggerInfo("La expedicion recogida es: %s", expedicionExcel): null

2023-10-24 08:23:44 - [TEST_STEP][PASSED] - fechaExpedicion = codeExpedicion[3].trim(): null

2023-10-24 08:23:44 - [TEST_STEP][PASSED] - log.loggerInfo("La expedicion recogida es: %s", fechaExpedicion): null

2023-10-24 08:23:44 - [TEST_STEP][PASSED] - date = SimpleDateFormat(dd/MM/yy).parse(fechaExpedicion): null

2023-10-24 08:23:44 - [TEST_STEP][PASSED] - fecha = String.format("1%s", dateTimeFormatter.format(date)): null

2023-10-24 08:23:44 - [TEST_STEP][PASSED] - writeExcel.writeExcel_CrearExpedicionExterna(37, "ARGUMENTOS", "Operativa", expedicionExcel.trim()): Se va ha escribir en la columna ARGUMENTOS y en la fila 37 el valor: 5290116

2023-10-24 08:23:44 - [MESSAGE][INFO] - Se va ha escribir en la columna ARGUMENTOS y en la fila 37 el valor: 5290116

2023-10-24 08:23:44 - [TEST_STEP][PASSED] - writeExcel.writeExcel_CrearExpedicionExterna(64, "ARGUMENTOS", "Operativa", delegacion.trim()): Se va ha escribir en la columna ARGUMENTOS y en la fila 64 el valor: 2

2023-10-24 08:23:44 - [MESSAGE][INFO] - Se va ha escribir en la columna ARGUMENTOS y en la fila 64 el valor: 2

2023-10-24 08:23:44 - [TEST_STEP][PASSED] - writeExcel.writeExcel_CrearExpedicionExterna(65, "ARGUMENTOS", "Operativa", expedicionExcel.trim()): Se va ha escribir en la columna ARGUMENTOS y en la fila 65 el valor: 5290116

2023-10-24 08:23:44 - [MESSAGE][INFO] - Se va ha escribir en la columna ARGUMENTOS y en la fila 65 el valor: 5290116

2023-10-24 08:23:44 - [TEST_STEP][PASSED] - writeExcel.writeExcel_CrearExpedicionExterna(87, "ARGUMENTOS", "Operativa", delegacion.trim()): Se va ha escribir en la columna ARGUMENTOS y en la fila 87 el valor: 2

2023-10-24 08:23:44 - [MESSAGE][INFO] - Se va ha escribir en la columna ARGUMENTOS y en la fila 87 el valor: 2

2023-10-24 08:23:44 - [TEST_STEP][PASSED] - writeExcel.writeExcel_CrearExpedicionExterna(88, "ARGUMENTOS", "Operativa", expedicionExcel.trim()): Se va ha escribir en la columna ARGUMENTOS y en la fila 88 el valor: 5290116

2023-10-24 08:23:44 - [MESSAGE][INFO] - Se va ha escribir en la columna ARGUMENTOS y en la fila 88 el valor: 5290116

2023-10-24 08:23:44 - [TEST_STEP][PASSED] - writeExcel.writeExcel_CrearExpedicionExterna(125, "ARGUMENTOS", "Operativa", delegacion.trim()): Se va ha escribir en la columna ARGUMENTOS y en la fila 125 el valor: 2

2023-10-24 08:23:44 - [MESSAGE][INFO] - Se va ha escribir en la columna ARGUMENTOS y en la fila 125 el valor: 2

2023-10-24 08:23:44 - [TEST_STEP][PASSED] - writeExcel.writeExcel_CrearExpedicionExterna(126, "ARGUMENTOS", "Operativa", expedicionExcel.trim()): Se va ha escribir en la columna ARGUMENTOS y en la fila 126 el valor: 5290116

2023-10-24 08:23:44 - [MESSAGE][INFO] - Se va ha escribir en la columna ARGUMENTOS y en la fila 126 el valor: 5290116

2023-10-24 08:23:44 - [TEST_STEP][PASSED] - writeExcel.writeExcel_CrearExpedicionExterna(139, "ARGUMENTOS", "Operativa", tipoExpedicion): Se va ha escribir en la columna ARGUMENTOS y en la fila 139 el valor: S

2023-10-24 08:23:44 - [MESSAGE][INFO] - Se va ha escribir en la columna ARGUMENTOS y en la fila 139 el valor: S

2023-10-24 08:23:44 - [TEST_STEP][PASSED] - writeExcel.writeExcel_CrearExpedicionExterna(140, "ARGUMENTOS", "Operativa", delegacion): Se va ha escribir en la columna ARGUMENTOS y en la fila 140 el valor: 2

2023-10-24 08:23:44 - [MESSAGE][INFO] - Se va ha escribir en la columna ARGUMENTOS y en la fila 140 el valor: 2

2023-10-24 08:23:44 - [TEST_STEP][PASSED] - writeExcel.writeExcel_CrearExpedicionExterna(141, "ARGUMENTOS", "Operativa", codigoFranquicia): Se va ha escribir en la columna ARGUMENTOS y en la fila 141 el valor: 999

2023-10-24 08:23:44 - [MESSAGE][INFO] - Se va ha escribir en la columna ARGUMENTOS y en la fila 141 el valor: 999

2023-10-24 08:23:44 - [TEST_STEP][PASSED] - writeExcel.writeExcel_CrearExpedicionExterna(142, "ARGUMENTOS", "Operativa", expedicionExcel.trim()): Se va ha escribir en la columna ARGUMENTOS y en la fila 142 el valor: 5290116

2023-10-24 08:23:44 - [MESSAGE][INFO] - Se va ha escribir en la columna ARGUMENTOS y en la fila 142 el valor: 5290116

2023-10-24 08:23:44 - [TEST_STEP][PASSED] - writeExcel.writeExcel_CrearExpedicionExterna(143, "ARGUMENTOS", "Operativa", fecha): Se va ha escribir en la columna ARGUMENTOS y en la fila 143 el valor: 1231024

2023-10-24 08:23:44 - [MESSAGE][INFO] - Se va ha escribir en la columna ARGUMENTOS y en la fila 143 el valor: 1231024

2023-10-24 08:23:44 - [TEST_STEP][PASSED] - writeExcel.writeExcel_CrearExpedicionExterna(163, "ARGUMENTOS", "Operativa", delegacion.trim()): Se va ha escribir en la columna ARGUMENTOS y en la fila 163 el valor: 2

2023-10-24 08:23:44 - [MESSAGE][INFO] - Se va ha escribir en la columna ARGUMENTOS y en la fila 163 el valor: 2

2023-10-24 08:23:44 - [TEST_STEP][PASSED] - writeExcel.writeExcel_CrearExpedicionExterna(164, "ARGUMENTOS", "Operativa", expedicionExcel.trim()): Se va ha escribir en la columna ARGUMENTOS y en la fila 164 el valor: 5290116

2023-10-24 08:23:44 - [MESSAGE][INFO] - Se va ha escribir en la columna ARGUMENTOS y en la fila 164 el valor: 5290116

2023-10-24 08:23:44 - [TEST_STEP][PASSED] - writeExcel.writeExcel_CrearExpedicionExterna(179, "ARGUMENTOS", "Operativa", delegacion.trim()): Se va ha escribir en la columna ARGUMENTOS y en la fila 179 el valor: 2

2023-10-24 08:23:44 - [MESSAGE][INFO] - Se va ha escribir en la columna ARGUMENTOS y en la fila 179 el valor: 2

2023-10-24 08:23:44 - [TEST_STEP][PASSED] - writeExcel.writeExcel_CrearExpedicionExterna(180, "ARGUMENTOS", "Operativa", expedicionExcel.trim()): Se va ha escribir en la columna ARGUMENTOS y en la fila 180 el valor: 5290116

2023-10-24 08:23:44 - [MESSAGE][INFO] - Se va ha escribir en la columna ARGUMENTOS y en la fila 180 el valor: 5290116

2023-10-24 08:23:44 - [TEST_STEP][PASSED] - writeExcel.writeExcel_CrearExpedicionExterna(203, "ARGUMENTOS", "Operativa", delegacion.trim()): Se va ha escribir en la columna ARGUMENTOS y en la fila 203 el valor: 2

2023-10-24 08:23:45 - [MESSAGE][INFO] - Se va ha escribir en la columna ARGUMENTOS y en la fila 203 el valor: 2

2023-10-24 08:23:45 - [TEST_STEP][PASSED] - writeExcel.writeExcel_CrearExpedicionExterna(204, "ARGUMENTOS", "Operativa", expedicionExcel.trim()): null

2023-10-24 08:23:45 - [MESSAGE][INFO] - Se va ha escribir en la columna ARGUMENTOS y en la fila 204 el valor: 5290116

2023-10-24 08:23:45 - [TEST_STEP][PASSED] - break: null

2023-10-24 08:23:45 - [TEST_STEP][PASSED] - break: null

2023-10-24 08:23:45 - [TEST_STEP][PASSED] - (filaInicio++): null

2023-10-24 08:23:45 - [TEST_STEP][PASSED] - findTestData("Data Files/ConnectionHost"): null

2023-10-24 08:23:45 - [TEST_STEP][PASSED] - rowDatosExcel = findTestData("Data Files/GTI - Crear Expedicion Externa"): null

2023-10-24 08:23:45 - [TEST_STEP][PASSED] - Script1676556991125.prv_getPantalla(filaInicio, filaHostRun, rowDatosExcel, log): null

2023-10-24 08:23:45 - [TEST_STEP][PASSED] - fieldPantalla = <not implemented yet for class: org.codehaus.groovy.ast.expr.EmptyExpression>: null

2023-10-24 08:23:45 - [TEST_STEP][PASSED] - mapeo = <not implemented yet for class: org.codehaus.groovy.ast.expr.EmptyExpression>: null

2023-10-24 08:23:45 - [TEST_STEP][PASSED] - mapeo = new java.util.HashMap(): null

2023-10-24 08:23:45 - [TEST_STEP][PASSED] - mapeo = HostUtils.getDataExcel(datosExcel, numeroFila): null

2023-10-24 08:23:45 - [TEST_STEP][PASSED] - fieldPantalla = mapeo.get("Pantalla"): null

2023-10-24 08:23:45 - [TEST_STEP][PASSED] - switch (fieldPantalla): null

2023-10-24 08:23:45 - [TEST_STEP][PASSED] - Default: null

2023-10-24 08:23:45 - [TEST_STEP][PASSED] - Script1676556991125.prv_basicOperation(mapeo, log): null

2023-10-24 08:23:45 - [TEST_STEP][PASSED] - valueHost = <not implemented yet for class: org.codehaus.groovy.ast.expr.EmptyExpression>: null

2023-10-24 08:23:45 - [TEST_STEP][PASSED] - try: null

2023-10-24 08:23:45 - [TEST_STEP][PASSED] - valueHost = HostUtils.operacionPantallaHost(mapeo, log): null

2023-10-24 08:23:49 - [TEST_STEP][PASSED] - return valueHost.trim(): null

2023-10-24 08:23:49 - [TEST_STEP][PASSED] - (filaInicio++): null

2023-10-24 08:23:49 - [TEST_STEP][PASSED] - findTestData("Data Files/ConnectionHost"): null

2023-10-24 08:23:49 - [TEST_STEP][PASSED] - rowDatosExcel = findTestData("Data Files/GTI - Crear Expedicion Externa"): null

2023-10-24 08:23:49 - [TEST_STEP][PASSED] - Script1676556991125.prv_getPantalla(filaInicio, filaHostRun, rowDatosExcel, log): null

2023-10-24 08:23:49 - [TEST_STEP][PASSED] - fieldPantalla = <not implemented yet for class: org.codehaus.groovy.ast.expr.EmptyExpression>: null

2023-10-24 08:23:49 - [TEST_STEP][PASSED] - mapeo = <not implemented yet for class: org.codehaus.groovy.ast.expr.EmptyExpression>: null

2023-10-24 08:23:49 - [TEST_STEP][PASSED] - mapeo = new java.util.HashMap(): null

2023-10-24 08:23:49 - [TEST_STEP][PASSED] - mapeo = HostUtils.getDataExcel(datosExcel, numeroFila): null

2023-10-24 08:23:49 - [TEST_STEP][PASSED] - fieldPantalla = mapeo.get("Pantalla"): null

2023-10-24 08:23:49 - [TEST_STEP][PASSED] - switch (fieldPantalla): null

2023-10-24 08:23:49 - [TEST_STEP][PASSED] - Default: null

2023-10-24 08:23:49 - [TEST_STEP][PASSED] - Script1676556991125.prv_basicOperation(mapeo, log): null

2023-10-24 08:23:49 - [TEST_STEP][PASSED] - valueHost = <not implemented yet for class: org.codehaus.groovy.ast.expr.EmptyExpression>: null

2023-10-24 08:23:49 - [TEST_STEP][PASSED] - try: null

2023-10-24 08:23:49 - [TEST_STEP][PASSED] - valueHost = HostUtils.operacionPantallaHost(mapeo, log): null

2023-10-24 08:23:53 - [TEST_STEP][PASSED] - return valueHost.trim(): null

2023-10-24 08:23:53 - [TEST_STEP][PASSED] - (filaInicio++): null

2023-10-24 08:23:53 - [TEST_STEP][PASSED] - findTestData("Data Files/ConnectionHost"): null

2023-10-24 08:23:53 - [TEST_STEP][PASSED] - rowDatosExcel = findTestData("Data Files/GTI - Crear Expedicion Externa"): null

2023-10-24 08:23:53 - [TEST_STEP][PASSED] - Script1676556991125.prv_getPantalla(filaInicio, filaHostRun, rowDatosExcel, log): null

2023-10-24 08:23:53 - [TEST_STEP][PASSED] - fieldPantalla = <not implemented yet for class: org.codehaus.groovy.ast.expr.EmptyExpression>: null

2023-10-24 08:23:53 - [TEST_STEP][PASSED] - mapeo = <not implemented yet for class: org.codehaus.groovy.ast.expr.EmptyExpression>: null

2023-10-24 08:23:53 - [TEST_STEP][PASSED] - mapeo = new java.util.HashMap(): null

2023-10-24 08:23:53 - [TEST_STEP][PASSED] - mapeo = HostUtils.getDataExcel(datosExcel, numeroFila): null

2023-10-24 08:23:53 - [TEST_STEP][PASSED] - fieldPantalla = mapeo.get("Pantalla"): null

2023-10-24 08:23:53 - [TEST_STEP][PASSED] - switch (fieldPantalla): null

2023-10-24 08:23:53 - [TEST_STEP][PASSED] - Default: null

2023-10-24 08:23:53 - [TEST_STEP][PASSED] - Script1676556991125.prv_basicOperation(mapeo, log): null

2023-10-24 08:23:53 - [TEST_STEP][PASSED] - valueHost = <not implemented yet for class: org.codehaus.groovy.ast.expr.EmptyExpression>: null

2023-10-24 08:23:53 - [TEST_STEP][PASSED] - try: null

2023-10-24 08:23:53 - [TEST_STEP][PASSED] - valueHost = HostUtils.operacionPantallaHost(mapeo, log): null

2023-10-24 08:23:58 - [TEST_STEP][PASSED] - return valueHost.trim(): null

2023-10-24 08:23:58 - [TEST_STEP][PASSED] - (filaInicio++): null

2023-10-24 08:23:58 - [TEST_STEP][PASSED] - findTestData("Data Files/ConnectionHost"): null

2023-10-24 08:23:58 - [TEST_STEP][PASSED] - rowDatosExcel = findTestData("Data Files/GTI - Crear Expedicion Externa"): null

2023-10-24 08:23:58 - [TEST_STEP][PASSED] - Script1676556991125.prv_getPantalla(filaInicio, filaHostRun, rowDatosExcel, log): null

2023-10-24 08:23:58 - [TEST_STEP][PASSED] - fieldPantalla = <not implemented yet for class: org.codehaus.groovy.ast.expr.EmptyExpression>: null

2023-10-24 08:23:58 - [TEST_STEP][PASSED] - mapeo = <not implemented yet for class: org.codehaus.groovy.ast.expr.EmptyExpression>: null

2023-10-24 08:23:58 - [TEST_STEP][PASSED] - mapeo = new java.util.HashMap(): null

2023-10-24 08:23:58 - [TEST_STEP][PASSED] - mapeo = HostUtils.getDataExcel(datosExcel, numeroFila): null

2023-10-24 08:23:58 - [TEST_STEP][PASSED] - fieldPantalla = mapeo.get("Pantalla"): null

2023-10-24 08:23:58 - [TEST_STEP][PASSED] - switch (fieldPantalla): null

2023-10-24 08:23:58 - [TEST_STEP][PASSED] - Default: null

2023-10-24 08:23:58 - [TEST_STEP][PASSED] - Script1676556991125.prv_basicOperation(mapeo, log): null

2023-10-24 08:23:58 - [TEST_STEP][PASSED] - valueHost = <not implemented yet for class: org.codehaus.groovy.ast.expr.EmptyExpression>: null

2023-10-24 08:23:58 - [TEST_STEP][PASSED] - try: null

2023-10-24 08:23:58 - [TEST_STEP][PASSED] - valueHost = HostUtils.operacionPantallaHost(mapeo, log): null

2023-10-24 08:24:03 - [TEST_STEP][PASSED] - return valueHost.trim(): null

2023-10-24 08:24:03 - [TEST_STEP][PASSED] - (filaInicio++): null

2023-10-24 08:24:03 - [TEST_STEP][PASSED] - findTestData("Data Files/ConnectionHost"): null

2023-10-24 08:24:03 - [TEST_STEP][PASSED] - rowDatosExcel = findTestData("Data Files/GTI - Crear Expedicion Externa"): null

2023-10-24 08:24:03 - [TEST_STEP][PASSED] - Script1676556991125.prv_getPantalla(filaInicio, filaHostRun, rowDatosExcel, log): null

2023-10-24 08:24:03 - [TEST_STEP][PASSED] - fieldPantalla = <not implemented yet for class: org.codehaus.groovy.ast.expr.EmptyExpression>: null

2023-10-24 08:24:03 - [TEST_STEP][PASSED] - mapeo = <not implemented yet for class: org.codehaus.groovy.ast.expr.EmptyExpression>: null

2023-10-24 08:24:03 - [TEST_STEP][PASSED] - mapeo = new java.util.HashMap(): null

2023-10-24 08:24:03 - [TEST_STEP][PASSED] - mapeo = HostUtils.getDataExcel(datosExcel, numeroFila): null

2023-10-24 08:24:03 - [TEST_STEP][PASSED] - fieldPantalla = mapeo.get("Pantalla"): null

2023-10-24 08:24:03 - [TEST_STEP][PASSED] - switch (fieldPantalla): null

2023-10-24 08:24:03 - [TEST_STEP][PASSED] - Default: null

2023-10-24 08:24:03 - [TEST_STEP][PASSED] - Script1676556991125.prv_basicOperation(mapeo, log): null

2023-10-24 08:24:03 - [TEST_STEP][PASSED] - valueHost = <not implemented yet for class: org.codehaus.groovy.ast.expr.EmptyExpression>: null

2023-10-24 08:24:03 - [TEST_STEP][PASSED] - try: null

2023-10-24 08:24:03 - [TEST_STEP][PASSED] - valueHost = HostUtils.operacionPantallaHost(mapeo, log): null

2023-10-24 08:24:07 - [TEST_STEP][PASSED] - return valueHost.trim(): null

2023-10-24 08:24:07 - [TEST_STEP][PASSED] - (filaInicio++): null

2023-10-24 08:24:07 - [TEST_STEP][PASSED] - findTestData("Data Files/ConnectionHost"): null

2023-10-24 08:24:07 - [TEST_STEP][PASSED] - rowDatosExcel = findTestData("Data Files/GTI - Crear Expedicion Externa"): null

2023-10-24 08:24:07 - [TEST_STEP][PASSED] - Script1676556991125.prv_getPantalla(filaInicio, filaHostRun, rowDatosExcel, log): null

2023-10-24 08:24:07 - [TEST_STEP][PASSED] - fieldPantalla = <not implemented yet for class: org.codehaus.groovy.ast.expr.EmptyExpression>: null

2023-10-24 08:24:07 - [TEST_STEP][PASSED] - mapeo = <not implemented yet for class: org.codehaus.groovy.ast.expr.EmptyExpression>: null

2023-10-24 08:24:07 - [TEST_STEP][PASSED] - mapeo = new java.util.HashMap(): null

2023-10-24 08:24:07 - [TEST_STEP][PASSED] - mapeo = HostUtils.getDataExcel(datosExcel, numeroFila): null

2023-10-24 08:24:07 - [TEST_STEP][PASSED] - fieldPantalla = mapeo.get("Pantalla"): null

2023-10-24 08:24:07 - [TEST_STEP][PASSED] - switch (fieldPantalla): null

2023-10-24 08:24:07 - [TEST_STEP][PASSED] - Default: null

2023-10-24 08:24:07 - [TEST_STEP][PASSED] - Script1676556991125.prv_basicOperation(mapeo, log): null

2023-10-24 08:24:07 - [TEST_STEP][PASSED] - valueHost = <not implemented yet for class: org.codehaus.groovy.ast.expr.EmptyExpression>: null

2023-10-24 08:24:07 - [TEST_STEP][PASSED] - try: null

2023-10-24 08:24:07 - [TEST_STEP][PASSED] - valueHost = HostUtils.operacionPantallaHost(mapeo, log): null

2023-10-24 08:24:12 - [TEST_STEP][PASSED] - return valueHost.trim(): null

2023-10-24 08:24:12 - [TEST_STEP][PASSED] - (filaInicio++): null

2023-10-24 08:24:12 - [TEST_STEP][PASSED] - findTestData("Data Files/ConnectionHost"): null

2023-10-24 08:24:12 - [TEST_STEP][PASSED] - rowDatosExcel = findTestData("Data Files/GTI - Crear Expedicion Externa"): null

2023-10-24 08:24:12 - [TEST_STEP][PASSED] - Script1676556991125.prv_getPantalla(filaInicio, filaHostRun, rowDatosExcel, log): null

2023-10-24 08:24:12 - [TEST_STEP][PASSED] - fieldPantalla = <not implemented yet for class: org.codehaus.groovy.ast.expr.EmptyExpression>: null

2023-10-24 08:24:12 - [TEST_STEP][PASSED] - mapeo = <not implemented yet for class: org.codehaus.groovy.ast.expr.EmptyExpression>: null

2023-10-24 08:24:12 - [TEST_STEP][PASSED] - mapeo = new java.util.HashMap(): null

2023-10-24 08:24:12 - [TEST_STEP][PASSED] - mapeo = HostUtils.getDataExcel(datosExcel, numeroFila): null

2023-10-24 08:24:12 - [TEST_STEP][PASSED] - fieldPantalla = mapeo.get("Pantalla"): null

2023-10-24 08:24:12 - [TEST_STEP][PASSED] - switch (fieldPantalla): null

2023-10-24 08:24:12 - [TEST_STEP][PASSED] - Default: null

2023-10-24 08:24:12 - [TEST_STEP][PASSED] - Script1676556991125.prv_basicOperation(mapeo, log): null

2023-10-24 08:24:12 - [TEST_STEP][PASSED] - valueHost = <not implemented yet for class: org.codehaus.groovy.ast.expr.EmptyExpression>: null

2023-10-24 08:24:12 - [TEST_STEP][PASSED] - try: null

2023-10-24 08:24:12 - [TEST_STEP][PASSED] - valueHost = HostUtils.operacionPantallaHost(mapeo, log): null

2023-10-24 08:24:15 - [TEST_STEP][PASSED] - return valueHost.trim(): null

2023-10-24 08:24:15 - [TEST_STEP][PASSED] - (filaInicio++): null

2023-10-24 08:24:15 - [TEST_STEP][PASSED] - findTestData("Data Files/ConnectionHost"): null

2023-10-24 08:24:15 - [TEST_STEP][PASSED] - rowDatosExcel = findTestData("Data Files/GTI - Crear Expedicion Externa"): null

2023-10-24 08:24:15 - [TEST_STEP][PASSED] - Script1676556991125.prv_getPantalla(filaInicio, filaHostRun, rowDatosExcel, log): null

2023-10-24 08:24:15 - [TEST_STEP][PASSED] - fieldPantalla = <not implemented yet for class: org.codehaus.groovy.ast.expr.EmptyExpression>: null

2023-10-24 08:24:15 - [TEST_STEP][PASSED] - mapeo = <not implemented yet for class: org.codehaus.groovy.ast.expr.EmptyExpression>: null

2023-10-24 08:24:15 - [TEST_STEP][PASSED] - mapeo = new java.util.HashMap(): null

2023-10-24 08:24:15 - [TEST_STEP][PASSED] - mapeo = HostUtils.getDataExcel(datosExcel, numeroFila): null

2023-10-24 08:24:15 - [TEST_STEP][PASSED] - fieldPantalla = mapeo.get("Pantalla"): null

2023-10-24 08:24:15 - [TEST_STEP][PASSED] - switch (fieldPantalla): null

2023-10-24 08:24:15 - [TEST_STEP][PASSED] - Default: null

2023-10-24 08:24:15 - [TEST_STEP][PASSED] - Script1676556991125.prv_basicOperation(mapeo, log): null

2023-10-24 08:24:15 - [TEST_STEP][PASSED] - valueHost = <not implemented yet for class: org.codehaus.groovy.ast.expr.EmptyExpression>: null

2023-10-24 08:24:15 - [TEST_STEP][PASSED] - try: null

2023-10-24 08:24:15 - [TEST_STEP][PASSED] - valueHost = HostUtils.operacionPantallaHost(mapeo, log): null

2023-10-24 08:24:20 - [TEST_STEP][PASSED] - return valueHost.trim(): null

2023-10-24 08:24:20 - [TEST_STEP][PASSED] - (filaInicio++): null

2023-10-24 08:24:20 - [TEST_STEP][PASSED] - findTestData("Data Files/ConnectionHost"): null

2023-10-24 08:24:20 - [TEST_STEP][PASSED] - rowDatosExcel = findTestData("Data Files/GTI - Crear Expedicion Externa"): null

2023-10-24 08:24:20 - [TEST_STEP][PASSED] - Script1676556991125.prv_getPantalla(filaInicio, filaHostRun, rowDatosExcel, log): null

2023-10-24 08:24:20 - [TEST_STEP][PASSED] - fieldPantalla = <not implemented yet for class: org.codehaus.groovy.ast.expr.EmptyExpression>: null

2023-10-24 08:24:20 - [TEST_STEP][PASSED] - mapeo = <not implemented yet for class: org.codehaus.groovy.ast.expr.EmptyExpression>: null

2023-10-24 08:24:20 - [TEST_STEP][PASSED] - mapeo = new java.util.HashMap(): null

2023-10-24 08:24:20 - [TEST_STEP][PASSED] - mapeo = HostUtils.getDataExcel(datosExcel, numeroFila): null

2023-10-24 08:24:20 - [TEST_STEP][PASSED] - fieldPantalla = mapeo.get("Pantalla"): null

2023-10-24 08:24:20 - [TEST_STEP][PASSED] - switch (fieldPantalla): null

2023-10-24 08:24:20 - [TEST_STEP][PASSED] - Default: null

2023-10-24 08:24:20 - [TEST_STEP][PASSED] - Script1676556991125.prv_basicOperation(mapeo, log): null

2023-10-24 08:24:20 - [TEST_STEP][PASSED] - valueHost = <not implemented yet for class: org.codehaus.groovy.ast.expr.EmptyExpression>: null

2023-10-24 08:24:20 - [TEST_STEP][PASSED] - try: null

2023-10-24 08:24:20 - [TEST_STEP][PASSED] - valueHost = HostUtils.operacionPantallaHost(mapeo, log): null

2023-10-24 08:24:23 - [TEST_STEP][PASSED] - return valueHost.trim(): null

2023-10-24 08:24:23 - [TEST_STEP][PASSED] - (filaInicio++): null

2023-10-24 08:24:23 - [TEST_STEP][PASSED] - findTestData("Data Files/ConnectionHost"): null

2023-10-24 08:24:23 - [TEST_STEP][PASSED] - rowDatosExcel = findTestData("Data Files/GTI - Crear Expedicion Externa"): null

2023-10-24 08:24:23 - [TEST_STEP][PASSED] - Script1676556991125.prv_getPantalla(filaInicio, filaHostRun, rowDatosExcel, log): null

2023-10-24 08:24:23 - [TEST_STEP][PASSED] - fieldPantalla = <not implemented yet for class: org.codehaus.groovy.ast.expr.EmptyExpression>: null

2023-10-24 08:24:23 - [TEST_STEP][PASSED] - mapeo = <not implemented yet for class: org.codehaus.groovy.ast.expr.EmptyExpression>: null

2023-10-24 08:24:23 - [TEST_STEP][PASSED] - mapeo = new java.util.HashMap(): null

2023-10-24 08:24:23 - [TEST_STEP][PASSED] - mapeo = HostUtils.getDataExcel(datosExcel, numeroFila): null

2023-10-24 08:24:23 - [TEST_STEP][PASSED] - fieldPantalla = mapeo.get("Pantalla"): null

2023-10-24 08:24:23 - [TEST_STEP][PASSED] - switch (fieldPantalla): null

2023-10-24 08:24:23 - [TEST_STEP][PASSED] - Default: null

2023-10-24 08:24:23 - [TEST_STEP][PASSED] - Script1676556991125.prv_basicOperation(mapeo, log): null

2023-10-24 08:24:23 - [TEST_STEP][PASSED] - valueHost = <not implemented yet for class: org.codehaus.groovy.ast.expr.EmptyExpression>: null

2023-10-24 08:24:23 - [TEST_STEP][PASSED] - try: null

2023-10-24 08:24:23 - [TEST_STEP][PASSED] - valueHost = HostUtils.operacionPantallaHost(mapeo, log): null

2023-10-24 08:24:27 - [TEST_STEP][PASSED] - return valueHost.trim(): null

2023-10-24 08:24:27 - [TEST_STEP][PASSED] - (filaInicio++): null

2023-10-24 08:24:27 - [TEST_STEP][PASSED] - findTestData("Data Files/ConnectionHost"): null

2023-10-24 08:24:27 - [TEST_STEP][PASSED] - rowDatosExcel = findTestData("Data Files/GTI - Crear Expedicion Externa"): null

2023-10-24 08:24:27 - [TEST_STEP][PASSED] - Script1676556991125.prv_getPantalla(filaInicio, filaHostRun, rowDatosExcel, log): null

2023-10-24 08:24:27 - [TEST_STEP][PASSED] - fieldPantalla = <not implemented yet for class: org.codehaus.groovy.ast.expr.EmptyExpression>: null

2023-10-24 08:24:27 - [TEST_STEP][PASSED] - mapeo = <not implemented yet for class: org.codehaus.groovy.ast.expr.EmptyExpression>: null

2023-10-24 08:24:27 - [TEST_STEP][PASSED] - mapeo = new java.util.HashMap(): null

2023-10-24 08:24:27 - [TEST_STEP][PASSED] - mapeo = HostUtils.getDataExcel(datosExcel, numeroFila): null

2023-10-24 08:24:27 - [TEST_STEP][PASSED] - fieldPantalla = mapeo.get("Pantalla"): null

2023-10-24 08:24:27 - [TEST_STEP][PASSED] - switch (fieldPantalla): null

2023-10-24 08:24:27 - [TEST_STEP][PASSED] - Default: null

2023-10-24 08:24:27 - [TEST_STEP][PASSED] - Script1676556991125.prv_basicOperation(mapeo, log): null

2023-10-24 08:24:27 - [TEST_STEP][PASSED] - valueHost = <not implemented yet for class: org.codehaus.groovy.ast.expr.EmptyExpression>: null

2023-10-24 08:24:27 - [TEST_STEP][PASSED] - try: null

2023-10-24 08:24:27 - [TEST_STEP][PASSED] - valueHost = HostUtils.operacionPantallaHost(mapeo, log): null

2023-10-24 08:24:32 - [TEST_STEP][PASSED] - return valueHost.trim(): null

2023-10-24 08:24:32 - [TEST_STEP][PASSED] - (filaInicio++): null

2023-10-24 08:24:32 - [TEST_STEP][PASSED] - findTestData("Data Files/ConnectionHost"): null

2023-10-24 08:24:32 - [TEST_STEP][PASSED] - rowDatosExcel = findTestData("Data Files/GTI - Crear Expedicion Externa"): null

2023-10-24 08:24:32 - [TEST_STEP][PASSED] - Script1676556991125.prv_getPantalla(filaInicio, filaHostRun, rowDatosExcel, log): null

2023-10-24 08:24:32 - [TEST_STEP][PASSED] - fieldPantalla = <not implemented yet for class: org.codehaus.groovy.ast.expr.EmptyExpression>: null

2023-10-24 08:24:32 - [TEST_STEP][PASSED] - mapeo = <not implemented yet for class: org.codehaus.groovy.ast.expr.EmptyExpression>: null

2023-10-24 08:24:32 - [TEST_STEP][PASSED] - mapeo = new java.util.HashMap(): null

2023-10-24 08:24:32 - [TEST_STEP][PASSED] - mapeo = HostUtils.getDataExcel(datosExcel, numeroFila): null

2023-10-24 08:24:32 - [TEST_STEP][PASSED] - fieldPantalla = mapeo.get("Pantalla"): null

2023-10-24 08:24:32 - [TEST_STEP][PASSED] - switch (fieldPantalla): null

2023-10-24 08:24:32 - [TEST_STEP][PASSED] - Default: null

2023-10-24 08:24:32 - [TEST_STEP][PASSED] - Script1676556991125.prv_basicOperation(mapeo, log): null

2023-10-24 08:24:32 - [TEST_STEP][PASSED] - valueHost = <not implemented yet for class: org.codehaus.groovy.ast.expr.EmptyExpression>: null

2023-10-24 08:24:32 - [TEST_STEP][PASSED] - try: null

2023-10-24 08:24:32 - [TEST_STEP][PASSED] - valueHost = HostUtils.operacionPantallaHost(mapeo, log): null

2023-10-24 08:24:35 - [TEST_STEP][PASSED] - return valueHost.trim(): null

2023-10-24 08:24:35 - [TEST_STEP][PASSED] - (filaInicio++): null

2023-10-24 08:24:35 - [TEST_STEP][PASSED] - findTestData("Data Files/ConnectionHost"): null

2023-10-24 08:24:35 - [TEST_STEP][PASSED] - rowDatosExcel = findTestData("Data Files/GTI - Crear Expedicion Externa"): null

2023-10-24 08:24:35 - [TEST_STEP][PASSED] - Script1676556991125.prv_getPantalla(filaInicio, filaHostRun, rowDatosExcel, log): null

2023-10-24 08:24:35 - [TEST_STEP][PASSED] - fieldPantalla = <not implemented yet for class: org.codehaus.groovy.ast.expr.EmptyExpression>: null

2023-10-24 08:24:35 - [TEST_STEP][PASSED] - mapeo = <not implemented yet for class: org.codehaus.groovy.ast.expr.EmptyExpression>: null

2023-10-24 08:24:35 - [TEST_STEP][PASSED] - mapeo = new java.util.HashMap(): null

2023-10-24 08:24:35 - [TEST_STEP][PASSED] - mapeo = HostUtils.getDataExcel(datosExcel, numeroFila): null

2023-10-24 08:24:35 - [TEST_STEP][PASSED] - fieldPantalla = mapeo.get("Pantalla"): null

2023-10-24 08:24:35 - [TEST_STEP][PASSED] - switch (fieldPantalla): null

2023-10-24 08:24:35 - [TEST_STEP][PASSED] - case "Sleep":: null

2023-10-24 08:24:35 - [TEST_STEP][PASSED] - log.loggerInfo("Se va ha realizar una para de %s", TimeOut_Host_S): null

2023-10-24 08:24:35 - [TEST_STEP][PASSED] - SECONDS.sleep(TimeOut_Host_M): null

2023-10-24 08:24:39 - [TEST_STEP][PASSED] - break: null

2023-10-24 08:24:39 - [TEST_STEP][PASSED] - (filaInicio++): null

2023-10-24 08:24:39 - [TEST_STEP][PASSED] - findTestData("Data Files/ConnectionHost"): null

2023-10-24 08:24:39 - [TEST_STEP][PASSED] - rowDatosExcel = findTestData("Data Files/GTI - Crear Expedicion Externa"): null

2023-10-24 08:24:40 - [TEST_STEP][PASSED] - Script1676556991125.prv_getPantalla(filaInicio, filaHostRun, rowDatosExcel, log): null

2023-10-24 08:24:40 - [TEST_STEP][PASSED] - fieldPantalla = <not implemented yet for class: org.codehaus.groovy.ast.expr.EmptyExpression>: null

2023-10-24 08:24:40 - [TEST_STEP][PASSED] - mapeo = <not implemented yet for class: org.codehaus.groovy.ast.expr.EmptyExpression>: null

2023-10-24 08:24:40 - [TEST_STEP][PASSED] - mapeo = new java.util.HashMap(): null

2023-10-24 08:24:40 - [TEST_STEP][PASSED] - mapeo = HostUtils.getDataExcel(datosExcel, numeroFila): null

2023-10-24 08:24:40 - [TEST_STEP][PASSED] - fieldPantalla = mapeo.get("Pantalla"): null

2023-10-24 08:24:40 - [TEST_STEP][PASSED] - switch (fieldPantalla): null

2023-10-24 08:24:40 - [TEST_STEP][PASSED] - Default: null

2023-10-24 08:24:40 - [TEST_STEP][PASSED] - Script1676556991125.prv_basicOperation(mapeo, log): null

2023-10-24 08:24:40 - [TEST_STEP][PASSED] - valueHost = <not implemented yet for class: org.codehaus.groovy.ast.expr.EmptyExpression>: null

2023-10-24 08:24:40 - [TEST_STEP][PASSED] - try: null

2023-10-24 08:24:40 - [TEST_STEP][PASSED] - valueHost = HostUtils.operacionPantallaHost(mapeo, log): null

2023-10-24 08:24:44 - [TEST_STEP][PASSED] - return valueHost.trim(): null

2023-10-24 08:24:44 - [TEST_STEP][PASSED] - (filaInicio++): null

2023-10-24 08:24:44 - [TEST_STEP][PASSED] - findTestData("Data Files/ConnectionHost"): null

2023-10-24 08:24:44 - [TEST_STEP][PASSED] - rowDatosExcel = findTestData("Data Files/GTI - Crear Expedicion Externa"): null

2023-10-24 08:24:44 - [TEST_STEP][PASSED] - Script1676556991125.prv_getPantalla(filaInicio, filaHostRun, rowDatosExcel, log): null

2023-10-24 08:24:44 - [TEST_STEP][PASSED] - fieldPantalla = <not implemented yet for class: org.codehaus.groovy.ast.expr.EmptyExpression>: null

2023-10-24 08:24:44 - [TEST_STEP][PASSED] - mapeo = <not implemented yet for class: org.codehaus.groovy.ast.expr.EmptyExpression>: null

2023-10-24 08:24:44 - [TEST_STEP][PASSED] - mapeo = new java.util.HashMap(): null

2023-10-24 08:24:44 - [TEST_STEP][PASSED] - mapeo = HostUtils.getDataExcel(datosExcel, numeroFila): null

2023-10-24 08:24:44 - [TEST_STEP][PASSED] - fieldPantalla = mapeo.get("Pantalla"): null

2023-10-24 08:24:44 - [TEST_STEP][PASSED] - switch (fieldPantalla): null

2023-10-24 08:24:44 - [TEST_STEP][PASSED] - Default: null

2023-10-24 08:24:44 - [TEST_STEP][PASSED] - Script1676556991125.prv_basicOperation(mapeo, log): null

2023-10-24 08:24:44 - [TEST_STEP][PASSED] - valueHost = <not implemented yet for class: org.codehaus.groovy.ast.expr.EmptyExpression>: null

2023-10-24 08:24:44 - [TEST_STEP][PASSED] - try: null

2023-10-24 08:24:44 - [TEST_STEP][PASSED] - valueHost = HostUtils.operacionPantallaHost(mapeo, log): null

2023-10-24 08:24:49 - [TEST_STEP][PASSED] - return valueHost.trim(): null

2023-10-24 08:24:49 - [TEST_STEP][PASSED] - (filaInicio++): null

2023-10-24 08:24:49 - [TEST_STEP][PASSED] - findTestData("Data Files/ConnectionHost"): null

2023-10-24 08:24:49 - [TEST_STEP][PASSED] - rowDatosExcel = findTestData("Data Files/GTI - Crear Expedicion Externa"): null

2023-10-24 08:24:49 - [TEST_STEP][PASSED] - Script1676556991125.prv_getPantalla(filaInicio, filaHostRun, rowDatosExcel, log): null

2023-10-24 08:24:49 - [TEST_STEP][PASSED] - fieldPantalla = <not implemented yet for class: org.codehaus.groovy.ast.expr.EmptyExpression>: null

2023-10-24 08:24:49 - [TEST_STEP][PASSED] - mapeo = <not implemented yet for class: org.codehaus.groovy.ast.expr.EmptyExpression>: null

2023-10-24 08:24:49 - [TEST_STEP][PASSED] - mapeo = new java.util.HashMap(): null

2023-10-24 08:24:49 - [TEST_STEP][PASSED] - mapeo = HostUtils.getDataExcel(datosExcel, numeroFila): null

2023-10-24 08:24:49 - [TEST_STEP][PASSED] - fieldPantalla = mapeo.get("Pantalla"): null

2023-10-24 08:24:49 - [TEST_STEP][PASSED] - switch (fieldPantalla): null

2023-10-24 08:24:49 - [TEST_STEP][PASSED] - Default: null

2023-10-24 08:24:49 - [TEST_STEP][PASSED] - Script1676556991125.prv_basicOperation(mapeo, log): null

2023-10-24 08:24:49 - [TEST_STEP][PASSED] - valueHost = <not implemented yet for class: org.codehaus.groovy.ast.expr.EmptyExpression>: null

2023-10-24 08:24:49 - [TEST_STEP][PASSED] - try: null

2023-10-24 08:24:49 - [TEST_STEP][PASSED] - valueHost = HostUtils.operacionPantallaHost(mapeo, log): null

2023-10-24 08:24:53 - [TEST_STEP][PASSED] - return valueHost.trim(): null

2023-10-24 08:24:53 - [TEST_STEP][PASSED] - (filaInicio++): null

2023-10-24 08:24:53 - [TEST_STEP][PASSED] - findTestData("Data Files/ConnectionHost"): null

2023-10-24 08:24:53 - [TEST_STEP][PASSED] - rowDatosExcel = findTestData("Data Files/GTI - Crear Expedicion Externa"): null

2023-10-24 08:24:53 - [TEST_STEP][PASSED] - Script1676556991125.prv_getPantalla(filaInicio, filaHostRun, rowDatosExcel, log): null

2023-10-24 08:24:53 - [TEST_STEP][PASSED] - fieldPantalla = <not implemented yet for class: org.codehaus.groovy.ast.expr.EmptyExpression>: null

2023-10-24 08:24:53 - [TEST_STEP][PASSED] - mapeo = <not implemented yet for class: org.codehaus.groovy.ast.expr.EmptyExpression>: null

2023-10-24 08:24:53 - [TEST_STEP][PASSED] - mapeo = new java.util.HashMap(): null

2023-10-24 08:24:53 - [TEST_STEP][PASSED] - mapeo = HostUtils.getDataExcel(datosExcel, numeroFila): null

2023-10-24 08:24:53 - [TEST_STEP][PASSED] - fieldPantalla = mapeo.get("Pantalla"): null

2023-10-24 08:24:53 - [TEST_STEP][PASSED] - switch (fieldPantalla): null

2023-10-24 08:24:53 - [TEST_STEP][PASSED] - Default: null

2023-10-24 08:24:53 - [TEST_STEP][PASSED] - Script1676556991125.prv_basicOperation(mapeo, log): null

2023-10-24 08:24:53 - [TEST_STEP][PASSED] - valueHost = <not implemented yet for class: org.codehaus.groovy.ast.expr.EmptyExpression>: null

2023-10-24 08:24:53 - [TEST_STEP][PASSED] - try: null

2023-10-24 08:24:53 - [TEST_STEP][PASSED] - valueHost = HostUtils.operacionPantallaHost(mapeo, log): null

2023-10-24 08:24:58 - [TEST_STEP][PASSED] - return valueHost.trim(): null

2023-10-24 08:24:58 - [TEST_STEP][PASSED] - (filaInicio++): null

2023-10-24 08:24:58 - [TEST_STEP][PASSED] - findTestData("Data Files/ConnectionHost"): null

2023-10-24 08:24:58 - [TEST_STEP][PASSED] - rowDatosExcel = findTestData("Data Files/GTI - Crear Expedicion Externa"): null

2023-10-24 08:24:58 - [TEST_STEP][PASSED] - Script1676556991125.prv_getPantalla(filaInicio, filaHostRun, rowDatosExcel, log): null

2023-10-24 08:24:58 - [TEST_STEP][PASSED] - fieldPantalla = <not implemented yet for class: org.codehaus.groovy.ast.expr.EmptyExpression>: null

2023-10-24 08:24:58 - [TEST_STEP][PASSED] - mapeo = <not implemented yet for class: org.codehaus.groovy.ast.expr.EmptyExpression>: null

2023-10-24 08:24:58 - [TEST_STEP][PASSED] - mapeo = new java.util.HashMap(): null

2023-10-24 08:24:58 - [TEST_STEP][PASSED] - mapeo = HostUtils.getDataExcel(datosExcel, numeroFila): null

2023-10-24 08:24:58 - [TEST_STEP][PASSED] - fieldPantalla = mapeo.get("Pantalla"): null

2023-10-24 08:24:58 - [TEST_STEP][PASSED] - switch (fieldPantalla): null

2023-10-24 08:24:58 - [TEST_STEP][PASSED] - Default: null

2023-10-24 08:24:58 - [TEST_STEP][PASSED] - Script1676556991125.prv_basicOperation(mapeo, log): null

2023-10-24 08:24:58 - [TEST_STEP][PASSED] - valueHost = <not implemented yet for class: org.codehaus.groovy.ast.expr.EmptyExpression>: null

2023-10-24 08:24:58 - [TEST_STEP][PASSED] - try: null

2023-10-24 08:24:58 - [TEST_STEP][PASSED] - valueHost = HostUtils.operacionPantallaHost(mapeo, log): null

2023-10-24 08:25:01 - [TEST_STEP][PASSED] - return valueHost.trim(): null

2023-10-24 08:25:01 - [TEST_STEP][PASSED] - (filaInicio++): null

2023-10-24 08:25:01 - [TEST_STEP][PASSED] - findTestData("Data Files/ConnectionHost"): null

2023-10-24 08:25:01 - [TEST_STEP][PASSED] - rowDatosExcel = findTestData("Data Files/GTI - Crear Expedicion Externa"): null

2023-10-24 08:25:01 - [TEST_STEP][PASSED] - Script1676556991125.prv_getPantalla(filaInicio, filaHostRun, rowDatosExcel, log): null

2023-10-24 08:25:01 - [TEST_STEP][PASSED] - fieldPantalla = <not implemented yet for class: org.codehaus.groovy.ast.expr.EmptyExpression>: null

2023-10-24 08:25:01 - [TEST_STEP][PASSED] - mapeo = <not implemented yet for class: org.codehaus.groovy.ast.expr.EmptyExpression>: null

2023-10-24 08:25:01 - [TEST_STEP][PASSED] - mapeo = new java.util.HashMap(): null

2023-10-24 08:25:01 - [TEST_STEP][PASSED] - mapeo = HostUtils.getDataExcel(datosExcel, numeroFila): null

2023-10-24 08:25:01 - [TEST_STEP][PASSED] - fieldPantalla = mapeo.get("Pantalla"): null

2023-10-24 08:25:01 - [TEST_STEP][PASSED] - switch (fieldPantalla): null

2023-10-24 08:25:01 - [TEST_STEP][PASSED] - Default: null

2023-10-24 08:25:01 - [TEST_STEP][PASSED] - Script1676556991125.prv_basicOperation(mapeo, log): null

2023-10-24 08:25:01 - [TEST_STEP][PASSED] - valueHost = <not implemented yet for class: org.codehaus.groovy.ast.expr.EmptyExpression>: null

2023-10-24 08:25:01 - [TEST_STEP][PASSED] - try: null

2023-10-24 08:25:01 - [TEST_STEP][PASSED] - valueHost = HostUtils.operacionPantallaHost(mapeo, log): null

2023-10-24 08:25:07 - [TEST_STEP][PASSED] - return valueHost.trim(): null

2023-10-24 08:25:07 - [TEST_STEP][PASSED] - (filaInicio++): null

2023-10-24 08:25:07 - [TEST_STEP][PASSED] - findTestData("Data Files/ConnectionHost"): null

2023-10-24 08:25:07 - [TEST_STEP][PASSED] - rowDatosExcel = findTestData("Data Files/GTI - Crear Expedicion Externa"): null

2023-10-24 08:25:07 - [TEST_STEP][PASSED] - Script1676556991125.prv_getPantalla(filaInicio, filaHostRun, rowDatosExcel, log): null

2023-10-24 08:25:07 - [TEST_STEP][PASSED] - fieldPantalla = <not implemented yet for class: org.codehaus.groovy.ast.expr.EmptyExpression>: null

2023-10-24 08:25:07 - [TEST_STEP][PASSED] - mapeo = <not implemented yet for class: org.codehaus.groovy.ast.expr.EmptyExpression>: null

2023-10-24 08:25:07 - [TEST_STEP][PASSED] - mapeo = new java.util.HashMap(): null

2023-10-24 08:25:07 - [TEST_STEP][PASSED] - mapeo = HostUtils.getDataExcel(datosExcel, numeroFila): null

2023-10-24 08:25:07 - [TEST_STEP][PASSED] - fieldPantalla = mapeo.get("Pantalla"): null

2023-10-24 08:25:07 - [TEST_STEP][PASSED] - switch (fieldPantalla): null

2023-10-24 08:25:07 - [TEST_STEP][PASSED] - Default: null

2023-10-24 08:25:07 - [TEST_STEP][PASSED] - Script1676556991125.prv_basicOperation(mapeo, log): null

2023-10-24 08:25:07 - [TEST_STEP][PASSED] - valueHost = <not implemented yet for class: org.codehaus.groovy.ast.expr.EmptyExpression>: null

2023-10-24 08:25:07 - [TEST_STEP][PASSED] - try: null

2023-10-24 08:25:07 - [TEST_STEP][PASSED] - valueHost = HostUtils.operacionPantallaHost(mapeo, log): null

2023-10-24 08:25:12 - [TEST_STEP][PASSED] - return valueHost.trim(): null

2023-10-24 08:25:12 - [TEST_STEP][PASSED] - (filaInicio++): null

2023-10-24 08:25:12 - [TEST_STEP][PASSED] - findTestData("Data Files/ConnectionHost"): null

2023-10-24 08:25:12 - [TEST_STEP][PASSED] - rowDatosExcel = findTestData("Data Files/GTI - Crear Expedicion Externa"): null

2023-10-24 08:25:12 - [TEST_STEP][PASSED] - Script1676556991125.prv_getPantalla(filaInicio, filaHostRun, rowDatosExcel, log): null

2023-10-24 08:25:12 - [TEST_STEP][PASSED] - fieldPantalla = <not implemented yet for class: org.codehaus.groovy.ast.expr.EmptyExpression>: null

2023-10-24 08:25:12 - [TEST_STEP][PASSED] - mapeo = <not implemented yet for class: org.codehaus.groovy.ast.expr.EmptyExpression>: null

2023-10-24 08:25:12 - [TEST_STEP][PASSED] - mapeo = new java.util.HashMap(): null

2023-10-24 08:25:12 - [TEST_STEP][PASSED] - mapeo = HostUtils.getDataExcel(datosExcel, numeroFila): null

2023-10-24 08:25:12 - [TEST_STEP][PASSED] - fieldPantalla = mapeo.get("Pantalla"): null

2023-10-24 08:25:12 - [TEST_STEP][PASSED] - switch (fieldPantalla): null

2023-10-24 08:25:12 - [TEST_STEP][PASSED] - Default: null

2023-10-24 08:25:12 - [TEST_STEP][PASSED] - Script1676556991125.prv_basicOperation(mapeo, log): null

2023-10-24 08:25:12 - [TEST_STEP][PASSED] - valueHost = <not implemented yet for class: org.codehaus.groovy.ast.expr.EmptyExpression>: null

2023-10-24 08:25:12 - [TEST_STEP][PASSED] - try: null

2023-10-24 08:25:12 - [TEST_STEP][PASSED] - valueHost = HostUtils.operacionPantallaHost(mapeo, log): null

2023-10-24 08:25:16 - [TEST_STEP][PASSED] - return valueHost.trim(): null

2023-10-24 08:25:16 - [TEST_STEP][PASSED] - (filaInicio++): null

2023-10-24 08:25:16 - [TEST_STEP][PASSED] - findTestData("Data Files/ConnectionHost"): null

2023-10-24 08:25:16 - [TEST_STEP][PASSED] - rowDatosExcel = findTestData("Data Files/GTI - Crear Expedicion Externa"): null

2023-10-24 08:25:16 - [TEST_STEP][PASSED] - Script1676556991125.prv_getPantalla(filaInicio, filaHostRun, rowDatosExcel, log): null

2023-10-24 08:25:16 - [TEST_STEP][PASSED] - fieldPantalla = <not implemented yet for class: org.codehaus.groovy.ast.expr.EmptyExpression>: null

2023-10-24 08:25:16 - [TEST_STEP][PASSED] - mapeo = <not implemented yet for class: org.codehaus.groovy.ast.expr.EmptyExpression>: null

2023-10-24 08:25:16 - [TEST_STEP][PASSED] - mapeo = new java.util.HashMap(): null

2023-10-24 08:25:16 - [TEST_STEP][PASSED] - mapeo = HostUtils.getDataExcel(datosExcel, numeroFila): null

2023-10-24 08:25:16 - [TEST_STEP][PASSED] - fieldPantalla = mapeo.get("Pantalla"): null

2023-10-24 08:25:16 - [TEST_STEP][PASSED] - switch (fieldPantalla): null

2023-10-24 08:25:16 - [TEST_STEP][PASSED] - Default: null

2023-10-24 08:25:16 - [TEST_STEP][PASSED] - Script1676556991125.prv_basicOperation(mapeo, log): null

2023-10-24 08:25:16 - [TEST_STEP][PASSED] - valueHost = <not implemented yet for class: org.codehaus.groovy.ast.expr.EmptyExpression>: null

2023-10-24 08:25:16 - [TEST_STEP][PASSED] - try: null

2023-10-24 08:25:16 - [TEST_STEP][PASSED] - valueHost = HostUtils.operacionPantallaHost(mapeo, log): null

2023-10-24 08:25:20 - [TEST_STEP][PASSED] - return valueHost.trim(): null

2023-10-24 08:25:20 - [TEST_STEP][PASSED] - (filaInicio++): null

2023-10-24 08:25:20 - [TEST_STEP][PASSED] - findTestData("Data Files/ConnectionHost"): null

2023-10-24 08:25:20 - [TEST_STEP][PASSED] - rowDatosExcel = findTestData("Data Files/GTI - Crear Expedicion Externa"): null

2023-10-24 08:25:20 - [TEST_STEP][PASSED] - Script1676556991125.prv_getPantalla(filaInicio, filaHostRun, rowDatosExcel, log): null

2023-10-24 08:25:20 - [TEST_STEP][PASSED] - fieldPantalla = <not implemented yet for class: org.codehaus.groovy.ast.expr.EmptyExpression>: null

2023-10-24 08:25:20 - [TEST_STEP][PASSED] - mapeo = <not implemented yet for class: org.codehaus.groovy.ast.expr.EmptyExpression>: null

2023-10-24 08:25:20 - [TEST_STEP][PASSED] - mapeo = new java.util.HashMap(): null

2023-10-24 08:25:20 - [TEST_STEP][PASSED] - mapeo = HostUtils.getDataExcel(datosExcel, numeroFila): null

2023-10-24 08:25:20 - [TEST_STEP][PASSED] - fieldPantalla = mapeo.get("Pantalla"): null

2023-10-24 08:25:20 - [TEST_STEP][PASSED] - switch (fieldPantalla): null

2023-10-24 08:25:20 - [TEST_STEP][PASSED] - Default: null

2023-10-24 08:25:20 - [TEST_STEP][PASSED] - Script1676556991125.prv_basicOperation(mapeo, log): null

2023-10-24 08:25:20 - [TEST_STEP][PASSED] - valueHost = <not implemented yet for class: org.codehaus.groovy.ast.expr.EmptyExpression>: null

2023-10-24 08:25:20 - [TEST_STEP][PASSED] - try: null

2023-10-24 08:25:20 - [TEST_STEP][PASSED] - valueHost = HostUtils.operacionPantallaHost(mapeo, log): null

2023-10-24 08:25:25 - [TEST_STEP][PASSED] - return valueHost.trim(): null

2023-10-24 08:25:25 - [TEST_STEP][PASSED] - (filaInicio++): null

2023-10-24 08:25:25 - [TEST_STEP][PASSED] - findTestData("Data Files/ConnectionHost"): null

2023-10-24 08:25:25 - [TEST_STEP][PASSED] - rowDatosExcel = findTestData("Data Files/GTI - Crear Expedicion Externa"): null

2023-10-24 08:25:25 - [TEST_STEP][PASSED] - Script1676556991125.prv_getPantalla(filaInicio, filaHostRun, rowDatosExcel, log): null

2023-10-24 08:25:25 - [TEST_STEP][PASSED] - fieldPantalla = <not implemented yet for class: org.codehaus.groovy.ast.expr.EmptyExpression>: null

2023-10-24 08:25:25 - [TEST_STEP][PASSED] - mapeo = <not implemented yet for class: org.codehaus.groovy.ast.expr.EmptyExpression>: null

2023-10-24 08:25:25 - [TEST_STEP][PASSED] - mapeo = new java.util.HashMap(): null

2023-10-24 08:25:25 - [TEST_STEP][PASSED] - mapeo = HostUtils.getDataExcel(datosExcel, numeroFila): null

2023-10-24 08:25:25 - [TEST_STEP][PASSED] - fieldPantalla = mapeo.get("Pantalla"): null

2023-10-24 08:25:25 - [TEST_STEP][PASSED] - switch (fieldPantalla): null

2023-10-24 08:25:25 - [TEST_STEP][PASSED] - Default: null

2023-10-24 08:25:25 - [TEST_STEP][PASSED] - Script1676556991125.prv_basicOperation(mapeo, log): null

2023-10-24 08:25:25 - [TEST_STEP][PASSED] - valueHost = <not implemented yet for class: org.codehaus.groovy.ast.expr.EmptyExpression>: null

2023-10-24 08:25:25 - [TEST_STEP][PASSED] - try: null

2023-10-24 08:25:25 - [TEST_STEP][PASSED] - valueHost = HostUtils.operacionPantallaHost(mapeo, log): null

2023-10-24 08:25:29 - [TEST_STEP][PASSED] - return valueHost.trim(): null

2023-10-24 08:25:29 - [TEST_STEP][PASSED] - (filaInicio++): null

2023-10-24 08:25:29 - [TEST_STEP][PASSED] - findTestData("Data Files/ConnectionHost"): null

2023-10-24 08:25:29 - [TEST_STEP][PASSED] - rowDatosExcel = findTestData("Data Files/GTI - Crear Expedicion Externa"): null

2023-10-24 08:25:29 - [TEST_STEP][PASSED] - Script1676556991125.prv_getPantalla(filaInicio, filaHostRun, rowDatosExcel, log): null

2023-10-24 08:25:29 - [TEST_STEP][PASSED] - fieldPantalla = <not implemented yet for class: org.codehaus.groovy.ast.expr.EmptyExpression>: null

2023-10-24 08:25:29 - [TEST_STEP][PASSED] - mapeo = <not implemented yet for class: org.codehaus.groovy.ast.expr.EmptyExpression>: null

2023-10-24 08:25:29 - [TEST_STEP][PASSED] - mapeo = new java.util.HashMap(): null

2023-10-24 08:25:29 - [TEST_STEP][PASSED] - mapeo = HostUtils.getDataExcel(datosExcel, numeroFila): null

2023-10-24 08:25:29 - [TEST_STEP][PASSED] - fieldPantalla = mapeo.get("Pantalla"): null

2023-10-24 08:25:29 - [TEST_STEP][PASSED] - switch (fieldPantalla): null

2023-10-24 08:25:29 - [TEST_STEP][PASSED] - Default: null

2023-10-24 08:25:29 - [TEST_STEP][PASSED] - Script1676556991125.prv_basicOperation(mapeo, log): null

2023-10-24 08:25:29 - [TEST_STEP][PASSED] - valueHost = <not implemented yet for class: org.codehaus.groovy.ast.expr.EmptyExpression>: null

2023-10-24 08:25:29 - [TEST_STEP][PASSED] - try: null

2023-10-24 08:25:29 - [TEST_STEP][PASSED] - valueHost = HostUtils.operacionPantallaHost(mapeo, log): null

2023-10-24 08:25:33 - [TEST_STEP][PASSED] - return valueHost.trim(): null

2023-10-24 08:25:33 - [TEST_STEP][PASSED] - (filaInicio++): null

2023-10-24 08:25:33 - [TEST_STEP][PASSED] - findTestData("Data Files/ConnectionHost"): null

2023-10-24 08:25:33 - [TEST_STEP][PASSED] - rowDatosExcel = findTestData("Data Files/GTI - Crear Expedicion Externa"): null

2023-10-24 08:25:33 - [TEST_STEP][PASSED] - Script1676556991125.prv_getPantalla(filaInicio, filaHostRun, rowDatosExcel, log): null

2023-10-24 08:25:33 - [TEST_STEP][PASSED] - fieldPantalla = <not implemented yet for class: org.codehaus.groovy.ast.expr.EmptyExpression>: null

2023-10-24 08:25:33 - [TEST_STEP][PASSED] - mapeo = <not implemented yet for class: org.codehaus.groovy.ast.expr.EmptyExpression>: null

2023-10-24 08:25:33 - [TEST_STEP][PASSED] - mapeo = new java.util.HashMap(): null

2023-10-24 08:25:33 - [TEST_STEP][PASSED] - mapeo = HostUtils.getDataExcel(datosExcel, numeroFila): null

2023-10-24 08:25:33 - [TEST_STEP][PASSED] - fieldPantalla = mapeo.get("Pantalla"): null

2023-10-24 08:25:33 - [TEST_STEP][PASSED] - switch (fieldPantalla): null

2023-10-24 08:25:33 - [TEST_STEP][PASSED] - case "Consultar":: null

2023-10-24 08:25:33 - [TEST_STEP][PASSED] - log.loggerInfo("SE VA A REALIZAR LA PANTALLA DE CONSULTAR"): null

2023-10-24 08:25:33 - [TEST_STEP][PASSED] - Script1676556991125.prv_getCampos(mapeo, filaHostRun, log): null

2023-10-24 08:25:33 - [TEST_STEP][PASSED] - fieldCampos = <not implemented yet for class: org.codehaus.groovy.ast.expr.EmptyExpression>: null

2023-10-24 08:25:33 - [TEST_STEP][PASSED] - estadoPedido = <not implemented yet for class: org.codehaus.groovy.ast.expr.EmptyExpression>: null

2023-10-24 08:25:33 - [TEST_STEP][PASSED] - expedicion = <not implemented yet for class: org.codehaus.groovy.ast.expr.EmptyExpression>: null

2023-10-24 08:25:33 - [TEST_STEP][PASSED] - albaran = <not implemented yet for class: org.codehaus.groovy.ast.expr.EmptyExpression>: null

2023-10-24 08:25:33 - [TEST_STEP][PASSED] - estadoExpedicion = <not implemented yet for class: org.codehaus.groovy.ast.expr.EmptyExpression>: null

2023-10-24 08:25:33 - [TEST_STEP][PASSED] - fieldCampos = mapeo.get("Campos"): null

2023-10-24 08:25:33 - [TEST_STEP][PASSED] - switch (fieldCampos): null

2023-10-24 08:25:33 - [TEST_STEP][PASSED] - Default: null

2023-10-24 08:25:33 - [TEST_STEP][PASSED] - Script1676556991125.prv_basicOperation(mapeo, log): null

2023-10-24 08:25:33 - [TEST_STEP][PASSED] - valueHost = <not implemented yet for class: org.codehaus.groovy.ast.expr.EmptyExpression>: null

2023-10-24 08:25:33 - [TEST_STEP][PASSED] - try: null

2023-10-24 08:25:33 - [TEST_STEP][PASSED] - valueHost = HostUtils.operacionPantallaHost(mapeo, log): null

2023-10-24 08:25:37 - [TEST_STEP][PASSED] - return valueHost.trim(): null

2023-10-24 08:25:37 - [TEST_STEP][PASSED] - break: null

2023-10-24 08:25:37 - [TEST_STEP][PASSED] - (filaInicio++): null

2023-10-24 08:25:37 - [TEST_STEP][PASSED] - findTestData("Data Files/ConnectionHost"): null

2023-10-24 08:25:37 - [TEST_STEP][PASSED] - rowDatosExcel = findTestData("Data Files/GTI - Crear Expedicion Externa"): null

2023-10-24 08:25:37 - [TEST_STEP][PASSED] - Script1676556991125.prv_getPantalla(filaInicio, filaHostRun, rowDatosExcel, log): null

2023-10-24 08:25:37 - [TEST_STEP][PASSED] - fieldPantalla = <not implemented yet for class: org.codehaus.groovy.ast.expr.EmptyExpression>: null

2023-10-24 08:25:37 - [TEST_STEP][PASSED] - mapeo = <not implemented yet for class: org.codehaus.groovy.ast.expr.EmptyExpression>: null

2023-10-24 08:25:37 - [TEST_STEP][PASSED] - mapeo = new java.util.HashMap(): null

2023-10-24 08:25:37 - [TEST_STEP][PASSED] - mapeo = HostUtils.getDataExcel(datosExcel, numeroFila): null

2023-10-24 08:25:37 - [TEST_STEP][PASSED] - fieldPantalla = mapeo.get("Pantalla"): null

2023-10-24 08:25:37 - [TEST_STEP][PASSED] - switch (fieldPantalla): null

2023-10-24 08:25:37 - [TEST_STEP][PASSED] - case "Consultar":: null

2023-10-24 08:25:37 - [TEST_STEP][PASSED] - log.loggerInfo("SE VA A REALIZAR LA PANTALLA DE CONSULTAR"): null

2023-10-24 08:25:37 - [TEST_STEP][PASSED] - Script1676556991125.prv_getCampos(mapeo, filaHostRun, log): null

2023-10-24 08:25:37 - [TEST_STEP][PASSED] - fieldCampos = <not implemented yet for class: org.codehaus.groovy.ast.expr.EmptyExpression>: null

2023-10-24 08:25:37 - [TEST_STEP][PASSED] - estadoPedido = <not implemented yet for class: org.codehaus.groovy.ast.expr.EmptyExpression>: null

2023-10-24 08:25:37 - [TEST_STEP][PASSED] - expedicion = <not implemented yet for class: org.codehaus.groovy.ast.expr.EmptyExpression>: null

2023-10-24 08:25:37 - [TEST_STEP][PASSED] - albaran = <not implemented yet for class: org.codehaus.groovy.ast.expr.EmptyExpression>: null

2023-10-24 08:25:37 - [TEST_STEP][PASSED] - estadoExpedicion = <not implemented yet for class: org.codehaus.groovy.ast.expr.EmptyExpression>: null

2023-10-24 08:25:37 - [TEST_STEP][PASSED] - fieldCampos = mapeo.get("Campos"): null

2023-10-24 08:25:37 - [TEST_STEP][PASSED] - switch (fieldCampos): null

2023-10-24 08:25:37 - [TEST_STEP][PASSED] - Default: null

2023-10-24 08:25:37 - [TEST_STEP][PASSED] - Script1676556991125.prv_basicOperation(mapeo, log): null

2023-10-24 08:25:37 - [TEST_STEP][PASSED] - valueHost = <not implemented yet for class: org.codehaus.groovy.ast.expr.EmptyExpression>: null

2023-10-24 08:25:37 - [TEST_STEP][PASSED] - try: null

2023-10-24 08:25:37 - [TEST_STEP][PASSED] - valueHost = HostUtils.operacionPantallaHost(mapeo, log): null

2023-10-24 08:25:41 - [TEST_STEP][PASSED] - return valueHost.trim(): null

2023-10-24 08:25:41 - [TEST_STEP][PASSED] - break: null

2023-10-24 08:25:41 - [TEST_STEP][PASSED] - (filaInicio++): null

2023-10-24 08:25:41 - [TEST_STEP][PASSED] - findTestData("Data Files/ConnectionHost"): null

2023-10-24 08:25:41 - [TEST_STEP][PASSED] - rowDatosExcel = findTestData("Data Files/GTI - Crear Expedicion Externa"): null

2023-10-24 08:25:41 - [TEST_STEP][PASSED] - Script1676556991125.prv_getPantalla(filaInicio, filaHostRun, rowDatosExcel, log): null

2023-10-24 08:25:41 - [TEST_STEP][PASSED] - fieldPantalla = <not implemented yet for class: org.codehaus.groovy.ast.expr.EmptyExpression>: null

2023-10-24 08:25:41 - [TEST_STEP][PASSED] - mapeo = <not implemented yet for class: org.codehaus.groovy.ast.expr.EmptyExpression>: null

2023-10-24 08:25:41 - [TEST_STEP][PASSED] - mapeo = new java.util.HashMap(): null

2023-10-24 08:25:41 - [TEST_STEP][PASSED] - mapeo = HostUtils.getDataExcel(datosExcel, numeroFila): null

2023-10-24 08:25:41 - [TEST_STEP][PASSED] - fieldPantalla = mapeo.get("Pantalla"): null

2023-10-24 08:25:41 - [TEST_STEP][PASSED] - switch (fieldPantalla): null

2023-10-24 08:25:41 - [TEST_STEP][PASSED] - case "Consultar":: null

2023-10-24 08:25:41 - [TEST_STEP][PASSED] - log.loggerInfo("SE VA A REALIZAR LA PANTALLA DE CONSULTAR"): null

2023-10-24 08:25:41 - [TEST_STEP][PASSED] - Script1676556991125.prv_getCampos(mapeo, filaHostRun, log): null

2023-10-24 08:25:41 - [TEST_STEP][PASSED] - fieldCampos = <not implemented yet for class: org.codehaus.groovy.ast.expr.EmptyExpression>: null

2023-10-24 08:25:41 - [TEST_STEP][PASSED] - estadoPedido = <not implemented yet for class: org.codehaus.groovy.ast.expr.EmptyExpression>: null

2023-10-24 08:25:41 - [TEST_STEP][PASSED] - expedicion = <not implemented yet for class: org.codehaus.groovy.ast.expr.EmptyExpression>: null

2023-10-24 08:25:41 - [TEST_STEP][PASSED] - albaran = <not implemented yet for class: org.codehaus.groovy.ast.expr.EmptyExpression>: null

2023-10-24 08:25:41 - [TEST_STEP][PASSED] - estadoExpedicion = <not implemented yet for class: org.codehaus.groovy.ast.expr.EmptyExpression>: null

2023-10-24 08:25:41 - [TEST_STEP][PASSED] - fieldCampos = mapeo.get("Campos"): null

2023-10-24 08:25:41 - [TEST_STEP][PASSED] - switch (fieldCampos): null

2023-10-24 08:25:41 - [TEST_STEP][PASSED] - Default: null

2023-10-24 08:25:41 - [TEST_STEP][PASSED] - Script1676556991125.prv_basicOperation(mapeo, log): null

2023-10-24 08:25:41 - [TEST_STEP][PASSED] - valueHost = <not implemented yet for class: org.codehaus.groovy.ast.expr.EmptyExpression>: null

2023-10-24 08:25:41 - [TEST_STEP][PASSED] - try: null

2023-10-24 08:25:41 - [TEST_STEP][PASSED] - valueHost = HostUtils.operacionPantallaHost(mapeo, log): null

2023-10-24 08:25:44 - [TEST_STEP][PASSED] - return valueHost.trim(): null

2023-10-24 08:25:44 - [TEST_STEP][PASSED] - break: null

2023-10-24 08:25:44 - [TEST_STEP][PASSED] - (filaInicio++): null

2023-10-24 08:25:44 - [TEST_STEP][PASSED] - findTestData("Data Files/ConnectionHost"): null

2023-10-24 08:25:44 - [TEST_STEP][PASSED] - rowDatosExcel = findTestData("Data Files/GTI - Crear Expedicion Externa"): null

2023-10-24 08:25:44 - [TEST_STEP][PASSED] - Script1676556991125.prv_getPantalla(filaInicio, filaHostRun, rowDatosExcel, log): null

2023-10-24 08:25:44 - [TEST_STEP][PASSED] - fieldPantalla = <not implemented yet for class: org.codehaus.groovy.ast.expr.EmptyExpression>: null

2023-10-24 08:25:44 - [TEST_STEP][PASSED] - mapeo = <not implemented yet for class: org.codehaus.groovy.ast.expr.EmptyExpression>: null

2023-10-24 08:25:44 - [TEST_STEP][PASSED] - mapeo = new java.util.HashMap(): null

2023-10-24 08:25:44 - [TEST_STEP][PASSED] - mapeo = HostUtils.getDataExcel(datosExcel, numeroFila): null

2023-10-24 08:25:44 - [TEST_STEP][PASSED] - fieldPantalla = mapeo.get("Pantalla"): null

2023-10-24 08:25:44 - [TEST_STEP][PASSED] - switch (fieldPantalla): null

2023-10-24 08:25:44 - [TEST_STEP][PASSED] - case "Consultar":: null

2023-10-24 08:25:44 - [TEST_STEP][PASSED] - log.loggerInfo("SE VA A REALIZAR LA PANTALLA DE CONSULTAR"): null

2023-10-24 08:25:44 - [TEST_STEP][PASSED] - Script1676556991125.prv_getCampos(mapeo, filaHostRun, log): null

2023-10-24 08:25:44 - [TEST_STEP][PASSED] - fieldCampos = <not implemented yet for class: org.codehaus.groovy.ast.expr.EmptyExpression>: null

2023-10-24 08:25:44 - [TEST_STEP][PASSED] - estadoPedido = <not implemented yet for class: org.codehaus.groovy.ast.expr.EmptyExpression>: null

2023-10-24 08:25:44 - [TEST_STEP][PASSED] - expedicion = <not implemented yet for class: org.codehaus.groovy.ast.expr.EmptyExpression>: null

2023-10-24 08:25:44 - [TEST_STEP][PASSED] - albaran = <not implemented yet for class: org.codehaus.groovy.ast.expr.EmptyExpression>: null

2023-10-24 08:25:44 - [TEST_STEP][PASSED] - estadoExpedicion = <not implemented yet for class: org.codehaus.groovy.ast.expr.EmptyExpression>: null

2023-10-24 08:25:44 - [TEST_STEP][PASSED] - fieldCampos = mapeo.get("Campos"): null

2023-10-24 08:25:44 - [TEST_STEP][PASSED] - switch (fieldCampos): null

2023-10-24 08:25:44 - [TEST_STEP][PASSED] - Default: null

2023-10-24 08:25:44 - [TEST_STEP][PASSED] - Script1676556991125.prv_basicOperation(mapeo, log): null

2023-10-24 08:25:44 - [TEST_STEP][PASSED] - valueHost = <not implemented yet for class: org.codehaus.groovy.ast.expr.EmptyExpression>: null

2023-10-24 08:25:44 - [TEST_STEP][PASSED] - try: null

2023-10-24 08:25:44 - [TEST_STEP][PASSED] - valueHost = HostUtils.operacionPantallaHost(mapeo, log): null

2023-10-24 08:25:49 - [TEST_STEP][PASSED] - return valueHost.trim(): null

2023-10-24 08:25:49 - [TEST_STEP][PASSED] - break: null

2023-10-24 08:25:49 - [TEST_STEP][PASSED] - (filaInicio++): null

2023-10-24 08:25:49 - [TEST_STEP][PASSED] - findTestData("Data Files/ConnectionHost"): null

2023-10-24 08:25:49 - [TEST_STEP][PASSED] - rowDatosExcel = findTestData("Data Files/GTI - Crear Expedicion Externa"): null

2023-10-24 08:25:49 - [TEST_STEP][PASSED] - Script1676556991125.prv_getPantalla(filaInicio, filaHostRun, rowDatosExcel, log): null

2023-10-24 08:25:49 - [TEST_STEP][PASSED] - fieldPantalla = <not implemented yet for class: org.codehaus.groovy.ast.expr.EmptyExpression>: null

2023-10-24 08:25:49 - [TEST_STEP][PASSED] - mapeo = <not implemented yet for class: org.codehaus.groovy.ast.expr.EmptyExpression>: null

2023-10-24 08:25:49 - [TEST_STEP][PASSED] - mapeo = new java.util.HashMap(): null

2023-10-24 08:25:49 - [TEST_STEP][PASSED] - mapeo = HostUtils.getDataExcel(datosExcel, numeroFila): null

2023-10-24 08:25:49 - [TEST_STEP][PASSED] - fieldPantalla = mapeo.get("Pantalla"): null

2023-10-24 08:25:49 - [TEST_STEP][PASSED] - switch (fieldPantalla): null

2023-10-24 08:25:49 - [TEST_STEP][PASSED] - case "Consultar":: null

2023-10-24 08:25:49 - [TEST_STEP][PASSED] - log.loggerInfo("SE VA A REALIZAR LA PANTALLA DE CONSULTAR"): null

2023-10-24 08:25:49 - [TEST_STEP][PASSED] - Script1676556991125.prv_getCampos(mapeo, filaHostRun, log): null

2023-10-24 08:25:49 - [TEST_STEP][PASSED] - fieldCampos = <not implemented yet for class: org.codehaus.groovy.ast.expr.EmptyExpression>: null

2023-10-24 08:25:49 - [TEST_STEP][PASSED] - estadoPedido = <not implemented yet for class: org.codehaus.groovy.ast.expr.EmptyExpression>: null

2023-10-24 08:25:49 - [TEST_STEP][PASSED] - expedicion = <not implemented yet for class: org.codehaus.groovy.ast.expr.EmptyExpression>: null

2023-10-24 08:25:49 - [TEST_STEP][PASSED] - albaran = <not implemented yet for class: org.codehaus.groovy.ast.expr.EmptyExpression>: null

2023-10-24 08:25:49 - [TEST_STEP][PASSED] - estadoExpedicion = <not implemented yet for class: org.codehaus.groovy.ast.expr.EmptyExpression>: null

2023-10-24 08:25:49 - [TEST_STEP][PASSED] - fieldCampos = mapeo.get("Campos"): null

2023-10-24 08:25:49 - [TEST_STEP][PASSED] - switch (fieldCampos): null

2023-10-24 08:25:49 - [TEST_STEP][PASSED] - Default: null

2023-10-24 08:25:49 - [TEST_STEP][PASSED] - Script1676556991125.prv_basicOperation(mapeo, log): null

2023-10-24 08:25:49 - [TEST_STEP][PASSED] - valueHost = <not implemented yet for class: org.codehaus.groovy.ast.expr.EmptyExpression>: null

2023-10-24 08:25:49 - [TEST_STEP][PASSED] - try: null

2023-10-24 08:25:49 - [TEST_STEP][PASSED] - valueHost = HostUtils.operacionPantallaHost(mapeo, log): null

2023-10-24 08:25:54 - [TEST_STEP][PASSED] - return valueHost.trim(): null

2023-10-24 08:25:54 - [TEST_STEP][PASSED] - break: null

2023-10-24 08:25:54 - [TEST_STEP][PASSED] - (filaInicio++): null

2023-10-24 08:25:54 - [TEST_STEP][PASSED] - findTestData("Data Files/ConnectionHost"): null

2023-10-24 08:25:54 - [TEST_STEP][PASSED] - rowDatosExcel = findTestData("Data Files/GTI - Crear Expedicion Externa"): null

2023-10-24 08:25:54 - [TEST_STEP][PASSED] - Script1676556991125.prv_getPantalla(filaInicio, filaHostRun, rowDatosExcel, log): null

2023-10-24 08:25:54 - [TEST_STEP][PASSED] - fieldPantalla = <not implemented yet for class: org.codehaus.groovy.ast.expr.EmptyExpression>: null

2023-10-24 08:25:54 - [TEST_STEP][PASSED] - mapeo = <not implemented yet for class: org.codehaus.groovy.ast.expr.EmptyExpression>: null

2023-10-24 08:25:54 - [TEST_STEP][PASSED] - mapeo = new java.util.HashMap(): null

2023-10-24 08:25:54 - [TEST_STEP][PASSED] - mapeo = HostUtils.getDataExcel(datosExcel, numeroFila): null

2023-10-24 08:25:54 - [TEST_STEP][PASSED] - fieldPantalla = mapeo.get("Pantalla"): null

2023-10-24 08:25:54 - [TEST_STEP][PASSED] - switch (fieldPantalla): null

2023-10-24 08:25:54 - [TEST_STEP][PASSED] - case "Consultar":: null

2023-10-24 08:25:54 - [TEST_STEP][PASSED] - log.loggerInfo("SE VA A REALIZAR LA PANTALLA DE CONSULTAR"): null

2023-10-24 08:25:54 - [TEST_STEP][PASSED] - Script1676556991125.prv_getCampos(mapeo, filaHostRun, log): null

2023-10-24 08:25:54 - [TEST_STEP][PASSED] - fieldCampos = <not implemented yet for class: org.codehaus.groovy.ast.expr.EmptyExpression>: null

2023-10-24 08:25:54 - [TEST_STEP][PASSED] - estadoPedido = <not implemented yet for class: org.codehaus.groovy.ast.expr.EmptyExpression>: null

2023-10-24 08:25:54 - [TEST_STEP][PASSED] - expedicion = <not implemented yet for class: org.codehaus.groovy.ast.expr.EmptyExpression>: null

2023-10-24 08:25:54 - [TEST_STEP][PASSED] - albaran = <not implemented yet for class: org.codehaus.groovy.ast.expr.EmptyExpression>: null

2023-10-24 08:25:54 - [TEST_STEP][PASSED] - estadoExpedicion = <not implemented yet for class: org.codehaus.groovy.ast.expr.EmptyExpression>: null

2023-10-24 08:25:54 - [TEST_STEP][PASSED] - fieldCampos = mapeo.get("Campos"): null

2023-10-24 08:25:54 - [TEST_STEP][PASSED] - switch (fieldCampos): null

2023-10-24 08:25:54 - [TEST_STEP][PASSED] - Default: null

2023-10-24 08:25:54 - [TEST_STEP][PASSED] - Script1676556991125.prv_basicOperation(mapeo, log): null

2023-10-24 08:25:54 - [TEST_STEP][PASSED] - valueHost = <not implemented yet for class: org.codehaus.groovy.ast.expr.EmptyExpression>: null

2023-10-24 08:25:54 - [TEST_STEP][PASSED] - try: null

2023-10-24 08:25:54 - [TEST_STEP][PASSED] - valueHost = HostUtils.operacionPantallaHost(mapeo, log): null

2023-10-24 08:26:00 - [TEST_STEP][PASSED] - return valueHost.trim(): null

2023-10-24 08:26:00 - [TEST_STEP][PASSED] - break: null

2023-10-24 08:26:00 - [TEST_STEP][PASSED] - (filaInicio++): null

2023-10-24 08:26:00 - [TEST_STEP][PASSED] - findTestData("Data Files/ConnectionHost"): null

2023-10-24 08:26:00 - [TEST_STEP][PASSED] - rowDatosExcel = findTestData("Data Files/GTI - Crear Expedicion Externa"): null

2023-10-24 08:26:00 - [TEST_STEP][PASSED] - Script1676556991125.prv_getPantalla(filaInicio, filaHostRun, rowDatosExcel, log): null

2023-10-24 08:26:00 - [TEST_STEP][PASSED] - fieldPantalla = <not implemented yet for class: org.codehaus.groovy.ast.expr.EmptyExpression>: null

2023-10-24 08:26:00 - [TEST_STEP][PASSED] - mapeo = <not implemented yet for class: org.codehaus.groovy.ast.expr.EmptyExpression>: null

2023-10-24 08:26:00 - [TEST_STEP][PASSED] - mapeo = new java.util.HashMap(): null

2023-10-24 08:26:00 - [TEST_STEP][PASSED] - mapeo = HostUtils.getDataExcel(datosExcel, numeroFila): null

2023-10-24 08:26:00 - [TEST_STEP][PASSED] - fieldPantalla = mapeo.get("Pantalla"): null

2023-10-24 08:26:00 - [TEST_STEP][PASSED] - switch (fieldPantalla): null

2023-10-24 08:26:00 - [TEST_STEP][PASSED] - Default: null

2023-10-24 08:26:00 - [TEST_STEP][PASSED] - Script1676556991125.prv_basicOperation(mapeo, log): null

2023-10-24 08:26:00 - [TEST_STEP][PASSED] - valueHost = <not implemented yet for class: org.codehaus.groovy.ast.expr.EmptyExpression>: null

2023-10-24 08:26:00 - [TEST_STEP][PASSED] - try: null

2023-10-24 08:26:00 - [TEST_STEP][PASSED] - valueHost = HostUtils.operacionPantallaHost(mapeo, log): null

2023-10-24 08:26:04 - [TEST_STEP][PASSED] - return valueHost.trim(): null

2023-10-24 08:26:04 - [TEST_STEP][PASSED] - (filaInicio++): null

2023-10-24 08:26:04 - [TEST_STEP][PASSED] - findTestData("Data Files/ConnectionHost"): null

2023-10-24 08:26:05 - [TEST_STEP][PASSED] - rowDatosExcel = findTestData("Data Files/GTI - Crear Expedicion Externa"): null

2023-10-24 08:26:05 - [TEST_STEP][PASSED] - Script1676556991125.prv_getPantalla(filaInicio, filaHostRun, rowDatosExcel, log): null

2023-10-24 08:26:05 - [TEST_STEP][PASSED] - fieldPantalla = <not implemented yet for class: org.codehaus.groovy.ast.expr.EmptyExpression>: null

2023-10-24 08:26:05 - [TEST_STEP][PASSED] - mapeo = <not implemented yet for class: org.codehaus.groovy.ast.expr.EmptyExpression>: null

2023-10-24 08:26:05 - [TEST_STEP][PASSED] - mapeo = new java.util.HashMap(): null

2023-10-24 08:26:05 - [TEST_STEP][PASSED] - mapeo = HostUtils.getDataExcel(datosExcel, numeroFila): null

2023-10-24 08:26:05 - [TEST_STEP][PASSED] - fieldPantalla = mapeo.get("Pantalla"): null

2023-10-24 08:26:05 - [TEST_STEP][PASSED] - switch (fieldPantalla): null

2023-10-24 08:26:05 - [TEST_STEP][PASSED] - Default: null

2023-10-24 08:26:05 - [TEST_STEP][PASSED] - Script1676556991125.prv_basicOperation(mapeo, log): null

2023-10-24 08:26:05 - [TEST_STEP][PASSED] - valueHost = <not implemented yet for class: org.codehaus.groovy.ast.expr.EmptyExpression>: null

2023-10-24 08:26:05 - [TEST_STEP][PASSED] - try: null

2023-10-24 08:26:05 - [TEST_STEP][PASSED] - valueHost = HostUtils.operacionPantallaHost(mapeo, log): null

2023-10-24 08:26:09 - [TEST_STEP][PASSED] - return valueHost.trim(): null

2023-10-24 08:26:09 - [TEST_STEP][PASSED] - (filaInicio++): null

2023-10-24 08:26:09 - [TEST_STEP][PASSED] - findTestData("Data Files/ConnectionHost"): null

2023-10-24 08:26:09 - [TEST_STEP][PASSED] - rowDatosExcel = findTestData("Data Files/GTI - Crear Expedicion Externa"): null

2023-10-24 08:26:09 - [TEST_STEP][PASSED] - Script1676556991125.prv_getPantalla(filaInicio, filaHostRun, rowDatosExcel, log): null

2023-10-24 08:26:09 - [TEST_STEP][PASSED] - fieldPantalla = <not implemented yet for class: org.codehaus.groovy.ast.expr.EmptyExpression>: null

2023-10-24 08:26:09 - [TEST_STEP][PASSED] - mapeo = <not implemented yet for class: org.codehaus.groovy.ast.expr.EmptyExpression>: null

2023-10-24 08:26:09 - [TEST_STEP][PASSED] - mapeo = new java.util.HashMap(): null

2023-10-24 08:26:09 - [TEST_STEP][PASSED] - mapeo = HostUtils.getDataExcel(datosExcel, numeroFila): null

2023-10-24 08:26:09 - [TEST_STEP][PASSED] - fieldPantalla = mapeo.get("Pantalla"): null

2023-10-24 08:26:09 - [TEST_STEP][PASSED] - switch (fieldPantalla): null

2023-10-24 08:26:09 - [TEST_STEP][PASSED] - Default: null

2023-10-24 08:26:09 - [TEST_STEP][PASSED] - Script1676556991125.prv_basicOperation(mapeo, log): null

2023-10-24 08:26:09 - [TEST_STEP][PASSED] - valueHost = <not implemented yet for class: org.codehaus.groovy.ast.expr.EmptyExpression>: null

2023-10-24 08:26:09 - [TEST_STEP][PASSED] - try: null

2023-10-24 08:26:09 - [TEST_STEP][PASSED] - valueHost = HostUtils.operacionPantallaHost(mapeo, log): null

2023-10-24 08:26:14 - [TEST_STEP][PASSED] - return valueHost.trim(): null

2023-10-24 08:26:14 - [TEST_STEP][PASSED] - (filaInicio++): null

2023-10-24 08:26:14 - [TEST_STEP][PASSED] - findTestData("Data Files/ConnectionHost"): null

2023-10-24 08:26:14 - [TEST_STEP][PASSED] - rowDatosExcel = findTestData("Data Files/GTI - Crear Expedicion Externa"): null

2023-10-24 08:26:14 - [TEST_STEP][PASSED] - Script1676556991125.prv_getPantalla(filaInicio, filaHostRun, rowDatosExcel, log): null

2023-10-24 08:26:14 - [TEST_STEP][PASSED] - fieldPantalla = <not implemented yet for class: org.codehaus.groovy.ast.expr.EmptyExpression>: null

2023-10-24 08:26:14 - [TEST_STEP][PASSED] - mapeo = <not implemented yet for class: org.codehaus.groovy.ast.expr.EmptyExpression>: null

2023-10-24 08:26:14 - [TEST_STEP][PASSED] - mapeo = new java.util.HashMap(): null

2023-10-24 08:26:14 - [TEST_STEP][PASSED] - mapeo = HostUtils.getDataExcel(datosExcel, numeroFila): null

2023-10-24 08:26:14 - [TEST_STEP][PASSED] - fieldPantalla = mapeo.get("Pantalla"): null

2023-10-24 08:26:14 - [TEST_STEP][PASSED] - switch (fieldPantalla): null

2023-10-24 08:26:14 - [TEST_STEP][PASSED] - Default: null

2023-10-24 08:26:14 - [TEST_STEP][PASSED] - Script1676556991125.prv_basicOperation(mapeo, log): null

2023-10-24 08:26:14 - [TEST_STEP][PASSED] - valueHost = <not implemented yet for class: org.codehaus.groovy.ast.expr.EmptyExpression>: null

2023-10-24 08:26:14 - [TEST_STEP][PASSED] - try: null

2023-10-24 08:26:14 - [TEST_STEP][PASSED] - valueHost = HostUtils.operacionPantallaHost(mapeo, log): null

2023-10-24 08:26:18 - [TEST_STEP][PASSED] - return valueHost.trim(): null

2023-10-24 08:26:18 - [TEST_STEP][PASSED] - (filaInicio++): null

2023-10-24 08:26:18 - [TEST_STEP][PASSED] - findTestData("Data Files/ConnectionHost"): null

2023-10-24 08:26:18 - [TEST_STEP][PASSED] - rowDatosExcel = findTestData("Data Files/GTI - Crear Expedicion Externa"): null

2023-10-24 08:26:18 - [TEST_STEP][PASSED] - Script1676556991125.prv_getPantalla(filaInicio, filaHostRun, rowDatosExcel, log): null

2023-10-24 08:26:18 - [TEST_STEP][PASSED] - fieldPantalla = <not implemented yet for class: org.codehaus.groovy.ast.expr.EmptyExpression>: null

2023-10-24 08:26:18 - [TEST_STEP][PASSED] - mapeo = <not implemented yet for class: org.codehaus.groovy.ast.expr.EmptyExpression>: null

2023-10-24 08:26:18 - [TEST_STEP][PASSED] - mapeo = new java.util.HashMap(): null

2023-10-24 08:26:18 - [TEST_STEP][PASSED] - mapeo = HostUtils.getDataExcel(datosExcel, numeroFila): null

2023-10-24 08:26:18 - [TEST_STEP][PASSED] - fieldPantalla = mapeo.get("Pantalla"): null

2023-10-24 08:26:18 - [TEST_STEP][PASSED] - switch (fieldPantalla): null

2023-10-24 08:26:18 - [TEST_STEP][PASSED] - Default: null

2023-10-24 08:26:18 - [TEST_STEP][PASSED] - Script1676556991125.prv_basicOperation(mapeo, log): null

2023-10-24 08:26:18 - [TEST_STEP][PASSED] - valueHost = <not implemented yet for class: org.codehaus.groovy.ast.expr.EmptyExpression>: null

2023-10-24 08:26:18 - [TEST_STEP][PASSED] - try: null

2023-10-24 08:26:18 - [TEST_STEP][PASSED] - valueHost = HostUtils.operacionPantallaHost(mapeo, log): null

2023-10-24 08:26:23 - [TEST_STEP][PASSED] - return valueHost.trim(): null

2023-10-24 08:26:23 - [TEST_STEP][PASSED] - (filaInicio++): null

2023-10-24 08:26:23 - [TEST_STEP][PASSED] - findTestData("Data Files/ConnectionHost"): null

2023-10-24 08:26:23 - [TEST_STEP][PASSED] - rowDatosExcel = findTestData("Data Files/GTI - Crear Expedicion Externa"): null

2023-10-24 08:26:23 - [TEST_STEP][PASSED] - Script1676556991125.prv_getPantalla(filaInicio, filaHostRun, rowDatosExcel, log): null

2023-10-24 08:26:23 - [TEST_STEP][PASSED] - fieldPantalla = <not implemented yet for class: org.codehaus.groovy.ast.expr.EmptyExpression>: null

2023-10-24 08:26:23 - [TEST_STEP][PASSED] - mapeo = <not implemented yet for class: org.codehaus.groovy.ast.expr.EmptyExpression>: null

2023-10-24 08:26:23 - [TEST_STEP][PASSED] - mapeo = new java.util.HashMap(): null

2023-10-24 08:26:23 - [TEST_STEP][PASSED] - mapeo = HostUtils.getDataExcel(datosExcel, numeroFila): null

2023-10-24 08:26:23 - [TEST_STEP][PASSED] - fieldPantalla = mapeo.get("Pantalla"): null

2023-10-24 08:26:23 - [TEST_STEP][PASSED] - switch (fieldPantalla): null

2023-10-24 08:26:23 - [TEST_STEP][PASSED] - Default: null

2023-10-24 08:26:23 - [TEST_STEP][PASSED] - Script1676556991125.prv_basicOperation(mapeo, log): null

2023-10-24 08:26:23 - [TEST_STEP][PASSED] - valueHost = <not implemented yet for class: org.codehaus.groovy.ast.expr.EmptyExpression>: null

2023-10-24 08:26:23 - [TEST_STEP][PASSED] - try: null

2023-10-24 08:26:23 - [TEST_STEP][PASSED] - valueHost = HostUtils.operacionPantallaHost(mapeo, log): null

2023-10-24 08:26:27 - [TEST_STEP][PASSED] - return valueHost.trim(): null

2023-10-24 08:26:27 - [TEST_STEP][PASSED] - (filaInicio++): null

2023-10-24 08:26:27 - [TEST_STEP][PASSED] - findTestData("Data Files/ConnectionHost"): null

2023-10-24 08:26:27 - [TEST_STEP][PASSED] - rowDatosExcel = findTestData("Data Files/GTI - Crear Expedicion Externa"): null

2023-10-24 08:26:27 - [TEST_STEP][PASSED] - Script1676556991125.prv_getPantalla(filaInicio, filaHostRun, rowDatosExcel, log): null

2023-10-24 08:26:27 - [TEST_STEP][PASSED] - fieldPantalla = <not implemented yet for class: org.codehaus.groovy.ast.expr.EmptyExpression>: null

2023-10-24 08:26:27 - [TEST_STEP][PASSED] - mapeo = <not implemented yet for class: org.codehaus.groovy.ast.expr.EmptyExpression>: null

2023-10-24 08:26:27 - [TEST_STEP][PASSED] - mapeo = new java.util.HashMap(): null

2023-10-24 08:26:27 - [TEST_STEP][PASSED] - mapeo = HostUtils.getDataExcel(datosExcel, numeroFila): null

2023-10-24 08:26:27 - [TEST_STEP][PASSED] - fieldPantalla = mapeo.get("Pantalla"): null

2023-10-24 08:26:27 - [TEST_STEP][PASSED] - switch (fieldPantalla): null

2023-10-24 08:26:27 - [TEST_STEP][PASSED] - Default: null

2023-10-24 08:26:27 - [TEST_STEP][PASSED] - Script1676556991125.prv_basicOperation(mapeo, log): null

2023-10-24 08:26:27 - [TEST_STEP][PASSED] - valueHost = <not implemented yet for class: org.codehaus.groovy.ast.expr.EmptyExpression>: null

2023-10-24 08:26:27 - [TEST_STEP][PASSED] - try: null

2023-10-24 08:26:27 - [TEST_STEP][PASSED] - valueHost = HostUtils.operacionPantallaHost(mapeo, log): null

2023-10-24 08:26:31 - [TEST_STEP][PASSED] - return valueHost.trim(): null

2023-10-24 08:26:31 - [TEST_STEP][PASSED] - (filaInicio++): null

2023-10-24 08:26:31 - [TEST_STEP][PASSED] - findTestData("Data Files/ConnectionHost"): null

2023-10-24 08:26:31 - [TEST_STEP][PASSED] - rowDatosExcel = findTestData("Data Files/GTI - Crear Expedicion Externa"): null

2023-10-24 08:26:31 - [TEST_STEP][PASSED] - Script1676556991125.prv_getPantalla(filaInicio, filaHostRun, rowDatosExcel, log): null

2023-10-24 08:26:31 - [TEST_STEP][PASSED] - fieldPantalla = <not implemented yet for class: org.codehaus.groovy.ast.expr.EmptyExpression>: null

2023-10-24 08:26:31 - [TEST_STEP][PASSED] - mapeo = <not implemented yet for class: org.codehaus.groovy.ast.expr.EmptyExpression>: null

2023-10-24 08:26:31 - [TEST_STEP][PASSED] - mapeo = new java.util.HashMap(): null

2023-10-24 08:26:31 - [TEST_STEP][PASSED] - mapeo = HostUtils.getDataExcel(datosExcel, numeroFila): null

2023-10-24 08:26:31 - [TEST_STEP][PASSED] - fieldPantalla = mapeo.get("Pantalla"): null

2023-10-24 08:26:31 - [TEST_STEP][PASSED] - switch (fieldPantalla): null

2023-10-24 08:26:31 - [TEST_STEP][PASSED] - Default: null

2023-10-24 08:26:31 - [TEST_STEP][PASSED] - Script1676556991125.prv_basicOperation(mapeo, log): null

2023-10-24 08:26:31 - [TEST_STEP][PASSED] - valueHost = <not implemented yet for class: org.codehaus.groovy.ast.expr.EmptyExpression>: null

2023-10-24 08:26:31 - [TEST_STEP][PASSED] - try: null

2023-10-24 08:26:31 - [TEST_STEP][PASSED] - valueHost = HostUtils.operacionPantallaHost(mapeo, log): null

2023-10-24 08:26:36 - [TEST_STEP][PASSED] - return valueHost.trim(): null

2023-10-24 08:26:36 - [TEST_STEP][PASSED] - (filaInicio++): null

2023-10-24 08:26:36 - [TEST_STEP][PASSED] - findTestData("Data Files/ConnectionHost"): null

2023-10-24 08:26:36 - [TEST_STEP][PASSED] - rowDatosExcel = findTestData("Data Files/GTI - Crear Expedicion Externa"): null

2023-10-24 08:26:36 - [TEST_STEP][PASSED] - Script1676556991125.prv_getPantalla(filaInicio, filaHostRun, rowDatosExcel, log): null

2023-10-24 08:26:36 - [TEST_STEP][PASSED] - fieldPantalla = <not implemented yet for class: org.codehaus.groovy.ast.expr.EmptyExpression>: null

2023-10-24 08:26:36 - [TEST_STEP][PASSED] - mapeo = <not implemented yet for class: org.codehaus.groovy.ast.expr.EmptyExpression>: null

2023-10-24 08:26:36 - [TEST_STEP][PASSED] - mapeo = new java.util.HashMap(): null

2023-10-24 08:26:36 - [TEST_STEP][PASSED] - mapeo = HostUtils.getDataExcel(datosExcel, numeroFila): null

2023-10-24 08:26:36 - [TEST_STEP][PASSED] - fieldPantalla = mapeo.get("Pantalla"): null

2023-10-24 08:26:36 - [TEST_STEP][PASSED] - switch (fieldPantalla): null

2023-10-24 08:26:36 - [TEST_STEP][PASSED] - Default: null

2023-10-24 08:26:36 - [TEST_STEP][PASSED] - Script1676556991125.prv_basicOperation(mapeo, log): null

2023-10-24 08:26:36 - [TEST_STEP][PASSED] - valueHost = <not implemented yet for class: org.codehaus.groovy.ast.expr.EmptyExpression>: null

2023-10-24 08:26:36 - [TEST_STEP][PASSED] - try: null

2023-10-24 08:26:36 - [TEST_STEP][PASSED] - valueHost = HostUtils.operacionPantallaHost(mapeo, log): null

2023-10-24 08:26:40 - [TEST_STEP][PASSED] - return valueHost.trim(): null

2023-10-24 08:26:40 - [TEST_STEP][PASSED] - (filaInicio++): null

2023-10-24 08:26:40 - [TEST_STEP][PASSED] - findTestData("Data Files/ConnectionHost"): null

2023-10-24 08:26:40 - [TEST_STEP][PASSED] - rowDatosExcel = findTestData("Data Files/GTI - Crear Expedicion Externa"): null

2023-10-24 08:26:40 - [TEST_STEP][PASSED] - Script1676556991125.prv_getPantalla(filaInicio, filaHostRun, rowDatosExcel, log): null

2023-10-24 08:26:40 - [TEST_STEP][PASSED] - fieldPantalla = <not implemented yet for class: org.codehaus.groovy.ast.expr.EmptyExpression>: null

2023-10-24 08:26:40 - [TEST_STEP][PASSED] - mapeo = <not implemented yet for class: org.codehaus.groovy.ast.expr.EmptyExpression>: null

2023-10-24 08:26:40 - [TEST_STEP][PASSED] - mapeo = new java.util.HashMap(): null

2023-10-24 08:26:40 - [TEST_STEP][PASSED] - mapeo = HostUtils.getDataExcel(datosExcel, numeroFila): null

2023-10-24 08:26:40 - [TEST_STEP][PASSED] - fieldPantalla = mapeo.get("Pantalla"): null

2023-10-24 08:26:40 - [TEST_STEP][PASSED] - switch (fieldPantalla): null

2023-10-24 08:26:40 - [TEST_STEP][PASSED] - Default: null

2023-10-24 08:26:40 - [TEST_STEP][PASSED] - Script1676556991125.prv_basicOperation(mapeo, log): null

2023-10-24 08:26:40 - [TEST_STEP][PASSED] - valueHost = <not implemented yet for class: org.codehaus.groovy.ast.expr.EmptyExpression>: null

2023-10-24 08:26:40 - [TEST_STEP][PASSED] - try: null

2023-10-24 08:26:40 - [TEST_STEP][PASSED] - valueHost = HostUtils.operacionPantallaHost(mapeo, log): null

2023-10-24 08:26:44 - [TEST_STEP][PASSED] - return valueHost.trim(): null

2023-10-24 08:26:44 - [TEST_STEP][PASSED] - (filaInicio++): null

2023-10-24 08:26:44 - [TEST_STEP][PASSED] - findTestData("Data Files/ConnectionHost"): null

2023-10-24 08:26:44 - [TEST_STEP][PASSED] - rowDatosExcel = findTestData("Data Files/GTI - Crear Expedicion Externa"): null

2023-10-24 08:26:44 - [TEST_STEP][PASSED] - Script1676556991125.prv_getPantalla(filaInicio, filaHostRun, rowDatosExcel, log): null

2023-10-24 08:26:44 - [TEST_STEP][PASSED] - fieldPantalla = <not implemented yet for class: org.codehaus.groovy.ast.expr.EmptyExpression>: null

2023-10-24 08:26:44 - [TEST_STEP][PASSED] - mapeo = <not implemented yet for class: org.codehaus.groovy.ast.expr.EmptyExpression>: null

2023-10-24 08:26:44 - [TEST_STEP][PASSED] - mapeo = new java.util.HashMap(): null

2023-10-24 08:26:44 - [TEST_STEP][PASSED] - mapeo = HostUtils.getDataExcel(datosExcel, numeroFila): null

2023-10-24 08:26:44 - [TEST_STEP][PASSED] - fieldPantalla = mapeo.get("Pantalla"): null

2023-10-24 08:26:44 - [TEST_STEP][PASSED] - switch (fieldPantalla): null

2023-10-24 08:26:44 - [TEST_STEP][PASSED] - Default: null

2023-10-24 08:26:44 - [TEST_STEP][PASSED] - Script1676556991125.prv_basicOperation(mapeo, log): null

2023-10-24 08:26:44 - [TEST_STEP][PASSED] - valueHost = <not implemented yet for class: org.codehaus.groovy.ast.expr.EmptyExpression>: null

2023-10-24 08:26:44 - [TEST_STEP][PASSED] - try: null

2023-10-24 08:26:44 - [TEST_STEP][PASSED] - valueHost = HostUtils.operacionPantallaHost(mapeo, log): null

2023-10-24 08:26:49 - [TEST_STEP][PASSED] - return valueHost.trim(): null

2023-10-24 08:26:49 - [TEST_STEP][PASSED] - (filaInicio++): null

2023-10-24 08:26:49 - [TEST_STEP][PASSED] - findTestData("Data Files/ConnectionHost"): null

2023-10-24 08:26:49 - [TEST_STEP][PASSED] - rowDatosExcel = findTestData("Data Files/GTI - Crear Expedicion Externa"): null

2023-10-24 08:26:49 - [TEST_STEP][PASSED] - Script1676556991125.prv_getPantalla(filaInicio, filaHostRun, rowDatosExcel, log): null

2023-10-24 08:26:49 - [TEST_STEP][PASSED] - fieldPantalla = <not implemented yet for class: org.codehaus.groovy.ast.expr.EmptyExpression>: null

2023-10-24 08:26:49 - [TEST_STEP][PASSED] - mapeo = <not implemented yet for class: org.codehaus.groovy.ast.expr.EmptyExpression>: null

2023-10-24 08:26:49 - [TEST_STEP][PASSED] - mapeo = new java.util.HashMap(): null

2023-10-24 08:26:49 - [TEST_STEP][PASSED] - mapeo = HostUtils.getDataExcel(datosExcel, numeroFila): null

2023-10-24 08:26:49 - [TEST_STEP][PASSED] - fieldPantalla = mapeo.get("Pantalla"): null

2023-10-24 08:26:49 - [TEST_STEP][PASSED] - switch (fieldPantalla): null

2023-10-24 08:26:49 - [TEST_STEP][PASSED] - Default: null

2023-10-24 08:26:49 - [TEST_STEP][PASSED] - Script1676556991125.prv_basicOperation(mapeo, log): null

2023-10-24 08:26:49 - [TEST_STEP][PASSED] - valueHost = <not implemented yet for class: org.codehaus.groovy.ast.expr.EmptyExpression>: null

2023-10-24 08:26:49 - [TEST_STEP][PASSED] - try: null

2023-10-24 08:26:49 - [TEST_STEP][PASSED] - valueHost = HostUtils.operacionPantallaHost(mapeo, log): null

2023-10-24 08:26:53 - [TEST_STEP][PASSED] - return valueHost.trim(): null

2023-10-24 08:26:53 - [TEST_STEP][PASSED] - (filaInicio++): null

2023-10-24 08:26:53 - [TEST_STEP][PASSED] - findTestData("Data Files/ConnectionHost"): null

2023-10-24 08:26:53 - [TEST_STEP][PASSED] - rowDatosExcel = findTestData("Data Files/GTI - Crear Expedicion Externa"): null

2023-10-24 08:26:53 - [TEST_STEP][PASSED] - Script1676556991125.prv_getPantalla(filaInicio, filaHostRun, rowDatosExcel, log): null

2023-10-24 08:26:53 - [TEST_STEP][PASSED] - fieldPantalla = <not implemented yet for class: org.codehaus.groovy.ast.expr.EmptyExpression>: null

2023-10-24 08:26:53 - [TEST_STEP][PASSED] - mapeo = <not implemented yet for class: org.codehaus.groovy.ast.expr.EmptyExpression>: null

2023-10-24 08:26:53 - [TEST_STEP][PASSED] - mapeo = new java.util.HashMap(): null

2023-10-24 08:26:53 - [TEST_STEP][PASSED] - mapeo = HostUtils.getDataExcel(datosExcel, numeroFila): null

2023-10-24 08:26:53 - [TEST_STEP][PASSED] - fieldPantalla = mapeo.get("Pantalla"): null

2023-10-24 08:26:53 - [TEST_STEP][PASSED] - switch (fieldPantalla): null

2023-10-24 08:26:53 - [TEST_STEP][PASSED] - Default: null

2023-10-24 08:26:53 - [TEST_STEP][PASSED] - Script1676556991125.prv_basicOperation(mapeo, log): null

2023-10-24 08:26:53 - [TEST_STEP][PASSED] - valueHost = <not implemented yet for class: org.codehaus.groovy.ast.expr.EmptyExpression>: null

2023-10-24 08:26:53 - [TEST_STEP][PASSED] - try: null

2023-10-24 08:26:53 - [TEST_STEP][PASSED] - valueHost = HostUtils.operacionPantallaHost(mapeo, log): null

2023-10-24 08:26:57 - [TEST_STEP][PASSED] - return valueHost.trim(): null

2023-10-24 08:26:57 - [TEST_STEP][PASSED] - (filaInicio++): null

2023-10-24 08:26:57 - [TEST_STEP][PASSED] - findTestData("Data Files/ConnectionHost"): null

2023-10-24 08:26:57 - [TEST_STEP][PASSED] - rowDatosExcel = findTestData("Data Files/GTI - Crear Expedicion Externa"): null

2023-10-24 08:26:57 - [TEST_STEP][PASSED] - Script1676556991125.prv_getPantalla(filaInicio, filaHostRun, rowDatosExcel, log): null

2023-10-24 08:26:57 - [TEST_STEP][PASSED] - fieldPantalla = <not implemented yet for class: org.codehaus.groovy.ast.expr.EmptyExpression>: null

2023-10-24 08:26:57 - [TEST_STEP][PASSED] - mapeo = <not implemented yet for class: org.codehaus.groovy.ast.expr.EmptyExpression>: null

2023-10-24 08:26:57 - [TEST_STEP][PASSED] - mapeo = new java.util.HashMap(): null

2023-10-24 08:26:57 - [TEST_STEP][PASSED] - mapeo = HostUtils.getDataExcel(datosExcel, numeroFila): null

2023-10-24 08:26:57 - [TEST_STEP][PASSED] - fieldPantalla = mapeo.get("Pantalla"): null

2023-10-24 08:26:57 - [TEST_STEP][PASSED] - switch (fieldPantalla): null

2023-10-24 08:26:57 - [TEST_STEP][PASSED] - Default: null

2023-10-24 08:26:57 - [TEST_STEP][PASSED] - Script1676556991125.prv_basicOperation(mapeo, log): null

2023-10-24 08:26:57 - [TEST_STEP][PASSED] - valueHost = <not implemented yet for class: org.codehaus.groovy.ast.expr.EmptyExpression>: null

2023-10-24 08:26:57 - [TEST_STEP][PASSED] - try: null

2023-10-24 08:26:57 - [TEST_STEP][PASSED] - valueHost = HostUtils.operacionPantallaHost(mapeo, log): null

2023-10-24 08:27:01 - [TEST_STEP][PASSED] - return valueHost.trim(): null

2023-10-24 08:27:01 - [TEST_STEP][PASSED] - (filaInicio++): null

2023-10-24 08:27:01 - [TEST_STEP][PASSED] - findTestData("Data Files/ConnectionHost"): null

2023-10-24 08:27:01 - [TEST_STEP][PASSED] - rowDatosExcel = findTestData("Data Files/GTI - Crear Expedicion Externa"): null

2023-10-24 08:27:01 - [TEST_STEP][PASSED] - Script1676556991125.prv_getPantalla(filaInicio, filaHostRun, rowDatosExcel, log): null

2023-10-24 08:27:01 - [TEST_STEP][PASSED] - fieldPantalla = <not implemented yet for class: org.codehaus.groovy.ast.expr.EmptyExpression>: null

2023-10-24 08:27:01 - [TEST_STEP][PASSED] - mapeo = <not implemented yet for class: org.codehaus.groovy.ast.expr.EmptyExpression>: null

2023-10-24 08:27:01 - [TEST_STEP][PASSED] - mapeo = new java.util.HashMap(): null

2023-10-24 08:27:01 - [TEST_STEP][PASSED] - mapeo = HostUtils.getDataExcel(datosExcel, numeroFila): null

2023-10-24 08:27:01 - [TEST_STEP][PASSED] - fieldPantalla = mapeo.get("Pantalla"): null

2023-10-24 08:27:01 - [TEST_STEP][PASSED] - switch (fieldPantalla): null

2023-10-24 08:27:01 - [TEST_STEP][PASSED] - Default: null

2023-10-24 08:27:01 - [TEST_STEP][PASSED] - Script1676556991125.prv_basicOperation(mapeo, log): null

2023-10-24 08:27:01 - [TEST_STEP][PASSED] - valueHost = <not implemented yet for class: org.codehaus.groovy.ast.expr.EmptyExpression>: null

2023-10-24 08:27:01 - [TEST_STEP][PASSED] - try: null

2023-10-24 08:27:01 - [TEST_STEP][PASSED] - valueHost = HostUtils.operacionPantallaHost(mapeo, log): null

2023-10-24 08:27:06 - [TEST_STEP][PASSED] - return valueHost.trim(): null

2023-10-24 08:27:06 - [TEST_STEP][PASSED] - (filaInicio++): null

2023-10-24 08:27:06 - [TEST_STEP][PASSED] - findTestData("Data Files/ConnectionHost"): null

2023-10-24 08:27:06 - [TEST_STEP][PASSED] - rowDatosExcel = findTestData("Data Files/GTI - Crear Expedicion Externa"): null

2023-10-24 08:27:06 - [TEST_STEP][PASSED] - Script1676556991125.prv_getPantalla(filaInicio, filaHostRun, rowDatosExcel, log): null

2023-10-24 08:27:06 - [TEST_STEP][PASSED] - fieldPantalla = <not implemented yet for class: org.codehaus.groovy.ast.expr.EmptyExpression>: null

2023-10-24 08:27:06 - [TEST_STEP][PASSED] - mapeo = <not implemented yet for class: org.codehaus.groovy.ast.expr.EmptyExpression>: null

2023-10-24 08:27:06 - [TEST_STEP][PASSED] - mapeo = new java.util.HashMap(): null

2023-10-24 08:27:06 - [TEST_STEP][PASSED] - mapeo = HostUtils.getDataExcel(datosExcel, numeroFila): null

2023-10-24 08:27:06 - [TEST_STEP][PASSED] - fieldPantalla = mapeo.get("Pantalla"): null

2023-10-24 08:27:06 - [TEST_STEP][PASSED] - switch (fieldPantalla): null

2023-10-24 08:27:06 - [TEST_STEP][PASSED] - Default: null

2023-10-24 08:27:06 - [TEST_STEP][PASSED] - Script1676556991125.prv_basicOperation(mapeo, log): null

2023-10-24 08:27:06 - [TEST_STEP][PASSED] - valueHost = <not implemented yet for class: org.codehaus.groovy.ast.expr.EmptyExpression>: null

2023-10-24 08:27:06 - [TEST_STEP][PASSED] - try: null

2023-10-24 08:27:06 - [TEST_STEP][PASSED] - valueHost = HostUtils.operacionPantallaHost(mapeo, log): null

2023-10-24 08:27:10 - [TEST_STEP][PASSED] - return valueHost.trim(): null

2023-10-24 08:27:10 - [TEST_STEP][PASSED] - (filaInicio++): null

2023-10-24 08:27:10 - [TEST_STEP][PASSED] - findTestData("Data Files/ConnectionHost"): null

2023-10-24 08:27:10 - [TEST_STEP][PASSED] - rowDatosExcel = findTestData("Data Files/GTI - Crear Expedicion Externa"): null

2023-10-24 08:27:10 - [TEST_STEP][PASSED] - Script1676556991125.prv_getPantalla(filaInicio, filaHostRun, rowDatosExcel, log): null

2023-10-24 08:27:10 - [TEST_STEP][PASSED] - fieldPantalla = <not implemented yet for class: org.codehaus.groovy.ast.expr.EmptyExpression>: null

2023-10-24 08:27:10 - [TEST_STEP][PASSED] - mapeo = <not implemented yet for class: org.codehaus.groovy.ast.expr.EmptyExpression>: null

2023-10-24 08:27:10 - [TEST_STEP][PASSED] - mapeo = new java.util.HashMap(): null

2023-10-24 08:27:10 - [TEST_STEP][PASSED] - mapeo = HostUtils.getDataExcel(datosExcel, numeroFila): null

2023-10-24 08:27:10 - [TEST_STEP][PASSED] - fieldPantalla = mapeo.get("Pantalla"): null

2023-10-24 08:27:10 - [TEST_STEP][PASSED] - switch (fieldPantalla): null

2023-10-24 08:27:10 - [TEST_STEP][PASSED] - Default: null

2023-10-24 08:27:10 - [TEST_STEP][PASSED] - Script1676556991125.prv_basicOperation(mapeo, log): null

2023-10-24 08:27:10 - [TEST_STEP][PASSED] - valueHost = <not implemented yet for class: org.codehaus.groovy.ast.expr.EmptyExpression>: null

2023-10-24 08:27:10 - [TEST_STEP][PASSED] - try: null

2023-10-24 08:27:10 - [TEST_STEP][PASSED] - valueHost = HostUtils.operacionPantallaHost(mapeo, log): null

2023-10-24 08:27:15 - [TEST_STEP][PASSED] - return valueHost.trim(): null

2023-10-24 08:27:15 - [TEST_STEP][PASSED] - (filaInicio++): null

2023-10-24 08:27:15 - [TEST_STEP][PASSED] - findTestData("Data Files/ConnectionHost"): null

2023-10-24 08:27:15 - [TEST_STEP][PASSED] - rowDatosExcel = findTestData("Data Files/GTI - Crear Expedicion Externa"): null

2023-10-24 08:27:15 - [TEST_STEP][PASSED] - Script1676556991125.prv_getPantalla(filaInicio, filaHostRun, rowDatosExcel, log): null

2023-10-24 08:27:15 - [TEST_STEP][PASSED] - fieldPantalla = <not implemented yet for class: org.codehaus.groovy.ast.expr.EmptyExpression>: null

2023-10-24 08:27:15 - [TEST_STEP][PASSED] - mapeo = <not implemented yet for class: org.codehaus.groovy.ast.expr.EmptyExpression>: null

2023-10-24 08:27:15 - [TEST_STEP][PASSED] - mapeo = new java.util.HashMap(): null

2023-10-24 08:27:15 - [TEST_STEP][PASSED] - mapeo = HostUtils.getDataExcel(datosExcel, numeroFila): null

2023-10-24 08:27:15 - [TEST_STEP][PASSED] - fieldPantalla = mapeo.get("Pantalla"): null

2023-10-24 08:27:15 - [TEST_STEP][PASSED] - switch (fieldPantalla): null

2023-10-24 08:27:15 - [TEST_STEP][PASSED] - case "Consultar":: null

2023-10-24 08:27:15 - [TEST_STEP][PASSED] - log.loggerInfo("SE VA A REALIZAR LA PANTALLA DE CONSULTAR"): null

2023-10-24 08:27:15 - [TEST_STEP][PASSED] - Script1676556991125.prv_getCampos(mapeo, filaHostRun, log): null

2023-10-24 08:27:15 - [TEST_STEP][PASSED] - fieldCampos = <not implemented yet for class: org.codehaus.groovy.ast.expr.EmptyExpression>: null

2023-10-24 08:27:15 - [TEST_STEP][PASSED] - estadoPedido = <not implemented yet for class: org.codehaus.groovy.ast.expr.EmptyExpression>: null

2023-10-24 08:27:15 - [TEST_STEP][PASSED] - expedicion = <not implemented yet for class: org.codehaus.groovy.ast.expr.EmptyExpression>: null

2023-10-24 08:27:15 - [TEST_STEP][PASSED] - albaran = <not implemented yet for class: org.codehaus.groovy.ast.expr.EmptyExpression>: null

2023-10-24 08:27:15 - [TEST_STEP][PASSED] - estadoExpedicion = <not implemented yet for class: org.codehaus.groovy.ast.expr.EmptyExpression>: null

2023-10-24 08:27:15 - [TEST_STEP][PASSED] - fieldCampos = mapeo.get("Campos"): null

2023-10-24 08:27:15 - [TEST_STEP][PASSED] - switch (fieldCampos): null

2023-10-24 08:27:15 - [TEST_STEP][PASSED] - Default: null

2023-10-24 08:27:15 - [TEST_STEP][PASSED] - Script1676556991125.prv_basicOperation(mapeo, log): null

2023-10-24 08:27:15 - [TEST_STEP][PASSED] - valueHost = <not implemented yet for class: org.codehaus.groovy.ast.expr.EmptyExpression>: null

2023-10-24 08:27:15 - [TEST_STEP][PASSED] - try: null

2023-10-24 08:27:15 - [TEST_STEP][PASSED] - valueHost = HostUtils.operacionPantallaHost(mapeo, log): null

2023-10-24 08:27:18 - [TEST_STEP][PASSED] - return valueHost.trim(): null

2023-10-24 08:27:18 - [TEST_STEP][PASSED] - break: null

2023-10-24 08:27:18 - [TEST_STEP][PASSED] - (filaInicio++): null

2023-10-24 08:27:18 - [TEST_STEP][PASSED] - findTestData("Data Files/ConnectionHost"): null

2023-10-24 08:27:18 - [TEST_STEP][PASSED] - rowDatosExcel = findTestData("Data Files/GTI - Crear Expedicion Externa"): null

2023-10-24 08:27:18 - [TEST_STEP][PASSED] - Script1676556991125.prv_getPantalla(filaInicio, filaHostRun, rowDatosExcel, log): null

2023-10-24 08:27:18 - [TEST_STEP][PASSED] - fieldPantalla = <not implemented yet for class: org.codehaus.groovy.ast.expr.EmptyExpression>: null

2023-10-24 08:27:18 - [TEST_STEP][PASSED] - mapeo = <not implemented yet for class: org.codehaus.groovy.ast.expr.EmptyExpression>: null

2023-10-24 08:27:18 - [TEST_STEP][PASSED] - mapeo = new java.util.HashMap(): null

2023-10-24 08:27:18 - [TEST_STEP][PASSED] - mapeo = HostUtils.getDataExcel(datosExcel, numeroFila): null

2023-10-24 08:27:18 - [TEST_STEP][PASSED] - fieldPantalla = mapeo.get("Pantalla"): null

2023-10-24 08:27:18 - [TEST_STEP][PASSED] - switch (fieldPantalla): null

2023-10-24 08:27:18 - [TEST_STEP][PASSED] - case "Consultar":: null

2023-10-24 08:27:18 - [TEST_STEP][PASSED] - log.loggerInfo("SE VA A REALIZAR LA PANTALLA DE CONSULTAR"): null

2023-10-24 08:27:18 - [TEST_STEP][PASSED] - Script1676556991125.prv_getCampos(mapeo, filaHostRun, log): null

2023-10-24 08:27:18 - [TEST_STEP][PASSED] - fieldCampos = <not implemented yet for class: org.codehaus.groovy.ast.expr.EmptyExpression>: null

2023-10-24 08:27:18 - [TEST_STEP][PASSED] - estadoPedido = <not implemented yet for class: org.codehaus.groovy.ast.expr.EmptyExpression>: null

2023-10-24 08:27:18 - [TEST_STEP][PASSED] - expedicion = <not implemented yet for class: org.codehaus.groovy.ast.expr.EmptyExpression>: null

2023-10-24 08:27:18 - [TEST_STEP][PASSED] - albaran = <not implemented yet for class: org.codehaus.groovy.ast.expr.EmptyExpression>: null

2023-10-24 08:27:18 - [TEST_STEP][PASSED] - estadoExpedicion = <not implemented yet for class: org.codehaus.groovy.ast.expr.EmptyExpression>: null

2023-10-24 08:27:18 - [TEST_STEP][PASSED] - fieldCampos = mapeo.get("Campos"): null

2023-10-24 08:27:18 - [TEST_STEP][PASSED] - switch (fieldCampos): null

2023-10-24 08:27:18 - [TEST_STEP][PASSED] - Default: null

2023-10-24 08:27:18 - [TEST_STEP][PASSED] - Script1676556991125.prv_basicOperation(mapeo, log): null

2023-10-24 08:27:18 - [TEST_STEP][PASSED] - valueHost = <not implemented yet for class: org.codehaus.groovy.ast.expr.EmptyExpression>: null

2023-10-24 08:27:18 - [TEST_STEP][PASSED] - try: null

2023-10-24 08:27:18 - [TEST_STEP][PASSED] - valueHost = HostUtils.operacionPantallaHost(mapeo, log): null

2023-10-24 08:27:22 - [TEST_STEP][PASSED] - return valueHost.trim(): null

2023-10-24 08:27:22 - [TEST_STEP][PASSED] - break: null

2023-10-24 08:27:22 - [TEST_STEP][PASSED] - (filaInicio++): null

2023-10-24 08:27:22 - [TEST_STEP][PASSED] - findTestData("Data Files/ConnectionHost"): null

2023-10-24 08:27:22 - [TEST_STEP][PASSED] - rowDatosExcel = findTestData("Data Files/GTI - Crear Expedicion Externa"): null

2023-10-24 08:27:22 - [TEST_STEP][PASSED] - Script1676556991125.prv_getPantalla(filaInicio, filaHostRun, rowDatosExcel, log): null

2023-10-24 08:27:22 - [TEST_STEP][PASSED] - fieldPantalla = <not implemented yet for class: org.codehaus.groovy.ast.expr.EmptyExpression>: null

2023-10-24 08:27:22 - [TEST_STEP][PASSED] - mapeo = <not implemented yet for class: org.codehaus.groovy.ast.expr.EmptyExpression>: null

2023-10-24 08:27:22 - [TEST_STEP][PASSED] - mapeo = new java.util.HashMap(): null

2023-10-24 08:27:22 - [TEST_STEP][PASSED] - mapeo = HostUtils.getDataExcel(datosExcel, numeroFila): null

2023-10-24 08:27:22 - [TEST_STEP][PASSED] - fieldPantalla = mapeo.get("Pantalla"): null

2023-10-24 08:27:22 - [TEST_STEP][PASSED] - switch (fieldPantalla): null

2023-10-24 08:27:22 - [TEST_STEP][PASSED] - case "Consultar":: null

2023-10-24 08:27:22 - [TEST_STEP][PASSED] - log.loggerInfo("SE VA A REALIZAR LA PANTALLA DE CONSULTAR"): null

2023-10-24 08:27:22 - [TEST_STEP][PASSED] - Script1676556991125.prv_getCampos(mapeo, filaHostRun, log): null

2023-10-24 08:27:22 - [TEST_STEP][PASSED] - fieldCampos = <not implemented yet for class: org.codehaus.groovy.ast.expr.EmptyExpression>: null

2023-10-24 08:27:22 - [TEST_STEP][PASSED] - estadoPedido = <not implemented yet for class: org.codehaus.groovy.ast.expr.EmptyExpression>: null

2023-10-24 08:27:22 - [TEST_STEP][PASSED] - expedicion = <not implemented yet for class: org.codehaus.groovy.ast.expr.EmptyExpression>: null

2023-10-24 08:27:22 - [TEST_STEP][PASSED] - albaran = <not implemented yet for class: org.codehaus.groovy.ast.expr.EmptyExpression>: null

2023-10-24 08:27:22 - [TEST_STEP][PASSED] - estadoExpedicion = <not implemented yet for class: org.codehaus.groovy.ast.expr.EmptyExpression>: null

2023-10-24 08:27:22 - [TEST_STEP][PASSED] - fieldCampos = mapeo.get("Campos"): null

2023-10-24 08:27:22 - [TEST_STEP][PASSED] - switch (fieldCampos): null

2023-10-24 08:27:22 - [TEST_STEP][PASSED] - Default: null

2023-10-24 08:27:22 - [TEST_STEP][PASSED] - Script1676556991125.prv_basicOperation(mapeo, log): null

2023-10-24 08:27:22 - [TEST_STEP][PASSED] - valueHost = <not implemented yet for class: org.codehaus.groovy.ast.expr.EmptyExpression>: null

2023-10-24 08:27:22 - [TEST_STEP][PASSED] - try: null

2023-10-24 08:27:22 - [TEST_STEP][PASSED] - valueHost = HostUtils.operacionPantallaHost(mapeo, log): null

2023-10-24 08:27:26 - [TEST_STEP][PASSED] - return valueHost.trim(): null

2023-10-24 08:27:26 - [TEST_STEP][PASSED] - break: null

2023-10-24 08:27:26 - [TEST_STEP][PASSED] - (filaInicio++): null

2023-10-24 08:27:26 - [TEST_STEP][PASSED] - findTestData("Data Files/ConnectionHost"): null

2023-10-24 08:27:26 - [TEST_STEP][PASSED] - rowDatosExcel = findTestData("Data Files/GTI - Crear Expedicion Externa"): null

2023-10-24 08:27:26 - [TEST_STEP][PASSED] - Script1676556991125.prv_getPantalla(filaInicio, filaHostRun, rowDatosExcel, log): null

2023-10-24 08:27:26 - [TEST_STEP][PASSED] - fieldPantalla = <not implemented yet for class: org.codehaus.groovy.ast.expr.EmptyExpression>: null

2023-10-24 08:27:26 - [TEST_STEP][PASSED] - mapeo = <not implemented yet for class: org.codehaus.groovy.ast.expr.EmptyExpression>: null

2023-10-24 08:27:26 - [TEST_STEP][PASSED] - mapeo = new java.util.HashMap(): null

2023-10-24 08:27:26 - [TEST_STEP][PASSED] - mapeo = HostUtils.getDataExcel(datosExcel, numeroFila): null

2023-10-24 08:27:26 - [TEST_STEP][PASSED] - fieldPantalla = mapeo.get("Pantalla"): null

2023-10-24 08:27:26 - [TEST_STEP][PASSED] - switch (fieldPantalla): null

2023-10-24 08:27:26 - [TEST_STEP][PASSED] - case "Consultar":: null

2023-10-24 08:27:26 - [TEST_STEP][PASSED] - log.loggerInfo("SE VA A REALIZAR LA PANTALLA DE CONSULTAR"): null

2023-10-24 08:27:26 - [TEST_STEP][PASSED] - Script1676556991125.prv_getCampos(mapeo, filaHostRun, log): null

2023-10-24 08:27:26 - [TEST_STEP][PASSED] - fieldCampos = <not implemented yet for class: org.codehaus.groovy.ast.expr.EmptyExpression>: null

2023-10-24 08:27:26 - [TEST_STEP][PASSED] - estadoPedido = <not implemented yet for class: org.codehaus.groovy.ast.expr.EmptyExpression>: null

2023-10-24 08:27:26 - [TEST_STEP][PASSED] - expedicion = <not implemented yet for class: org.codehaus.groovy.ast.expr.EmptyExpression>: null

2023-10-24 08:27:26 - [TEST_STEP][PASSED] - albaran = <not implemented yet for class: org.codehaus.groovy.ast.expr.EmptyExpression>: null

2023-10-24 08:27:26 - [TEST_STEP][PASSED] - estadoExpedicion = <not implemented yet for class: org.codehaus.groovy.ast.expr.EmptyExpression>: null

2023-10-24 08:27:26 - [TEST_STEP][PASSED] - fieldCampos = mapeo.get("Campos"): null

2023-10-24 08:27:26 - [TEST_STEP][PASSED] - switch (fieldCampos): null

2023-10-24 08:27:26 - [TEST_STEP][PASSED] - Default: null

2023-10-24 08:27:26 - [TEST_STEP][PASSED] - Script1676556991125.prv_basicOperation(mapeo, log): null

2023-10-24 08:27:26 - [TEST_STEP][PASSED] - valueHost = <not implemented yet for class: org.codehaus.groovy.ast.expr.EmptyExpression>: null

2023-10-24 08:27:26 - [TEST_STEP][PASSED] - try: null

2023-10-24 08:27:26 - [TEST_STEP][PASSED] - valueHost = HostUtils.operacionPantallaHost(mapeo, log): null

2023-10-24 08:27:31 - [TEST_STEP][PASSED] - return valueHost.trim(): null

2023-10-24 08:27:31 - [TEST_STEP][PASSED] - break: null

2023-10-24 08:27:31 - [TEST_STEP][PASSED] - (filaInicio++): null

2023-10-24 08:27:31 - [TEST_STEP][PASSED] - findTestData("Data Files/ConnectionHost"): null

2023-10-24 08:27:31 - [TEST_STEP][PASSED] - rowDatosExcel = findTestData("Data Files/GTI - Crear Expedicion Externa"): null

2023-10-24 08:27:31 - [TEST_STEP][PASSED] - Script1676556991125.prv_getPantalla(filaInicio, filaHostRun, rowDatosExcel, log): null

2023-10-24 08:27:31 - [TEST_STEP][PASSED] - fieldPantalla = <not implemented yet for class: org.codehaus.groovy.ast.expr.EmptyExpression>: null

2023-10-24 08:27:31 - [TEST_STEP][PASSED] - mapeo = <not implemented yet for class: org.codehaus.groovy.ast.expr.EmptyExpression>: null

2023-10-24 08:27:31 - [TEST_STEP][PASSED] - mapeo = new java.util.HashMap(): null

2023-10-24 08:27:31 - [TEST_STEP][PASSED] - mapeo = HostUtils.getDataExcel(datosExcel, numeroFila): null

2023-10-24 08:27:31 - [TEST_STEP][PASSED] - fieldPantalla = mapeo.get("Pantalla"): null

2023-10-24 08:27:31 - [TEST_STEP][PASSED] - switch (fieldPantalla): null

2023-10-24 08:27:31 - [TEST_STEP][PASSED] - case "Consultar":: null

2023-10-24 08:27:31 - [TEST_STEP][PASSED] - log.loggerInfo("SE VA A REALIZAR LA PANTALLA DE CONSULTAR"): null

2023-10-24 08:27:31 - [TEST_STEP][PASSED] - Script1676556991125.prv_getCampos(mapeo, filaHostRun, log): null

2023-10-24 08:27:31 - [TEST_STEP][PASSED] - fieldCampos = <not implemented yet for class: org.codehaus.groovy.ast.expr.EmptyExpression>: null

2023-10-24 08:27:31 - [TEST_STEP][PASSED] - estadoPedido = <not implemented yet for class: org.codehaus.groovy.ast.expr.EmptyExpression>: null

2023-10-24 08:27:31 - [TEST_STEP][PASSED] - expedicion = <not implemented yet for class: org.codehaus.groovy.ast.expr.EmptyExpression>: null

2023-10-24 08:27:31 - [TEST_STEP][PASSED] - albaran = <not implemented yet for class: org.codehaus.groovy.ast.expr.EmptyExpression>: null

2023-10-24 08:27:31 - [TEST_STEP][PASSED] - estadoExpedicion = <not implemented yet for class: org.codehaus.groovy.ast.expr.EmptyExpression>: null

2023-10-24 08:27:31 - [TEST_STEP][PASSED] - fieldCampos = mapeo.get("Campos"): null

2023-10-24 08:27:31 - [TEST_STEP][PASSED] - switch (fieldCampos): null

2023-10-24 08:27:31 - [TEST_STEP][PASSED] - Default: null

2023-10-24 08:27:31 - [TEST_STEP][PASSED] - Script1676556991125.prv_basicOperation(mapeo, log): null

2023-10-24 08:27:31 - [TEST_STEP][PASSED] - valueHost = <not implemented yet for class: org.codehaus.groovy.ast.expr.EmptyExpression>: null

2023-10-24 08:27:31 - [TEST_STEP][PASSED] - try: null

2023-10-24 08:27:31 - [TEST_STEP][PASSED] - valueHost = HostUtils.operacionPantallaHost(mapeo, log): null

2023-10-24 08:27:36 - [TEST_STEP][PASSED] - return valueHost.trim(): null

2023-10-24 08:27:36 - [TEST_STEP][PASSED] - break: null

2023-10-24 08:27:36 - [TEST_STEP][PASSED] - (filaInicio++): null

2023-10-24 08:27:36 - [TEST_STEP][PASSED] - findTestData("Data Files/ConnectionHost"): null

2023-10-24 08:27:36 - [TEST_STEP][PASSED] - rowDatosExcel = findTestData("Data Files/GTI - Crear Expedicion Externa"): null

2023-10-24 08:27:36 - [TEST_STEP][PASSED] - Script1676556991125.prv_getPantalla(filaInicio, filaHostRun, rowDatosExcel, log): null

2023-10-24 08:27:36 - [TEST_STEP][PASSED] - fieldPantalla = <not implemented yet for class: org.codehaus.groovy.ast.expr.EmptyExpression>: null

2023-10-24 08:27:36 - [TEST_STEP][PASSED] - mapeo = <not implemented yet for class: org.codehaus.groovy.ast.expr.EmptyExpression>: null

2023-10-24 08:27:36 - [TEST_STEP][PASSED] - mapeo = new java.util.HashMap(): null

2023-10-24 08:27:36 - [TEST_STEP][PASSED] - mapeo = HostUtils.getDataExcel(datosExcel, numeroFila): null

2023-10-24 08:27:36 - [TEST_STEP][PASSED] - fieldPantalla = mapeo.get("Pantalla"): null

2023-10-24 08:27:36 - [TEST_STEP][PASSED] - switch (fieldPantalla): null

2023-10-24 08:27:36 - [TEST_STEP][PASSED] - case "Consultar":: null

2023-10-24 08:27:36 - [TEST_STEP][PASSED] - log.loggerInfo("SE VA A REALIZAR LA PANTALLA DE CONSULTAR"): null

2023-10-24 08:27:36 - [TEST_STEP][PASSED] - Script1676556991125.prv_getCampos(mapeo, filaHostRun, log): null

2023-10-24 08:27:36 - [TEST_STEP][PASSED] - fieldCampos = <not implemented yet for class: org.codehaus.groovy.ast.expr.EmptyExpression>: null

2023-10-24 08:27:36 - [TEST_STEP][PASSED] - estadoPedido = <not implemented yet for class: org.codehaus.groovy.ast.expr.EmptyExpression>: null

2023-10-24 08:27:36 - [TEST_STEP][PASSED] - expedicion = <not implemented yet for class: org.codehaus.groovy.ast.expr.EmptyExpression>: null

2023-10-24 08:27:36 - [TEST_STEP][PASSED] - albaran = <not implemented yet for class: org.codehaus.groovy.ast.expr.EmptyExpression>: null

2023-10-24 08:27:36 - [TEST_STEP][PASSED] - estadoExpedicion = <not implemented yet for class: org.codehaus.groovy.ast.expr.EmptyExpression>: null

2023-10-24 08:27:36 - [TEST_STEP][PASSED] - fieldCampos = mapeo.get("Campos"): null

2023-10-24 08:27:36 - [TEST_STEP][PASSED] - switch (fieldCampos): null

2023-10-24 08:27:36 - [TEST_STEP][PASSED] - case "Albaran":: null

2023-10-24 08:27:36 - [TEST_STEP][PASSED] - albaran = Script1676556991125.prv_basicOperation(mapeo, log): null

2023-10-24 08:27:36 - [TEST_STEP][PASSED] - valueHost = <not implemented yet for class: org.codehaus.groovy.ast.expr.EmptyExpression>: null

2023-10-24 08:27:36 - [TEST_STEP][PASSED] - try: null

2023-10-24 08:27:36 - [TEST_STEP][PASSED] - valueHost = HostUtils.operacionPantallaHost(mapeo, log): null

2023-10-24 08:27:41 - [TEST_STEP][PASSED] - return valueHost.trim(): null

2023-10-24 08:27:41 - [TEST_STEP][PASSED] - log.loggerInfo("El numero de albaran es: %s", albaran.trim()): null

2023-10-24 08:27:41 - [TEST_STEP][PASSED] - assert !(albaran.isEmpty()): null

2023-10-24 08:27:41 - [TEST_STEP][PASSED] - writeExcel.writeExcel_Connection(filaHostRun, "Albaran", "Connection", albaran.trim()): Se va ha escribir en la columna Albaran y en la fila 7 el valor: Sistema

2023-10-24 08:27:41 - [MESSAGE][INFO] - Se va ha escribir en la columna Albaran y en la fila 7 el valor: Sistema

2023-10-24 08:27:41 - [TEST_STEP][PASSED] - writeExcel.writeExcel_CrearExpedicionExterna(91, "ARGUMENTOS", "Operativa", albaran.trim()): Se va ha escribir en la columna ARGUMENTOS y en la fila 91 el valor: Sistema

2023-10-24 08:27:41 - [MESSAGE][INFO] - Se va ha escribir en la columna ARGUMENTOS y en la fila 91 el valor: Sistema

2023-10-24 08:27:41 - [TEST_STEP][PASSED] - writeExcel.writeExcel_CrearExpedicionExterna(105, "ARGUMENTOS", "Operativa", albaran.trim()): Se va ha escribir en la columna ARGUMENTOS y en la fila 105 el valor: Sistema

2023-10-24 08:27:41 - [MESSAGE][INFO] - Se va ha escribir en la columna ARGUMENTOS y en la fila 105 el valor: Sistema

2023-10-24 08:27:41 - [TEST_STEP][PASSED] - break: null

2023-10-24 08:27:41 - [TEST_STEP][PASSED] - break: null

2023-10-24 08:27:41 - [TEST_STEP][PASSED] - (filaInicio++): null

2023-10-24 08:27:41 - [TEST_STEP][PASSED] - findTestData("Data Files/ConnectionHost"): null

2023-10-24 08:27:41 - [TEST_STEP][PASSED] - rowDatosExcel = findTestData("Data Files/GTI - Crear Expedicion Externa"): null

2023-10-24 08:27:41 - [TEST_STEP][PASSED] - Script1676556991125.prv_getPantalla(filaInicio, filaHostRun, rowDatosExcel, log): null

2023-10-24 08:27:41 - [TEST_STEP][PASSED] - fieldPantalla = <not implemented yet for class: org.codehaus.groovy.ast.expr.EmptyExpression>: null

2023-10-24 08:27:41 - [TEST_STEP][PASSED] - mapeo = <not implemented yet for class: org.codehaus.groovy.ast.expr.EmptyExpression>: null

2023-10-24 08:27:41 - [TEST_STEP][PASSED] - mapeo = new java.util.HashMap(): null

2023-10-24 08:27:41 - [TEST_STEP][PASSED] - mapeo = HostUtils.getDataExcel(datosExcel, numeroFila): null

2023-10-24 08:27:41 - [TEST_STEP][PASSED] - fieldPantalla = mapeo.get("Pantalla"): null

2023-10-24 08:27:41 - [TEST_STEP][PASSED] - switch (fieldPantalla): null

2023-10-24 08:27:41 - [TEST_STEP][PASSED] - Default: null

2023-10-24 08:27:41 - [TEST_STEP][PASSED] - Script1676556991125.prv_basicOperation(mapeo, log): null

2023-10-24 08:27:41 - [TEST_STEP][PASSED] - valueHost = <not implemented yet for class: org.codehaus.groovy.ast.expr.EmptyExpression>: null

2023-10-24 08:27:41 - [TEST_STEP][PASSED] - try: null

2023-10-24 08:27:41 - [TEST_STEP][PASSED] - valueHost = HostUtils.operacionPantallaHost(mapeo, log): null

2023-10-24 08:27:45 - [TEST_STEP][PASSED] - return valueHost.trim(): null

2023-10-24 08:27:45 - [TEST_STEP][PASSED] - (filaInicio++): null

2023-10-24 08:27:45 - [TEST_STEP][PASSED] - findTestData("Data Files/ConnectionHost"): null

2023-10-24 08:27:45 - [TEST_STEP][PASSED] - rowDatosExcel = findTestData("Data Files/GTI - Crear Expedicion Externa"): null

2023-10-24 08:27:45 - [TEST_STEP][PASSED] - Script1676556991125.prv_getPantalla(filaInicio, filaHostRun, rowDatosExcel, log): null

2023-10-24 08:27:45 - [TEST_STEP][PASSED] - fieldPantalla = <not implemented yet for class: org.codehaus.groovy.ast.expr.EmptyExpression>: null

2023-10-24 08:27:45 - [TEST_STEP][PASSED] - mapeo = <not implemented yet for class: org.codehaus.groovy.ast.expr.EmptyExpression>: null

2023-10-24 08:27:45 - [TEST_STEP][PASSED] - mapeo = new java.util.HashMap(): null

2023-10-24 08:27:45 - [TEST_STEP][PASSED] - mapeo = HostUtils.getDataExcel(datosExcel, numeroFila): null

2023-10-24 08:27:45 - [TEST_STEP][PASSED] - fieldPantalla = mapeo.get("Pantalla"): null

2023-10-24 08:27:45 - [TEST_STEP][PASSED] - switch (fieldPantalla): null

2023-10-24 08:27:45 - [TEST_STEP][PASSED] - Default: null

2023-10-24 08:27:45 - [TEST_STEP][PASSED] - Script1676556991125.prv_basicOperation(mapeo, log): null

2023-10-24 08:27:45 - [TEST_STEP][PASSED] - valueHost = <not implemented yet for class: org.codehaus.groovy.ast.expr.EmptyExpression>: null

2023-10-24 08:27:45 - [TEST_STEP][PASSED] - try: null

2023-10-24 08:27:45 - [TEST_STEP][PASSED] - valueHost = HostUtils.operacionPantallaHost(mapeo, log): null

2023-10-24 08:27:49 - [TEST_STEP][PASSED] - return valueHost.trim(): null

2023-10-24 08:27:49 - [TEST_STEP][PASSED] - (filaInicio++): null

2023-10-24 08:27:49 - [TEST_STEP][PASSED] - findTestData("Data Files/ConnectionHost"): null

2023-10-24 08:27:49 - [TEST_STEP][PASSED] - rowDatosExcel = findTestData("Data Files/GTI - Crear Expedicion Externa"): null

2023-10-24 08:27:49 - [TEST_STEP][PASSED] - Script1676556991125.prv_getPantalla(filaInicio, filaHostRun, rowDatosExcel, log): null

2023-10-24 08:27:49 - [TEST_STEP][PASSED] - fieldPantalla = <not implemented yet for class: org.codehaus.groovy.ast.expr.EmptyExpression>: null

2023-10-24 08:27:49 - [TEST_STEP][PASSED] - mapeo = <not implemented yet for class: org.codehaus.groovy.ast.expr.EmptyExpression>: null

2023-10-24 08:27:49 - [TEST_STEP][PASSED] - mapeo = new java.util.HashMap(): null

2023-10-24 08:27:49 - [TEST_STEP][PASSED] - mapeo = HostUtils.getDataExcel(datosExcel, numeroFila): null

2023-10-24 08:27:49 - [TEST_STEP][PASSED] - fieldPantalla = mapeo.get("Pantalla"): null

2023-10-24 08:27:49 - [TEST_STEP][PASSED] - switch (fieldPantalla): null

2023-10-24 08:27:49 - [TEST_STEP][PASSED] - Default: null

2023-10-24 08:27:49 - [TEST_STEP][PASSED] - Script1676556991125.prv_basicOperation(mapeo, log): null

2023-10-24 08:27:49 - [TEST_STEP][PASSED] - valueHost = <not implemented yet for class: org.codehaus.groovy.ast.expr.EmptyExpression>: null

2023-10-24 08:27:49 - [TEST_STEP][PASSED] - try: null

2023-10-24 08:27:49 - [TEST_STEP][PASSED] - valueHost = HostUtils.operacionPantallaHost(mapeo, log): null

2023-10-24 08:27:52 - [TEST_STEP][PASSED] - return valueHost.trim(): null

2023-10-24 08:27:52 - [TEST_STEP][PASSED] - (filaInicio++): null

2023-10-24 08:27:52 - [TEST_STEP][PASSED] - findTestData("Data Files/ConnectionHost"): null

2023-10-24 08:27:52 - [TEST_STEP][PASSED] - rowDatosExcel = findTestData("Data Files/GTI - Crear Expedicion Externa"): null

2023-10-24 08:27:52 - [TEST_STEP][PASSED] - Script1676556991125.prv_getPantalla(filaInicio, filaHostRun, rowDatosExcel, log): null

2023-10-24 08:27:52 - [TEST_STEP][PASSED] - fieldPantalla = <not implemented yet for class: org.codehaus.groovy.ast.expr.EmptyExpression>: null

2023-10-24 08:27:52 - [TEST_STEP][PASSED] - mapeo = <not implemented yet for class: org.codehaus.groovy.ast.expr.EmptyExpression>: null

2023-10-24 08:27:52 - [TEST_STEP][PASSED] - mapeo = new java.util.HashMap(): null

2023-10-24 08:27:52 - [TEST_STEP][PASSED] - mapeo = HostUtils.getDataExcel(datosExcel, numeroFila): null

2023-10-24 08:27:52 - [TEST_STEP][PASSED] - fieldPantalla = mapeo.get("Pantalla"): null

2023-10-24 08:27:52 - [TEST_STEP][PASSED] - switch (fieldPantalla): null

2023-10-24 08:27:52 - [TEST_STEP][PASSED] - Default: null

2023-10-24 08:27:52 - [TEST_STEP][PASSED] - Script1676556991125.prv_basicOperation(mapeo, log): null

2023-10-24 08:27:52 - [TEST_STEP][PASSED] - valueHost = <not implemented yet for class: org.codehaus.groovy.ast.expr.EmptyExpression>: null

2023-10-24 08:27:52 - [TEST_STEP][PASSED] - try: null

2023-10-24 08:27:52 - [TEST_STEP][PASSED] - valueHost = HostUtils.operacionPantallaHost(mapeo, log): null

2023-10-24 08:27:57 - [TEST_STEP][PASSED] - return valueHost.trim(): null

2023-10-24 08:27:57 - [TEST_STEP][PASSED] - (filaInicio++): null

2023-10-24 08:27:57 - [TEST_STEP][PASSED] - findTestData("Data Files/ConnectionHost"): null

2023-10-24 08:27:57 - [TEST_STEP][PASSED] - rowDatosExcel = findTestData("Data Files/GTI - Crear Expedicion Externa"): null

2023-10-24 08:27:57 - [TEST_STEP][PASSED] - Script1676556991125.prv_getPantalla(filaInicio, filaHostRun, rowDatosExcel, log): null

2023-10-24 08:27:57 - [TEST_STEP][PASSED] - fieldPantalla = <not implemented yet for class: org.codehaus.groovy.ast.expr.EmptyExpression>: null

2023-10-24 08:27:57 - [TEST_STEP][PASSED] - mapeo = <not implemented yet for class: org.codehaus.groovy.ast.expr.EmptyExpression>: null

2023-10-24 08:27:57 - [TEST_STEP][PASSED] - mapeo = new java.util.HashMap(): null

2023-10-24 08:27:57 - [TEST_STEP][PASSED] - mapeo = HostUtils.getDataExcel(datosExcel, numeroFila): null

2023-10-24 08:27:57 - [TEST_STEP][PASSED] - fieldPantalla = mapeo.get("Pantalla"): null

2023-10-24 08:27:57 - [TEST_STEP][PASSED] - switch (fieldPantalla): null

2023-10-24 08:27:57 - [TEST_STEP][PASSED] - Default: null

2023-10-24 08:27:57 - [TEST_STEP][PASSED] - Script1676556991125.prv_basicOperation(mapeo, log): null

2023-10-24 08:27:57 - [TEST_STEP][PASSED] - valueHost = <not implemented yet for class: org.codehaus.groovy.ast.expr.EmptyExpression>: null

2023-10-24 08:27:57 - [TEST_STEP][PASSED] - try: null

2023-10-24 08:27:57 - [TEST_STEP][PASSED] - valueHost = HostUtils.operacionPantallaHost(mapeo, log): null

2023-10-24 08:28:01 - [TEST_STEP][PASSED] - return valueHost.trim(): null

2023-10-24 08:28:01 - [TEST_STEP][PASSED] - (filaInicio++): null

2023-10-24 08:28:01 - [TEST_STEP][PASSED] - findTestData("Data Files/ConnectionHost"): null

2023-10-24 08:28:01 - [TEST_STEP][PASSED] - rowDatosExcel = findTestData("Data Files/GTI - Crear Expedicion Externa"): null

2023-10-24 08:28:01 - [TEST_STEP][PASSED] - Script1676556991125.prv_getPantalla(filaInicio, filaHostRun, rowDatosExcel, log): null

2023-10-24 08:28:01 - [TEST_STEP][PASSED] - fieldPantalla = <not implemented yet for class: org.codehaus.groovy.ast.expr.EmptyExpression>: null

2023-10-24 08:28:01 - [TEST_STEP][PASSED] - mapeo = <not implemented yet for class: org.codehaus.groovy.ast.expr.EmptyExpression>: null

2023-10-24 08:28:01 - [TEST_STEP][PASSED] - mapeo = new java.util.HashMap(): null

2023-10-24 08:28:01 - [TEST_STEP][PASSED] - mapeo = HostUtils.getDataExcel(datosExcel, numeroFila): null

2023-10-24 08:28:01 - [TEST_STEP][PASSED] - fieldPantalla = mapeo.get("Pantalla"): null

2023-10-24 08:28:01 - [TEST_STEP][PASSED] - switch (fieldPantalla): null

2023-10-24 08:28:01 - [TEST_STEP][PASSED] - Default: null

2023-10-24 08:28:01 - [TEST_STEP][PASSED] - Script1676556991125.prv_basicOperation(mapeo, log): null

2023-10-24 08:28:01 - [TEST_STEP][PASSED] - valueHost = <not implemented yet for class: org.codehaus.groovy.ast.expr.EmptyExpression>: null

2023-10-24 08:28:01 - [TEST_STEP][PASSED] - try: null

2023-10-24 08:28:01 - [TEST_STEP][PASSED] - valueHost = HostUtils.operacionPantallaHost(mapeo, log): null

2023-10-24 08:28:04 - [TEST_STEP][PASSED] - return valueHost.trim(): null

2023-10-24 08:28:04 - [TEST_STEP][PASSED] - (filaInicio++): null

2023-10-24 08:28:04 - [TEST_STEP][PASSED] - findTestData("Data Files/ConnectionHost"): null

2023-10-24 08:28:04 - [TEST_STEP][PASSED] - rowDatosExcel = findTestData("Data Files/GTI - Crear Expedicion Externa"): null

2023-10-24 08:28:04 - [TEST_STEP][PASSED] - Script1676556991125.prv_getPantalla(filaInicio, filaHostRun, rowDatosExcel, log): null

2023-10-24 08:28:04 - [TEST_STEP][PASSED] - fieldPantalla = <not implemented yet for class: org.codehaus.groovy.ast.expr.EmptyExpression>: null

2023-10-24 08:28:04 - [TEST_STEP][PASSED] - mapeo = <not implemented yet for class: org.codehaus.groovy.ast.expr.EmptyExpression>: null

2023-10-24 08:28:04 - [TEST_STEP][PASSED] - mapeo = new java.util.HashMap(): null

2023-10-24 08:28:04 - [TEST_STEP][PASSED] - mapeo = HostUtils.getDataExcel(datosExcel, numeroFila): null

2023-10-24 08:28:04 - [TEST_STEP][PASSED] - fieldPantalla = mapeo.get("Pantalla"): null

2023-10-24 08:28:04 - [TEST_STEP][PASSED] - switch (fieldPantalla): null

2023-10-24 08:28:04 - [TEST_STEP][PASSED] - Default: null

2023-10-24 08:28:04 - [TEST_STEP][PASSED] - Script1676556991125.prv_basicOperation(mapeo, log): null

2023-10-24 08:28:04 - [TEST_STEP][PASSED] - valueHost = <not implemented yet for class: org.codehaus.groovy.ast.expr.EmptyExpression>: null

2023-10-24 08:28:04 - [TEST_STEP][PASSED] - try: null

2023-10-24 08:28:04 - [TEST_STEP][PASSED] - valueHost = HostUtils.operacionPantallaHost(mapeo, log): null

2023-10-24 08:28:08 - [TEST_STEP][PASSED] - return valueHost.trim(): null

2023-10-24 08:28:08 - [TEST_STEP][PASSED] - (filaInicio++): null

2023-10-24 08:28:08 - [TEST_STEP][PASSED] - findTestData("Data Files/ConnectionHost"): null

2023-10-24 08:28:08 - [TEST_STEP][PASSED] - rowDatosExcel = findTestData("Data Files/GTI - Crear Expedicion Externa"): null

2023-10-24 08:28:08 - [TEST_STEP][PASSED] - Script1676556991125.prv_getPantalla(filaInicio, filaHostRun, rowDatosExcel, log): null

2023-10-24 08:28:08 - [TEST_STEP][PASSED] - fieldPantalla = <not implemented yet for class: org.codehaus.groovy.ast.expr.EmptyExpression>: null

2023-10-24 08:28:08 - [TEST_STEP][PASSED] - mapeo = <not implemented yet for class: org.codehaus.groovy.ast.expr.EmptyExpression>: null

2023-10-24 08:28:08 - [TEST_STEP][PASSED] - mapeo = new java.util.HashMap(): null

2023-10-24 08:28:08 - [TEST_STEP][PASSED] - mapeo = HostUtils.getDataExcel(datosExcel, numeroFila): null

2023-10-24 08:28:08 - [TEST_STEP][PASSED] - fieldPantalla = mapeo.get("Pantalla"): null

2023-10-24 08:28:08 - [TEST_STEP][PASSED] - switch (fieldPantalla): null

2023-10-24 08:28:08 - [TEST_STEP][PASSED] - Default: null

2023-10-24 08:28:08 - [TEST_STEP][PASSED] - Script1676556991125.prv_basicOperation(mapeo, log): null

2023-10-24 08:28:08 - [TEST_STEP][PASSED] - valueHost = <not implemented yet for class: org.codehaus.groovy.ast.expr.EmptyExpression>: null

2023-10-24 08:28:08 - [TEST_STEP][PASSED] - try: null

2023-10-24 08:28:08 - [TEST_STEP][PASSED] - valueHost = HostUtils.operacionPantallaHost(mapeo, log): null

2023-10-24 08:28:12 - [TEST_STEP][PASSED] - return valueHost.trim(): null

2023-10-24 08:28:12 - [TEST_STEP][PASSED] - (filaInicio++): null

2023-10-24 08:28:12 - [TEST_STEP][PASSED] - findTestData("Data Files/ConnectionHost"): null

2023-10-24 08:28:12 - [TEST_STEP][PASSED] - rowDatosExcel = findTestData("Data Files/GTI - Crear Expedicion Externa"): null

2023-10-24 08:28:12 - [TEST_STEP][PASSED] - Script1676556991125.prv_getPantalla(filaInicio, filaHostRun, rowDatosExcel, log): null

2023-10-24 08:28:12 - [TEST_STEP][PASSED] - fieldPantalla = <not implemented yet for class: org.codehaus.groovy.ast.expr.EmptyExpression>: null

2023-10-24 08:28:12 - [TEST_STEP][PASSED] - mapeo = <not implemented yet for class: org.codehaus.groovy.ast.expr.EmptyExpression>: null

2023-10-24 08:28:12 - [TEST_STEP][PASSED] - mapeo = new java.util.HashMap(): null

2023-10-24 08:28:12 - [TEST_STEP][PASSED] - mapeo = HostUtils.getDataExcel(datosExcel, numeroFila): null

2023-10-24 08:28:12 - [TEST_STEP][PASSED] - fieldPantalla = mapeo.get("Pantalla"): null

2023-10-24 08:28:12 - [TEST_STEP][PASSED] - switch (fieldPantalla): null

2023-10-24 08:28:12 - [TEST_STEP][PASSED] - Default: null

2023-10-24 08:28:12 - [TEST_STEP][PASSED] - Script1676556991125.prv_basicOperation(mapeo, log): null

2023-10-24 08:28:12 - [TEST_STEP][PASSED] - valueHost = <not implemented yet for class: org.codehaus.groovy.ast.expr.EmptyExpression>: null

2023-10-24 08:28:12 - [TEST_STEP][PASSED] - try: null

2023-10-24 08:28:12 - [TEST_STEP][PASSED] - valueHost = HostUtils.operacionPantallaHost(mapeo, log): null

2023-10-24 08:28:16 - [TEST_STEP][PASSED] - return valueHost.trim(): null

2023-10-24 08:28:16 - [TEST_STEP][PASSED] - (filaInicio++): null

2023-10-24 08:28:16 - [TEST_STEP][PASSED] - findTestData("Data Files/ConnectionHost"): null

2023-10-24 08:28:16 - [TEST_STEP][PASSED] - rowDatosExcel = findTestData("Data Files/GTI - Crear Expedicion Externa"): null

2023-10-24 08:28:16 - [TEST_STEP][PASSED] - Script1676556991125.prv_getPantalla(filaInicio, filaHostRun, rowDatosExcel, log): null

2023-10-24 08:28:16 - [TEST_STEP][PASSED] - fieldPantalla = <not implemented yet for class: org.codehaus.groovy.ast.expr.EmptyExpression>: null

2023-10-24 08:28:16 - [TEST_STEP][PASSED] - mapeo = <not implemented yet for class: org.codehaus.groovy.ast.expr.EmptyExpression>: null

2023-10-24 08:28:16 - [TEST_STEP][PASSED] - mapeo = new java.util.HashMap(): null

2023-10-24 08:28:16 - [TEST_STEP][PASSED] - mapeo = HostUtils.getDataExcel(datosExcel, numeroFila): null

2023-10-24 08:28:16 - [TEST_STEP][PASSED] - fieldPantalla = mapeo.get("Pantalla"): null

2023-10-24 08:28:16 - [TEST_STEP][PASSED] - switch (fieldPantalla): null

2023-10-24 08:28:16 - [TEST_STEP][PASSED] - Default: null

2023-10-24 08:28:16 - [TEST_STEP][PASSED] - Script1676556991125.prv_basicOperation(mapeo, log): null

2023-10-24 08:28:16 - [TEST_STEP][PASSED] - valueHost = <not implemented yet for class: org.codehaus.groovy.ast.expr.EmptyExpression>: null

2023-10-24 08:28:16 - [TEST_STEP][PASSED] - try: null

2023-10-24 08:28:16 - [TEST_STEP][PASSED] - valueHost = HostUtils.operacionPantallaHost(mapeo, log): null

2023-10-24 08:28:19 - [TEST_STEP][PASSED] - return valueHost.trim(): null

2023-10-24 08:28:19 - [TEST_STEP][PASSED] - (filaInicio++): null

2023-10-24 08:28:19 - [TEST_STEP][PASSED] - findTestData("Data Files/ConnectionHost"): null

2023-10-24 08:28:19 - [TEST_STEP][PASSED] - rowDatosExcel = findTestData("Data Files/GTI - Crear Expedicion Externa"): null

2023-10-24 08:28:19 - [TEST_STEP][PASSED] - Script1676556991125.prv_getPantalla(filaInicio, filaHostRun, rowDatosExcel, log): null

2023-10-24 08:28:19 - [TEST_STEP][PASSED] - fieldPantalla = <not implemented yet for class: org.codehaus.groovy.ast.expr.EmptyExpression>: null

2023-10-24 08:28:19 - [TEST_STEP][PASSED] - mapeo = <not implemented yet for class: org.codehaus.groovy.ast.expr.EmptyExpression>: null

2023-10-24 08:28:19 - [TEST_STEP][PASSED] - mapeo = new java.util.HashMap(): null

2023-10-24 08:28:19 - [TEST_STEP][PASSED] - mapeo = HostUtils.getDataExcel(datosExcel, numeroFila): null

2023-10-24 08:28:19 - [TEST_STEP][PASSED] - fieldPantalla = mapeo.get("Pantalla"): null

2023-10-24 08:28:19 - [TEST_STEP][PASSED] - switch (fieldPantalla): null

2023-10-24 08:28:19 - [TEST_STEP][PASSED] - Default: null

2023-10-24 08:28:19 - [TEST_STEP][PASSED] - Script1676556991125.prv_basicOperation(mapeo, log): null

2023-10-24 08:28:19 - [TEST_STEP][PASSED] - valueHost = <not implemented yet for class: org.codehaus.groovy.ast.expr.EmptyExpression>: null

2023-10-24 08:28:19 - [TEST_STEP][PASSED] - try: null

2023-10-24 08:28:19 - [TEST_STEP][PASSED] - valueHost = HostUtils.operacionPantallaHost(mapeo, log): null

2023-10-24 08:28:23 - [TEST_STEP][PASSED] - return valueHost.trim(): null

2023-10-24 08:28:23 - [TEST_STEP][PASSED] - (filaInicio++): null

2023-10-24 08:28:23 - [TEST_STEP][PASSED] - findTestData("Data Files/ConnectionHost"): null

2023-10-24 08:28:23 - [TEST_STEP][PASSED] - rowDatosExcel = findTestData("Data Files/GTI - Crear Expedicion Externa"): null

2023-10-24 08:28:23 - [TEST_STEP][PASSED] - Script1676556991125.prv_getPantalla(filaInicio, filaHostRun, rowDatosExcel, log): null

2023-10-24 08:28:23 - [TEST_STEP][PASSED] - fieldPantalla = <not implemented yet for class: org.codehaus.groovy.ast.expr.EmptyExpression>: null

2023-10-24 08:28:23 - [TEST_STEP][PASSED] - mapeo = <not implemented yet for class: org.codehaus.groovy.ast.expr.EmptyExpression>: null

2023-10-24 08:28:23 - [TEST_STEP][PASSED] - mapeo = new java.util.HashMap(): null

2023-10-24 08:28:23 - [TEST_STEP][PASSED] - mapeo = HostUtils.getDataExcel(datosExcel, numeroFila): null

2023-10-24 08:28:23 - [TEST_STEP][PASSED] - fieldPantalla = mapeo.get("Pantalla"): null

2023-10-24 08:28:23 - [TEST_STEP][PASSED] - switch (fieldPantalla): null

2023-10-24 08:28:23 - [TEST_STEP][PASSED] - case "CambiarSituacion":: null

2023-10-24 08:28:23 - [TEST_STEP][PASSED] - log.loggerInfo("SE VA A REALIZAR LA PANTALLA DE CAMBIAR DE SITUACION"): null

2023-10-24 08:28:23 - [TEST_STEP][PASSED] - Script1676556991125.prv_getCampos(mapeo, filaHostRun, log): null

2023-10-24 08:28:23 - [TEST_STEP][PASSED] - fieldCampos = <not implemented yet for class: org.codehaus.groovy.ast.expr.EmptyExpression>: null

2023-10-24 08:28:23 - [TEST_STEP][PASSED] - estadoPedido = <not implemented yet for class: org.codehaus.groovy.ast.expr.EmptyExpression>: null

2023-10-24 08:28:23 - [TEST_STEP][PASSED] - expedicion = <not implemented yet for class: org.codehaus.groovy.ast.expr.EmptyExpression>: null

2023-10-24 08:28:23 - [TEST_STEP][PASSED] - albaran = <not implemented yet for class: org.codehaus.groovy.ast.expr.EmptyExpression>: null

2023-10-24 08:28:23 - [TEST_STEP][PASSED] - estadoExpedicion = <not implemented yet for class: org.codehaus.groovy.ast.expr.EmptyExpression>: null

2023-10-24 08:28:23 - [TEST_STEP][PASSED] - fieldCampos = mapeo.get("Campos"): null

2023-10-24 08:28:23 - [TEST_STEP][PASSED] - switch (fieldCampos): null

2023-10-24 08:28:23 - [TEST_STEP][PASSED] - Default: null

2023-10-24 08:28:23 - [TEST_STEP][PASSED] - Script1676556991125.prv_basicOperation(mapeo, log): null

2023-10-24 08:28:23 - [TEST_STEP][PASSED] - valueHost = <not implemented yet for class: org.codehaus.groovy.ast.expr.EmptyExpression>: null

2023-10-24 08:28:23 - [TEST_STEP][PASSED] - try: null

2023-10-24 08:28:23 - [TEST_STEP][PASSED] - valueHost = HostUtils.operacionPantallaHost(mapeo, log): null

2023-10-24 08:28:26 - [TEST_STEP][PASSED] - return valueHost.trim(): null

2023-10-24 08:28:26 - [TEST_STEP][PASSED] - break: null

2023-10-24 08:28:26 - [TEST_STEP][PASSED] - (filaInicio++): null

2023-10-24 08:28:26 - [TEST_STEP][PASSED] - findTestData("Data Files/ConnectionHost"): null

2023-10-24 08:28:26 - [TEST_STEP][PASSED] - rowDatosExcel = findTestData("Data Files/GTI - Crear Expedicion Externa"): null

2023-10-24 08:28:26 - [TEST_STEP][PASSED] - Script1676556991125.prv_getPantalla(filaInicio, filaHostRun, rowDatosExcel, log): null

2023-10-24 08:28:26 - [TEST_STEP][PASSED] - fieldPantalla = <not implemented yet for class: org.codehaus.groovy.ast.expr.EmptyExpression>: null

2023-10-24 08:28:26 - [TEST_STEP][PASSED] - mapeo = <not implemented yet for class: org.codehaus.groovy.ast.expr.EmptyExpression>: null

2023-10-24 08:28:26 - [TEST_STEP][PASSED] - mapeo = new java.util.HashMap(): null

2023-10-24 08:28:26 - [TEST_STEP][PASSED] - mapeo = HostUtils.getDataExcel(datosExcel, numeroFila): null

2023-10-24 08:28:26 - [TEST_STEP][PASSED] - fieldPantalla = mapeo.get("Pantalla"): null

2023-10-24 08:28:26 - [TEST_STEP][PASSED] - switch (fieldPantalla): null

2023-10-24 08:28:26 - [TEST_STEP][PASSED] - case "CambiarSituacion":: null

2023-10-24 08:28:26 - [TEST_STEP][PASSED] - log.loggerInfo("SE VA A REALIZAR LA PANTALLA DE CAMBIAR DE SITUACION"): null

2023-10-24 08:28:26 - [TEST_STEP][PASSED] - Script1676556991125.prv_getCampos(mapeo, filaHostRun, log): null

2023-10-24 08:28:26 - [TEST_STEP][PASSED] - fieldCampos = <not implemented yet for class: org.codehaus.groovy.ast.expr.EmptyExpression>: null

2023-10-24 08:28:26 - [TEST_STEP][PASSED] - estadoPedido = <not implemented yet for class: org.codehaus.groovy.ast.expr.EmptyExpression>: null

2023-10-24 08:28:26 - [TEST_STEP][PASSED] - expedicion = <not implemented yet for class: org.codehaus.groovy.ast.expr.EmptyExpression>: null

2023-10-24 08:28:26 - [TEST_STEP][PASSED] - albaran = <not implemented yet for class: org.codehaus.groovy.ast.expr.EmptyExpression>: null

2023-10-24 08:28:26 - [TEST_STEP][PASSED] - estadoExpedicion = <not implemented yet for class: org.codehaus.groovy.ast.expr.EmptyExpression>: null

2023-10-24 08:28:26 - [TEST_STEP][PASSED] - fieldCampos = mapeo.get("Campos"): null

2023-10-24 08:28:26 - [TEST_STEP][PASSED] - switch (fieldCampos): null

2023-10-24 08:28:26 - [TEST_STEP][PASSED] - Default: null

2023-10-24 08:28:26 - [TEST_STEP][PASSED] - Script1676556991125.prv_basicOperation(mapeo, log): null

2023-10-24 08:28:26 - [TEST_STEP][PASSED] - valueHost = <not implemented yet for class: org.codehaus.groovy.ast.expr.EmptyExpression>: null

2023-10-24 08:28:26 - [TEST_STEP][PASSED] - try: null

2023-10-24 08:28:26 - [TEST_STEP][PASSED] - valueHost = HostUtils.operacionPantallaHost(mapeo, log): null

2023-10-24 08:28:30 - [TEST_STEP][PASSED] - return valueHost.trim(): null

2023-10-24 08:28:30 - [TEST_STEP][PASSED] - break: null

2023-10-24 08:28:30 - [TEST_STEP][PASSED] - (filaInicio++): null

2023-10-24 08:28:30 - [TEST_STEP][PASSED] - findTestData("Data Files/ConnectionHost"): null

2023-10-24 08:28:30 - [TEST_STEP][PASSED] - rowDatosExcel = findTestData("Data Files/GTI - Crear Expedicion Externa"): null

2023-10-24 08:28:30 - [TEST_STEP][PASSED] - Script1676556991125.prv_getPantalla(filaInicio, filaHostRun, rowDatosExcel, log): null

2023-10-24 08:28:30 - [TEST_STEP][PASSED] - fieldPantalla = <not implemented yet for class: org.codehaus.groovy.ast.expr.EmptyExpression>: null

2023-10-24 08:28:30 - [TEST_STEP][PASSED] - mapeo = <not implemented yet for class: org.codehaus.groovy.ast.expr.EmptyExpression>: null

2023-10-24 08:28:30 - [TEST_STEP][PASSED] - mapeo = new java.util.HashMap(): null

2023-10-24 08:28:30 - [TEST_STEP][PASSED] - mapeo = HostUtils.getDataExcel(datosExcel, numeroFila): null

2023-10-24 08:28:30 - [TEST_STEP][PASSED] - fieldPantalla = mapeo.get("Pantalla"): null

2023-10-24 08:28:30 - [TEST_STEP][PASSED] - switch (fieldPantalla): null

2023-10-24 08:28:30 - [TEST_STEP][PASSED] - case "CambiarSituacion":: null

2023-10-24 08:28:30 - [TEST_STEP][PASSED] - log.loggerInfo("SE VA A REALIZAR LA PANTALLA DE CAMBIAR DE SITUACION"): null

2023-10-24 08:28:30 - [TEST_STEP][PASSED] - Script1676556991125.prv_getCampos(mapeo, filaHostRun, log): null

2023-10-24 08:28:30 - [TEST_STEP][PASSED] - fieldCampos = <not implemented yet for class: org.codehaus.groovy.ast.expr.EmptyExpression>: null

2023-10-24 08:28:30 - [TEST_STEP][PASSED] - estadoPedido = <not implemented yet for class: org.codehaus.groovy.ast.expr.EmptyExpression>: null

2023-10-24 08:28:30 - [TEST_STEP][PASSED] - expedicion = <not implemented yet for class: org.codehaus.groovy.ast.expr.EmptyExpression>: null

2023-10-24 08:28:30 - [TEST_STEP][PASSED] - albaran = <not implemented yet for class: org.codehaus.groovy.ast.expr.EmptyExpression>: null

2023-10-24 08:28:30 - [TEST_STEP][PASSED] - estadoExpedicion = <not implemented yet for class: org.codehaus.groovy.ast.expr.EmptyExpression>: null

2023-10-24 08:28:30 - [TEST_STEP][PASSED] - fieldCampos = mapeo.get("Campos"): null

2023-10-24 08:28:30 - [TEST_STEP][PASSED] - switch (fieldCampos): null

2023-10-24 08:28:30 - [TEST_STEP][PASSED] - Default: null

2023-10-24 08:28:30 - [TEST_STEP][PASSED] - Script1676556991125.prv_basicOperation(mapeo, log): null

2023-10-24 08:28:30 - [TEST_STEP][PASSED] - valueHost = <not implemented yet for class: org.codehaus.groovy.ast.expr.EmptyExpression>: null

2023-10-24 08:28:30 - [TEST_STEP][PASSED] - try: null

2023-10-24 08:28:30 - [TEST_STEP][PASSED] - valueHost = HostUtils.operacionPantallaHost(mapeo, log): null

2023-10-24 08:28:33 - [TEST_STEP][PASSED] - return valueHost.trim(): null

2023-10-24 08:28:33 - [TEST_STEP][PASSED] - break: null

2023-10-24 08:28:33 - [TEST_STEP][PASSED] - (filaInicio++): null

2023-10-24 08:28:33 - [TEST_STEP][PASSED] - findTestData("Data Files/ConnectionHost"): null

2023-10-24 08:28:33 - [TEST_STEP][PASSED] - rowDatosExcel = findTestData("Data Files/GTI - Crear Expedicion Externa"): null

2023-10-24 08:28:33 - [TEST_STEP][PASSED] - Script1676556991125.prv_getPantalla(filaInicio, filaHostRun, rowDatosExcel, log): null

2023-10-24 08:28:33 - [TEST_STEP][PASSED] - fieldPantalla = <not implemented yet for class: org.codehaus.groovy.ast.expr.EmptyExpression>: null

2023-10-24 08:28:33 - [TEST_STEP][PASSED] - mapeo = <not implemented yet for class: org.codehaus.groovy.ast.expr.EmptyExpression>: null

2023-10-24 08:28:33 - [TEST_STEP][PASSED] - mapeo = new java.util.HashMap(): null

2023-10-24 08:28:33 - [TEST_STEP][PASSED] - mapeo = HostUtils.getDataExcel(datosExcel, numeroFila): null

2023-10-24 08:28:33 - [TEST_STEP][PASSED] - fieldPantalla = mapeo.get("Pantalla"): null

2023-10-24 08:28:33 - [TEST_STEP][PASSED] - switch (fieldPantalla): null

2023-10-24 08:28:33 - [TEST_STEP][PASSED] - case "CambiarSituacion":: null

2023-10-24 08:28:33 - [TEST_STEP][PASSED] - log.loggerInfo("SE VA A REALIZAR LA PANTALLA DE CAMBIAR DE SITUACION"): null

2023-10-24 08:28:33 - [TEST_STEP][PASSED] - Script1676556991125.prv_getCampos(mapeo, filaHostRun, log): null

2023-10-24 08:28:33 - [TEST_STEP][PASSED] - fieldCampos = <not implemented yet for class: org.codehaus.groovy.ast.expr.EmptyExpression>: null

2023-10-24 08:28:33 - [TEST_STEP][PASSED] - estadoPedido = <not implemented yet for class: org.codehaus.groovy.ast.expr.EmptyExpression>: null

2023-10-24 08:28:33 - [TEST_STEP][PASSED] - expedicion = <not implemented yet for class: org.codehaus.groovy.ast.expr.EmptyExpression>: null

2023-10-24 08:28:33 - [TEST_STEP][PASSED] - albaran = <not implemented yet for class: org.codehaus.groovy.ast.expr.EmptyExpression>: null

2023-10-24 08:28:33 - [TEST_STEP][PASSED] - estadoExpedicion = <not implemented yet for class: org.codehaus.groovy.ast.expr.EmptyExpression>: null

2023-10-24 08:28:33 - [TEST_STEP][PASSED] - fieldCampos = mapeo.get("Campos"): null

2023-10-24 08:28:33 - [TEST_STEP][PASSED] - switch (fieldCampos): null

2023-10-24 08:28:33 - [TEST_STEP][PASSED] - Default: null

2023-10-24 08:28:33 - [TEST_STEP][PASSED] - Script1676556991125.prv_basicOperation(mapeo, log): null

2023-10-24 08:28:33 - [TEST_STEP][PASSED] - valueHost = <not implemented yet for class: org.codehaus.groovy.ast.expr.EmptyExpression>: null

2023-10-24 08:28:33 - [TEST_STEP][PASSED] - try: null

2023-10-24 08:28:33 - [TEST_STEP][PASSED] - valueHost = HostUtils.operacionPantallaHost(mapeo, log): null

2023-10-24 08:28:37 - [TEST_STEP][PASSED] - return valueHost.trim(): null

2023-10-24 08:28:37 - [TEST_STEP][PASSED] - break: null

2023-10-24 08:28:37 - [TEST_STEP][PASSED] - (filaInicio++): null

2023-10-24 08:28:37 - [TEST_STEP][PASSED] - findTestData("Data Files/ConnectionHost"): null

2023-10-24 08:28:37 - [TEST_STEP][PASSED] - rowDatosExcel = findTestData("Data Files/GTI - Crear Expedicion Externa"): null

2023-10-24 08:28:37 - [TEST_STEP][PASSED] - Script1676556991125.prv_getPantalla(filaInicio, filaHostRun, rowDatosExcel, log): null

2023-10-24 08:28:37 - [TEST_STEP][PASSED] - fieldPantalla = <not implemented yet for class: org.codehaus.groovy.ast.expr.EmptyExpression>: null

2023-10-24 08:28:37 - [TEST_STEP][PASSED] - mapeo = <not implemented yet for class: org.codehaus.groovy.ast.expr.EmptyExpression>: null

2023-10-24 08:28:37 - [TEST_STEP][PASSED] - mapeo = new java.util.HashMap(): null

2023-10-24 08:28:37 - [TEST_STEP][PASSED] - mapeo = HostUtils.getDataExcel(datosExcel, numeroFila): null

2023-10-24 08:28:37 - [TEST_STEP][PASSED] - fieldPantalla = mapeo.get("Pantalla"): null

2023-10-24 08:28:37 - [TEST_STEP][PASSED] - switch (fieldPantalla): null

2023-10-24 08:28:37 - [TEST_STEP][PASSED] - Default: null

2023-10-24 08:28:37 - [TEST_STEP][PASSED] - Script1676556991125.prv_basicOperation(mapeo, log): null

2023-10-24 08:28:37 - [TEST_STEP][PASSED] - valueHost = <not implemented yet for class: org.codehaus.groovy.ast.expr.EmptyExpression>: null

2023-10-24 08:28:37 - [TEST_STEP][PASSED] - try: null

2023-10-24 08:28:37 - [TEST_STEP][PASSED] - valueHost = HostUtils.operacionPantallaHost(mapeo, log): null

2023-10-24 08:28:41 - [TEST_STEP][PASSED] - return valueHost.trim(): null

2023-10-24 08:28:41 - [TEST_STEP][PASSED] - (filaInicio++): null

2023-10-24 08:28:41 - [TEST_STEP][PASSED] - findTestData("Data Files/ConnectionHost"): null

2023-10-24 08:28:41 - [TEST_STEP][PASSED] - rowDatosExcel = findTestData("Data Files/GTI - Crear Expedicion Externa"): null

2023-10-24 08:28:41 - [TEST_STEP][PASSED] - Script1676556991125.prv_getPantalla(filaInicio, filaHostRun, rowDatosExcel, log): null

2023-10-24 08:28:41 - [TEST_STEP][PASSED] - fieldPantalla = <not implemented yet for class: org.codehaus.groovy.ast.expr.EmptyExpression>: null

2023-10-24 08:28:41 - [TEST_STEP][PASSED] - mapeo = <not implemented yet for class: org.codehaus.groovy.ast.expr.EmptyExpression>: null

2023-10-24 08:28:41 - [TEST_STEP][PASSED] - mapeo = new java.util.HashMap(): null

2023-10-24 08:28:41 - [TEST_STEP][PASSED] - mapeo = HostUtils.getDataExcel(datosExcel, numeroFila): null

2023-10-24 08:28:41 - [TEST_STEP][PASSED] - fieldPantalla = mapeo.get("Pantalla"): null

2023-10-24 08:28:41 - [TEST_STEP][PASSED] - switch (fieldPantalla): null

2023-10-24 08:28:41 - [TEST_STEP][PASSED] - Default: null

2023-10-24 08:28:41 - [TEST_STEP][PASSED] - Script1676556991125.prv_basicOperation(mapeo, log): null

2023-10-24 08:28:41 - [TEST_STEP][PASSED] - valueHost = <not implemented yet for class: org.codehaus.groovy.ast.expr.EmptyExpression>: null

2023-10-24 08:28:41 - [TEST_STEP][PASSED] - try: null

2023-10-24 08:28:41 - [TEST_STEP][PASSED] - valueHost = HostUtils.operacionPantallaHost(mapeo, log): null

2023-10-24 08:28:46 - [TEST_STEP][PASSED] - return valueHost.trim(): null

2023-10-24 08:28:46 - [TEST_STEP][PASSED] - (filaInicio++): null

2023-10-24 08:28:46 - [TEST_STEP][PASSED] - findTestData("Data Files/ConnectionHost"): null

2023-10-24 08:28:46 - [TEST_STEP][PASSED] - rowDatosExcel = findTestData("Data Files/GTI - Crear Expedicion Externa"): null

2023-10-24 08:28:46 - [TEST_STEP][PASSED] - Script1676556991125.prv_getPantalla(filaInicio, filaHostRun, rowDatosExcel, log): null

2023-10-24 08:28:46 - [TEST_STEP][PASSED] - fieldPantalla = <not implemented yet for class: org.codehaus.groovy.ast.expr.EmptyExpression>: null

2023-10-24 08:28:46 - [TEST_STEP][PASSED] - mapeo = <not implemented yet for class: org.codehaus.groovy.ast.expr.EmptyExpression>: null

2023-10-24 08:28:46 - [TEST_STEP][PASSED] - mapeo = new java.util.HashMap(): null

2023-10-24 08:28:46 - [TEST_STEP][PASSED] - mapeo = HostUtils.getDataExcel(datosExcel, numeroFila): null

2023-10-24 08:28:46 - [TEST_STEP][PASSED] - fieldPantalla = mapeo.get("Pantalla"): null

2023-10-24 08:28:46 - [TEST_STEP][PASSED] - switch (fieldPantalla): null

2023-10-24 08:28:46 - [TEST_STEP][PASSED] - Default: null

2023-10-24 08:28:46 - [TEST_STEP][PASSED] - Script1676556991125.prv_basicOperation(mapeo, log): null

2023-10-24 08:28:46 - [TEST_STEP][PASSED] - valueHost = <not implemented yet for class: org.codehaus.groovy.ast.expr.EmptyExpression>: null

2023-10-24 08:28:46 - [TEST_STEP][PASSED] - try: null

2023-10-24 08:28:46 - [TEST_STEP][PASSED] - valueHost = HostUtils.operacionPantallaHost(mapeo, log): null

2023-10-24 08:28:49 - [TEST_STEP][PASSED] - return valueHost.trim(): null

2023-10-24 08:28:49 - [TEST_STEP][PASSED] - (filaInicio++): null

2023-10-24 08:28:49 - [TEST_STEP][PASSED] - findTestData("Data Files/ConnectionHost"): null

2023-10-24 08:28:49 - [TEST_STEP][PASSED] - rowDatosExcel = findTestData("Data Files/GTI - Crear Expedicion Externa"): null

2023-10-24 08:28:49 - [TEST_STEP][PASSED] - Script1676556991125.prv_getPantalla(filaInicio, filaHostRun, rowDatosExcel, log): null

2023-10-24 08:28:49 - [TEST_STEP][PASSED] - fieldPantalla = <not implemented yet for class: org.codehaus.groovy.ast.expr.EmptyExpression>: null

2023-10-24 08:28:49 - [TEST_STEP][PASSED] - mapeo = <not implemented yet for class: org.codehaus.groovy.ast.expr.EmptyExpression>: null

2023-10-24 08:28:49 - [TEST_STEP][PASSED] - mapeo = new java.util.HashMap(): null

2023-10-24 08:28:49 - [TEST_STEP][PASSED] - mapeo = HostUtils.getDataExcel(datosExcel, numeroFila): null

2023-10-24 08:28:49 - [TEST_STEP][PASSED] - fieldPantalla = mapeo.get("Pantalla"): null

2023-10-24 08:28:49 - [TEST_STEP][PASSED] - switch (fieldPantalla): null

2023-10-24 08:28:49 - [TEST_STEP][PASSED] - Default: null

2023-10-24 08:28:49 - [TEST_STEP][PASSED] - Script1676556991125.prv_basicOperation(mapeo, log): null

2023-10-24 08:28:49 - [TEST_STEP][PASSED] - valueHost = <not implemented yet for class: org.codehaus.groovy.ast.expr.EmptyExpression>: null

2023-10-24 08:28:49 - [TEST_STEP][PASSED] - try: null

2023-10-24 08:28:49 - [TEST_STEP][PASSED] - valueHost = HostUtils.operacionPantallaHost(mapeo, log): null

2023-10-24 08:28:53 - [TEST_STEP][PASSED] - return valueHost.trim(): null

2023-10-24 08:28:53 - [TEST_STEP][PASSED] - (filaInicio++): null

2023-10-24 08:28:53 - [TEST_STEP][PASSED] - findTestData("Data Files/ConnectionHost"): null

2023-10-24 08:28:53 - [TEST_STEP][PASSED] - rowDatosExcel = findTestData("Data Files/GTI - Crear Expedicion Externa"): null

2023-10-24 08:28:53 - [TEST_STEP][PASSED] - Script1676556991125.prv_getPantalla(filaInicio, filaHostRun, rowDatosExcel, log): null

2023-10-24 08:28:53 - [TEST_STEP][PASSED] - fieldPantalla = <not implemented yet for class: org.codehaus.groovy.ast.expr.EmptyExpression>: null

2023-10-24 08:28:53 - [TEST_STEP][PASSED] - mapeo = <not implemented yet for class: org.codehaus.groovy.ast.expr.EmptyExpression>: null

2023-10-24 08:28:53 - [TEST_STEP][PASSED] - mapeo = new java.util.HashMap(): null

2023-10-24 08:28:53 - [TEST_STEP][PASSED] - mapeo = HostUtils.getDataExcel(datosExcel, numeroFila): null

2023-10-24 08:28:53 - [TEST_STEP][PASSED] - fieldPantalla = mapeo.get("Pantalla"): null

2023-10-24 08:28:53 - [TEST_STEP][PASSED] - switch (fieldPantalla): null

2023-10-24 08:28:53 - [TEST_STEP][PASSED] - Default: null

2023-10-24 08:28:53 - [TEST_STEP][PASSED] - Script1676556991125.prv_basicOperation(mapeo, log): null

2023-10-24 08:28:53 - [TEST_STEP][PASSED] - valueHost = <not implemented yet for class: org.codehaus.groovy.ast.expr.EmptyExpression>: null

2023-10-24 08:28:53 - [TEST_STEP][PASSED] - try: null

2023-10-24 08:28:53 - [TEST_STEP][PASSED] - valueHost = HostUtils.operacionPantallaHost(mapeo, log): null

2023-10-24 08:28:56 - [TEST_STEP][PASSED] - return valueHost.trim(): null

2023-10-24 08:28:56 - [TEST_STEP][PASSED] - (filaInicio++): null

2023-10-24 08:28:56 - [TEST_STEP][PASSED] - findTestData("Data Files/ConnectionHost"): null

2023-10-24 08:28:56 - [TEST_STEP][PASSED] - rowDatosExcel = findTestData("Data Files/GTI - Crear Expedicion Externa"): null

2023-10-24 08:28:56 - [TEST_STEP][PASSED] - Script1676556991125.prv_getPantalla(filaInicio, filaHostRun, rowDatosExcel, log): null

2023-10-24 08:28:56 - [TEST_STEP][PASSED] - fieldPantalla = <not implemented yet for class: org.codehaus.groovy.ast.expr.EmptyExpression>: null

2023-10-24 08:28:56 - [TEST_STEP][PASSED] - mapeo = <not implemented yet for class: org.codehaus.groovy.ast.expr.EmptyExpression>: null

2023-10-24 08:28:56 - [TEST_STEP][PASSED] - mapeo = new java.util.HashMap(): null

2023-10-24 08:28:56 - [TEST_STEP][PASSED] - mapeo = HostUtils.getDataExcel(datosExcel, numeroFila): null

2023-10-24 08:28:56 - [TEST_STEP][PASSED] - fieldPantalla = mapeo.get("Pantalla"): null

2023-10-24 08:28:56 - [TEST_STEP][PASSED] - switch (fieldPantalla): null

2023-10-24 08:28:56 - [TEST_STEP][PASSED] - Default: null

2023-10-24 08:28:56 - [TEST_STEP][PASSED] - Script1676556991125.prv_basicOperation(mapeo, log): null

2023-10-24 08:28:56 - [TEST_STEP][PASSED] - valueHost = <not implemented yet for class: org.codehaus.groovy.ast.expr.EmptyExpression>: null

2023-10-24 08:28:56 - [TEST_STEP][PASSED] - try: null

2023-10-24 08:28:56 - [TEST_STEP][PASSED] - valueHost = HostUtils.operacionPantallaHost(mapeo, log): null

2023-10-24 08:29:00 - [TEST_STEP][PASSED] - return valueHost.trim(): null

2023-10-24 08:29:00 - [TEST_STEP][PASSED] - (filaInicio++): null

2023-10-24 08:29:00 - [TEST_STEP][PASSED] - findTestData("Data Files/ConnectionHost"): null

2023-10-24 08:29:00 - [TEST_STEP][PASSED] - rowDatosExcel = findTestData("Data Files/GTI - Crear Expedicion Externa"): null

2023-10-24 08:29:00 - [TEST_STEP][PASSED] - Script1676556991125.prv_getPantalla(filaInicio, filaHostRun, rowDatosExcel, log): null

2023-10-24 08:29:00 - [TEST_STEP][PASSED] - fieldPantalla = <not implemented yet for class: org.codehaus.groovy.ast.expr.EmptyExpression>: null

2023-10-24 08:29:00 - [TEST_STEP][PASSED] - mapeo = <not implemented yet for class: org.codehaus.groovy.ast.expr.EmptyExpression>: null

2023-10-24 08:29:00 - [TEST_STEP][PASSED] - mapeo = new java.util.HashMap(): null

2023-10-24 08:29:00 - [TEST_STEP][PASSED] - mapeo = HostUtils.getDataExcel(datosExcel, numeroFila): null

2023-10-24 08:29:00 - [TEST_STEP][PASSED] - fieldPantalla = mapeo.get("Pantalla"): null

2023-10-24 08:29:00 - [TEST_STEP][PASSED] - switch (fieldPantalla): null

2023-10-24 08:29:00 - [TEST_STEP][PASSED] - Default: null

2023-10-24 08:29:00 - [TEST_STEP][PASSED] - Script1676556991125.prv_basicOperation(mapeo, log): null

2023-10-24 08:29:00 - [TEST_STEP][PASSED] - valueHost = <not implemented yet for class: org.codehaus.groovy.ast.expr.EmptyExpression>: null

2023-10-24 08:29:00 - [TEST_STEP][PASSED] - try: null

2023-10-24 08:29:00 - [TEST_STEP][PASSED] - valueHost = HostUtils.operacionPantallaHost(mapeo, log): null

2023-10-24 08:29:05 - [TEST_STEP][PASSED] - return valueHost.trim(): null

2023-10-24 08:29:05 - [TEST_STEP][PASSED] - (filaInicio++): null

2023-10-24 08:29:05 - [TEST_STEP][PASSED] - findTestData("Data Files/ConnectionHost"): null

2023-10-24 08:29:05 - [TEST_STEP][PASSED] - rowDatosExcel = findTestData("Data Files/GTI - Crear Expedicion Externa"): null

2023-10-24 08:29:05 - [TEST_STEP][PASSED] - Script1676556991125.prv_getPantalla(filaInicio, filaHostRun, rowDatosExcel, log): null

2023-10-24 08:29:05 - [TEST_STEP][PASSED] - fieldPantalla = <not implemented yet for class: org.codehaus.groovy.ast.expr.EmptyExpression>: null

2023-10-24 08:29:05 - [TEST_STEP][PASSED] - mapeo = <not implemented yet for class: org.codehaus.groovy.ast.expr.EmptyExpression>: null

2023-10-24 08:29:05 - [TEST_STEP][PASSED] - mapeo = new java.util.HashMap(): null

2023-10-24 08:29:05 - [TEST_STEP][PASSED] - mapeo = HostUtils.getDataExcel(datosExcel, numeroFila): null

2023-10-24 08:29:05 - [TEST_STEP][PASSED] - fieldPantalla = mapeo.get("Pantalla"): null

2023-10-24 08:29:05 - [TEST_STEP][PASSED] - switch (fieldPantalla): null

2023-10-24 08:29:05 - [TEST_STEP][PASSED] - Default: null

2023-10-24 08:29:05 - [TEST_STEP][PASSED] - Script1676556991125.prv_basicOperation(mapeo, log): null

2023-10-24 08:29:05 - [TEST_STEP][PASSED] - valueHost = <not implemented yet for class: org.codehaus.groovy.ast.expr.EmptyExpression>: null

2023-10-24 08:29:05 - [TEST_STEP][PASSED] - try: null

2023-10-24 08:29:05 - [TEST_STEP][PASSED] - valueHost = HostUtils.operacionPantallaHost(mapeo, log): null

2023-10-24 08:29:08 - [TEST_STEP][PASSED] - return valueHost.trim(): null

2023-10-24 08:29:08 - [TEST_STEP][PASSED] - (filaInicio++): null

2023-10-24 08:29:08 - [TEST_STEP][PASSED] - findTestData("Data Files/ConnectionHost"): null

2023-10-24 08:29:08 - [TEST_STEP][PASSED] - rowDatosExcel = findTestData("Data Files/GTI - Crear Expedicion Externa"): null

2023-10-24 08:29:08 - [TEST_STEP][PASSED] - Script1676556991125.prv_getPantalla(filaInicio, filaHostRun, rowDatosExcel, log): null

2023-10-24 08:29:08 - [TEST_STEP][PASSED] - fieldPantalla = <not implemented yet for class: org.codehaus.groovy.ast.expr.EmptyExpression>: null

2023-10-24 08:29:08 - [TEST_STEP][PASSED] - mapeo = <not implemented yet for class: org.codehaus.groovy.ast.expr.EmptyExpression>: null

2023-10-24 08:29:08 - [TEST_STEP][PASSED] - mapeo = new java.util.HashMap(): null

2023-10-24 08:29:08 - [TEST_STEP][PASSED] - mapeo = HostUtils.getDataExcel(datosExcel, numeroFila): null

2023-10-24 08:29:08 - [TEST_STEP][PASSED] - fieldPantalla = mapeo.get("Pantalla"): null

2023-10-24 08:29:08 - [TEST_STEP][PASSED] - switch (fieldPantalla): null

2023-10-24 08:29:08 - [TEST_STEP][PASSED] - Default: null

2023-10-24 08:29:08 - [TEST_STEP][PASSED] - Script1676556991125.prv_basicOperation(mapeo, log): null

2023-10-24 08:29:08 - [TEST_STEP][PASSED] - valueHost = <not implemented yet for class: org.codehaus.groovy.ast.expr.EmptyExpression>: null

2023-10-24 08:29:08 - [TEST_STEP][PASSED] - try: null

2023-10-24 08:29:08 - [TEST_STEP][PASSED] - valueHost = HostUtils.operacionPantallaHost(mapeo, log): null

2023-10-24 08:29:11 - [TEST_STEP][PASSED] - return valueHost.trim(): null

2023-10-24 08:29:11 - [TEST_STEP][PASSED] - (filaInicio++): null

2023-10-24 08:29:11 - [TEST_STEP][PASSED] - findTestData("Data Files/ConnectionHost"): null

2023-10-24 08:29:11 - [TEST_STEP][PASSED] - rowDatosExcel = findTestData("Data Files/GTI - Crear Expedicion Externa"): null

2023-10-24 08:29:11 - [TEST_STEP][PASSED] - Script1676556991125.prv_getPantalla(filaInicio, filaHostRun, rowDatosExcel, log): null

2023-10-24 08:29:11 - [TEST_STEP][PASSED] - fieldPantalla = <not implemented yet for class: org.codehaus.groovy.ast.expr.EmptyExpression>: null

2023-10-24 08:29:11 - [TEST_STEP][PASSED] - mapeo = <not implemented yet for class: org.codehaus.groovy.ast.expr.EmptyExpression>: null

2023-10-24 08:29:11 - [TEST_STEP][PASSED] - mapeo = new java.util.HashMap(): null

2023-10-24 08:29:11 - [TEST_STEP][PASSED] - mapeo = HostUtils.getDataExcel(datosExcel, numeroFila): null

2023-10-24 08:29:11 - [TEST_STEP][PASSED] - fieldPantalla = mapeo.get("Pantalla"): null

2023-10-24 08:29:11 - [TEST_STEP][PASSED] - switch (fieldPantalla): null

2023-10-24 08:29:11 - [TEST_STEP][PASSED] - Default: null

2023-10-24 08:29:11 - [TEST_STEP][PASSED] - Script1676556991125.prv_basicOperation(mapeo, log): null

2023-10-24 08:29:11 - [TEST_STEP][PASSED] - valueHost = <not implemented yet for class: org.codehaus.groovy.ast.expr.EmptyExpression>: null

2023-10-24 08:29:11 - [TEST_STEP][PASSED] - try: null

2023-10-24 08:29:11 - [TEST_STEP][PASSED] - valueHost = HostUtils.operacionPantallaHost(mapeo, log): null

2023-10-24 08:29:15 - [TEST_STEP][PASSED] - return valueHost.trim(): null

2023-10-24 08:29:15 - [TEST_STEP][PASSED] - (filaInicio++): null

2023-10-24 08:29:15 - [TEST_STEP][PASSED] - findTestData("Data Files/ConnectionHost"): null

2023-10-24 08:29:15 - [TEST_STEP][PASSED] - rowDatosExcel = findTestData("Data Files/GTI - Crear Expedicion Externa"): null

2023-10-24 08:29:15 - [TEST_STEP][PASSED] - Script1676556991125.prv_getPantalla(filaInicio, filaHostRun, rowDatosExcel, log): null

2023-10-24 08:29:15 - [TEST_STEP][PASSED] - fieldPantalla = <not implemented yet for class: org.codehaus.groovy.ast.expr.EmptyExpression>: null

2023-10-24 08:29:15 - [TEST_STEP][PASSED] - mapeo = <not implemented yet for class: org.codehaus.groovy.ast.expr.EmptyExpression>: null

2023-10-24 08:29:15 - [TEST_STEP][PASSED] - mapeo = new java.util.HashMap(): null

2023-10-24 08:29:15 - [TEST_STEP][PASSED] - mapeo = HostUtils.getDataExcel(datosExcel, numeroFila): null

2023-10-24 08:29:15 - [TEST_STEP][PASSED] - fieldPantalla = mapeo.get("Pantalla"): null

2023-10-24 08:29:15 - [TEST_STEP][PASSED] - switch (fieldPantalla): null

2023-10-24 08:29:15 - [TEST_STEP][PASSED] - Default: null

2023-10-24 08:29:15 - [TEST_STEP][PASSED] - Script1676556991125.prv_basicOperation(mapeo, log): null

2023-10-24 08:29:15 - [TEST_STEP][PASSED] - valueHost = <not implemented yet for class: org.codehaus.groovy.ast.expr.EmptyExpression>: null

2023-10-24 08:29:15 - [TEST_STEP][PASSED] - try: null

2023-10-24 08:29:15 - [TEST_STEP][PASSED] - valueHost = HostUtils.operacionPantallaHost(mapeo, log): null

2023-10-24 08:29:20 - [TEST_STEP][PASSED] - return valueHost.trim(): null

2023-10-24 08:29:20 - [TEST_STEP][PASSED] - (filaInicio++): null

2023-10-24 08:29:20 - [TEST_STEP][PASSED] - findTestData("Data Files/ConnectionHost"): null

2023-10-24 08:29:20 - [TEST_STEP][PASSED] - rowDatosExcel = findTestData("Data Files/GTI - Crear Expedicion Externa"): null

2023-10-24 08:29:20 - [TEST_STEP][PASSED] - Script1676556991125.prv_getPantalla(filaInicio, filaHostRun, rowDatosExcel, log): null

2023-10-24 08:29:20 - [TEST_STEP][PASSED] - fieldPantalla = <not implemented yet for class: org.codehaus.groovy.ast.expr.EmptyExpression>: null

2023-10-24 08:29:20 - [TEST_STEP][PASSED] - mapeo = <not implemented yet for class: org.codehaus.groovy.ast.expr.EmptyExpression>: null

2023-10-24 08:29:20 - [TEST_STEP][PASSED] - mapeo = new java.util.HashMap(): null

2023-10-24 08:29:20 - [TEST_STEP][PASSED] - mapeo = HostUtils.getDataExcel(datosExcel, numeroFila): null

2023-10-24 08:29:20 - [TEST_STEP][PASSED] - fieldPantalla = mapeo.get("Pantalla"): null

2023-10-24 08:29:20 - [TEST_STEP][PASSED] - switch (fieldPantalla): null

2023-10-24 08:29:20 - [TEST_STEP][PASSED] - Default: null

2023-10-24 08:29:20 - [TEST_STEP][PASSED] - Script1676556991125.prv_basicOperation(mapeo, log): null

2023-10-24 08:29:20 - [TEST_STEP][PASSED] - valueHost = <not implemented yet for class: org.codehaus.groovy.ast.expr.EmptyExpression>: null

2023-10-24 08:29:20 - [TEST_STEP][PASSED] - try: null

2023-10-24 08:29:20 - [TEST_STEP][PASSED] - valueHost = HostUtils.operacionPantallaHost(mapeo, log): null

2023-10-24 08:29:24 - [TEST_STEP][PASSED] - return valueHost.trim(): null

2023-10-24 08:29:24 - [TEST_STEP][PASSED] - (filaInicio++): null

2023-10-24 08:29:24 - [TEST_STEP][PASSED] - findTestData("Data Files/ConnectionHost"): null

2023-10-24 08:29:24 - [TEST_STEP][PASSED] - rowDatosExcel = findTestData("Data Files/GTI - Crear Expedicion Externa"): null

2023-10-24 08:29:24 - [TEST_STEP][PASSED] - Script1676556991125.prv_getPantalla(filaInicio, filaHostRun, rowDatosExcel, log): null

2023-10-24 08:29:24 - [TEST_STEP][PASSED] - fieldPantalla = <not implemented yet for class: org.codehaus.groovy.ast.expr.EmptyExpression>: null

2023-10-24 08:29:24 - [TEST_STEP][PASSED] - mapeo = <not implemented yet for class: org.codehaus.groovy.ast.expr.EmptyExpression>: null

2023-10-24 08:29:24 - [TEST_STEP][PASSED] - mapeo = new java.util.HashMap(): null

2023-10-24 08:29:24 - [TEST_STEP][PASSED] - mapeo = HostUtils.getDataExcel(datosExcel, numeroFila): null

2023-10-24 08:29:24 - [TEST_STEP][PASSED] - fieldPantalla = mapeo.get("Pantalla"): null

2023-10-24 08:29:24 - [TEST_STEP][PASSED] - switch (fieldPantalla): null

2023-10-24 08:29:24 - [TEST_STEP][PASSED] - Default: null

2023-10-24 08:29:24 - [TEST_STEP][PASSED] - Script1676556991125.prv_basicOperation(mapeo, log): null

2023-10-24 08:29:24 - [TEST_STEP][PASSED] - valueHost = <not implemented yet for class: org.codehaus.groovy.ast.expr.EmptyExpression>: null

2023-10-24 08:29:24 - [TEST_STEP][PASSED] - try: null

2023-10-24 08:29:24 - [TEST_STEP][PASSED] - valueHost = HostUtils.operacionPantallaHost(mapeo, log): null

2023-10-24 08:29:27 - [TEST_STEP][PASSED] - return valueHost.trim(): null

2023-10-24 08:29:27 - [TEST_STEP][PASSED] - (filaInicio++): null

2023-10-24 08:29:27 - [TEST_STEP][PASSED] - findTestData("Data Files/ConnectionHost"): null

2023-10-24 08:29:27 - [TEST_STEP][PASSED] - rowDatosExcel = findTestData("Data Files/GTI - Crear Expedicion Externa"): null

2023-10-24 08:29:27 - [TEST_STEP][PASSED] - Script1676556991125.prv_getPantalla(filaInicio, filaHostRun, rowDatosExcel, log): null

2023-10-24 08:29:27 - [TEST_STEP][PASSED] - fieldPantalla = <not implemented yet for class: org.codehaus.groovy.ast.expr.EmptyExpression>: null

2023-10-24 08:29:27 - [TEST_STEP][PASSED] - mapeo = <not implemented yet for class: org.codehaus.groovy.ast.expr.EmptyExpression>: null

2023-10-24 08:29:27 - [TEST_STEP][PASSED] - mapeo = new java.util.HashMap(): null

2023-10-24 08:29:27 - [TEST_STEP][PASSED] - mapeo = HostUtils.getDataExcel(datosExcel, numeroFila): null

2023-10-24 08:29:27 - [TEST_STEP][PASSED] - fieldPantalla = mapeo.get("Pantalla"): null

2023-10-24 08:29:27 - [TEST_STEP][PASSED] - switch (fieldPantalla): null

2023-10-24 08:29:27 - [TEST_STEP][PASSED] - Default: null

2023-10-24 08:29:27 - [TEST_STEP][PASSED] - Script1676556991125.prv_basicOperation(mapeo, log): null

2023-10-24 08:29:27 - [TEST_STEP][PASSED] - valueHost = <not implemented yet for class: org.codehaus.groovy.ast.expr.EmptyExpression>: null

2023-10-24 08:29:27 - [TEST_STEP][PASSED] - try: null

2023-10-24 08:29:27 - [TEST_STEP][PASSED] - valueHost = HostUtils.operacionPantallaHost(mapeo, log): null

2023-10-24 08:29:30 - [TEST_STEP][PASSED] - return valueHost.trim(): null

2023-10-24 08:29:30 - [TEST_STEP][PASSED] - (filaInicio++): null

2023-10-24 08:29:30 - [TEST_STEP][PASSED] - findTestData("Data Files/ConnectionHost"): null

2023-10-24 08:29:30 - [TEST_STEP][PASSED] - rowDatosExcel = findTestData("Data Files/GTI - Crear Expedicion Externa"): null

2023-10-24 08:29:30 - [TEST_STEP][PASSED] - Script1676556991125.prv_getPantalla(filaInicio, filaHostRun, rowDatosExcel, log): null

2023-10-24 08:29:30 - [TEST_STEP][PASSED] - fieldPantalla = <not implemented yet for class: org.codehaus.groovy.ast.expr.EmptyExpression>: null

2023-10-24 08:29:30 - [TEST_STEP][PASSED] - mapeo = <not implemented yet for class: org.codehaus.groovy.ast.expr.EmptyExpression>: null

2023-10-24 08:29:30 - [TEST_STEP][PASSED] - mapeo = new java.util.HashMap(): null

2023-10-24 08:29:30 - [TEST_STEP][PASSED] - mapeo = HostUtils.getDataExcel(datosExcel, numeroFila): null

2023-10-24 08:29:30 - [TEST_STEP][PASSED] - fieldPantalla = mapeo.get("Pantalla"): null

2023-10-24 08:29:30 - [TEST_STEP][PASSED] - switch (fieldPantalla): null

2023-10-24 08:29:30 - [TEST_STEP][PASSED] - Default: null

2023-10-24 08:29:30 - [TEST_STEP][PASSED] - Script1676556991125.prv_basicOperation(mapeo, log): null

2023-10-24 08:29:30 - [TEST_STEP][PASSED] - valueHost = <not implemented yet for class: org.codehaus.groovy.ast.expr.EmptyExpression>: null

2023-10-24 08:29:30 - [TEST_STEP][PASSED] - try: null

2023-10-24 08:29:30 - [TEST_STEP][PASSED] - valueHost = HostUtils.operacionPantallaHost(mapeo, log): null

2023-10-24 08:29:34 - [TEST_STEP][PASSED] - return valueHost.trim(): null

2023-10-24 08:29:34 - [TEST_STEP][PASSED] - (filaInicio++): null

2023-10-24 08:29:34 - [TEST_STEP][PASSED] - findTestData("Data Files/ConnectionHost"): null

2023-10-24 08:29:34 - [TEST_STEP][PASSED] - rowDatosExcel = findTestData("Data Files/GTI - Crear Expedicion Externa"): null

2023-10-24 08:29:34 - [TEST_STEP][PASSED] - Script1676556991125.prv_getPantalla(filaInicio, filaHostRun, rowDatosExcel, log): null

2023-10-24 08:29:34 - [TEST_STEP][PASSED] - fieldPantalla = <not implemented yet for class: org.codehaus.groovy.ast.expr.EmptyExpression>: null

2023-10-24 08:29:34 - [TEST_STEP][PASSED] - mapeo = <not implemented yet for class: org.codehaus.groovy.ast.expr.EmptyExpression>: null

2023-10-24 08:29:34 - [TEST_STEP][PASSED] - mapeo = new java.util.HashMap(): null

2023-10-24 08:29:34 - [TEST_STEP][PASSED] - mapeo = HostUtils.getDataExcel(datosExcel, numeroFila): null

2023-10-24 08:29:34 - [TEST_STEP][PASSED] - fieldPantalla = mapeo.get("Pantalla"): null

2023-10-24 08:29:34 - [TEST_STEP][PASSED] - switch (fieldPantalla): null

2023-10-24 08:29:34 - [TEST_STEP][PASSED] - Default: null

2023-10-24 08:29:34 - [TEST_STEP][PASSED] - Script1676556991125.prv_basicOperation(mapeo, log): null

2023-10-24 08:29:34 - [TEST_STEP][PASSED] - valueHost = <not implemented yet for class: org.codehaus.groovy.ast.expr.EmptyExpression>: null

2023-10-24 08:29:34 - [TEST_STEP][PASSED] - try: null

2023-10-24 08:29:34 - [TEST_STEP][PASSED] - valueHost = HostUtils.operacionPantallaHost(mapeo, log): null

2023-10-24 08:29:38 - [TEST_STEP][PASSED] - return valueHost.trim(): null

2023-10-24 08:29:38 - [TEST_STEP][PASSED] - (filaInicio++): null

2023-10-24 08:29:38 - [TEST_STEP][PASSED] - findTestData("Data Files/ConnectionHost"): null

2023-10-24 08:29:38 - [TEST_STEP][PASSED] - rowDatosExcel = findTestData("Data Files/GTI - Crear Expedicion Externa"): null

2023-10-24 08:29:38 - [TEST_STEP][PASSED] - Script1676556991125.prv_getPantalla(filaInicio, filaHostRun, rowDatosExcel, log): null

2023-10-24 08:29:38 - [TEST_STEP][PASSED] - fieldPantalla = <not implemented yet for class: org.codehaus.groovy.ast.expr.EmptyExpression>: null

2023-10-24 08:29:38 - [TEST_STEP][PASSED] - mapeo = <not implemented yet for class: org.codehaus.groovy.ast.expr.EmptyExpression>: null

2023-10-24 08:29:38 - [TEST_STEP][PASSED] - mapeo = new java.util.HashMap(): null

2023-10-24 08:29:38 - [TEST_STEP][PASSED] - mapeo = HostUtils.getDataExcel(datosExcel, numeroFila): null

2023-10-24 08:29:38 - [TEST_STEP][PASSED] - fieldPantalla = mapeo.get("Pantalla"): null

2023-10-24 08:29:38 - [TEST_STEP][PASSED] - switch (fieldPantalla): null

2023-10-24 08:29:38 - [TEST_STEP][PASSED] - Default: null

2023-10-24 08:29:38 - [TEST_STEP][PASSED] - Script1676556991125.prv_basicOperation(mapeo, log): null

2023-10-24 08:29:38 - [TEST_STEP][PASSED] - valueHost = <not implemented yet for class: org.codehaus.groovy.ast.expr.EmptyExpression>: null

2023-10-24 08:29:38 - [TEST_STEP][PASSED] - try: null

2023-10-24 08:29:38 - [TEST_STEP][PASSED] - valueHost = HostUtils.operacionPantallaHost(mapeo, log): null

2023-10-24 08:29:42 - [TEST_STEP][PASSED] - return valueHost.trim(): null

2023-10-24 08:29:42 - [TEST_STEP][PASSED] - (filaInicio++): null

2023-10-24 08:29:42 - [TEST_STEP][PASSED] - findTestData("Data Files/ConnectionHost"): null

2023-10-24 08:29:42 - [TEST_STEP][PASSED] - rowDatosExcel = findTestData("Data Files/GTI - Crear Expedicion Externa"): null

2023-10-24 08:29:42 - [TEST_STEP][PASSED] - Script1676556991125.prv_getPantalla(filaInicio, filaHostRun, rowDatosExcel, log): null

2023-10-24 08:29:42 - [TEST_STEP][PASSED] - fieldPantalla = <not implemented yet for class: org.codehaus.groovy.ast.expr.EmptyExpression>: null

2023-10-24 08:29:42 - [TEST_STEP][PASSED] - mapeo = <not implemented yet for class: org.codehaus.groovy.ast.expr.EmptyExpression>: null

2023-10-24 08:29:42 - [TEST_STEP][PASSED] - mapeo = new java.util.HashMap(): null

2023-10-24 08:29:42 - [TEST_STEP][PASSED] - mapeo = HostUtils.getDataExcel(datosExcel, numeroFila): null

2023-10-24 08:29:42 - [TEST_STEP][PASSED] - fieldPantalla = mapeo.get("Pantalla"): null

2023-10-24 08:29:42 - [TEST_STEP][PASSED] - switch (fieldPantalla): null

2023-10-24 08:29:42 - [TEST_STEP][PASSED] - case "Consultar":: null

2023-10-24 08:29:42 - [TEST_STEP][PASSED] - log.loggerInfo("SE VA A REALIZAR LA PANTALLA DE CONSULTAR"): null

2023-10-24 08:29:42 - [TEST_STEP][PASSED] - Script1676556991125.prv_getCampos(mapeo, filaHostRun, log): null

2023-10-24 08:29:42 - [TEST_STEP][PASSED] - fieldCampos = <not implemented yet for class: org.codehaus.groovy.ast.expr.EmptyExpression>: null

2023-10-24 08:29:42 - [TEST_STEP][PASSED] - estadoPedido = <not implemented yet for class: org.codehaus.groovy.ast.expr.EmptyExpression>: null

2023-10-24 08:29:42 - [TEST_STEP][PASSED] - expedicion = <not implemented yet for class: org.codehaus.groovy.ast.expr.EmptyExpression>: null

2023-10-24 08:29:42 - [TEST_STEP][PASSED] - albaran = <not implemented yet for class: org.codehaus.groovy.ast.expr.EmptyExpression>: null

2023-10-24 08:29:42 - [TEST_STEP][PASSED] - estadoExpedicion = <not implemented yet for class: org.codehaus.groovy.ast.expr.EmptyExpression>: null

2023-10-24 08:29:42 - [TEST_STEP][PASSED] - fieldCampos = mapeo.get("Campos"): null

2023-10-24 08:29:42 - [TEST_STEP][PASSED] - switch (fieldCampos): null

2023-10-24 08:29:42 - [TEST_STEP][PASSED] - Default: null

2023-10-24 08:29:42 - [TEST_STEP][PASSED] - Script1676556991125.prv_basicOperation(mapeo, log): null

2023-10-24 08:29:42 - [TEST_STEP][PASSED] - valueHost = <not implemented yet for class: org.codehaus.groovy.ast.expr.EmptyExpression>: null

2023-10-24 08:29:42 - [TEST_STEP][PASSED] - try: null

2023-10-24 08:29:42 - [TEST_STEP][PASSED] - valueHost = HostUtils.operacionPantallaHost(mapeo, log): null

2023-10-24 08:29:45 - [TEST_STEP][PASSED] - return valueHost.trim(): null

2023-10-24 08:29:45 - [TEST_STEP][PASSED] - break: null

2023-10-24 08:29:45 - [TEST_STEP][PASSED] - (filaInicio++): null

2023-10-24 08:29:45 - [TEST_STEP][PASSED] - findTestData("Data Files/ConnectionHost"): null

2023-10-24 08:29:45 - [TEST_STEP][PASSED] - rowDatosExcel = findTestData("Data Files/GTI - Crear Expedicion Externa"): null

2023-10-24 08:29:45 - [TEST_STEP][PASSED] - Script1676556991125.prv_getPantalla(filaInicio, filaHostRun, rowDatosExcel, log): null

2023-10-24 08:29:45 - [TEST_STEP][PASSED] - fieldPantalla = <not implemented yet for class: org.codehaus.groovy.ast.expr.EmptyExpression>: null

2023-10-24 08:29:45 - [TEST_STEP][PASSED] - mapeo = <not implemented yet for class: org.codehaus.groovy.ast.expr.EmptyExpression>: null

2023-10-24 08:29:45 - [TEST_STEP][PASSED] - mapeo = new java.util.HashMap(): null

2023-10-24 08:29:45 - [TEST_STEP][PASSED] - mapeo = HostUtils.getDataExcel(datosExcel, numeroFila): null

2023-10-24 08:29:45 - [TEST_STEP][PASSED] - fieldPantalla = mapeo.get("Pantalla"): null

2023-10-24 08:29:45 - [TEST_STEP][PASSED] - switch (fieldPantalla): null

2023-10-24 08:29:45 - [TEST_STEP][PASSED] - case "Consultar":: null

2023-10-24 08:29:45 - [TEST_STEP][PASSED] - log.loggerInfo("SE VA A REALIZAR LA PANTALLA DE CONSULTAR"): null

2023-10-24 08:29:45 - [TEST_STEP][PASSED] - Script1676556991125.prv_getCampos(mapeo, filaHostRun, log): null

2023-10-24 08:29:45 - [TEST_STEP][PASSED] - fieldCampos = <not implemented yet for class: org.codehaus.groovy.ast.expr.EmptyExpression>: null

2023-10-24 08:29:45 - [TEST_STEP][PASSED] - estadoPedido = <not implemented yet for class: org.codehaus.groovy.ast.expr.EmptyExpression>: null

2023-10-24 08:29:45 - [TEST_STEP][PASSED] - expedicion = <not implemented yet for class: org.codehaus.groovy.ast.expr.EmptyExpression>: null

2023-10-24 08:29:45 - [TEST_STEP][PASSED] - albaran = <not implemented yet for class: org.codehaus.groovy.ast.expr.EmptyExpression>: null

2023-10-24 08:29:45 - [TEST_STEP][PASSED] - estadoExpedicion = <not implemented yet for class: org.codehaus.groovy.ast.expr.EmptyExpression>: null

2023-10-24 08:29:45 - [TEST_STEP][PASSED] - fieldCampos = mapeo.get("Campos"): null

2023-10-24 08:29:45 - [TEST_STEP][PASSED] - switch (fieldCampos): null

2023-10-24 08:29:45 - [TEST_STEP][PASSED] - Default: null

2023-10-24 08:29:45 - [TEST_STEP][PASSED] - Script1676556991125.prv_basicOperation(mapeo, log): null

2023-10-24 08:29:45 - [TEST_STEP][PASSED] - valueHost = <not implemented yet for class: org.codehaus.groovy.ast.expr.EmptyExpression>: null

2023-10-24 08:29:45 - [TEST_STEP][PASSED] - try: null

2023-10-24 08:29:45 - [TEST_STEP][PASSED] - valueHost = HostUtils.operacionPantallaHost(mapeo, log): null

2023-10-24 08:29:48 - [TEST_STEP][PASSED] - return valueHost.trim(): null

2023-10-24 08:29:48 - [TEST_STEP][PASSED] - break: null

2023-10-24 08:29:48 - [TEST_STEP][PASSED] - (filaInicio++): null

2023-10-24 08:29:48 - [TEST_STEP][PASSED] - findTestData("Data Files/ConnectionHost"): null

2023-10-24 08:29:48 - [TEST_STEP][PASSED] - rowDatosExcel = findTestData("Data Files/GTI - Crear Expedicion Externa"): null

2023-10-24 08:29:48 - [TEST_STEP][PASSED] - Script1676556991125.prv_getPantalla(filaInicio, filaHostRun, rowDatosExcel, log): null

2023-10-24 08:29:48 - [TEST_STEP][PASSED] - fieldPantalla = <not implemented yet for class: org.codehaus.groovy.ast.expr.EmptyExpression>: null

2023-10-24 08:29:48 - [TEST_STEP][PASSED] - mapeo = <not implemented yet for class: org.codehaus.groovy.ast.expr.EmptyExpression>: null

2023-10-24 08:29:48 - [TEST_STEP][PASSED] - mapeo = new java.util.HashMap(): null

2023-10-24 08:29:48 - [TEST_STEP][PASSED] - mapeo = HostUtils.getDataExcel(datosExcel, numeroFila): null

2023-10-24 08:29:48 - [TEST_STEP][PASSED] - fieldPantalla = mapeo.get("Pantalla"): null

2023-10-24 08:29:48 - [TEST_STEP][PASSED] - switch (fieldPantalla): null

2023-10-24 08:29:48 - [TEST_STEP][PASSED] - case "Consultar":: null

2023-10-24 08:29:48 - [TEST_STEP][PASSED] - log.loggerInfo("SE VA A REALIZAR LA PANTALLA DE CONSULTAR"): null

2023-10-24 08:29:48 - [TEST_STEP][PASSED] - Script1676556991125.prv_getCampos(mapeo, filaHostRun, log): null

2023-10-24 08:29:48 - [TEST_STEP][PASSED] - fieldCampos = <not implemented yet for class: org.codehaus.groovy.ast.expr.EmptyExpression>: null

2023-10-24 08:29:48 - [TEST_STEP][PASSED] - estadoPedido = <not implemented yet for class: org.codehaus.groovy.ast.expr.EmptyExpression>: null

2023-10-24 08:29:48 - [TEST_STEP][PASSED] - expedicion = <not implemented yet for class: org.codehaus.groovy.ast.expr.EmptyExpression>: null

2023-10-24 08:29:48 - [TEST_STEP][PASSED] - albaran = <not implemented yet for class: org.codehaus.groovy.ast.expr.EmptyExpression>: null

2023-10-24 08:29:48 - [TEST_STEP][PASSED] - estadoExpedicion = <not implemented yet for class: org.codehaus.groovy.ast.expr.EmptyExpression>: null

2023-10-24 08:29:48 - [TEST_STEP][PASSED] - fieldCampos = mapeo.get("Campos"): null

2023-10-24 08:29:48 - [TEST_STEP][PASSED] - switch (fieldCampos): null

2023-10-24 08:29:48 - [TEST_STEP][PASSED] - Default: null

2023-10-24 08:29:48 - [TEST_STEP][PASSED] - Script1676556991125.prv_basicOperation(mapeo, log): null

2023-10-24 08:29:48 - [TEST_STEP][PASSED] - valueHost = <not implemented yet for class: org.codehaus.groovy.ast.expr.EmptyExpression>: null

2023-10-24 08:29:48 - [TEST_STEP][PASSED] - try: null

2023-10-24 08:29:48 - [TEST_STEP][PASSED] - valueHost = HostUtils.operacionPantallaHost(mapeo, log): null

2023-10-24 08:29:52 - [TEST_STEP][PASSED] - return valueHost.trim(): null

2023-10-24 08:29:52 - [TEST_STEP][PASSED] - break: null

2023-10-24 08:29:52 - [TEST_STEP][PASSED] - (filaInicio++): null

2023-10-24 08:29:52 - [TEST_STEP][PASSED] - findTestData("Data Files/ConnectionHost"): null

2023-10-24 08:29:52 - [TEST_STEP][PASSED] - rowDatosExcel = findTestData("Data Files/GTI - Crear Expedicion Externa"): null

2023-10-24 08:29:52 - [TEST_STEP][PASSED] - Script1676556991125.prv_getPantalla(filaInicio, filaHostRun, rowDatosExcel, log): null

2023-10-24 08:29:52 - [TEST_STEP][PASSED] - fieldPantalla = <not implemented yet for class: org.codehaus.groovy.ast.expr.EmptyExpression>: null

2023-10-24 08:29:52 - [TEST_STEP][PASSED] - mapeo = <not implemented yet for class: org.codehaus.groovy.ast.expr.EmptyExpression>: null

2023-10-24 08:29:52 - [TEST_STEP][PASSED] - mapeo = new java.util.HashMap(): null

2023-10-24 08:29:52 - [TEST_STEP][PASSED] - mapeo = HostUtils.getDataExcel(datosExcel, numeroFila): null

2023-10-24 08:29:52 - [TEST_STEP][PASSED] - fieldPantalla = mapeo.get("Pantalla"): null

2023-10-24 08:29:52 - [TEST_STEP][PASSED] - switch (fieldPantalla): null

2023-10-24 08:29:52 - [TEST_STEP][PASSED] - case "Consultar":: null

2023-10-24 08:29:52 - [TEST_STEP][PASSED] - log.loggerInfo("SE VA A REALIZAR LA PANTALLA DE CONSULTAR"): null

2023-10-24 08:29:52 - [TEST_STEP][PASSED] - Script1676556991125.prv_getCampos(mapeo, filaHostRun, log): null

2023-10-24 08:29:52 - [TEST_STEP][PASSED] - fieldCampos = <not implemented yet for class: org.codehaus.groovy.ast.expr.EmptyExpression>: null

2023-10-24 08:29:52 - [TEST_STEP][PASSED] - estadoPedido = <not implemented yet for class: org.codehaus.groovy.ast.expr.EmptyExpression>: null

2023-10-24 08:29:52 - [TEST_STEP][PASSED] - expedicion = <not implemented yet for class: org.codehaus.groovy.ast.expr.EmptyExpression>: null

2023-10-24 08:29:52 - [TEST_STEP][PASSED] - albaran = <not implemented yet for class: org.codehaus.groovy.ast.expr.EmptyExpression>: null

2023-10-24 08:29:52 - [TEST_STEP][PASSED] - estadoExpedicion = <not implemented yet for class: org.codehaus.groovy.ast.expr.EmptyExpression>: null

2023-10-24 08:29:52 - [TEST_STEP][PASSED] - fieldCampos = mapeo.get("Campos"): null

2023-10-24 08:29:52 - [TEST_STEP][PASSED] - switch (fieldCampos): null

2023-10-24 08:29:52 - [TEST_STEP][PASSED] - Default: null

2023-10-24 08:29:52 - [TEST_STEP][PASSED] - Script1676556991125.prv_basicOperation(mapeo, log): null

2023-10-24 08:29:52 - [TEST_STEP][PASSED] - valueHost = <not implemented yet for class: org.codehaus.groovy.ast.expr.EmptyExpression>: null

2023-10-24 08:29:52 - [TEST_STEP][PASSED] - try: null

2023-10-24 08:29:52 - [TEST_STEP][PASSED] - valueHost = HostUtils.operacionPantallaHost(mapeo, log): null

2023-10-24 08:29:56 - [TEST_STEP][PASSED] - return valueHost.trim(): null

2023-10-24 08:29:56 - [TEST_STEP][PASSED] - break: null

2023-10-24 08:29:56 - [TEST_STEP][PASSED] - (filaInicio++): null

2023-10-24 08:29:56 - [TEST_STEP][PASSED] - findTestData("Data Files/ConnectionHost"): null

2023-10-24 08:29:56 - [TEST_STEP][PASSED] - rowDatosExcel = findTestData("Data Files/GTI - Crear Expedicion Externa"): null

2023-10-24 08:29:56 - [TEST_STEP][PASSED] - Script1676556991125.prv_getPantalla(filaInicio, filaHostRun, rowDatosExcel, log): null

2023-10-24 08:29:56 - [TEST_STEP][PASSED] - fieldPantalla = <not implemented yet for class: org.codehaus.groovy.ast.expr.EmptyExpression>: null

2023-10-24 08:29:56 - [TEST_STEP][PASSED] - mapeo = <not implemented yet for class: org.codehaus.groovy.ast.expr.EmptyExpression>: null

2023-10-24 08:29:56 - [TEST_STEP][PASSED] - mapeo = new java.util.HashMap(): null

2023-10-24 08:29:56 - [TEST_STEP][PASSED] - mapeo = HostUtils.getDataExcel(datosExcel, numeroFila): null

2023-10-24 08:29:56 - [TEST_STEP][PASSED] - fieldPantalla = mapeo.get("Pantalla"): null

2023-10-24 08:29:56 - [TEST_STEP][PASSED] - switch (fieldPantalla): null

2023-10-24 08:29:56 - [TEST_STEP][PASSED] - case "Externo":: null

2023-10-24 08:29:56 - [TEST_STEP][PASSED] - log.loggerInfo("SE VA A REALIZAR LA RECOGIDA DEL MENSAJE EN EL EXTERNO"): null

2023-10-24 08:29:56 - [TEST_STEP][PASSED] - Script1676556991125.prv_getCampos(mapeo, filaHostRun, log): null

2023-10-24 08:29:56 - [TEST_STEP][PASSED] - fieldCampos = <not implemented yet for class: org.codehaus.groovy.ast.expr.EmptyExpression>: null

2023-10-24 08:29:56 - [TEST_STEP][PASSED] - estadoPedido = <not implemented yet for class: org.codehaus.groovy.ast.expr.EmptyExpression>: null

2023-10-24 08:29:56 - [TEST_STEP][PASSED] - expedicion = <not implemented yet for class: org.codehaus.groovy.ast.expr.EmptyExpression>: null

2023-10-24 08:29:56 - [TEST_STEP][PASSED] - albaran = <not implemented yet for class: org.codehaus.groovy.ast.expr.EmptyExpression>: null

2023-10-24 08:29:56 - [TEST_STEP][PASSED] - estadoExpedicion = <not implemented yet for class: org.codehaus.groovy.ast.expr.EmptyExpression>: null

2023-10-24 08:29:56 - [TEST_STEP][PASSED] - fieldCampos = mapeo.get("Campos"): null

2023-10-24 08:29:56 - [TEST_STEP][PASSED] - switch (fieldCampos): null

2023-10-24 08:29:56 - [TEST_STEP][PASSED] - case "msg1":: null

2023-10-24 08:29:56 - [TEST_STEP][PASSED] - estadoExpedicion = Script1676556991125.prv_basicOperation(mapeo, log): null

2023-10-24 08:29:56 - [TEST_STEP][PASSED] - valueHost = <not implemented yet for class: org.codehaus.groovy.ast.expr.EmptyExpression>: null

2023-10-24 08:29:56 - [TEST_STEP][PASSED] - try: null

2023-10-24 08:29:56 - [TEST_STEP][PASSED] - valueHost = HostUtils.operacionPantallaHost(mapeo, log): null

2023-10-24 08:30:00 - [TEST_STEP][PASSED] - return valueHost.trim(): null

2023-10-24 08:30:00 - [TEST_STEP][PASSED] - log.loggerInfo("El estado de la expedicion es: %s", estadoExpedicion): null

2023-10-24 08:30:00 - [TEST_STEP][PASSED] - writeExcel.writeExcel_CrearExpedicionExterna(128, "ARGUMENTOS", "Operativa", estadoExpedicion.trim()): Se va ha escribir en la columna ARGUMENTOS y en la fila 128 el valor: 

2023-10-24 08:30:00 - [MESSAGE][INFO] - Se va ha escribir en la columna ARGUMENTOS y en la fila 128 el valor: 

2023-10-24 08:30:00 - [TEST_STEP][PASSED] - break: null

2023-10-24 08:30:00 - [TEST_STEP][PASSED] - break: null

2023-10-24 08:30:00 - [TEST_STEP][PASSED] - (filaInicio++): null

2023-10-24 08:30:00 - [TEST_STEP][PASSED] - findTestData("Data Files/ConnectionHost"): null

2023-10-24 08:30:00 - [TEST_STEP][PASSED] - rowDatosExcel = findTestData("Data Files/GTI - Crear Expedicion Externa"): null

2023-10-24 08:30:00 - [TEST_STEP][PASSED] - Script1676556991125.prv_getPantalla(filaInicio, filaHostRun, rowDatosExcel, log): null

2023-10-24 08:30:00 - [TEST_STEP][PASSED] - fieldPantalla = <not implemented yet for class: org.codehaus.groovy.ast.expr.EmptyExpression>: null

2023-10-24 08:30:00 - [TEST_STEP][PASSED] - mapeo = <not implemented yet for class: org.codehaus.groovy.ast.expr.EmptyExpression>: null

2023-10-24 08:30:00 - [TEST_STEP][PASSED] - mapeo = new java.util.HashMap(): null

2023-10-24 08:30:00 - [TEST_STEP][PASSED] - mapeo = HostUtils.getDataExcel(datosExcel, numeroFila): null

2023-10-24 08:30:00 - [TEST_STEP][PASSED] - fieldPantalla = mapeo.get("Pantalla"): null

2023-10-24 08:30:00 - [TEST_STEP][PASSED] - switch (fieldPantalla): null

2023-10-24 08:30:00 - [TEST_STEP][PASSED] - Default: null

2023-10-24 08:30:00 - [TEST_STEP][PASSED] - Script1676556991125.prv_basicOperation(mapeo, log): null

2023-10-24 08:30:00 - [TEST_STEP][PASSED] - valueHost = <not implemented yet for class: org.codehaus.groovy.ast.expr.EmptyExpression>: null

2023-10-24 08:30:00 - [TEST_STEP][PASSED] - try: null

2023-10-24 08:30:00 - [TEST_STEP][PASSED] - valueHost = HostUtils.operacionPantallaHost(mapeo, log): null

2023-10-24 08:30:04 - [TEST_STEP][PASSED] - return valueHost.trim(): null

2023-10-24 08:30:04 - [TEST_STEP][PASSED] - (filaInicio++): null

2023-10-24 08:30:04 - [TEST_STEP][PASSED] - findTestData("Data Files/ConnectionHost"): null

2023-10-24 08:30:04 - [TEST_STEP][PASSED] - rowDatosExcel = findTestData("Data Files/GTI - Crear Expedicion Externa"): null

2023-10-24 08:30:04 - [TEST_STEP][PASSED] - Script1676556991125.prv_getPantalla(filaInicio, filaHostRun, rowDatosExcel, log): null

2023-10-24 08:30:04 - [TEST_STEP][PASSED] - fieldPantalla = <not implemented yet for class: org.codehaus.groovy.ast.expr.EmptyExpression>: null

2023-10-24 08:30:04 - [TEST_STEP][PASSED] - mapeo = <not implemented yet for class: org.codehaus.groovy.ast.expr.EmptyExpression>: null

2023-10-24 08:30:04 - [TEST_STEP][PASSED] - mapeo = new java.util.HashMap(): null

2023-10-24 08:30:04 - [TEST_STEP][PASSED] - mapeo = HostUtils.getDataExcel(datosExcel, numeroFila): null

2023-10-24 08:30:04 - [TEST_STEP][PASSED] - fieldPantalla = mapeo.get("Pantalla"): null

2023-10-24 08:30:04 - [TEST_STEP][PASSED] - switch (fieldPantalla): null

2023-10-24 08:30:04 - [TEST_STEP][PASSED] - Default: null

2023-10-24 08:30:04 - [TEST_STEP][PASSED] - Script1676556991125.prv_basicOperation(mapeo, log): null

2023-10-24 08:30:04 - [TEST_STEP][PASSED] - valueHost = <not implemented yet for class: org.codehaus.groovy.ast.expr.EmptyExpression>: null

2023-10-24 08:30:04 - [TEST_STEP][PASSED] - try: null

2023-10-24 08:30:04 - [TEST_STEP][PASSED] - valueHost = HostUtils.operacionPantallaHost(mapeo, log): null

2023-10-24 08:30:09 - [TEST_STEP][PASSED] - return valueHost.trim(): null

2023-10-24 08:30:09 - [TEST_STEP][PASSED] - (filaInicio++): null

2023-10-24 08:30:09 - [TEST_STEP][PASSED] - findTestData("Data Files/ConnectionHost"): null

2023-10-24 08:30:09 - [TEST_STEP][PASSED] - rowDatosExcel = findTestData("Data Files/GTI - Crear Expedicion Externa"): null

2023-10-24 08:30:09 - [TEST_STEP][PASSED] - Script1676556991125.prv_getPantalla(filaInicio, filaHostRun, rowDatosExcel, log): null

2023-10-24 08:30:09 - [TEST_STEP][PASSED] - fieldPantalla = <not implemented yet for class: org.codehaus.groovy.ast.expr.EmptyExpression>: null

2023-10-24 08:30:09 - [TEST_STEP][PASSED] - mapeo = <not implemented yet for class: org.codehaus.groovy.ast.expr.EmptyExpression>: null

2023-10-24 08:30:09 - [TEST_STEP][PASSED] - mapeo = new java.util.HashMap(): null

2023-10-24 08:30:09 - [TEST_STEP][PASSED] - mapeo = HostUtils.getDataExcel(datosExcel, numeroFila): null

2023-10-24 08:30:09 - [TEST_STEP][PASSED] - fieldPantalla = mapeo.get("Pantalla"): null

2023-10-24 08:30:09 - [TEST_STEP][PASSED] - switch (fieldPantalla): null

2023-10-24 08:30:09 - [TEST_STEP][PASSED] - Default: null

2023-10-24 08:30:09 - [TEST_STEP][PASSED] - Script1676556991125.prv_basicOperation(mapeo, log): null

2023-10-24 08:30:09 - [TEST_STEP][PASSED] - valueHost = <not implemented yet for class: org.codehaus.groovy.ast.expr.EmptyExpression>: null

2023-10-24 08:30:09 - [TEST_STEP][PASSED] - try: null

2023-10-24 08:30:09 - [TEST_STEP][PASSED] - valueHost = HostUtils.operacionPantallaHost(mapeo, log): null

2023-10-24 08:30:12 - [TEST_STEP][PASSED] - return valueHost.trim(): null

2023-10-24 08:30:12 - [TEST_STEP][PASSED] - (filaInicio++): null

2023-10-24 08:30:12 - [TEST_STEP][PASSED] - findTestData("Data Files/ConnectionHost"): null

2023-10-24 08:30:12 - [TEST_STEP][PASSED] - rowDatosExcel = findTestData("Data Files/GTI - Crear Expedicion Externa"): null

2023-10-24 08:30:12 - [TEST_STEP][PASSED] - Script1676556991125.prv_getPantalla(filaInicio, filaHostRun, rowDatosExcel, log): null

2023-10-24 08:30:12 - [TEST_STEP][PASSED] - fieldPantalla = <not implemented yet for class: org.codehaus.groovy.ast.expr.EmptyExpression>: null

2023-10-24 08:30:12 - [TEST_STEP][PASSED] - mapeo = <not implemented yet for class: org.codehaus.groovy.ast.expr.EmptyExpression>: null

2023-10-24 08:30:12 - [TEST_STEP][PASSED] - mapeo = new java.util.HashMap(): null

2023-10-24 08:30:12 - [TEST_STEP][PASSED] - mapeo = HostUtils.getDataExcel(datosExcel, numeroFila): null

2023-10-24 08:30:12 - [TEST_STEP][PASSED] - fieldPantalla = mapeo.get("Pantalla"): null

2023-10-24 08:30:12 - [TEST_STEP][PASSED] - switch (fieldPantalla): null

2023-10-24 08:30:12 - [TEST_STEP][PASSED] - Default: null

2023-10-24 08:30:12 - [TEST_STEP][PASSED] - Script1676556991125.prv_basicOperation(mapeo, log): null

2023-10-24 08:30:12 - [TEST_STEP][PASSED] - valueHost = <not implemented yet for class: org.codehaus.groovy.ast.expr.EmptyExpression>: null

2023-10-24 08:30:12 - [TEST_STEP][PASSED] - try: null

2023-10-24 08:30:12 - [TEST_STEP][PASSED] - valueHost = HostUtils.operacionPantallaHost(mapeo, log): null

2023-10-24 08:30:16 - [TEST_STEP][PASSED] - return valueHost.trim(): null

2023-10-24 08:30:16 - [TEST_STEP][PASSED] - (filaInicio++): null

2023-10-24 08:30:16 - [TEST_STEP][PASSED] - findTestData("Data Files/ConnectionHost"): null

2023-10-24 08:30:16 - [TEST_STEP][PASSED] - rowDatosExcel = findTestData("Data Files/GTI - Crear Expedicion Externa"): null

2023-10-24 08:30:16 - [TEST_STEP][PASSED] - Script1676556991125.prv_getPantalla(filaInicio, filaHostRun, rowDatosExcel, log): null

2023-10-24 08:30:16 - [TEST_STEP][PASSED] - fieldPantalla = <not implemented yet for class: org.codehaus.groovy.ast.expr.EmptyExpression>: null

2023-10-24 08:30:16 - [TEST_STEP][PASSED] - mapeo = <not implemented yet for class: org.codehaus.groovy.ast.expr.EmptyExpression>: null

2023-10-24 08:30:16 - [TEST_STEP][PASSED] - mapeo = new java.util.HashMap(): null

2023-10-24 08:30:16 - [TEST_STEP][PASSED] - mapeo = HostUtils.getDataExcel(datosExcel, numeroFila): null

2023-10-24 08:30:16 - [TEST_STEP][PASSED] - fieldPantalla = mapeo.get("Pantalla"): null

2023-10-24 08:30:16 - [TEST_STEP][PASSED] - switch (fieldPantalla): null

2023-10-24 08:30:16 - [TEST_STEP][PASSED] - Default: null

2023-10-24 08:30:16 - [TEST_STEP][PASSED] - Script1676556991125.prv_basicOperation(mapeo, log): null

2023-10-24 08:30:16 - [TEST_STEP][PASSED] - valueHost = <not implemented yet for class: org.codehaus.groovy.ast.expr.EmptyExpression>: null

2023-10-24 08:30:16 - [TEST_STEP][PASSED] - try: null

2023-10-24 08:30:16 - [TEST_STEP][PASSED] - valueHost = HostUtils.operacionPantallaHost(mapeo, log): null

2023-10-24 08:30:20 - [TEST_STEP][PASSED] - return valueHost.trim(): null

2023-10-24 08:30:20 - [TEST_STEP][PASSED] - (filaInicio++): null

2023-10-24 08:30:20 - [TEST_STEP][PASSED] - findTestData("Data Files/ConnectionHost"): null

2023-10-24 08:30:20 - [TEST_STEP][PASSED] - rowDatosExcel = findTestData("Data Files/GTI - Crear Expedicion Externa"): null

2023-10-24 08:30:20 - [TEST_STEP][PASSED] - Script1676556991125.prv_getPantalla(filaInicio, filaHostRun, rowDatosExcel, log): null

2023-10-24 08:30:20 - [TEST_STEP][PASSED] - fieldPantalla = <not implemented yet for class: org.codehaus.groovy.ast.expr.EmptyExpression>: null

2023-10-24 08:30:20 - [TEST_STEP][PASSED] - mapeo = <not implemented yet for class: org.codehaus.groovy.ast.expr.EmptyExpression>: null

2023-10-24 08:30:20 - [TEST_STEP][PASSED] - mapeo = new java.util.HashMap(): null

2023-10-24 08:30:20 - [TEST_STEP][PASSED] - mapeo = HostUtils.getDataExcel(datosExcel, numeroFila): null

2023-10-24 08:30:20 - [TEST_STEP][PASSED] - fieldPantalla = mapeo.get("Pantalla"): null

2023-10-24 08:30:20 - [TEST_STEP][PASSED] - switch (fieldPantalla): null

2023-10-24 08:30:20 - [TEST_STEP][PASSED] - Default: null

2023-10-24 08:30:20 - [TEST_STEP][PASSED] - Script1676556991125.prv_basicOperation(mapeo, log): null

2023-10-24 08:30:20 - [TEST_STEP][PASSED] - valueHost = <not implemented yet for class: org.codehaus.groovy.ast.expr.EmptyExpression>: null

2023-10-24 08:30:20 - [TEST_STEP][PASSED] - try: null

2023-10-24 08:30:20 - [TEST_STEP][PASSED] - valueHost = HostUtils.operacionPantallaHost(mapeo, log): null

2023-10-24 08:30:24 - [TEST_STEP][PASSED] - return valueHost.trim(): null

2023-10-24 08:30:24 - [TEST_STEP][PASSED] - (filaInicio++): null

2023-10-24 08:30:24 - [TEST_STEP][PASSED] - findTestData("Data Files/ConnectionHost"): null

2023-10-24 08:30:24 - [TEST_STEP][PASSED] - rowDatosExcel = findTestData("Data Files/GTI - Crear Expedicion Externa"): null

2023-10-24 08:30:24 - [TEST_STEP][PASSED] - Script1676556991125.prv_getPantalla(filaInicio, filaHostRun, rowDatosExcel, log): null

2023-10-24 08:30:24 - [TEST_STEP][PASSED] - fieldPantalla = <not implemented yet for class: org.codehaus.groovy.ast.expr.EmptyExpression>: null

2023-10-24 08:30:24 - [TEST_STEP][PASSED] - mapeo = <not implemented yet for class: org.codehaus.groovy.ast.expr.EmptyExpression>: null

2023-10-24 08:30:24 - [TEST_STEP][PASSED] - mapeo = new java.util.HashMap(): null

2023-10-24 08:30:24 - [TEST_STEP][PASSED] - mapeo = HostUtils.getDataExcel(datosExcel, numeroFila): null

2023-10-24 08:30:24 - [TEST_STEP][PASSED] - fieldPantalla = mapeo.get("Pantalla"): null

2023-10-24 08:30:24 - [TEST_STEP][PASSED] - switch (fieldPantalla): null

2023-10-24 08:30:24 - [TEST_STEP][PASSED] - Default: null

2023-10-24 08:30:24 - [TEST_STEP][PASSED] - Script1676556991125.prv_basicOperation(mapeo, log): null

2023-10-24 08:30:24 - [TEST_STEP][PASSED] - valueHost = <not implemented yet for class: org.codehaus.groovy.ast.expr.EmptyExpression>: null

2023-10-24 08:30:24 - [TEST_STEP][PASSED] - try: null

2023-10-24 08:30:24 - [TEST_STEP][PASSED] - valueHost = HostUtils.operacionPantallaHost(mapeo, log): null

2023-10-24 08:30:28 - [TEST_STEP][PASSED] - return valueHost.trim(): null

2023-10-24 08:30:28 - [TEST_STEP][PASSED] - (filaInicio++): null

2023-10-24 08:30:28 - [TEST_STEP][PASSED] - findTestData("Data Files/ConnectionHost"): null

2023-10-24 08:30:28 - [TEST_STEP][PASSED] - rowDatosExcel = findTestData("Data Files/GTI - Crear Expedicion Externa"): null

2023-10-24 08:30:28 - [TEST_STEP][PASSED] - Script1676556991125.prv_getPantalla(filaInicio, filaHostRun, rowDatosExcel, log): null

2023-10-24 08:30:28 - [TEST_STEP][PASSED] - fieldPantalla = <not implemented yet for class: org.codehaus.groovy.ast.expr.EmptyExpression>: null

2023-10-24 08:30:28 - [TEST_STEP][PASSED] - mapeo = <not implemented yet for class: org.codehaus.groovy.ast.expr.EmptyExpression>: null

2023-10-24 08:30:28 - [TEST_STEP][PASSED] - mapeo = new java.util.HashMap(): null

2023-10-24 08:30:28 - [TEST_STEP][PASSED] - mapeo = HostUtils.getDataExcel(datosExcel, numeroFila): null

2023-10-24 08:30:28 - [TEST_STEP][PASSED] - fieldPantalla = mapeo.get("Pantalla"): null

2023-10-24 08:30:28 - [TEST_STEP][PASSED] - switch (fieldPantalla): null

2023-10-24 08:30:28 - [TEST_STEP][PASSED] - Default: null

2023-10-24 08:30:28 - [TEST_STEP][PASSED] - Script1676556991125.prv_basicOperation(mapeo, log): null

2023-10-24 08:30:28 - [TEST_STEP][PASSED] - valueHost = <not implemented yet for class: org.codehaus.groovy.ast.expr.EmptyExpression>: null

2023-10-24 08:30:28 - [TEST_STEP][PASSED] - try: null

2023-10-24 08:30:28 - [TEST_STEP][PASSED] - valueHost = HostUtils.operacionPantallaHost(mapeo, log): null

2023-10-24 08:30:31 - [TEST_STEP][PASSED] - return valueHost.trim(): null

2023-10-24 08:30:31 - [TEST_STEP][PASSED] - (filaInicio++): null

2023-10-24 08:30:31 - [TEST_STEP][PASSED] - findTestData("Data Files/ConnectionHost"): null

2023-10-24 08:30:31 - [TEST_STEP][PASSED] - rowDatosExcel = findTestData("Data Files/GTI - Crear Expedicion Externa"): null

2023-10-24 08:30:31 - [TEST_STEP][PASSED] - Script1676556991125.prv_getPantalla(filaInicio, filaHostRun, rowDatosExcel, log): null

2023-10-24 08:30:31 - [TEST_STEP][PASSED] - fieldPantalla = <not implemented yet for class: org.codehaus.groovy.ast.expr.EmptyExpression>: null

2023-10-24 08:30:31 - [TEST_STEP][PASSED] - mapeo = <not implemented yet for class: org.codehaus.groovy.ast.expr.EmptyExpression>: null

2023-10-24 08:30:31 - [TEST_STEP][PASSED] - mapeo = new java.util.HashMap(): null

2023-10-24 08:30:31 - [TEST_STEP][PASSED] - mapeo = HostUtils.getDataExcel(datosExcel, numeroFila): null

2023-10-24 08:30:31 - [TEST_STEP][PASSED] - fieldPantalla = mapeo.get("Pantalla"): null

2023-10-24 08:30:31 - [TEST_STEP][PASSED] - switch (fieldPantalla): null

2023-10-24 08:30:31 - [TEST_STEP][PASSED] - Default: null

2023-10-24 08:30:31 - [TEST_STEP][PASSED] - Script1676556991125.prv_basicOperation(mapeo, log): null

2023-10-24 08:30:31 - [TEST_STEP][PASSED] - valueHost = <not implemented yet for class: org.codehaus.groovy.ast.expr.EmptyExpression>: null

2023-10-24 08:30:31 - [TEST_STEP][PASSED] - try: null

2023-10-24 08:30:31 - [TEST_STEP][PASSED] - valueHost = HostUtils.operacionPantallaHost(mapeo, log): null

2023-10-24 08:30:35 - [TEST_STEP][PASSED] - return valueHost.trim(): null

2023-10-24 08:30:35 - [TEST_STEP][PASSED] - (filaInicio++): null

2023-10-24 08:30:35 - [TEST_STEP][PASSED] - findTestData("Data Files/ConnectionHost"): null

2023-10-24 08:30:35 - [TEST_STEP][PASSED] - rowDatosExcel = findTestData("Data Files/GTI - Crear Expedicion Externa"): null

2023-10-24 08:30:35 - [TEST_STEP][PASSED] - Script1676556991125.prv_getPantalla(filaInicio, filaHostRun, rowDatosExcel, log): null

2023-10-24 08:30:35 - [TEST_STEP][PASSED] - fieldPantalla = <not implemented yet for class: org.codehaus.groovy.ast.expr.EmptyExpression>: null

2023-10-24 08:30:35 - [TEST_STEP][PASSED] - mapeo = <not implemented yet for class: org.codehaus.groovy.ast.expr.EmptyExpression>: null

2023-10-24 08:30:35 - [TEST_STEP][PASSED] - mapeo = new java.util.HashMap(): null

2023-10-24 08:30:35 - [TEST_STEP][PASSED] - mapeo = HostUtils.getDataExcel(datosExcel, numeroFila): null

2023-10-24 08:30:35 - [TEST_STEP][PASSED] - fieldPantalla = mapeo.get("Pantalla"): null

2023-10-24 08:30:35 - [TEST_STEP][PASSED] - switch (fieldPantalla): null

2023-10-24 08:30:35 - [TEST_STEP][PASSED] - case "update":: null

2023-10-24 08:30:35 - [TEST_STEP][PASSED] - log.loggerInfo("SE VA A REALIZAR LA PANTALLA DE UPDATE"): null

2023-10-24 08:30:35 - [TEST_STEP][PASSED] - Script1676556991125.prv_getCampos(mapeo, filaHostRun, log): null

2023-10-24 08:30:35 - [TEST_STEP][PASSED] - fieldCampos = <not implemented yet for class: org.codehaus.groovy.ast.expr.EmptyExpression>: null

2023-10-24 08:30:35 - [TEST_STEP][PASSED] - estadoPedido = <not implemented yet for class: org.codehaus.groovy.ast.expr.EmptyExpression>: null

2023-10-24 08:30:35 - [TEST_STEP][PASSED] - expedicion = <not implemented yet for class: org.codehaus.groovy.ast.expr.EmptyExpression>: null

2023-10-24 08:30:35 - [TEST_STEP][PASSED] - albaran = <not implemented yet for class: org.codehaus.groovy.ast.expr.EmptyExpression>: null

2023-10-24 08:30:35 - [TEST_STEP][PASSED] - estadoExpedicion = <not implemented yet for class: org.codehaus.groovy.ast.expr.EmptyExpression>: null

2023-10-24 08:30:35 - [TEST_STEP][PASSED] - fieldCampos = mapeo.get("Campos"): null

2023-10-24 08:30:35 - [TEST_STEP][PASSED] - switch (fieldCampos): null

2023-10-24 08:30:35 - [TEST_STEP][PASSED] - Default: null

2023-10-24 08:30:35 - [TEST_STEP][PASSED] - Script1676556991125.prv_basicOperation(mapeo, log): null

2023-10-24 08:30:35 - [TEST_STEP][PASSED] - valueHost = <not implemented yet for class: org.codehaus.groovy.ast.expr.EmptyExpression>: null

2023-10-24 08:30:35 - [TEST_STEP][PASSED] - try: null

2023-10-24 08:30:35 - [TEST_STEP][PASSED] - valueHost = HostUtils.operacionPantallaHost(mapeo, log): null

2023-10-24 08:30:39 - [TEST_STEP][PASSED] - return valueHost.trim(): null

2023-10-24 08:30:39 - [TEST_STEP][PASSED] - break: null

2023-10-24 08:30:39 - [TEST_STEP][PASSED] - (filaInicio++): null

2023-10-24 08:30:39 - [TEST_STEP][PASSED] - findTestData("Data Files/ConnectionHost"): null

2023-10-24 08:30:39 - [TEST_STEP][PASSED] - rowDatosExcel = findTestData("Data Files/GTI - Crear Expedicion Externa"): null

2023-10-24 08:30:39 - [TEST_STEP][PASSED] - Script1676556991125.prv_getPantalla(filaInicio, filaHostRun, rowDatosExcel, log): null

2023-10-24 08:30:39 - [TEST_STEP][PASSED] - fieldPantalla = <not implemented yet for class: org.codehaus.groovy.ast.expr.EmptyExpression>: null

2023-10-24 08:30:39 - [TEST_STEP][PASSED] - mapeo = <not implemented yet for class: org.codehaus.groovy.ast.expr.EmptyExpression>: null

2023-10-24 08:30:39 - [TEST_STEP][PASSED] - mapeo = new java.util.HashMap(): null

2023-10-24 08:30:39 - [TEST_STEP][PASSED] - mapeo = HostUtils.getDataExcel(datosExcel, numeroFila): null

2023-10-24 08:30:39 - [TEST_STEP][PASSED] - fieldPantalla = mapeo.get("Pantalla"): null

2023-10-24 08:30:39 - [TEST_STEP][PASSED] - switch (fieldPantalla): null

2023-10-24 08:30:39 - [TEST_STEP][PASSED] - case "update":: null

2023-10-24 08:30:39 - [TEST_STEP][PASSED] - log.loggerInfo("SE VA A REALIZAR LA PANTALLA DE UPDATE"): null

2023-10-24 08:30:40 - [TEST_STEP][PASSED] - Script1676556991125.prv_getCampos(mapeo, filaHostRun, log): null

2023-10-24 08:30:40 - [TEST_STEP][PASSED] - fieldCampos = <not implemented yet for class: org.codehaus.groovy.ast.expr.EmptyExpression>: null

2023-10-24 08:30:40 - [TEST_STEP][PASSED] - estadoPedido = <not implemented yet for class: org.codehaus.groovy.ast.expr.EmptyExpression>: null

2023-10-24 08:30:40 - [TEST_STEP][PASSED] - expedicion = <not implemented yet for class: org.codehaus.groovy.ast.expr.EmptyExpression>: null

2023-10-24 08:30:40 - [TEST_STEP][PASSED] - albaran = <not implemented yet for class: org.codehaus.groovy.ast.expr.EmptyExpression>: null

2023-10-24 08:30:40 - [TEST_STEP][PASSED] - estadoExpedicion = <not implemented yet for class: org.codehaus.groovy.ast.expr.EmptyExpression>: null

2023-10-24 08:30:40 - [TEST_STEP][PASSED] - fieldCampos = mapeo.get("Campos"): null

2023-10-24 08:30:40 - [TEST_STEP][PASSED] - switch (fieldCampos): null

2023-10-24 08:30:40 - [TEST_STEP][PASSED] - Default: null

2023-10-24 08:30:40 - [TEST_STEP][PASSED] - Script1676556991125.prv_basicOperation(mapeo, log): null

2023-10-24 08:30:40 - [TEST_STEP][PASSED] - valueHost = <not implemented yet for class: org.codehaus.groovy.ast.expr.EmptyExpression>: null

2023-10-24 08:30:40 - [TEST_STEP][PASSED] - try: null

2023-10-24 08:30:40 - [TEST_STEP][PASSED] - valueHost = HostUtils.operacionPantallaHost(mapeo, log): null

2023-10-24 08:30:43 - [TEST_STEP][PASSED] - return valueHost.trim(): null

2023-10-24 08:30:43 - [TEST_STEP][PASSED] - break: null

2023-10-24 08:30:43 - [TEST_STEP][PASSED] - (filaInicio++): null

2023-10-24 08:30:43 - [TEST_STEP][PASSED] - findTestData("Data Files/ConnectionHost"): null

2023-10-24 08:30:43 - [TEST_STEP][PASSED] - rowDatosExcel = findTestData("Data Files/GTI - Crear Expedicion Externa"): null

2023-10-24 08:30:43 - [TEST_STEP][PASSED] - Script1676556991125.prv_getPantalla(filaInicio, filaHostRun, rowDatosExcel, log): null

2023-10-24 08:30:43 - [TEST_STEP][PASSED] - fieldPantalla = <not implemented yet for class: org.codehaus.groovy.ast.expr.EmptyExpression>: null

2023-10-24 08:30:43 - [TEST_STEP][PASSED] - mapeo = <not implemented yet for class: org.codehaus.groovy.ast.expr.EmptyExpression>: null

2023-10-24 08:30:43 - [TEST_STEP][PASSED] - mapeo = new java.util.HashMap(): null

2023-10-24 08:30:43 - [TEST_STEP][PASSED] - mapeo = HostUtils.getDataExcel(datosExcel, numeroFila): null

2023-10-24 08:30:43 - [TEST_STEP][PASSED] - fieldPantalla = mapeo.get("Pantalla"): null

2023-10-24 08:30:43 - [TEST_STEP][PASSED] - switch (fieldPantalla): null

2023-10-24 08:30:43 - [TEST_STEP][PASSED] - case "update":: null

2023-10-24 08:30:43 - [TEST_STEP][PASSED] - log.loggerInfo("SE VA A REALIZAR LA PANTALLA DE UPDATE"): null

2023-10-24 08:30:43 - [TEST_STEP][PASSED] - Script1676556991125.prv_getCampos(mapeo, filaHostRun, log): null

2023-10-24 08:30:43 - [TEST_STEP][PASSED] - fieldCampos = <not implemented yet for class: org.codehaus.groovy.ast.expr.EmptyExpression>: null

2023-10-24 08:30:43 - [TEST_STEP][PASSED] - estadoPedido = <not implemented yet for class: org.codehaus.groovy.ast.expr.EmptyExpression>: null

2023-10-24 08:30:43 - [TEST_STEP][PASSED] - expedicion = <not implemented yet for class: org.codehaus.groovy.ast.expr.EmptyExpression>: null

2023-10-24 08:30:43 - [TEST_STEP][PASSED] - albaran = <not implemented yet for class: org.codehaus.groovy.ast.expr.EmptyExpression>: null

2023-10-24 08:30:43 - [TEST_STEP][PASSED] - estadoExpedicion = <not implemented yet for class: org.codehaus.groovy.ast.expr.EmptyExpression>: null

2023-10-24 08:30:43 - [TEST_STEP][PASSED] - fieldCampos = mapeo.get("Campos"): null

2023-10-24 08:30:43 - [TEST_STEP][PASSED] - switch (fieldCampos): null

2023-10-24 08:30:43 - [TEST_STEP][PASSED] - Default: null

2023-10-24 08:30:43 - [TEST_STEP][PASSED] - Script1676556991125.prv_basicOperation(mapeo, log): null

2023-10-24 08:30:43 - [TEST_STEP][PASSED] - valueHost = <not implemented yet for class: org.codehaus.groovy.ast.expr.EmptyExpression>: null

2023-10-24 08:30:43 - [TEST_STEP][PASSED] - try: null

2023-10-24 08:30:43 - [TEST_STEP][PASSED] - valueHost = HostUtils.operacionPantallaHost(mapeo, log): null

2023-10-24 08:30:44 - [TEST_STEP][PASSED] - return valueHost.trim(): null

2023-10-24 08:30:44 - [TEST_STEP][PASSED] - break: null

2023-10-24 08:30:44 - [TEST_STEP][PASSED] - (filaInicio++): null

2023-10-24 08:30:44 - [TEST_STEP][PASSED] - findTestData("Data Files/ConnectionHost"): null

2023-10-24 08:30:44 - [TEST_STEP][PASSED] - rowDatosExcel = findTestData("Data Files/GTI - Crear Expedicion Externa"): null

2023-10-24 08:30:44 - [TEST_STEP][PASSED] - Script1676556991125.prv_getPantalla(filaInicio, filaHostRun, rowDatosExcel, log): null

2023-10-24 08:30:44 - [TEST_STEP][PASSED] - fieldPantalla = <not implemented yet for class: org.codehaus.groovy.ast.expr.EmptyExpression>: null

2023-10-24 08:30:44 - [TEST_STEP][PASSED] - mapeo = <not implemented yet for class: org.codehaus.groovy.ast.expr.EmptyExpression>: null

2023-10-24 08:30:44 - [TEST_STEP][PASSED] - mapeo = new java.util.HashMap(): null

2023-10-24 08:30:44 - [TEST_STEP][PASSED] - mapeo = HostUtils.getDataExcel(datosExcel, numeroFila): null

2023-10-24 08:30:44 - [TEST_STEP][PASSED] - fieldPantalla = mapeo.get("Pantalla"): null

2023-10-24 08:30:44 - [TEST_STEP][PASSED] - switch (fieldPantalla): null

2023-10-24 08:30:44 - [TEST_STEP][PASSED] - case "update":: null

2023-10-24 08:30:44 - [TEST_STEP][PASSED] - log.loggerInfo("SE VA A REALIZAR LA PANTALLA DE UPDATE"): null

2023-10-24 08:30:44 - [TEST_STEP][PASSED] - Script1676556991125.prv_getCampos(mapeo, filaHostRun, log): null

2023-10-24 08:30:44 - [TEST_STEP][PASSED] - fieldCampos = <not implemented yet for class: org.codehaus.groovy.ast.expr.EmptyExpression>: null

2023-10-24 08:30:44 - [TEST_STEP][PASSED] - estadoPedido = <not implemented yet for class: org.codehaus.groovy.ast.expr.EmptyExpression>: null

2023-10-24 08:30:44 - [TEST_STEP][PASSED] - expedicion = <not implemented yet for class: org.codehaus.groovy.ast.expr.EmptyExpression>: null

2023-10-24 08:30:44 - [TEST_STEP][PASSED] - albaran = <not implemented yet for class: org.codehaus.groovy.ast.expr.EmptyExpression>: null

2023-10-24 08:30:44 - [TEST_STEP][PASSED] - estadoExpedicion = <not implemented yet for class: org.codehaus.groovy.ast.expr.EmptyExpression>: null

2023-10-24 08:30:44 - [TEST_STEP][PASSED] - fieldCampos = mapeo.get("Campos"): null

2023-10-24 08:30:44 - [TEST_STEP][PASSED] - switch (fieldCampos): null

2023-10-24 08:30:44 - [TEST_STEP][PASSED] - Default: null

2023-10-24 08:30:44 - [TEST_STEP][PASSED] - Script1676556991125.prv_basicOperation(mapeo, log): null

2023-10-24 08:30:44 - [TEST_STEP][PASSED] - valueHost = <not implemented yet for class: org.codehaus.groovy.ast.expr.EmptyExpression>: null

2023-10-24 08:30:44 - [TEST_STEP][PASSED] - try: null

2023-10-24 08:30:44 - [TEST_STEP][PASSED] - valueHost = HostUtils.operacionPantallaHost(mapeo, log): null

2023-10-24 08:30:45 - [TEST_STEP][PASSED] - return valueHost.trim(): null

2023-10-24 08:30:45 - [TEST_STEP][PASSED] - break: null

2023-10-24 08:30:45 - [TEST_STEP][PASSED] - (filaInicio++): null

2023-10-24 08:30:45 - [TEST_STEP][PASSED] - findTestData("Data Files/ConnectionHost"): null

2023-10-24 08:30:45 - [TEST_STEP][PASSED] - rowDatosExcel = findTestData("Data Files/GTI - Crear Expedicion Externa"): null

2023-10-24 08:30:45 - [TEST_STEP][PASSED] - Script1676556991125.prv_getPantalla(filaInicio, filaHostRun, rowDatosExcel, log): null

2023-10-24 08:30:45 - [TEST_STEP][PASSED] - fieldPantalla = <not implemented yet for class: org.codehaus.groovy.ast.expr.EmptyExpression>: null

2023-10-24 08:30:45 - [TEST_STEP][PASSED] - mapeo = <not implemented yet for class: org.codehaus.groovy.ast.expr.EmptyExpression>: null

2023-10-24 08:30:45 - [TEST_STEP][PASSED] - mapeo = new java.util.HashMap(): null

2023-10-24 08:30:45 - [TEST_STEP][PASSED] - mapeo = HostUtils.getDataExcel(datosExcel, numeroFila): null

2023-10-24 08:30:45 - [TEST_STEP][PASSED] - fieldPantalla = mapeo.get("Pantalla"): null

2023-10-24 08:30:45 - [TEST_STEP][PASSED] - switch (fieldPantalla): null

2023-10-24 08:30:45 - [TEST_STEP][PASSED] - case "update":: null

2023-10-24 08:30:45 - [TEST_STEP][PASSED] - log.loggerInfo("SE VA A REALIZAR LA PANTALLA DE UPDATE"): null

2023-10-24 08:30:45 - [TEST_STEP][PASSED] - Script1676556991125.prv_getCampos(mapeo, filaHostRun, log): null

2023-10-24 08:30:45 - [TEST_STEP][PASSED] - fieldCampos = <not implemented yet for class: org.codehaus.groovy.ast.expr.EmptyExpression>: null

2023-10-24 08:30:45 - [TEST_STEP][PASSED] - estadoPedido = <not implemented yet for class: org.codehaus.groovy.ast.expr.EmptyExpression>: null

2023-10-24 08:30:45 - [TEST_STEP][PASSED] - expedicion = <not implemented yet for class: org.codehaus.groovy.ast.expr.EmptyExpression>: null

2023-10-24 08:30:45 - [TEST_STEP][PASSED] - albaran = <not implemented yet for class: org.codehaus.groovy.ast.expr.EmptyExpression>: null

2023-10-24 08:30:45 - [TEST_STEP][PASSED] - estadoExpedicion = <not implemented yet for class: org.codehaus.groovy.ast.expr.EmptyExpression>: null

2023-10-24 08:30:45 - [TEST_STEP][PASSED] - fieldCampos = mapeo.get("Campos"): null

2023-10-24 08:30:45 - [TEST_STEP][PASSED] - switch (fieldCampos): null

2023-10-24 08:30:45 - [TEST_STEP][PASSED] - Default: null

2023-10-24 08:30:45 - [TEST_STEP][PASSED] - Script1676556991125.prv_basicOperation(mapeo, log): null

2023-10-24 08:30:45 - [TEST_STEP][PASSED] - valueHost = <not implemented yet for class: org.codehaus.groovy.ast.expr.EmptyExpression>: null

2023-10-24 08:30:45 - [TEST_STEP][PASSED] - try: null

2023-10-24 08:30:45 - [TEST_STEP][PASSED] - valueHost = HostUtils.operacionPantallaHost(mapeo, log): null

2023-10-24 08:30:46 - [TEST_STEP][PASSED] - return valueHost.trim(): null

2023-10-24 08:30:46 - [TEST_STEP][PASSED] - break: null

2023-10-24 08:30:46 - [TEST_STEP][PASSED] - (filaInicio++): null

2023-10-24 08:30:46 - [TEST_STEP][PASSED] - findTestData("Data Files/ConnectionHost"): null

2023-10-24 08:30:46 - [TEST_STEP][PASSED] - rowDatosExcel = findTestData("Data Files/GTI - Crear Expedicion Externa"): null

2023-10-24 08:30:46 - [TEST_STEP][PASSED] - Script1676556991125.prv_getPantalla(filaInicio, filaHostRun, rowDatosExcel, log): null

2023-10-24 08:30:46 - [TEST_STEP][PASSED] - fieldPantalla = <not implemented yet for class: org.codehaus.groovy.ast.expr.EmptyExpression>: null

2023-10-24 08:30:46 - [TEST_STEP][PASSED] - mapeo = <not implemented yet for class: org.codehaus.groovy.ast.expr.EmptyExpression>: null

2023-10-24 08:30:46 - [TEST_STEP][PASSED] - mapeo = new java.util.HashMap(): null

2023-10-24 08:30:46 - [TEST_STEP][PASSED] - mapeo = HostUtils.getDataExcel(datosExcel, numeroFila): null

2023-10-24 08:30:46 - [TEST_STEP][PASSED] - fieldPantalla = mapeo.get("Pantalla"): null

2023-10-24 08:30:46 - [TEST_STEP][PASSED] - switch (fieldPantalla): null

2023-10-24 08:30:46 - [TEST_STEP][PASSED] - case "update":: null

2023-10-24 08:30:46 - [TEST_STEP][PASSED] - log.loggerInfo("SE VA A REALIZAR LA PANTALLA DE UPDATE"): null

2023-10-24 08:30:46 - [TEST_STEP][PASSED] - Script1676556991125.prv_getCampos(mapeo, filaHostRun, log): null

2023-10-24 08:30:46 - [TEST_STEP][PASSED] - fieldCampos = <not implemented yet for class: org.codehaus.groovy.ast.expr.EmptyExpression>: null

2023-10-24 08:30:46 - [TEST_STEP][PASSED] - estadoPedido = <not implemented yet for class: org.codehaus.groovy.ast.expr.EmptyExpression>: null

2023-10-24 08:30:46 - [TEST_STEP][PASSED] - expedicion = <not implemented yet for class: org.codehaus.groovy.ast.expr.EmptyExpression>: null

2023-10-24 08:30:46 - [TEST_STEP][PASSED] - albaran = <not implemented yet for class: org.codehaus.groovy.ast.expr.EmptyExpression>: null

2023-10-24 08:30:46 - [TEST_STEP][PASSED] - estadoExpedicion = <not implemented yet for class: org.codehaus.groovy.ast.expr.EmptyExpression>: null

2023-10-24 08:30:46 - [TEST_STEP][PASSED] - fieldCampos = mapeo.get("Campos"): null

2023-10-24 08:30:46 - [TEST_STEP][PASSED] - switch (fieldCampos): null

2023-10-24 08:30:46 - [TEST_STEP][PASSED] - Default: null

2023-10-24 08:30:46 - [TEST_STEP][PASSED] - Script1676556991125.prv_basicOperation(mapeo, log): null

2023-10-24 08:30:46 - [TEST_STEP][PASSED] - valueHost = <not implemented yet for class: org.codehaus.groovy.ast.expr.EmptyExpression>: null

2023-10-24 08:30:46 - [TEST_STEP][PASSED] - try: null

2023-10-24 08:30:46 - [TEST_STEP][PASSED] - valueHost = HostUtils.operacionPantallaHost(mapeo, log): null

2023-10-24 08:30:48 - [TEST_STEP][PASSED] - return valueHost.trim(): null

2023-10-24 08:30:48 - [TEST_STEP][PASSED] - break: null

2023-10-24 08:30:48 - [TEST_STEP][PASSED] - (filaInicio++): null

2023-10-24 08:30:48 - [TEST_STEP][PASSED] - findTestData("Data Files/ConnectionHost"): null

2023-10-24 08:30:48 - [TEST_STEP][PASSED] - rowDatosExcel = findTestData("Data Files/GTI - Crear Expedicion Externa"): null

2023-10-24 08:30:48 - [TEST_STEP][PASSED] - Script1676556991125.prv_getPantalla(filaInicio, filaHostRun, rowDatosExcel, log): null

2023-10-24 08:30:48 - [TEST_STEP][PASSED] - fieldPantalla = <not implemented yet for class: org.codehaus.groovy.ast.expr.EmptyExpression>: null

2023-10-24 08:30:48 - [TEST_STEP][PASSED] - mapeo = <not implemented yet for class: org.codehaus.groovy.ast.expr.EmptyExpression>: null

2023-10-24 08:30:48 - [TEST_STEP][PASSED] - mapeo = new java.util.HashMap(): null

2023-10-24 08:30:48 - [TEST_STEP][PASSED] - mapeo = HostUtils.getDataExcel(datosExcel, numeroFila): null

2023-10-24 08:30:48 - [TEST_STEP][PASSED] - fieldPantalla = mapeo.get("Pantalla"): null

2023-10-24 08:30:48 - [TEST_STEP][PASSED] - switch (fieldPantalla): null

2023-10-24 08:30:48 - [TEST_STEP][PASSED] - case "update":: null

2023-10-24 08:30:48 - [TEST_STEP][PASSED] - log.loggerInfo("SE VA A REALIZAR LA PANTALLA DE UPDATE"): null

2023-10-24 08:30:48 - [TEST_STEP][PASSED] - Script1676556991125.prv_getCampos(mapeo, filaHostRun, log): null

2023-10-24 08:30:48 - [TEST_STEP][PASSED] - fieldCampos = <not implemented yet for class: org.codehaus.groovy.ast.expr.EmptyExpression>: null

2023-10-24 08:30:48 - [TEST_STEP][PASSED] - estadoPedido = <not implemented yet for class: org.codehaus.groovy.ast.expr.EmptyExpression>: null

2023-10-24 08:30:48 - [TEST_STEP][PASSED] - expedicion = <not implemented yet for class: org.codehaus.groovy.ast.expr.EmptyExpression>: null

2023-10-24 08:30:48 - [TEST_STEP][PASSED] - albaran = <not implemented yet for class: org.codehaus.groovy.ast.expr.EmptyExpression>: null

2023-10-24 08:30:48 - [TEST_STEP][PASSED] - estadoExpedicion = <not implemented yet for class: org.codehaus.groovy.ast.expr.EmptyExpression>: null

2023-10-24 08:30:48 - [TEST_STEP][PASSED] - fieldCampos = mapeo.get("Campos"): null

2023-10-24 08:30:48 - [TEST_STEP][PASSED] - switch (fieldCampos): null

2023-10-24 08:30:48 - [TEST_STEP][PASSED] - Default: null

2023-10-24 08:30:48 - [TEST_STEP][PASSED] - Script1676556991125.prv_basicOperation(mapeo, log): null

2023-10-24 08:30:48 - [TEST_STEP][PASSED] - valueHost = <not implemented yet for class: org.codehaus.groovy.ast.expr.EmptyExpression>: null

2023-10-24 08:30:48 - [TEST_STEP][PASSED] - try: null

2023-10-24 08:30:48 - [TEST_STEP][PASSED] - valueHost = HostUtils.operacionPantallaHost(mapeo, log): null

2023-10-24 08:30:52 - [TEST_STEP][PASSED] - return valueHost.trim(): null

2023-10-24 08:30:52 - [TEST_STEP][PASSED] - break: null

2023-10-24 08:30:52 - [TEST_STEP][PASSED] - (filaInicio++): null

2023-10-24 08:30:52 - [TEST_STEP][PASSED] - findTestData("Data Files/ConnectionHost"): null

2023-10-24 08:30:52 - [TEST_STEP][PASSED] - rowDatosExcel = findTestData("Data Files/GTI - Crear Expedicion Externa"): null

2023-10-24 08:30:52 - [TEST_STEP][PASSED] - Script1676556991125.prv_getPantalla(filaInicio, filaHostRun, rowDatosExcel, log): null

2023-10-24 08:30:52 - [TEST_STEP][PASSED] - fieldPantalla = <not implemented yet for class: org.codehaus.groovy.ast.expr.EmptyExpression>: null

2023-10-24 08:30:52 - [TEST_STEP][PASSED] - mapeo = <not implemented yet for class: org.codehaus.groovy.ast.expr.EmptyExpression>: null

2023-10-24 08:30:52 - [TEST_STEP][PASSED] - mapeo = new java.util.HashMap(): null

2023-10-24 08:30:52 - [TEST_STEP][PASSED] - mapeo = HostUtils.getDataExcel(datosExcel, numeroFila): null

2023-10-24 08:30:52 - [TEST_STEP][PASSED] - fieldPantalla = mapeo.get("Pantalla"): null

2023-10-24 08:30:52 - [TEST_STEP][PASSED] - switch (fieldPantalla): null

2023-10-24 08:30:52 - [TEST_STEP][PASSED] - Default: null

2023-10-24 08:30:52 - [TEST_STEP][PASSED] - Script1676556991125.prv_basicOperation(mapeo, log): null

2023-10-24 08:30:52 - [TEST_STEP][PASSED] - valueHost = <not implemented yet for class: org.codehaus.groovy.ast.expr.EmptyExpression>: null

2023-10-24 08:30:52 - [TEST_STEP][PASSED] - try: null

2023-10-24 08:30:52 - [TEST_STEP][PASSED] - valueHost = HostUtils.operacionPantallaHost(mapeo, log): null

2023-10-24 08:30:56 - [TEST_STEP][PASSED] - return valueHost.trim(): null

2023-10-24 08:30:56 - [TEST_STEP][PASSED] - (filaInicio++): null

2023-10-24 08:30:56 - [TEST_STEP][PASSED] - findTestData("Data Files/ConnectionHost"): null

2023-10-24 08:30:56 - [TEST_STEP][PASSED] - rowDatosExcel = findTestData("Data Files/GTI - Crear Expedicion Externa"): null

2023-10-24 08:30:56 - [TEST_STEP][PASSED] - Script1676556991125.prv_getPantalla(filaInicio, filaHostRun, rowDatosExcel, log): null

2023-10-24 08:30:56 - [TEST_STEP][PASSED] - fieldPantalla = <not implemented yet for class: org.codehaus.groovy.ast.expr.EmptyExpression>: null

2023-10-24 08:30:56 - [TEST_STEP][PASSED] - mapeo = <not implemented yet for class: org.codehaus.groovy.ast.expr.EmptyExpression>: null

2023-10-24 08:30:56 - [TEST_STEP][PASSED] - mapeo = new java.util.HashMap(): null

2023-10-24 08:30:56 - [TEST_STEP][PASSED] - mapeo = HostUtils.getDataExcel(datosExcel, numeroFila): null

2023-10-24 08:30:56 - [TEST_STEP][PASSED] - fieldPantalla = mapeo.get("Pantalla"): null

2023-10-24 08:30:56 - [TEST_STEP][PASSED] - switch (fieldPantalla): null

2023-10-24 08:30:56 - [TEST_STEP][PASSED] - Default: null

2023-10-24 08:30:56 - [TEST_STEP][PASSED] - Script1676556991125.prv_basicOperation(mapeo, log): null

2023-10-24 08:30:56 - [TEST_STEP][PASSED] - valueHost = <not implemented yet for class: org.codehaus.groovy.ast.expr.EmptyExpression>: null

2023-10-24 08:30:56 - [TEST_STEP][PASSED] - try: null

2023-10-24 08:30:56 - [TEST_STEP][PASSED] - valueHost = HostUtils.operacionPantallaHost(mapeo, log): null

2023-10-24 08:31:00 - [TEST_STEP][PASSED] - return valueHost.trim(): null

2023-10-24 08:31:00 - [TEST_STEP][PASSED] - (filaInicio++): null

2023-10-24 08:31:00 - [TEST_STEP][PASSED] - findTestData("Data Files/ConnectionHost"): null

2023-10-24 08:31:00 - [TEST_STEP][PASSED] - rowDatosExcel = findTestData("Data Files/GTI - Crear Expedicion Externa"): null

2023-10-24 08:31:00 - [TEST_STEP][PASSED] - Script1676556991125.prv_getPantalla(filaInicio, filaHostRun, rowDatosExcel, log): null

2023-10-24 08:31:00 - [TEST_STEP][PASSED] - fieldPantalla = <not implemented yet for class: org.codehaus.groovy.ast.expr.EmptyExpression>: null

2023-10-24 08:31:00 - [TEST_STEP][PASSED] - mapeo = <not implemented yet for class: org.codehaus.groovy.ast.expr.EmptyExpression>: null

2023-10-24 08:31:00 - [TEST_STEP][PASSED] - mapeo = new java.util.HashMap(): null

2023-10-24 08:31:00 - [TEST_STEP][PASSED] - mapeo = HostUtils.getDataExcel(datosExcel, numeroFila): null

2023-10-24 08:31:00 - [TEST_STEP][PASSED] - fieldPantalla = mapeo.get("Pantalla"): null

2023-10-24 08:31:00 - [TEST_STEP][PASSED] - switch (fieldPantalla): null

2023-10-24 08:31:00 - [TEST_STEP][PASSED] - Default: null

2023-10-24 08:31:00 - [TEST_STEP][PASSED] - Script1676556991125.prv_basicOperation(mapeo, log): null

2023-10-24 08:31:00 - [TEST_STEP][PASSED] - valueHost = <not implemented yet for class: org.codehaus.groovy.ast.expr.EmptyExpression>: null

2023-10-24 08:31:00 - [TEST_STEP][PASSED] - try: null

2023-10-24 08:31:00 - [TEST_STEP][PASSED] - valueHost = HostUtils.operacionPantallaHost(mapeo, log): null

2023-10-24 08:31:03 - [TEST_STEP][PASSED] - return valueHost.trim(): null

2023-10-24 08:31:03 - [TEST_STEP][PASSED] - (filaInicio++): null

2023-10-24 08:31:03 - [TEST_STEP][PASSED] - findTestData("Data Files/ConnectionHost"): null

2023-10-24 08:31:03 - [TEST_STEP][PASSED] - rowDatosExcel = findTestData("Data Files/GTI - Crear Expedicion Externa"): null

2023-10-24 08:31:04 - [TEST_STEP][PASSED] - Script1676556991125.prv_getPantalla(filaInicio, filaHostRun, rowDatosExcel, log): null

2023-10-24 08:31:04 - [TEST_STEP][PASSED] - fieldPantalla = <not implemented yet for class: org.codehaus.groovy.ast.expr.EmptyExpression>: null

2023-10-24 08:31:04 - [TEST_STEP][PASSED] - mapeo = <not implemented yet for class: org.codehaus.groovy.ast.expr.EmptyExpression>: null

2023-10-24 08:31:04 - [TEST_STEP][PASSED] - mapeo = new java.util.HashMap(): null

2023-10-24 08:31:04 - [TEST_STEP][PASSED] - mapeo = HostUtils.getDataExcel(datosExcel, numeroFila): null

2023-10-24 08:31:04 - [TEST_STEP][PASSED] - fieldPantalla = mapeo.get("Pantalla"): null

2023-10-24 08:31:04 - [TEST_STEP][PASSED] - switch (fieldPantalla): null

2023-10-24 08:31:04 - [TEST_STEP][PASSED] - Default: null

2023-10-24 08:31:04 - [TEST_STEP][PASSED] - Script1676556991125.prv_basicOperation(mapeo, log): null

2023-10-24 08:31:04 - [TEST_STEP][PASSED] - valueHost = <not implemented yet for class: org.codehaus.groovy.ast.expr.EmptyExpression>: null

2023-10-24 08:31:04 - [TEST_STEP][PASSED] - try: null

2023-10-24 08:31:04 - [TEST_STEP][PASSED] - valueHost = HostUtils.operacionPantallaHost(mapeo, log): null

2023-10-24 08:31:08 - [TEST_STEP][PASSED] - return valueHost.trim(): null

2023-10-24 08:31:08 - [TEST_STEP][PASSED] - (filaInicio++): null

2023-10-24 08:31:08 - [TEST_STEP][PASSED] - findTestData("Data Files/ConnectionHost"): null

2023-10-24 08:31:08 - [TEST_STEP][PASSED] - rowDatosExcel = findTestData("Data Files/GTI - Crear Expedicion Externa"): null

2023-10-24 08:31:08 - [TEST_STEP][PASSED] - Script1676556991125.prv_getPantalla(filaInicio, filaHostRun, rowDatosExcel, log): null

2023-10-24 08:31:08 - [TEST_STEP][PASSED] - fieldPantalla = <not implemented yet for class: org.codehaus.groovy.ast.expr.EmptyExpression>: null

2023-10-24 08:31:08 - [TEST_STEP][PASSED] - mapeo = <not implemented yet for class: org.codehaus.groovy.ast.expr.EmptyExpression>: null

2023-10-24 08:31:08 - [TEST_STEP][PASSED] - mapeo = new java.util.HashMap(): null

2023-10-24 08:31:08 - [TEST_STEP][PASSED] - mapeo = HostUtils.getDataExcel(datosExcel, numeroFila): null

2023-10-24 08:31:08 - [TEST_STEP][PASSED] - fieldPantalla = mapeo.get("Pantalla"): null

2023-10-24 08:31:08 - [TEST_STEP][PASSED] - switch (fieldPantalla): null

2023-10-24 08:31:08 - [TEST_STEP][PASSED] - Default: null

2023-10-24 08:31:08 - [TEST_STEP][PASSED] - Script1676556991125.prv_basicOperation(mapeo, log): null

2023-10-24 08:31:08 - [TEST_STEP][PASSED] - valueHost = <not implemented yet for class: org.codehaus.groovy.ast.expr.EmptyExpression>: null

2023-10-24 08:31:08 - [TEST_STEP][PASSED] - try: null

2023-10-24 08:31:08 - [TEST_STEP][PASSED] - valueHost = HostUtils.operacionPantallaHost(mapeo, log): null

2023-10-24 08:31:11 - [TEST_STEP][PASSED] - return valueHost.trim(): null

2023-10-24 08:31:11 - [TEST_STEP][PASSED] - (filaInicio++): null

2023-10-24 08:31:11 - [TEST_STEP][PASSED] - findTestData("Data Files/ConnectionHost"): null

2023-10-24 08:31:11 - [TEST_STEP][PASSED] - rowDatosExcel = findTestData("Data Files/GTI - Crear Expedicion Externa"): null

2023-10-24 08:31:11 - [TEST_STEP][PASSED] - Script1676556991125.prv_getPantalla(filaInicio, filaHostRun, rowDatosExcel, log): null

2023-10-24 08:31:11 - [TEST_STEP][PASSED] - fieldPantalla = <not implemented yet for class: org.codehaus.groovy.ast.expr.EmptyExpression>: null

2023-10-24 08:31:11 - [TEST_STEP][PASSED] - mapeo = <not implemented yet for class: org.codehaus.groovy.ast.expr.EmptyExpression>: null

2023-10-24 08:31:11 - [TEST_STEP][PASSED] - mapeo = new java.util.HashMap(): null

2023-10-24 08:31:11 - [TEST_STEP][PASSED] - mapeo = HostUtils.getDataExcel(datosExcel, numeroFila): null

2023-10-24 08:31:11 - [TEST_STEP][PASSED] - fieldPantalla = mapeo.get("Pantalla"): null

2023-10-24 08:31:11 - [TEST_STEP][PASSED] - switch (fieldPantalla): null

2023-10-24 08:31:11 - [TEST_STEP][PASSED] - Default: null

2023-10-24 08:31:11 - [TEST_STEP][PASSED] - Script1676556991125.prv_basicOperation(mapeo, log): null

2023-10-24 08:31:11 - [TEST_STEP][PASSED] - valueHost = <not implemented yet for class: org.codehaus.groovy.ast.expr.EmptyExpression>: null

2023-10-24 08:31:11 - [TEST_STEP][PASSED] - try: null

2023-10-24 08:31:11 - [TEST_STEP][PASSED] - valueHost = HostUtils.operacionPantallaHost(mapeo, log): null

2023-10-24 08:31:15 - [TEST_STEP][PASSED] - return valueHost.trim(): null

2023-10-24 08:31:15 - [TEST_STEP][PASSED] - (filaInicio++): null

2023-10-24 08:31:15 - [TEST_STEP][PASSED] - findTestData("Data Files/ConnectionHost"): null

2023-10-24 08:31:15 - [TEST_STEP][PASSED] - rowDatosExcel = findTestData("Data Files/GTI - Crear Expedicion Externa"): null

2023-10-24 08:31:15 - [TEST_STEP][PASSED] - Script1676556991125.prv_getPantalla(filaInicio, filaHostRun, rowDatosExcel, log): null

2023-10-24 08:31:15 - [TEST_STEP][PASSED] - fieldPantalla = <not implemented yet for class: org.codehaus.groovy.ast.expr.EmptyExpression>: null

2023-10-24 08:31:15 - [TEST_STEP][PASSED] - mapeo = <not implemented yet for class: org.codehaus.groovy.ast.expr.EmptyExpression>: null

2023-10-24 08:31:15 - [TEST_STEP][PASSED] - mapeo = new java.util.HashMap(): null

2023-10-24 08:31:15 - [TEST_STEP][PASSED] - mapeo = HostUtils.getDataExcel(datosExcel, numeroFila): null

2023-10-24 08:31:15 - [TEST_STEP][PASSED] - fieldPantalla = mapeo.get("Pantalla"): null

2023-10-24 08:31:15 - [TEST_STEP][PASSED] - switch (fieldPantalla): null

2023-10-24 08:31:15 - [TEST_STEP][PASSED] - Default: null

2023-10-24 08:31:15 - [TEST_STEP][PASSED] - Script1676556991125.prv_basicOperation(mapeo, log): null

2023-10-24 08:31:15 - [TEST_STEP][PASSED] - valueHost = <not implemented yet for class: org.codehaus.groovy.ast.expr.EmptyExpression>: null

2023-10-24 08:31:15 - [TEST_STEP][PASSED] - try: null

2023-10-24 08:31:15 - [TEST_STEP][PASSED] - valueHost = HostUtils.operacionPantallaHost(mapeo, log): null

2023-10-24 08:31:19 - [TEST_STEP][PASSED] - return valueHost.trim(): null

2023-10-24 08:31:19 - [TEST_STEP][PASSED] - (filaInicio++): null

2023-10-24 08:31:19 - [TEST_STEP][PASSED] - findTestData("Data Files/ConnectionHost"): null

2023-10-24 08:31:19 - [TEST_STEP][PASSED] - rowDatosExcel = findTestData("Data Files/GTI - Crear Expedicion Externa"): null

2023-10-24 08:31:19 - [TEST_STEP][PASSED] - Script1676556991125.prv_getPantalla(filaInicio, filaHostRun, rowDatosExcel, log): null

2023-10-24 08:31:19 - [TEST_STEP][PASSED] - fieldPantalla = <not implemented yet for class: org.codehaus.groovy.ast.expr.EmptyExpression>: null

2023-10-24 08:31:19 - [TEST_STEP][PASSED] - mapeo = <not implemented yet for class: org.codehaus.groovy.ast.expr.EmptyExpression>: null

2023-10-24 08:31:19 - [TEST_STEP][PASSED] - mapeo = new java.util.HashMap(): null

2023-10-24 08:31:19 - [TEST_STEP][PASSED] - mapeo = HostUtils.getDataExcel(datosExcel, numeroFila): null

2023-10-24 08:31:19 - [TEST_STEP][PASSED] - fieldPantalla = mapeo.get("Pantalla"): null

2023-10-24 08:31:19 - [TEST_STEP][PASSED] - switch (fieldPantalla): null

2023-10-24 08:31:19 - [TEST_STEP][PASSED] - Default: null

2023-10-24 08:31:19 - [TEST_STEP][PASSED] - Script1676556991125.prv_basicOperation(mapeo, log): null

2023-10-24 08:31:19 - [TEST_STEP][PASSED] - valueHost = <not implemented yet for class: org.codehaus.groovy.ast.expr.EmptyExpression>: null

2023-10-24 08:31:19 - [TEST_STEP][PASSED] - try: null

2023-10-24 08:31:19 - [TEST_STEP][PASSED] - valueHost = HostUtils.operacionPantallaHost(mapeo, log): null

2023-10-24 08:31:23 - [TEST_STEP][PASSED] - return valueHost.trim(): null

2023-10-24 08:31:23 - [TEST_STEP][PASSED] - (filaInicio++): null

2023-10-24 08:31:23 - [TEST_STEP][PASSED] - findTestData("Data Files/ConnectionHost"): null

2023-10-24 08:31:23 - [TEST_STEP][PASSED] - rowDatosExcel = findTestData("Data Files/GTI - Crear Expedicion Externa"): null

2023-10-24 08:31:23 - [TEST_STEP][PASSED] - Script1676556991125.prv_getPantalla(filaInicio, filaHostRun, rowDatosExcel, log): null

2023-10-24 08:31:23 - [TEST_STEP][PASSED] - fieldPantalla = <not implemented yet for class: org.codehaus.groovy.ast.expr.EmptyExpression>: null

2023-10-24 08:31:23 - [TEST_STEP][PASSED] - mapeo = <not implemented yet for class: org.codehaus.groovy.ast.expr.EmptyExpression>: null

2023-10-24 08:31:23 - [TEST_STEP][PASSED] - mapeo = new java.util.HashMap(): null

2023-10-24 08:31:23 - [TEST_STEP][PASSED] - mapeo = HostUtils.getDataExcel(datosExcel, numeroFila): null

2023-10-24 08:31:23 - [TEST_STEP][PASSED] - fieldPantalla = mapeo.get("Pantalla"): null

2023-10-24 08:31:23 - [TEST_STEP][PASSED] - switch (fieldPantalla): null

2023-10-24 08:31:23 - [TEST_STEP][PASSED] - Default: null

2023-10-24 08:31:23 - [TEST_STEP][PASSED] - Script1676556991125.prv_basicOperation(mapeo, log): null

2023-10-24 08:31:23 - [TEST_STEP][PASSED] - valueHost = <not implemented yet for class: org.codehaus.groovy.ast.expr.EmptyExpression>: null

2023-10-24 08:31:23 - [TEST_STEP][PASSED] - try: null

2023-10-24 08:31:23 - [TEST_STEP][PASSED] - valueHost = HostUtils.operacionPantallaHost(mapeo, log): null

2023-10-24 08:31:26 - [TEST_STEP][PASSED] - return valueHost.trim(): null

2023-10-24 08:31:26 - [TEST_STEP][PASSED] - (filaInicio++): null

2023-10-24 08:31:26 - [TEST_STEP][PASSED] - findTestData("Data Files/ConnectionHost"): null

2023-10-24 08:31:26 - [TEST_STEP][PASSED] - rowDatosExcel = findTestData("Data Files/GTI - Crear Expedicion Externa"): null

2023-10-24 08:31:26 - [TEST_STEP][PASSED] - Script1676556991125.prv_getPantalla(filaInicio, filaHostRun, rowDatosExcel, log): null

2023-10-24 08:31:26 - [TEST_STEP][PASSED] - fieldPantalla = <not implemented yet for class: org.codehaus.groovy.ast.expr.EmptyExpression>: null

2023-10-24 08:31:26 - [TEST_STEP][PASSED] - mapeo = <not implemented yet for class: org.codehaus.groovy.ast.expr.EmptyExpression>: null

2023-10-24 08:31:26 - [TEST_STEP][PASSED] - mapeo = new java.util.HashMap(): null

2023-10-24 08:31:26 - [TEST_STEP][PASSED] - mapeo = HostUtils.getDataExcel(datosExcel, numeroFila): null

2023-10-24 08:31:26 - [TEST_STEP][PASSED] - fieldPantalla = mapeo.get("Pantalla"): null

2023-10-24 08:31:26 - [TEST_STEP][PASSED] - switch (fieldPantalla): null

2023-10-24 08:31:26 - [TEST_STEP][PASSED] - Default: null

2023-10-24 08:31:26 - [TEST_STEP][PASSED] - Script1676556991125.prv_basicOperation(mapeo, log): null

2023-10-24 08:31:26 - [TEST_STEP][PASSED] - valueHost = <not implemented yet for class: org.codehaus.groovy.ast.expr.EmptyExpression>: null

2023-10-24 08:31:26 - [TEST_STEP][PASSED] - try: null

2023-10-24 08:31:26 - [TEST_STEP][PASSED] - valueHost = HostUtils.operacionPantallaHost(mapeo, log): null

2023-10-24 08:31:30 - [TEST_STEP][PASSED] - return valueHost.trim(): null

2023-10-24 08:31:30 - [TEST_STEP][PASSED] - (filaInicio++): null

2023-10-24 08:31:30 - [TEST_STEP][PASSED] - findTestData("Data Files/ConnectionHost"): null

2023-10-24 08:31:30 - [TEST_STEP][PASSED] - rowDatosExcel = findTestData("Data Files/GTI - Crear Expedicion Externa"): null

2023-10-24 08:31:30 - [TEST_STEP][PASSED] - Script1676556991125.prv_getPantalla(filaInicio, filaHostRun, rowDatosExcel, log): null

2023-10-24 08:31:30 - [TEST_STEP][PASSED] - fieldPantalla = <not implemented yet for class: org.codehaus.groovy.ast.expr.EmptyExpression>: null

2023-10-24 08:31:30 - [TEST_STEP][PASSED] - mapeo = <not implemented yet for class: org.codehaus.groovy.ast.expr.EmptyExpression>: null

2023-10-24 08:31:30 - [TEST_STEP][PASSED] - mapeo = new java.util.HashMap(): null

2023-10-24 08:31:30 - [TEST_STEP][PASSED] - mapeo = HostUtils.getDataExcel(datosExcel, numeroFila): null

2023-10-24 08:31:30 - [TEST_STEP][PASSED] - fieldPantalla = mapeo.get("Pantalla"): null

2023-10-24 08:31:30 - [TEST_STEP][PASSED] - switch (fieldPantalla): null

2023-10-24 08:31:30 - [TEST_STEP][PASSED] - Default: null

2023-10-24 08:31:30 - [TEST_STEP][PASSED] - Script1676556991125.prv_basicOperation(mapeo, log): null

2023-10-24 08:31:30 - [TEST_STEP][PASSED] - valueHost = <not implemented yet for class: org.codehaus.groovy.ast.expr.EmptyExpression>: null

2023-10-24 08:31:30 - [TEST_STEP][PASSED] - try: null

2023-10-24 08:31:30 - [TEST_STEP][PASSED] - valueHost = HostUtils.operacionPantallaHost(mapeo, log): null

2023-10-24 08:31:34 - [TEST_STEP][PASSED] - return valueHost.trim(): null

2023-10-24 08:31:34 - [TEST_STEP][PASSED] - (filaInicio++): null

2023-10-24 08:31:34 - [TEST_STEP][PASSED] - findTestData("Data Files/ConnectionHost"): null

2023-10-24 08:31:34 - [TEST_STEP][PASSED] - rowDatosExcel = findTestData("Data Files/GTI - Crear Expedicion Externa"): null

2023-10-24 08:31:34 - [TEST_STEP][PASSED] - Script1676556991125.prv_getPantalla(filaInicio, filaHostRun, rowDatosExcel, log): null

2023-10-24 08:31:34 - [TEST_STEP][PASSED] - fieldPantalla = <not implemented yet for class: org.codehaus.groovy.ast.expr.EmptyExpression>: null

2023-10-24 08:31:34 - [TEST_STEP][PASSED] - mapeo = <not implemented yet for class: org.codehaus.groovy.ast.expr.EmptyExpression>: null

2023-10-24 08:31:34 - [TEST_STEP][PASSED] - mapeo = new java.util.HashMap(): null

2023-10-24 08:31:34 - [TEST_STEP][PASSED] - mapeo = HostUtils.getDataExcel(datosExcel, numeroFila): null

2023-10-24 08:31:34 - [TEST_STEP][PASSED] - fieldPantalla = mapeo.get("Pantalla"): null

2023-10-24 08:31:34 - [TEST_STEP][PASSED] - switch (fieldPantalla): null

2023-10-24 08:31:34 - [TEST_STEP][PASSED] - Default: null

2023-10-24 08:31:34 - [TEST_STEP][PASSED] - Script1676556991125.prv_basicOperation(mapeo, log): null

2023-10-24 08:31:34 - [TEST_STEP][PASSED] - valueHost = <not implemented yet for class: org.codehaus.groovy.ast.expr.EmptyExpression>: null

2023-10-24 08:31:34 - [TEST_STEP][PASSED] - try: null

2023-10-24 08:31:34 - [TEST_STEP][PASSED] - valueHost = HostUtils.operacionPantallaHost(mapeo, log): null

2023-10-24 08:31:39 - [TEST_STEP][PASSED] - return valueHost.trim(): null

2023-10-24 08:31:39 - [TEST_STEP][PASSED] - (filaInicio++): null

2023-10-24 08:31:39 - [TEST_STEP][PASSED] - findTestData("Data Files/ConnectionHost"): null

2023-10-24 08:31:39 - [TEST_STEP][PASSED] - rowDatosExcel = findTestData("Data Files/GTI - Crear Expedicion Externa"): null

2023-10-24 08:31:39 - [TEST_STEP][PASSED] - Script1676556991125.prv_getPantalla(filaInicio, filaHostRun, rowDatosExcel, log): null

2023-10-24 08:31:39 - [TEST_STEP][PASSED] - fieldPantalla = <not implemented yet for class: org.codehaus.groovy.ast.expr.EmptyExpression>: null

2023-10-24 08:31:39 - [TEST_STEP][PASSED] - mapeo = <not implemented yet for class: org.codehaus.groovy.ast.expr.EmptyExpression>: null

2023-10-24 08:31:39 - [TEST_STEP][PASSED] - mapeo = new java.util.HashMap(): null

2023-10-24 08:31:39 - [TEST_STEP][PASSED] - mapeo = HostUtils.getDataExcel(datosExcel, numeroFila): null

2023-10-24 08:31:39 - [TEST_STEP][PASSED] - fieldPantalla = mapeo.get("Pantalla"): null

2023-10-24 08:31:39 - [TEST_STEP][PASSED] - switch (fieldPantalla): null

2023-10-24 08:31:39 - [TEST_STEP][PASSED] - Default: null

2023-10-24 08:31:39 - [TEST_STEP][PASSED] - Script1676556991125.prv_basicOperation(mapeo, log): null

2023-10-24 08:31:39 - [TEST_STEP][PASSED] - valueHost = <not implemented yet for class: org.codehaus.groovy.ast.expr.EmptyExpression>: null

2023-10-24 08:31:39 - [TEST_STEP][PASSED] - try: null

2023-10-24 08:31:39 - [TEST_STEP][PASSED] - valueHost = HostUtils.operacionPantallaHost(mapeo, log): null

2023-10-24 08:31:42 - [TEST_STEP][PASSED] - return valueHost.trim(): null

2023-10-24 08:31:42 - [TEST_STEP][PASSED] - (filaInicio++): null

2023-10-24 08:31:42 - [TEST_STEP][PASSED] - findTestData("Data Files/ConnectionHost"): null

2023-10-24 08:31:42 - [TEST_STEP][PASSED] - rowDatosExcel = findTestData("Data Files/GTI - Crear Expedicion Externa"): null

2023-10-24 08:31:42 - [TEST_STEP][PASSED] - Script1676556991125.prv_getPantalla(filaInicio, filaHostRun, rowDatosExcel, log): null

2023-10-24 08:31:42 - [TEST_STEP][PASSED] - fieldPantalla = <not implemented yet for class: org.codehaus.groovy.ast.expr.EmptyExpression>: null

2023-10-24 08:31:42 - [TEST_STEP][PASSED] - mapeo = <not implemented yet for class: org.codehaus.groovy.ast.expr.EmptyExpression>: null

2023-10-24 08:31:42 - [TEST_STEP][PASSED] - mapeo = new java.util.HashMap(): null

2023-10-24 08:31:42 - [TEST_STEP][PASSED] - mapeo = HostUtils.getDataExcel(datosExcel, numeroFila): null

2023-10-24 08:31:42 - [TEST_STEP][PASSED] - fieldPantalla = mapeo.get("Pantalla"): null

2023-10-24 08:31:42 - [TEST_STEP][PASSED] - switch (fieldPantalla): null

2023-10-24 08:31:42 - [TEST_STEP][PASSED] - Default: null

2023-10-24 08:31:42 - [TEST_STEP][PASSED] - Script1676556991125.prv_basicOperation(mapeo, log): null

2023-10-24 08:31:42 - [TEST_STEP][PASSED] - valueHost = <not implemented yet for class: org.codehaus.groovy.ast.expr.EmptyExpression>: null

2023-10-24 08:31:42 - [TEST_STEP][PASSED] - try: null

2023-10-24 08:31:42 - [TEST_STEP][PASSED] - valueHost = HostUtils.operacionPantallaHost(mapeo, log): null

2023-10-24 08:31:45 - [TEST_STEP][PASSED] - return valueHost.trim(): null

2023-10-24 08:31:45 - [TEST_STEP][PASSED] - (filaInicio++): null

2023-10-24 08:31:45 - [TEST_STEP][PASSED] - findTestData("Data Files/ConnectionHost"): null

2023-10-24 08:31:45 - [TEST_STEP][PASSED] - rowDatosExcel = findTestData("Data Files/GTI - Crear Expedicion Externa"): null

2023-10-24 08:31:45 - [TEST_STEP][PASSED] - Script1676556991125.prv_getPantalla(filaInicio, filaHostRun, rowDatosExcel, log): null

2023-10-24 08:31:45 - [TEST_STEP][PASSED] - fieldPantalla = <not implemented yet for class: org.codehaus.groovy.ast.expr.EmptyExpression>: null

2023-10-24 08:31:45 - [TEST_STEP][PASSED] - mapeo = <not implemented yet for class: org.codehaus.groovy.ast.expr.EmptyExpression>: null

2023-10-24 08:31:45 - [TEST_STEP][PASSED] - mapeo = new java.util.HashMap(): null

2023-10-24 08:31:45 - [TEST_STEP][PASSED] - mapeo = HostUtils.getDataExcel(datosExcel, numeroFila): null

2023-10-24 08:31:45 - [TEST_STEP][PASSED] - fieldPantalla = mapeo.get("Pantalla"): null

2023-10-24 08:31:45 - [TEST_STEP][PASSED] - switch (fieldPantalla): null

2023-10-24 08:31:45 - [TEST_STEP][PASSED] - Default: null

2023-10-24 08:31:45 - [TEST_STEP][PASSED] - Script1676556991125.prv_basicOperation(mapeo, log): null

2023-10-24 08:31:45 - [TEST_STEP][PASSED] - valueHost = <not implemented yet for class: org.codehaus.groovy.ast.expr.EmptyExpression>: null

2023-10-24 08:31:45 - [TEST_STEP][PASSED] - try: null

2023-10-24 08:31:45 - [TEST_STEP][PASSED] - valueHost = HostUtils.operacionPantallaHost(mapeo, log): null

2023-10-24 08:31:49 - [TEST_STEP][PASSED] - return valueHost.trim(): null

2023-10-24 08:31:49 - [TEST_STEP][PASSED] - (filaInicio++): null

2023-10-24 08:31:49 - [TEST_STEP][PASSED] - findTestData("Data Files/ConnectionHost"): null

2023-10-24 08:31:49 - [TEST_STEP][PASSED] - rowDatosExcel = findTestData("Data Files/GTI - Crear Expedicion Externa"): null

2023-10-24 08:31:49 - [TEST_STEP][PASSED] - Script1676556991125.prv_getPantalla(filaInicio, filaHostRun, rowDatosExcel, log): null

2023-10-24 08:31:49 - [TEST_STEP][PASSED] - fieldPantalla = <not implemented yet for class: org.codehaus.groovy.ast.expr.EmptyExpression>: null

2023-10-24 08:31:49 - [TEST_STEP][PASSED] - mapeo = <not implemented yet for class: org.codehaus.groovy.ast.expr.EmptyExpression>: null

2023-10-24 08:31:49 - [TEST_STEP][PASSED] - mapeo = new java.util.HashMap(): null

2023-10-24 08:31:49 - [TEST_STEP][PASSED] - mapeo = HostUtils.getDataExcel(datosExcel, numeroFila): null

2023-10-24 08:31:49 - [TEST_STEP][PASSED] - fieldPantalla = mapeo.get("Pantalla"): null

2023-10-24 08:31:49 - [TEST_STEP][PASSED] - switch (fieldPantalla): null

2023-10-24 08:31:49 - [TEST_STEP][PASSED] - Default: null

2023-10-24 08:31:49 - [TEST_STEP][PASSED] - Script1676556991125.prv_basicOperation(mapeo, log): null

2023-10-24 08:31:49 - [TEST_STEP][PASSED] - valueHost = <not implemented yet for class: org.codehaus.groovy.ast.expr.EmptyExpression>: null

2023-10-24 08:31:49 - [TEST_STEP][PASSED] - try: null

2023-10-24 08:31:49 - [TEST_STEP][PASSED] - valueHost = HostUtils.operacionPantallaHost(mapeo, log): null

2023-10-24 08:31:52 - [TEST_STEP][PASSED] - return valueHost.trim(): null

2023-10-24 08:31:52 - [TEST_STEP][PASSED] - (filaInicio++): null

2023-10-24 08:31:52 - [TEST_STEP][PASSED] - findTestData("Data Files/ConnectionHost"): null

2023-10-24 08:31:52 - [TEST_STEP][PASSED] - rowDatosExcel = findTestData("Data Files/GTI - Crear Expedicion Externa"): null

2023-10-24 08:31:52 - [TEST_STEP][PASSED] - Script1676556991125.prv_getPantalla(filaInicio, filaHostRun, rowDatosExcel, log): null

2023-10-24 08:31:52 - [TEST_STEP][PASSED] - fieldPantalla = <not implemented yet for class: org.codehaus.groovy.ast.expr.EmptyExpression>: null

2023-10-24 08:31:52 - [TEST_STEP][PASSED] - mapeo = <not implemented yet for class: org.codehaus.groovy.ast.expr.EmptyExpression>: null

2023-10-24 08:31:52 - [TEST_STEP][PASSED] - mapeo = new java.util.HashMap(): null

2023-10-24 08:31:52 - [TEST_STEP][PASSED] - mapeo = HostUtils.getDataExcel(datosExcel, numeroFila): null

2023-10-24 08:31:52 - [TEST_STEP][PASSED] - fieldPantalla = mapeo.get("Pantalla"): null

2023-10-24 08:31:52 - [TEST_STEP][PASSED] - switch (fieldPantalla): null

2023-10-24 08:31:52 - [TEST_STEP][PASSED] - Default: null

2023-10-24 08:31:52 - [TEST_STEP][PASSED] - Script1676556991125.prv_basicOperation(mapeo, log): null

2023-10-24 08:31:52 - [TEST_STEP][PASSED] - valueHost = <not implemented yet for class: org.codehaus.groovy.ast.expr.EmptyExpression>: null

2023-10-24 08:31:52 - [TEST_STEP][PASSED] - try: null

2023-10-24 08:31:52 - [TEST_STEP][PASSED] - valueHost = HostUtils.operacionPantallaHost(mapeo, log): null

2023-10-24 08:31:57 - [TEST_STEP][PASSED] - return valueHost.trim(): null

2023-10-24 08:31:57 - [TEST_STEP][PASSED] - (filaInicio++): null

2023-10-24 08:31:57 - [TEST_STEP][PASSED] - findTestData("Data Files/ConnectionHost"): null

2023-10-24 08:31:57 - [TEST_STEP][PASSED] - rowDatosExcel = findTestData("Data Files/GTI - Crear Expedicion Externa"): null

2023-10-24 08:31:57 - [TEST_STEP][PASSED] - Script1676556991125.prv_getPantalla(filaInicio, filaHostRun, rowDatosExcel, log): null

2023-10-24 08:31:57 - [TEST_STEP][PASSED] - fieldPantalla = <not implemented yet for class: org.codehaus.groovy.ast.expr.EmptyExpression>: null

2023-10-24 08:31:57 - [TEST_STEP][PASSED] - mapeo = <not implemented yet for class: org.codehaus.groovy.ast.expr.EmptyExpression>: null

2023-10-24 08:31:57 - [TEST_STEP][PASSED] - mapeo = new java.util.HashMap(): null

2023-10-24 08:31:57 - [TEST_STEP][PASSED] - mapeo = HostUtils.getDataExcel(datosExcel, numeroFila): null

2023-10-24 08:31:57 - [TEST_STEP][PASSED] - fieldPantalla = mapeo.get("Pantalla"): null

2023-10-24 08:31:57 - [TEST_STEP][PASSED] - switch (fieldPantalla): null

2023-10-24 08:31:57 - [TEST_STEP][PASSED] - case "Consultar":: null

2023-10-24 08:31:57 - [TEST_STEP][PASSED] - log.loggerInfo("SE VA A REALIZAR LA PANTALLA DE CONSULTAR"): null

2023-10-24 08:31:57 - [TEST_STEP][PASSED] - Script1676556991125.prv_getCampos(mapeo, filaHostRun, log): null

2023-10-24 08:31:57 - [TEST_STEP][PASSED] - fieldCampos = <not implemented yet for class: org.codehaus.groovy.ast.expr.EmptyExpression>: null

2023-10-24 08:31:57 - [TEST_STEP][PASSED] - estadoPedido = <not implemented yet for class: org.codehaus.groovy.ast.expr.EmptyExpression>: null

2023-10-24 08:31:57 - [TEST_STEP][PASSED] - expedicion = <not implemented yet for class: org.codehaus.groovy.ast.expr.EmptyExpression>: null

2023-10-24 08:31:57 - [TEST_STEP][PASSED] - albaran = <not implemented yet for class: org.codehaus.groovy.ast.expr.EmptyExpression>: null

2023-10-24 08:31:57 - [TEST_STEP][PASSED] - estadoExpedicion = <not implemented yet for class: org.codehaus.groovy.ast.expr.EmptyExpression>: null

2023-10-24 08:31:57 - [TEST_STEP][PASSED] - fieldCampos = mapeo.get("Campos"): null

2023-10-24 08:31:57 - [TEST_STEP][PASSED] - switch (fieldCampos): null

2023-10-24 08:31:57 - [TEST_STEP][PASSED] - Default: null

2023-10-24 08:31:57 - [TEST_STEP][PASSED] - Script1676556991125.prv_basicOperation(mapeo, log): null

2023-10-24 08:31:57 - [TEST_STEP][PASSED] - valueHost = <not implemented yet for class: org.codehaus.groovy.ast.expr.EmptyExpression>: null

2023-10-24 08:31:57 - [TEST_STEP][PASSED] - try: null

2023-10-24 08:31:57 - [TEST_STEP][PASSED] - valueHost = HostUtils.operacionPantallaHost(mapeo, log): null

2023-10-24 08:32:00 - [TEST_STEP][PASSED] - return valueHost.trim(): null

2023-10-24 08:32:00 - [TEST_STEP][PASSED] - break: null

2023-10-24 08:32:00 - [TEST_STEP][PASSED] - (filaInicio++): null

2023-10-24 08:32:00 - [TEST_STEP][PASSED] - findTestData("Data Files/ConnectionHost"): null

2023-10-24 08:32:00 - [TEST_STEP][PASSED] - rowDatosExcel = findTestData("Data Files/GTI - Crear Expedicion Externa"): null

2023-10-24 08:32:00 - [TEST_STEP][PASSED] - Script1676556991125.prv_getPantalla(filaInicio, filaHostRun, rowDatosExcel, log): null

2023-10-24 08:32:00 - [TEST_STEP][PASSED] - fieldPantalla = <not implemented yet for class: org.codehaus.groovy.ast.expr.EmptyExpression>: null

2023-10-24 08:32:00 - [TEST_STEP][PASSED] - mapeo = <not implemented yet for class: org.codehaus.groovy.ast.expr.EmptyExpression>: null

2023-10-24 08:32:00 - [TEST_STEP][PASSED] - mapeo = new java.util.HashMap(): null

2023-10-24 08:32:00 - [TEST_STEP][PASSED] - mapeo = HostUtils.getDataExcel(datosExcel, numeroFila): null

2023-10-24 08:32:00 - [TEST_STEP][PASSED] - fieldPantalla = mapeo.get("Pantalla"): null

2023-10-24 08:32:00 - [TEST_STEP][PASSED] - switch (fieldPantalla): null

2023-10-24 08:32:00 - [TEST_STEP][PASSED] - case "Consultar":: null

2023-10-24 08:32:00 - [TEST_STEP][PASSED] - log.loggerInfo("SE VA A REALIZAR LA PANTALLA DE CONSULTAR"): null

2023-10-24 08:32:00 - [TEST_STEP][PASSED] - Script1676556991125.prv_getCampos(mapeo, filaHostRun, log): null

2023-10-24 08:32:00 - [TEST_STEP][PASSED] - fieldCampos = <not implemented yet for class: org.codehaus.groovy.ast.expr.EmptyExpression>: null

2023-10-24 08:32:00 - [TEST_STEP][PASSED] - estadoPedido = <not implemented yet for class: org.codehaus.groovy.ast.expr.EmptyExpression>: null

2023-10-24 08:32:00 - [TEST_STEP][PASSED] - expedicion = <not implemented yet for class: org.codehaus.groovy.ast.expr.EmptyExpression>: null

2023-10-24 08:32:00 - [TEST_STEP][PASSED] - albaran = <not implemented yet for class: org.codehaus.groovy.ast.expr.EmptyExpression>: null

2023-10-24 08:32:00 - [TEST_STEP][PASSED] - estadoExpedicion = <not implemented yet for class: org.codehaus.groovy.ast.expr.EmptyExpression>: null

2023-10-24 08:32:00 - [TEST_STEP][PASSED] - fieldCampos = mapeo.get("Campos"): null

2023-10-24 08:32:00 - [TEST_STEP][PASSED] - switch (fieldCampos): null

2023-10-24 08:32:00 - [TEST_STEP][PASSED] - Default: null

2023-10-24 08:32:00 - [TEST_STEP][PASSED] - Script1676556991125.prv_basicOperation(mapeo, log): null

2023-10-24 08:32:00 - [TEST_STEP][PASSED] - valueHost = <not implemented yet for class: org.codehaus.groovy.ast.expr.EmptyExpression>: null

2023-10-24 08:32:00 - [TEST_STEP][PASSED] - try: null

2023-10-24 08:32:00 - [TEST_STEP][PASSED] - valueHost = HostUtils.operacionPantallaHost(mapeo, log): null

2023-10-24 08:32:03 - [TEST_STEP][PASSED] - return valueHost.trim(): null

2023-10-24 08:32:03 - [TEST_STEP][PASSED] - break: null

2023-10-24 08:32:03 - [TEST_STEP][PASSED] - (filaInicio++): null

2023-10-24 08:32:03 - [TEST_STEP][PASSED] - findTestData("Data Files/ConnectionHost"): null

2023-10-24 08:32:03 - [TEST_STEP][PASSED] - rowDatosExcel = findTestData("Data Files/GTI - Crear Expedicion Externa"): null

2023-10-24 08:32:03 - [TEST_STEP][PASSED] - Script1676556991125.prv_getPantalla(filaInicio, filaHostRun, rowDatosExcel, log): null

2023-10-24 08:32:03 - [TEST_STEP][PASSED] - fieldPantalla = <not implemented yet for class: org.codehaus.groovy.ast.expr.EmptyExpression>: null

2023-10-24 08:32:03 - [TEST_STEP][PASSED] - mapeo = <not implemented yet for class: org.codehaus.groovy.ast.expr.EmptyExpression>: null

2023-10-24 08:32:03 - [TEST_STEP][PASSED] - mapeo = new java.util.HashMap(): null

2023-10-24 08:32:03 - [TEST_STEP][PASSED] - mapeo = HostUtils.getDataExcel(datosExcel, numeroFila): null

2023-10-24 08:32:03 - [TEST_STEP][PASSED] - fieldPantalla = mapeo.get("Pantalla"): null

2023-10-24 08:32:03 - [TEST_STEP][PASSED] - switch (fieldPantalla): null

2023-10-24 08:32:03 - [TEST_STEP][PASSED] - case "Consultar":: null

2023-10-24 08:32:03 - [TEST_STEP][PASSED] - log.loggerInfo("SE VA A REALIZAR LA PANTALLA DE CONSULTAR"): null

2023-10-24 08:32:03 - [TEST_STEP][PASSED] - Script1676556991125.prv_getCampos(mapeo, filaHostRun, log): null

2023-10-24 08:32:03 - [TEST_STEP][PASSED] - fieldCampos = <not implemented yet for class: org.codehaus.groovy.ast.expr.EmptyExpression>: null

2023-10-24 08:32:03 - [TEST_STEP][PASSED] - estadoPedido = <not implemented yet for class: org.codehaus.groovy.ast.expr.EmptyExpression>: null

2023-10-24 08:32:03 - [TEST_STEP][PASSED] - expedicion = <not implemented yet for class: org.codehaus.groovy.ast.expr.EmptyExpression>: null

2023-10-24 08:32:03 - [TEST_STEP][PASSED] - albaran = <not implemented yet for class: org.codehaus.groovy.ast.expr.EmptyExpression>: null

2023-10-24 08:32:03 - [TEST_STEP][PASSED] - estadoExpedicion = <not implemented yet for class: org.codehaus.groovy.ast.expr.EmptyExpression>: null

2023-10-24 08:32:03 - [TEST_STEP][PASSED] - fieldCampos = mapeo.get("Campos"): null

2023-10-24 08:32:03 - [TEST_STEP][PASSED] - switch (fieldCampos): null

2023-10-24 08:32:03 - [TEST_STEP][PASSED] - Default: null

2023-10-24 08:32:03 - [TEST_STEP][PASSED] - Script1676556991125.prv_basicOperation(mapeo, log): null

2023-10-24 08:32:03 - [TEST_STEP][PASSED] - valueHost = <not implemented yet for class: org.codehaus.groovy.ast.expr.EmptyExpression>: null

2023-10-24 08:32:03 - [TEST_STEP][PASSED] - try: null

2023-10-24 08:32:03 - [TEST_STEP][PASSED] - valueHost = HostUtils.operacionPantallaHost(mapeo, log): null

2023-10-24 08:32:06 - [TEST_STEP][PASSED] - return valueHost.trim(): null

2023-10-24 08:32:06 - [TEST_STEP][PASSED] - break: null

2023-10-24 08:32:06 - [TEST_STEP][PASSED] - (filaInicio++): null

2023-10-24 08:32:06 - [TEST_STEP][PASSED] - findTestData("Data Files/ConnectionHost"): null

2023-10-24 08:32:06 - [TEST_STEP][PASSED] - rowDatosExcel = findTestData("Data Files/GTI - Crear Expedicion Externa"): null

2023-10-24 08:32:06 - [TEST_STEP][PASSED] - Script1676556991125.prv_getPantalla(filaInicio, filaHostRun, rowDatosExcel, log): null

2023-10-24 08:32:06 - [TEST_STEP][PASSED] - fieldPantalla = <not implemented yet for class: org.codehaus.groovy.ast.expr.EmptyExpression>: null

2023-10-24 08:32:06 - [TEST_STEP][PASSED] - mapeo = <not implemented yet for class: org.codehaus.groovy.ast.expr.EmptyExpression>: null

2023-10-24 08:32:06 - [TEST_STEP][PASSED] - mapeo = new java.util.HashMap(): null

2023-10-24 08:32:06 - [TEST_STEP][PASSED] - mapeo = HostUtils.getDataExcel(datosExcel, numeroFila): null

2023-10-24 08:32:06 - [TEST_STEP][PASSED] - fieldPantalla = mapeo.get("Pantalla"): null

2023-10-24 08:32:06 - [TEST_STEP][PASSED] - switch (fieldPantalla): null

2023-10-24 08:32:06 - [TEST_STEP][PASSED] - case "Consultar":: null

2023-10-24 08:32:06 - [TEST_STEP][PASSED] - log.loggerInfo("SE VA A REALIZAR LA PANTALLA DE CONSULTAR"): null

2023-10-24 08:32:06 - [TEST_STEP][PASSED] - Script1676556991125.prv_getCampos(mapeo, filaHostRun, log): null

2023-10-24 08:32:06 - [TEST_STEP][PASSED] - fieldCampos = <not implemented yet for class: org.codehaus.groovy.ast.expr.EmptyExpression>: null

2023-10-24 08:32:06 - [TEST_STEP][PASSED] - estadoPedido = <not implemented yet for class: org.codehaus.groovy.ast.expr.EmptyExpression>: null

2023-10-24 08:32:06 - [TEST_STEP][PASSED] - expedicion = <not implemented yet for class: org.codehaus.groovy.ast.expr.EmptyExpression>: null

2023-10-24 08:32:06 - [TEST_STEP][PASSED] - albaran = <not implemented yet for class: org.codehaus.groovy.ast.expr.EmptyExpression>: null

2023-10-24 08:32:06 - [TEST_STEP][PASSED] - estadoExpedicion = <not implemented yet for class: org.codehaus.groovy.ast.expr.EmptyExpression>: null

2023-10-24 08:32:06 - [TEST_STEP][PASSED] - fieldCampos = mapeo.get("Campos"): null

2023-10-24 08:32:06 - [TEST_STEP][PASSED] - switch (fieldCampos): null

2023-10-24 08:32:06 - [TEST_STEP][PASSED] - Default: null

2023-10-24 08:32:06 - [TEST_STEP][PASSED] - Script1676556991125.prv_basicOperation(mapeo, log): null

2023-10-24 08:32:06 - [TEST_STEP][PASSED] - valueHost = <not implemented yet for class: org.codehaus.groovy.ast.expr.EmptyExpression>: null

2023-10-24 08:32:06 - [TEST_STEP][PASSED] - try: null

2023-10-24 08:32:06 - [TEST_STEP][PASSED] - valueHost = HostUtils.operacionPantallaHost(mapeo, log): null

2023-10-24 08:32:11 - [TEST_STEP][PASSED] - return valueHost.trim(): null

2023-10-24 08:32:11 - [TEST_STEP][PASSED] - break: null

2023-10-24 08:32:11 - [TEST_STEP][PASSED] - (filaInicio++): null

2023-10-24 08:32:11 - [TEST_STEP][PASSED] - findTestData("Data Files/ConnectionHost"): null

2023-10-24 08:32:11 - [TEST_STEP][PASSED] - rowDatosExcel = findTestData("Data Files/GTI - Crear Expedicion Externa"): null

2023-10-24 08:32:11 - [TEST_STEP][PASSED] - Script1676556991125.prv_getPantalla(filaInicio, filaHostRun, rowDatosExcel, log): null

2023-10-24 08:32:11 - [TEST_STEP][PASSED] - fieldPantalla = <not implemented yet for class: org.codehaus.groovy.ast.expr.EmptyExpression>: null

2023-10-24 08:32:11 - [TEST_STEP][PASSED] - mapeo = <not implemented yet for class: org.codehaus.groovy.ast.expr.EmptyExpression>: null

2023-10-24 08:32:11 - [TEST_STEP][PASSED] - mapeo = new java.util.HashMap(): null

2023-10-24 08:32:11 - [TEST_STEP][PASSED] - mapeo = HostUtils.getDataExcel(datosExcel, numeroFila): null

2023-10-24 08:32:11 - [TEST_STEP][PASSED] - fieldPantalla = mapeo.get("Pantalla"): null

2023-10-24 08:32:11 - [TEST_STEP][PASSED] - switch (fieldPantalla): null

2023-10-24 08:32:11 - [TEST_STEP][PASSED] - case "Externo":: null

2023-10-24 08:32:11 - [TEST_STEP][PASSED] - log.loggerInfo("SE VA A REALIZAR LA RECOGIDA DEL MENSAJE EN EL EXTERNO"): null

2023-10-24 08:32:11 - [TEST_STEP][PASSED] - Script1676556991125.prv_getCampos(mapeo, filaHostRun, log): null

2023-10-24 08:32:11 - [TEST_STEP][PASSED] - fieldCampos = <not implemented yet for class: org.codehaus.groovy.ast.expr.EmptyExpression>: null

2023-10-24 08:32:11 - [TEST_STEP][PASSED] - estadoPedido = <not implemented yet for class: org.codehaus.groovy.ast.expr.EmptyExpression>: null

2023-10-24 08:32:11 - [TEST_STEP][PASSED] - expedicion = <not implemented yet for class: org.codehaus.groovy.ast.expr.EmptyExpression>: null

2023-10-24 08:32:11 - [TEST_STEP][PASSED] - albaran = <not implemented yet for class: org.codehaus.groovy.ast.expr.EmptyExpression>: null

2023-10-24 08:32:11 - [TEST_STEP][PASSED] - estadoExpedicion = <not implemented yet for class: org.codehaus.groovy.ast.expr.EmptyExpression>: null

2023-10-24 08:32:11 - [TEST_STEP][PASSED] - fieldCampos = mapeo.get("Campos"): null

2023-10-24 08:32:11 - [TEST_STEP][PASSED] - switch (fieldCampos): null

2023-10-24 08:32:11 - [TEST_STEP][PASSED] - case "msg2":: null

2023-10-24 08:32:11 - [TEST_STEP][PASSED] - estadoExpedicion = Script1676556991125.prv_basicOperation(mapeo, log): null

2023-10-24 08:32:11 - [TEST_STEP][PASSED] - valueHost = <not implemented yet for class: org.codehaus.groovy.ast.expr.EmptyExpression>: null

2023-10-24 08:32:11 - [TEST_STEP][PASSED] - try: null

2023-10-24 08:32:11 - [TEST_STEP][PASSED] - valueHost = HostUtils.operacionPantallaHost(mapeo, log): null

2023-10-24 08:32:15 - [TEST_STEP][PASSED] - return valueHost.trim(): null

2023-10-24 08:32:15 - [TEST_STEP][PASSED] - log.loggerInfo("El estado de la expedicion es: %s", estadoExpedicion): null

2023-10-24 08:32:15 - [TEST_STEP][PASSED] - writeExcel.writeExcel_CrearExpedicionExterna(166, "ARGUMENTOS", "Operativa", estadoExpedicion.trim()): Se va ha escribir en la columna ARGUMENTOS y en la fila 166 el valor: 

2023-10-24 08:32:15 - [MESSAGE][INFO] - Se va ha escribir en la columna ARGUMENTOS y en la fila 166 el valor: 

2023-10-24 08:32:15 - [TEST_STEP][PASSED] - break: null

2023-10-24 08:32:15 - [TEST_STEP][PASSED] - break: null

2023-10-24 08:32:15 - [TEST_STEP][PASSED] - (filaInicio++): null

2023-10-24 08:32:15 - [TEST_STEP][PASSED] - findTestData("Data Files/ConnectionHost"): null

2023-10-24 08:32:15 - [TEST_STEP][PASSED] - rowDatosExcel = findTestData("Data Files/GTI - Crear Expedicion Externa"): null

2023-10-24 08:32:15 - [TEST_STEP][PASSED] - Script1676556991125.prv_getPantalla(filaInicio, filaHostRun, rowDatosExcel, log): null

2023-10-24 08:32:15 - [TEST_STEP][PASSED] - fieldPantalla = <not implemented yet for class: org.codehaus.groovy.ast.expr.EmptyExpression>: null

2023-10-24 08:32:15 - [TEST_STEP][PASSED] - mapeo = <not implemented yet for class: org.codehaus.groovy.ast.expr.EmptyExpression>: null

2023-10-24 08:32:15 - [TEST_STEP][PASSED] - mapeo = new java.util.HashMap(): null

2023-10-24 08:32:15 - [TEST_STEP][PASSED] - mapeo = HostUtils.getDataExcel(datosExcel, numeroFila): null

2023-10-24 08:32:15 - [TEST_STEP][PASSED] - fieldPantalla = mapeo.get("Pantalla"): null

2023-10-24 08:32:15 - [TEST_STEP][PASSED] - switch (fieldPantalla): null

2023-10-24 08:32:15 - [TEST_STEP][PASSED] - Default: null

2023-10-24 08:32:15 - [TEST_STEP][PASSED] - Script1676556991125.prv_basicOperation(mapeo, log): null

2023-10-24 08:32:15 - [TEST_STEP][PASSED] - valueHost = <not implemented yet for class: org.codehaus.groovy.ast.expr.EmptyExpression>: null

2023-10-24 08:32:15 - [TEST_STEP][PASSED] - try: null

2023-10-24 08:32:15 - [TEST_STEP][PASSED] - valueHost = HostUtils.operacionPantallaHost(mapeo, log): null

2023-10-24 08:32:19 - [TEST_STEP][PASSED] - return valueHost.trim(): null

2023-10-24 08:32:19 - [TEST_STEP][PASSED] - (filaInicio++): null

2023-10-24 08:32:19 - [TEST_STEP][PASSED] - findTestData("Data Files/ConnectionHost"): null

2023-10-24 08:32:19 - [TEST_STEP][PASSED] - rowDatosExcel = findTestData("Data Files/GTI - Crear Expedicion Externa"): null

2023-10-24 08:32:19 - [TEST_STEP][PASSED] - Script1676556991125.prv_getPantalla(filaInicio, filaHostRun, rowDatosExcel, log): null

2023-10-24 08:32:19 - [TEST_STEP][PASSED] - fieldPantalla = <not implemented yet for class: org.codehaus.groovy.ast.expr.EmptyExpression>: null

2023-10-24 08:32:19 - [TEST_STEP][PASSED] - mapeo = <not implemented yet for class: org.codehaus.groovy.ast.expr.EmptyExpression>: null

2023-10-24 08:32:19 - [TEST_STEP][PASSED] - mapeo = new java.util.HashMap(): null

2023-10-24 08:32:19 - [TEST_STEP][PASSED] - mapeo = HostUtils.getDataExcel(datosExcel, numeroFila): null

2023-10-24 08:32:19 - [TEST_STEP][PASSED] - fieldPantalla = mapeo.get("Pantalla"): null

2023-10-24 08:32:19 - [TEST_STEP][PASSED] - switch (fieldPantalla): null

2023-10-24 08:32:19 - [TEST_STEP][PASSED] - Default: null

2023-10-24 08:32:19 - [TEST_STEP][PASSED] - Script1676556991125.prv_basicOperation(mapeo, log): null

2023-10-24 08:32:19 - [TEST_STEP][PASSED] - valueHost = <not implemented yet for class: org.codehaus.groovy.ast.expr.EmptyExpression>: null

2023-10-24 08:32:19 - [TEST_STEP][PASSED] - try: null

2023-10-24 08:32:19 - [TEST_STEP][PASSED] - valueHost = HostUtils.operacionPantallaHost(mapeo, log): null

2023-10-24 08:32:23 - [TEST_STEP][PASSED] - return valueHost.trim(): null

2023-10-24 08:32:23 - [TEST_STEP][PASSED] - (filaInicio++): null

2023-10-24 08:32:23 - [TEST_STEP][PASSED] - findTestData("Data Files/ConnectionHost"): null

2023-10-24 08:32:23 - [TEST_STEP][PASSED] - rowDatosExcel = findTestData("Data Files/GTI - Crear Expedicion Externa"): null

2023-10-24 08:32:23 - [TEST_STEP][PASSED] - Script1676556991125.prv_getPantalla(filaInicio, filaHostRun, rowDatosExcel, log): null

2023-10-24 08:32:23 - [TEST_STEP][PASSED] - fieldPantalla = <not implemented yet for class: org.codehaus.groovy.ast.expr.EmptyExpression>: null

2023-10-24 08:32:23 - [TEST_STEP][PASSED] - mapeo = <not implemented yet for class: org.codehaus.groovy.ast.expr.EmptyExpression>: null

2023-10-24 08:32:23 - [TEST_STEP][PASSED] - mapeo = new java.util.HashMap(): null

2023-10-24 08:32:23 - [TEST_STEP][PASSED] - mapeo = HostUtils.getDataExcel(datosExcel, numeroFila): null

2023-10-24 08:32:23 - [TEST_STEP][PASSED] - fieldPantalla = mapeo.get("Pantalla"): null

2023-10-24 08:32:23 - [TEST_STEP][PASSED] - switch (fieldPantalla): null

2023-10-24 08:32:23 - [TEST_STEP][PASSED] - Default: null

2023-10-24 08:32:23 - [TEST_STEP][PASSED] - Script1676556991125.prv_basicOperation(mapeo, log): null

2023-10-24 08:32:23 - [TEST_STEP][PASSED] - valueHost = <not implemented yet for class: org.codehaus.groovy.ast.expr.EmptyExpression>: null

2023-10-24 08:32:23 - [TEST_STEP][PASSED] - try: null

2023-10-24 08:32:23 - [TEST_STEP][PASSED] - valueHost = HostUtils.operacionPantallaHost(mapeo, log): null

2023-10-24 08:32:27 - [TEST_STEP][PASSED] - return valueHost.trim(): null

2023-10-24 08:32:27 - [TEST_STEP][PASSED] - (filaInicio++): null

2023-10-24 08:32:27 - [TEST_STEP][PASSED] - findTestData("Data Files/ConnectionHost"): null

2023-10-24 08:32:27 - [TEST_STEP][PASSED] - rowDatosExcel = findTestData("Data Files/GTI - Crear Expedicion Externa"): null

2023-10-24 08:32:27 - [TEST_STEP][PASSED] - Script1676556991125.prv_getPantalla(filaInicio, filaHostRun, rowDatosExcel, log): null

2023-10-24 08:32:27 - [TEST_STEP][PASSED] - fieldPantalla = <not implemented yet for class: org.codehaus.groovy.ast.expr.EmptyExpression>: null

2023-10-24 08:32:27 - [TEST_STEP][PASSED] - mapeo = <not implemented yet for class: org.codehaus.groovy.ast.expr.EmptyExpression>: null

2023-10-24 08:32:27 - [TEST_STEP][PASSED] - mapeo = new java.util.HashMap(): null

2023-10-24 08:32:27 - [TEST_STEP][PASSED] - mapeo = HostUtils.getDataExcel(datosExcel, numeroFila): null

2023-10-24 08:32:27 - [TEST_STEP][PASSED] - fieldPantalla = mapeo.get("Pantalla"): null

2023-10-24 08:32:27 - [TEST_STEP][PASSED] - switch (fieldPantalla): null

2023-10-24 08:32:27 - [TEST_STEP][PASSED] - Default: null

2023-10-24 08:32:27 - [TEST_STEP][PASSED] - Script1676556991125.prv_basicOperation(mapeo, log): null

2023-10-24 08:32:27 - [TEST_STEP][PASSED] - valueHost = <not implemented yet for class: org.codehaus.groovy.ast.expr.EmptyExpression>: null

2023-10-24 08:32:27 - [TEST_STEP][PASSED] - try: null

2023-10-24 08:32:27 - [TEST_STEP][PASSED] - valueHost = HostUtils.operacionPantallaHost(mapeo, log): null

2023-10-24 08:32:31 - [TEST_STEP][PASSED] - return valueHost.trim(): null

2023-10-24 08:32:31 - [TEST_STEP][PASSED] - (filaInicio++): null

2023-10-24 08:32:31 - [TEST_STEP][PASSED] - findTestData("Data Files/ConnectionHost"): null

2023-10-24 08:32:31 - [TEST_STEP][PASSED] - rowDatosExcel = findTestData("Data Files/GTI - Crear Expedicion Externa"): null

2023-10-24 08:32:31 - [TEST_STEP][PASSED] - Script1676556991125.prv_getPantalla(filaInicio, filaHostRun, rowDatosExcel, log): null

2023-10-24 08:32:31 - [TEST_STEP][PASSED] - fieldPantalla = <not implemented yet for class: org.codehaus.groovy.ast.expr.EmptyExpression>: null

2023-10-24 08:32:31 - [TEST_STEP][PASSED] - mapeo = <not implemented yet for class: org.codehaus.groovy.ast.expr.EmptyExpression>: null

2023-10-24 08:32:31 - [TEST_STEP][PASSED] - mapeo = new java.util.HashMap(): null

2023-10-24 08:32:31 - [TEST_STEP][PASSED] - mapeo = HostUtils.getDataExcel(datosExcel, numeroFila): null

2023-10-24 08:32:31 - [TEST_STEP][PASSED] - fieldPantalla = mapeo.get("Pantalla"): null

2023-10-24 08:32:31 - [TEST_STEP][PASSED] - switch (fieldPantalla): null

2023-10-24 08:32:31 - [TEST_STEP][PASSED] - Default: null

2023-10-24 08:32:31 - [TEST_STEP][PASSED] - Script1676556991125.prv_basicOperation(mapeo, log): null

2023-10-24 08:32:31 - [TEST_STEP][PASSED] - valueHost = <not implemented yet for class: org.codehaus.groovy.ast.expr.EmptyExpression>: null

2023-10-24 08:32:31 - [TEST_STEP][PASSED] - try: null

2023-10-24 08:32:31 - [TEST_STEP][PASSED] - valueHost = HostUtils.operacionPantallaHost(mapeo, log): null

2023-10-24 08:32:35 - [TEST_STEP][PASSED] - return valueHost.trim(): null

2023-10-24 08:32:35 - [TEST_STEP][PASSED] - (filaInicio++): null

2023-10-24 08:32:35 - [TEST_STEP][PASSED] - findTestData("Data Files/ConnectionHost"): null

2023-10-24 08:32:35 - [TEST_STEP][PASSED] - rowDatosExcel = findTestData("Data Files/GTI - Crear Expedicion Externa"): null

2023-10-24 08:32:35 - [TEST_STEP][PASSED] - Script1676556991125.prv_getPantalla(filaInicio, filaHostRun, rowDatosExcel, log): null

2023-10-24 08:32:35 - [TEST_STEP][PASSED] - fieldPantalla = <not implemented yet for class: org.codehaus.groovy.ast.expr.EmptyExpression>: null

2023-10-24 08:32:35 - [TEST_STEP][PASSED] - mapeo = <not implemented yet for class: org.codehaus.groovy.ast.expr.EmptyExpression>: null

2023-10-24 08:32:35 - [TEST_STEP][PASSED] - mapeo = new java.util.HashMap(): null

2023-10-24 08:32:35 - [TEST_STEP][PASSED] - mapeo = HostUtils.getDataExcel(datosExcel, numeroFila): null

2023-10-24 08:32:35 - [TEST_STEP][PASSED] - fieldPantalla = mapeo.get("Pantalla"): null

2023-10-24 08:32:35 - [TEST_STEP][PASSED] - switch (fieldPantalla): null

2023-10-24 08:32:35 - [TEST_STEP][PASSED] - Default: null

2023-10-24 08:32:35 - [TEST_STEP][PASSED] - Script1676556991125.prv_basicOperation(mapeo, log): null

2023-10-24 08:32:35 - [TEST_STEP][PASSED] - valueHost = <not implemented yet for class: org.codehaus.groovy.ast.expr.EmptyExpression>: null

2023-10-24 08:32:35 - [TEST_STEP][PASSED] - try: null

2023-10-24 08:32:35 - [TEST_STEP][PASSED] - valueHost = HostUtils.operacionPantallaHost(mapeo, log): null

2023-10-24 08:32:38 - [TEST_STEP][PASSED] - return valueHost.trim(): null

2023-10-24 08:32:38 - [TEST_STEP][PASSED] - (filaInicio++): null

2023-10-24 08:32:38 - [TEST_STEP][PASSED] - findTestData("Data Files/ConnectionHost"): null

2023-10-24 08:32:38 - [TEST_STEP][PASSED] - rowDatosExcel = findTestData("Data Files/GTI - Crear Expedicion Externa"): null

2023-10-24 08:32:38 - [TEST_STEP][PASSED] - Script1676556991125.prv_getPantalla(filaInicio, filaHostRun, rowDatosExcel, log): null

2023-10-24 08:32:38 - [TEST_STEP][PASSED] - fieldPantalla = <not implemented yet for class: org.codehaus.groovy.ast.expr.EmptyExpression>: null

2023-10-24 08:32:38 - [TEST_STEP][PASSED] - mapeo = <not implemented yet for class: org.codehaus.groovy.ast.expr.EmptyExpression>: null

2023-10-24 08:32:38 - [TEST_STEP][PASSED] - mapeo = new java.util.HashMap(): null

2023-10-24 08:32:38 - [TEST_STEP][PASSED] - mapeo = HostUtils.getDataExcel(datosExcel, numeroFila): null

2023-10-24 08:32:38 - [TEST_STEP][PASSED] - fieldPantalla = mapeo.get("Pantalla"): null

2023-10-24 08:32:38 - [TEST_STEP][PASSED] - switch (fieldPantalla): null

2023-10-24 08:32:38 - [TEST_STEP][PASSED] - Default: null

2023-10-24 08:32:38 - [TEST_STEP][PASSED] - Script1676556991125.prv_basicOperation(mapeo, log): null

2023-10-24 08:32:38 - [TEST_STEP][PASSED] - valueHost = <not implemented yet for class: org.codehaus.groovy.ast.expr.EmptyExpression>: null

2023-10-24 08:32:38 - [TEST_STEP][PASSED] - try: null

2023-10-24 08:32:38 - [TEST_STEP][PASSED] - valueHost = HostUtils.operacionPantallaHost(mapeo, log): null

2023-10-24 08:32:43 - [TEST_STEP][PASSED] - return valueHost.trim(): null

2023-10-24 08:32:43 - [TEST_STEP][PASSED] - (filaInicio++): null

2023-10-24 08:32:43 - [TEST_STEP][PASSED] - findTestData("Data Files/ConnectionHost"): null

2023-10-24 08:32:43 - [TEST_STEP][PASSED] - rowDatosExcel = findTestData("Data Files/GTI - Crear Expedicion Externa"): null

2023-10-24 08:32:43 - [TEST_STEP][PASSED] - Script1676556991125.prv_getPantalla(filaInicio, filaHostRun, rowDatosExcel, log): null

2023-10-24 08:32:43 - [TEST_STEP][PASSED] - fieldPantalla = <not implemented yet for class: org.codehaus.groovy.ast.expr.EmptyExpression>: null

2023-10-24 08:32:43 - [TEST_STEP][PASSED] - mapeo = <not implemented yet for class: org.codehaus.groovy.ast.expr.EmptyExpression>: null

2023-10-24 08:32:43 - [TEST_STEP][PASSED] - mapeo = new java.util.HashMap(): null

2023-10-24 08:32:43 - [TEST_STEP][PASSED] - mapeo = HostUtils.getDataExcel(datosExcel, numeroFila): null

2023-10-24 08:32:43 - [TEST_STEP][PASSED] - fieldPantalla = mapeo.get("Pantalla"): null

2023-10-24 08:32:43 - [TEST_STEP][PASSED] - switch (fieldPantalla): null

2023-10-24 08:32:43 - [TEST_STEP][PASSED] - Default: null

2023-10-24 08:32:43 - [TEST_STEP][PASSED] - Script1676556991125.prv_basicOperation(mapeo, log): null

2023-10-24 08:32:43 - [TEST_STEP][PASSED] - valueHost = <not implemented yet for class: org.codehaus.groovy.ast.expr.EmptyExpression>: null

2023-10-24 08:32:43 - [TEST_STEP][PASSED] - try: null

2023-10-24 08:32:43 - [TEST_STEP][PASSED] - valueHost = HostUtils.operacionPantallaHost(mapeo, log): null

2023-10-24 08:32:46 - [TEST_STEP][PASSED] - return valueHost.trim(): null

2023-10-24 08:32:46 - [TEST_STEP][PASSED] - (filaInicio++): null

2023-10-24 08:32:46 - [TEST_STEP][PASSED] - findTestData("Data Files/ConnectionHost"): null

2023-10-24 08:32:46 - [TEST_STEP][PASSED] - rowDatosExcel = findTestData("Data Files/GTI - Crear Expedicion Externa"): null

2023-10-24 08:32:46 - [TEST_STEP][PASSED] - Script1676556991125.prv_getPantalla(filaInicio, filaHostRun, rowDatosExcel, log): null

2023-10-24 08:32:46 - [TEST_STEP][PASSED] - fieldPantalla = <not implemented yet for class: org.codehaus.groovy.ast.expr.EmptyExpression>: null

2023-10-24 08:32:46 - [TEST_STEP][PASSED] - mapeo = <not implemented yet for class: org.codehaus.groovy.ast.expr.EmptyExpression>: null

2023-10-24 08:32:46 - [TEST_STEP][PASSED] - mapeo = new java.util.HashMap(): null

2023-10-24 08:32:46 - [TEST_STEP][PASSED] - mapeo = HostUtils.getDataExcel(datosExcel, numeroFila): null

2023-10-24 08:32:46 - [TEST_STEP][PASSED] - fieldPantalla = mapeo.get("Pantalla"): null

2023-10-24 08:32:46 - [TEST_STEP][PASSED] - switch (fieldPantalla): null

2023-10-24 08:32:46 - [TEST_STEP][PASSED] - Default: null

2023-10-24 08:32:46 - [TEST_STEP][PASSED] - Script1676556991125.prv_basicOperation(mapeo, log): null

2023-10-24 08:32:46 - [TEST_STEP][PASSED] - valueHost = <not implemented yet for class: org.codehaus.groovy.ast.expr.EmptyExpression>: null

2023-10-24 08:32:46 - [TEST_STEP][PASSED] - try: null

2023-10-24 08:32:46 - [TEST_STEP][PASSED] - valueHost = HostUtils.operacionPantallaHost(mapeo, log): null

2023-10-24 08:32:50 - [TEST_STEP][PASSED] - return valueHost.trim(): null

2023-10-24 08:32:50 - [TEST_STEP][PASSED] - (filaInicio++): null

2023-10-24 08:32:50 - [TEST_STEP][PASSED] - findTestData("Data Files/ConnectionHost"): null

2023-10-24 08:32:50 - [TEST_STEP][PASSED] - rowDatosExcel = findTestData("Data Files/GTI - Crear Expedicion Externa"): null

2023-10-24 08:32:50 - [TEST_STEP][PASSED] - Script1676556991125.prv_getPantalla(filaInicio, filaHostRun, rowDatosExcel, log): null

2023-10-24 08:32:50 - [TEST_STEP][PASSED] - fieldPantalla = <not implemented yet for class: org.codehaus.groovy.ast.expr.EmptyExpression>: null

2023-10-24 08:32:50 - [TEST_STEP][PASSED] - mapeo = <not implemented yet for class: org.codehaus.groovy.ast.expr.EmptyExpression>: null

2023-10-24 08:32:50 - [TEST_STEP][PASSED] - mapeo = new java.util.HashMap(): null

2023-10-24 08:32:50 - [TEST_STEP][PASSED] - mapeo = HostUtils.getDataExcel(datosExcel, numeroFila): null

2023-10-24 08:32:50 - [TEST_STEP][PASSED] - fieldPantalla = mapeo.get("Pantalla"): null

2023-10-24 08:32:50 - [TEST_STEP][PASSED] - switch (fieldPantalla): null

2023-10-24 08:32:50 - [TEST_STEP][PASSED] - Default: null

2023-10-24 08:32:50 - [TEST_STEP][PASSED] - Script1676556991125.prv_basicOperation(mapeo, log): null

2023-10-24 08:32:50 - [TEST_STEP][PASSED] - valueHost = <not implemented yet for class: org.codehaus.groovy.ast.expr.EmptyExpression>: null

2023-10-24 08:32:50 - [TEST_STEP][PASSED] - try: null

2023-10-24 08:32:50 - [TEST_STEP][PASSED] - valueHost = HostUtils.operacionPantallaHost(mapeo, log): null

2023-10-24 08:32:53 - [TEST_STEP][PASSED] - return valueHost.trim(): null

2023-10-24 08:32:53 - [TEST_STEP][PASSED] - (filaInicio++): null

2023-10-24 08:32:53 - [TEST_STEP][PASSED] - findTestData("Data Files/ConnectionHost"): null

2023-10-24 08:32:53 - [TEST_STEP][PASSED] - rowDatosExcel = findTestData("Data Files/GTI - Crear Expedicion Externa"): null

2023-10-24 08:32:53 - [TEST_STEP][PASSED] - Script1676556991125.prv_getPantalla(filaInicio, filaHostRun, rowDatosExcel, log): null

2023-10-24 08:32:53 - [TEST_STEP][PASSED] - fieldPantalla = <not implemented yet for class: org.codehaus.groovy.ast.expr.EmptyExpression>: null

2023-10-24 08:32:53 - [TEST_STEP][PASSED] - mapeo = <not implemented yet for class: org.codehaus.groovy.ast.expr.EmptyExpression>: null

2023-10-24 08:32:53 - [TEST_STEP][PASSED] - mapeo = new java.util.HashMap(): null

2023-10-24 08:32:53 - [TEST_STEP][PASSED] - mapeo = HostUtils.getDataExcel(datosExcel, numeroFila): null

2023-10-24 08:32:53 - [TEST_STEP][PASSED] - fieldPantalla = mapeo.get("Pantalla"): null

2023-10-24 08:32:53 - [TEST_STEP][PASSED] - switch (fieldPantalla): null

2023-10-24 08:32:53 - [TEST_STEP][PASSED] - Default: null

2023-10-24 08:32:53 - [TEST_STEP][PASSED] - Script1676556991125.prv_basicOperation(mapeo, log): null

2023-10-24 08:32:53 - [TEST_STEP][PASSED] - valueHost = <not implemented yet for class: org.codehaus.groovy.ast.expr.EmptyExpression>: null

2023-10-24 08:32:53 - [TEST_STEP][PASSED] - try: null

2023-10-24 08:32:53 - [TEST_STEP][PASSED] - valueHost = HostUtils.operacionPantallaHost(mapeo, log): null

2023-10-24 08:32:57 - [TEST_STEP][PASSED] - return valueHost.trim(): null

2023-10-24 08:32:57 - [TEST_STEP][PASSED] - (filaInicio++): null

2023-10-24 08:32:57 - [TEST_STEP][PASSED] - findTestData("Data Files/ConnectionHost"): null

2023-10-24 08:32:57 - [TEST_STEP][PASSED] - rowDatosExcel = findTestData("Data Files/GTI - Crear Expedicion Externa"): null

2023-10-24 08:32:57 - [TEST_STEP][PASSED] - Script1676556991125.prv_getPantalla(filaInicio, filaHostRun, rowDatosExcel, log): null

2023-10-24 08:32:57 - [TEST_STEP][PASSED] - fieldPantalla = <not implemented yet for class: org.codehaus.groovy.ast.expr.EmptyExpression>: null

2023-10-24 08:32:57 - [TEST_STEP][PASSED] - mapeo = <not implemented yet for class: org.codehaus.groovy.ast.expr.EmptyExpression>: null

2023-10-24 08:32:57 - [TEST_STEP][PASSED] - mapeo = new java.util.HashMap(): null

2023-10-24 08:32:57 - [TEST_STEP][PASSED] - mapeo = HostUtils.getDataExcel(datosExcel, numeroFila): null

2023-10-24 08:32:57 - [TEST_STEP][PASSED] - fieldPantalla = mapeo.get("Pantalla"): null

2023-10-24 08:32:57 - [TEST_STEP][PASSED] - switch (fieldPantalla): null

2023-10-24 08:32:57 - [TEST_STEP][PASSED] - case "ConsultarExpedicion":: null

2023-10-24 08:32:57 - [TEST_STEP][PASSED] - log.loggerInfo("SE VA A REALIZAR LA PANTALLA DE CONSULTAR EXPEDICION"): null

2023-10-24 08:32:57 - [TEST_STEP][PASSED] - Script1676556991125.prv_getCampos(mapeo, filaHostRun, log): null

2023-10-24 08:32:57 - [TEST_STEP][PASSED] - fieldCampos = <not implemented yet for class: org.codehaus.groovy.ast.expr.EmptyExpression>: null

2023-10-24 08:32:57 - [TEST_STEP][PASSED] - estadoPedido = <not implemented yet for class: org.codehaus.groovy.ast.expr.EmptyExpression>: null

2023-10-24 08:32:57 - [TEST_STEP][PASSED] - expedicion = <not implemented yet for class: org.codehaus.groovy.ast.expr.EmptyExpression>: null

2023-10-24 08:32:57 - [TEST_STEP][PASSED] - albaran = <not implemented yet for class: org.codehaus.groovy.ast.expr.EmptyExpression>: null

2023-10-24 08:32:57 - [TEST_STEP][PASSED] - estadoExpedicion = <not implemented yet for class: org.codehaus.groovy.ast.expr.EmptyExpression>: null

2023-10-24 08:32:57 - [TEST_STEP][PASSED] - fieldCampos = mapeo.get("Campos"): null

2023-10-24 08:32:57 - [TEST_STEP][PASSED] - switch (fieldCampos): null

2023-10-24 08:32:57 - [TEST_STEP][PASSED] - Default: null

2023-10-24 08:32:57 - [TEST_STEP][PASSED] - Script1676556991125.prv_basicOperation(mapeo, log): null

2023-10-24 08:32:57 - [TEST_STEP][PASSED] - valueHost = <not implemented yet for class: org.codehaus.groovy.ast.expr.EmptyExpression>: null

2023-10-24 08:32:57 - [TEST_STEP][PASSED] - try: null

2023-10-24 08:32:57 - [TEST_STEP][PASSED] - valueHost = HostUtils.operacionPantallaHost(mapeo, log): null

2023-10-24 08:33:01 - [TEST_STEP][PASSED] - return valueHost.trim(): null

2023-10-24 08:33:01 - [TEST_STEP][PASSED] - break: null

2023-10-24 08:33:01 - [TEST_STEP][PASSED] - (filaInicio++): null

2023-10-24 08:33:01 - [TEST_STEP][PASSED] - findTestData("Data Files/ConnectionHost"): null

2023-10-24 08:33:01 - [TEST_STEP][PASSED] - rowDatosExcel = findTestData("Data Files/GTI - Crear Expedicion Externa"): null

2023-10-24 08:33:01 - [TEST_STEP][PASSED] - Script1676556991125.prv_getPantalla(filaInicio, filaHostRun, rowDatosExcel, log): null

2023-10-24 08:33:01 - [TEST_STEP][PASSED] - fieldPantalla = <not implemented yet for class: org.codehaus.groovy.ast.expr.EmptyExpression>: null

2023-10-24 08:33:01 - [TEST_STEP][PASSED] - mapeo = <not implemented yet for class: org.codehaus.groovy.ast.expr.EmptyExpression>: null

2023-10-24 08:33:01 - [TEST_STEP][PASSED] - mapeo = new java.util.HashMap(): null

2023-10-24 08:33:01 - [TEST_STEP][PASSED] - mapeo = HostUtils.getDataExcel(datosExcel, numeroFila): null

2023-10-24 08:33:01 - [TEST_STEP][PASSED] - fieldPantalla = mapeo.get("Pantalla"): null

2023-10-24 08:33:01 - [TEST_STEP][PASSED] - switch (fieldPantalla): null

2023-10-24 08:33:01 - [TEST_STEP][PASSED] - case "ConsultarExpedicion":: null

2023-10-24 08:33:01 - [TEST_STEP][PASSED] - log.loggerInfo("SE VA A REALIZAR LA PANTALLA DE CONSULTAR EXPEDICION"): null

2023-10-24 08:33:01 - [TEST_STEP][PASSED] - Script1676556991125.prv_getCampos(mapeo, filaHostRun, log): null

2023-10-24 08:33:01 - [TEST_STEP][PASSED] - fieldCampos = <not implemented yet for class: org.codehaus.groovy.ast.expr.EmptyExpression>: null

2023-10-24 08:33:01 - [TEST_STEP][PASSED] - estadoPedido = <not implemented yet for class: org.codehaus.groovy.ast.expr.EmptyExpression>: null

2023-10-24 08:33:01 - [TEST_STEP][PASSED] - expedicion = <not implemented yet for class: org.codehaus.groovy.ast.expr.EmptyExpression>: null

2023-10-24 08:33:01 - [TEST_STEP][PASSED] - albaran = <not implemented yet for class: org.codehaus.groovy.ast.expr.EmptyExpression>: null

2023-10-24 08:33:01 - [TEST_STEP][PASSED] - estadoExpedicion = <not implemented yet for class: org.codehaus.groovy.ast.expr.EmptyExpression>: null

2023-10-24 08:33:01 - [TEST_STEP][PASSED] - fieldCampos = mapeo.get("Campos"): null

2023-10-24 08:33:01 - [TEST_STEP][PASSED] - switch (fieldCampos): null

2023-10-24 08:33:01 - [TEST_STEP][PASSED] - Default: null

2023-10-24 08:33:01 - [TEST_STEP][PASSED] - Script1676556991125.prv_basicOperation(mapeo, log): null

2023-10-24 08:33:01 - [TEST_STEP][PASSED] - valueHost = <not implemented yet for class: org.codehaus.groovy.ast.expr.EmptyExpression>: null

2023-10-24 08:33:01 - [TEST_STEP][PASSED] - try: null

2023-10-24 08:33:01 - [TEST_STEP][PASSED] - valueHost = HostUtils.operacionPantallaHost(mapeo, log): null

2023-10-24 08:33:04 - [TEST_STEP][PASSED] - return valueHost.trim(): null

2023-10-24 08:33:04 - [TEST_STEP][PASSED] - break: null

2023-10-24 08:33:04 - [TEST_STEP][PASSED] - (filaInicio++): null

2023-10-24 08:33:04 - [TEST_STEP][PASSED] - findTestData("Data Files/ConnectionHost"): null

2023-10-24 08:33:04 - [TEST_STEP][PASSED] - rowDatosExcel = findTestData("Data Files/GTI - Crear Expedicion Externa"): null

2023-10-24 08:33:04 - [TEST_STEP][PASSED] - Script1676556991125.prv_getPantalla(filaInicio, filaHostRun, rowDatosExcel, log): null

2023-10-24 08:33:04 - [TEST_STEP][PASSED] - fieldPantalla = <not implemented yet for class: org.codehaus.groovy.ast.expr.EmptyExpression>: null

2023-10-24 08:33:04 - [TEST_STEP][PASSED] - mapeo = <not implemented yet for class: org.codehaus.groovy.ast.expr.EmptyExpression>: null

2023-10-24 08:33:04 - [TEST_STEP][PASSED] - mapeo = new java.util.HashMap(): null

2023-10-24 08:33:04 - [TEST_STEP][PASSED] - mapeo = HostUtils.getDataExcel(datosExcel, numeroFila): null

2023-10-24 08:33:04 - [TEST_STEP][PASSED] - fieldPantalla = mapeo.get("Pantalla"): null

2023-10-24 08:33:04 - [TEST_STEP][PASSED] - switch (fieldPantalla): null

2023-10-24 08:33:04 - [TEST_STEP][PASSED] - case "ConsultarExpedicion":: null

2023-10-24 08:33:04 - [TEST_STEP][PASSED] - log.loggerInfo("SE VA A REALIZAR LA PANTALLA DE CONSULTAR EXPEDICION"): null

2023-10-24 08:33:04 - [TEST_STEP][PASSED] - Script1676556991125.prv_getCampos(mapeo, filaHostRun, log): null

2023-10-24 08:33:04 - [TEST_STEP][PASSED] - fieldCampos = <not implemented yet for class: org.codehaus.groovy.ast.expr.EmptyExpression>: null

2023-10-24 08:33:04 - [TEST_STEP][PASSED] - estadoPedido = <not implemented yet for class: org.codehaus.groovy.ast.expr.EmptyExpression>: null

2023-10-24 08:33:04 - [TEST_STEP][PASSED] - expedicion = <not implemented yet for class: org.codehaus.groovy.ast.expr.EmptyExpression>: null

2023-10-24 08:33:04 - [TEST_STEP][PASSED] - albaran = <not implemented yet for class: org.codehaus.groovy.ast.expr.EmptyExpression>: null

2023-10-24 08:33:04 - [TEST_STEP][PASSED] - estadoExpedicion = <not implemented yet for class: org.codehaus.groovy.ast.expr.EmptyExpression>: null

2023-10-24 08:33:04 - [TEST_STEP][PASSED] - fieldCampos = mapeo.get("Campos"): null

2023-10-24 08:33:04 - [TEST_STEP][PASSED] - switch (fieldCampos): null

2023-10-24 08:33:04 - [TEST_STEP][PASSED] - Default: null

2023-10-24 08:33:04 - [TEST_STEP][PASSED] - Script1676556991125.prv_basicOperation(mapeo, log): null

2023-10-24 08:33:04 - [TEST_STEP][PASSED] - valueHost = <not implemented yet for class: org.codehaus.groovy.ast.expr.EmptyExpression>: null

2023-10-24 08:33:04 - [TEST_STEP][PASSED] - try: null

2023-10-24 08:33:04 - [TEST_STEP][PASSED] - valueHost = HostUtils.operacionPantallaHost(mapeo, log): null

2023-10-24 08:33:07 - [TEST_STEP][PASSED] - return valueHost.trim(): null

2023-10-24 08:33:07 - [TEST_STEP][PASSED] - break: null

2023-10-24 08:33:07 - [TEST_STEP][PASSED] - (filaInicio++): null

2023-10-24 08:33:07 - [TEST_STEP][PASSED] - findTestData("Data Files/ConnectionHost"): null

2023-10-24 08:33:07 - [TEST_STEP][PASSED] - rowDatosExcel = findTestData("Data Files/GTI - Crear Expedicion Externa"): null

2023-10-24 08:33:07 - [TEST_STEP][PASSED] - Script1676556991125.prv_getPantalla(filaInicio, filaHostRun, rowDatosExcel, log): null

2023-10-24 08:33:07 - [TEST_STEP][PASSED] - fieldPantalla = <not implemented yet for class: org.codehaus.groovy.ast.expr.EmptyExpression>: null

2023-10-24 08:33:07 - [TEST_STEP][PASSED] - mapeo = <not implemented yet for class: org.codehaus.groovy.ast.expr.EmptyExpression>: null

2023-10-24 08:33:07 - [TEST_STEP][PASSED] - mapeo = new java.util.HashMap(): null

2023-10-24 08:33:07 - [TEST_STEP][PASSED] - mapeo = HostUtils.getDataExcel(datosExcel, numeroFila): null

2023-10-24 08:33:07 - [TEST_STEP][PASSED] - fieldPantalla = mapeo.get("Pantalla"): null

2023-10-24 08:33:07 - [TEST_STEP][PASSED] - switch (fieldPantalla): null

2023-10-24 08:33:07 - [TEST_STEP][PASSED] - case "ConsultarExpedicion":: null

2023-10-24 08:33:07 - [TEST_STEP][PASSED] - log.loggerInfo("SE VA A REALIZAR LA PANTALLA DE CONSULTAR EXPEDICION"): null

2023-10-24 08:33:07 - [TEST_STEP][PASSED] - Script1676556991125.prv_getCampos(mapeo, filaHostRun, log): null

2023-10-24 08:33:07 - [TEST_STEP][PASSED] - fieldCampos = <not implemented yet for class: org.codehaus.groovy.ast.expr.EmptyExpression>: null

2023-10-24 08:33:07 - [TEST_STEP][PASSED] - estadoPedido = <not implemented yet for class: org.codehaus.groovy.ast.expr.EmptyExpression>: null

2023-10-24 08:33:07 - [TEST_STEP][PASSED] - expedicion = <not implemented yet for class: org.codehaus.groovy.ast.expr.EmptyExpression>: null

2023-10-24 08:33:07 - [TEST_STEP][PASSED] - albaran = <not implemented yet for class: org.codehaus.groovy.ast.expr.EmptyExpression>: null

2023-10-24 08:33:07 - [TEST_STEP][PASSED] - estadoExpedicion = <not implemented yet for class: org.codehaus.groovy.ast.expr.EmptyExpression>: null

2023-10-24 08:33:07 - [TEST_STEP][PASSED] - fieldCampos = mapeo.get("Campos"): null

2023-10-24 08:33:07 - [TEST_STEP][PASSED] - switch (fieldCampos): null

2023-10-24 08:33:07 - [TEST_STEP][PASSED] - Default: null

2023-10-24 08:33:07 - [TEST_STEP][PASSED] - Script1676556991125.prv_basicOperation(mapeo, log): null

2023-10-24 08:33:07 - [TEST_STEP][PASSED] - valueHost = <not implemented yet for class: org.codehaus.groovy.ast.expr.EmptyExpression>: null

2023-10-24 08:33:07 - [TEST_STEP][PASSED] - try: null

2023-10-24 08:33:07 - [TEST_STEP][PASSED] - valueHost = HostUtils.operacionPantallaHost(mapeo, log): null

2023-10-24 08:33:11 - [TEST_STEP][PASSED] - return valueHost.trim(): null

2023-10-24 08:33:11 - [TEST_STEP][PASSED] - break: null

2023-10-24 08:33:11 - [TEST_STEP][PASSED] - (filaInicio++): null

2023-10-24 08:33:11 - [TEST_STEP][PASSED] - findTestData("Data Files/ConnectionHost"): null

2023-10-24 08:33:12 - [TEST_STEP][PASSED] - rowDatosExcel = findTestData("Data Files/GTI - Crear Expedicion Externa"): null

2023-10-24 08:33:12 - [TEST_STEP][PASSED] - Script1676556991125.prv_getPantalla(filaInicio, filaHostRun, rowDatosExcel, log): null

2023-10-24 08:33:12 - [TEST_STEP][PASSED] - fieldPantalla = <not implemented yet for class: org.codehaus.groovy.ast.expr.EmptyExpression>: null

2023-10-24 08:33:12 - [TEST_STEP][PASSED] - mapeo = <not implemented yet for class: org.codehaus.groovy.ast.expr.EmptyExpression>: null

2023-10-24 08:33:12 - [TEST_STEP][PASSED] - mapeo = new java.util.HashMap(): null

2023-10-24 08:33:12 - [TEST_STEP][PASSED] - mapeo = HostUtils.getDataExcel(datosExcel, numeroFila): null

2023-10-24 08:33:12 - [TEST_STEP][PASSED] - fieldPantalla = mapeo.get("Pantalla"): null

2023-10-24 08:33:12 - [TEST_STEP][PASSED] - switch (fieldPantalla): null

2023-10-24 08:33:12 - [TEST_STEP][PASSED] - case "ConsultarExpedicion":: null

2023-10-24 08:33:12 - [TEST_STEP][PASSED] - log.loggerInfo("SE VA A REALIZAR LA PANTALLA DE CONSULTAR EXPEDICION"): null

2023-10-24 08:33:12 - [TEST_STEP][PASSED] - Script1676556991125.prv_getCampos(mapeo, filaHostRun, log): null

2023-10-24 08:33:12 - [TEST_STEP][PASSED] - fieldCampos = <not implemented yet for class: org.codehaus.groovy.ast.expr.EmptyExpression>: null

2023-10-24 08:33:12 - [TEST_STEP][PASSED] - estadoPedido = <not implemented yet for class: org.codehaus.groovy.ast.expr.EmptyExpression>: null

2023-10-24 08:33:12 - [TEST_STEP][PASSED] - expedicion = <not implemented yet for class: org.codehaus.groovy.ast.expr.EmptyExpression>: null

2023-10-24 08:33:12 - [TEST_STEP][PASSED] - albaran = <not implemented yet for class: org.codehaus.groovy.ast.expr.EmptyExpression>: null

2023-10-24 08:33:12 - [TEST_STEP][PASSED] - estadoExpedicion = <not implemented yet for class: org.codehaus.groovy.ast.expr.EmptyExpression>: null

2023-10-24 08:33:12 - [TEST_STEP][PASSED] - fieldCampos = mapeo.get("Campos"): null

2023-10-24 08:33:12 - [TEST_STEP][PASSED] - switch (fieldCampos): null

2023-10-24 08:33:12 - [TEST_STEP][PASSED] - case "ConsultarExpedicion":: null

2023-10-24 08:33:12 - [TEST_STEP][PASSED] - estadoExpedicion = Script1676556991125.prv_basicOperation(mapeo, log): null

2023-10-24 08:33:12 - [TEST_STEP][PASSED] - valueHost = <not implemented yet for class: org.codehaus.groovy.ast.expr.EmptyExpression>: null

2023-10-24 08:33:12 - [TEST_STEP][PASSED] - try: null

2023-10-24 08:33:12 - [TEST_STEP][PASSED] - valueHost = HostUtils.operacionPantallaHost(mapeo, log): null

2023-10-24 08:33:16 - [TEST_STEP][PASSED] - return valueHost.trim(): null

2023-10-24 08:33:16 - [TEST_STEP][PASSED] - log.loggerInfo("El estado de la expedicion es: %s", estadoExpedicion): null

2023-10-24 08:33:16 - [TEST_STEP][PASSED] - writeExcel.writeExcel_Connection(filaHostRun, "Estado", "Connection", estadoExpedicion): Se va ha escribir en la columna Estado y en la fila 7 el valor: 

2023-10-24 08:33:16 - [MESSAGE][INFO] - Se va ha escribir en la columna Estado y en la fila 7 el valor: 

2023-10-24 08:33:16 - [TEST_STEP][PASSED] - writeExcel.writeExcel_CrearExpedicionExterna(182, "ARGUMENTOS", "Operativa", estadoExpedicion.trim()): Se va ha escribir en la columna ARGUMENTOS y en la fila 182 el valor: 

2023-10-24 08:33:16 - [MESSAGE][INFO] - Se va ha escribir en la columna ARGUMENTOS y en la fila 182 el valor: 

2023-10-24 08:33:16 - [TEST_STEP][PASSED] - break: null

2023-10-24 08:33:16 - [TEST_STEP][PASSED] - break: null

2023-10-24 08:33:16 - [TEST_STEP][PASSED] - (filaInicio++): null

2023-10-24 08:33:16 - [TEST_STEP][PASSED] - findTestData("Data Files/ConnectionHost"): null

2023-10-24 08:33:16 - [TEST_STEP][PASSED] - rowDatosExcel = findTestData("Data Files/GTI - Crear Expedicion Externa"): null

2023-10-24 08:33:16 - [TEST_STEP][PASSED] - Script1676556991125.prv_getPantalla(filaInicio, filaHostRun, rowDatosExcel, log): null

2023-10-24 08:33:16 - [TEST_STEP][PASSED] - fieldPantalla = <not implemented yet for class: org.codehaus.groovy.ast.expr.EmptyExpression>: null

2023-10-24 08:33:16 - [TEST_STEP][PASSED] - mapeo = <not implemented yet for class: org.codehaus.groovy.ast.expr.EmptyExpression>: null

2023-10-24 08:33:16 - [TEST_STEP][PASSED] - mapeo = new java.util.HashMap(): null

2023-10-24 08:33:16 - [TEST_STEP][PASSED] - mapeo = HostUtils.getDataExcel(datosExcel, numeroFila): null

2023-10-24 08:33:16 - [TEST_STEP][PASSED] - fieldPantalla = mapeo.get("Pantalla"): null

2023-10-24 08:33:16 - [TEST_STEP][PASSED] - switch (fieldPantalla): null

2023-10-24 08:33:16 - [TEST_STEP][PASSED] - case "Sleep":: null

2023-10-24 08:33:16 - [TEST_STEP][PASSED] - log.loggerInfo("Se va ha realizar una para de %s", TimeOut_Host_S): null

2023-10-24 08:33:16 - [TEST_STEP][PASSED] - SECONDS.sleep(TimeOut_Host_M): null

2023-10-24 08:33:20 - [TEST_STEP][PASSED] - break: null

2023-10-24 08:33:20 - [TEST_STEP][PASSED] - (filaInicio++): null

2023-10-24 08:33:20 - [TEST_STEP][PASSED] - findTestData("Data Files/ConnectionHost"): null

2023-10-24 08:33:20 - [TEST_STEP][PASSED] - rowDatosExcel = findTestData("Data Files/GTI - Crear Expedicion Externa"): null

2023-10-24 08:33:20 - [TEST_STEP][PASSED] - Script1676556991125.prv_getPantalla(filaInicio, filaHostRun, rowDatosExcel, log): null

2023-10-24 08:33:20 - [TEST_STEP][PASSED] - fieldPantalla = <not implemented yet for class: org.codehaus.groovy.ast.expr.EmptyExpression>: null

2023-10-24 08:33:20 - [TEST_STEP][PASSED] - mapeo = <not implemented yet for class: org.codehaus.groovy.ast.expr.EmptyExpression>: null

2023-10-24 08:33:20 - [TEST_STEP][PASSED] - mapeo = new java.util.HashMap(): null

2023-10-24 08:33:20 - [TEST_STEP][PASSED] - mapeo = HostUtils.getDataExcel(datosExcel, numeroFila): null

2023-10-24 08:33:20 - [TEST_STEP][PASSED] - fieldPantalla = mapeo.get("Pantalla"): null

2023-10-24 08:33:20 - [TEST_STEP][PASSED] - switch (fieldPantalla): null

2023-10-24 08:33:20 - [TEST_STEP][PASSED] - Default: null

2023-10-24 08:33:20 - [TEST_STEP][PASSED] - Script1676556991125.prv_basicOperation(mapeo, log): null

2023-10-24 08:33:20 - [TEST_STEP][PASSED] - valueHost = <not implemented yet for class: org.codehaus.groovy.ast.expr.EmptyExpression>: null

2023-10-24 08:33:20 - [TEST_STEP][PASSED] - try: null

2023-10-24 08:33:20 - [TEST_STEP][PASSED] - valueHost = HostUtils.operacionPantallaHost(mapeo, log): null

2023-10-24 08:33:24 - [TEST_STEP][PASSED] - return valueHost.trim(): null

2023-10-24 08:33:24 - [TEST_STEP][PASSED] - (filaInicio++): null

2023-10-24 08:33:24 - [TEST_STEP][PASSED] - findTestData("Data Files/ConnectionHost"): null

2023-10-24 08:33:24 - [TEST_STEP][PASSED] - rowDatosExcel = findTestData("Data Files/GTI - Crear Expedicion Externa"): null

2023-10-24 08:33:24 - [TEST_STEP][PASSED] - Script1676556991125.prv_getPantalla(filaInicio, filaHostRun, rowDatosExcel, log): null

2023-10-24 08:33:24 - [TEST_STEP][PASSED] - fieldPantalla = <not implemented yet for class: org.codehaus.groovy.ast.expr.EmptyExpression>: null

2023-10-24 08:33:24 - [TEST_STEP][PASSED] - mapeo = <not implemented yet for class: org.codehaus.groovy.ast.expr.EmptyExpression>: null

2023-10-24 08:33:24 - [TEST_STEP][PASSED] - mapeo = new java.util.HashMap(): null

2023-10-24 08:33:24 - [TEST_STEP][PASSED] - mapeo = HostUtils.getDataExcel(datosExcel, numeroFila): null

2023-10-24 08:33:24 - [TEST_STEP][PASSED] - fieldPantalla = mapeo.get("Pantalla"): null

2023-10-24 08:33:24 - [TEST_STEP][PASSED] - switch (fieldPantalla): null

2023-10-24 08:33:24 - [TEST_STEP][PASSED] - Default: null

2023-10-24 08:33:24 - [TEST_STEP][PASSED] - Script1676556991125.prv_basicOperation(mapeo, log): null

2023-10-24 08:33:24 - [TEST_STEP][PASSED] - valueHost = <not implemented yet for class: org.codehaus.groovy.ast.expr.EmptyExpression>: null

2023-10-24 08:33:24 - [TEST_STEP][PASSED] - try: null

2023-10-24 08:33:24 - [TEST_STEP][PASSED] - valueHost = HostUtils.operacionPantallaHost(mapeo, log): null

2023-10-24 08:33:28 - [TEST_STEP][PASSED] - return valueHost.trim(): null

2023-10-24 08:33:28 - [TEST_STEP][PASSED] - (filaInicio++): null

2023-10-24 08:33:28 - [TEST_STEP][PASSED] - findTestData("Data Files/ConnectionHost"): null

2023-10-24 08:33:28 - [TEST_STEP][PASSED] - rowDatosExcel = findTestData("Data Files/GTI - Crear Expedicion Externa"): null

2023-10-24 08:33:28 - [TEST_STEP][PASSED] - Script1676556991125.prv_getPantalla(filaInicio, filaHostRun, rowDatosExcel, log): null

2023-10-24 08:33:28 - [TEST_STEP][PASSED] - fieldPantalla = <not implemented yet for class: org.codehaus.groovy.ast.expr.EmptyExpression>: null

2023-10-24 08:33:28 - [TEST_STEP][PASSED] - mapeo = <not implemented yet for class: org.codehaus.groovy.ast.expr.EmptyExpression>: null

2023-10-24 08:33:28 - [TEST_STEP][PASSED] - mapeo = new java.util.HashMap(): null

2023-10-24 08:33:28 - [TEST_STEP][PASSED] - mapeo = HostUtils.getDataExcel(datosExcel, numeroFila): null

2023-10-24 08:33:28 - [TEST_STEP][PASSED] - fieldPantalla = mapeo.get("Pantalla"): null

2023-10-24 08:33:28 - [TEST_STEP][PASSED] - switch (fieldPantalla): null

2023-10-24 08:33:28 - [TEST_STEP][PASSED] - Default: null

2023-10-24 08:33:28 - [TEST_STEP][PASSED] - Script1676556991125.prv_basicOperation(mapeo, log): null

2023-10-24 08:33:28 - [TEST_STEP][PASSED] - valueHost = <not implemented yet for class: org.codehaus.groovy.ast.expr.EmptyExpression>: null

2023-10-24 08:33:28 - [TEST_STEP][PASSED] - try: null

2023-10-24 08:33:28 - [TEST_STEP][PASSED] - valueHost = HostUtils.operacionPantallaHost(mapeo, log): null

2023-10-24 08:33:33 - [TEST_STEP][PASSED] - return valueHost.trim(): null

2023-10-24 08:33:33 - [TEST_STEP][PASSED] - (filaInicio++): null

2023-10-24 08:33:33 - [TEST_STEP][PASSED] - findTestData("Data Files/ConnectionHost"): null

2023-10-24 08:33:33 - [TEST_STEP][PASSED] - rowDatosExcel = findTestData("Data Files/GTI - Crear Expedicion Externa"): null

2023-10-24 08:33:33 - [TEST_STEP][PASSED] - Script1676556991125.prv_getPantalla(filaInicio, filaHostRun, rowDatosExcel, log): null

2023-10-24 08:33:33 - [TEST_STEP][PASSED] - fieldPantalla = <not implemented yet for class: org.codehaus.groovy.ast.expr.EmptyExpression>: null

2023-10-24 08:33:33 - [TEST_STEP][PASSED] - mapeo = <not implemented yet for class: org.codehaus.groovy.ast.expr.EmptyExpression>: null

2023-10-24 08:33:33 - [TEST_STEP][PASSED] - mapeo = new java.util.HashMap(): null

2023-10-24 08:33:33 - [TEST_STEP][PASSED] - mapeo = HostUtils.getDataExcel(datosExcel, numeroFila): null

2023-10-24 08:33:33 - [TEST_STEP][PASSED] - fieldPantalla = mapeo.get("Pantalla"): null

2023-10-24 08:33:33 - [TEST_STEP][PASSED] - switch (fieldPantalla): null

2023-10-24 08:33:33 - [TEST_STEP][PASSED] - Default: null

2023-10-24 08:33:33 - [TEST_STEP][PASSED] - Script1676556991125.prv_basicOperation(mapeo, log): null

2023-10-24 08:33:33 - [TEST_STEP][PASSED] - valueHost = <not implemented yet for class: org.codehaus.groovy.ast.expr.EmptyExpression>: null

2023-10-24 08:33:33 - [TEST_STEP][PASSED] - try: null

2023-10-24 08:33:33 - [TEST_STEP][PASSED] - valueHost = HostUtils.operacionPantallaHost(mapeo, log): null

2023-10-24 08:33:36 - [TEST_STEP][PASSED] - return valueHost.trim(): null

2023-10-24 08:33:36 - [TEST_STEP][PASSED] - (filaInicio++): null

2023-10-24 08:33:36 - [TEST_STEP][PASSED] - findTestData("Data Files/ConnectionHost"): null

2023-10-24 08:33:36 - [TEST_STEP][PASSED] - rowDatosExcel = findTestData("Data Files/GTI - Crear Expedicion Externa"): null

2023-10-24 08:33:36 - [TEST_STEP][PASSED] - Script1676556991125.prv_getPantalla(filaInicio, filaHostRun, rowDatosExcel, log): null

2023-10-24 08:33:36 - [TEST_STEP][PASSED] - fieldPantalla = <not implemented yet for class: org.codehaus.groovy.ast.expr.EmptyExpression>: null

2023-10-24 08:33:36 - [TEST_STEP][PASSED] - mapeo = <not implemented yet for class: org.codehaus.groovy.ast.expr.EmptyExpression>: null

2023-10-24 08:33:36 - [TEST_STEP][PASSED] - mapeo = new java.util.HashMap(): null

2023-10-24 08:33:36 - [TEST_STEP][PASSED] - mapeo = HostUtils.getDataExcel(datosExcel, numeroFila): null

2023-10-24 08:33:36 - [TEST_STEP][PASSED] - fieldPantalla = mapeo.get("Pantalla"): null

2023-10-24 08:33:36 - [TEST_STEP][PASSED] - switch (fieldPantalla): null

2023-10-24 08:33:36 - [TEST_STEP][PASSED] - Default: null

2023-10-24 08:33:36 - [TEST_STEP][PASSED] - Script1676556991125.prv_basicOperation(mapeo, log): null

2023-10-24 08:33:36 - [TEST_STEP][PASSED] - valueHost = <not implemented yet for class: org.codehaus.groovy.ast.expr.EmptyExpression>: null

2023-10-24 08:33:36 - [TEST_STEP][PASSED] - try: null

2023-10-24 08:33:36 - [TEST_STEP][PASSED] - valueHost = HostUtils.operacionPantallaHost(mapeo, log): null

2023-10-24 08:33:40 - [TEST_STEP][PASSED] - return valueHost.trim(): null

2023-10-24 08:33:40 - [TEST_STEP][PASSED] - (filaInicio++): null

2023-10-24 08:33:40 - [TEST_STEP][PASSED] - findTestData("Data Files/ConnectionHost"): null

2023-10-24 08:33:40 - [TEST_STEP][PASSED] - rowDatosExcel = findTestData("Data Files/GTI - Crear Expedicion Externa"): null

2023-10-24 08:33:40 - [TEST_STEP][PASSED] - Script1676556991125.prv_getPantalla(filaInicio, filaHostRun, rowDatosExcel, log): null

2023-10-24 08:33:40 - [TEST_STEP][PASSED] - fieldPantalla = <not implemented yet for class: org.codehaus.groovy.ast.expr.EmptyExpression>: null

2023-10-24 08:33:40 - [TEST_STEP][PASSED] - mapeo = <not implemented yet for class: org.codehaus.groovy.ast.expr.EmptyExpression>: null

2023-10-24 08:33:40 - [TEST_STEP][PASSED] - mapeo = new java.util.HashMap(): null

2023-10-24 08:33:40 - [TEST_STEP][PASSED] - mapeo = HostUtils.getDataExcel(datosExcel, numeroFila): null

2023-10-24 08:33:40 - [TEST_STEP][PASSED] - fieldPantalla = mapeo.get("Pantalla"): null

2023-10-24 08:33:40 - [TEST_STEP][PASSED] - switch (fieldPantalla): null

2023-10-24 08:33:40 - [TEST_STEP][PASSED] - Default: null

2023-10-24 08:33:40 - [TEST_STEP][PASSED] - Script1676556991125.prv_basicOperation(mapeo, log): null

2023-10-24 08:33:40 - [TEST_STEP][PASSED] - valueHost = <not implemented yet for class: org.codehaus.groovy.ast.expr.EmptyExpression>: null

2023-10-24 08:33:40 - [TEST_STEP][PASSED] - try: null

2023-10-24 08:33:40 - [TEST_STEP][PASSED] - valueHost = HostUtils.operacionPantallaHost(mapeo, log): null

2023-10-24 08:33:43 - [TEST_STEP][PASSED] - return valueHost.trim(): null

2023-10-24 08:33:43 - [TEST_STEP][PASSED] - (filaInicio++): null

2023-10-24 08:33:43 - [TEST_STEP][PASSED] - findTestData("Data Files/ConnectionHost"): null

2023-10-24 08:33:43 - [TEST_STEP][PASSED] - rowDatosExcel = findTestData("Data Files/GTI - Crear Expedicion Externa"): null

2023-10-24 08:33:43 - [TEST_STEP][PASSED] - Script1676556991125.prv_getPantalla(filaInicio, filaHostRun, rowDatosExcel, log): null

2023-10-24 08:33:43 - [TEST_STEP][PASSED] - fieldPantalla = <not implemented yet for class: org.codehaus.groovy.ast.expr.EmptyExpression>: null

2023-10-24 08:33:43 - [TEST_STEP][PASSED] - mapeo = <not implemented yet for class: org.codehaus.groovy.ast.expr.EmptyExpression>: null

2023-10-24 08:33:43 - [TEST_STEP][PASSED] - mapeo = new java.util.HashMap(): null

2023-10-24 08:33:43 - [TEST_STEP][PASSED] - mapeo = HostUtils.getDataExcel(datosExcel, numeroFila): null

2023-10-24 08:33:43 - [TEST_STEP][PASSED] - fieldPantalla = mapeo.get("Pantalla"): null

2023-10-24 08:33:43 - [TEST_STEP][PASSED] - switch (fieldPantalla): null

2023-10-24 08:33:43 - [TEST_STEP][PASSED] - Default: null

2023-10-24 08:33:43 - [TEST_STEP][PASSED] - Script1676556991125.prv_basicOperation(mapeo, log): null

2023-10-24 08:33:43 - [TEST_STEP][PASSED] - valueHost = <not implemented yet for class: org.codehaus.groovy.ast.expr.EmptyExpression>: null

2023-10-24 08:33:43 - [TEST_STEP][PASSED] - try: null

2023-10-24 08:33:43 - [TEST_STEP][PASSED] - valueHost = HostUtils.operacionPantallaHost(mapeo, log): null

2023-10-24 08:33:48 - [TEST_STEP][PASSED] - return valueHost.trim(): null

2023-10-24 08:33:48 - [TEST_STEP][PASSED] - (filaInicio++): null

2023-10-24 08:33:48 - [TEST_STEP][PASSED] - findTestData("Data Files/ConnectionHost"): null

2023-10-24 08:33:48 - [TEST_STEP][PASSED] - rowDatosExcel = findTestData("Data Files/GTI - Crear Expedicion Externa"): null

2023-10-24 08:33:48 - [TEST_STEP][PASSED] - Script1676556991125.prv_getPantalla(filaInicio, filaHostRun, rowDatosExcel, log): null

2023-10-24 08:33:48 - [TEST_STEP][PASSED] - fieldPantalla = <not implemented yet for class: org.codehaus.groovy.ast.expr.EmptyExpression>: null

2023-10-24 08:33:48 - [TEST_STEP][PASSED] - mapeo = <not implemented yet for class: org.codehaus.groovy.ast.expr.EmptyExpression>: null

2023-10-24 08:33:48 - [TEST_STEP][PASSED] - mapeo = new java.util.HashMap(): null

2023-10-24 08:33:48 - [TEST_STEP][PASSED] - mapeo = HostUtils.getDataExcel(datosExcel, numeroFila): null

2023-10-24 08:33:48 - [TEST_STEP][PASSED] - fieldPantalla = mapeo.get("Pantalla"): null

2023-10-24 08:33:48 - [TEST_STEP][PASSED] - switch (fieldPantalla): null

2023-10-24 08:33:48 - [TEST_STEP][PASSED] - Default: null

2023-10-24 08:33:48 - [TEST_STEP][PASSED] - Script1676556991125.prv_basicOperation(mapeo, log): null

2023-10-24 08:33:48 - [TEST_STEP][PASSED] - valueHost = <not implemented yet for class: org.codehaus.groovy.ast.expr.EmptyExpression>: null

2023-10-24 08:33:48 - [TEST_STEP][PASSED] - try: null

2023-10-24 08:33:48 - [TEST_STEP][PASSED] - valueHost = HostUtils.operacionPantallaHost(mapeo, log): null

2023-10-24 08:33:52 - [TEST_STEP][PASSED] - return valueHost.trim(): null

2023-10-24 08:33:52 - [TEST_STEP][PASSED] - (filaInicio++): null

2023-10-24 08:33:52 - [TEST_STEP][PASSED] - findTestData("Data Files/ConnectionHost"): null

2023-10-24 08:33:52 - [TEST_STEP][PASSED] - rowDatosExcel = findTestData("Data Files/GTI - Crear Expedicion Externa"): null

2023-10-24 08:33:52 - [TEST_STEP][PASSED] - Script1676556991125.prv_getPantalla(filaInicio, filaHostRun, rowDatosExcel, log): null

2023-10-24 08:33:52 - [TEST_STEP][PASSED] - fieldPantalla = <not implemented yet for class: org.codehaus.groovy.ast.expr.EmptyExpression>: null

2023-10-24 08:33:52 - [TEST_STEP][PASSED] - mapeo = <not implemented yet for class: org.codehaus.groovy.ast.expr.EmptyExpression>: null

2023-10-24 08:33:52 - [TEST_STEP][PASSED] - mapeo = new java.util.HashMap(): null

2023-10-24 08:33:52 - [TEST_STEP][PASSED] - mapeo = HostUtils.getDataExcel(datosExcel, numeroFila): null

2023-10-24 08:33:52 - [TEST_STEP][PASSED] - fieldPantalla = mapeo.get("Pantalla"): null

2023-10-24 08:33:52 - [TEST_STEP][PASSED] - switch (fieldPantalla): null

2023-10-24 08:33:52 - [TEST_STEP][PASSED] - Default: null

2023-10-24 08:33:52 - [TEST_STEP][PASSED] - Script1676556991125.prv_basicOperation(mapeo, log): null

2023-10-24 08:33:52 - [TEST_STEP][PASSED] - valueHost = <not implemented yet for class: org.codehaus.groovy.ast.expr.EmptyExpression>: null

2023-10-24 08:33:52 - [TEST_STEP][PASSED] - try: null

2023-10-24 08:33:52 - [TEST_STEP][PASSED] - valueHost = HostUtils.operacionPantallaHost(mapeo, log): null

2023-10-24 08:33:55 - [TEST_STEP][PASSED] - return valueHost.trim(): null

2023-10-24 08:33:55 - [TEST_STEP][PASSED] - (filaInicio++): null

2023-10-24 08:33:55 - [TEST_STEP][PASSED] - findTestData("Data Files/ConnectionHost"): null

2023-10-24 08:33:55 - [TEST_STEP][PASSED] - rowDatosExcel = findTestData("Data Files/GTI - Crear Expedicion Externa"): null

2023-10-24 08:33:55 - [TEST_STEP][PASSED] - Script1676556991125.prv_getPantalla(filaInicio, filaHostRun, rowDatosExcel, log): null

2023-10-24 08:33:55 - [TEST_STEP][PASSED] - fieldPantalla = <not implemented yet for class: org.codehaus.groovy.ast.expr.EmptyExpression>: null

2023-10-24 08:33:55 - [TEST_STEP][PASSED] - mapeo = <not implemented yet for class: org.codehaus.groovy.ast.expr.EmptyExpression>: null

2023-10-24 08:33:55 - [TEST_STEP][PASSED] - mapeo = new java.util.HashMap(): null

2023-10-24 08:33:55 - [TEST_STEP][PASSED] - mapeo = HostUtils.getDataExcel(datosExcel, numeroFila): null

2023-10-24 08:33:55 - [TEST_STEP][PASSED] - fieldPantalla = mapeo.get("Pantalla"): null

2023-10-24 08:33:55 - [TEST_STEP][PASSED] - switch (fieldPantalla): null

2023-10-24 08:33:55 - [TEST_STEP][PASSED] - Default: null

2023-10-24 08:33:55 - [TEST_STEP][PASSED] - Script1676556991125.prv_basicOperation(mapeo, log): null

2023-10-24 08:33:55 - [TEST_STEP][PASSED] - valueHost = <not implemented yet for class: org.codehaus.groovy.ast.expr.EmptyExpression>: null

2023-10-24 08:33:55 - [TEST_STEP][PASSED] - try: null

2023-10-24 08:33:55 - [TEST_STEP][PASSED] - valueHost = HostUtils.operacionPantallaHost(mapeo, log): null

2023-10-24 08:33:58 - [TEST_STEP][PASSED] - return valueHost.trim(): null

2023-10-24 08:33:58 - [TEST_STEP][PASSED] - (filaInicio++): null

2023-10-24 08:33:58 - [TEST_STEP][PASSED] - findTestData("Data Files/ConnectionHost"): null

2023-10-24 08:33:58 - [TEST_STEP][PASSED] - rowDatosExcel = findTestData("Data Files/GTI - Crear Expedicion Externa"): null

2023-10-24 08:33:58 - [TEST_STEP][PASSED] - Script1676556991125.prv_getPantalla(filaInicio, filaHostRun, rowDatosExcel, log): null

2023-10-24 08:33:58 - [TEST_STEP][PASSED] - fieldPantalla = <not implemented yet for class: org.codehaus.groovy.ast.expr.EmptyExpression>: null

2023-10-24 08:33:58 - [TEST_STEP][PASSED] - mapeo = <not implemented yet for class: org.codehaus.groovy.ast.expr.EmptyExpression>: null

2023-10-24 08:33:58 - [TEST_STEP][PASSED] - mapeo = new java.util.HashMap(): null

2023-10-24 08:33:58 - [TEST_STEP][PASSED] - mapeo = HostUtils.getDataExcel(datosExcel, numeroFila): null

2023-10-24 08:33:58 - [TEST_STEP][PASSED] - fieldPantalla = mapeo.get("Pantalla"): null

2023-10-24 08:33:58 - [TEST_STEP][PASSED] - switch (fieldPantalla): null

2023-10-24 08:33:58 - [TEST_STEP][PASSED] - Default: null

2023-10-24 08:33:58 - [TEST_STEP][PASSED] - Script1676556991125.prv_basicOperation(mapeo, log): null

2023-10-24 08:33:58 - [TEST_STEP][PASSED] - valueHost = <not implemented yet for class: org.codehaus.groovy.ast.expr.EmptyExpression>: null

2023-10-24 08:33:58 - [TEST_STEP][PASSED] - try: null

2023-10-24 08:33:58 - [TEST_STEP][PASSED] - valueHost = HostUtils.operacionPantallaHost(mapeo, log): null

2023-10-24 08:34:02 - [TEST_STEP][PASSED] - return valueHost.trim(): null

2023-10-24 08:34:02 - [TEST_STEP][PASSED] - (filaInicio++): null

2023-10-24 08:34:02 - [TEST_STEP][PASSED] - findTestData("Data Files/ConnectionHost"): null

2023-10-24 08:34:03 - [TEST_STEP][PASSED] - rowDatosExcel = findTestData("Data Files/GTI - Crear Expedicion Externa"): null

2023-10-24 08:34:03 - [TEST_STEP][PASSED] - Script1676556991125.prv_getPantalla(filaInicio, filaHostRun, rowDatosExcel, log): null

2023-10-24 08:34:03 - [TEST_STEP][PASSED] - fieldPantalla = <not implemented yet for class: org.codehaus.groovy.ast.expr.EmptyExpression>: null

2023-10-24 08:34:03 - [TEST_STEP][PASSED] - mapeo = <not implemented yet for class: org.codehaus.groovy.ast.expr.EmptyExpression>: null

2023-10-24 08:34:03 - [TEST_STEP][PASSED] - mapeo = new java.util.HashMap(): null

2023-10-24 08:34:03 - [TEST_STEP][PASSED] - mapeo = HostUtils.getDataExcel(datosExcel, numeroFila): null

2023-10-24 08:34:03 - [TEST_STEP][PASSED] - fieldPantalla = mapeo.get("Pantalla"): null

2023-10-24 08:34:03 - [TEST_STEP][PASSED] - switch (fieldPantalla): null

2023-10-24 08:34:03 - [TEST_STEP][PASSED] - Default: null

2023-10-24 08:34:03 - [TEST_STEP][PASSED] - Script1676556991125.prv_basicOperation(mapeo, log): null

2023-10-24 08:34:03 - [TEST_STEP][PASSED] - valueHost = <not implemented yet for class: org.codehaus.groovy.ast.expr.EmptyExpression>: null

2023-10-24 08:34:03 - [TEST_STEP][PASSED] - try: null

2023-10-24 08:34:03 - [TEST_STEP][PASSED] - valueHost = HostUtils.operacionPantallaHost(mapeo, log): null

2023-10-24 08:34:07 - [TEST_STEP][PASSED] - return valueHost.trim(): null

2023-10-24 08:34:07 - [TEST_STEP][PASSED] - (filaInicio++): null

2023-10-24 08:34:07 - [TEST_STEP][PASSED] - findTestData("Data Files/ConnectionHost"): null

2023-10-24 08:34:07 - [TEST_STEP][PASSED] - rowDatosExcel = findTestData("Data Files/GTI - Crear Expedicion Externa"): null

2023-10-24 08:34:07 - [TEST_STEP][PASSED] - Script1676556991125.prv_getPantalla(filaInicio, filaHostRun, rowDatosExcel, log): null

2023-10-24 08:34:07 - [TEST_STEP][PASSED] - fieldPantalla = <not implemented yet for class: org.codehaus.groovy.ast.expr.EmptyExpression>: null

2023-10-24 08:34:07 - [TEST_STEP][PASSED] - mapeo = <not implemented yet for class: org.codehaus.groovy.ast.expr.EmptyExpression>: null

2023-10-24 08:34:07 - [TEST_STEP][PASSED] - mapeo = new java.util.HashMap(): null

2023-10-24 08:34:07 - [TEST_STEP][PASSED] - mapeo = HostUtils.getDataExcel(datosExcel, numeroFila): null

2023-10-24 08:34:07 - [TEST_STEP][PASSED] - fieldPantalla = mapeo.get("Pantalla"): null

2023-10-24 08:34:07 - [TEST_STEP][PASSED] - switch (fieldPantalla): null

2023-10-24 08:34:07 - [TEST_STEP][PASSED] - Default: null

2023-10-24 08:34:07 - [TEST_STEP][PASSED] - Script1676556991125.prv_basicOperation(mapeo, log): null

2023-10-24 08:34:07 - [TEST_STEP][PASSED] - valueHost = <not implemented yet for class: org.codehaus.groovy.ast.expr.EmptyExpression>: null

2023-10-24 08:34:07 - [TEST_STEP][PASSED] - try: null

2023-10-24 08:34:07 - [TEST_STEP][PASSED] - valueHost = HostUtils.operacionPantallaHost(mapeo, log): null

2023-10-24 08:34:11 - [TEST_STEP][PASSED] - return valueHost.trim(): null

2023-10-24 08:34:11 - [TEST_STEP][PASSED] - (filaInicio++): null

2023-10-24 08:34:11 - [TEST_STEP][PASSED] - findTestData("Data Files/ConnectionHost"): null

2023-10-24 08:34:11 - [TEST_STEP][PASSED] - rowDatosExcel = findTestData("Data Files/GTI - Crear Expedicion Externa"): null

2023-10-24 08:34:11 - [TEST_STEP][PASSED] - Script1676556991125.prv_getPantalla(filaInicio, filaHostRun, rowDatosExcel, log): null

2023-10-24 08:34:11 - [TEST_STEP][PASSED] - fieldPantalla = <not implemented yet for class: org.codehaus.groovy.ast.expr.EmptyExpression>: null

2023-10-24 08:34:11 - [TEST_STEP][PASSED] - mapeo = <not implemented yet for class: org.codehaus.groovy.ast.expr.EmptyExpression>: null

2023-10-24 08:34:11 - [TEST_STEP][PASSED] - mapeo = new java.util.HashMap(): null

2023-10-24 08:34:11 - [TEST_STEP][PASSED] - mapeo = HostUtils.getDataExcel(datosExcel, numeroFila): null

2023-10-24 08:34:11 - [TEST_STEP][PASSED] - fieldPantalla = mapeo.get("Pantalla"): null

2023-10-24 08:34:11 - [TEST_STEP][PASSED] - switch (fieldPantalla): null

2023-10-24 08:34:11 - [TEST_STEP][PASSED] - Default: null

2023-10-24 08:34:11 - [TEST_STEP][PASSED] - Script1676556991125.prv_basicOperation(mapeo, log): null

2023-10-24 08:34:11 - [TEST_STEP][PASSED] - valueHost = <not implemented yet for class: org.codehaus.groovy.ast.expr.EmptyExpression>: null

2023-10-24 08:34:11 - [TEST_STEP][PASSED] - try: null

2023-10-24 08:34:11 - [TEST_STEP][PASSED] - valueHost = HostUtils.operacionPantallaHost(mapeo, log): null

2023-10-24 08:34:14 - [TEST_STEP][PASSED] - return valueHost.trim(): null

2023-10-24 08:34:14 - [TEST_STEP][PASSED] - (filaInicio++): null

2023-10-24 08:34:14 - [TEST_STEP][PASSED] - findTestData("Data Files/ConnectionHost"): null

2023-10-24 08:34:14 - [TEST_STEP][PASSED] - rowDatosExcel = findTestData("Data Files/GTI - Crear Expedicion Externa"): null

2023-10-24 08:34:14 - [TEST_STEP][PASSED] - Script1676556991125.prv_getPantalla(filaInicio, filaHostRun, rowDatosExcel, log): null

2023-10-24 08:34:14 - [TEST_STEP][PASSED] - fieldPantalla = <not implemented yet for class: org.codehaus.groovy.ast.expr.EmptyExpression>: null

2023-10-24 08:34:14 - [TEST_STEP][PASSED] - mapeo = <not implemented yet for class: org.codehaus.groovy.ast.expr.EmptyExpression>: null

2023-10-24 08:34:14 - [TEST_STEP][PASSED] - mapeo = new java.util.HashMap(): null

2023-10-24 08:34:14 - [TEST_STEP][PASSED] - mapeo = HostUtils.getDataExcel(datosExcel, numeroFila): null

2023-10-24 08:34:14 - [TEST_STEP][PASSED] - fieldPantalla = mapeo.get("Pantalla"): null

2023-10-24 08:34:14 - [TEST_STEP][PASSED] - switch (fieldPantalla): null

2023-10-24 08:34:14 - [TEST_STEP][PASSED] - Default: null

2023-10-24 08:34:14 - [TEST_STEP][PASSED] - Script1676556991125.prv_basicOperation(mapeo, log): null

2023-10-24 08:34:14 - [TEST_STEP][PASSED] - valueHost = <not implemented yet for class: org.codehaus.groovy.ast.expr.EmptyExpression>: null

2023-10-24 08:34:14 - [TEST_STEP][PASSED] - try: null

2023-10-24 08:34:14 - [TEST_STEP][PASSED] - valueHost = HostUtils.operacionPantallaHost(mapeo, log): null

2023-10-24 08:34:17 - [TEST_STEP][PASSED] - return valueHost.trim(): null

2023-10-24 08:34:17 - [TEST_STEP][PASSED] - (filaInicio++): null

2023-10-24 08:34:17 - [TEST_STEP][PASSED] - findTestData("Data Files/ConnectionHost"): null

2023-10-24 08:34:17 - [TEST_STEP][PASSED] - rowDatosExcel = findTestData("Data Files/GTI - Crear Expedicion Externa"): null

2023-10-24 08:34:17 - [TEST_STEP][PASSED] - Script1676556991125.prv_getPantalla(filaInicio, filaHostRun, rowDatosExcel, log): null

2023-10-24 08:34:17 - [TEST_STEP][PASSED] - fieldPantalla = <not implemented yet for class: org.codehaus.groovy.ast.expr.EmptyExpression>: null

2023-10-24 08:34:17 - [TEST_STEP][PASSED] - mapeo = <not implemented yet for class: org.codehaus.groovy.ast.expr.EmptyExpression>: null

2023-10-24 08:34:17 - [TEST_STEP][PASSED] - mapeo = new java.util.HashMap(): null

2023-10-24 08:34:17 - [TEST_STEP][PASSED] - mapeo = HostUtils.getDataExcel(datosExcel, numeroFila): null

2023-10-24 08:34:17 - [TEST_STEP][PASSED] - fieldPantalla = mapeo.get("Pantalla"): null

2023-10-24 08:34:17 - [TEST_STEP][PASSED] - switch (fieldPantalla): null

2023-10-24 08:34:17 - [TEST_STEP][PASSED] - Default: null

2023-10-24 08:34:17 - [TEST_STEP][PASSED] - Script1676556991125.prv_basicOperation(mapeo, log): null

2023-10-24 08:34:17 - [TEST_STEP][PASSED] - valueHost = <not implemented yet for class: org.codehaus.groovy.ast.expr.EmptyExpression>: null

2023-10-24 08:34:17 - [TEST_STEP][PASSED] - try: null

2023-10-24 08:34:17 - [TEST_STEP][PASSED] - valueHost = HostUtils.operacionPantallaHost(mapeo, log): null

2023-10-24 08:34:22 - [TEST_STEP][PASSED] - return valueHost.trim(): null

2023-10-24 08:34:22 - [TEST_STEP][PASSED] - (filaInicio++): null

2023-10-24 08:34:22 - [TEST_STEP][PASSED] - findTestData("Data Files/ConnectionHost"): null

2023-10-24 08:34:22 - [TEST_STEP][PASSED] - rowDatosExcel = findTestData("Data Files/GTI - Crear Expedicion Externa"): null

2023-10-24 08:34:22 - [TEST_STEP][PASSED] - Script1676556991125.prv_getPantalla(filaInicio, filaHostRun, rowDatosExcel, log): null

2023-10-24 08:34:22 - [TEST_STEP][PASSED] - fieldPantalla = <not implemented yet for class: org.codehaus.groovy.ast.expr.EmptyExpression>: null

2023-10-24 08:34:22 - [TEST_STEP][PASSED] - mapeo = <not implemented yet for class: org.codehaus.groovy.ast.expr.EmptyExpression>: null

2023-10-24 08:34:22 - [TEST_STEP][PASSED] - mapeo = new java.util.HashMap(): null

2023-10-24 08:34:22 - [TEST_STEP][PASSED] - mapeo = HostUtils.getDataExcel(datosExcel, numeroFila): null

2023-10-24 08:34:22 - [TEST_STEP][PASSED] - fieldPantalla = mapeo.get("Pantalla"): null

2023-10-24 08:34:22 - [TEST_STEP][PASSED] - switch (fieldPantalla): null

2023-10-24 08:34:22 - [TEST_STEP][PASSED] - Default: null

2023-10-24 08:34:22 - [TEST_STEP][PASSED] - Script1676556991125.prv_basicOperation(mapeo, log): null

2023-10-24 08:34:22 - [TEST_STEP][PASSED] - valueHost = <not implemented yet for class: org.codehaus.groovy.ast.expr.EmptyExpression>: null

2023-10-24 08:34:22 - [TEST_STEP][PASSED] - try: null

2023-10-24 08:34:22 - [TEST_STEP][PASSED] - valueHost = HostUtils.operacionPantallaHost(mapeo, log): null

2023-10-24 08:34:25 - [TEST_STEP][PASSED] - return valueHost.trim(): null

2023-10-24 08:34:25 - [TEST_STEP][PASSED] - (filaInicio++): null

2023-10-24 08:34:25 - [TEST_STEP][PASSED] - findTestData("Data Files/ConnectionHost"): null

2023-10-24 08:34:25 - [TEST_STEP][PASSED] - rowDatosExcel = findTestData("Data Files/GTI - Crear Expedicion Externa"): null

2023-10-24 08:34:25 - [TEST_STEP][PASSED] - Script1676556991125.prv_getPantalla(filaInicio, filaHostRun, rowDatosExcel, log): null

2023-10-24 08:34:25 - [TEST_STEP][PASSED] - fieldPantalla = <not implemented yet for class: org.codehaus.groovy.ast.expr.EmptyExpression>: null

2023-10-24 08:34:25 - [TEST_STEP][PASSED] - mapeo = <not implemented yet for class: org.codehaus.groovy.ast.expr.EmptyExpression>: null

2023-10-24 08:34:25 - [TEST_STEP][PASSED] - mapeo = new java.util.HashMap(): null

2023-10-24 08:34:25 - [TEST_STEP][PASSED] - mapeo = HostUtils.getDataExcel(datosExcel, numeroFila): null

2023-10-24 08:34:25 - [TEST_STEP][PASSED] - fieldPantalla = mapeo.get("Pantalla"): null

2023-10-24 08:34:25 - [TEST_STEP][PASSED] - switch (fieldPantalla): null

2023-10-24 08:34:25 - [TEST_STEP][PASSED] - Default: null

2023-10-24 08:34:25 - [TEST_STEP][PASSED] - Script1676556991125.prv_basicOperation(mapeo, log): null

2023-10-24 08:34:25 - [TEST_STEP][PASSED] - valueHost = <not implemented yet for class: org.codehaus.groovy.ast.expr.EmptyExpression>: null

2023-10-24 08:34:25 - [TEST_STEP][PASSED] - try: null

2023-10-24 08:34:25 - [TEST_STEP][PASSED] - valueHost = HostUtils.operacionPantallaHost(mapeo, log): null

2023-10-24 08:34:29 - [TEST_STEP][PASSED] - return valueHost.trim(): null

2023-10-24 08:34:29 - [TEST_STEP][PASSED] - (filaInicio++): null

2023-10-24 08:34:29 - [TEST_STEP][PASSED] - findTestData("Data Files/ConnectionHost"): null

2023-10-24 08:34:29 - [TEST_STEP][PASSED] - rowDatosExcel = findTestData("Data Files/GTI - Crear Expedicion Externa"): null

2023-10-24 08:34:29 - [TEST_STEP][PASSED] - Script1676556991125.prv_getPantalla(filaInicio, filaHostRun, rowDatosExcel, log): null

2023-10-24 08:34:29 - [TEST_STEP][PASSED] - fieldPantalla = <not implemented yet for class: org.codehaus.groovy.ast.expr.EmptyExpression>: null

2023-10-24 08:34:29 - [TEST_STEP][PASSED] - mapeo = <not implemented yet for class: org.codehaus.groovy.ast.expr.EmptyExpression>: null

2023-10-24 08:34:29 - [TEST_STEP][PASSED] - mapeo = new java.util.HashMap(): null

2023-10-24 08:34:29 - [TEST_STEP][PASSED] - mapeo = HostUtils.getDataExcel(datosExcel, numeroFila): null

2023-10-24 08:34:29 - [TEST_STEP][PASSED] - fieldPantalla = mapeo.get("Pantalla"): null

2023-10-24 08:34:29 - [TEST_STEP][PASSED] - switch (fieldPantalla): null

2023-10-24 08:34:29 - [TEST_STEP][PASSED] - case "Consultar":: null

2023-10-24 08:34:29 - [TEST_STEP][PASSED] - log.loggerInfo("SE VA A REALIZAR LA PANTALLA DE CONSULTAR"): null

2023-10-24 08:34:29 - [TEST_STEP][PASSED] - Script1676556991125.prv_getCampos(mapeo, filaHostRun, log): null

2023-10-24 08:34:29 - [TEST_STEP][PASSED] - fieldCampos = <not implemented yet for class: org.codehaus.groovy.ast.expr.EmptyExpression>: null

2023-10-24 08:34:29 - [TEST_STEP][PASSED] - estadoPedido = <not implemented yet for class: org.codehaus.groovy.ast.expr.EmptyExpression>: null

2023-10-24 08:34:29 - [TEST_STEP][PASSED] - expedicion = <not implemented yet for class: org.codehaus.groovy.ast.expr.EmptyExpression>: null

2023-10-24 08:34:29 - [TEST_STEP][PASSED] - albaran = <not implemented yet for class: org.codehaus.groovy.ast.expr.EmptyExpression>: null

2023-10-24 08:34:29 - [TEST_STEP][PASSED] - estadoExpedicion = <not implemented yet for class: org.codehaus.groovy.ast.expr.EmptyExpression>: null

2023-10-24 08:34:29 - [TEST_STEP][PASSED] - fieldCampos = mapeo.get("Campos"): null

2023-10-24 08:34:29 - [TEST_STEP][PASSED] - switch (fieldCampos): null

2023-10-24 08:34:29 - [TEST_STEP][PASSED] - Default: null

2023-10-24 08:34:29 - [TEST_STEP][PASSED] - Script1676556991125.prv_basicOperation(mapeo, log): null

2023-10-24 08:34:29 - [TEST_STEP][PASSED] - valueHost = <not implemented yet for class: org.codehaus.groovy.ast.expr.EmptyExpression>: null

2023-10-24 08:34:29 - [TEST_STEP][PASSED] - try: null

2023-10-24 08:34:29 - [TEST_STEP][PASSED] - valueHost = HostUtils.operacionPantallaHost(mapeo, log): null

2023-10-24 08:34:32 - [TEST_STEP][PASSED] - return valueHost.trim(): null

2023-10-24 08:34:32 - [TEST_STEP][PASSED] - break: null

2023-10-24 08:34:32 - [TEST_STEP][PASSED] - (filaInicio++): null

2023-10-24 08:34:32 - [TEST_STEP][PASSED] - findTestData("Data Files/ConnectionHost"): null

2023-10-24 08:34:32 - [TEST_STEP][PASSED] - rowDatosExcel = findTestData("Data Files/GTI - Crear Expedicion Externa"): null

2023-10-24 08:34:32 - [TEST_STEP][PASSED] - Script1676556991125.prv_getPantalla(filaInicio, filaHostRun, rowDatosExcel, log): null

2023-10-24 08:34:32 - [TEST_STEP][PASSED] - fieldPantalla = <not implemented yet for class: org.codehaus.groovy.ast.expr.EmptyExpression>: null

2023-10-24 08:34:32 - [TEST_STEP][PASSED] - mapeo = <not implemented yet for class: org.codehaus.groovy.ast.expr.EmptyExpression>: null

2023-10-24 08:34:32 - [TEST_STEP][PASSED] - mapeo = new java.util.HashMap(): null

2023-10-24 08:34:32 - [TEST_STEP][PASSED] - mapeo = HostUtils.getDataExcel(datosExcel, numeroFila): null

2023-10-24 08:34:32 - [TEST_STEP][PASSED] - fieldPantalla = mapeo.get("Pantalla"): null

2023-10-24 08:34:32 - [TEST_STEP][PASSED] - switch (fieldPantalla): null

2023-10-24 08:34:32 - [TEST_STEP][PASSED] - case "Consultar":: null

2023-10-24 08:34:32 - [TEST_STEP][PASSED] - log.loggerInfo("SE VA A REALIZAR LA PANTALLA DE CONSULTAR"): null

2023-10-24 08:34:32 - [TEST_STEP][PASSED] - Script1676556991125.prv_getCampos(mapeo, filaHostRun, log): null

2023-10-24 08:34:32 - [TEST_STEP][PASSED] - fieldCampos = <not implemented yet for class: org.codehaus.groovy.ast.expr.EmptyExpression>: null

2023-10-24 08:34:32 - [TEST_STEP][PASSED] - estadoPedido = <not implemented yet for class: org.codehaus.groovy.ast.expr.EmptyExpression>: null

2023-10-24 08:34:32 - [TEST_STEP][PASSED] - expedicion = <not implemented yet for class: org.codehaus.groovy.ast.expr.EmptyExpression>: null

2023-10-24 08:34:32 - [TEST_STEP][PASSED] - albaran = <not implemented yet for class: org.codehaus.groovy.ast.expr.EmptyExpression>: null

2023-10-24 08:34:32 - [TEST_STEP][PASSED] - estadoExpedicion = <not implemented yet for class: org.codehaus.groovy.ast.expr.EmptyExpression>: null

2023-10-24 08:34:32 - [TEST_STEP][PASSED] - fieldCampos = mapeo.get("Campos"): null

2023-10-24 08:34:32 - [TEST_STEP][PASSED] - switch (fieldCampos): null

2023-10-24 08:34:32 - [TEST_STEP][PASSED] - Default: null

2023-10-24 08:34:32 - [TEST_STEP][PASSED] - Script1676556991125.prv_basicOperation(mapeo, log): null

2023-10-24 08:34:32 - [TEST_STEP][PASSED] - valueHost = <not implemented yet for class: org.codehaus.groovy.ast.expr.EmptyExpression>: null

2023-10-24 08:34:32 - [TEST_STEP][PASSED] - try: null

2023-10-24 08:34:32 - [TEST_STEP][PASSED] - valueHost = HostUtils.operacionPantallaHost(mapeo, log): null

2023-10-24 08:34:35 - [TEST_STEP][PASSED] - return valueHost.trim(): null

2023-10-24 08:34:35 - [TEST_STEP][PASSED] - break: null

2023-10-24 08:34:35 - [TEST_STEP][PASSED] - (filaInicio++): null

2023-10-24 08:34:35 - [TEST_STEP][PASSED] - findTestData("Data Files/ConnectionHost"): null

2023-10-24 08:34:35 - [TEST_STEP][PASSED] - rowDatosExcel = findTestData("Data Files/GTI - Crear Expedicion Externa"): null

2023-10-24 08:34:35 - [TEST_STEP][PASSED] - Script1676556991125.prv_getPantalla(filaInicio, filaHostRun, rowDatosExcel, log): null

2023-10-24 08:34:35 - [TEST_STEP][PASSED] - fieldPantalla = <not implemented yet for class: org.codehaus.groovy.ast.expr.EmptyExpression>: null

2023-10-24 08:34:35 - [TEST_STEP][PASSED] - mapeo = <not implemented yet for class: org.codehaus.groovy.ast.expr.EmptyExpression>: null

2023-10-24 08:34:35 - [TEST_STEP][PASSED] - mapeo = new java.util.HashMap(): null

2023-10-24 08:34:35 - [TEST_STEP][PASSED] - mapeo = HostUtils.getDataExcel(datosExcel, numeroFila): null

2023-10-24 08:34:35 - [TEST_STEP][PASSED] - fieldPantalla = mapeo.get("Pantalla"): null

2023-10-24 08:34:35 - [TEST_STEP][PASSED] - switch (fieldPantalla): null

2023-10-24 08:34:35 - [TEST_STEP][PASSED] - case "Consultar":: null

2023-10-24 08:34:35 - [TEST_STEP][PASSED] - log.loggerInfo("SE VA A REALIZAR LA PANTALLA DE CONSULTAR"): null

2023-10-24 08:34:35 - [TEST_STEP][PASSED] - Script1676556991125.prv_getCampos(mapeo, filaHostRun, log): null

2023-10-24 08:34:35 - [TEST_STEP][PASSED] - fieldCampos = <not implemented yet for class: org.codehaus.groovy.ast.expr.EmptyExpression>: null

2023-10-24 08:34:35 - [TEST_STEP][PASSED] - estadoPedido = <not implemented yet for class: org.codehaus.groovy.ast.expr.EmptyExpression>: null

2023-10-24 08:34:35 - [TEST_STEP][PASSED] - expedicion = <not implemented yet for class: org.codehaus.groovy.ast.expr.EmptyExpression>: null

2023-10-24 08:34:35 - [TEST_STEP][PASSED] - albaran = <not implemented yet for class: org.codehaus.groovy.ast.expr.EmptyExpression>: null

2023-10-24 08:34:35 - [TEST_STEP][PASSED] - estadoExpedicion = <not implemented yet for class: org.codehaus.groovy.ast.expr.EmptyExpression>: null

2023-10-24 08:34:35 - [TEST_STEP][PASSED] - fieldCampos = mapeo.get("Campos"): null

2023-10-24 08:34:35 - [TEST_STEP][PASSED] - switch (fieldCampos): null

2023-10-24 08:34:35 - [TEST_STEP][PASSED] - Default: null

2023-10-24 08:34:35 - [TEST_STEP][PASSED] - Script1676556991125.prv_basicOperation(mapeo, log): null

2023-10-24 08:34:35 - [TEST_STEP][PASSED] - valueHost = <not implemented yet for class: org.codehaus.groovy.ast.expr.EmptyExpression>: null

2023-10-24 08:34:35 - [TEST_STEP][PASSED] - try: null

2023-10-24 08:34:35 - [TEST_STEP][PASSED] - valueHost = HostUtils.operacionPantallaHost(mapeo, log): null

2023-10-24 08:34:39 - [TEST_STEP][PASSED] - return valueHost.trim(): null

2023-10-24 08:34:39 - [TEST_STEP][PASSED] - break: null

2023-10-24 08:34:39 - [TEST_STEP][PASSED] - (filaInicio++): null

2023-10-24 08:34:39 - [TEST_STEP][PASSED] - findTestData("Data Files/ConnectionHost"): null

2023-10-24 08:34:39 - [TEST_STEP][PASSED] - rowDatosExcel = findTestData("Data Files/GTI - Crear Expedicion Externa"): null

2023-10-24 08:34:39 - [TEST_STEP][PASSED] - Script1676556991125.prv_getPantalla(filaInicio, filaHostRun, rowDatosExcel, log): null

2023-10-24 08:34:39 - [TEST_STEP][PASSED] - fieldPantalla = <not implemented yet for class: org.codehaus.groovy.ast.expr.EmptyExpression>: null

2023-10-24 08:34:39 - [TEST_STEP][PASSED] - mapeo = <not implemented yet for class: org.codehaus.groovy.ast.expr.EmptyExpression>: null

2023-10-24 08:34:39 - [TEST_STEP][PASSED] - mapeo = new java.util.HashMap(): null

2023-10-24 08:34:39 - [TEST_STEP][PASSED] - mapeo = HostUtils.getDataExcel(datosExcel, numeroFila): null

2023-10-24 08:34:39 - [TEST_STEP][PASSED] - fieldPantalla = mapeo.get("Pantalla"): null

2023-10-24 08:34:39 - [TEST_STEP][PASSED] - switch (fieldPantalla): null

2023-10-24 08:34:39 - [TEST_STEP][PASSED] - case "Consultar":: null

2023-10-24 08:34:39 - [TEST_STEP][PASSED] - log.loggerInfo("SE VA A REALIZAR LA PANTALLA DE CONSULTAR"): null

2023-10-24 08:34:39 - [TEST_STEP][PASSED] - Script1676556991125.prv_getCampos(mapeo, filaHostRun, log): null

2023-10-24 08:34:39 - [TEST_STEP][PASSED] - fieldCampos = <not implemented yet for class: org.codehaus.groovy.ast.expr.EmptyExpression>: null

2023-10-24 08:34:39 - [TEST_STEP][PASSED] - estadoPedido = <not implemented yet for class: org.codehaus.groovy.ast.expr.EmptyExpression>: null

2023-10-24 08:34:39 - [TEST_STEP][PASSED] - expedicion = <not implemented yet for class: org.codehaus.groovy.ast.expr.EmptyExpression>: null

2023-10-24 08:34:39 - [TEST_STEP][PASSED] - albaran = <not implemented yet for class: org.codehaus.groovy.ast.expr.EmptyExpression>: null

2023-10-24 08:34:39 - [TEST_STEP][PASSED] - estadoExpedicion = <not implemented yet for class: org.codehaus.groovy.ast.expr.EmptyExpression>: null

2023-10-24 08:34:39 - [TEST_STEP][PASSED] - fieldCampos = mapeo.get("Campos"): null

2023-10-24 08:34:39 - [TEST_STEP][PASSED] - switch (fieldCampos): null

2023-10-24 08:34:39 - [TEST_STEP][PASSED] - Default: null

2023-10-24 08:34:39 - [TEST_STEP][PASSED] - Script1676556991125.prv_basicOperation(mapeo, log): null

2023-10-24 08:34:39 - [TEST_STEP][PASSED] - valueHost = <not implemented yet for class: org.codehaus.groovy.ast.expr.EmptyExpression>: null

2023-10-24 08:34:39 - [TEST_STEP][PASSED] - try: null

2023-10-24 08:34:39 - [TEST_STEP][PASSED] - valueHost = HostUtils.operacionPantallaHost(mapeo, log): null

2023-10-24 08:34:43 - [TEST_STEP][PASSED] - return valueHost.trim(): null

2023-10-24 08:34:43 - [TEST_STEP][PASSED] - break: null

2023-10-24 08:34:43 - [TEST_STEP][PASSED] - (filaInicio++): null

2023-10-24 08:34:43 - [TEST_STEP][PASSED] - findTestData("Data Files/ConnectionHost"): null

2023-10-24 08:34:43 - [TEST_STEP][PASSED] - rowDatosExcel = findTestData("Data Files/GTI - Crear Expedicion Externa"): null

2023-10-24 08:34:43 - [TEST_STEP][PASSED] - Script1676556991125.prv_getPantalla(filaInicio, filaHostRun, rowDatosExcel, log): null

2023-10-24 08:34:43 - [TEST_STEP][PASSED] - fieldPantalla = <not implemented yet for class: org.codehaus.groovy.ast.expr.EmptyExpression>: null

2023-10-24 08:34:43 - [TEST_STEP][PASSED] - mapeo = <not implemented yet for class: org.codehaus.groovy.ast.expr.EmptyExpression>: null

2023-10-24 08:34:43 - [TEST_STEP][PASSED] - mapeo = new java.util.HashMap(): null

2023-10-24 08:34:43 - [TEST_STEP][PASSED] - mapeo = HostUtils.getDataExcel(datosExcel, numeroFila): null

2023-10-24 08:34:43 - [TEST_STEP][PASSED] - fieldPantalla = mapeo.get("Pantalla"): null

2023-10-24 08:34:43 - [TEST_STEP][PASSED] - switch (fieldPantalla): null

2023-10-24 08:34:43 - [TEST_STEP][PASSED] - case "Externo":: null

2023-10-24 08:34:43 - [TEST_STEP][PASSED] - log.loggerInfo("SE VA A REALIZAR LA RECOGIDA DEL MENSAJE EN EL EXTERNO"): null

2023-10-24 08:34:43 - [TEST_STEP][PASSED] - Script1676556991125.prv_getCampos(mapeo, filaHostRun, log): null

2023-10-24 08:34:43 - [TEST_STEP][PASSED] - fieldCampos = <not implemented yet for class: org.codehaus.groovy.ast.expr.EmptyExpression>: null

2023-10-24 08:34:43 - [TEST_STEP][PASSED] - estadoPedido = <not implemented yet for class: org.codehaus.groovy.ast.expr.EmptyExpression>: null

2023-10-24 08:34:43 - [TEST_STEP][PASSED] - expedicion = <not implemented yet for class: org.codehaus.groovy.ast.expr.EmptyExpression>: null

2023-10-24 08:34:43 - [TEST_STEP][PASSED] - albaran = <not implemented yet for class: org.codehaus.groovy.ast.expr.EmptyExpression>: null

2023-10-24 08:34:43 - [TEST_STEP][PASSED] - estadoExpedicion = <not implemented yet for class: org.codehaus.groovy.ast.expr.EmptyExpression>: null

2023-10-24 08:34:43 - [TEST_STEP][PASSED] - fieldCampos = mapeo.get("Campos"): null

2023-10-24 08:34:43 - [TEST_STEP][PASSED] - switch (fieldCampos): null

2023-10-24 08:34:43 - [TEST_STEP][PASSED] - case "msg3":: null

2023-10-24 08:34:43 - [TEST_STEP][PASSED] - estadoExpedicion = Script1676556991125.prv_basicOperation(mapeo, log): null

2023-10-24 08:34:43 - [TEST_STEP][PASSED] - valueHost = <not implemented yet for class: org.codehaus.groovy.ast.expr.EmptyExpression>: null

2023-10-24 08:34:43 - [TEST_STEP][PASSED] - try: null

2023-10-24 08:34:43 - [TEST_STEP][PASSED] - valueHost = HostUtils.operacionPantallaHost(mapeo, log): null

2023-10-24 08:34:47 - [TEST_STEP][PASSED] - return valueHost.trim(): null

2023-10-24 08:34:47 - [TEST_STEP][PASSED] - log.loggerInfo("El estado de la expedicion es: %s", estadoExpedicion): null

2023-10-24 08:34:47 - [TEST_STEP][PASSED] - writeExcel.writeExcel_Connection(filaHostRun, "Estado", "Connection", estadoExpedicion): Se va ha escribir en la columna Estado y en la fila 7 el valor: 

2023-10-24 08:34:47 - [MESSAGE][INFO] - Se va ha escribir en la columna Estado y en la fila 7 el valor: 

2023-10-24 08:34:47 - [TEST_STEP][PASSED] - writeExcel.writeExcel_CrearExpedicionExterna(206, "ARGUMENTOS", "Operativa", estadoExpedicion.trim()): Se va ha escribir en la columna ARGUMENTOS y en la fila 206 el valor: 

2023-10-24 08:34:47 - [MESSAGE][INFO] - Se va ha escribir en la columna ARGUMENTOS y en la fila 206 el valor: 

2023-10-24 08:34:47 - [TEST_STEP][PASSED] - break: null

2023-10-24 08:34:47 - [TEST_STEP][PASSED] - break: null

2023-10-24 08:34:47 - [TEST_STEP][PASSED] - (filaInicio++): null

2023-10-24 08:34:47 - [TEST_STEP][PASSED] - findTestData("Data Files/ConnectionHost"): null

2023-10-24 08:34:47 - [TEST_STEP][PASSED] - rowDatosExcel = findTestData("Data Files/GTI - Crear Expedicion Externa"): null

2023-10-24 08:34:47 - [TEST_STEP][PASSED] - Script1676556991125.prv_getPantalla(filaInicio, filaHostRun, rowDatosExcel, log): null

2023-10-24 08:34:47 - [TEST_STEP][PASSED] - fieldPantalla = <not implemented yet for class: org.codehaus.groovy.ast.expr.EmptyExpression>: null

2023-10-24 08:34:47 - [TEST_STEP][PASSED] - mapeo = <not implemented yet for class: org.codehaus.groovy.ast.expr.EmptyExpression>: null

2023-10-24 08:34:47 - [TEST_STEP][PASSED] - mapeo = new java.util.HashMap(): null

2023-10-24 08:34:47 - [TEST_STEP][PASSED] - mapeo = HostUtils.getDataExcel(datosExcel, numeroFila): null

2023-10-24 08:34:47 - [TEST_STEP][PASSED] - fieldPantalla = mapeo.get("Pantalla"): null

2023-10-24 08:34:47 - [TEST_STEP][PASSED] - switch (fieldPantalla): null

2023-10-24 08:34:47 - [TEST_STEP][PASSED] - Default: null

2023-10-24 08:34:47 - [TEST_STEP][PASSED] - Script1676556991125.prv_basicOperation(mapeo, log): null

2023-10-24 08:34:47 - [TEST_STEP][PASSED] - valueHost = <not implemented yet for class: org.codehaus.groovy.ast.expr.EmptyExpression>: null

2023-10-24 08:34:47 - [TEST_STEP][PASSED] - try: null

2023-10-24 08:34:47 - [TEST_STEP][PASSED] - valueHost = HostUtils.operacionPantallaHost(mapeo, log): null

2023-10-24 08:34:51 - [TEST_STEP][PASSED] - return valueHost.trim(): null

2023-10-24 08:34:51 - [TEST_STEP][PASSED] - (filaInicio++): null

2023-10-24 08:34:51 - [TEST_STEP][PASSED] - findTestData("Data Files/ConnectionHost"): null

2023-10-24 08:34:52 - [TEST_STEP][PASSED] - rowDatosExcel = findTestData("Data Files/GTI - Crear Expedicion Externa"): null

2023-10-24 08:34:52 - [TEST_STEP][PASSED] - Script1676556991125.prv_getPantalla(filaInicio, filaHostRun, rowDatosExcel, log): null

2023-10-24 08:34:52 - [TEST_STEP][PASSED] - fieldPantalla = <not implemented yet for class: org.codehaus.groovy.ast.expr.EmptyExpression>: null

2023-10-24 08:34:52 - [TEST_STEP][PASSED] - mapeo = <not implemented yet for class: org.codehaus.groovy.ast.expr.EmptyExpression>: null

2023-10-24 08:34:52 - [TEST_STEP][PASSED] - mapeo = new java.util.HashMap(): null

2023-10-24 08:34:52 - [TEST_STEP][PASSED] - mapeo = HostUtils.getDataExcel(datosExcel, numeroFila): null

2023-10-24 08:34:52 - [TEST_STEP][PASSED] - fieldPantalla = mapeo.get("Pantalla"): null

2023-10-24 08:34:52 - [TEST_STEP][PASSED] - switch (fieldPantalla): null

2023-10-24 08:34:52 - [TEST_STEP][PASSED] - Default: null

2023-10-24 08:34:52 - [TEST_STEP][PASSED] - Script1676556991125.prv_basicOperation(mapeo, log): null

2023-10-24 08:34:52 - [TEST_STEP][PASSED] - valueHost = <not implemented yet for class: org.codehaus.groovy.ast.expr.EmptyExpression>: null

2023-10-24 08:34:52 - [TEST_STEP][PASSED] - try: La ejecucion de crear expedicion a diferente IP, se ha realizado correctamente.

2023-10-24 08:34:52 - [TEST_STEP][PASSED] - valueHost = HostUtils.operacionPantallaHost(mapeo, log): null

2023-10-24 08:34:56 - [TEST_STEP][PASSED] - return valueHost.trim(): null

2023-10-24 08:34:56 - [TEST_STEP][PASSED] - (filaInicio++): null

2023-10-24 08:34:56 - [TEST_STEP][PASSED] - log.loggerBusinessOk("Se han creado correctamente las peticiones externa"): Se han creado correctamente las peticiones externa

2023-10-24 08:34:56 - [MESSAGE][PASSED] - Se han creado correctamente las peticiones externa

2023-10-24 08:34:56 - [TEST_STEP][PASSED] - log.loggerBusinessOk("La ejecucion de crear expedicion a diferente IP, se ha realizado correctamente."): La ejecucion de crear expedicion a diferente IP, se ha realizado correctamente.

2023-10-24 08:34:56 - [MESSAGE][PASSED] - La ejecucion de crear expedicion a diferente IP, se ha realizado correctamente.

2023-10-24 08:34:56 - [MESSAGE][PASSED] - Call Test Case 'Test Cases/Host/Operativas/GTI_CrearExpedicionExterna' successfully

2023-10-24 08:34:56 - [TEST_STEP][PASSED] - break: null

2023-10-24 08:34:56 - [TEST_STEP][PASSED] - log.screenShotWindows(): null

2023-10-24 08:34:56 - [TEST_STEP][PASSED] - log.loggerBusinessOk("La ejecucion a finalizado con exito"): La ejecucion a finalizado con exito

2023-10-24 08:34:56 - [MESSAGE][PASSED] - La ejecucion a finalizado con exito

2023-10-24 08:34:56 - [TEST_STEP][PASSED] - Finally: null

2023-10-24 08:34:56 - [TEST_STEP][PASSED] - HostHandler.disconectHost(log): Closing connection...

2023-10-24 08:34:56 - [MESSAGE][INFO] - Closing connection...

2023-10-24 08:34:56 - [TEST_STEP][PASSED] - SECONDS.sleep(4): null

2023-10-24 08:35:00 - [TEST_STEP][PASSED] - log.loggerInfo("se cierra la conexion del host"): null]]></system-out>
         <system-err><![CDATA[]]></system-err>
      </testcase>
      <system-out><![CDATA[2023-10-24 08:20:52 - [TEST_SUITE][PASSED] - GTI: Test Cases/Host/01 - HostRun]]></system-out>
      <system-err><![CDATA[]]></system-err>
   </testsuite>
</testsuites>
