<?xml version="1.0" encoding="UTF-8"?>
<testsuites name="TS_Envios_PRO" time="1533.675" tests="7" failures="7" errors="0">
   <testsuite name="TS_Envios_PRO" tests="7" failures="7" errors="0" time="1533.675" skipped="0" timestamp="2023-11-06 11:15:53" hostname="SEU2K19KAT01$ - seu2k19kat01.redseur.local" id="Test Suites/TS_Envios_PRO">
      <properties>
         <property name="deviceName" value=""/>
         <property name="devicePlatform" value=""/>
         <property name="logFolder" value="C:\\Jenkins\\workspace\\Katalon_WebRecogidas_PRO\\Reports\\20231106_111546\\TS_Envios_PRO\\20231106_111547"/>
         <property name="logFiles" value="C:\\Jenkins\\workspace\\Katalon_WebRecogidas_PRO\\Reports\\20231106_111546\\TS_Envios_PRO\\20231106_111547\\execution0.log"/>
         <property name="attachments" value="C:\\Jenkins\\workspace\\Katalon_WebRecogidas_PRO\\Reports\\20231106_111546\\TS_Envios_PRO\\20231106_111547\\1699265948175.png, C:\\Jenkins\\workspace\\Katalon_WebRecogidas_PRO\\Reports\\20231106_111546\\TS_Envios_PRO\\20231106_111547\\1699265948884.png, C:\\Jenkins\\workspace\\Katalon_WebRecogidas_PRO\\Reports\\20231106_111546\\TS_Envios_PRO\\20231106_111547\\1699266143665.png, C:\\Jenkins\\workspace\\Katalon_WebRecogidas_PRO\\Reports\\20231106_111546\\TS_Envios_PRO\\20231106_111547\\1699266144328.png, C:\\Jenkins\\workspace\\Katalon_WebRecogidas_PRO\\Reports\\20231106_111546\\TS_Envios_PRO\\20231106_111547\\1699266336654.png, C:\\Jenkins\\workspace\\Katalon_WebRecogidas_PRO\\Reports\\20231106_111546\\TS_Envios_PRO\\20231106_111547\\1699266337325.png, C:\\Jenkins\\workspace\\Katalon_WebRecogidas_PRO\\Reports\\20231106_111546\\TS_Envios_PRO\\20231106_111547\\1699266529428.png, C:\\Jenkins\\workspace\\Katalon_WebRecogidas_PRO\\Reports\\20231106_111546\\TS_Envios_PRO\\20231106_111547\\1699266530078.png, C:\\Jenkins\\workspace\\Katalon_WebRecogidas_PRO\\Reports\\20231106_111546\\TS_Envios_PRO\\20231106_111547\\1699266889050.png, C:\\Jenkins\\workspace\\Katalon_WebRecogidas_PRO\\Reports\\20231106_111546\\TS_Envios_PRO\\20231106_111547\\1699266889695.png, C:\\Jenkins\\workspace\\Katalon_WebRecogidas_PRO\\Reports\\20231106_111546\\TS_Envios_PRO\\20231106_111547\\1699267081578.png, C:\\Jenkins\\workspace\\Katalon_WebRecogidas_PRO\\Reports\\20231106_111546\\TS_Envios_PRO\\20231106_111547\\1699267082234.png, C:\\Jenkins\\workspace\\Katalon_WebRecogidas_PRO\\Reports\\20231106_111546\\TS_Envios_PRO\\20231106_111547\\1699267284965.png, C:\\Jenkins\\workspace\\Katalon_WebRecogidas_PRO\\Reports\\20231106_111546\\TS_Envios_PRO\\20231106_111547\\1699267285631.png"/>
         <property name="hostName" value="SEU2K19KAT01$ - seu2k19kat01.redseur.local"/>
         <property name="os" value="Windows Server 2019 64bit"/>
         <property name="katalonVersion" value="8.1.0.208"/>
         <property name="browser" value="Chrome 96.0.4664.45"/>
         <property name="hostAddress" value="10.240.96.104"/>
         <property name="sessionId" value="1b493ae9206a53ec57e7b04de3f3ac03"/>
         <property name="seleniumVersion" value="3.141.59"/>
         <property name="proxyInformation" value="ProxyInformation { proxyOption=NO_PROXY, proxyServerType=HTTP, username=, password=********, proxyServerAddress=, proxyServerPort=0, executionList=&quot;&quot;, isApplyToDesiredCapabilities=true }"/>
         <property name="platform" value="Windows Server 2019"/>
      </properties>
      <testcase name="Test Cases/Scripts_PRO/01 - Envio_Economico" time="195.522" classname="Test Cases/Scripts_PRO/01 - Envio_Economico" status="FAILED">
         <failure type="FAILED" message="Test Cases/Scripts_PRO/01 - Envio_Economico FAILED.
Reason:
com.kms.katalon.core.exception.StepFailedException: Recogidas / 01 - Envio Economico
	at com.kms.katalon.core.util.KeywordUtil.markFailed(KeywordUtil.java:19)
	at com.kms.katalon.core.util.KeywordUtil$markFailed.call(Unknown Source)
	at 01 - Envio_Economico.run(01 - Envio_Economico:202)
	at com.kms.katalon.core.main.ScriptEngine.run(ScriptEngine.java:194)
	at com.kms.katalon.core.main.ScriptEngine.runScriptAsRawText(ScriptEngine.java:119)
	at com.kms.katalon.core.main.TestCaseExecutor.runScript(TestCaseExecutor.java:430)
	at com.kms.katalon.core.main.TestCaseExecutor.doExecute(TestCaseExecutor.java:421)
	at com.kms.katalon.core.main.TestCaseExecutor.processExecutionPhase(TestCaseExecutor.java:400)
	at com.kms.katalon.core.main.TestCaseExecutor.accessMainPhase(TestCaseExecutor.java:392)
	at com.kms.katalon.core.main.TestCaseExecutor.execute(TestCaseExecutor.java:273)
	at com.kms.katalon.core.main.TestSuiteExecutor.accessTestCaseMainPhase(TestSuiteExecutor.java:202)
	at com.kms.katalon.core.main.TestSuiteExecutor.accessTestSuiteMainPhase(TestSuiteExecutor.java:164)
	at com.kms.katalon.core.main.TestSuiteExecutor.execute(TestSuiteExecutor.java:105)
	at com.kms.katalon.core.main.TestCaseMain.startTestSuite(TestCaseMain.java:185)
	at com.kms.katalon.core.main.TestCaseMain$startTestSuite$0.call(Unknown Source)
	at TempTestSuite1699265747342.run(TempTestSuite1699265747342.groovy:36)
"/>
         <system-out><![CDATA[2023-11-06 11:15:54 - [TEST_CASE][FAILED] - Test Cases/Scripts_PRO/01 - Envio_Economico: Test Cases/Scripts_PRO/01 - Envio_Economico FAILED.
Reason:
com.kms.katalon.core.exception.StepFailedException: Recogidas / 01 - Envio Economico
	at com.kms.katalon.core.util.KeywordUtil.markFailed(KeywordUtil.java:19)
	at com.kms.katalon.core.util.KeywordUtil$markFailed.call(Unknown Source)
	at 01 - Envio_Economico.run(01 - Envio_Economico:202)
	at com.kms.katalon.core.main.ScriptEngine.run(ScriptEngine.java:194)
	at com.kms.katalon.core.main.ScriptEngine.runScriptAsRawText(ScriptEngine.java:119)
	at com.kms.katalon.core.main.TestCaseExecutor.runScript(TestCaseExecutor.java:430)
	at com.kms.katalon.core.main.TestCaseExecutor.doExecute(TestCaseExecutor.java:421)
	at com.kms.katalon.core.main.TestCaseExecutor.processExecutionPhase(TestCaseExecutor.java:400)
	at com.kms.katalon.core.main.TestCaseExecutor.accessMainPhase(TestCaseExecutor.java:392)
	at com.kms.katalon.core.main.TestCaseExecutor.execute(TestCaseExecutor.java:273)
	at com.kms.katalon.core.main.TestSuiteExecutor.accessTestCaseMainPhase(TestSuiteExecutor.java:202)
	at com.kms.katalon.core.main.TestSuiteExecutor.accessTestSuiteMainPhase(TestSuiteExecutor.java:164)
	at com.kms.katalon.core.main.TestSuiteExecutor.execute(TestSuiteExecutor.java:105)
	at com.kms.katalon.core.main.TestCaseMain.startTestSuite(TestCaseMain.java:185)
	at com.kms.katalon.core.main.TestCaseMain$startTestSuite$0.call(Unknown Source)
	at TempTestSuite1699265747342.run(TempTestSuite1699265747342.groovy:36)


2023-11-06 11:15:54 - [TEST_STEP][PASSED] - setWebDriverPreferencesProperty("args", ["window-size=1920,1080"]): null

2023-11-06 11:15:54 - [TEST_STEP][FAILED] - try: Unable to set text 'Luis' of object 'Object Repository/Forms/Origen/input_Nombre' (Root cause: com.kms.katalon.core.exception.StepFailedException: Unable to set text 'Luis' of object 'Object Repository/Forms/Origen/input_Nombre'
	at com.kms.katalon.core.webui.keyword.internal.WebUIKeywordMain.stepFailed(WebUIKeywordMain.groovy:64)
	at com.kms.katalon.core.webui.keyword.internal.WebUIKeywordMain.runKeyword(WebUIKeywordMain.groovy:26)
	at com.kms.katalon.core.webui.keyword.builtin.SetTextKeyword.setText(SetTextKeyword.groovy:66)
	at com.kms.katalon.core.webui.keyword.builtin.SetTextKeyword.execute(SetTextKeyword.groovy:37)
	at com.kms.katalon.core.keyword.internal.KeywordExecutor.executeKeywordForPlatform(KeywordExecutor.groovy:74)
	at com.kms.katalon.core.webui.keyword.WebUiBuiltInKeywords.setText(WebUiBuiltInKeywords.groovy:966)
	at com.kms.katalon.core.webui.keyword.WebUiBuiltInKeywords$setText$5.call(Unknown Source)
	at 01 - Envio_Economico.run(01 - Envio_Economico:87)
	at com.kms.katalon.core.main.ScriptEngine.run(ScriptEngine.java:194)
	at com.kms.katalon.core.main.ScriptEngine.runScriptAsRawText(ScriptEngine.java:119)
	at com.kms.katalon.core.main.TestCaseExecutor.runScript(TestCaseExecutor.java:430)
	at com.kms.katalon.core.main.TestCaseExecutor.doExecute(TestCaseExecutor.java:421)
	at com.kms.katalon.core.main.TestCaseExecutor.processExecutionPhase(TestCaseExecutor.java:400)
	at com.kms.katalon.core.main.TestCaseExecutor.accessMainPhase(TestCaseExecutor.java:392)
	at com.kms.katalon.core.main.TestCaseExecutor.execute(TestCaseExecutor.java:273)
	at com.kms.katalon.core.main.TestSuiteExecutor.accessTestCaseMainPhase(TestSuiteExecutor.java:202)
	at com.kms.katalon.core.main.TestSuiteExecutor.accessTestSuiteMainPhase(TestSuiteExecutor.java:164)
	at com.kms.katalon.core.main.TestSuiteExecutor.execute(TestSuiteExecutor.java:105)
	at com.kms.katalon.core.main.TestCaseMain.startTestSuite(TestCaseMain.java:185)
	at com.kms.katalon.core.main.TestCaseMain$startTestSuite$0.call(Unknown Source)
	at TempTestSuite1699265747342.run(TempTestSuite1699265747342.groovy:36)
Caused by: org.openqa.selenium.ElementNotInteractableException: element not interactable
  (Session info: chrome=96.0.4664.45)
Build info: version: '3.141.59', revision: 'e82be7d358', time: '2018-11-14T08:25:53'
System info: host: 'SEU2K19KAT01', ip: '10.240.96.104', os.name: 'Windows Server 2019', os.arch: 'amd64', os.version: '10.0', java.version: '1.8.0_282'
Driver info: com.kms.katalon.selenium.driver.CChromeDriver
Capabilities {acceptInsecureCerts: false, browserName: chrome, browserVersion: 96.0.4664.45, chrome: {chromedriverVersion: 96.0.4664.45 (76e4c1bb2ab46..., userDataDir: C:\Windows\TEMP\scoped_dir9...}, goog:chromeOptions: {debuggerAddress: localhost:14699}, javascriptEnabled: true, networkConnectionEnabled: false, pageLoadStrategy: normal, platform: WINDOWS, platformName: WINDOWS, proxy: Proxy(), setWindowRect: true, strictFileInteractability: false, timeouts: {implicit: 0, pageLoad: 300000, script: 30000}, unhandledPromptBehavior: dismiss and notify, webauthn:extension:credBlob: true, webauthn:extension:largeBlob: true, webauthn:virtualAuthenticators: true}
Session ID: 9ed255691153b024b556dca16b0da433
	at org.openqa.selenium.remote.http.W3CHttpResponseCodec.createException(W3CHttpResponseCodec.java:187)
	at org.openqa.selenium.remote.http.W3CHttpResponseCodec.decode(W3CHttpResponseCodec.java:122)
	at org.openqa.selenium.remote.http.W3CHttpResponseCodec.decode(W3CHttpResponseCodec.java:49)
	at org.openqa.selenium.remote.HttpCommandExecutor.execute(HttpCommandExecutor.java:158)
	at org.openqa.selenium.remote.service.DriverCommandExecutor.execute(DriverCommandExecutor.java:83)
	at org.openqa.selenium.remote.RemoteWebDriver.execute(RemoteWebDriver.java:552)
	at com.kms.katalon.selenium.driver.CChromeDriver.execute(CChromeDriver.java:19)
	at org.openqa.selenium.remote.RemoteWebElement.execute(RemoteWebElement.java:285)
	at org.openqa.selenium.remote.RemoteWebElement.clear(RemoteWebElement.java:124)
	at org.openqa.selenium.support.events.EventFiringWebDriver$EventFiringWebElement.lambda$new$0(EventFiringWebDriver.java:404)
	at com.sun.proxy.$Proxy11.clear(Unknown Source)
	at org.openqa.selenium.support.events.EventFiringWebDriver$EventFiringWebElement.clear(EventFiringWebDriver.java:436)
	at com.kms.katalon.core.webui.keyword.builtin.SetTextKeyword$_setText_closure1.doCall(SetTextKeyword.groovy:53)
	at com.kms.katalon.core.webui.keyword.builtin.SetTextKeyword$_setText_closure1.call(SetTextKeyword.groovy)
	at com.kms.katalon.core.webui.keyword.internal.WebUIKeywordMain.runKeyword(WebUIKeywordMain.groovy:20)
	at com.kms.katalon.core.webui.keyword.builtin.SetTextKeyword.setText(SetTextKeyword.groovy:66)
	at com.kms.katalon.core.webui.keyword.builtin.SetTextKeyword.execute(SetTextKeyword.groovy:37)
	at com.kms.katalon.core.keyword.internal.KeywordExecutor.executeKeywordForPlatform(KeywordExecutor.groovy:74)
	at com.kms.katalon.core.webui.keyword.WebUiBuiltInKeywords.setText(WebUiBuiltInKeywords.groovy:966)
	at com.kms.katalon.core.webui.keyword.WebUiBuiltInKeywords$setText$5.call(Unknown Source)
	at Script1671027717271.run(Script1671027717271.groovy:87)
	... 13 more
)

2023-11-06 11:15:54 - [TEST_STEP][PASSED] - openBrowser(""): Browser is opened with url: ''

2023-11-06 11:15:55 - [MESSAGE][INFO] - Starting 'Chrome' driver

2023-11-06 11:15:55 - [MESSAGE][INFO] - User set preference: ['args', '[window-size=1920,1080]']

2023-11-06 11:15:55 - [MESSAGE][INFO] - Action delay is set to 0 milliseconds

2023-11-06 11:15:57 - [MESSAGE][PASSED] - Browser is opened with url: ''

2023-11-06 11:15:57 - [TEST_STEP][PASSED] - maximizeWindow(): Current window maximized

2023-11-06 11:15:58 - [MESSAGE][PASSED] - Current window maximized

2023-11-06 11:15:58 - [TEST_STEP][PASSED] - navigateToUrl("https://seur.com/envio-online2/new-shipping"): Navigate to 'https://seur.com/envio-online2/new-shipping' successfully

2023-11-06 11:16:42 - [MESSAGE][PASSED] - Navigate to 'https://seur.com/envio-online2/new-shipping' successfully

2023-11-06 11:16:42 - [TEST_STEP][PASSED] - delay(30): Delayed 30 second(s)

2023-11-06 11:17:12 - [MESSAGE][PASSED] - Delayed 30 second(s)

2023-11-06 11:17:12 - [TEST_STEP][PASSED] - waitForElementVisible(findTestObject("Object Repository/Log_In_Elements/button_Aceptar_Cookis"), 60, OPTIONAL): Object 'Object Repository/Log_In_Elements/button_Aceptar_Cookis' is visible

2023-11-06 11:17:13 - [MESSAGE][PASSED] - Object 'Object Repository/Log_In_Elements/button_Aceptar_Cookis' is visible

2023-11-06 11:17:13 - [TEST_STEP][PASSED] - waitForElementClickable(findTestObject("Object Repository/Log_In_Elements/button_Aceptar_Cookis"), 60, OPTIONAL): Object 'Object Repository/Log_In_Elements/button_Aceptar_Cookis' is clickable

2023-11-06 11:17:13 - [MESSAGE][PASSED] - Object 'Object Repository/Log_In_Elements/button_Aceptar_Cookis' is clickable

2023-11-06 11:17:13 - [TEST_STEP][PASSED] - click(findTestObject("Object Repository/Log_In_Elements/button_Aceptar_Cookis"), STOP_ON_FAILURE): Object: 'Object Repository/Log_In_Elements/button_Aceptar_Cookis' is clicked on

2023-11-06 11:17:14 - [MESSAGE][PASSED] - Object: 'Object Repository/Log_In_Elements/button_Aceptar_Cookis' is clicked on

2023-11-06 11:17:14 - [TEST_STEP][PASSED] - delay(5): Delayed 5 second(s)

2023-11-06 11:17:19 - [MESSAGE][PASSED] - Delayed 5 second(s)

2023-11-06 11:17:19 - [TEST_STEP][PASSED] - waitForElementVisible(findTestObject("Object Repository/Log_In_Elements/button_Siguiente"), 60, OPTIONAL): Object 'Object Repository/Log_In_Elements/button_Siguiente' is visible

2023-11-06 11:17:49 - [MESSAGE][PASSED] - Object 'Object Repository/Log_In_Elements/button_Siguiente' is visible

2023-11-06 11:17:49 - [TEST_STEP][PASSED] - waitForElementClickable(findTestObject("Object Repository/Log_In_Elements/button_Siguiente"), 60, OPTIONAL): Object 'Object Repository/Log_In_Elements/button_Siguiente' is clickable

2023-11-06 11:17:56 - [MESSAGE][PASSED] - Object 'Object Repository/Log_In_Elements/button_Siguiente' is clickable

2023-11-06 11:17:56 - [TEST_STEP][PASSED] - click(findTestObject("Object Repository/Log_In_Elements/button_Siguiente"), STOP_ON_FAILURE): Object: 'Object Repository/Log_In_Elements/button_Siguiente' is clicked on

2023-11-06 11:17:56 - [MESSAGE][PASSED] - Object: 'Object Repository/Log_In_Elements/button_Siguiente' is clicked on

2023-11-06 11:17:56 - [TEST_STEP][PASSED] - delay(5): Delayed 5 second(s)

2023-11-06 11:18:01 - [MESSAGE][PASSED] - Delayed 5 second(s)

2023-11-06 11:18:01 - [TEST_STEP][PASSED] - waitForElementVisible(findTestObject("Object Repository/Origen_Destino_Paquetes/input_Origen"), 60, OPTIONAL): Object 'Object Repository/Origen_Destino_Paquetes/input_Origen' is visible

2023-11-06 11:18:02 - [MESSAGE][PASSED] - Object 'Object Repository/Origen_Destino_Paquetes/input_Origen' is visible

2023-11-06 11:18:02 - [TEST_STEP][PASSED] - waitForElementClickable(findTestObject("Object Repository/Origen_Destino_Paquetes/input_Origen"), 60, OPTIONAL): Object 'Object Repository/Origen_Destino_Paquetes/input_Origen' is clickable

2023-11-06 11:18:02 - [MESSAGE][PASSED] - Object 'Object Repository/Origen_Destino_Paquetes/input_Origen' is clickable

2023-11-06 11:18:02 - [TEST_STEP][PASSED] - setText(findTestObject("Object Repository/Origen_Destino_Paquetes/input_Origen"), codPostalRem, STOP_ON_FAILURE): Text '29700' is set on object 'Object Repository/Origen_Destino_Paquetes/input_Origen'

2023-11-06 11:18:03 - [MESSAGE][PASSED] - Text '29700' is set on object 'Object Repository/Origen_Destino_Paquetes/input_Origen'

2023-11-06 11:18:03 - [TEST_STEP][PASSED] - delay(2): Delayed 2 second(s)

2023-11-06 11:18:05 - [MESSAGE][PASSED] - Delayed 2 second(s)

2023-11-06 11:18:05 - [TEST_STEP][PASSED] - waitForElementVisible(findTestObject("Origen_Destino_Paquetes/span_29700 - VELEZ-MALAGA"), 60, OPTIONAL): Object 'Object Repository/Origen_Destino_Paquetes/span_29700 - VELEZ-MALAGA' is visible

2023-11-06 11:18:05 - [MESSAGE][PASSED] - Object 'Object Repository/Origen_Destino_Paquetes/span_29700 - VELEZ-MALAGA' is visible

2023-11-06 11:18:05 - [TEST_STEP][PASSED] - waitForElementClickable(findTestObject("Origen_Destino_Paquetes/span_29700 - VELEZ-MALAGA"), 60, OPTIONAL): Object 'Object Repository/Origen_Destino_Paquetes/span_29700 - VELEZ-MALAGA' is clickable

2023-11-06 11:18:05 - [MESSAGE][PASSED] - Object 'Object Repository/Origen_Destino_Paquetes/span_29700 - VELEZ-MALAGA' is clickable

2023-11-06 11:18:05 - [TEST_STEP][PASSED] - click(findTestObject("Origen_Destino_Paquetes/span_29700 - VELEZ-MALAGA"), STOP_ON_FAILURE): Object: 'Object Repository/Origen_Destino_Paquetes/span_29700 - VELEZ-MALAGA' is clicked on

2023-11-06 11:18:06 - [MESSAGE][PASSED] - Object: 'Object Repository/Origen_Destino_Paquetes/span_29700 - VELEZ-MALAGA' is clicked on

2023-11-06 11:18:06 - [TEST_STEP][PASSED] - waitForElementVisible(findTestObject("Object Repository/Origen_Destino_Paquetes/input_Destino"), 60, OPTIONAL): Object 'Object Repository/Origen_Destino_Paquetes/input_Destino' is visible

2023-11-06 11:18:06 - [MESSAGE][PASSED] - Object 'Object Repository/Origen_Destino_Paquetes/input_Destino' is visible

2023-11-06 11:18:06 - [TEST_STEP][PASSED] - waitForElementClickable(findTestObject("Object Repository/Origen_Destino_Paquetes/input_Destino"), 60, OPTIONAL): Object 'Object Repository/Origen_Destino_Paquetes/input_Destino' is clickable

2023-11-06 11:18:06 - [MESSAGE][PASSED] - Object 'Object Repository/Origen_Destino_Paquetes/input_Destino' is clickable

2023-11-06 11:18:06 - [TEST_STEP][PASSED] - setText(findTestObject("Object Repository/Origen_Destino_Paquetes/input_Destino"), codPostalDes, STOP_ON_FAILURE): Text '28010' is set on object 'Object Repository/Origen_Destino_Paquetes/input_Destino'

2023-11-06 11:18:07 - [MESSAGE][PASSED] - Text '28010' is set on object 'Object Repository/Origen_Destino_Paquetes/input_Destino'

2023-11-06 11:18:07 - [TEST_STEP][PASSED] - delay(2): Delayed 2 second(s)

2023-11-06 11:18:09 - [MESSAGE][PASSED] - Delayed 2 second(s)

2023-11-06 11:18:09 - [TEST_STEP][PASSED] - waitForElementVisible(findTestObject("Origen_Destino_Paquetes/span_28010 - MADRID"), 60, OPTIONAL): Object 'Object Repository/Origen_Destino_Paquetes/span_28010 - MADRID' is visible

2023-11-06 11:18:09 - [MESSAGE][PASSED] - Object 'Object Repository/Origen_Destino_Paquetes/span_28010 - MADRID' is visible

2023-11-06 11:18:09 - [TEST_STEP][PASSED] - waitForElementClickable(findTestObject("Origen_Destino_Paquetes/span_28010 - MADRID"), 60, OPTIONAL): Object 'Object Repository/Origen_Destino_Paquetes/span_28010 - MADRID' is clickable

2023-11-06 11:18:10 - [MESSAGE][PASSED] - Object 'Object Repository/Origen_Destino_Paquetes/span_28010 - MADRID' is clickable

2023-11-06 11:18:10 - [TEST_STEP][PASSED] - click(findTestObject("Origen_Destino_Paquetes/span_28010 - MADRID"), STOP_ON_FAILURE): Object: 'Object Repository/Origen_Destino_Paquetes/span_28010 - MADRID' is clicked on

2023-11-06 11:18:10 - [MESSAGE][PASSED] - Object: 'Object Repository/Origen_Destino_Paquetes/span_28010 - MADRID' is clicked on

2023-11-06 11:18:10 - [TEST_STEP][PASSED] - waitForElementVisible(findTestObject("Origen_Destino_Paquetes/input_Paquete_peso"), 60, OPTIONAL): Object 'Object Repository/Origen_Destino_Paquetes/input_Paquete_peso' is visible

2023-11-06 11:18:10 - [MESSAGE][PASSED] - Object 'Object Repository/Origen_Destino_Paquetes/input_Paquete_peso' is visible

2023-11-06 11:18:10 - [TEST_STEP][PASSED] - waitForElementClickable(findTestObject("Origen_Destino_Paquetes/input_Paquete_peso"), 60, OPTIONAL): Object 'Object Repository/Origen_Destino_Paquetes/input_Paquete_peso' is clickable

2023-11-06 11:18:11 - [MESSAGE][PASSED] - Object 'Object Repository/Origen_Destino_Paquetes/input_Paquete_peso' is clickable

2023-11-06 11:18:11 - [TEST_STEP][PASSED] - setText(findTestObject("Origen_Destino_Paquetes/input_Paquete_peso"), pesoPaquete, STOP_ON_FAILURE): Text '6.5' is set on object 'Object Repository/Origen_Destino_Paquetes/input_Paquete_peso'

2023-11-06 11:18:11 - [MESSAGE][PASSED] - Text '6.5' is set on object 'Object Repository/Origen_Destino_Paquetes/input_Paquete_peso'

2023-11-06 11:18:11 - [TEST_STEP][PASSED] - waitForElementVisible(findTestObject("Origen_Destino_Paquetes/input_Paquete_largo"), 60, OPTIONAL): Object 'Object Repository/Origen_Destino_Paquetes/input_Paquete_largo' is visible

2023-11-06 11:18:12 - [MESSAGE][PASSED] - Object 'Object Repository/Origen_Destino_Paquetes/input_Paquete_largo' is visible

2023-11-06 11:18:12 - [TEST_STEP][PASSED] - waitForElementClickable(findTestObject("Origen_Destino_Paquetes/input_Paquete_largo"), 60, OPTIONAL): Object 'Object Repository/Origen_Destino_Paquetes/input_Paquete_largo' is clickable

2023-11-06 11:18:12 - [MESSAGE][PASSED] - Object 'Object Repository/Origen_Destino_Paquetes/input_Paquete_largo' is clickable

2023-11-06 11:18:12 - [TEST_STEP][PASSED] - setText(findTestObject("Origen_Destino_Paquetes/input_Paquete_largo"), largoPaquete, STOP_ON_FAILURE): Text '20' is set on object 'Object Repository/Origen_Destino_Paquetes/input_Paquete_largo'

2023-11-06 11:18:13 - [MESSAGE][PASSED] - Text '20' is set on object 'Object Repository/Origen_Destino_Paquetes/input_Paquete_largo'

2023-11-06 11:18:13 - [TEST_STEP][PASSED] - waitForElementVisible(findTestObject("Origen_Destino_Paquetes/input_Paquete_Ancho"), 60, OPTIONAL): Object 'Object Repository/Origen_Destino_Paquetes/input_Paquete_Ancho' is visible

2023-11-06 11:18:13 - [MESSAGE][PASSED] - Object 'Object Repository/Origen_Destino_Paquetes/input_Paquete_Ancho' is visible

2023-11-06 11:18:13 - [TEST_STEP][PASSED] - waitForElementClickable(findTestObject("Origen_Destino_Paquetes/input_Paquete_Ancho"), 60, OPTIONAL): Object 'Object Repository/Origen_Destino_Paquetes/input_Paquete_Ancho' is clickable

2023-11-06 11:18:13 - [MESSAGE][PASSED] - Object 'Object Repository/Origen_Destino_Paquetes/input_Paquete_Ancho' is clickable

2023-11-06 11:18:13 - [TEST_STEP][PASSED] - setText(findTestObject("Origen_Destino_Paquetes/input_Paquete_Ancho"), anchoPaquete, STOP_ON_FAILURE): Text '30' is set on object 'Object Repository/Origen_Destino_Paquetes/input_Paquete_Ancho'

2023-11-06 11:18:14 - [MESSAGE][PASSED] - Text '30' is set on object 'Object Repository/Origen_Destino_Paquetes/input_Paquete_Ancho'

2023-11-06 11:18:14 - [TEST_STEP][PASSED] - waitForElementVisible(findTestObject("Origen_Destino_Paquetes/input_Paquete_Alto"), 60, OPTIONAL): Object 'Object Repository/Origen_Destino_Paquetes/input_Paquete_Alto' is visible

2023-11-06 11:18:14 - [MESSAGE][PASSED] - Object 'Object Repository/Origen_Destino_Paquetes/input_Paquete_Alto' is visible

2023-11-06 11:18:14 - [TEST_STEP][PASSED] - waitForElementClickable(findTestObject("Origen_Destino_Paquetes/input_Paquete_Alto"), 60, OPTIONAL): Object 'Object Repository/Origen_Destino_Paquetes/input_Paquete_Alto' is clickable

2023-11-06 11:18:15 - [MESSAGE][PASSED] - Object 'Object Repository/Origen_Destino_Paquetes/input_Paquete_Alto' is clickable

2023-11-06 11:18:15 - [TEST_STEP][PASSED] - setText(findTestObject("Origen_Destino_Paquetes/input_Paquete_Alto"), altoPaquete, STOP_ON_FAILURE): Text '45' is set on object 'Object Repository/Origen_Destino_Paquetes/input_Paquete_Alto'

2023-11-06 11:18:15 - [MESSAGE][PASSED] - Text '45' is set on object 'Object Repository/Origen_Destino_Paquetes/input_Paquete_Alto'

2023-11-06 11:18:15 - [TEST_STEP][PASSED] - waitForElementVisible(findTestObject("Origen_Destino_Paquetes/button_Calcula tu envio"), 60, OPTIONAL): Object 'Object Repository/Origen_Destino_Paquetes/button_Calcula tu envio' is visible

2023-11-06 11:18:16 - [MESSAGE][PASSED] - Object 'Object Repository/Origen_Destino_Paquetes/button_Calcula tu envio' is visible

2023-11-06 11:18:16 - [TEST_STEP][PASSED] - waitForElementClickable(findTestObject("Origen_Destino_Paquetes/button_Calcula tu envio"), 60, OPTIONAL): Object 'Object Repository/Origen_Destino_Paquetes/button_Calcula tu envio' is clickable

2023-11-06 11:18:16 - [MESSAGE][PASSED] - Object 'Object Repository/Origen_Destino_Paquetes/button_Calcula tu envio' is clickable

2023-11-06 11:18:16 - [TEST_STEP][PASSED] - click(findTestObject("Origen_Destino_Paquetes/button_Calcula tu envio"), STOP_ON_FAILURE): Object: 'Object Repository/Origen_Destino_Paquetes/button_Calcula tu envio' is clicked on

2023-11-06 11:18:17 - [MESSAGE][PASSED] - Object: 'Object Repository/Origen_Destino_Paquetes/button_Calcula tu envio' is clicked on

2023-11-06 11:18:17 - [TEST_STEP][PASSED] - waitForElementVisible(findTestObject("Envio_Economico/button_Contratar"), 60, OPTIONAL): Object 'Object Repository/Envio_Economico/button_Contratar' is visible

2023-11-06 11:18:20 - [MESSAGE][PASSED] - Object 'Object Repository/Envio_Economico/button_Contratar' is visible

2023-11-06 11:18:20 - [TEST_STEP][PASSED] - click(findTestObject("Envio_Economico/button_Contratar"), STOP_ON_FAILURE): Object: 'Object Repository/Envio_Economico/button_Contratar' is clicked on

2023-11-06 11:18:20 - [MESSAGE][PASSED] - Object: 'Object Repository/Envio_Economico/button_Contratar' is clicked on

2023-11-06 11:18:20 - [TEST_STEP][PASSED] - waitForElementVisible(findTestObject("Forms/Origen/input_Nombre"), 60, OPTIONAL): Unable to wait for object 'Object Repository/Forms/Origen/input_Nombre' to be visible (Root cause: com.kms.katalon.core.exception.StepFailedException: Unable to wait for object 'Object Repository/Forms/Origen/input_Nombre' to be visible
	at com.kms.katalon.core.webui.keyword.internal.WebUIKeywordMain.stepFailed(WebUIKeywordMain.groovy:64)
	at com.kms.katalon.core.webui.keyword.internal.WebUIKeywordMain.runKeyword(WebUIKeywordMain.groovy:26)
	at com.kms.katalon.core.webui.keyword.internal.WebUIKeywordMain$runKeyword.call(Unknown Source)
	at com.kms.katalon.core.webui.keyword.builtin.WaitForElementVisibleKeyword.waitForElementVisible(WaitForElementVisibleKeyword.groovy:98)
	at com.kms.katalon.core.webui.keyword.builtin.WaitForElementVisibleKeyword.execute(WaitForElementVisibleKeyword.groovy:68)
	at com.kms.katalon.core.keyword.internal.KeywordExecutor.executeKeywordForPlatform(KeywordExecutor.groovy:74)
	at com.kms.katalon.core.webui.keyword.WebUiBuiltInKeywords.waitForElementVisible(WebUiBuiltInKeywords.groovy:422)
	at com.kms.katalon.core.webui.keyword.WebUiBuiltInKeywords$waitForElementVisible$2.call(Unknown Source)
	at 01 - Envio_Economico.run(01 - Envio_Economico:85)
	at com.kms.katalon.core.main.ScriptEngine.run(ScriptEngine.java:194)
	at com.kms.katalon.core.main.ScriptEngine.runScriptAsRawText(ScriptEngine.java:119)
	at com.kms.katalon.core.main.TestCaseExecutor.runScript(TestCaseExecutor.java:430)
	at com.kms.katalon.core.main.TestCaseExecutor.doExecute(TestCaseExecutor.java:421)
	at com.kms.katalon.core.main.TestCaseExecutor.processExecutionPhase(TestCaseExecutor.java:400)
	at com.kms.katalon.core.main.TestCaseExecutor.accessMainPhase(TestCaseExecutor.java:392)
	at com.kms.katalon.core.main.TestCaseExecutor.execute(TestCaseExecutor.java:273)
	at com.kms.katalon.core.main.TestSuiteExecutor.accessTestCaseMainPhase(TestSuiteExecutor.java:202)
	at com.kms.katalon.core.main.TestSuiteExecutor.accessTestSuiteMainPhase(TestSuiteExecutor.java:164)
	at com.kms.katalon.core.main.TestSuiteExecutor.execute(TestSuiteExecutor.java:105)
	at com.kms.katalon.core.main.TestCaseMain.startTestSuite(TestCaseMain.java:185)
	at com.kms.katalon.core.main.TestCaseMain$startTestSuite$0.call(Unknown Source)
	at TempTestSuite1699265747342.run(TempTestSuite1699265747342.groovy:36)
Caused by: org.openqa.selenium.ScriptTimeoutException: script timeout
  (Session info: chrome=96.0.4664.45)
Build info: version: '3.141.59', revision: 'e82be7d358', time: '2018-11-14T08:25:53'
System info: host: 'SEU2K19KAT01', ip: '10.240.96.104', os.name: 'Windows Server 2019', os.arch: 'amd64', os.version: '10.0', java.version: '1.8.0_282'
Driver info: com.kms.katalon.selenium.driver.CChromeDriver
Capabilities {acceptInsecureCerts: false, browserName: chrome, browserVersion: 96.0.4664.45, chrome: {chromedriverVersion: 96.0.4664.45 (76e4c1bb2ab46..., userDataDir: C:\Windows\TEMP\scoped_dir9...}, goog:chromeOptions: {debuggerAddress: localhost:14699}, javascriptEnabled: true, networkConnectionEnabled: false, pageLoadStrategy: normal, platform: WINDOWS, platformName: WINDOWS, proxy: Proxy(), setWindowRect: true, strictFileInteractability: false, timeouts: {implicit: 0, pageLoad: 300000, script: 30000}, unhandledPromptBehavior: dismiss and notify, webauthn:extension:credBlob: true, webauthn:extension:largeBlob: true, webauthn:virtualAuthenticators: true}
Session ID: 9ed255691153b024b556dca16b0da433
	at org.openqa.selenium.remote.http.W3CHttpResponseCodec.createException(W3CHttpResponseCodec.java:187)
	at org.openqa.selenium.remote.http.W3CHttpResponseCodec.decode(W3CHttpResponseCodec.java:122)
	at org.openqa.selenium.remote.http.W3CHttpResponseCodec.decode(W3CHttpResponseCodec.java:49)
	at org.openqa.selenium.remote.HttpCommandExecutor.execute(HttpCommandExecutor.java:158)
	at org.openqa.selenium.remote.service.DriverCommandExecutor.execute(DriverCommandExecutor.java:83)
	at org.openqa.selenium.remote.RemoteWebDriver.execute(RemoteWebDriver.java:552)
	at com.kms.katalon.selenium.driver.CChromeDriver.execute(CChromeDriver.java:19)
	at org.openqa.selenium.remote.RemoteWebElement.execute(RemoteWebElement.java:285)
	at org.openqa.selenium.remote.RemoteWebElement.isDisplayed(RemoteWebElement.java:326)
	at org.openqa.selenium.support.events.EventFiringWebDriver$EventFiringWebElement.lambda$new$0(EventFiringWebDriver.java:404)
	at com.sun.proxy.$Proxy11.isDisplayed(Unknown Source)
	at org.openqa.selenium.support.events.EventFiringWebDriver$EventFiringWebElement.isDisplayed(EventFiringWebDriver.java:470)
	at org.openqa.selenium.support.ui.ExpectedConditions.elementIfVisible(ExpectedConditions.java:314)
	at org.openqa.selenium.support.ui.ExpectedConditions.access$000(ExpectedConditions.java:43)
	at org.openqa.selenium.support.ui.ExpectedConditions$10.apply(ExpectedConditions.java:300)
	at org.openqa.selenium.support.ui.ExpectedConditions$10.apply(ExpectedConditions.java:297)
	at org.openqa.selenium.support.ui.FluentWait.until(FluentWait.java:249)
	at org.openqa.selenium.support.ui.Wait$until.call(Unknown Source)
	at com.kms.katalon.core.webui.keyword.builtin.WaitForElementVisibleKeyword$_waitForElementVisible_closure1.doCall(WaitForElementVisibleKeyword.groovy:81)
	at com.kms.katalon.core.webui.keyword.builtin.WaitForElementVisibleKeyword$_waitForElementVisible_closure1.doCall(WaitForElementVisibleKeyword.groovy)
	at com.kms.katalon.core.webui.keyword.internal.WebUIKeywordMain.runKeyword(WebUIKeywordMain.groovy:20)
	at com.kms.katalon.core.webui.keyword.internal.WebUIKeywordMain$runKeyword.call(Unknown Source)
	at com.kms.katalon.core.webui.keyword.builtin.WaitForElementVisibleKeyword.waitForElementVisible(WaitForElementVisibleKeyword.groovy:98)
	at com.kms.katalon.core.webui.keyword.builtin.WaitForElementVisibleKeyword.execute(WaitForElementVisibleKeyword.groovy:68)
	at com.kms.katalon.core.keyword.internal.KeywordExecutor.executeKeywordForPlatform(KeywordExecutor.groovy:74)
	at com.kms.katalon.core.webui.keyword.WebUiBuiltInKeywords.waitForElementVisible(WebUiBuiltInKeywords.groovy:422)
	at com.kms.katalon.core.webui.keyword.WebUiBuiltInKeywords$waitForElementVisible$2.call(Unknown Source)
	at Script1671027717271.run(Script1671027717271.groovy:85)
	... 13 more
)

2023-11-06 11:19:08 - [MESSAGE][WARNING] - Unable to wait for object 'Object Repository/Forms/Origen/input_Nombre' to be visible (Root cause: com.kms.katalon.core.exception.StepFailedException: Unable to wait for object 'Object Repository/Forms/Origen/input_Nombre' to be visible
	at com.kms.katalon.core.webui.keyword.internal.WebUIKeywordMain.stepFailed(WebUIKeywordMain.groovy:64)
	at com.kms.katalon.core.webui.keyword.internal.WebUIKeywordMain.runKeyword(WebUIKeywordMain.groovy:26)
	at com.kms.katalon.core.webui.keyword.internal.WebUIKeywordMain$runKeyword.call(Unknown Source)
	at com.kms.katalon.core.webui.keyword.builtin.WaitForElementVisibleKeyword.waitForElementVisible(WaitForElementVisibleKeyword.groovy:98)
	at com.kms.katalon.core.webui.keyword.builtin.WaitForElementVisibleKeyword.execute(WaitForElementVisibleKeyword.groovy:68)
	at com.kms.katalon.core.keyword.internal.KeywordExecutor.executeKeywordForPlatform(KeywordExecutor.groovy:74)
	at com.kms.katalon.core.webui.keyword.WebUiBuiltInKeywords.waitForElementVisible(WebUiBuiltInKeywords.groovy:422)
	at com.kms.katalon.core.webui.keyword.WebUiBuiltInKeywords$waitForElementVisible$2.call(Unknown Source)
	at 01 - Envio_Economico.run(01 - Envio_Economico:85)
	at com.kms.katalon.core.main.ScriptEngine.run(ScriptEngine.java:194)
	at com.kms.katalon.core.main.ScriptEngine.runScriptAsRawText(ScriptEngine.java:119)
	at com.kms.katalon.core.main.TestCaseExecutor.runScript(TestCaseExecutor.java:430)
	at com.kms.katalon.core.main.TestCaseExecutor.doExecute(TestCaseExecutor.java:421)
	at com.kms.katalon.core.main.TestCaseExecutor.processExecutionPhase(TestCaseExecutor.java:400)
	at com.kms.katalon.core.main.TestCaseExecutor.accessMainPhase(TestCaseExecutor.java:392)
	at com.kms.katalon.core.main.TestCaseExecutor.execute(TestCaseExecutor.java:273)
	at com.kms.katalon.core.main.TestSuiteExecutor.accessTestCaseMainPhase(TestSuiteExecutor.java:202)
	at com.kms.katalon.core.main.TestSuiteExecutor.accessTestSuiteMainPhase(TestSuiteExecutor.java:164)
	at com.kms.katalon.core.main.TestSuiteExecutor.execute(TestSuiteExecutor.java:105)
	at com.kms.katalon.core.main.TestCaseMain.startTestSuite(TestCaseMain.java:185)
	at com.kms.katalon.core.main.TestCaseMain$startTestSuite$0.call(Unknown Source)
	at TempTestSuite1699265747342.run(TempTestSuite1699265747342.groovy:36)
Caused by: org.openqa.selenium.ScriptTimeoutException: script timeout
  (Session info: chrome=96.0.4664.45)
Build info: version: '3.141.59', revision: 'e82be7d358', time: '2018-11-14T08:25:53'
System info: host: 'SEU2K19KAT01', ip: '10.240.96.104', os.name: 'Windows Server 2019', os.arch: 'amd64', os.version: '10.0', java.version: '1.8.0_282'
Driver info: com.kms.katalon.selenium.driver.CChromeDriver
Capabilities {acceptInsecureCerts: false, browserName: chrome, browserVersion: 96.0.4664.45, chrome: {chromedriverVersion: 96.0.4664.45 (76e4c1bb2ab46..., userDataDir: C:\Windows\TEMP\scoped_dir9...}, goog:chromeOptions: {debuggerAddress: localhost:14699}, javascriptEnabled: true, networkConnectionEnabled: false, pageLoadStrategy: normal, platform: WINDOWS, platformName: WINDOWS, proxy: Proxy(), setWindowRect: true, strictFileInteractability: false, timeouts: {implicit: 0, pageLoad: 300000, script: 30000}, unhandledPromptBehavior: dismiss and notify, webauthn:extension:credBlob: true, webauthn:extension:largeBlob: true, webauthn:virtualAuthenticators: true}
Session ID: 9ed255691153b024b556dca16b0da433
	at org.openqa.selenium.remote.http.W3CHttpResponseCodec.createException(W3CHttpResponseCodec.java:187)
	at org.openqa.selenium.remote.http.W3CHttpResponseCodec.decode(W3CHttpResponseCodec.java:122)
	at org.openqa.selenium.remote.http.W3CHttpResponseCodec.decode(W3CHttpResponseCodec.java:49)
	at org.openqa.selenium.remote.HttpCommandExecutor.execute(HttpCommandExecutor.java:158)
	at org.openqa.selenium.remote.service.DriverCommandExecutor.execute(DriverCommandExecutor.java:83)
	at org.openqa.selenium.remote.RemoteWebDriver.execute(RemoteWebDriver.java:552)
	at com.kms.katalon.selenium.driver.CChromeDriver.execute(CChromeDriver.java:19)
	at org.openqa.selenium.remote.RemoteWebElement.execute(RemoteWebElement.java:285)
	at org.openqa.selenium.remote.RemoteWebElement.isDisplayed(RemoteWebElement.java:326)
	at org.openqa.selenium.support.events.EventFiringWebDriver$EventFiringWebElement.lambda$new$0(EventFiringWebDriver.java:404)
	at com.sun.proxy.$Proxy11.isDisplayed(Unknown Source)
	at org.openqa.selenium.support.events.EventFiringWebDriver$EventFiringWebElement.isDisplayed(EventFiringWebDriver.java:470)
	at org.openqa.selenium.support.ui.ExpectedConditions.elementIfVisible(ExpectedConditions.java:314)
	at org.openqa.selenium.support.ui.ExpectedConditions.access$000(ExpectedConditions.java:43)
	at org.openqa.selenium.support.ui.ExpectedConditions$10.apply(ExpectedConditions.java:300)
	at org.openqa.selenium.support.ui.ExpectedConditions$10.apply(ExpectedConditions.java:297)
	at org.openqa.selenium.support.ui.FluentWait.until(FluentWait.java:249)
	at org.openqa.selenium.support.ui.Wait$until.call(Unknown Source)
	at com.kms.katalon.core.webui.keyword.builtin.WaitForElementVisibleKeyword$_waitForElementVisible_closure1.doCall(WaitForElementVisibleKeyword.groovy:81)
	at com.kms.katalon.core.webui.keyword.builtin.WaitForElementVisibleKeyword$_waitForElementVisible_closure1.doCall(WaitForElementVisibleKeyword.groovy)
	at com.kms.katalon.core.webui.keyword.internal.WebUIKeywordMain.runKeyword(WebUIKeywordMain.groovy:20)
	at com.kms.katalon.core.webui.keyword.internal.WebUIKeywordMain$runKeyword.call(Unknown Source)
	at com.kms.katalon.core.webui.keyword.builtin.WaitForElementVisibleKeyword.waitForElementVisible(WaitForElementVisibleKeyword.groovy:98)
	at com.kms.katalon.core.webui.keyword.builtin.WaitForElementVisibleKeyword.execute(WaitForElementVisibleKeyword.groovy:68)
	at com.kms.katalon.core.keyword.internal.KeywordExecutor.executeKeywordForPlatform(KeywordExecutor.groovy:74)
	at com.kms.katalon.core.webui.keyword.WebUiBuiltInKeywords.waitForElementVisible(WebUiBuiltInKeywords.groovy:422)
	at com.kms.katalon.core.webui.keyword.WebUiBuiltInKeywords$waitForElementVisible$2.call(Unknown Source)
	at Script1671027717271.run(Script1671027717271.groovy:85)
	... 13 more
)
[[ATTACHMENT|C:\\Jenkins\\workspace\\Katalon_WebRecogidas_PRO\\Reports\\20231106_111546\\TS_Envios_PRO\\20231106_111547\\1699265948175.png]]

2023-11-06 11:19:08 - [TEST_STEP][PASSED] - waitForElementClickable(findTestObject("Forms/Origen/input_Nombre"), 60, OPTIONAL): Object 'Object Repository/Forms/Origen/input_Nombre' is clickable

2023-11-06 11:19:08 - [MESSAGE][PASSED] - Object 'Object Repository/Forms/Origen/input_Nombre' is clickable

2023-11-06 11:19:08 - [TEST_STEP][FAILED] - setText(findTestObject("Forms/Origen/input_Nombre"), nombreRem, STOP_ON_FAILURE): Unable to set text 'Luis' of object 'Object Repository/Forms/Origen/input_Nombre' (Root cause: com.kms.katalon.core.exception.StepFailedException: Unable to set text 'Luis' of object 'Object Repository/Forms/Origen/input_Nombre'
	at com.kms.katalon.core.webui.keyword.internal.WebUIKeywordMain.stepFailed(WebUIKeywordMain.groovy:64)
	at com.kms.katalon.core.webui.keyword.internal.WebUIKeywordMain.runKeyword(WebUIKeywordMain.groovy:26)
	at com.kms.katalon.core.webui.keyword.builtin.SetTextKeyword.setText(SetTextKeyword.groovy:66)
	at com.kms.katalon.core.webui.keyword.builtin.SetTextKeyword.execute(SetTextKeyword.groovy:37)
	at com.kms.katalon.core.keyword.internal.KeywordExecutor.executeKeywordForPlatform(KeywordExecutor.groovy:74)
	at com.kms.katalon.core.webui.keyword.WebUiBuiltInKeywords.setText(WebUiBuiltInKeywords.groovy:966)
	at com.kms.katalon.core.webui.keyword.WebUiBuiltInKeywords$setText$5.call(Unknown Source)
	at 01 - Envio_Economico.run(01 - Envio_Economico:87)
	at com.kms.katalon.core.main.ScriptEngine.run(ScriptEngine.java:194)
	at com.kms.katalon.core.main.ScriptEngine.runScriptAsRawText(ScriptEngine.java:119)
	at com.kms.katalon.core.main.TestCaseExecutor.runScript(TestCaseExecutor.java:430)
	at com.kms.katalon.core.main.TestCaseExecutor.doExecute(TestCaseExecutor.java:421)
	at com.kms.katalon.core.main.TestCaseExecutor.processExecutionPhase(TestCaseExecutor.java:400)
	at com.kms.katalon.core.main.TestCaseExecutor.accessMainPhase(TestCaseExecutor.java:392)
	at com.kms.katalon.core.main.TestCaseExecutor.execute(TestCaseExecutor.java:273)
	at com.kms.katalon.core.main.TestSuiteExecutor.accessTestCaseMainPhase(TestSuiteExecutor.java:202)
	at com.kms.katalon.core.main.TestSuiteExecutor.accessTestSuiteMainPhase(TestSuiteExecutor.java:164)
	at com.kms.katalon.core.main.TestSuiteExecutor.execute(TestSuiteExecutor.java:105)
	at com.kms.katalon.core.main.TestCaseMain.startTestSuite(TestCaseMain.java:185)
	at com.kms.katalon.core.main.TestCaseMain$startTestSuite$0.call(Unknown Source)
	at TempTestSuite1699265747342.run(TempTestSuite1699265747342.groovy:36)
Caused by: org.openqa.selenium.ElementNotInteractableException: element not interactable
  (Session info: chrome=96.0.4664.45)
Build info: version: '3.141.59', revision: 'e82be7d358', time: '2018-11-14T08:25:53'
System info: host: 'SEU2K19KAT01', ip: '10.240.96.104', os.name: 'Windows Server 2019', os.arch: 'amd64', os.version: '10.0', java.version: '1.8.0_282'
Driver info: com.kms.katalon.selenium.driver.CChromeDriver
Capabilities {acceptInsecureCerts: false, browserName: chrome, browserVersion: 96.0.4664.45, chrome: {chromedriverVersion: 96.0.4664.45 (76e4c1bb2ab46..., userDataDir: C:\Windows\TEMP\scoped_dir9...}, goog:chromeOptions: {debuggerAddress: localhost:14699}, javascriptEnabled: true, networkConnectionEnabled: false, pageLoadStrategy: normal, platform: WINDOWS, platformName: WINDOWS, proxy: Proxy(), setWindowRect: true, strictFileInteractability: false, timeouts: {implicit: 0, pageLoad: 300000, script: 30000}, unhandledPromptBehavior: dismiss and notify, webauthn:extension:credBlob: true, webauthn:extension:largeBlob: true, webauthn:virtualAuthenticators: true}
Session ID: 9ed255691153b024b556dca16b0da433
	at org.openqa.selenium.remote.http.W3CHttpResponseCodec.createException(W3CHttpResponseCodec.java:187)
	at org.openqa.selenium.remote.http.W3CHttpResponseCodec.decode(W3CHttpResponseCodec.java:122)
	at org.openqa.selenium.remote.http.W3CHttpResponseCodec.decode(W3CHttpResponseCodec.java:49)
	at org.openqa.selenium.remote.HttpCommandExecutor.execute(HttpCommandExecutor.java:158)
	at org.openqa.selenium.remote.service.DriverCommandExecutor.execute(DriverCommandExecutor.java:83)
	at org.openqa.selenium.remote.RemoteWebDriver.execute(RemoteWebDriver.java:552)
	at com.kms.katalon.selenium.driver.CChromeDriver.execute(CChromeDriver.java:19)
	at org.openqa.selenium.remote.RemoteWebElement.execute(RemoteWebElement.java:285)
	at org.openqa.selenium.remote.RemoteWebElement.clear(RemoteWebElement.java:124)
	at org.openqa.selenium.support.events.EventFiringWebDriver$EventFiringWebElement.lambda$new$0(EventFiringWebDriver.java:404)
	at com.sun.proxy.$Proxy11.clear(Unknown Source)
	at org.openqa.selenium.support.events.EventFiringWebDriver$EventFiringWebElement.clear(EventFiringWebDriver.java:436)
	at com.kms.katalon.core.webui.keyword.builtin.SetTextKeyword$_setText_closure1.doCall(SetTextKeyword.groovy:53)
	at com.kms.katalon.core.webui.keyword.builtin.SetTextKeyword$_setText_closure1.call(SetTextKeyword.groovy)
	at com.kms.katalon.core.webui.keyword.internal.WebUIKeywordMain.runKeyword(WebUIKeywordMain.groovy:20)
	at com.kms.katalon.core.webui.keyword.builtin.SetTextKeyword.setText(SetTextKeyword.groovy:66)
	at com.kms.katalon.core.webui.keyword.builtin.SetTextKeyword.execute(SetTextKeyword.groovy:37)
	at com.kms.katalon.core.keyword.internal.KeywordExecutor.executeKeywordForPlatform(KeywordExecutor.groovy:74)
	at com.kms.katalon.core.webui.keyword.WebUiBuiltInKeywords.setText(WebUiBuiltInKeywords.groovy:966)
	at com.kms.katalon.core.webui.keyword.WebUiBuiltInKeywords$setText$5.call(Unknown Source)
	at Script1671027717271.run(Script1671027717271.groovy:87)
	... 13 more
)

2023-11-06 11:19:08 - [MESSAGE][FAILED] - Unable to set text 'Luis' of object 'Object Repository/Forms/Origen/input_Nombre' (Root cause: com.kms.katalon.core.exception.StepFailedException: Unable to set text 'Luis' of object 'Object Repository/Forms/Origen/input_Nombre'
	at com.kms.katalon.core.webui.keyword.internal.WebUIKeywordMain.stepFailed(WebUIKeywordMain.groovy:64)
	at com.kms.katalon.core.webui.keyword.internal.WebUIKeywordMain.runKeyword(WebUIKeywordMain.groovy:26)
	at com.kms.katalon.core.webui.keyword.builtin.SetTextKeyword.setText(SetTextKeyword.groovy:66)
	at com.kms.katalon.core.webui.keyword.builtin.SetTextKeyword.execute(SetTextKeyword.groovy:37)
	at com.kms.katalon.core.keyword.internal.KeywordExecutor.executeKeywordForPlatform(KeywordExecutor.groovy:74)
	at com.kms.katalon.core.webui.keyword.WebUiBuiltInKeywords.setText(WebUiBuiltInKeywords.groovy:966)
	at com.kms.katalon.core.webui.keyword.WebUiBuiltInKeywords$setText$5.call(Unknown Source)
	at 01 - Envio_Economico.run(01 - Envio_Economico:87)
	at com.kms.katalon.core.main.ScriptEngine.run(ScriptEngine.java:194)
	at com.kms.katalon.core.main.ScriptEngine.runScriptAsRawText(ScriptEngine.java:119)
	at com.kms.katalon.core.main.TestCaseExecutor.runScript(TestCaseExecutor.java:430)
	at com.kms.katalon.core.main.TestCaseExecutor.doExecute(TestCaseExecutor.java:421)
	at com.kms.katalon.core.main.TestCaseExecutor.processExecutionPhase(TestCaseExecutor.java:400)
	at com.kms.katalon.core.main.TestCaseExecutor.accessMainPhase(TestCaseExecutor.java:392)
	at com.kms.katalon.core.main.TestCaseExecutor.execute(TestCaseExecutor.java:273)
	at com.kms.katalon.core.main.TestSuiteExecutor.accessTestCaseMainPhase(TestSuiteExecutor.java:202)
	at com.kms.katalon.core.main.TestSuiteExecutor.accessTestSuiteMainPhase(TestSuiteExecutor.java:164)
	at com.kms.katalon.core.main.TestSuiteExecutor.execute(TestSuiteExecutor.java:105)
	at com.kms.katalon.core.main.TestCaseMain.startTestSuite(TestCaseMain.java:185)
	at com.kms.katalon.core.main.TestCaseMain$startTestSuite$0.call(Unknown Source)
	at TempTestSuite1699265747342.run(TempTestSuite1699265747342.groovy:36)
Caused by: org.openqa.selenium.ElementNotInteractableException: element not interactable
  (Session info: chrome=96.0.4664.45)
Build info: version: '3.141.59', revision: 'e82be7d358', time: '2018-11-14T08:25:53'
System info: host: 'SEU2K19KAT01', ip: '10.240.96.104', os.name: 'Windows Server 2019', os.arch: 'amd64', os.version: '10.0', java.version: '1.8.0_282'
Driver info: com.kms.katalon.selenium.driver.CChromeDriver
Capabilities {acceptInsecureCerts: false, browserName: chrome, browserVersion: 96.0.4664.45, chrome: {chromedriverVersion: 96.0.4664.45 (76e4c1bb2ab46..., userDataDir: C:\Windows\TEMP\scoped_dir9...}, goog:chromeOptions: {debuggerAddress: localhost:14699}, javascriptEnabled: true, networkConnectionEnabled: false, pageLoadStrategy: normal, platform: WINDOWS, platformName: WINDOWS, proxy: Proxy(), setWindowRect: true, strictFileInteractability: false, timeouts: {implicit: 0, pageLoad: 300000, script: 30000}, unhandledPromptBehavior: dismiss and notify, webauthn:extension:credBlob: true, webauthn:extension:largeBlob: true, webauthn:virtualAuthenticators: true}
Session ID: 9ed255691153b024b556dca16b0da433
	at org.openqa.selenium.remote.http.W3CHttpResponseCodec.createException(W3CHttpResponseCodec.java:187)
	at org.openqa.selenium.remote.http.W3CHttpResponseCodec.decode(W3CHttpResponseCodec.java:122)
	at org.openqa.selenium.remote.http.W3CHttpResponseCodec.decode(W3CHttpResponseCodec.java:49)
	at org.openqa.selenium.remote.HttpCommandExecutor.execute(HttpCommandExecutor.java:158)
	at org.openqa.selenium.remote.service.DriverCommandExecutor.execute(DriverCommandExecutor.java:83)
	at org.openqa.selenium.remote.RemoteWebDriver.execute(RemoteWebDriver.java:552)
	at com.kms.katalon.selenium.driver.CChromeDriver.execute(CChromeDriver.java:19)
	at org.openqa.selenium.remote.RemoteWebElement.execute(RemoteWebElement.java:285)
	at org.openqa.selenium.remote.RemoteWebElement.clear(RemoteWebElement.java:124)
	at org.openqa.selenium.support.events.EventFiringWebDriver$EventFiringWebElement.lambda$new$0(EventFiringWebDriver.java:404)
	at com.sun.proxy.$Proxy11.clear(Unknown Source)
	at org.openqa.selenium.support.events.EventFiringWebDriver$EventFiringWebElement.clear(EventFiringWebDriver.java:436)
	at com.kms.katalon.core.webui.keyword.builtin.SetTextKeyword$_setText_closure1.doCall(SetTextKeyword.groovy:53)
	at com.kms.katalon.core.webui.keyword.builtin.SetTextKeyword$_setText_closure1.call(SetTextKeyword.groovy)
	at com.kms.katalon.core.webui.keyword.internal.WebUIKeywordMain.runKeyword(WebUIKeywordMain.groovy:20)
	at com.kms.katalon.core.webui.keyword.builtin.SetTextKeyword.setText(SetTextKeyword.groovy:66)
	at com.kms.katalon.core.webui.keyword.builtin.SetTextKeyword.execute(SetTextKeyword.groovy:37)
	at com.kms.katalon.core.keyword.internal.KeywordExecutor.executeKeywordForPlatform(KeywordExecutor.groovy:74)
	at com.kms.katalon.core.webui.keyword.WebUiBuiltInKeywords.setText(WebUiBuiltInKeywords.groovy:966)
	at com.kms.katalon.core.webui.keyword.WebUiBuiltInKeywords$setText$5.call(Unknown Source)
	at Script1671027717271.run(Script1671027717271.groovy:87)
	... 13 more
)
[[ATTACHMENT|C:\\Jenkins\\workspace\\Katalon_WebRecogidas_PRO\\Reports\\20231106_111546\\TS_Envios_PRO\\20231106_111547\\1699265948884.png]]

2023-11-06 11:19:08 - [TEST_STEP][FAILED] - catch (Exception e): Recogidas / 01 - Envio Economico

2023-11-06 11:19:08 - [TEST_STEP][PASSED] - e.printStackTrace(): null

2023-11-06 11:19:08 - [TEST_STEP][FAILED] - markFailed("Recogidas / 01 - Envio Economico"): Recogidas / 01 - Envio Economico

2023-11-06 11:19:09 - [MESSAGE][FAILED] - Recogidas / 01 - Envio Economico

2023-11-06 11:19:09 - [TEST_STEP][PASSED] - Finally: Browser is closed

2023-11-06 11:19:09 - [TEST_STEP][PASSED] - closeBrowser(): Browser is closed

2023-11-06 11:19:09 - [MESSAGE][PASSED] - Browser is closed]]></system-out>
         <system-err><![CDATA[2023-11-06 11:15:54 - [TEST_CASE][FAILED] - Test Cases/Scripts_PRO/01 - Envio_Economico: Test Cases/Scripts_PRO/01 - Envio_Economico FAILED.
Reason:
com.kms.katalon.core.exception.StepFailedException: Recogidas / 01 - Envio Economico
	at com.kms.katalon.core.util.KeywordUtil.markFailed(KeywordUtil.java:19)
	at com.kms.katalon.core.util.KeywordUtil$markFailed.call(Unknown Source)
	at 01 - Envio_Economico.run(01 - Envio_Economico:202)
	at com.kms.katalon.core.main.ScriptEngine.run(ScriptEngine.java:194)
	at com.kms.katalon.core.main.ScriptEngine.runScriptAsRawText(ScriptEngine.java:119)
	at com.kms.katalon.core.main.TestCaseExecutor.runScript(TestCaseExecutor.java:430)
	at com.kms.katalon.core.main.TestCaseExecutor.doExecute(TestCaseExecutor.java:421)
	at com.kms.katalon.core.main.TestCaseExecutor.processExecutionPhase(TestCaseExecutor.java:400)
	at com.kms.katalon.core.main.TestCaseExecutor.accessMainPhase(TestCaseExecutor.java:392)
	at com.kms.katalon.core.main.TestCaseExecutor.execute(TestCaseExecutor.java:273)
	at com.kms.katalon.core.main.TestSuiteExecutor.accessTestCaseMainPhase(TestSuiteExecutor.java:202)
	at com.kms.katalon.core.main.TestSuiteExecutor.accessTestSuiteMainPhase(TestSuiteExecutor.java:164)
	at com.kms.katalon.core.main.TestSuiteExecutor.execute(TestSuiteExecutor.java:105)
	at com.kms.katalon.core.main.TestCaseMain.startTestSuite(TestCaseMain.java:185)
	at com.kms.katalon.core.main.TestCaseMain$startTestSuite$0.call(Unknown Source)
	at TempTestSuite1699265747342.run(TempTestSuite1699265747342.groovy:36)]]></system-err>
      </testcase>
      <testcase name="Test Cases/Scripts_PRO/02 - Envio_DuranteTodoElDia" time="194.858" classname="Test Cases/Scripts_PRO/02 - Envio_DuranteTodoElDia" status="FAILED">
         <failure type="FAILED" message="Test Cases/Scripts_PRO/02 - Envio_DuranteTodoElDia FAILED.
Reason:
com.kms.katalon.core.exception.StepFailedException: Recogidas / 02 - Envio durante todo el dia
	at com.kms.katalon.core.util.KeywordUtil.markFailed(KeywordUtil.java:19)
	at com.kms.katalon.core.util.KeywordUtil$markFailed.call(Unknown Source)
	at 02 - Envio_DuranteTodoElDia.run(02 - Envio_DuranteTodoElDia:200)
	at com.kms.katalon.core.main.ScriptEngine.run(ScriptEngine.java:194)
	at com.kms.katalon.core.main.ScriptEngine.runScriptAsRawText(ScriptEngine.java:119)
	at com.kms.katalon.core.main.TestCaseExecutor.runScript(TestCaseExecutor.java:430)
	at com.kms.katalon.core.main.TestCaseExecutor.doExecute(TestCaseExecutor.java:421)
	at com.kms.katalon.core.main.TestCaseExecutor.processExecutionPhase(TestCaseExecutor.java:400)
	at com.kms.katalon.core.main.TestCaseExecutor.accessMainPhase(TestCaseExecutor.java:392)
	at com.kms.katalon.core.main.TestCaseExecutor.execute(TestCaseExecutor.java:273)
	at com.kms.katalon.core.main.TestSuiteExecutor.accessTestCaseMainPhase(TestSuiteExecutor.java:202)
	at com.kms.katalon.core.main.TestSuiteExecutor.accessTestSuiteMainPhase(TestSuiteExecutor.java:164)
	at com.kms.katalon.core.main.TestSuiteExecutor.execute(TestSuiteExecutor.java:105)
	at com.kms.katalon.core.main.TestCaseMain.startTestSuite(TestCaseMain.java:185)
	at com.kms.katalon.core.main.TestCaseMain$startTestSuite$0.call(Unknown Source)
	at TempTestSuite1699265747342.run(TempTestSuite1699265747342.groovy:36)
"/>
         <system-out><![CDATA[2023-11-06 11:19:10 - [TEST_CASE][FAILED] - Test Cases/Scripts_PRO/02 - Envio_DuranteTodoElDia: Test Cases/Scripts_PRO/02 - Envio_DuranteTodoElDia FAILED.
Reason:
com.kms.katalon.core.exception.StepFailedException: Recogidas / 02 - Envio durante todo el dia
	at com.kms.katalon.core.util.KeywordUtil.markFailed(KeywordUtil.java:19)
	at com.kms.katalon.core.util.KeywordUtil$markFailed.call(Unknown Source)
	at 02 - Envio_DuranteTodoElDia.run(02 - Envio_DuranteTodoElDia:200)
	at com.kms.katalon.core.main.ScriptEngine.run(ScriptEngine.java:194)
	at com.kms.katalon.core.main.ScriptEngine.runScriptAsRawText(ScriptEngine.java:119)
	at com.kms.katalon.core.main.TestCaseExecutor.runScript(TestCaseExecutor.java:430)
	at com.kms.katalon.core.main.TestCaseExecutor.doExecute(TestCaseExecutor.java:421)
	at com.kms.katalon.core.main.TestCaseExecutor.processExecutionPhase(TestCaseExecutor.java:400)
	at com.kms.katalon.core.main.TestCaseExecutor.accessMainPhase(TestCaseExecutor.java:392)
	at com.kms.katalon.core.main.TestCaseExecutor.execute(TestCaseExecutor.java:273)
	at com.kms.katalon.core.main.TestSuiteExecutor.accessTestCaseMainPhase(TestSuiteExecutor.java:202)
	at com.kms.katalon.core.main.TestSuiteExecutor.accessTestSuiteMainPhase(TestSuiteExecutor.java:164)
	at com.kms.katalon.core.main.TestSuiteExecutor.execute(TestSuiteExecutor.java:105)
	at com.kms.katalon.core.main.TestCaseMain.startTestSuite(TestCaseMain.java:185)
	at com.kms.katalon.core.main.TestCaseMain$startTestSuite$0.call(Unknown Source)
	at TempTestSuite1699265747342.run(TempTestSuite1699265747342.groovy:36)


2023-11-06 11:19:10 - [TEST_STEP][PASSED] - setWebDriverPreferencesProperty("args", ["window-size=1920,1080"]): null

2023-11-06 11:19:10 - [TEST_STEP][FAILED] - try: Unable to set text 'Sara' of object 'Object Repository/Forms/Origen/input_Nombre' (Root cause: com.kms.katalon.core.exception.StepFailedException: Unable to set text 'Sara' of object 'Object Repository/Forms/Origen/input_Nombre'
	at com.kms.katalon.core.webui.keyword.internal.WebUIKeywordMain.stepFailed(WebUIKeywordMain.groovy:64)
	at com.kms.katalon.core.webui.keyword.internal.WebUIKeywordMain.runKeyword(WebUIKeywordMain.groovy:26)
	at com.kms.katalon.core.webui.keyword.builtin.SetTextKeyword.setText(SetTextKeyword.groovy:66)
	at com.kms.katalon.core.webui.keyword.builtin.SetTextKeyword.execute(SetTextKeyword.groovy:37)
	at com.kms.katalon.core.keyword.internal.KeywordExecutor.executeKeywordForPlatform(KeywordExecutor.groovy:74)
	at com.kms.katalon.core.webui.keyword.WebUiBuiltInKeywords.setText(WebUiBuiltInKeywords.groovy:966)
	at com.kms.katalon.core.webui.keyword.WebUiBuiltInKeywords$setText$5.call(Unknown Source)
	at 02 - Envio_DuranteTodoElDia.run(02 - Envio_DuranteTodoElDia:88)
	at com.kms.katalon.core.main.ScriptEngine.run(ScriptEngine.java:194)
	at com.kms.katalon.core.main.ScriptEngine.runScriptAsRawText(ScriptEngine.java:119)
	at com.kms.katalon.core.main.TestCaseExecutor.runScript(TestCaseExecutor.java:430)
	at com.kms.katalon.core.main.TestCaseExecutor.doExecute(TestCaseExecutor.java:421)
	at com.kms.katalon.core.main.TestCaseExecutor.processExecutionPhase(TestCaseExecutor.java:400)
	at com.kms.katalon.core.main.TestCaseExecutor.accessMainPhase(TestCaseExecutor.java:392)
	at com.kms.katalon.core.main.TestCaseExecutor.execute(TestCaseExecutor.java:273)
	at com.kms.katalon.core.main.TestSuiteExecutor.accessTestCaseMainPhase(TestSuiteExecutor.java:202)
	at com.kms.katalon.core.main.TestSuiteExecutor.accessTestSuiteMainPhase(TestSuiteExecutor.java:164)
	at com.kms.katalon.core.main.TestSuiteExecutor.execute(TestSuiteExecutor.java:105)
	at com.kms.katalon.core.main.TestCaseMain.startTestSuite(TestCaseMain.java:185)
	at com.kms.katalon.core.main.TestCaseMain$startTestSuite$0.call(Unknown Source)
	at TempTestSuite1699265747342.run(TempTestSuite1699265747342.groovy:36)
Caused by: org.openqa.selenium.ElementNotInteractableException: element not interactable
  (Session info: chrome=96.0.4664.45)
Build info: version: '3.141.59', revision: 'e82be7d358', time: '2018-11-14T08:25:53'
System info: host: 'SEU2K19KAT01', ip: '10.240.96.104', os.name: 'Windows Server 2019', os.arch: 'amd64', os.version: '10.0', java.version: '1.8.0_282'
Driver info: com.kms.katalon.selenium.driver.CChromeDriver
Capabilities {acceptInsecureCerts: false, browserName: chrome, browserVersion: 96.0.4664.45, chrome: {chromedriverVersion: 96.0.4664.45 (76e4c1bb2ab46..., userDataDir: C:\Windows\TEMP\scoped_dir9...}, goog:chromeOptions: {debuggerAddress: localhost:14811}, javascriptEnabled: true, networkConnectionEnabled: false, pageLoadStrategy: normal, platform: WINDOWS, platformName: WINDOWS, proxy: Proxy(), setWindowRect: true, strictFileInteractability: false, timeouts: {implicit: 0, pageLoad: 300000, script: 30000}, unhandledPromptBehavior: dismiss and notify, webauthn:extension:credBlob: true, webauthn:extension:largeBlob: true, webauthn:virtualAuthenticators: true}
Session ID: dc904bc8ef11635fce6569a060f022c4
	at org.openqa.selenium.remote.http.W3CHttpResponseCodec.createException(W3CHttpResponseCodec.java:187)
	at org.openqa.selenium.remote.http.W3CHttpResponseCodec.decode(W3CHttpResponseCodec.java:122)
	at org.openqa.selenium.remote.http.W3CHttpResponseCodec.decode(W3CHttpResponseCodec.java:49)
	at org.openqa.selenium.remote.HttpCommandExecutor.execute(HttpCommandExecutor.java:158)
	at org.openqa.selenium.remote.service.DriverCommandExecutor.execute(DriverCommandExecutor.java:83)
	at org.openqa.selenium.remote.RemoteWebDriver.execute(RemoteWebDriver.java:552)
	at com.kms.katalon.selenium.driver.CChromeDriver.execute(CChromeDriver.java:19)
	at org.openqa.selenium.remote.RemoteWebElement.execute(RemoteWebElement.java:285)
	at org.openqa.selenium.remote.RemoteWebElement.clear(RemoteWebElement.java:124)
	at org.openqa.selenium.support.events.EventFiringWebDriver$EventFiringWebElement.lambda$new$0(EventFiringWebDriver.java:404)
	at com.sun.proxy.$Proxy11.clear(Unknown Source)
	at org.openqa.selenium.support.events.EventFiringWebDriver$EventFiringWebElement.clear(EventFiringWebDriver.java:436)
	at com.kms.katalon.core.webui.keyword.builtin.SetTextKeyword$_setText_closure1.doCall(SetTextKeyword.groovy:53)
	at com.kms.katalon.core.webui.keyword.builtin.SetTextKeyword$_setText_closure1.call(SetTextKeyword.groovy)
	at com.kms.katalon.core.webui.keyword.internal.WebUIKeywordMain.runKeyword(WebUIKeywordMain.groovy:20)
	at com.kms.katalon.core.webui.keyword.builtin.SetTextKeyword.setText(SetTextKeyword.groovy:66)
	at com.kms.katalon.core.webui.keyword.builtin.SetTextKeyword.execute(SetTextKeyword.groovy:37)
	at com.kms.katalon.core.keyword.internal.KeywordExecutor.executeKeywordForPlatform(KeywordExecutor.groovy:74)
	at com.kms.katalon.core.webui.keyword.WebUiBuiltInKeywords.setText(WebUiBuiltInKeywords.groovy:966)
	at com.kms.katalon.core.webui.keyword.WebUiBuiltInKeywords$setText$5.call(Unknown Source)
	at Script1671027742209.run(Script1671027742209.groovy:88)
	... 13 more
)

2023-11-06 11:19:10 - [TEST_STEP][PASSED] - openBrowser(""): Browser is opened with url: ''

2023-11-06 11:19:10 - [MESSAGE][INFO] - Starting 'Chrome' driver

2023-11-06 11:19:10 - [MESSAGE][INFO] - User set preference: ['args', '[window-size=1920,1080]']

2023-11-06 11:19:10 - [MESSAGE][INFO] - Action delay is set to 0 milliseconds

2023-11-06 11:19:12 - [MESSAGE][PASSED] - Browser is opened with url: ''

2023-11-06 11:19:12 - [TEST_STEP][PASSED] - maximizeWindow(): Current window maximized

2023-11-06 11:19:12 - [MESSAGE][PASSED] - Current window maximized

2023-11-06 11:19:12 - [TEST_STEP][PASSED] - navigateToUrl("https://seur.com/envio-online2/new-shipping"): Navigate to 'https://seur.com/envio-online2/new-shipping' successfully

2023-11-06 11:19:57 - [MESSAGE][PASSED] - Navigate to 'https://seur.com/envio-online2/new-shipping' successfully

2023-11-06 11:19:57 - [TEST_STEP][PASSED] - delay(30): Delayed 30 second(s)

2023-11-06 11:20:27 - [MESSAGE][PASSED] - Delayed 30 second(s)

2023-11-06 11:20:27 - [TEST_STEP][PASSED] - waitForElementVisible(findTestObject("Object Repository/Log_In_Elements/button_Aceptar_Cookis"), 60, OPTIONAL): Object 'Object Repository/Log_In_Elements/button_Aceptar_Cookis' is visible

2023-11-06 11:20:27 - [MESSAGE][PASSED] - Object 'Object Repository/Log_In_Elements/button_Aceptar_Cookis' is visible

2023-11-06 11:20:27 - [TEST_STEP][PASSED] - waitForElementClickable(findTestObject("Object Repository/Log_In_Elements/button_Aceptar_Cookis"), 60, OPTIONAL): Object 'Object Repository/Log_In_Elements/button_Aceptar_Cookis' is clickable

2023-11-06 11:20:27 - [MESSAGE][PASSED] - Object 'Object Repository/Log_In_Elements/button_Aceptar_Cookis' is clickable

2023-11-06 11:20:27 - [TEST_STEP][PASSED] - click(findTestObject("Object Repository/Log_In_Elements/button_Aceptar_Cookis"), STOP_ON_FAILURE): Object: 'Object Repository/Log_In_Elements/button_Aceptar_Cookis' is clicked on

2023-11-06 11:20:27 - [MESSAGE][PASSED] - Object: 'Object Repository/Log_In_Elements/button_Aceptar_Cookis' is clicked on

2023-11-06 11:20:27 - [TEST_STEP][PASSED] - delay(5): Delayed 5 second(s)

2023-11-06 11:20:32 - [MESSAGE][PASSED] - Delayed 5 second(s)

2023-11-06 11:20:32 - [TEST_STEP][PASSED] - waitForElementVisible(findTestObject("Object Repository/Log_In_Elements/button_Siguiente"), 60, OPTIONAL): Object 'Object Repository/Log_In_Elements/button_Siguiente' is visible

2023-11-06 11:21:03 - [MESSAGE][PASSED] - Object 'Object Repository/Log_In_Elements/button_Siguiente' is visible

2023-11-06 11:21:03 - [TEST_STEP][PASSED] - waitForElementClickable(findTestObject("Object Repository/Log_In_Elements/button_Siguiente"), 60, OPTIONAL): Object 'Object Repository/Log_In_Elements/button_Siguiente' is clickable

2023-11-06 11:21:10 - [MESSAGE][PASSED] - Object 'Object Repository/Log_In_Elements/button_Siguiente' is clickable

2023-11-06 11:21:10 - [TEST_STEP][PASSED] - click(findTestObject("Object Repository/Log_In_Elements/button_Siguiente"), STOP_ON_FAILURE): Object: 'Object Repository/Log_In_Elements/button_Siguiente' is clicked on

2023-11-06 11:21:10 - [MESSAGE][PASSED] - Object: 'Object Repository/Log_In_Elements/button_Siguiente' is clicked on

2023-11-06 11:21:10 - [TEST_STEP][PASSED] - delay(5): Delayed 5 second(s)

2023-11-06 11:21:15 - [MESSAGE][PASSED] - Delayed 5 second(s)

2023-11-06 11:21:15 - [TEST_STEP][PASSED] - waitForElementVisible(findTestObject("Origen_Destino_Paquetes/input_Origen"), 60, OPTIONAL): Object 'Object Repository/Origen_Destino_Paquetes/input_Origen' is visible

2023-11-06 11:21:15 - [MESSAGE][PASSED] - Object 'Object Repository/Origen_Destino_Paquetes/input_Origen' is visible

2023-11-06 11:21:15 - [TEST_STEP][PASSED] - waitForElementClickable(findTestObject("Origen_Destino_Paquetes/input_Origen"), 60, OPTIONAL): Object 'Object Repository/Origen_Destino_Paquetes/input_Origen' is clickable

2023-11-06 11:21:16 - [MESSAGE][PASSED] - Object 'Object Repository/Origen_Destino_Paquetes/input_Origen' is clickable

2023-11-06 11:21:16 - [TEST_STEP][PASSED] - setText(findTestObject("Origen_Destino_Paquetes/input_Origen"), codPostalRem, STOP_ON_FAILURE): Text '29700' is set on object 'Object Repository/Origen_Destino_Paquetes/input_Origen'

2023-11-06 11:21:16 - [MESSAGE][PASSED] - Text '29700' is set on object 'Object Repository/Origen_Destino_Paquetes/input_Origen'

2023-11-06 11:21:16 - [TEST_STEP][PASSED] - delay(2): Delayed 2 second(s)

2023-11-06 11:21:18 - [MESSAGE][PASSED] - Delayed 2 second(s)

2023-11-06 11:21:18 - [TEST_STEP][PASSED] - waitForElementVisible(findTestObject("Origen_Destino_Paquetes/span_29700 - VELEZ-MALAGA"), 60, OPTIONAL): Object 'Object Repository/Origen_Destino_Paquetes/span_29700 - VELEZ-MALAGA' is visible

2023-11-06 11:21:19 - [MESSAGE][PASSED] - Object 'Object Repository/Origen_Destino_Paquetes/span_29700 - VELEZ-MALAGA' is visible

2023-11-06 11:21:19 - [TEST_STEP][PASSED] - waitForElementClickable(findTestObject("Origen_Destino_Paquetes/span_29700 - VELEZ-MALAGA"), 60, OPTIONAL): Object 'Object Repository/Origen_Destino_Paquetes/span_29700 - VELEZ-MALAGA' is clickable

2023-11-06 11:21:19 - [MESSAGE][PASSED] - Object 'Object Repository/Origen_Destino_Paquetes/span_29700 - VELEZ-MALAGA' is clickable

2023-11-06 11:21:19 - [TEST_STEP][PASSED] - click(findTestObject("Origen_Destino_Paquetes/span_29700 - VELEZ-MALAGA"), STOP_ON_FAILURE): Object: 'Object Repository/Origen_Destino_Paquetes/span_29700 - VELEZ-MALAGA' is clicked on

2023-11-06 11:21:19 - [MESSAGE][PASSED] - Object: 'Object Repository/Origen_Destino_Paquetes/span_29700 - VELEZ-MALAGA' is clicked on

2023-11-06 11:21:19 - [TEST_STEP][PASSED] - waitForElementVisible(findTestObject("Origen_Destino_Paquetes/input_Destino"), 60, OPTIONAL): Object 'Object Repository/Origen_Destino_Paquetes/input_Destino' is visible

2023-11-06 11:21:20 - [MESSAGE][PASSED] - Object 'Object Repository/Origen_Destino_Paquetes/input_Destino' is visible

2023-11-06 11:21:20 - [TEST_STEP][PASSED] - waitForElementClickable(findTestObject("Origen_Destino_Paquetes/input_Destino"), 60, OPTIONAL): Object 'Object Repository/Origen_Destino_Paquetes/input_Destino' is clickable

2023-11-06 11:21:20 - [MESSAGE][PASSED] - Object 'Object Repository/Origen_Destino_Paquetes/input_Destino' is clickable

2023-11-06 11:21:20 - [TEST_STEP][PASSED] - setText(findTestObject("Origen_Destino_Paquetes/input_Destino"), codPostalDes, STOP_ON_FAILURE): Text '28010' is set on object 'Object Repository/Origen_Destino_Paquetes/input_Destino'

2023-11-06 11:21:21 - [MESSAGE][PASSED] - Text '28010' is set on object 'Object Repository/Origen_Destino_Paquetes/input_Destino'

2023-11-06 11:21:21 - [TEST_STEP][PASSED] - delay(2): Delayed 2 second(s)

2023-11-06 11:21:23 - [MESSAGE][PASSED] - Delayed 2 second(s)

2023-11-06 11:21:23 - [TEST_STEP][PASSED] - waitForElementVisible(findTestObject("Origen_Destino_Paquetes/span_28010 - MADRID"), 60, OPTIONAL): Object 'Object Repository/Origen_Destino_Paquetes/span_28010 - MADRID' is visible

2023-11-06 11:21:23 - [MESSAGE][PASSED] - Object 'Object Repository/Origen_Destino_Paquetes/span_28010 - MADRID' is visible

2023-11-06 11:21:23 - [TEST_STEP][PASSED] - waitForElementClickable(findTestObject("Origen_Destino_Paquetes/span_28010 - MADRID"), 60, OPTIONAL): Object 'Object Repository/Origen_Destino_Paquetes/span_28010 - MADRID' is clickable

2023-11-06 11:21:23 - [MESSAGE][PASSED] - Object 'Object Repository/Origen_Destino_Paquetes/span_28010 - MADRID' is clickable

2023-11-06 11:21:23 - [TEST_STEP][PASSED] - delay(2): Delayed 2 second(s)

2023-11-06 11:21:25 - [MESSAGE][PASSED] - Delayed 2 second(s)

2023-11-06 11:21:25 - [TEST_STEP][PASSED] - click(findTestObject("Origen_Destino_Paquetes/span_28010 - MADRID"), STOP_ON_FAILURE): Object: 'Object Repository/Origen_Destino_Paquetes/span_28010 - MADRID' is clicked on

2023-11-06 11:21:25 - [MESSAGE][PASSED] - Object: 'Object Repository/Origen_Destino_Paquetes/span_28010 - MADRID' is clicked on

2023-11-06 11:21:25 - [TEST_STEP][PASSED] - waitForElementVisible(findTestObject("Origen_Destino_Paquetes/input_Paquete_peso"), 60, OPTIONAL): Object 'Object Repository/Origen_Destino_Paquetes/input_Paquete_peso' is visible

2023-11-06 11:21:26 - [MESSAGE][PASSED] - Object 'Object Repository/Origen_Destino_Paquetes/input_Paquete_peso' is visible

2023-11-06 11:21:26 - [TEST_STEP][PASSED] - waitForElementClickable(findTestObject("Origen_Destino_Paquetes/input_Paquete_peso"), 60, OPTIONAL): Object 'Object Repository/Origen_Destino_Paquetes/input_Paquete_peso' is clickable

2023-11-06 11:21:26 - [MESSAGE][PASSED] - Object 'Object Repository/Origen_Destino_Paquetes/input_Paquete_peso' is clickable

2023-11-06 11:21:26 - [TEST_STEP][PASSED] - setText(findTestObject("Origen_Destino_Paquetes/input_Paquete_peso"), pesoPaquete, STOP_ON_FAILURE): Text '2.5' is set on object 'Object Repository/Origen_Destino_Paquetes/input_Paquete_peso'

2023-11-06 11:21:27 - [MESSAGE][PASSED] - Text '2.5' is set on object 'Object Repository/Origen_Destino_Paquetes/input_Paquete_peso'

2023-11-06 11:21:27 - [TEST_STEP][PASSED] - waitForElementVisible(findTestObject("Origen_Destino_Paquetes/input_Paquete_largo"), 60, OPTIONAL): Object 'Object Repository/Origen_Destino_Paquetes/input_Paquete_largo' is visible

2023-11-06 11:21:27 - [MESSAGE][PASSED] - Object 'Object Repository/Origen_Destino_Paquetes/input_Paquete_largo' is visible

2023-11-06 11:21:27 - [TEST_STEP][PASSED] - waitForElementClickable(findTestObject("Origen_Destino_Paquetes/input_Paquete_largo"), 60, OPTIONAL): Object 'Object Repository/Origen_Destino_Paquetes/input_Paquete_largo' is clickable

2023-11-06 11:21:28 - [MESSAGE][PASSED] - Object 'Object Repository/Origen_Destino_Paquetes/input_Paquete_largo' is clickable

2023-11-06 11:21:28 - [TEST_STEP][PASSED] - setText(findTestObject("Origen_Destino_Paquetes/input_Paquete_largo"), largoPaquete, STOP_ON_FAILURE): Text '10' is set on object 'Object Repository/Origen_Destino_Paquetes/input_Paquete_largo'

2023-11-06 11:21:28 - [MESSAGE][PASSED] - Text '10' is set on object 'Object Repository/Origen_Destino_Paquetes/input_Paquete_largo'

2023-11-06 11:21:28 - [TEST_STEP][PASSED] - waitForElementVisible(findTestObject("Origen_Destino_Paquetes/input_Paquete_Ancho"), 60, OPTIONAL): Object 'Object Repository/Origen_Destino_Paquetes/input_Paquete_Ancho' is visible

2023-11-06 11:21:29 - [MESSAGE][PASSED] - Object 'Object Repository/Origen_Destino_Paquetes/input_Paquete_Ancho' is visible

2023-11-06 11:21:29 - [TEST_STEP][PASSED] - waitForElementClickable(findTestObject("Origen_Destino_Paquetes/input_Paquete_Ancho"), 60, OPTIONAL): Object 'Object Repository/Origen_Destino_Paquetes/input_Paquete_Ancho' is clickable

2023-11-06 11:21:29 - [MESSAGE][PASSED] - Object 'Object Repository/Origen_Destino_Paquetes/input_Paquete_Ancho' is clickable

2023-11-06 11:21:29 - [TEST_STEP][PASSED] - setText(findTestObject("Origen_Destino_Paquetes/input_Paquete_Ancho"), anchoPaquete, STOP_ON_FAILURE): Text '5' is set on object 'Object Repository/Origen_Destino_Paquetes/input_Paquete_Ancho'

2023-11-06 11:21:29 - [MESSAGE][PASSED] - Text '5' is set on object 'Object Repository/Origen_Destino_Paquetes/input_Paquete_Ancho'

2023-11-06 11:21:29 - [TEST_STEP][PASSED] - waitForElementVisible(findTestObject("Origen_Destino_Paquetes/input_Paquete_Alto"), 60, OPTIONAL): Object 'Object Repository/Origen_Destino_Paquetes/input_Paquete_Alto' is visible

2023-11-06 11:21:30 - [MESSAGE][PASSED] - Object 'Object Repository/Origen_Destino_Paquetes/input_Paquete_Alto' is visible

2023-11-06 11:21:30 - [TEST_STEP][PASSED] - waitForElementClickable(findTestObject("Origen_Destino_Paquetes/input_Paquete_Alto"), 60, OPTIONAL): Object 'Object Repository/Origen_Destino_Paquetes/input_Paquete_Alto' is clickable

2023-11-06 11:21:30 - [MESSAGE][PASSED] - Object 'Object Repository/Origen_Destino_Paquetes/input_Paquete_Alto' is clickable

2023-11-06 11:21:30 - [TEST_STEP][PASSED] - setText(findTestObject("Origen_Destino_Paquetes/input_Paquete_Alto"), altoPaquete, STOP_ON_FAILURE): Text '10' is set on object 'Object Repository/Origen_Destino_Paquetes/input_Paquete_Alto'

2023-11-06 11:21:31 - [MESSAGE][PASSED] - Text '10' is set on object 'Object Repository/Origen_Destino_Paquetes/input_Paquete_Alto'

2023-11-06 11:21:31 - [TEST_STEP][PASSED] - waitForElementVisible(findTestObject("Origen_Destino_Paquetes/button_Calcula tu envio"), 60, OPTIONAL): Object 'Object Repository/Origen_Destino_Paquetes/button_Calcula tu envio' is visible

2023-11-06 11:21:31 - [MESSAGE][PASSED] - Object 'Object Repository/Origen_Destino_Paquetes/button_Calcula tu envio' is visible

2023-11-06 11:21:31 - [TEST_STEP][PASSED] - waitForElementClickable(findTestObject("Origen_Destino_Paquetes/button_Calcula tu envio"), 60, OPTIONAL): Object 'Object Repository/Origen_Destino_Paquetes/button_Calcula tu envio' is clickable

2023-11-06 11:21:32 - [MESSAGE][PASSED] - Object 'Object Repository/Origen_Destino_Paquetes/button_Calcula tu envio' is clickable

2023-11-06 11:21:32 - [TEST_STEP][PASSED] - click(findTestObject("Origen_Destino_Paquetes/button_Calcula tu envio"), STOP_ON_FAILURE): Object: 'Object Repository/Origen_Destino_Paquetes/button_Calcula tu envio' is clicked on

2023-11-06 11:21:32 - [MESSAGE][PASSED] - Object: 'Object Repository/Origen_Destino_Paquetes/button_Calcula tu envio' is clicked on

2023-11-06 11:21:32 - [TEST_STEP][PASSED] - waitForElementVisible(findTestObject("Seur_Envio_Durante_Todo_El_Dia/button_Contratar_Durante todo el dia"), 60, OPTIONAL): Object 'Object Repository/Seur_Envio_Durante_Todo_El_Dia/button_Contratar_Durante todo el dia' is visible

2023-11-06 11:21:34 - [MESSAGE][PASSED] - Object 'Object Repository/Seur_Envio_Durante_Todo_El_Dia/button_Contratar_Durante todo el dia' is visible

2023-11-06 11:21:34 - [TEST_STEP][PASSED] - waitForElementClickable(findTestObject("Seur_Envio_Durante_Todo_El_Dia/button_Contratar_Durante todo el dia"), 60, OPTIONAL): Object 'Object Repository/Seur_Envio_Durante_Todo_El_Dia/button_Contratar_Durante todo el dia' is clickable

2023-11-06 11:21:34 - [MESSAGE][PASSED] - Object 'Object Repository/Seur_Envio_Durante_Todo_El_Dia/button_Contratar_Durante todo el dia' is clickable

2023-11-06 11:21:34 - [TEST_STEP][PASSED] - click(findTestObject("Seur_Envio_Durante_Todo_El_Dia/button_Contratar_Durante todo el dia"), STOP_ON_FAILURE): Object: 'Object Repository/Seur_Envio_Durante_Todo_El_Dia/button_Contratar_Durante todo el dia' is clicked on

2023-11-06 11:21:35 - [MESSAGE][PASSED] - Object: 'Object Repository/Seur_Envio_Durante_Todo_El_Dia/button_Contratar_Durante todo el dia' is clicked on

2023-11-06 11:21:35 - [TEST_STEP][PASSED] - waitForElementVisible(findTestObject("Forms/Origen/input_Nombre"), 60, OPTIONAL): Unable to wait for object 'Object Repository/Forms/Origen/input_Nombre' to be visible (Root cause: com.kms.katalon.core.exception.StepFailedException: Unable to wait for object 'Object Repository/Forms/Origen/input_Nombre' to be visible
	at com.kms.katalon.core.webui.keyword.internal.WebUIKeywordMain.stepFailed(WebUIKeywordMain.groovy:64)
	at com.kms.katalon.core.webui.keyword.internal.WebUIKeywordMain.runKeyword(WebUIKeywordMain.groovy:26)
	at com.kms.katalon.core.webui.keyword.internal.WebUIKeywordMain$runKeyword.call(Unknown Source)
	at com.kms.katalon.core.webui.keyword.builtin.WaitForElementVisibleKeyword.waitForElementVisible(WaitForElementVisibleKeyword.groovy:98)
	at com.kms.katalon.core.webui.keyword.builtin.WaitForElementVisibleKeyword.execute(WaitForElementVisibleKeyword.groovy:68)
	at com.kms.katalon.core.keyword.internal.KeywordExecutor.executeKeywordForPlatform(KeywordExecutor.groovy:74)
	at com.kms.katalon.core.webui.keyword.WebUiBuiltInKeywords.waitForElementVisible(WebUiBuiltInKeywords.groovy:422)
	at com.kms.katalon.core.webui.keyword.WebUiBuiltInKeywords$waitForElementVisible$2.call(Unknown Source)
	at 02 - Envio_DuranteTodoElDia.run(02 - Envio_DuranteTodoElDia:86)
	at com.kms.katalon.core.main.ScriptEngine.run(ScriptEngine.java:194)
	at com.kms.katalon.core.main.ScriptEngine.runScriptAsRawText(ScriptEngine.java:119)
	at com.kms.katalon.core.main.TestCaseExecutor.runScript(TestCaseExecutor.java:430)
	at com.kms.katalon.core.main.TestCaseExecutor.doExecute(TestCaseExecutor.java:421)
	at com.kms.katalon.core.main.TestCaseExecutor.processExecutionPhase(TestCaseExecutor.java:400)
	at com.kms.katalon.core.main.TestCaseExecutor.accessMainPhase(TestCaseExecutor.java:392)
	at com.kms.katalon.core.main.TestCaseExecutor.execute(TestCaseExecutor.java:273)
	at com.kms.katalon.core.main.TestSuiteExecutor.accessTestCaseMainPhase(TestSuiteExecutor.java:202)
	at com.kms.katalon.core.main.TestSuiteExecutor.accessTestSuiteMainPhase(TestSuiteExecutor.java:164)
	at com.kms.katalon.core.main.TestSuiteExecutor.execute(TestSuiteExecutor.java:105)
	at com.kms.katalon.core.main.TestCaseMain.startTestSuite(TestCaseMain.java:185)
	at com.kms.katalon.core.main.TestCaseMain$startTestSuite$0.call(Unknown Source)
	at TempTestSuite1699265747342.run(TempTestSuite1699265747342.groovy:36)
Caused by: org.openqa.selenium.ScriptTimeoutException: script timeout
  (Session info: chrome=96.0.4664.45)
Build info: version: '3.141.59', revision: 'e82be7d358', time: '2018-11-14T08:25:53'
System info: host: 'SEU2K19KAT01', ip: '10.240.96.104', os.name: 'Windows Server 2019', os.arch: 'amd64', os.version: '10.0', java.version: '1.8.0_282'
Driver info: com.kms.katalon.selenium.driver.CChromeDriver
Capabilities {acceptInsecureCerts: false, browserName: chrome, browserVersion: 96.0.4664.45, chrome: {chromedriverVersion: 96.0.4664.45 (76e4c1bb2ab46..., userDataDir: C:\Windows\TEMP\scoped_dir9...}, goog:chromeOptions: {debuggerAddress: localhost:14811}, javascriptEnabled: true, networkConnectionEnabled: false, pageLoadStrategy: normal, platform: WINDOWS, platformName: WINDOWS, proxy: Proxy(), setWindowRect: true, strictFileInteractability: false, timeouts: {implicit: 0, pageLoad: 300000, script: 30000}, unhandledPromptBehavior: dismiss and notify, webauthn:extension:credBlob: true, webauthn:extension:largeBlob: true, webauthn:virtualAuthenticators: true}
Session ID: dc904bc8ef11635fce6569a060f022c4
	at org.openqa.selenium.remote.http.W3CHttpResponseCodec.createException(W3CHttpResponseCodec.java:187)
	at org.openqa.selenium.remote.http.W3CHttpResponseCodec.decode(W3CHttpResponseCodec.java:122)
	at org.openqa.selenium.remote.http.W3CHttpResponseCodec.decode(W3CHttpResponseCodec.java:49)
	at org.openqa.selenium.remote.HttpCommandExecutor.execute(HttpCommandExecutor.java:158)
	at org.openqa.selenium.remote.service.DriverCommandExecutor.execute(DriverCommandExecutor.java:83)
	at org.openqa.selenium.remote.RemoteWebDriver.execute(RemoteWebDriver.java:552)
	at com.kms.katalon.selenium.driver.CChromeDriver.execute(CChromeDriver.java:19)
	at org.openqa.selenium.remote.RemoteWebElement.execute(RemoteWebElement.java:285)
	at org.openqa.selenium.remote.RemoteWebElement.isDisplayed(RemoteWebElement.java:326)
	at org.openqa.selenium.support.events.EventFiringWebDriver$EventFiringWebElement.lambda$new$0(EventFiringWebDriver.java:404)
	at com.sun.proxy.$Proxy11.isDisplayed(Unknown Source)
	at org.openqa.selenium.support.events.EventFiringWebDriver$EventFiringWebElement.isDisplayed(EventFiringWebDriver.java:470)
	at org.openqa.selenium.support.ui.ExpectedConditions.elementIfVisible(ExpectedConditions.java:314)
	at org.openqa.selenium.support.ui.ExpectedConditions.access$000(ExpectedConditions.java:43)
	at org.openqa.selenium.support.ui.ExpectedConditions$10.apply(ExpectedConditions.java:300)
	at org.openqa.selenium.support.ui.ExpectedConditions$10.apply(ExpectedConditions.java:297)
	at org.openqa.selenium.support.ui.FluentWait.until(FluentWait.java:249)
	at org.openqa.selenium.support.ui.Wait$until.call(Unknown Source)
	at com.kms.katalon.core.webui.keyword.builtin.WaitForElementVisibleKeyword$_waitForElementVisible_closure1.doCall(WaitForElementVisibleKeyword.groovy:81)
	at com.kms.katalon.core.webui.keyword.builtin.WaitForElementVisibleKeyword$_waitForElementVisible_closure1.doCall(WaitForElementVisibleKeyword.groovy)
	at com.kms.katalon.core.webui.keyword.internal.WebUIKeywordMain.runKeyword(WebUIKeywordMain.groovy:20)
	at com.kms.katalon.core.webui.keyword.internal.WebUIKeywordMain$runKeyword.call(Unknown Source)
	at com.kms.katalon.core.webui.keyword.builtin.WaitForElementVisibleKeyword.waitForElementVisible(WaitForElementVisibleKeyword.groovy:98)
	at com.kms.katalon.core.webui.keyword.builtin.WaitForElementVisibleKeyword.execute(WaitForElementVisibleKeyword.groovy:68)
	at com.kms.katalon.core.keyword.internal.KeywordExecutor.executeKeywordForPlatform(KeywordExecutor.groovy:74)
	at com.kms.katalon.core.webui.keyword.WebUiBuiltInKeywords.waitForElementVisible(WebUiBuiltInKeywords.groovy:422)
	at com.kms.katalon.core.webui.keyword.WebUiBuiltInKeywords$waitForElementVisible$2.call(Unknown Source)
	at Script1671027742209.run(Script1671027742209.groovy:86)
	... 13 more
)

2023-11-06 11:22:23 - [MESSAGE][WARNING] - Unable to wait for object 'Object Repository/Forms/Origen/input_Nombre' to be visible (Root cause: com.kms.katalon.core.exception.StepFailedException: Unable to wait for object 'Object Repository/Forms/Origen/input_Nombre' to be visible
	at com.kms.katalon.core.webui.keyword.internal.WebUIKeywordMain.stepFailed(WebUIKeywordMain.groovy:64)
	at com.kms.katalon.core.webui.keyword.internal.WebUIKeywordMain.runKeyword(WebUIKeywordMain.groovy:26)
	at com.kms.katalon.core.webui.keyword.internal.WebUIKeywordMain$runKeyword.call(Unknown Source)
	at com.kms.katalon.core.webui.keyword.builtin.WaitForElementVisibleKeyword.waitForElementVisible(WaitForElementVisibleKeyword.groovy:98)
	at com.kms.katalon.core.webui.keyword.builtin.WaitForElementVisibleKeyword.execute(WaitForElementVisibleKeyword.groovy:68)
	at com.kms.katalon.core.keyword.internal.KeywordExecutor.executeKeywordForPlatform(KeywordExecutor.groovy:74)
	at com.kms.katalon.core.webui.keyword.WebUiBuiltInKeywords.waitForElementVisible(WebUiBuiltInKeywords.groovy:422)
	at com.kms.katalon.core.webui.keyword.WebUiBuiltInKeywords$waitForElementVisible$2.call(Unknown Source)
	at 02 - Envio_DuranteTodoElDia.run(02 - Envio_DuranteTodoElDia:86)
	at com.kms.katalon.core.main.ScriptEngine.run(ScriptEngine.java:194)
	at com.kms.katalon.core.main.ScriptEngine.runScriptAsRawText(ScriptEngine.java:119)
	at com.kms.katalon.core.main.TestCaseExecutor.runScript(TestCaseExecutor.java:430)
	at com.kms.katalon.core.main.TestCaseExecutor.doExecute(TestCaseExecutor.java:421)
	at com.kms.katalon.core.main.TestCaseExecutor.processExecutionPhase(TestCaseExecutor.java:400)
	at com.kms.katalon.core.main.TestCaseExecutor.accessMainPhase(TestCaseExecutor.java:392)
	at com.kms.katalon.core.main.TestCaseExecutor.execute(TestCaseExecutor.java:273)
	at com.kms.katalon.core.main.TestSuiteExecutor.accessTestCaseMainPhase(TestSuiteExecutor.java:202)
	at com.kms.katalon.core.main.TestSuiteExecutor.accessTestSuiteMainPhase(TestSuiteExecutor.java:164)
	at com.kms.katalon.core.main.TestSuiteExecutor.execute(TestSuiteExecutor.java:105)
	at com.kms.katalon.core.main.TestCaseMain.startTestSuite(TestCaseMain.java:185)
	at com.kms.katalon.core.main.TestCaseMain$startTestSuite$0.call(Unknown Source)
	at TempTestSuite1699265747342.run(TempTestSuite1699265747342.groovy:36)
Caused by: org.openqa.selenium.ScriptTimeoutException: script timeout
  (Session info: chrome=96.0.4664.45)
Build info: version: '3.141.59', revision: 'e82be7d358', time: '2018-11-14T08:25:53'
System info: host: 'SEU2K19KAT01', ip: '10.240.96.104', os.name: 'Windows Server 2019', os.arch: 'amd64', os.version: '10.0', java.version: '1.8.0_282'
Driver info: com.kms.katalon.selenium.driver.CChromeDriver
Capabilities {acceptInsecureCerts: false, browserName: chrome, browserVersion: 96.0.4664.45, chrome: {chromedriverVersion: 96.0.4664.45 (76e4c1bb2ab46..., userDataDir: C:\Windows\TEMP\scoped_dir9...}, goog:chromeOptions: {debuggerAddress: localhost:14811}, javascriptEnabled: true, networkConnectionEnabled: false, pageLoadStrategy: normal, platform: WINDOWS, platformName: WINDOWS, proxy: Proxy(), setWindowRect: true, strictFileInteractability: false, timeouts: {implicit: 0, pageLoad: 300000, script: 30000}, unhandledPromptBehavior: dismiss and notify, webauthn:extension:credBlob: true, webauthn:extension:largeBlob: true, webauthn:virtualAuthenticators: true}
Session ID: dc904bc8ef11635fce6569a060f022c4
	at org.openqa.selenium.remote.http.W3CHttpResponseCodec.createException(W3CHttpResponseCodec.java:187)
	at org.openqa.selenium.remote.http.W3CHttpResponseCodec.decode(W3CHttpResponseCodec.java:122)
	at org.openqa.selenium.remote.http.W3CHttpResponseCodec.decode(W3CHttpResponseCodec.java:49)
	at org.openqa.selenium.remote.HttpCommandExecutor.execute(HttpCommandExecutor.java:158)
	at org.openqa.selenium.remote.service.DriverCommandExecutor.execute(DriverCommandExecutor.java:83)
	at org.openqa.selenium.remote.RemoteWebDriver.execute(RemoteWebDriver.java:552)
	at com.kms.katalon.selenium.driver.CChromeDriver.execute(CChromeDriver.java:19)
	at org.openqa.selenium.remote.RemoteWebElement.execute(RemoteWebElement.java:285)
	at org.openqa.selenium.remote.RemoteWebElement.isDisplayed(RemoteWebElement.java:326)
	at org.openqa.selenium.support.events.EventFiringWebDriver$EventFiringWebElement.lambda$new$0(EventFiringWebDriver.java:404)
	at com.sun.proxy.$Proxy11.isDisplayed(Unknown Source)
	at org.openqa.selenium.support.events.EventFiringWebDriver$EventFiringWebElement.isDisplayed(EventFiringWebDriver.java:470)
	at org.openqa.selenium.support.ui.ExpectedConditions.elementIfVisible(ExpectedConditions.java:314)
	at org.openqa.selenium.support.ui.ExpectedConditions.access$000(ExpectedConditions.java:43)
	at org.openqa.selenium.support.ui.ExpectedConditions$10.apply(ExpectedConditions.java:300)
	at org.openqa.selenium.support.ui.ExpectedConditions$10.apply(ExpectedConditions.java:297)
	at org.openqa.selenium.support.ui.FluentWait.until(FluentWait.java:249)
	at org.openqa.selenium.support.ui.Wait$until.call(Unknown Source)
	at com.kms.katalon.core.webui.keyword.builtin.WaitForElementVisibleKeyword$_waitForElementVisible_closure1.doCall(WaitForElementVisibleKeyword.groovy:81)
	at com.kms.katalon.core.webui.keyword.builtin.WaitForElementVisibleKeyword$_waitForElementVisible_closure1.doCall(WaitForElementVisibleKeyword.groovy)
	at com.kms.katalon.core.webui.keyword.internal.WebUIKeywordMain.runKeyword(WebUIKeywordMain.groovy:20)
	at com.kms.katalon.core.webui.keyword.internal.WebUIKeywordMain$runKeyword.call(Unknown Source)
	at com.kms.katalon.core.webui.keyword.builtin.WaitForElementVisibleKeyword.waitForElementVisible(WaitForElementVisibleKeyword.groovy:98)
	at com.kms.katalon.core.webui.keyword.builtin.WaitForElementVisibleKeyword.execute(WaitForElementVisibleKeyword.groovy:68)
	at com.kms.katalon.core.keyword.internal.KeywordExecutor.executeKeywordForPlatform(KeywordExecutor.groovy:74)
	at com.kms.katalon.core.webui.keyword.WebUiBuiltInKeywords.waitForElementVisible(WebUiBuiltInKeywords.groovy:422)
	at com.kms.katalon.core.webui.keyword.WebUiBuiltInKeywords$waitForElementVisible$2.call(Unknown Source)
	at Script1671027742209.run(Script1671027742209.groovy:86)
	... 13 more
)
[[ATTACHMENT|C:\\Jenkins\\workspace\\Katalon_WebRecogidas_PRO\\Reports\\20231106_111546\\TS_Envios_PRO\\20231106_111547\\1699266143665.png]]

2023-11-06 11:22:23 - [TEST_STEP][PASSED] - waitForElementClickable(findTestObject("Forms/Origen/input_Nombre"), 60, OPTIONAL): Object 'Object Repository/Forms/Origen/input_Nombre' is clickable

2023-11-06 11:22:24 - [MESSAGE][PASSED] - Object 'Object Repository/Forms/Origen/input_Nombre' is clickable

2023-11-06 11:22:24 - [TEST_STEP][FAILED] - setText(findTestObject("Forms/Origen/input_Nombre"), nombreRem, STOP_ON_FAILURE): Unable to set text 'Sara' of object 'Object Repository/Forms/Origen/input_Nombre' (Root cause: com.kms.katalon.core.exception.StepFailedException: Unable to set text 'Sara' of object 'Object Repository/Forms/Origen/input_Nombre'
	at com.kms.katalon.core.webui.keyword.internal.WebUIKeywordMain.stepFailed(WebUIKeywordMain.groovy:64)
	at com.kms.katalon.core.webui.keyword.internal.WebUIKeywordMain.runKeyword(WebUIKeywordMain.groovy:26)
	at com.kms.katalon.core.webui.keyword.builtin.SetTextKeyword.setText(SetTextKeyword.groovy:66)
	at com.kms.katalon.core.webui.keyword.builtin.SetTextKeyword.execute(SetTextKeyword.groovy:37)
	at com.kms.katalon.core.keyword.internal.KeywordExecutor.executeKeywordForPlatform(KeywordExecutor.groovy:74)
	at com.kms.katalon.core.webui.keyword.WebUiBuiltInKeywords.setText(WebUiBuiltInKeywords.groovy:966)
	at com.kms.katalon.core.webui.keyword.WebUiBuiltInKeywords$setText$5.call(Unknown Source)
	at 02 - Envio_DuranteTodoElDia.run(02 - Envio_DuranteTodoElDia:88)
	at com.kms.katalon.core.main.ScriptEngine.run(ScriptEngine.java:194)
	at com.kms.katalon.core.main.ScriptEngine.runScriptAsRawText(ScriptEngine.java:119)
	at com.kms.katalon.core.main.TestCaseExecutor.runScript(TestCaseExecutor.java:430)
	at com.kms.katalon.core.main.TestCaseExecutor.doExecute(TestCaseExecutor.java:421)
	at com.kms.katalon.core.main.TestCaseExecutor.processExecutionPhase(TestCaseExecutor.java:400)
	at com.kms.katalon.core.main.TestCaseExecutor.accessMainPhase(TestCaseExecutor.java:392)
	at com.kms.katalon.core.main.TestCaseExecutor.execute(TestCaseExecutor.java:273)
	at com.kms.katalon.core.main.TestSuiteExecutor.accessTestCaseMainPhase(TestSuiteExecutor.java:202)
	at com.kms.katalon.core.main.TestSuiteExecutor.accessTestSuiteMainPhase(TestSuiteExecutor.java:164)
	at com.kms.katalon.core.main.TestSuiteExecutor.execute(TestSuiteExecutor.java:105)
	at com.kms.katalon.core.main.TestCaseMain.startTestSuite(TestCaseMain.java:185)
	at com.kms.katalon.core.main.TestCaseMain$startTestSuite$0.call(Unknown Source)
	at TempTestSuite1699265747342.run(TempTestSuite1699265747342.groovy:36)
Caused by: org.openqa.selenium.ElementNotInteractableException: element not interactable
  (Session info: chrome=96.0.4664.45)
Build info: version: '3.141.59', revision: 'e82be7d358', time: '2018-11-14T08:25:53'
System info: host: 'SEU2K19KAT01', ip: '10.240.96.104', os.name: 'Windows Server 2019', os.arch: 'amd64', os.version: '10.0', java.version: '1.8.0_282'
Driver info: com.kms.katalon.selenium.driver.CChromeDriver
Capabilities {acceptInsecureCerts: false, browserName: chrome, browserVersion: 96.0.4664.45, chrome: {chromedriverVersion: 96.0.4664.45 (76e4c1bb2ab46..., userDataDir: C:\Windows\TEMP\scoped_dir9...}, goog:chromeOptions: {debuggerAddress: localhost:14811}, javascriptEnabled: true, networkConnectionEnabled: false, pageLoadStrategy: normal, platform: WINDOWS, platformName: WINDOWS, proxy: Proxy(), setWindowRect: true, strictFileInteractability: false, timeouts: {implicit: 0, pageLoad: 300000, script: 30000}, unhandledPromptBehavior: dismiss and notify, webauthn:extension:credBlob: true, webauthn:extension:largeBlob: true, webauthn:virtualAuthenticators: true}
Session ID: dc904bc8ef11635fce6569a060f022c4
	at org.openqa.selenium.remote.http.W3CHttpResponseCodec.createException(W3CHttpResponseCodec.java:187)
	at org.openqa.selenium.remote.http.W3CHttpResponseCodec.decode(W3CHttpResponseCodec.java:122)
	at org.openqa.selenium.remote.http.W3CHttpResponseCodec.decode(W3CHttpResponseCodec.java:49)
	at org.openqa.selenium.remote.HttpCommandExecutor.execute(HttpCommandExecutor.java:158)
	at org.openqa.selenium.remote.service.DriverCommandExecutor.execute(DriverCommandExecutor.java:83)
	at org.openqa.selenium.remote.RemoteWebDriver.execute(RemoteWebDriver.java:552)
	at com.kms.katalon.selenium.driver.CChromeDriver.execute(CChromeDriver.java:19)
	at org.openqa.selenium.remote.RemoteWebElement.execute(RemoteWebElement.java:285)
	at org.openqa.selenium.remote.RemoteWebElement.clear(RemoteWebElement.java:124)
	at org.openqa.selenium.support.events.EventFiringWebDriver$EventFiringWebElement.lambda$new$0(EventFiringWebDriver.java:404)
	at com.sun.proxy.$Proxy11.clear(Unknown Source)
	at org.openqa.selenium.support.events.EventFiringWebDriver$EventFiringWebElement.clear(EventFiringWebDriver.java:436)
	at com.kms.katalon.core.webui.keyword.builtin.SetTextKeyword$_setText_closure1.doCall(SetTextKeyword.groovy:53)
	at com.kms.katalon.core.webui.keyword.builtin.SetTextKeyword$_setText_closure1.call(SetTextKeyword.groovy)
	at com.kms.katalon.core.webui.keyword.internal.WebUIKeywordMain.runKeyword(WebUIKeywordMain.groovy:20)
	at com.kms.katalon.core.webui.keyword.builtin.SetTextKeyword.setText(SetTextKeyword.groovy:66)
	at com.kms.katalon.core.webui.keyword.builtin.SetTextKeyword.execute(SetTextKeyword.groovy:37)
	at com.kms.katalon.core.keyword.internal.KeywordExecutor.executeKeywordForPlatform(KeywordExecutor.groovy:74)
	at com.kms.katalon.core.webui.keyword.WebUiBuiltInKeywords.setText(WebUiBuiltInKeywords.groovy:966)
	at com.kms.katalon.core.webui.keyword.WebUiBuiltInKeywords$setText$5.call(Unknown Source)
	at Script1671027742209.run(Script1671027742209.groovy:88)
	... 13 more
)

2023-11-06 11:22:24 - [MESSAGE][FAILED] - Unable to set text 'Sara' of object 'Object Repository/Forms/Origen/input_Nombre' (Root cause: com.kms.katalon.core.exception.StepFailedException: Unable to set text 'Sara' of object 'Object Repository/Forms/Origen/input_Nombre'
	at com.kms.katalon.core.webui.keyword.internal.WebUIKeywordMain.stepFailed(WebUIKeywordMain.groovy:64)
	at com.kms.katalon.core.webui.keyword.internal.WebUIKeywordMain.runKeyword(WebUIKeywordMain.groovy:26)
	at com.kms.katalon.core.webui.keyword.builtin.SetTextKeyword.setText(SetTextKeyword.groovy:66)
	at com.kms.katalon.core.webui.keyword.builtin.SetTextKeyword.execute(SetTextKeyword.groovy:37)
	at com.kms.katalon.core.keyword.internal.KeywordExecutor.executeKeywordForPlatform(KeywordExecutor.groovy:74)
	at com.kms.katalon.core.webui.keyword.WebUiBuiltInKeywords.setText(WebUiBuiltInKeywords.groovy:966)
	at com.kms.katalon.core.webui.keyword.WebUiBuiltInKeywords$setText$5.call(Unknown Source)
	at 02 - Envio_DuranteTodoElDia.run(02 - Envio_DuranteTodoElDia:88)
	at com.kms.katalon.core.main.ScriptEngine.run(ScriptEngine.java:194)
	at com.kms.katalon.core.main.ScriptEngine.runScriptAsRawText(ScriptEngine.java:119)
	at com.kms.katalon.core.main.TestCaseExecutor.runScript(TestCaseExecutor.java:430)
	at com.kms.katalon.core.main.TestCaseExecutor.doExecute(TestCaseExecutor.java:421)
	at com.kms.katalon.core.main.TestCaseExecutor.processExecutionPhase(TestCaseExecutor.java:400)
	at com.kms.katalon.core.main.TestCaseExecutor.accessMainPhase(TestCaseExecutor.java:392)
	at com.kms.katalon.core.main.TestCaseExecutor.execute(TestCaseExecutor.java:273)
	at com.kms.katalon.core.main.TestSuiteExecutor.accessTestCaseMainPhase(TestSuiteExecutor.java:202)
	at com.kms.katalon.core.main.TestSuiteExecutor.accessTestSuiteMainPhase(TestSuiteExecutor.java:164)
	at com.kms.katalon.core.main.TestSuiteExecutor.execute(TestSuiteExecutor.java:105)
	at com.kms.katalon.core.main.TestCaseMain.startTestSuite(TestCaseMain.java:185)
	at com.kms.katalon.core.main.TestCaseMain$startTestSuite$0.call(Unknown Source)
	at TempTestSuite1699265747342.run(TempTestSuite1699265747342.groovy:36)
Caused by: org.openqa.selenium.ElementNotInteractableException: element not interactable
  (Session info: chrome=96.0.4664.45)
Build info: version: '3.141.59', revision: 'e82be7d358', time: '2018-11-14T08:25:53'
System info: host: 'SEU2K19KAT01', ip: '10.240.96.104', os.name: 'Windows Server 2019', os.arch: 'amd64', os.version: '10.0', java.version: '1.8.0_282'
Driver info: com.kms.katalon.selenium.driver.CChromeDriver
Capabilities {acceptInsecureCerts: false, browserName: chrome, browserVersion: 96.0.4664.45, chrome: {chromedriverVersion: 96.0.4664.45 (76e4c1bb2ab46..., userDataDir: C:\Windows\TEMP\scoped_dir9...}, goog:chromeOptions: {debuggerAddress: localhost:14811}, javascriptEnabled: true, networkConnectionEnabled: false, pageLoadStrategy: normal, platform: WINDOWS, platformName: WINDOWS, proxy: Proxy(), setWindowRect: true, strictFileInteractability: false, timeouts: {implicit: 0, pageLoad: 300000, script: 30000}, unhandledPromptBehavior: dismiss and notify, webauthn:extension:credBlob: true, webauthn:extension:largeBlob: true, webauthn:virtualAuthenticators: true}
Session ID: dc904bc8ef11635fce6569a060f022c4
	at org.openqa.selenium.remote.http.W3CHttpResponseCodec.createException(W3CHttpResponseCodec.java:187)
	at org.openqa.selenium.remote.http.W3CHttpResponseCodec.decode(W3CHttpResponseCodec.java:122)
	at org.openqa.selenium.remote.http.W3CHttpResponseCodec.decode(W3CHttpResponseCodec.java:49)
	at org.openqa.selenium.remote.HttpCommandExecutor.execute(HttpCommandExecutor.java:158)
	at org.openqa.selenium.remote.service.DriverCommandExecutor.execute(DriverCommandExecutor.java:83)
	at org.openqa.selenium.remote.RemoteWebDriver.execute(RemoteWebDriver.java:552)
	at com.kms.katalon.selenium.driver.CChromeDriver.execute(CChromeDriver.java:19)
	at org.openqa.selenium.remote.RemoteWebElement.execute(RemoteWebElement.java:285)
	at org.openqa.selenium.remote.RemoteWebElement.clear(RemoteWebElement.java:124)
	at org.openqa.selenium.support.events.EventFiringWebDriver$EventFiringWebElement.lambda$new$0(EventFiringWebDriver.java:404)
	at com.sun.proxy.$Proxy11.clear(Unknown Source)
	at org.openqa.selenium.support.events.EventFiringWebDriver$EventFiringWebElement.clear(EventFiringWebDriver.java:436)
	at com.kms.katalon.core.webui.keyword.builtin.SetTextKeyword$_setText_closure1.doCall(SetTextKeyword.groovy:53)
	at com.kms.katalon.core.webui.keyword.builtin.SetTextKeyword$_setText_closure1.call(SetTextKeyword.groovy)
	at com.kms.katalon.core.webui.keyword.internal.WebUIKeywordMain.runKeyword(WebUIKeywordMain.groovy:20)
	at com.kms.katalon.core.webui.keyword.builtin.SetTextKeyword.setText(SetTextKeyword.groovy:66)
	at com.kms.katalon.core.webui.keyword.builtin.SetTextKeyword.execute(SetTextKeyword.groovy:37)
	at com.kms.katalon.core.keyword.internal.KeywordExecutor.executeKeywordForPlatform(KeywordExecutor.groovy:74)
	at com.kms.katalon.core.webui.keyword.WebUiBuiltInKeywords.setText(WebUiBuiltInKeywords.groovy:966)
	at com.kms.katalon.core.webui.keyword.WebUiBuiltInKeywords$setText$5.call(Unknown Source)
	at Script1671027742209.run(Script1671027742209.groovy:88)
	... 13 more
)
[[ATTACHMENT|C:\\Jenkins\\workspace\\Katalon_WebRecogidas_PRO\\Reports\\20231106_111546\\TS_Envios_PRO\\20231106_111547\\1699266144328.png]]

2023-11-06 11:22:24 - [TEST_STEP][FAILED] - catch (Exception e): Recogidas / 02 - Envio durante todo el dia

2023-11-06 11:22:24 - [TEST_STEP][PASSED] - e.printStackTrace(): null

2023-11-06 11:22:24 - [TEST_STEP][FAILED] - markFailed("Recogidas / 02 - Envio durante todo el dia"): Recogidas / 02 - Envio durante todo el dia

2023-11-06 11:22:24 - [MESSAGE][FAILED] - Recogidas / 02 - Envio durante todo el dia

2023-11-06 11:22:24 - [TEST_STEP][PASSED] - Finally: Browser is closed

2023-11-06 11:22:24 - [TEST_STEP][PASSED] - closeBrowser(): Browser is closed

2023-11-06 11:22:25 - [MESSAGE][PASSED] - Browser is closed]]></system-out>
         <system-err><![CDATA[2023-11-06 11:19:10 - [TEST_CASE][FAILED] - Test Cases/Scripts_PRO/02 - Envio_DuranteTodoElDia: Test Cases/Scripts_PRO/02 - Envio_DuranteTodoElDia FAILED.
Reason:
com.kms.katalon.core.exception.StepFailedException: Recogidas / 02 - Envio durante todo el dia
	at com.kms.katalon.core.util.KeywordUtil.markFailed(KeywordUtil.java:19)
	at com.kms.katalon.core.util.KeywordUtil$markFailed.call(Unknown Source)
	at 02 - Envio_DuranteTodoElDia.run(02 - Envio_DuranteTodoElDia:200)
	at com.kms.katalon.core.main.ScriptEngine.run(ScriptEngine.java:194)
	at com.kms.katalon.core.main.ScriptEngine.runScriptAsRawText(ScriptEngine.java:119)
	at com.kms.katalon.core.main.TestCaseExecutor.runScript(TestCaseExecutor.java:430)
	at com.kms.katalon.core.main.TestCaseExecutor.doExecute(TestCaseExecutor.java:421)
	at com.kms.katalon.core.main.TestCaseExecutor.processExecutionPhase(TestCaseExecutor.java:400)
	at com.kms.katalon.core.main.TestCaseExecutor.accessMainPhase(TestCaseExecutor.java:392)
	at com.kms.katalon.core.main.TestCaseExecutor.execute(TestCaseExecutor.java:273)
	at com.kms.katalon.core.main.TestSuiteExecutor.accessTestCaseMainPhase(TestSuiteExecutor.java:202)
	at com.kms.katalon.core.main.TestSuiteExecutor.accessTestSuiteMainPhase(TestSuiteExecutor.java:164)
	at com.kms.katalon.core.main.TestSuiteExecutor.execute(TestSuiteExecutor.java:105)
	at com.kms.katalon.core.main.TestCaseMain.startTestSuite(TestCaseMain.java:185)
	at com.kms.katalon.core.main.TestCaseMain$startTestSuite$0.call(Unknown Source)
	at TempTestSuite1699265747342.run(TempTestSuite1699265747342.groovy:36)]]></system-err>
      </testcase>
      <testcase name="Test Cases/Scripts_PRO/03 - Envio_AntesDeLas10" time="192.779" classname="Test Cases/Scripts_PRO/03 - Envio_AntesDeLas10" status="FAILED">
         <failure type="FAILED" message="Test Cases/Scripts_PRO/03 - Envio_AntesDeLas10 FAILED.
Reason:
com.kms.katalon.core.exception.StepFailedException: Recogidas / 03 - Envio antes de las 10
	at com.kms.katalon.core.util.KeywordUtil.markFailed(KeywordUtil.java:19)
	at com.kms.katalon.core.util.KeywordUtil$markFailed.call(Unknown Source)
	at 03 - Envio_AntesDeLas10.run(03 - Envio_AntesDeLas10:195)
	at com.kms.katalon.core.main.ScriptEngine.run(ScriptEngine.java:194)
	at com.kms.katalon.core.main.ScriptEngine.runScriptAsRawText(ScriptEngine.java:119)
	at com.kms.katalon.core.main.TestCaseExecutor.runScript(TestCaseExecutor.java:430)
	at com.kms.katalon.core.main.TestCaseExecutor.doExecute(TestCaseExecutor.java:421)
	at com.kms.katalon.core.main.TestCaseExecutor.processExecutionPhase(TestCaseExecutor.java:400)
	at com.kms.katalon.core.main.TestCaseExecutor.accessMainPhase(TestCaseExecutor.java:392)
	at com.kms.katalon.core.main.TestCaseExecutor.execute(TestCaseExecutor.java:273)
	at com.kms.katalon.core.main.TestSuiteExecutor.accessTestCaseMainPhase(TestSuiteExecutor.java:202)
	at com.kms.katalon.core.main.TestSuiteExecutor.accessTestSuiteMainPhase(TestSuiteExecutor.java:164)
	at com.kms.katalon.core.main.TestSuiteExecutor.execute(TestSuiteExecutor.java:105)
	at com.kms.katalon.core.main.TestCaseMain.startTestSuite(TestCaseMain.java:185)
	at com.kms.katalon.core.main.TestCaseMain$startTestSuite$0.call(Unknown Source)
	at TempTestSuite1699265747342.run(TempTestSuite1699265747342.groovy:36)
"/>
         <system-out><![CDATA[2023-11-06 11:22:25 - [TEST_CASE][FAILED] - Test Cases/Scripts_PRO/03 - Envio_AntesDeLas10: Test Cases/Scripts_PRO/03 - Envio_AntesDeLas10 FAILED.
Reason:
com.kms.katalon.core.exception.StepFailedException: Recogidas / 03 - Envio antes de las 10
	at com.kms.katalon.core.util.KeywordUtil.markFailed(KeywordUtil.java:19)
	at com.kms.katalon.core.util.KeywordUtil$markFailed.call(Unknown Source)
	at 03 - Envio_AntesDeLas10.run(03 - Envio_AntesDeLas10:195)
	at com.kms.katalon.core.main.ScriptEngine.run(ScriptEngine.java:194)
	at com.kms.katalon.core.main.ScriptEngine.runScriptAsRawText(ScriptEngine.java:119)
	at com.kms.katalon.core.main.TestCaseExecutor.runScript(TestCaseExecutor.java:430)
	at com.kms.katalon.core.main.TestCaseExecutor.doExecute(TestCaseExecutor.java:421)
	at com.kms.katalon.core.main.TestCaseExecutor.processExecutionPhase(TestCaseExecutor.java:400)
	at com.kms.katalon.core.main.TestCaseExecutor.accessMainPhase(TestCaseExecutor.java:392)
	at com.kms.katalon.core.main.TestCaseExecutor.execute(TestCaseExecutor.java:273)
	at com.kms.katalon.core.main.TestSuiteExecutor.accessTestCaseMainPhase(TestSuiteExecutor.java:202)
	at com.kms.katalon.core.main.TestSuiteExecutor.accessTestSuiteMainPhase(TestSuiteExecutor.java:164)
	at com.kms.katalon.core.main.TestSuiteExecutor.execute(TestSuiteExecutor.java:105)
	at com.kms.katalon.core.main.TestCaseMain.startTestSuite(TestCaseMain.java:185)
	at com.kms.katalon.core.main.TestCaseMain$startTestSuite$0.call(Unknown Source)
	at TempTestSuite1699265747342.run(TempTestSuite1699265747342.groovy:36)


2023-11-06 11:22:25 - [TEST_STEP][PASSED] - setWebDriverPreferencesProperty("args", ["window-size=1920,1080"]): null

2023-11-06 11:22:25 - [TEST_STEP][FAILED] - try: Unable to set text 'Ignacio' of object 'Object Repository/Forms/Origen/input_Nombre' (Root cause: com.kms.katalon.core.exception.StepFailedException: Unable to set text 'Ignacio' of object 'Object Repository/Forms/Origen/input_Nombre'
	at com.kms.katalon.core.webui.keyword.internal.WebUIKeywordMain.stepFailed(WebUIKeywordMain.groovy:64)
	at com.kms.katalon.core.webui.keyword.internal.WebUIKeywordMain.runKeyword(WebUIKeywordMain.groovy:26)
	at com.kms.katalon.core.webui.keyword.builtin.SetTextKeyword.setText(SetTextKeyword.groovy:66)
	at com.kms.katalon.core.webui.keyword.builtin.SetTextKeyword.execute(SetTextKeyword.groovy:37)
	at com.kms.katalon.core.keyword.internal.KeywordExecutor.executeKeywordForPlatform(KeywordExecutor.groovy:74)
	at com.kms.katalon.core.webui.keyword.WebUiBuiltInKeywords.setText(WebUiBuiltInKeywords.groovy:966)
	at com.kms.katalon.core.webui.keyword.WebUiBuiltInKeywords$setText$5.call(Unknown Source)
	at 03 - Envio_AntesDeLas10.run(03 - Envio_AntesDeLas10:87)
	at com.kms.katalon.core.main.ScriptEngine.run(ScriptEngine.java:194)
	at com.kms.katalon.core.main.ScriptEngine.runScriptAsRawText(ScriptEngine.java:119)
	at com.kms.katalon.core.main.TestCaseExecutor.runScript(TestCaseExecutor.java:430)
	at com.kms.katalon.core.main.TestCaseExecutor.doExecute(TestCaseExecutor.java:421)
	at com.kms.katalon.core.main.TestCaseExecutor.processExecutionPhase(TestCaseExecutor.java:400)
	at com.kms.katalon.core.main.TestCaseExecutor.accessMainPhase(TestCaseExecutor.java:392)
	at com.kms.katalon.core.main.TestCaseExecutor.execute(TestCaseExecutor.java:273)
	at com.kms.katalon.core.main.TestSuiteExecutor.accessTestCaseMainPhase(TestSuiteExecutor.java:202)
	at com.kms.katalon.core.main.TestSuiteExecutor.accessTestSuiteMainPhase(TestSuiteExecutor.java:164)
	at com.kms.katalon.core.main.TestSuiteExecutor.execute(TestSuiteExecutor.java:105)
	at com.kms.katalon.core.main.TestCaseMain.startTestSuite(TestCaseMain.java:185)
	at com.kms.katalon.core.main.TestCaseMain$startTestSuite$0.call(Unknown Source)
	at TempTestSuite1699265747342.run(TempTestSuite1699265747342.groovy:36)
Caused by: org.openqa.selenium.ElementNotInteractableException: element not interactable
  (Session info: chrome=96.0.4664.45)
Build info: version: '3.141.59', revision: 'e82be7d358', time: '2018-11-14T08:25:53'
System info: host: 'SEU2K19KAT01', ip: '10.240.96.104', os.name: 'Windows Server 2019', os.arch: 'amd64', os.version: '10.0', java.version: '1.8.0_282'
Driver info: com.kms.katalon.selenium.driver.CChromeDriver
Capabilities {acceptInsecureCerts: false, browserName: chrome, browserVersion: 96.0.4664.45, chrome: {chromedriverVersion: 96.0.4664.45 (76e4c1bb2ab46..., userDataDir: C:\Windows\TEMP\scoped_dir1...}, goog:chromeOptions: {debuggerAddress: localhost:14910}, javascriptEnabled: true, networkConnectionEnabled: false, pageLoadStrategy: normal, platform: WINDOWS, platformName: WINDOWS, proxy: Proxy(), setWindowRect: true, strictFileInteractability: false, timeouts: {implicit: 0, pageLoad: 300000, script: 30000}, unhandledPromptBehavior: dismiss and notify, webauthn:extension:credBlob: true, webauthn:extension:largeBlob: true, webauthn:virtualAuthenticators: true}
Session ID: ea04d46cfc81dea5b664709cc1122206
	at org.openqa.selenium.remote.http.W3CHttpResponseCodec.createException(W3CHttpResponseCodec.java:187)
	at org.openqa.selenium.remote.http.W3CHttpResponseCodec.decode(W3CHttpResponseCodec.java:122)
	at org.openqa.selenium.remote.http.W3CHttpResponseCodec.decode(W3CHttpResponseCodec.java:49)
	at org.openqa.selenium.remote.HttpCommandExecutor.execute(HttpCommandExecutor.java:158)
	at org.openqa.selenium.remote.service.DriverCommandExecutor.execute(DriverCommandExecutor.java:83)
	at org.openqa.selenium.remote.RemoteWebDriver.execute(RemoteWebDriver.java:552)
	at com.kms.katalon.selenium.driver.CChromeDriver.execute(CChromeDriver.java:19)
	at org.openqa.selenium.remote.RemoteWebElement.execute(RemoteWebElement.java:285)
	at org.openqa.selenium.remote.RemoteWebElement.clear(RemoteWebElement.java:124)
	at org.openqa.selenium.support.events.EventFiringWebDriver$EventFiringWebElement.lambda$new$0(EventFiringWebDriver.java:404)
	at com.sun.proxy.$Proxy11.clear(Unknown Source)
	at org.openqa.selenium.support.events.EventFiringWebDriver$EventFiringWebElement.clear(EventFiringWebDriver.java:436)
	at com.kms.katalon.core.webui.keyword.builtin.SetTextKeyword$_setText_closure1.doCall(SetTextKeyword.groovy:53)
	at com.kms.katalon.core.webui.keyword.builtin.SetTextKeyword$_setText_closure1.call(SetTextKeyword.groovy)
	at com.kms.katalon.core.webui.keyword.internal.WebUIKeywordMain.runKeyword(WebUIKeywordMain.groovy:20)
	at com.kms.katalon.core.webui.keyword.builtin.SetTextKeyword.setText(SetTextKeyword.groovy:66)
	at com.kms.katalon.core.webui.keyword.builtin.SetTextKeyword.execute(SetTextKeyword.groovy:37)
	at com.kms.katalon.core.keyword.internal.KeywordExecutor.executeKeywordForPlatform(KeywordExecutor.groovy:74)
	at com.kms.katalon.core.webui.keyword.WebUiBuiltInKeywords.setText(WebUiBuiltInKeywords.groovy:966)
	at com.kms.katalon.core.webui.keyword.WebUiBuiltInKeywords$setText$5.call(Unknown Source)
	at Script1671027765947.run(Script1671027765947.groovy:87)
	... 13 more
)

2023-11-06 11:22:25 - [TEST_STEP][PASSED] - openBrowser(""): Browser is opened with url: ''

2023-11-06 11:22:25 - [MESSAGE][INFO] - Starting 'Chrome' driver

2023-11-06 11:22:25 - [MESSAGE][INFO] - User set preference: ['args', '[window-size=1920,1080]']

2023-11-06 11:22:25 - [MESSAGE][INFO] - Action delay is set to 0 milliseconds

2023-11-06 11:22:27 - [MESSAGE][PASSED] - Browser is opened with url: ''

2023-11-06 11:22:27 - [TEST_STEP][PASSED] - maximizeWindow(): Current window maximized

2023-11-06 11:22:27 - [MESSAGE][PASSED] - Current window maximized

2023-11-06 11:22:27 - [TEST_STEP][PASSED] - navigateToUrl("https://seur.com/envio-online2/new-shipping"): Navigate to 'https://seur.com/envio-online2/new-shipping' successfully

2023-11-06 11:23:12 - [MESSAGE][PASSED] - Navigate to 'https://seur.com/envio-online2/new-shipping' successfully

2023-11-06 11:23:12 - [TEST_STEP][PASSED] - delay(30): Delayed 30 second(s)

2023-11-06 11:23:42 - [MESSAGE][PASSED] - Delayed 30 second(s)

2023-11-06 11:23:42 - [TEST_STEP][PASSED] - waitForElementVisible(findTestObject("Object Repository/Log_In_Elements/button_Aceptar_Cookis"), 60, OPTIONAL): Object 'Object Repository/Log_In_Elements/button_Aceptar_Cookis' is visible

2023-11-06 11:23:42 - [MESSAGE][PASSED] - Object 'Object Repository/Log_In_Elements/button_Aceptar_Cookis' is visible

2023-11-06 11:23:42 - [TEST_STEP][PASSED] - waitForElementClickable(findTestObject("Object Repository/Log_In_Elements/button_Aceptar_Cookis"), 60, OPTIONAL): Object 'Object Repository/Log_In_Elements/button_Aceptar_Cookis' is clickable

2023-11-06 11:23:42 - [MESSAGE][PASSED] - Object 'Object Repository/Log_In_Elements/button_Aceptar_Cookis' is clickable

2023-11-06 11:23:42 - [TEST_STEP][PASSED] - click(findTestObject("Object Repository/Log_In_Elements/button_Aceptar_Cookis"), STOP_ON_FAILURE): Object: 'Object Repository/Log_In_Elements/button_Aceptar_Cookis' is clicked on

2023-11-06 11:23:43 - [MESSAGE][PASSED] - Object: 'Object Repository/Log_In_Elements/button_Aceptar_Cookis' is clicked on

2023-11-06 11:23:43 - [TEST_STEP][PASSED] - delay(5): Delayed 5 second(s)

2023-11-06 11:23:48 - [MESSAGE][PASSED] - Delayed 5 second(s)

2023-11-06 11:23:48 - [TEST_STEP][PASSED] - waitForElementVisible(findTestObject("Object Repository/Log_In_Elements/button_Siguiente"), 60, OPTIONAL): Object 'Object Repository/Log_In_Elements/button_Siguiente' is visible

2023-11-06 11:24:18 - [MESSAGE][PASSED] - Object 'Object Repository/Log_In_Elements/button_Siguiente' is visible

2023-11-06 11:24:18 - [TEST_STEP][PASSED] - waitForElementClickable(findTestObject("Object Repository/Log_In_Elements/button_Siguiente"), 60, OPTIONAL): Object 'Object Repository/Log_In_Elements/button_Siguiente' is clickable

2023-11-06 11:24:25 - [MESSAGE][PASSED] - Object 'Object Repository/Log_In_Elements/button_Siguiente' is clickable

2023-11-06 11:24:25 - [TEST_STEP][PASSED] - click(findTestObject("Object Repository/Log_In_Elements/button_Siguiente"), STOP_ON_FAILURE): Object: 'Object Repository/Log_In_Elements/button_Siguiente' is clicked on

2023-11-06 11:24:25 - [MESSAGE][PASSED] - Object: 'Object Repository/Log_In_Elements/button_Siguiente' is clicked on

2023-11-06 11:24:25 - [TEST_STEP][PASSED] - delay(5): Delayed 5 second(s)

2023-11-06 11:24:30 - [MESSAGE][PASSED] - Delayed 5 second(s)

2023-11-06 11:24:30 - [TEST_STEP][PASSED] - waitForElementVisible(findTestObject("Origen_Destino_Paquetes/input_Origen"), 60, OPTIONAL): Object 'Object Repository/Origen_Destino_Paquetes/input_Origen' is visible

2023-11-06 11:24:30 - [MESSAGE][PASSED] - Object 'Object Repository/Origen_Destino_Paquetes/input_Origen' is visible

2023-11-06 11:24:30 - [TEST_STEP][PASSED] - waitForElementClickable(findTestObject("Origen_Destino_Paquetes/input_Origen"), 60, OPTIONAL): Object 'Object Repository/Origen_Destino_Paquetes/input_Origen' is clickable

2023-11-06 11:24:31 - [MESSAGE][PASSED] - Object 'Object Repository/Origen_Destino_Paquetes/input_Origen' is clickable

2023-11-06 11:24:31 - [TEST_STEP][PASSED] - setText(findTestObject("Origen_Destino_Paquetes/input_Origen"), codPostalRem, STOP_ON_FAILURE): Text '29700' is set on object 'Object Repository/Origen_Destino_Paquetes/input_Origen'

2023-11-06 11:24:31 - [MESSAGE][PASSED] - Text '29700' is set on object 'Object Repository/Origen_Destino_Paquetes/input_Origen'

2023-11-06 11:24:31 - [TEST_STEP][PASSED] - delay(2): Delayed 2 second(s)

2023-11-06 11:24:33 - [MESSAGE][PASSED] - Delayed 2 second(s)

2023-11-06 11:24:33 - [TEST_STEP][PASSED] - waitForElementVisible(findTestObject("Origen_Destino_Paquetes/span_29700 - VELEZ-MALAGA"), 60, OPTIONAL): Object 'Object Repository/Origen_Destino_Paquetes/span_29700 - VELEZ-MALAGA' is visible

2023-11-06 11:24:34 - [MESSAGE][PASSED] - Object 'Object Repository/Origen_Destino_Paquetes/span_29700 - VELEZ-MALAGA' is visible

2023-11-06 11:24:34 - [TEST_STEP][PASSED] - waitForElementClickable(findTestObject("Origen_Destino_Paquetes/span_29700 - VELEZ-MALAGA"), 60, OPTIONAL): Object 'Object Repository/Origen_Destino_Paquetes/span_29700 - VELEZ-MALAGA' is clickable

2023-11-06 11:24:34 - [MESSAGE][PASSED] - Object 'Object Repository/Origen_Destino_Paquetes/span_29700 - VELEZ-MALAGA' is clickable

2023-11-06 11:24:34 - [TEST_STEP][PASSED] - click(findTestObject("Origen_Destino_Paquetes/span_29700 - VELEZ-MALAGA"), STOP_ON_FAILURE): Object: 'Object Repository/Origen_Destino_Paquetes/span_29700 - VELEZ-MALAGA' is clicked on

2023-11-06 11:24:34 - [MESSAGE][PASSED] - Object: 'Object Repository/Origen_Destino_Paquetes/span_29700 - VELEZ-MALAGA' is clicked on

2023-11-06 11:24:34 - [TEST_STEP][PASSED] - waitForElementVisible(findTestObject("Origen_Destino_Paquetes/input_Destino"), 60, OPTIONAL): Object 'Object Repository/Origen_Destino_Paquetes/input_Destino' is visible

2023-11-06 11:24:35 - [MESSAGE][PASSED] - Object 'Object Repository/Origen_Destino_Paquetes/input_Destino' is visible

2023-11-06 11:24:35 - [TEST_STEP][PASSED] - waitForElementClickable(findTestObject("Origen_Destino_Paquetes/input_Destino"), 60, OPTIONAL): Object 'Object Repository/Origen_Destino_Paquetes/input_Destino' is clickable

2023-11-06 11:24:35 - [MESSAGE][PASSED] - Object 'Object Repository/Origen_Destino_Paquetes/input_Destino' is clickable

2023-11-06 11:24:35 - [TEST_STEP][PASSED] - setText(findTestObject("Origen_Destino_Paquetes/input_Destino"), codPostalDes, STOP_ON_FAILURE): Text '28010' is set on object 'Object Repository/Origen_Destino_Paquetes/input_Destino'

2023-11-06 11:24:36 - [MESSAGE][PASSED] - Text '28010' is set on object 'Object Repository/Origen_Destino_Paquetes/input_Destino'

2023-11-06 11:24:36 - [TEST_STEP][PASSED] - delay(2): Delayed 2 second(s)

2023-11-06 11:24:38 - [MESSAGE][PASSED] - Delayed 2 second(s)

2023-11-06 11:24:38 - [TEST_STEP][PASSED] - waitForElementVisible(findTestObject("Origen_Destino_Paquetes/span_28010 - MADRID"), 60, OPTIONAL): Object 'Object Repository/Origen_Destino_Paquetes/span_28010 - MADRID' is visible

2023-11-06 11:24:38 - [MESSAGE][PASSED] - Object 'Object Repository/Origen_Destino_Paquetes/span_28010 - MADRID' is visible

2023-11-06 11:24:38 - [TEST_STEP][PASSED] - waitForElementClickable(findTestObject("Origen_Destino_Paquetes/span_28010 - MADRID"), 60, OPTIONAL): Object 'Object Repository/Origen_Destino_Paquetes/span_28010 - MADRID' is clickable

2023-11-06 11:24:38 - [MESSAGE][PASSED] - Object 'Object Repository/Origen_Destino_Paquetes/span_28010 - MADRID' is clickable

2023-11-06 11:24:38 - [TEST_STEP][PASSED] - click(findTestObject("Origen_Destino_Paquetes/span_28010 - MADRID"), STOP_ON_FAILURE): Object: 'Object Repository/Origen_Destino_Paquetes/span_28010 - MADRID' is clicked on

2023-11-06 11:24:38 - [MESSAGE][PASSED] - Object: 'Object Repository/Origen_Destino_Paquetes/span_28010 - MADRID' is clicked on

2023-11-06 11:24:38 - [TEST_STEP][PASSED] - waitForElementVisible(findTestObject("Origen_Destino_Paquetes/input_Paquete_peso"), 60, OPTIONAL): Object 'Object Repository/Origen_Destino_Paquetes/input_Paquete_peso' is visible

2023-11-06 11:24:39 - [MESSAGE][PASSED] - Object 'Object Repository/Origen_Destino_Paquetes/input_Paquete_peso' is visible

2023-11-06 11:24:39 - [TEST_STEP][PASSED] - waitForElementClickable(findTestObject("Origen_Destino_Paquetes/input_Paquete_peso"), 60, OPTIONAL): Object 'Object Repository/Origen_Destino_Paquetes/input_Paquete_peso' is clickable

2023-11-06 11:24:39 - [MESSAGE][PASSED] - Object 'Object Repository/Origen_Destino_Paquetes/input_Paquete_peso' is clickable

2023-11-06 11:24:39 - [TEST_STEP][PASSED] - setText(findTestObject("Origen_Destino_Paquetes/input_Paquete_peso"), pesoPaquete, STOP_ON_FAILURE): Text '14.6' is set on object 'Object Repository/Origen_Destino_Paquetes/input_Paquete_peso'

2023-11-06 11:24:40 - [MESSAGE][PASSED] - Text '14.6' is set on object 'Object Repository/Origen_Destino_Paquetes/input_Paquete_peso'

2023-11-06 11:24:40 - [TEST_STEP][PASSED] - waitForElementVisible(findTestObject("Origen_Destino_Paquetes/input_Paquete_largo"), 60, OPTIONAL): Object 'Object Repository/Origen_Destino_Paquetes/input_Paquete_largo' is visible

2023-11-06 11:24:40 - [MESSAGE][PASSED] - Object 'Object Repository/Origen_Destino_Paquetes/input_Paquete_largo' is visible

2023-11-06 11:24:40 - [TEST_STEP][PASSED] - waitForElementClickable(findTestObject("Origen_Destino_Paquetes/input_Paquete_largo"), 60, OPTIONAL): Object 'Object Repository/Origen_Destino_Paquetes/input_Paquete_largo' is clickable

2023-11-06 11:24:41 - [MESSAGE][PASSED] - Object 'Object Repository/Origen_Destino_Paquetes/input_Paquete_largo' is clickable

2023-11-06 11:24:41 - [TEST_STEP][PASSED] - setText(findTestObject("Origen_Destino_Paquetes/input_Paquete_largo"), largoPaquete, STOP_ON_FAILURE): Text '8' is set on object 'Object Repository/Origen_Destino_Paquetes/input_Paquete_largo'

2023-11-06 11:24:41 - [MESSAGE][PASSED] - Text '8' is set on object 'Object Repository/Origen_Destino_Paquetes/input_Paquete_largo'

2023-11-06 11:24:41 - [TEST_STEP][PASSED] - waitForElementVisible(findTestObject("Origen_Destino_Paquetes/input_Paquete_Ancho"), 60, OPTIONAL): Object 'Object Repository/Origen_Destino_Paquetes/input_Paquete_Ancho' is visible

2023-11-06 11:24:42 - [MESSAGE][PASSED] - Object 'Object Repository/Origen_Destino_Paquetes/input_Paquete_Ancho' is visible

2023-11-06 11:24:42 - [TEST_STEP][PASSED] - waitForElementClickable(findTestObject("Origen_Destino_Paquetes/input_Paquete_Ancho"), 60, OPTIONAL): Object 'Object Repository/Origen_Destino_Paquetes/input_Paquete_Ancho' is clickable

2023-11-06 11:24:42 - [MESSAGE][PASSED] - Object 'Object Repository/Origen_Destino_Paquetes/input_Paquete_Ancho' is clickable

2023-11-06 11:24:42 - [TEST_STEP][PASSED] - setText(findTestObject("Origen_Destino_Paquetes/input_Paquete_Ancho"), anchoPaquete, STOP_ON_FAILURE): Text '35' is set on object 'Object Repository/Origen_Destino_Paquetes/input_Paquete_Ancho'

2023-11-06 11:24:42 - [MESSAGE][PASSED] - Text '35' is set on object 'Object Repository/Origen_Destino_Paquetes/input_Paquete_Ancho'

2023-11-06 11:24:42 - [TEST_STEP][PASSED] - waitForElementVisible(findTestObject("Origen_Destino_Paquetes/input_Paquete_Alto"), 60, OPTIONAL): Object 'Object Repository/Origen_Destino_Paquetes/input_Paquete_Alto' is visible

2023-11-06 11:24:43 - [MESSAGE][PASSED] - Object 'Object Repository/Origen_Destino_Paquetes/input_Paquete_Alto' is visible

2023-11-06 11:24:43 - [TEST_STEP][PASSED] - waitForElementClickable(findTestObject("Origen_Destino_Paquetes/input_Paquete_Alto"), 60, OPTIONAL): Object 'Object Repository/Origen_Destino_Paquetes/input_Paquete_Alto' is clickable

2023-11-06 11:24:43 - [MESSAGE][PASSED] - Object 'Object Repository/Origen_Destino_Paquetes/input_Paquete_Alto' is clickable

2023-11-06 11:24:43 - [TEST_STEP][PASSED] - setText(findTestObject("Origen_Destino_Paquetes/input_Paquete_Alto"), altoPaquete, STOP_ON_FAILURE): Text '25' is set on object 'Object Repository/Origen_Destino_Paquetes/input_Paquete_Alto'

2023-11-06 11:24:44 - [MESSAGE][PASSED] - Text '25' is set on object 'Object Repository/Origen_Destino_Paquetes/input_Paquete_Alto'

2023-11-06 11:24:44 - [TEST_STEP][PASSED] - waitForElementVisible(findTestObject("Origen_Destino_Paquetes/button_Calcula tu envio"), 60, OPTIONAL): Object 'Object Repository/Origen_Destino_Paquetes/button_Calcula tu envio' is visible

2023-11-06 11:24:44 - [MESSAGE][PASSED] - Object 'Object Repository/Origen_Destino_Paquetes/button_Calcula tu envio' is visible

2023-11-06 11:24:44 - [TEST_STEP][PASSED] - waitForElementClickable(findTestObject("Origen_Destino_Paquetes/button_Calcula tu envio"), 60, OPTIONAL): Object 'Object Repository/Origen_Destino_Paquetes/button_Calcula tu envio' is clickable

2023-11-06 11:24:45 - [MESSAGE][PASSED] - Object 'Object Repository/Origen_Destino_Paquetes/button_Calcula tu envio' is clickable

2023-11-06 11:24:45 - [TEST_STEP][PASSED] - click(findTestObject("Origen_Destino_Paquetes/button_Calcula tu envio"), STOP_ON_FAILURE): Object: 'Object Repository/Origen_Destino_Paquetes/button_Calcula tu envio' is clicked on

2023-11-06 11:24:45 - [MESSAGE][PASSED] - Object: 'Object Repository/Origen_Destino_Paquetes/button_Calcula tu envio' is clicked on

2023-11-06 11:24:45 - [TEST_STEP][PASSED] - waitForElementVisible(findTestObject("Seur_Antes_De_Las_10/button_Contratar"), 60, OPTIONAL): Object 'Object Repository/Seur_Antes_De_Las_10/button_Contratar' is visible

2023-11-06 11:24:47 - [MESSAGE][PASSED] - Object 'Object Repository/Seur_Antes_De_Las_10/button_Contratar' is visible

2023-11-06 11:24:47 - [TEST_STEP][PASSED] - waitForElementClickable(findTestObject("Seur_Antes_De_Las_10/button_Contratar"), 60, OPTIONAL): Object 'Object Repository/Seur_Antes_De_Las_10/button_Contratar' is clickable

2023-11-06 11:24:48 - [MESSAGE][PASSED] - Object 'Object Repository/Seur_Antes_De_Las_10/button_Contratar' is clickable

2023-11-06 11:24:48 - [TEST_STEP][PASSED] - click(findTestObject("Seur_Antes_De_Las_10/button_Contratar"), STOP_ON_FAILURE): Object: 'Object Repository/Seur_Antes_De_Las_10/button_Contratar' is clicked on

2023-11-06 11:24:48 - [MESSAGE][PASSED] - Object: 'Object Repository/Seur_Antes_De_Las_10/button_Contratar' is clicked on

2023-11-06 11:24:48 - [TEST_STEP][PASSED] - waitForElementVisible(findTestObject("Forms/Origen/input_Nombre"), 60, OPTIONAL): Unable to wait for object 'Object Repository/Forms/Origen/input_Nombre' to be visible (Root cause: com.kms.katalon.core.exception.StepFailedException: Unable to wait for object 'Object Repository/Forms/Origen/input_Nombre' to be visible
	at com.kms.katalon.core.webui.keyword.internal.WebUIKeywordMain.stepFailed(WebUIKeywordMain.groovy:64)
	at com.kms.katalon.core.webui.keyword.internal.WebUIKeywordMain.runKeyword(WebUIKeywordMain.groovy:26)
	at com.kms.katalon.core.webui.keyword.internal.WebUIKeywordMain$runKeyword.call(Unknown Source)
	at com.kms.katalon.core.webui.keyword.builtin.WaitForElementVisibleKeyword.waitForElementVisible(WaitForElementVisibleKeyword.groovy:98)
	at com.kms.katalon.core.webui.keyword.builtin.WaitForElementVisibleKeyword.execute(WaitForElementVisibleKeyword.groovy:68)
	at com.kms.katalon.core.keyword.internal.KeywordExecutor.executeKeywordForPlatform(KeywordExecutor.groovy:74)
	at com.kms.katalon.core.webui.keyword.WebUiBuiltInKeywords.waitForElementVisible(WebUiBuiltInKeywords.groovy:422)
	at com.kms.katalon.core.webui.keyword.WebUiBuiltInKeywords$waitForElementVisible$2.call(Unknown Source)
	at 03 - Envio_AntesDeLas10.run(03 - Envio_AntesDeLas10:85)
	at com.kms.katalon.core.main.ScriptEngine.run(ScriptEngine.java:194)
	at com.kms.katalon.core.main.ScriptEngine.runScriptAsRawText(ScriptEngine.java:119)
	at com.kms.katalon.core.main.TestCaseExecutor.runScript(TestCaseExecutor.java:430)
	at com.kms.katalon.core.main.TestCaseExecutor.doExecute(TestCaseExecutor.java:421)
	at com.kms.katalon.core.main.TestCaseExecutor.processExecutionPhase(TestCaseExecutor.java:400)
	at com.kms.katalon.core.main.TestCaseExecutor.accessMainPhase(TestCaseExecutor.java:392)
	at com.kms.katalon.core.main.TestCaseExecutor.execute(TestCaseExecutor.java:273)
	at com.kms.katalon.core.main.TestSuiteExecutor.accessTestCaseMainPhase(TestSuiteExecutor.java:202)
	at com.kms.katalon.core.main.TestSuiteExecutor.accessTestSuiteMainPhase(TestSuiteExecutor.java:164)
	at com.kms.katalon.core.main.TestSuiteExecutor.execute(TestSuiteExecutor.java:105)
	at com.kms.katalon.core.main.TestCaseMain.startTestSuite(TestCaseMain.java:185)
	at com.kms.katalon.core.main.TestCaseMain$startTestSuite$0.call(Unknown Source)
	at TempTestSuite1699265747342.run(TempTestSuite1699265747342.groovy:36)
Caused by: org.openqa.selenium.ScriptTimeoutException: script timeout
  (Session info: chrome=96.0.4664.45)
Build info: version: '3.141.59', revision: 'e82be7d358', time: '2018-11-14T08:25:53'
System info: host: 'SEU2K19KAT01', ip: '10.240.96.104', os.name: 'Windows Server 2019', os.arch: 'amd64', os.version: '10.0', java.version: '1.8.0_282'
Driver info: com.kms.katalon.selenium.driver.CChromeDriver
Capabilities {acceptInsecureCerts: false, browserName: chrome, browserVersion: 96.0.4664.45, chrome: {chromedriverVersion: 96.0.4664.45 (76e4c1bb2ab46..., userDataDir: C:\Windows\TEMP\scoped_dir1...}, goog:chromeOptions: {debuggerAddress: localhost:14910}, javascriptEnabled: true, networkConnectionEnabled: false, pageLoadStrategy: normal, platform: WINDOWS, platformName: WINDOWS, proxy: Proxy(), setWindowRect: true, strictFileInteractability: false, timeouts: {implicit: 0, pageLoad: 300000, script: 30000}, unhandledPromptBehavior: dismiss and notify, webauthn:extension:credBlob: true, webauthn:extension:largeBlob: true, webauthn:virtualAuthenticators: true}
Session ID: ea04d46cfc81dea5b664709cc1122206
	at org.openqa.selenium.remote.http.W3CHttpResponseCodec.createException(W3CHttpResponseCodec.java:187)
	at org.openqa.selenium.remote.http.W3CHttpResponseCodec.decode(W3CHttpResponseCodec.java:122)
	at org.openqa.selenium.remote.http.W3CHttpResponseCodec.decode(W3CHttpResponseCodec.java:49)
	at org.openqa.selenium.remote.HttpCommandExecutor.execute(HttpCommandExecutor.java:158)
	at org.openqa.selenium.remote.service.DriverCommandExecutor.execute(DriverCommandExecutor.java:83)
	at org.openqa.selenium.remote.RemoteWebDriver.execute(RemoteWebDriver.java:552)
	at com.kms.katalon.selenium.driver.CChromeDriver.execute(CChromeDriver.java:19)
	at org.openqa.selenium.remote.RemoteWebElement.execute(RemoteWebElement.java:285)
	at org.openqa.selenium.remote.RemoteWebElement.isDisplayed(RemoteWebElement.java:326)
	at org.openqa.selenium.support.events.EventFiringWebDriver$EventFiringWebElement.lambda$new$0(EventFiringWebDriver.java:404)
	at com.sun.proxy.$Proxy11.isDisplayed(Unknown Source)
	at org.openqa.selenium.support.events.EventFiringWebDriver$EventFiringWebElement.isDisplayed(EventFiringWebDriver.java:470)
	at org.openqa.selenium.support.ui.ExpectedConditions.elementIfVisible(ExpectedConditions.java:314)
	at org.openqa.selenium.support.ui.ExpectedConditions.access$000(ExpectedConditions.java:43)
	at org.openqa.selenium.support.ui.ExpectedConditions$10.apply(ExpectedConditions.java:300)
	at org.openqa.selenium.support.ui.ExpectedConditions$10.apply(ExpectedConditions.java:297)
	at org.openqa.selenium.support.ui.FluentWait.until(FluentWait.java:249)
	at org.openqa.selenium.support.ui.Wait$until.call(Unknown Source)
	at com.kms.katalon.core.webui.keyword.builtin.WaitForElementVisibleKeyword$_waitForElementVisible_closure1.doCall(WaitForElementVisibleKeyword.groovy:81)
	at com.kms.katalon.core.webui.keyword.builtin.WaitForElementVisibleKeyword$_waitForElementVisible_closure1.doCall(WaitForElementVisibleKeyword.groovy)
	at com.kms.katalon.core.webui.keyword.internal.WebUIKeywordMain.runKeyword(WebUIKeywordMain.groovy:20)
	at com.kms.katalon.core.webui.keyword.internal.WebUIKeywordMain$runKeyword.call(Unknown Source)
	at com.kms.katalon.core.webui.keyword.builtin.WaitForElementVisibleKeyword.waitForElementVisible(WaitForElementVisibleKeyword.groovy:98)
	at com.kms.katalon.core.webui.keyword.builtin.WaitForElementVisibleKeyword.execute(WaitForElementVisibleKeyword.groovy:68)
	at com.kms.katalon.core.keyword.internal.KeywordExecutor.executeKeywordForPlatform(KeywordExecutor.groovy:74)
	at com.kms.katalon.core.webui.keyword.WebUiBuiltInKeywords.waitForElementVisible(WebUiBuiltInKeywords.groovy:422)
	at com.kms.katalon.core.webui.keyword.WebUiBuiltInKeywords$waitForElementVisible$2.call(Unknown Source)
	at Script1671027765947.run(Script1671027765947.groovy:85)
	... 13 more
)

2023-11-06 11:25:36 - [MESSAGE][WARNING] - Unable to wait for object 'Object Repository/Forms/Origen/input_Nombre' to be visible (Root cause: com.kms.katalon.core.exception.StepFailedException: Unable to wait for object 'Object Repository/Forms/Origen/input_Nombre' to be visible
	at com.kms.katalon.core.webui.keyword.internal.WebUIKeywordMain.stepFailed(WebUIKeywordMain.groovy:64)
	at com.kms.katalon.core.webui.keyword.internal.WebUIKeywordMain.runKeyword(WebUIKeywordMain.groovy:26)
	at com.kms.katalon.core.webui.keyword.internal.WebUIKeywordMain$runKeyword.call(Unknown Source)
	at com.kms.katalon.core.webui.keyword.builtin.WaitForElementVisibleKeyword.waitForElementVisible(WaitForElementVisibleKeyword.groovy:98)
	at com.kms.katalon.core.webui.keyword.builtin.WaitForElementVisibleKeyword.execute(WaitForElementVisibleKeyword.groovy:68)
	at com.kms.katalon.core.keyword.internal.KeywordExecutor.executeKeywordForPlatform(KeywordExecutor.groovy:74)
	at com.kms.katalon.core.webui.keyword.WebUiBuiltInKeywords.waitForElementVisible(WebUiBuiltInKeywords.groovy:422)
	at com.kms.katalon.core.webui.keyword.WebUiBuiltInKeywords$waitForElementVisible$2.call(Unknown Source)
	at 03 - Envio_AntesDeLas10.run(03 - Envio_AntesDeLas10:85)
	at com.kms.katalon.core.main.ScriptEngine.run(ScriptEngine.java:194)
	at com.kms.katalon.core.main.ScriptEngine.runScriptAsRawText(ScriptEngine.java:119)
	at com.kms.katalon.core.main.TestCaseExecutor.runScript(TestCaseExecutor.java:430)
	at com.kms.katalon.core.main.TestCaseExecutor.doExecute(TestCaseExecutor.java:421)
	at com.kms.katalon.core.main.TestCaseExecutor.processExecutionPhase(TestCaseExecutor.java:400)
	at com.kms.katalon.core.main.TestCaseExecutor.accessMainPhase(TestCaseExecutor.java:392)
	at com.kms.katalon.core.main.TestCaseExecutor.execute(TestCaseExecutor.java:273)
	at com.kms.katalon.core.main.TestSuiteExecutor.accessTestCaseMainPhase(TestSuiteExecutor.java:202)
	at com.kms.katalon.core.main.TestSuiteExecutor.accessTestSuiteMainPhase(TestSuiteExecutor.java:164)
	at com.kms.katalon.core.main.TestSuiteExecutor.execute(TestSuiteExecutor.java:105)
	at com.kms.katalon.core.main.TestCaseMain.startTestSuite(TestCaseMain.java:185)
	at com.kms.katalon.core.main.TestCaseMain$startTestSuite$0.call(Unknown Source)
	at TempTestSuite1699265747342.run(TempTestSuite1699265747342.groovy:36)
Caused by: org.openqa.selenium.ScriptTimeoutException: script timeout
  (Session info: chrome=96.0.4664.45)
Build info: version: '3.141.59', revision: 'e82be7d358', time: '2018-11-14T08:25:53'
System info: host: 'SEU2K19KAT01', ip: '10.240.96.104', os.name: 'Windows Server 2019', os.arch: 'amd64', os.version: '10.0', java.version: '1.8.0_282'
Driver info: com.kms.katalon.selenium.driver.CChromeDriver
Capabilities {acceptInsecureCerts: false, browserName: chrome, browserVersion: 96.0.4664.45, chrome: {chromedriverVersion: 96.0.4664.45 (76e4c1bb2ab46..., userDataDir: C:\Windows\TEMP\scoped_dir1...}, goog:chromeOptions: {debuggerAddress: localhost:14910}, javascriptEnabled: true, networkConnectionEnabled: false, pageLoadStrategy: normal, platform: WINDOWS, platformName: WINDOWS, proxy: Proxy(), setWindowRect: true, strictFileInteractability: false, timeouts: {implicit: 0, pageLoad: 300000, script: 30000}, unhandledPromptBehavior: dismiss and notify, webauthn:extension:credBlob: true, webauthn:extension:largeBlob: true, webauthn:virtualAuthenticators: true}
Session ID: ea04d46cfc81dea5b664709cc1122206
	at org.openqa.selenium.remote.http.W3CHttpResponseCodec.createException(W3CHttpResponseCodec.java:187)
	at org.openqa.selenium.remote.http.W3CHttpResponseCodec.decode(W3CHttpResponseCodec.java:122)
	at org.openqa.selenium.remote.http.W3CHttpResponseCodec.decode(W3CHttpResponseCodec.java:49)
	at org.openqa.selenium.remote.HttpCommandExecutor.execute(HttpCommandExecutor.java:158)
	at org.openqa.selenium.remote.service.DriverCommandExecutor.execute(DriverCommandExecutor.java:83)
	at org.openqa.selenium.remote.RemoteWebDriver.execute(RemoteWebDriver.java:552)
	at com.kms.katalon.selenium.driver.CChromeDriver.execute(CChromeDriver.java:19)
	at org.openqa.selenium.remote.RemoteWebElement.execute(RemoteWebElement.java:285)
	at org.openqa.selenium.remote.RemoteWebElement.isDisplayed(RemoteWebElement.java:326)
	at org.openqa.selenium.support.events.EventFiringWebDriver$EventFiringWebElement.lambda$new$0(EventFiringWebDriver.java:404)
	at com.sun.proxy.$Proxy11.isDisplayed(Unknown Source)
	at org.openqa.selenium.support.events.EventFiringWebDriver$EventFiringWebElement.isDisplayed(EventFiringWebDriver.java:470)
	at org.openqa.selenium.support.ui.ExpectedConditions.elementIfVisible(ExpectedConditions.java:314)
	at org.openqa.selenium.support.ui.ExpectedConditions.access$000(ExpectedConditions.java:43)
	at org.openqa.selenium.support.ui.ExpectedConditions$10.apply(ExpectedConditions.java:300)
	at org.openqa.selenium.support.ui.ExpectedConditions$10.apply(ExpectedConditions.java:297)
	at org.openqa.selenium.support.ui.FluentWait.until(FluentWait.java:249)
	at org.openqa.selenium.support.ui.Wait$until.call(Unknown Source)
	at com.kms.katalon.core.webui.keyword.builtin.WaitForElementVisibleKeyword$_waitForElementVisible_closure1.doCall(WaitForElementVisibleKeyword.groovy:81)
	at com.kms.katalon.core.webui.keyword.builtin.WaitForElementVisibleKeyword$_waitForElementVisible_closure1.doCall(WaitForElementVisibleKeyword.groovy)
	at com.kms.katalon.core.webui.keyword.internal.WebUIKeywordMain.runKeyword(WebUIKeywordMain.groovy:20)
	at com.kms.katalon.core.webui.keyword.internal.WebUIKeywordMain$runKeyword.call(Unknown Source)
	at com.kms.katalon.core.webui.keyword.builtin.WaitForElementVisibleKeyword.waitForElementVisible(WaitForElementVisibleKeyword.groovy:98)
	at com.kms.katalon.core.webui.keyword.builtin.WaitForElementVisibleKeyword.execute(WaitForElementVisibleKeyword.groovy:68)
	at com.kms.katalon.core.keyword.internal.KeywordExecutor.executeKeywordForPlatform(KeywordExecutor.groovy:74)
	at com.kms.katalon.core.webui.keyword.WebUiBuiltInKeywords.waitForElementVisible(WebUiBuiltInKeywords.groovy:422)
	at com.kms.katalon.core.webui.keyword.WebUiBuiltInKeywords$waitForElementVisible$2.call(Unknown Source)
	at Script1671027765947.run(Script1671027765947.groovy:85)
	... 13 more
)
[[ATTACHMENT|C:\\Jenkins\\workspace\\Katalon_WebRecogidas_PRO\\Reports\\20231106_111546\\TS_Envios_PRO\\20231106_111547\\1699266336654.png]]

2023-11-06 11:25:36 - [TEST_STEP][PASSED] - waitForElementClickable(findTestObject("Forms/Origen/input_Nombre"), 60, OPTIONAL): Object 'Object Repository/Forms/Origen/input_Nombre' is clickable

2023-11-06 11:25:37 - [MESSAGE][PASSED] - Object 'Object Repository/Forms/Origen/input_Nombre' is clickable

2023-11-06 11:25:37 - [TEST_STEP][FAILED] - setText(findTestObject("Forms/Origen/input_Nombre"), nombreRem, STOP_ON_FAILURE): Unable to set text 'Ignacio' of object 'Object Repository/Forms/Origen/input_Nombre' (Root cause: com.kms.katalon.core.exception.StepFailedException: Unable to set text 'Ignacio' of object 'Object Repository/Forms/Origen/input_Nombre'
	at com.kms.katalon.core.webui.keyword.internal.WebUIKeywordMain.stepFailed(WebUIKeywordMain.groovy:64)
	at com.kms.katalon.core.webui.keyword.internal.WebUIKeywordMain.runKeyword(WebUIKeywordMain.groovy:26)
	at com.kms.katalon.core.webui.keyword.builtin.SetTextKeyword.setText(SetTextKeyword.groovy:66)
	at com.kms.katalon.core.webui.keyword.builtin.SetTextKeyword.execute(SetTextKeyword.groovy:37)
	at com.kms.katalon.core.keyword.internal.KeywordExecutor.executeKeywordForPlatform(KeywordExecutor.groovy:74)
	at com.kms.katalon.core.webui.keyword.WebUiBuiltInKeywords.setText(WebUiBuiltInKeywords.groovy:966)
	at com.kms.katalon.core.webui.keyword.WebUiBuiltInKeywords$setText$5.call(Unknown Source)
	at 03 - Envio_AntesDeLas10.run(03 - Envio_AntesDeLas10:87)
	at com.kms.katalon.core.main.ScriptEngine.run(ScriptEngine.java:194)
	at com.kms.katalon.core.main.ScriptEngine.runScriptAsRawText(ScriptEngine.java:119)
	at com.kms.katalon.core.main.TestCaseExecutor.runScript(TestCaseExecutor.java:430)
	at com.kms.katalon.core.main.TestCaseExecutor.doExecute(TestCaseExecutor.java:421)
	at com.kms.katalon.core.main.TestCaseExecutor.processExecutionPhase(TestCaseExecutor.java:400)
	at com.kms.katalon.core.main.TestCaseExecutor.accessMainPhase(TestCaseExecutor.java:392)
	at com.kms.katalon.core.main.TestCaseExecutor.execute(TestCaseExecutor.java:273)
	at com.kms.katalon.core.main.TestSuiteExecutor.accessTestCaseMainPhase(TestSuiteExecutor.java:202)
	at com.kms.katalon.core.main.TestSuiteExecutor.accessTestSuiteMainPhase(TestSuiteExecutor.java:164)
	at com.kms.katalon.core.main.TestSuiteExecutor.execute(TestSuiteExecutor.java:105)
	at com.kms.katalon.core.main.TestCaseMain.startTestSuite(TestCaseMain.java:185)
	at com.kms.katalon.core.main.TestCaseMain$startTestSuite$0.call(Unknown Source)
	at TempTestSuite1699265747342.run(TempTestSuite1699265747342.groovy:36)
Caused by: org.openqa.selenium.ElementNotInteractableException: element not interactable
  (Session info: chrome=96.0.4664.45)
Build info: version: '3.141.59', revision: 'e82be7d358', time: '2018-11-14T08:25:53'
System info: host: 'SEU2K19KAT01', ip: '10.240.96.104', os.name: 'Windows Server 2019', os.arch: 'amd64', os.version: '10.0', java.version: '1.8.0_282'
Driver info: com.kms.katalon.selenium.driver.CChromeDriver
Capabilities {acceptInsecureCerts: false, browserName: chrome, browserVersion: 96.0.4664.45, chrome: {chromedriverVersion: 96.0.4664.45 (76e4c1bb2ab46..., userDataDir: C:\Windows\TEMP\scoped_dir1...}, goog:chromeOptions: {debuggerAddress: localhost:14910}, javascriptEnabled: true, networkConnectionEnabled: false, pageLoadStrategy: normal, platform: WINDOWS, platformName: WINDOWS, proxy: Proxy(), setWindowRect: true, strictFileInteractability: false, timeouts: {implicit: 0, pageLoad: 300000, script: 30000}, unhandledPromptBehavior: dismiss and notify, webauthn:extension:credBlob: true, webauthn:extension:largeBlob: true, webauthn:virtualAuthenticators: true}
Session ID: ea04d46cfc81dea5b664709cc1122206
	at org.openqa.selenium.remote.http.W3CHttpResponseCodec.createException(W3CHttpResponseCodec.java:187)
	at org.openqa.selenium.remote.http.W3CHttpResponseCodec.decode(W3CHttpResponseCodec.java:122)
	at org.openqa.selenium.remote.http.W3CHttpResponseCodec.decode(W3CHttpResponseCodec.java:49)
	at org.openqa.selenium.remote.HttpCommandExecutor.execute(HttpCommandExecutor.java:158)
	at org.openqa.selenium.remote.service.DriverCommandExecutor.execute(DriverCommandExecutor.java:83)
	at org.openqa.selenium.remote.RemoteWebDriver.execute(RemoteWebDriver.java:552)
	at com.kms.katalon.selenium.driver.CChromeDriver.execute(CChromeDriver.java:19)
	at org.openqa.selenium.remote.RemoteWebElement.execute(RemoteWebElement.java:285)
	at org.openqa.selenium.remote.RemoteWebElement.clear(RemoteWebElement.java:124)
	at org.openqa.selenium.support.events.EventFiringWebDriver$EventFiringWebElement.lambda$new$0(EventFiringWebDriver.java:404)
	at com.sun.proxy.$Proxy11.clear(Unknown Source)
	at org.openqa.selenium.support.events.EventFiringWebDriver$EventFiringWebElement.clear(EventFiringWebDriver.java:436)
	at com.kms.katalon.core.webui.keyword.builtin.SetTextKeyword$_setText_closure1.doCall(SetTextKeyword.groovy:53)
	at com.kms.katalon.core.webui.keyword.builtin.SetTextKeyword$_setText_closure1.call(SetTextKeyword.groovy)
	at com.kms.katalon.core.webui.keyword.internal.WebUIKeywordMain.runKeyword(WebUIKeywordMain.groovy:20)
	at com.kms.katalon.core.webui.keyword.builtin.SetTextKeyword.setText(SetTextKeyword.groovy:66)
	at com.kms.katalon.core.webui.keyword.builtin.SetTextKeyword.execute(SetTextKeyword.groovy:37)
	at com.kms.katalon.core.keyword.internal.KeywordExecutor.executeKeywordForPlatform(KeywordExecutor.groovy:74)
	at com.kms.katalon.core.webui.keyword.WebUiBuiltInKeywords.setText(WebUiBuiltInKeywords.groovy:966)
	at com.kms.katalon.core.webui.keyword.WebUiBuiltInKeywords$setText$5.call(Unknown Source)
	at Script1671027765947.run(Script1671027765947.groovy:87)
	... 13 more
)

2023-11-06 11:25:37 - [MESSAGE][FAILED] - Unable to set text 'Ignacio' of object 'Object Repository/Forms/Origen/input_Nombre' (Root cause: com.kms.katalon.core.exception.StepFailedException: Unable to set text 'Ignacio' of object 'Object Repository/Forms/Origen/input_Nombre'
	at com.kms.katalon.core.webui.keyword.internal.WebUIKeywordMain.stepFailed(WebUIKeywordMain.groovy:64)
	at com.kms.katalon.core.webui.keyword.internal.WebUIKeywordMain.runKeyword(WebUIKeywordMain.groovy:26)
	at com.kms.katalon.core.webui.keyword.builtin.SetTextKeyword.setText(SetTextKeyword.groovy:66)
	at com.kms.katalon.core.webui.keyword.builtin.SetTextKeyword.execute(SetTextKeyword.groovy:37)
	at com.kms.katalon.core.keyword.internal.KeywordExecutor.executeKeywordForPlatform(KeywordExecutor.groovy:74)
	at com.kms.katalon.core.webui.keyword.WebUiBuiltInKeywords.setText(WebUiBuiltInKeywords.groovy:966)
	at com.kms.katalon.core.webui.keyword.WebUiBuiltInKeywords$setText$5.call(Unknown Source)
	at 03 - Envio_AntesDeLas10.run(03 - Envio_AntesDeLas10:87)
	at com.kms.katalon.core.main.ScriptEngine.run(ScriptEngine.java:194)
	at com.kms.katalon.core.main.ScriptEngine.runScriptAsRawText(ScriptEngine.java:119)
	at com.kms.katalon.core.main.TestCaseExecutor.runScript(TestCaseExecutor.java:430)
	at com.kms.katalon.core.main.TestCaseExecutor.doExecute(TestCaseExecutor.java:421)
	at com.kms.katalon.core.main.TestCaseExecutor.processExecutionPhase(TestCaseExecutor.java:400)
	at com.kms.katalon.core.main.TestCaseExecutor.accessMainPhase(TestCaseExecutor.java:392)
	at com.kms.katalon.core.main.TestCaseExecutor.execute(TestCaseExecutor.java:273)
	at com.kms.katalon.core.main.TestSuiteExecutor.accessTestCaseMainPhase(TestSuiteExecutor.java:202)
	at com.kms.katalon.core.main.TestSuiteExecutor.accessTestSuiteMainPhase(TestSuiteExecutor.java:164)
	at com.kms.katalon.core.main.TestSuiteExecutor.execute(TestSuiteExecutor.java:105)
	at com.kms.katalon.core.main.TestCaseMain.startTestSuite(TestCaseMain.java:185)
	at com.kms.katalon.core.main.TestCaseMain$startTestSuite$0.call(Unknown Source)
	at TempTestSuite1699265747342.run(TempTestSuite1699265747342.groovy:36)
Caused by: org.openqa.selenium.ElementNotInteractableException: element not interactable
  (Session info: chrome=96.0.4664.45)
Build info: version: '3.141.59', revision: 'e82be7d358', time: '2018-11-14T08:25:53'
System info: host: 'SEU2K19KAT01', ip: '10.240.96.104', os.name: 'Windows Server 2019', os.arch: 'amd64', os.version: '10.0', java.version: '1.8.0_282'
Driver info: com.kms.katalon.selenium.driver.CChromeDriver
Capabilities {acceptInsecureCerts: false, browserName: chrome, browserVersion: 96.0.4664.45, chrome: {chromedriverVersion: 96.0.4664.45 (76e4c1bb2ab46..., userDataDir: C:\Windows\TEMP\scoped_dir1...}, goog:chromeOptions: {debuggerAddress: localhost:14910}, javascriptEnabled: true, networkConnectionEnabled: false, pageLoadStrategy: normal, platform: WINDOWS, platformName: WINDOWS, proxy: Proxy(), setWindowRect: true, strictFileInteractability: false, timeouts: {implicit: 0, pageLoad: 300000, script: 30000}, unhandledPromptBehavior: dismiss and notify, webauthn:extension:credBlob: true, webauthn:extension:largeBlob: true, webauthn:virtualAuthenticators: true}
Session ID: ea04d46cfc81dea5b664709cc1122206
	at org.openqa.selenium.remote.http.W3CHttpResponseCodec.createException(W3CHttpResponseCodec.java:187)
	at org.openqa.selenium.remote.http.W3CHttpResponseCodec.decode(W3CHttpResponseCodec.java:122)
	at org.openqa.selenium.remote.http.W3CHttpResponseCodec.decode(W3CHttpResponseCodec.java:49)
	at org.openqa.selenium.remote.HttpCommandExecutor.execute(HttpCommandExecutor.java:158)
	at org.openqa.selenium.remote.service.DriverCommandExecutor.execute(DriverCommandExecutor.java:83)
	at org.openqa.selenium.remote.RemoteWebDriver.execute(RemoteWebDriver.java:552)
	at com.kms.katalon.selenium.driver.CChromeDriver.execute(CChromeDriver.java:19)
	at org.openqa.selenium.remote.RemoteWebElement.execute(RemoteWebElement.java:285)
	at org.openqa.selenium.remote.RemoteWebElement.clear(RemoteWebElement.java:124)
	at org.openqa.selenium.support.events.EventFiringWebDriver$EventFiringWebElement.lambda$new$0(EventFiringWebDriver.java:404)
	at com.sun.proxy.$Proxy11.clear(Unknown Source)
	at org.openqa.selenium.support.events.EventFiringWebDriver$EventFiringWebElement.clear(EventFiringWebDriver.java:436)
	at com.kms.katalon.core.webui.keyword.builtin.SetTextKeyword$_setText_closure1.doCall(SetTextKeyword.groovy:53)
	at com.kms.katalon.core.webui.keyword.builtin.SetTextKeyword$_setText_closure1.call(SetTextKeyword.groovy)
	at com.kms.katalon.core.webui.keyword.internal.WebUIKeywordMain.runKeyword(WebUIKeywordMain.groovy:20)
	at com.kms.katalon.core.webui.keyword.builtin.SetTextKeyword.setText(SetTextKeyword.groovy:66)
	at com.kms.katalon.core.webui.keyword.builtin.SetTextKeyword.execute(SetTextKeyword.groovy:37)
	at com.kms.katalon.core.keyword.internal.KeywordExecutor.executeKeywordForPlatform(KeywordExecutor.groovy:74)
	at com.kms.katalon.core.webui.keyword.WebUiBuiltInKeywords.setText(WebUiBuiltInKeywords.groovy:966)
	at com.kms.katalon.core.webui.keyword.WebUiBuiltInKeywords$setText$5.call(Unknown Source)
	at Script1671027765947.run(Script1671027765947.groovy:87)
	... 13 more
)
[[ATTACHMENT|C:\\Jenkins\\workspace\\Katalon_WebRecogidas_PRO\\Reports\\20231106_111546\\TS_Envios_PRO\\20231106_111547\\1699266337325.png]]

2023-11-06 11:25:37 - [TEST_STEP][FAILED] - catch (Exception e): Recogidas / 03 - Envio antes de las 10

2023-11-06 11:25:37 - [TEST_STEP][PASSED] - e.printStackTrace(): null

2023-11-06 11:25:37 - [TEST_STEP][FAILED] - markFailed("Recogidas / 03 - Envio antes de las 10"): Recogidas / 03 - Envio antes de las 10

2023-11-06 11:25:37 - [MESSAGE][FAILED] - Recogidas / 03 - Envio antes de las 10

2023-11-06 11:25:37 - [TEST_STEP][PASSED] - Finally: Browser is closed

2023-11-06 11:25:37 - [TEST_STEP][PASSED] - closeBrowser(): Browser is closed

2023-11-06 11:25:38 - [MESSAGE][PASSED] - Browser is closed

2023-11-06 11:25:38 - [TEST_STEP][PASSED] - closeBrowser(): Browser is closed

2023-11-06 11:25:38 - [MESSAGE][PASSED] - Browser is closed]]></system-out>
         <system-err><![CDATA[2023-11-06 11:22:25 - [TEST_CASE][FAILED] - Test Cases/Scripts_PRO/03 - Envio_AntesDeLas10: Test Cases/Scripts_PRO/03 - Envio_AntesDeLas10 FAILED.
Reason:
com.kms.katalon.core.exception.StepFailedException: Recogidas / 03 - Envio antes de las 10
	at com.kms.katalon.core.util.KeywordUtil.markFailed(KeywordUtil.java:19)
	at com.kms.katalon.core.util.KeywordUtil$markFailed.call(Unknown Source)
	at 03 - Envio_AntesDeLas10.run(03 - Envio_AntesDeLas10:195)
	at com.kms.katalon.core.main.ScriptEngine.run(ScriptEngine.java:194)
	at com.kms.katalon.core.main.ScriptEngine.runScriptAsRawText(ScriptEngine.java:119)
	at com.kms.katalon.core.main.TestCaseExecutor.runScript(TestCaseExecutor.java:430)
	at com.kms.katalon.core.main.TestCaseExecutor.doExecute(TestCaseExecutor.java:421)
	at com.kms.katalon.core.main.TestCaseExecutor.processExecutionPhase(TestCaseExecutor.java:400)
	at com.kms.katalon.core.main.TestCaseExecutor.accessMainPhase(TestCaseExecutor.java:392)
	at com.kms.katalon.core.main.TestCaseExecutor.execute(TestCaseExecutor.java:273)
	at com.kms.katalon.core.main.TestSuiteExecutor.accessTestCaseMainPhase(TestSuiteExecutor.java:202)
	at com.kms.katalon.core.main.TestSuiteExecutor.accessTestSuiteMainPhase(TestSuiteExecutor.java:164)
	at com.kms.katalon.core.main.TestSuiteExecutor.execute(TestSuiteExecutor.java:105)
	at com.kms.katalon.core.main.TestCaseMain.startTestSuite(TestCaseMain.java:185)
	at com.kms.katalon.core.main.TestCaseMain$startTestSuite$0.call(Unknown Source)
	at TempTestSuite1699265747342.run(TempTestSuite1699265747342.groovy:36)]]></system-err>
      </testcase>
      <testcase name="Test Cases/Scripts_PRO/06 - Envio_Shope2Home" time="192.594" classname="Test Cases/Scripts_PRO/06 - Envio_Shope2Home" status="FAILED">
         <failure type="FAILED" message="Test Cases/Scripts_PRO/06 - Envio_Shope2Home FAILED.
Reason:
com.kms.katalon.core.exception.StepFailedException: Recogidas / 06 - Envio shop2home
	at com.kms.katalon.core.util.KeywordUtil.markFailed(KeywordUtil.java:19)
	at com.kms.katalon.core.util.KeywordUtil$markFailed.call(Unknown Source)
	at 06 - Envio_Shope2Home.run(06 - Envio_Shope2Home:168)
	at com.kms.katalon.core.main.ScriptEngine.run(ScriptEngine.java:194)
	at com.kms.katalon.core.main.ScriptEngine.runScriptAsRawText(ScriptEngine.java:119)
	at com.kms.katalon.core.main.TestCaseExecutor.runScript(TestCaseExecutor.java:430)
	at com.kms.katalon.core.main.TestCaseExecutor.doExecute(TestCaseExecutor.java:421)
	at com.kms.katalon.core.main.TestCaseExecutor.processExecutionPhase(TestCaseExecutor.java:400)
	at com.kms.katalon.core.main.TestCaseExecutor.accessMainPhase(TestCaseExecutor.java:392)
	at com.kms.katalon.core.main.TestCaseExecutor.execute(TestCaseExecutor.java:273)
	at com.kms.katalon.core.main.TestSuiteExecutor.accessTestCaseMainPhase(TestSuiteExecutor.java:202)
	at com.kms.katalon.core.main.TestSuiteExecutor.accessTestSuiteMainPhase(TestSuiteExecutor.java:164)
	at com.kms.katalon.core.main.TestSuiteExecutor.execute(TestSuiteExecutor.java:105)
	at com.kms.katalon.core.main.TestCaseMain.startTestSuite(TestCaseMain.java:185)
	at com.kms.katalon.core.main.TestCaseMain$startTestSuite$0.call(Unknown Source)
	at TempTestSuite1699265747342.run(TempTestSuite1699265747342.groovy:36)
"/>
         <system-out><![CDATA[2023-11-06 11:25:38 - [TEST_CASE][FAILED] - Test Cases/Scripts_PRO/06 - Envio_Shope2Home: Test Cases/Scripts_PRO/06 - Envio_Shope2Home FAILED.
Reason:
com.kms.katalon.core.exception.StepFailedException: Recogidas / 06 - Envio shop2home
	at com.kms.katalon.core.util.KeywordUtil.markFailed(KeywordUtil.java:19)
	at com.kms.katalon.core.util.KeywordUtil$markFailed.call(Unknown Source)
	at 06 - Envio_Shope2Home.run(06 - Envio_Shope2Home:168)
	at com.kms.katalon.core.main.ScriptEngine.run(ScriptEngine.java:194)
	at com.kms.katalon.core.main.ScriptEngine.runScriptAsRawText(ScriptEngine.java:119)
	at com.kms.katalon.core.main.TestCaseExecutor.runScript(TestCaseExecutor.java:430)
	at com.kms.katalon.core.main.TestCaseExecutor.doExecute(TestCaseExecutor.java:421)
	at com.kms.katalon.core.main.TestCaseExecutor.processExecutionPhase(TestCaseExecutor.java:400)
	at com.kms.katalon.core.main.TestCaseExecutor.accessMainPhase(TestCaseExecutor.java:392)
	at com.kms.katalon.core.main.TestCaseExecutor.execute(TestCaseExecutor.java:273)
	at com.kms.katalon.core.main.TestSuiteExecutor.accessTestCaseMainPhase(TestSuiteExecutor.java:202)
	at com.kms.katalon.core.main.TestSuiteExecutor.accessTestSuiteMainPhase(TestSuiteExecutor.java:164)
	at com.kms.katalon.core.main.TestSuiteExecutor.execute(TestSuiteExecutor.java:105)
	at com.kms.katalon.core.main.TestCaseMain.startTestSuite(TestCaseMain.java:185)
	at com.kms.katalon.core.main.TestCaseMain$startTestSuite$0.call(Unknown Source)
	at TempTestSuite1699265747342.run(TempTestSuite1699265747342.groovy:36)


2023-11-06 11:25:38 - [TEST_STEP][PASSED] - setWebDriverPreferencesProperty("args", ["window-size=1920,1080"]): null

2023-11-06 11:25:38 - [TEST_STEP][FAILED] - try: Unable to set text 'Luis' of object 'Object Repository/Forms/Origen/input_Nombre' (Root cause: com.kms.katalon.core.exception.StepFailedException: Unable to set text 'Luis' of object 'Object Repository/Forms/Origen/input_Nombre'
	at com.kms.katalon.core.webui.keyword.internal.WebUIKeywordMain.stepFailed(WebUIKeywordMain.groovy:64)
	at com.kms.katalon.core.webui.keyword.internal.WebUIKeywordMain.runKeyword(WebUIKeywordMain.groovy:26)
	at com.kms.katalon.core.webui.keyword.builtin.SetTextKeyword.setText(SetTextKeyword.groovy:66)
	at com.kms.katalon.core.webui.keyword.builtin.SetTextKeyword.execute(SetTextKeyword.groovy:37)
	at com.kms.katalon.core.keyword.internal.KeywordExecutor.executeKeywordForPlatform(KeywordExecutor.groovy:74)
	at com.kms.katalon.core.webui.keyword.WebUiBuiltInKeywords.setText(WebUiBuiltInKeywords.groovy:966)
	at com.kms.katalon.core.webui.keyword.WebUiBuiltInKeywords$setText$5.call(Unknown Source)
	at 06 - Envio_Shope2Home.run(06 - Envio_Shope2Home:87)
	at com.kms.katalon.core.main.ScriptEngine.run(ScriptEngine.java:194)
	at com.kms.katalon.core.main.ScriptEngine.runScriptAsRawText(ScriptEngine.java:119)
	at com.kms.katalon.core.main.TestCaseExecutor.runScript(TestCaseExecutor.java:430)
	at com.kms.katalon.core.main.TestCaseExecutor.doExecute(TestCaseExecutor.java:421)
	at com.kms.katalon.core.main.TestCaseExecutor.processExecutionPhase(TestCaseExecutor.java:400)
	at com.kms.katalon.core.main.TestCaseExecutor.accessMainPhase(TestCaseExecutor.java:392)
	at com.kms.katalon.core.main.TestCaseExecutor.execute(TestCaseExecutor.java:273)
	at com.kms.katalon.core.main.TestSuiteExecutor.accessTestCaseMainPhase(TestSuiteExecutor.java:202)
	at com.kms.katalon.core.main.TestSuiteExecutor.accessTestSuiteMainPhase(TestSuiteExecutor.java:164)
	at com.kms.katalon.core.main.TestSuiteExecutor.execute(TestSuiteExecutor.java:105)
	at com.kms.katalon.core.main.TestCaseMain.startTestSuite(TestCaseMain.java:185)
	at com.kms.katalon.core.main.TestCaseMain$startTestSuite$0.call(Unknown Source)
	at TempTestSuite1699265747342.run(TempTestSuite1699265747342.groovy:36)
Caused by: org.openqa.selenium.ElementNotInteractableException: element not interactable
  (Session info: chrome=96.0.4664.45)
Build info: version: '3.141.59', revision: 'e82be7d358', time: '2018-11-14T08:25:53'
System info: host: 'SEU2K19KAT01', ip: '10.240.96.104', os.name: 'Windows Server 2019', os.arch: 'amd64', os.version: '10.0', java.version: '1.8.0_282'
Driver info: com.kms.katalon.selenium.driver.CChromeDriver
Capabilities {acceptInsecureCerts: false, browserName: chrome, browserVersion: 96.0.4664.45, chrome: {chromedriverVersion: 96.0.4664.45 (76e4c1bb2ab46..., userDataDir: C:\Windows\TEMP\scoped_dir9...}, goog:chromeOptions: {debuggerAddress: localhost:14999}, javascriptEnabled: true, networkConnectionEnabled: false, pageLoadStrategy: normal, platform: WINDOWS, platformName: WINDOWS, proxy: Proxy(), setWindowRect: true, strictFileInteractability: false, timeouts: {implicit: 0, pageLoad: 300000, script: 30000}, unhandledPromptBehavior: dismiss and notify, webauthn:extension:credBlob: true, webauthn:extension:largeBlob: true, webauthn:virtualAuthenticators: true}
Session ID: 4932d0dc75a9b4c4e98eccdfb2b51ede
	at org.openqa.selenium.remote.http.W3CHttpResponseCodec.createException(W3CHttpResponseCodec.java:187)
	at org.openqa.selenium.remote.http.W3CHttpResponseCodec.decode(W3CHttpResponseCodec.java:122)
	at org.openqa.selenium.remote.http.W3CHttpResponseCodec.decode(W3CHttpResponseCodec.java:49)
	at org.openqa.selenium.remote.HttpCommandExecutor.execute(HttpCommandExecutor.java:158)
	at org.openqa.selenium.remote.service.DriverCommandExecutor.execute(DriverCommandExecutor.java:83)
	at org.openqa.selenium.remote.RemoteWebDriver.execute(RemoteWebDriver.java:552)
	at com.kms.katalon.selenium.driver.CChromeDriver.execute(CChromeDriver.java:19)
	at org.openqa.selenium.remote.RemoteWebElement.execute(RemoteWebElement.java:285)
	at org.openqa.selenium.remote.RemoteWebElement.clear(RemoteWebElement.java:124)
	at org.openqa.selenium.support.events.EventFiringWebDriver$EventFiringWebElement.lambda$new$0(EventFiringWebDriver.java:404)
	at com.sun.proxy.$Proxy11.clear(Unknown Source)
	at org.openqa.selenium.support.events.EventFiringWebDriver$EventFiringWebElement.clear(EventFiringWebDriver.java:436)
	at com.kms.katalon.core.webui.keyword.builtin.SetTextKeyword$_setText_closure1.doCall(SetTextKeyword.groovy:53)
	at com.kms.katalon.core.webui.keyword.builtin.SetTextKeyword$_setText_closure1.call(SetTextKeyword.groovy)
	at com.kms.katalon.core.webui.keyword.internal.WebUIKeywordMain.runKeyword(WebUIKeywordMain.groovy:20)
	at com.kms.katalon.core.webui.keyword.builtin.SetTextKeyword.setText(SetTextKeyword.groovy:66)
	at com.kms.katalon.core.webui.keyword.builtin.SetTextKeyword.execute(SetTextKeyword.groovy:37)
	at com.kms.katalon.core.keyword.internal.KeywordExecutor.executeKeywordForPlatform(KeywordExecutor.groovy:74)
	at com.kms.katalon.core.webui.keyword.WebUiBuiltInKeywords.setText(WebUiBuiltInKeywords.groovy:966)
	at com.kms.katalon.core.webui.keyword.WebUiBuiltInKeywords$setText$5.call(Unknown Source)
	at Script1671027835217.run(Script1671027835217.groovy:87)
	... 13 more
)

2023-11-06 11:25:38 - [TEST_STEP][PASSED] - openBrowser(""): Browser is opened with url: ''

2023-11-06 11:25:38 - [MESSAGE][INFO] - Starting 'Chrome' driver

2023-11-06 11:25:38 - [MESSAGE][INFO] - User set preference: ['args', '[window-size=1920,1080]']

2023-11-06 11:25:38 - [MESSAGE][INFO] - Action delay is set to 0 milliseconds

2023-11-06 11:25:40 - [MESSAGE][PASSED] - Browser is opened with url: ''

2023-11-06 11:25:40 - [TEST_STEP][PASSED] - maximizeWindow(): Current window maximized

2023-11-06 11:25:40 - [MESSAGE][PASSED] - Current window maximized

2023-11-06 11:25:40 - [TEST_STEP][PASSED] - navigateToUrl("https://seur.com/envio-online2/new-shipping"): Navigate to 'https://seur.com/envio-online2/new-shipping' successfully

2023-11-06 11:26:24 - [MESSAGE][PASSED] - Navigate to 'https://seur.com/envio-online2/new-shipping' successfully

2023-11-06 11:26:24 - [TEST_STEP][PASSED] - delay(30): Delayed 30 second(s)

2023-11-06 11:26:54 - [MESSAGE][PASSED] - Delayed 30 second(s)

2023-11-06 11:26:54 - [TEST_STEP][PASSED] - waitForElementVisible(findTestObject("Object Repository/Log_In_Elements/button_Aceptar_Cookis"), 60, OPTIONAL): Object 'Object Repository/Log_In_Elements/button_Aceptar_Cookis' is visible

2023-11-06 11:26:55 - [MESSAGE][PASSED] - Object 'Object Repository/Log_In_Elements/button_Aceptar_Cookis' is visible

2023-11-06 11:26:55 - [TEST_STEP][PASSED] - waitForElementClickable(findTestObject("Object Repository/Log_In_Elements/button_Aceptar_Cookis"), 60, OPTIONAL): Object 'Object Repository/Log_In_Elements/button_Aceptar_Cookis' is clickable

2023-11-06 11:26:55 - [MESSAGE][PASSED] - Object 'Object Repository/Log_In_Elements/button_Aceptar_Cookis' is clickable

2023-11-06 11:26:55 - [TEST_STEP][PASSED] - click(findTestObject("Object Repository/Log_In_Elements/button_Aceptar_Cookis"), STOP_ON_FAILURE): Object: 'Object Repository/Log_In_Elements/button_Aceptar_Cookis' is clicked on

2023-11-06 11:26:55 - [MESSAGE][PASSED] - Object: 'Object Repository/Log_In_Elements/button_Aceptar_Cookis' is clicked on

2023-11-06 11:26:55 - [TEST_STEP][PASSED] - delay(5): Delayed 5 second(s)

2023-11-06 11:27:00 - [MESSAGE][PASSED] - Delayed 5 second(s)

2023-11-06 11:27:00 - [TEST_STEP][PASSED] - waitForElementVisible(findTestObject("Object Repository/Log_In_Elements/button_Siguiente"), 60, OPTIONAL): Object 'Object Repository/Log_In_Elements/button_Siguiente' is visible

2023-11-06 11:27:30 - [MESSAGE][PASSED] - Object 'Object Repository/Log_In_Elements/button_Siguiente' is visible

2023-11-06 11:27:30 - [TEST_STEP][PASSED] - waitForElementClickable(findTestObject("Object Repository/Log_In_Elements/button_Siguiente"), 60, OPTIONAL): Object 'Object Repository/Log_In_Elements/button_Siguiente' is clickable

2023-11-06 11:27:37 - [MESSAGE][PASSED] - Object 'Object Repository/Log_In_Elements/button_Siguiente' is clickable

2023-11-06 11:27:37 - [TEST_STEP][PASSED] - click(findTestObject("Object Repository/Log_In_Elements/button_Siguiente"), STOP_ON_FAILURE): Object: 'Object Repository/Log_In_Elements/button_Siguiente' is clicked on

2023-11-06 11:27:38 - [MESSAGE][PASSED] - Object: 'Object Repository/Log_In_Elements/button_Siguiente' is clicked on

2023-11-06 11:27:38 - [TEST_STEP][PASSED] - delay(5): Delayed 5 second(s)

2023-11-06 11:27:43 - [MESSAGE][PASSED] - Delayed 5 second(s)

2023-11-06 11:27:43 - [TEST_STEP][PASSED] - waitForElementVisible(findTestObject("Origen_Destino_Paquetes/input_Origen"), 60, OPTIONAL): Object 'Object Repository/Origen_Destino_Paquetes/input_Origen' is visible

2023-11-06 11:27:43 - [MESSAGE][PASSED] - Object 'Object Repository/Origen_Destino_Paquetes/input_Origen' is visible

2023-11-06 11:27:43 - [TEST_STEP][PASSED] - waitForElementClickable(findTestObject("Origen_Destino_Paquetes/input_Origen"), 60, OPTIONAL): Object 'Object Repository/Origen_Destino_Paquetes/input_Origen' is clickable

2023-11-06 11:27:43 - [MESSAGE][PASSED] - Object 'Object Repository/Origen_Destino_Paquetes/input_Origen' is clickable

2023-11-06 11:27:43 - [TEST_STEP][PASSED] - setText(findTestObject("Origen_Destino_Paquetes/input_Origen"), codPostalRem, STOP_ON_FAILURE): Text '29700' is set on object 'Object Repository/Origen_Destino_Paquetes/input_Origen'

2023-11-06 11:27:44 - [MESSAGE][PASSED] - Text '29700' is set on object 'Object Repository/Origen_Destino_Paquetes/input_Origen'

2023-11-06 11:27:44 - [TEST_STEP][PASSED] - delay(2): Delayed 2 second(s)

2023-11-06 11:27:46 - [MESSAGE][PASSED] - Delayed 2 second(s)

2023-11-06 11:27:46 - [TEST_STEP][PASSED] - waitForElementVisible(findTestObject("Origen_Destino_Paquetes/span_29700 - VELEZ-MALAGA"), 60, OPTIONAL): Object 'Object Repository/Origen_Destino_Paquetes/span_29700 - VELEZ-MALAGA' is visible

2023-11-06 11:27:46 - [MESSAGE][PASSED] - Object 'Object Repository/Origen_Destino_Paquetes/span_29700 - VELEZ-MALAGA' is visible

2023-11-06 11:27:46 - [TEST_STEP][PASSED] - waitForElementClickable(findTestObject("Origen_Destino_Paquetes/span_29700 - VELEZ-MALAGA"), 60, OPTIONAL): Object 'Object Repository/Origen_Destino_Paquetes/span_29700 - VELEZ-MALAGA' is clickable

2023-11-06 11:27:47 - [MESSAGE][PASSED] - Object 'Object Repository/Origen_Destino_Paquetes/span_29700 - VELEZ-MALAGA' is clickable

2023-11-06 11:27:47 - [TEST_STEP][PASSED] - click(findTestObject("Origen_Destino_Paquetes/span_29700 - VELEZ-MALAGA"), STOP_ON_FAILURE): Object: 'Object Repository/Origen_Destino_Paquetes/span_29700 - VELEZ-MALAGA' is clicked on

2023-11-06 11:27:47 - [MESSAGE][PASSED] - Object: 'Object Repository/Origen_Destino_Paquetes/span_29700 - VELEZ-MALAGA' is clicked on

2023-11-06 11:27:47 - [TEST_STEP][PASSED] - waitForElementVisible(findTestObject("Origen_Destino_Paquetes/input_Destino"), 60, OPTIONAL): Object 'Object Repository/Origen_Destino_Paquetes/input_Destino' is visible

2023-11-06 11:27:47 - [MESSAGE][PASSED] - Object 'Object Repository/Origen_Destino_Paquetes/input_Destino' is visible

2023-11-06 11:27:47 - [TEST_STEP][PASSED] - waitForElementClickable(findTestObject("Origen_Destino_Paquetes/input_Destino"), 60, OPTIONAL): Object 'Object Repository/Origen_Destino_Paquetes/input_Destino' is clickable

2023-11-06 11:27:48 - [MESSAGE][PASSED] - Object 'Object Repository/Origen_Destino_Paquetes/input_Destino' is clickable

2023-11-06 11:27:48 - [TEST_STEP][PASSED] - setText(findTestObject("Origen_Destino_Paquetes/input_Destino"), codPostalDes, STOP_ON_FAILURE): Text '28010' is set on object 'Object Repository/Origen_Destino_Paquetes/input_Destino'

2023-11-06 11:27:48 - [MESSAGE][PASSED] - Text '28010' is set on object 'Object Repository/Origen_Destino_Paquetes/input_Destino'

2023-11-06 11:27:48 - [TEST_STEP][PASSED] - delay(2): Delayed 2 second(s)

2023-11-06 11:27:50 - [MESSAGE][PASSED] - Delayed 2 second(s)

2023-11-06 11:27:50 - [TEST_STEP][PASSED] - waitForElementVisible(findTestObject("Origen_Destino_Paquetes/span_28010 - MADRID"), 60, OPTIONAL): Object 'Object Repository/Origen_Destino_Paquetes/span_28010 - MADRID' is visible

2023-11-06 11:27:50 - [MESSAGE][PASSED] - Object 'Object Repository/Origen_Destino_Paquetes/span_28010 - MADRID' is visible

2023-11-06 11:27:50 - [TEST_STEP][PASSED] - waitForElementClickable(findTestObject("Origen_Destino_Paquetes/span_28010 - MADRID"), 60, OPTIONAL): Object 'Object Repository/Origen_Destino_Paquetes/span_28010 - MADRID' is clickable

2023-11-06 11:27:51 - [MESSAGE][PASSED] - Object 'Object Repository/Origen_Destino_Paquetes/span_28010 - MADRID' is clickable

2023-11-06 11:27:51 - [TEST_STEP][PASSED] - click(findTestObject("Origen_Destino_Paquetes/span_28010 - MADRID"), STOP_ON_FAILURE): Object: 'Object Repository/Origen_Destino_Paquetes/span_28010 - MADRID' is clicked on

2023-11-06 11:27:51 - [MESSAGE][PASSED] - Object: 'Object Repository/Origen_Destino_Paquetes/span_28010 - MADRID' is clicked on

2023-11-06 11:27:51 - [TEST_STEP][PASSED] - waitForElementVisible(findTestObject("Origen_Destino_Paquetes/input_Paquete_peso"), 60, OPTIONAL): Object 'Object Repository/Origen_Destino_Paquetes/input_Paquete_peso' is visible

2023-11-06 11:27:52 - [MESSAGE][PASSED] - Object 'Object Repository/Origen_Destino_Paquetes/input_Paquete_peso' is visible

2023-11-06 11:27:52 - [TEST_STEP][PASSED] - waitForElementClickable(findTestObject("Origen_Destino_Paquetes/input_Paquete_peso"), 60, OPTIONAL): Object 'Object Repository/Origen_Destino_Paquetes/input_Paquete_peso' is clickable

2023-11-06 11:27:52 - [MESSAGE][PASSED] - Object 'Object Repository/Origen_Destino_Paquetes/input_Paquete_peso' is clickable

2023-11-06 11:27:52 - [TEST_STEP][PASSED] - setText(findTestObject("Origen_Destino_Paquetes/input_Paquete_peso"), pesoPaquete, STOP_ON_FAILURE): Text '6.5' is set on object 'Object Repository/Origen_Destino_Paquetes/input_Paquete_peso'

2023-11-06 11:27:52 - [MESSAGE][PASSED] - Text '6.5' is set on object 'Object Repository/Origen_Destino_Paquetes/input_Paquete_peso'

2023-11-06 11:27:52 - [TEST_STEP][PASSED] - waitForElementVisible(findTestObject("Origen_Destino_Paquetes/input_Paquete_largo"), 60, OPTIONAL): Object 'Object Repository/Origen_Destino_Paquetes/input_Paquete_largo' is visible

2023-11-06 11:27:53 - [MESSAGE][PASSED] - Object 'Object Repository/Origen_Destino_Paquetes/input_Paquete_largo' is visible

2023-11-06 11:27:53 - [TEST_STEP][PASSED] - waitForElementClickable(findTestObject("Origen_Destino_Paquetes/input_Paquete_largo"), 60, OPTIONAL): Object 'Object Repository/Origen_Destino_Paquetes/input_Paquete_largo' is clickable

2023-11-06 11:27:53 - [MESSAGE][PASSED] - Object 'Object Repository/Origen_Destino_Paquetes/input_Paquete_largo' is clickable

2023-11-06 11:27:53 - [TEST_STEP][PASSED] - setText(findTestObject("Origen_Destino_Paquetes/input_Paquete_largo"), largoPaquete, STOP_ON_FAILURE): Text '20' is set on object 'Object Repository/Origen_Destino_Paquetes/input_Paquete_largo'

2023-11-06 11:27:54 - [MESSAGE][PASSED] - Text '20' is set on object 'Object Repository/Origen_Destino_Paquetes/input_Paquete_largo'

2023-11-06 11:27:54 - [TEST_STEP][PASSED] - waitForElementVisible(findTestObject("Origen_Destino_Paquetes/input_Paquete_Ancho"), 60, OPTIONAL): Object 'Object Repository/Origen_Destino_Paquetes/input_Paquete_Ancho' is visible

2023-11-06 11:27:54 - [MESSAGE][PASSED] - Object 'Object Repository/Origen_Destino_Paquetes/input_Paquete_Ancho' is visible

2023-11-06 11:27:54 - [TEST_STEP][PASSED] - waitForElementClickable(findTestObject("Origen_Destino_Paquetes/input_Paquete_Ancho"), 60, OPTIONAL): Object 'Object Repository/Origen_Destino_Paquetes/input_Paquete_Ancho' is clickable

2023-11-06 11:27:54 - [MESSAGE][PASSED] - Object 'Object Repository/Origen_Destino_Paquetes/input_Paquete_Ancho' is clickable

2023-11-06 11:27:54 - [TEST_STEP][PASSED] - setText(findTestObject("Origen_Destino_Paquetes/input_Paquete_Ancho"), anchoPaquete, STOP_ON_FAILURE): Text '30' is set on object 'Object Repository/Origen_Destino_Paquetes/input_Paquete_Ancho'

2023-11-06 11:27:55 - [MESSAGE][PASSED] - Text '30' is set on object 'Object Repository/Origen_Destino_Paquetes/input_Paquete_Ancho'

2023-11-06 11:27:55 - [TEST_STEP][PASSED] - waitForElementVisible(findTestObject("Origen_Destino_Paquetes/input_Paquete_Alto"), 60, OPTIONAL): Object 'Object Repository/Origen_Destino_Paquetes/input_Paquete_Alto' is visible

2023-11-06 11:27:56 - [MESSAGE][PASSED] - Object 'Object Repository/Origen_Destino_Paquetes/input_Paquete_Alto' is visible

2023-11-06 11:27:56 - [TEST_STEP][PASSED] - waitForElementClickable(findTestObject("Origen_Destino_Paquetes/input_Paquete_Alto"), 60, OPTIONAL): Object 'Object Repository/Origen_Destino_Paquetes/input_Paquete_Alto' is clickable

2023-11-06 11:27:56 - [MESSAGE][PASSED] - Object 'Object Repository/Origen_Destino_Paquetes/input_Paquete_Alto' is clickable

2023-11-06 11:27:56 - [TEST_STEP][PASSED] - setText(findTestObject("Origen_Destino_Paquetes/input_Paquete_Alto"), altoPaquete, STOP_ON_FAILURE): Text '45' is set on object 'Object Repository/Origen_Destino_Paquetes/input_Paquete_Alto'

2023-11-06 11:27:56 - [MESSAGE][PASSED] - Text '45' is set on object 'Object Repository/Origen_Destino_Paquetes/input_Paquete_Alto'

2023-11-06 11:27:56 - [TEST_STEP][PASSED] - waitForElementVisible(findTestObject("Origen_Destino_Paquetes/button_Calcula tu envio"), 60, OPTIONAL): Object 'Object Repository/Origen_Destino_Paquetes/button_Calcula tu envio' is visible

2023-11-06 11:27:57 - [MESSAGE][PASSED] - Object 'Object Repository/Origen_Destino_Paquetes/button_Calcula tu envio' is visible

2023-11-06 11:27:57 - [TEST_STEP][PASSED] - waitForElementClickable(findTestObject("Origen_Destino_Paquetes/button_Calcula tu envio"), 60, OPTIONAL): Object 'Object Repository/Origen_Destino_Paquetes/button_Calcula tu envio' is clickable

2023-11-06 11:27:57 - [MESSAGE][PASSED] - Object 'Object Repository/Origen_Destino_Paquetes/button_Calcula tu envio' is clickable

2023-11-06 11:27:57 - [TEST_STEP][PASSED] - click(findTestObject("Origen_Destino_Paquetes/button_Calcula tu envio"), STOP_ON_FAILURE): Object: 'Object Repository/Origen_Destino_Paquetes/button_Calcula tu envio' is clicked on

2023-11-06 11:27:58 - [MESSAGE][PASSED] - Object: 'Object Repository/Origen_Destino_Paquetes/button_Calcula tu envio' is clicked on

2023-11-06 11:27:58 - [TEST_STEP][PASSED] - waitForElementVisible(findTestObject("Object Repository/Contracting_buttons/button_Contratar_S2H"), 60, OPTIONAL): Object 'Object Repository/Contracting_buttons/button_Contratar_S2H' is visible

2023-11-06 11:28:02 - [MESSAGE][PASSED] - Object 'Object Repository/Contracting_buttons/button_Contratar_S2H' is visible

2023-11-06 11:28:02 - [TEST_STEP][PASSED] - waitForElementClickable(findTestObject("Object Repository/Contracting_buttons/button_Contratar_S2H"), 60, OPTIONAL): Object 'Object Repository/Contracting_buttons/button_Contratar_S2H' is clickable

2023-11-06 11:28:02 - [MESSAGE][PASSED] - Object 'Object Repository/Contracting_buttons/button_Contratar_S2H' is clickable

2023-11-06 11:28:02 - [TEST_STEP][PASSED] - click(findTestObject("Object Repository/Contracting_buttons/button_Contratar_S2H"), STOP_ON_FAILURE): Object: 'Object Repository/Contracting_buttons/button_Contratar_S2H' is clicked on

2023-11-06 11:28:02 - [MESSAGE][PASSED] - Object: 'Object Repository/Contracting_buttons/button_Contratar_S2H' is clicked on

2023-11-06 11:28:02 - [TEST_STEP][PASSED] - waitForElementVisible(findTestObject("Forms/Origen/input_Nombre"), 60, OPTIONAL): Unable to wait for object 'Object Repository/Forms/Origen/input_Nombre' to be visible (Root cause: com.kms.katalon.core.exception.StepFailedException: Unable to wait for object 'Object Repository/Forms/Origen/input_Nombre' to be visible
	at com.kms.katalon.core.webui.keyword.internal.WebUIKeywordMain.stepFailed(WebUIKeywordMain.groovy:64)
	at com.kms.katalon.core.webui.keyword.internal.WebUIKeywordMain.runKeyword(WebUIKeywordMain.groovy:26)
	at com.kms.katalon.core.webui.keyword.internal.WebUIKeywordMain$runKeyword.call(Unknown Source)
	at com.kms.katalon.core.webui.keyword.builtin.WaitForElementVisibleKeyword.waitForElementVisible(WaitForElementVisibleKeyword.groovy:98)
	at com.kms.katalon.core.webui.keyword.builtin.WaitForElementVisibleKeyword.execute(WaitForElementVisibleKeyword.groovy:68)
	at com.kms.katalon.core.keyword.internal.KeywordExecutor.executeKeywordForPlatform(KeywordExecutor.groovy:74)
	at com.kms.katalon.core.webui.keyword.WebUiBuiltInKeywords.waitForElementVisible(WebUiBuiltInKeywords.groovy:422)
	at com.kms.katalon.core.webui.keyword.WebUiBuiltInKeywords$waitForElementVisible$2.call(Unknown Source)
	at 06 - Envio_Shope2Home.run(06 - Envio_Shope2Home:85)
	at com.kms.katalon.core.main.ScriptEngine.run(ScriptEngine.java:194)
	at com.kms.katalon.core.main.ScriptEngine.runScriptAsRawText(ScriptEngine.java:119)
	at com.kms.katalon.core.main.TestCaseExecutor.runScript(TestCaseExecutor.java:430)
	at com.kms.katalon.core.main.TestCaseExecutor.doExecute(TestCaseExecutor.java:421)
	at com.kms.katalon.core.main.TestCaseExecutor.processExecutionPhase(TestCaseExecutor.java:400)
	at com.kms.katalon.core.main.TestCaseExecutor.accessMainPhase(TestCaseExecutor.java:392)
	at com.kms.katalon.core.main.TestCaseExecutor.execute(TestCaseExecutor.java:273)
	at com.kms.katalon.core.main.TestSuiteExecutor.accessTestCaseMainPhase(TestSuiteExecutor.java:202)
	at com.kms.katalon.core.main.TestSuiteExecutor.accessTestSuiteMainPhase(TestSuiteExecutor.java:164)
	at com.kms.katalon.core.main.TestSuiteExecutor.execute(TestSuiteExecutor.java:105)
	at com.kms.katalon.core.main.TestCaseMain.startTestSuite(TestCaseMain.java:185)
	at com.kms.katalon.core.main.TestCaseMain$startTestSuite$0.call(Unknown Source)
	at TempTestSuite1699265747342.run(TempTestSuite1699265747342.groovy:36)
Caused by: org.openqa.selenium.ScriptTimeoutException: script timeout
  (Session info: chrome=96.0.4664.45)
Build info: version: '3.141.59', revision: 'e82be7d358', time: '2018-11-14T08:25:53'
System info: host: 'SEU2K19KAT01', ip: '10.240.96.104', os.name: 'Windows Server 2019', os.arch: 'amd64', os.version: '10.0', java.version: '1.8.0_282'
Driver info: com.kms.katalon.selenium.driver.CChromeDriver
Capabilities {acceptInsecureCerts: false, browserName: chrome, browserVersion: 96.0.4664.45, chrome: {chromedriverVersion: 96.0.4664.45 (76e4c1bb2ab46..., userDataDir: C:\Windows\TEMP\scoped_dir9...}, goog:chromeOptions: {debuggerAddress: localhost:14999}, javascriptEnabled: true, networkConnectionEnabled: false, pageLoadStrategy: normal, platform: WINDOWS, platformName: WINDOWS, proxy: Proxy(), setWindowRect: true, strictFileInteractability: false, timeouts: {implicit: 0, pageLoad: 300000, script: 30000}, unhandledPromptBehavior: dismiss and notify, webauthn:extension:credBlob: true, webauthn:extension:largeBlob: true, webauthn:virtualAuthenticators: true}
Session ID: 4932d0dc75a9b4c4e98eccdfb2b51ede
	at org.openqa.selenium.remote.http.W3CHttpResponseCodec.createException(W3CHttpResponseCodec.java:187)
	at org.openqa.selenium.remote.http.W3CHttpResponseCodec.decode(W3CHttpResponseCodec.java:122)
	at org.openqa.selenium.remote.http.W3CHttpResponseCodec.decode(W3CHttpResponseCodec.java:49)
	at org.openqa.selenium.remote.HttpCommandExecutor.execute(HttpCommandExecutor.java:158)
	at org.openqa.selenium.remote.service.DriverCommandExecutor.execute(DriverCommandExecutor.java:83)
	at org.openqa.selenium.remote.RemoteWebDriver.execute(RemoteWebDriver.java:552)
	at com.kms.katalon.selenium.driver.CChromeDriver.execute(CChromeDriver.java:19)
	at org.openqa.selenium.remote.RemoteWebElement.execute(RemoteWebElement.java:285)
	at org.openqa.selenium.remote.RemoteWebElement.isDisplayed(RemoteWebElement.java:326)
	at org.openqa.selenium.support.events.EventFiringWebDriver$EventFiringWebElement.lambda$new$0(EventFiringWebDriver.java:404)
	at com.sun.proxy.$Proxy11.isDisplayed(Unknown Source)
	at org.openqa.selenium.support.events.EventFiringWebDriver$EventFiringWebElement.isDisplayed(EventFiringWebDriver.java:470)
	at org.openqa.selenium.support.ui.ExpectedConditions.elementIfVisible(ExpectedConditions.java:314)
	at org.openqa.selenium.support.ui.ExpectedConditions.access$000(ExpectedConditions.java:43)
	at org.openqa.selenium.support.ui.ExpectedConditions$10.apply(ExpectedConditions.java:300)
	at org.openqa.selenium.support.ui.ExpectedConditions$10.apply(ExpectedConditions.java:297)
	at org.openqa.selenium.support.ui.FluentWait.until(FluentWait.java:249)
	at org.openqa.selenium.support.ui.Wait$until.call(Unknown Source)
	at com.kms.katalon.core.webui.keyword.builtin.WaitForElementVisibleKeyword$_waitForElementVisible_closure1.doCall(WaitForElementVisibleKeyword.groovy:81)
	at com.kms.katalon.core.webui.keyword.builtin.WaitForElementVisibleKeyword$_waitForElementVisible_closure1.doCall(WaitForElementVisibleKeyword.groovy)
	at com.kms.katalon.core.webui.keyword.internal.WebUIKeywordMain.runKeyword(WebUIKeywordMain.groovy:20)
	at com.kms.katalon.core.webui.keyword.internal.WebUIKeywordMain$runKeyword.call(Unknown Source)
	at com.kms.katalon.core.webui.keyword.builtin.WaitForElementVisibleKeyword.waitForElementVisible(WaitForElementVisibleKeyword.groovy:98)
	at com.kms.katalon.core.webui.keyword.builtin.WaitForElementVisibleKeyword.execute(WaitForElementVisibleKeyword.groovy:68)
	at com.kms.katalon.core.keyword.internal.KeywordExecutor.executeKeywordForPlatform(KeywordExecutor.groovy:74)
	at com.kms.katalon.core.webui.keyword.WebUiBuiltInKeywords.waitForElementVisible(WebUiBuiltInKeywords.groovy:422)
	at com.kms.katalon.core.webui.keyword.WebUiBuiltInKeywords$waitForElementVisible$2.call(Unknown Source)
	at Script1671027835217.run(Script1671027835217.groovy:85)
	... 13 more
)

2023-11-06 11:28:49 - [MESSAGE][WARNING] - Unable to wait for object 'Object Repository/Forms/Origen/input_Nombre' to be visible (Root cause: com.kms.katalon.core.exception.StepFailedException: Unable to wait for object 'Object Repository/Forms/Origen/input_Nombre' to be visible
	at com.kms.katalon.core.webui.keyword.internal.WebUIKeywordMain.stepFailed(WebUIKeywordMain.groovy:64)
	at com.kms.katalon.core.webui.keyword.internal.WebUIKeywordMain.runKeyword(WebUIKeywordMain.groovy:26)
	at com.kms.katalon.core.webui.keyword.internal.WebUIKeywordMain$runKeyword.call(Unknown Source)
	at com.kms.katalon.core.webui.keyword.builtin.WaitForElementVisibleKeyword.waitForElementVisible(WaitForElementVisibleKeyword.groovy:98)
	at com.kms.katalon.core.webui.keyword.builtin.WaitForElementVisibleKeyword.execute(WaitForElementVisibleKeyword.groovy:68)
	at com.kms.katalon.core.keyword.internal.KeywordExecutor.executeKeywordForPlatform(KeywordExecutor.groovy:74)
	at com.kms.katalon.core.webui.keyword.WebUiBuiltInKeywords.waitForElementVisible(WebUiBuiltInKeywords.groovy:422)
	at com.kms.katalon.core.webui.keyword.WebUiBuiltInKeywords$waitForElementVisible$2.call(Unknown Source)
	at 06 - Envio_Shope2Home.run(06 - Envio_Shope2Home:85)
	at com.kms.katalon.core.main.ScriptEngine.run(ScriptEngine.java:194)
	at com.kms.katalon.core.main.ScriptEngine.runScriptAsRawText(ScriptEngine.java:119)
	at com.kms.katalon.core.main.TestCaseExecutor.runScript(TestCaseExecutor.java:430)
	at com.kms.katalon.core.main.TestCaseExecutor.doExecute(TestCaseExecutor.java:421)
	at com.kms.katalon.core.main.TestCaseExecutor.processExecutionPhase(TestCaseExecutor.java:400)
	at com.kms.katalon.core.main.TestCaseExecutor.accessMainPhase(TestCaseExecutor.java:392)
	at com.kms.katalon.core.main.TestCaseExecutor.execute(TestCaseExecutor.java:273)
	at com.kms.katalon.core.main.TestSuiteExecutor.accessTestCaseMainPhase(TestSuiteExecutor.java:202)
	at com.kms.katalon.core.main.TestSuiteExecutor.accessTestSuiteMainPhase(TestSuiteExecutor.java:164)
	at com.kms.katalon.core.main.TestSuiteExecutor.execute(TestSuiteExecutor.java:105)
	at com.kms.katalon.core.main.TestCaseMain.startTestSuite(TestCaseMain.java:185)
	at com.kms.katalon.core.main.TestCaseMain$startTestSuite$0.call(Unknown Source)
	at TempTestSuite1699265747342.run(TempTestSuite1699265747342.groovy:36)
Caused by: org.openqa.selenium.ScriptTimeoutException: script timeout
  (Session info: chrome=96.0.4664.45)
Build info: version: '3.141.59', revision: 'e82be7d358', time: '2018-11-14T08:25:53'
System info: host: 'SEU2K19KAT01', ip: '10.240.96.104', os.name: 'Windows Server 2019', os.arch: 'amd64', os.version: '10.0', java.version: '1.8.0_282'
Driver info: com.kms.katalon.selenium.driver.CChromeDriver
Capabilities {acceptInsecureCerts: false, browserName: chrome, browserVersion: 96.0.4664.45, chrome: {chromedriverVersion: 96.0.4664.45 (76e4c1bb2ab46..., userDataDir: C:\Windows\TEMP\scoped_dir9...}, goog:chromeOptions: {debuggerAddress: localhost:14999}, javascriptEnabled: true, networkConnectionEnabled: false, pageLoadStrategy: normal, platform: WINDOWS, platformName: WINDOWS, proxy: Proxy(), setWindowRect: true, strictFileInteractability: false, timeouts: {implicit: 0, pageLoad: 300000, script: 30000}, unhandledPromptBehavior: dismiss and notify, webauthn:extension:credBlob: true, webauthn:extension:largeBlob: true, webauthn:virtualAuthenticators: true}
Session ID: 4932d0dc75a9b4c4e98eccdfb2b51ede
	at org.openqa.selenium.remote.http.W3CHttpResponseCodec.createException(W3CHttpResponseCodec.java:187)
	at org.openqa.selenium.remote.http.W3CHttpResponseCodec.decode(W3CHttpResponseCodec.java:122)
	at org.openqa.selenium.remote.http.W3CHttpResponseCodec.decode(W3CHttpResponseCodec.java:49)
	at org.openqa.selenium.remote.HttpCommandExecutor.execute(HttpCommandExecutor.java:158)
	at org.openqa.selenium.remote.service.DriverCommandExecutor.execute(DriverCommandExecutor.java:83)
	at org.openqa.selenium.remote.RemoteWebDriver.execute(RemoteWebDriver.java:552)
	at com.kms.katalon.selenium.driver.CChromeDriver.execute(CChromeDriver.java:19)
	at org.openqa.selenium.remote.RemoteWebElement.execute(RemoteWebElement.java:285)
	at org.openqa.selenium.remote.RemoteWebElement.isDisplayed(RemoteWebElement.java:326)
	at org.openqa.selenium.support.events.EventFiringWebDriver$EventFiringWebElement.lambda$new$0(EventFiringWebDriver.java:404)
	at com.sun.proxy.$Proxy11.isDisplayed(Unknown Source)
	at org.openqa.selenium.support.events.EventFiringWebDriver$EventFiringWebElement.isDisplayed(EventFiringWebDriver.java:470)
	at org.openqa.selenium.support.ui.ExpectedConditions.elementIfVisible(ExpectedConditions.java:314)
	at org.openqa.selenium.support.ui.ExpectedConditions.access$000(ExpectedConditions.java:43)
	at org.openqa.selenium.support.ui.ExpectedConditions$10.apply(ExpectedConditions.java:300)
	at org.openqa.selenium.support.ui.ExpectedConditions$10.apply(ExpectedConditions.java:297)
	at org.openqa.selenium.support.ui.FluentWait.until(FluentWait.java:249)
	at org.openqa.selenium.support.ui.Wait$until.call(Unknown Source)
	at com.kms.katalon.core.webui.keyword.builtin.WaitForElementVisibleKeyword$_waitForElementVisible_closure1.doCall(WaitForElementVisibleKeyword.groovy:81)
	at com.kms.katalon.core.webui.keyword.builtin.WaitForElementVisibleKeyword$_waitForElementVisible_closure1.doCall(WaitForElementVisibleKeyword.groovy)
	at com.kms.katalon.core.webui.keyword.internal.WebUIKeywordMain.runKeyword(WebUIKeywordMain.groovy:20)
	at com.kms.katalon.core.webui.keyword.internal.WebUIKeywordMain$runKeyword.call(Unknown Source)
	at com.kms.katalon.core.webui.keyword.builtin.WaitForElementVisibleKeyword.waitForElementVisible(WaitForElementVisibleKeyword.groovy:98)
	at com.kms.katalon.core.webui.keyword.builtin.WaitForElementVisibleKeyword.execute(WaitForElementVisibleKeyword.groovy:68)
	at com.kms.katalon.core.keyword.internal.KeywordExecutor.executeKeywordForPlatform(KeywordExecutor.groovy:74)
	at com.kms.katalon.core.webui.keyword.WebUiBuiltInKeywords.waitForElementVisible(WebUiBuiltInKeywords.groovy:422)
	at com.kms.katalon.core.webui.keyword.WebUiBuiltInKeywords$waitForElementVisible$2.call(Unknown Source)
	at Script1671027835217.run(Script1671027835217.groovy:85)
	... 13 more
)
[[ATTACHMENT|C:\\Jenkins\\workspace\\Katalon_WebRecogidas_PRO\\Reports\\20231106_111546\\TS_Envios_PRO\\20231106_111547\\1699266529428.png]]

2023-11-06 11:28:49 - [TEST_STEP][PASSED] - waitForElementClickable(findTestObject("Forms/Origen/input_Nombre"), 60, OPTIONAL): Object 'Object Repository/Forms/Origen/input_Nombre' is clickable

2023-11-06 11:28:49 - [MESSAGE][PASSED] - Object 'Object Repository/Forms/Origen/input_Nombre' is clickable

2023-11-06 11:28:49 - [TEST_STEP][FAILED] - setText(findTestObject("Forms/Origen/input_Nombre"), nombreRem, STOP_ON_FAILURE): Unable to set text 'Luis' of object 'Object Repository/Forms/Origen/input_Nombre' (Root cause: com.kms.katalon.core.exception.StepFailedException: Unable to set text 'Luis' of object 'Object Repository/Forms/Origen/input_Nombre'
	at com.kms.katalon.core.webui.keyword.internal.WebUIKeywordMain.stepFailed(WebUIKeywordMain.groovy:64)
	at com.kms.katalon.core.webui.keyword.internal.WebUIKeywordMain.runKeyword(WebUIKeywordMain.groovy:26)
	at com.kms.katalon.core.webui.keyword.builtin.SetTextKeyword.setText(SetTextKeyword.groovy:66)
	at com.kms.katalon.core.webui.keyword.builtin.SetTextKeyword.execute(SetTextKeyword.groovy:37)
	at com.kms.katalon.core.keyword.internal.KeywordExecutor.executeKeywordForPlatform(KeywordExecutor.groovy:74)
	at com.kms.katalon.core.webui.keyword.WebUiBuiltInKeywords.setText(WebUiBuiltInKeywords.groovy:966)
	at com.kms.katalon.core.webui.keyword.WebUiBuiltInKeywords$setText$5.call(Unknown Source)
	at 06 - Envio_Shope2Home.run(06 - Envio_Shope2Home:87)
	at com.kms.katalon.core.main.ScriptEngine.run(ScriptEngine.java:194)
	at com.kms.katalon.core.main.ScriptEngine.runScriptAsRawText(ScriptEngine.java:119)
	at com.kms.katalon.core.main.TestCaseExecutor.runScript(TestCaseExecutor.java:430)
	at com.kms.katalon.core.main.TestCaseExecutor.doExecute(TestCaseExecutor.java:421)
	at com.kms.katalon.core.main.TestCaseExecutor.processExecutionPhase(TestCaseExecutor.java:400)
	at com.kms.katalon.core.main.TestCaseExecutor.accessMainPhase(TestCaseExecutor.java:392)
	at com.kms.katalon.core.main.TestCaseExecutor.execute(TestCaseExecutor.java:273)
	at com.kms.katalon.core.main.TestSuiteExecutor.accessTestCaseMainPhase(TestSuiteExecutor.java:202)
	at com.kms.katalon.core.main.TestSuiteExecutor.accessTestSuiteMainPhase(TestSuiteExecutor.java:164)
	at com.kms.katalon.core.main.TestSuiteExecutor.execute(TestSuiteExecutor.java:105)
	at com.kms.katalon.core.main.TestCaseMain.startTestSuite(TestCaseMain.java:185)
	at com.kms.katalon.core.main.TestCaseMain$startTestSuite$0.call(Unknown Source)
	at TempTestSuite1699265747342.run(TempTestSuite1699265747342.groovy:36)
Caused by: org.openqa.selenium.ElementNotInteractableException: element not interactable
  (Session info: chrome=96.0.4664.45)
Build info: version: '3.141.59', revision: 'e82be7d358', time: '2018-11-14T08:25:53'
System info: host: 'SEU2K19KAT01', ip: '10.240.96.104', os.name: 'Windows Server 2019', os.arch: 'amd64', os.version: '10.0', java.version: '1.8.0_282'
Driver info: com.kms.katalon.selenium.driver.CChromeDriver
Capabilities {acceptInsecureCerts: false, browserName: chrome, browserVersion: 96.0.4664.45, chrome: {chromedriverVersion: 96.0.4664.45 (76e4c1bb2ab46..., userDataDir: C:\Windows\TEMP\scoped_dir9...}, goog:chromeOptions: {debuggerAddress: localhost:14999}, javascriptEnabled: true, networkConnectionEnabled: false, pageLoadStrategy: normal, platform: WINDOWS, platformName: WINDOWS, proxy: Proxy(), setWindowRect: true, strictFileInteractability: false, timeouts: {implicit: 0, pageLoad: 300000, script: 30000}, unhandledPromptBehavior: dismiss and notify, webauthn:extension:credBlob: true, webauthn:extension:largeBlob: true, webauthn:virtualAuthenticators: true}
Session ID: 4932d0dc75a9b4c4e98eccdfb2b51ede
	at org.openqa.selenium.remote.http.W3CHttpResponseCodec.createException(W3CHttpResponseCodec.java:187)
	at org.openqa.selenium.remote.http.W3CHttpResponseCodec.decode(W3CHttpResponseCodec.java:122)
	at org.openqa.selenium.remote.http.W3CHttpResponseCodec.decode(W3CHttpResponseCodec.java:49)
	at org.openqa.selenium.remote.HttpCommandExecutor.execute(HttpCommandExecutor.java:158)
	at org.openqa.selenium.remote.service.DriverCommandExecutor.execute(DriverCommandExecutor.java:83)
	at org.openqa.selenium.remote.RemoteWebDriver.execute(RemoteWebDriver.java:552)
	at com.kms.katalon.selenium.driver.CChromeDriver.execute(CChromeDriver.java:19)
	at org.openqa.selenium.remote.RemoteWebElement.execute(RemoteWebElement.java:285)
	at org.openqa.selenium.remote.RemoteWebElement.clear(RemoteWebElement.java:124)
	at org.openqa.selenium.support.events.EventFiringWebDriver$EventFiringWebElement.lambda$new$0(EventFiringWebDriver.java:404)
	at com.sun.proxy.$Proxy11.clear(Unknown Source)
	at org.openqa.selenium.support.events.EventFiringWebDriver$EventFiringWebElement.clear(EventFiringWebDriver.java:436)
	at com.kms.katalon.core.webui.keyword.builtin.SetTextKeyword$_setText_closure1.doCall(SetTextKeyword.groovy:53)
	at com.kms.katalon.core.webui.keyword.builtin.SetTextKeyword$_setText_closure1.call(SetTextKeyword.groovy)
	at com.kms.katalon.core.webui.keyword.internal.WebUIKeywordMain.runKeyword(WebUIKeywordMain.groovy:20)
	at com.kms.katalon.core.webui.keyword.builtin.SetTextKeyword.setText(SetTextKeyword.groovy:66)
	at com.kms.katalon.core.webui.keyword.builtin.SetTextKeyword.execute(SetTextKeyword.groovy:37)
	at com.kms.katalon.core.keyword.internal.KeywordExecutor.executeKeywordForPlatform(KeywordExecutor.groovy:74)
	at com.kms.katalon.core.webui.keyword.WebUiBuiltInKeywords.setText(WebUiBuiltInKeywords.groovy:966)
	at com.kms.katalon.core.webui.keyword.WebUiBuiltInKeywords$setText$5.call(Unknown Source)
	at Script1671027835217.run(Script1671027835217.groovy:87)
	... 13 more
)

2023-11-06 11:28:50 - [MESSAGE][FAILED] - Unable to set text 'Luis' of object 'Object Repository/Forms/Origen/input_Nombre' (Root cause: com.kms.katalon.core.exception.StepFailedException: Unable to set text 'Luis' of object 'Object Repository/Forms/Origen/input_Nombre'
	at com.kms.katalon.core.webui.keyword.internal.WebUIKeywordMain.stepFailed(WebUIKeywordMain.groovy:64)
	at com.kms.katalon.core.webui.keyword.internal.WebUIKeywordMain.runKeyword(WebUIKeywordMain.groovy:26)
	at com.kms.katalon.core.webui.keyword.builtin.SetTextKeyword.setText(SetTextKeyword.groovy:66)
	at com.kms.katalon.core.webui.keyword.builtin.SetTextKeyword.execute(SetTextKeyword.groovy:37)
	at com.kms.katalon.core.keyword.internal.KeywordExecutor.executeKeywordForPlatform(KeywordExecutor.groovy:74)
	at com.kms.katalon.core.webui.keyword.WebUiBuiltInKeywords.setText(WebUiBuiltInKeywords.groovy:966)
	at com.kms.katalon.core.webui.keyword.WebUiBuiltInKeywords$setText$5.call(Unknown Source)
	at 06 - Envio_Shope2Home.run(06 - Envio_Shope2Home:87)
	at com.kms.katalon.core.main.ScriptEngine.run(ScriptEngine.java:194)
	at com.kms.katalon.core.main.ScriptEngine.runScriptAsRawText(ScriptEngine.java:119)
	at com.kms.katalon.core.main.TestCaseExecutor.runScript(TestCaseExecutor.java:430)
	at com.kms.katalon.core.main.TestCaseExecutor.doExecute(TestCaseExecutor.java:421)
	at com.kms.katalon.core.main.TestCaseExecutor.processExecutionPhase(TestCaseExecutor.java:400)
	at com.kms.katalon.core.main.TestCaseExecutor.accessMainPhase(TestCaseExecutor.java:392)
	at com.kms.katalon.core.main.TestCaseExecutor.execute(TestCaseExecutor.java:273)
	at com.kms.katalon.core.main.TestSuiteExecutor.accessTestCaseMainPhase(TestSuiteExecutor.java:202)
	at com.kms.katalon.core.main.TestSuiteExecutor.accessTestSuiteMainPhase(TestSuiteExecutor.java:164)
	at com.kms.katalon.core.main.TestSuiteExecutor.execute(TestSuiteExecutor.java:105)
	at com.kms.katalon.core.main.TestCaseMain.startTestSuite(TestCaseMain.java:185)
	at com.kms.katalon.core.main.TestCaseMain$startTestSuite$0.call(Unknown Source)
	at TempTestSuite1699265747342.run(TempTestSuite1699265747342.groovy:36)
Caused by: org.openqa.selenium.ElementNotInteractableException: element not interactable
  (Session info: chrome=96.0.4664.45)
Build info: version: '3.141.59', revision: 'e82be7d358', time: '2018-11-14T08:25:53'
System info: host: 'SEU2K19KAT01', ip: '10.240.96.104', os.name: 'Windows Server 2019', os.arch: 'amd64', os.version: '10.0', java.version: '1.8.0_282'
Driver info: com.kms.katalon.selenium.driver.CChromeDriver
Capabilities {acceptInsecureCerts: false, browserName: chrome, browserVersion: 96.0.4664.45, chrome: {chromedriverVersion: 96.0.4664.45 (76e4c1bb2ab46..., userDataDir: C:\Windows\TEMP\scoped_dir9...}, goog:chromeOptions: {debuggerAddress: localhost:14999}, javascriptEnabled: true, networkConnectionEnabled: false, pageLoadStrategy: normal, platform: WINDOWS, platformName: WINDOWS, proxy: Proxy(), setWindowRect: true, strictFileInteractability: false, timeouts: {implicit: 0, pageLoad: 300000, script: 30000}, unhandledPromptBehavior: dismiss and notify, webauthn:extension:credBlob: true, webauthn:extension:largeBlob: true, webauthn:virtualAuthenticators: true}
Session ID: 4932d0dc75a9b4c4e98eccdfb2b51ede
	at org.openqa.selenium.remote.http.W3CHttpResponseCodec.createException(W3CHttpResponseCodec.java:187)
	at org.openqa.selenium.remote.http.W3CHttpResponseCodec.decode(W3CHttpResponseCodec.java:122)
	at org.openqa.selenium.remote.http.W3CHttpResponseCodec.decode(W3CHttpResponseCodec.java:49)
	at org.openqa.selenium.remote.HttpCommandExecutor.execute(HttpCommandExecutor.java:158)
	at org.openqa.selenium.remote.service.DriverCommandExecutor.execute(DriverCommandExecutor.java:83)
	at org.openqa.selenium.remote.RemoteWebDriver.execute(RemoteWebDriver.java:552)
	at com.kms.katalon.selenium.driver.CChromeDriver.execute(CChromeDriver.java:19)
	at org.openqa.selenium.remote.RemoteWebElement.execute(RemoteWebElement.java:285)
	at org.openqa.selenium.remote.RemoteWebElement.clear(RemoteWebElement.java:124)
	at org.openqa.selenium.support.events.EventFiringWebDriver$EventFiringWebElement.lambda$new$0(EventFiringWebDriver.java:404)
	at com.sun.proxy.$Proxy11.clear(Unknown Source)
	at org.openqa.selenium.support.events.EventFiringWebDriver$EventFiringWebElement.clear(EventFiringWebDriver.java:436)
	at com.kms.katalon.core.webui.keyword.builtin.SetTextKeyword$_setText_closure1.doCall(SetTextKeyword.groovy:53)
	at com.kms.katalon.core.webui.keyword.builtin.SetTextKeyword$_setText_closure1.call(SetTextKeyword.groovy)
	at com.kms.katalon.core.webui.keyword.internal.WebUIKeywordMain.runKeyword(WebUIKeywordMain.groovy:20)
	at com.kms.katalon.core.webui.keyword.builtin.SetTextKeyword.setText(SetTextKeyword.groovy:66)
	at com.kms.katalon.core.webui.keyword.builtin.SetTextKeyword.execute(SetTextKeyword.groovy:37)
	at com.kms.katalon.core.keyword.internal.KeywordExecutor.executeKeywordForPlatform(KeywordExecutor.groovy:74)
	at com.kms.katalon.core.webui.keyword.WebUiBuiltInKeywords.setText(WebUiBuiltInKeywords.groovy:966)
	at com.kms.katalon.core.webui.keyword.WebUiBuiltInKeywords$setText$5.call(Unknown Source)
	at Script1671027835217.run(Script1671027835217.groovy:87)
	... 13 more
)
[[ATTACHMENT|C:\\Jenkins\\workspace\\Katalon_WebRecogidas_PRO\\Reports\\20231106_111546\\TS_Envios_PRO\\20231106_111547\\1699266530078.png]]

2023-11-06 11:28:50 - [TEST_STEP][FAILED] - catch (Exception e): Recogidas / 06 - Envio shop2home

2023-11-06 11:28:50 - [TEST_STEP][PASSED] - e.printStackTrace(): null

2023-11-06 11:28:50 - [TEST_STEP][FAILED] - markFailed("Recogidas / 06 - Envio shop2home"): Recogidas / 06 - Envio shop2home

2023-11-06 11:28:50 - [MESSAGE][FAILED] - Recogidas / 06 - Envio shop2home

2023-11-06 11:28:50 - [TEST_STEP][PASSED] - Finally: Browser is closed

2023-11-06 11:28:50 - [TEST_STEP][PASSED] - closeBrowser(): Browser is closed

2023-11-06 11:28:50 - [MESSAGE][PASSED] - Browser is closed

2023-11-06 11:28:50 - [TEST_STEP][PASSED] - closeBrowser(): Browser is closed

2023-11-06 11:28:50 - [MESSAGE][PASSED] - Browser is closed]]></system-out>
         <system-err><![CDATA[2023-11-06 11:25:38 - [TEST_CASE][FAILED] - Test Cases/Scripts_PRO/06 - Envio_Shope2Home: Test Cases/Scripts_PRO/06 - Envio_Shope2Home FAILED.
Reason:
com.kms.katalon.core.exception.StepFailedException: Recogidas / 06 - Envio shop2home
	at com.kms.katalon.core.util.KeywordUtil.markFailed(KeywordUtil.java:19)
	at com.kms.katalon.core.util.KeywordUtil$markFailed.call(Unknown Source)
	at 06 - Envio_Shope2Home.run(06 - Envio_Shope2Home:168)
	at com.kms.katalon.core.main.ScriptEngine.run(ScriptEngine.java:194)
	at com.kms.katalon.core.main.ScriptEngine.runScriptAsRawText(ScriptEngine.java:119)
	at com.kms.katalon.core.main.TestCaseExecutor.runScript(TestCaseExecutor.java:430)
	at com.kms.katalon.core.main.TestCaseExecutor.doExecute(TestCaseExecutor.java:421)
	at com.kms.katalon.core.main.TestCaseExecutor.processExecutionPhase(TestCaseExecutor.java:400)
	at com.kms.katalon.core.main.TestCaseExecutor.accessMainPhase(TestCaseExecutor.java:392)
	at com.kms.katalon.core.main.TestCaseExecutor.execute(TestCaseExecutor.java:273)
	at com.kms.katalon.core.main.TestSuiteExecutor.accessTestCaseMainPhase(TestSuiteExecutor.java:202)
	at com.kms.katalon.core.main.TestSuiteExecutor.accessTestSuiteMainPhase(TestSuiteExecutor.java:164)
	at com.kms.katalon.core.main.TestSuiteExecutor.execute(TestSuiteExecutor.java:105)
	at com.kms.katalon.core.main.TestCaseMain.startTestSuite(TestCaseMain.java:185)
	at com.kms.katalon.core.main.TestCaseMain$startTestSuite$0.call(Unknown Source)
	at TempTestSuite1699265747342.run(TempTestSuite1699265747342.groovy:36)]]></system-err>
      </testcase>
      <testcase name="Test Cases/Scripts_PRO/07 - Envio_EnvioInternacional" time="359.429" classname="Test Cases/Scripts_PRO/07 - Envio_EnvioInternacional" status="FAILED">
         <failure type="FAILED" message="Test Cases/Scripts_PRO/07 - Envio_EnvioInternacional FAILED.
Reason:
com.kms.katalon.core.exception.StepFailedException: Recogidas / 07 - Envio internacional
	at com.kms.katalon.core.util.KeywordUtil.markFailed(KeywordUtil.java:19)
	at com.kms.katalon.core.util.KeywordUtil$markFailed.call(Unknown Source)
	at 07 - Envio_EnvioInternacional.run(07 - Envio_EnvioInternacional:194)
	at com.kms.katalon.core.main.ScriptEngine.run(ScriptEngine.java:194)
	at com.kms.katalon.core.main.ScriptEngine.runScriptAsRawText(ScriptEngine.java:119)
	at com.kms.katalon.core.main.TestCaseExecutor.runScript(TestCaseExecutor.java:430)
	at com.kms.katalon.core.main.TestCaseExecutor.doExecute(TestCaseExecutor.java:421)
	at com.kms.katalon.core.main.TestCaseExecutor.processExecutionPhase(TestCaseExecutor.java:400)
	at com.kms.katalon.core.main.TestCaseExecutor.accessMainPhase(TestCaseExecutor.java:392)
	at com.kms.katalon.core.main.TestCaseExecutor.execute(TestCaseExecutor.java:273)
	at com.kms.katalon.core.main.TestSuiteExecutor.accessTestCaseMainPhase(TestSuiteExecutor.java:202)
	at com.kms.katalon.core.main.TestSuiteExecutor.accessTestSuiteMainPhase(TestSuiteExecutor.java:164)
	at com.kms.katalon.core.main.TestSuiteExecutor.execute(TestSuiteExecutor.java:105)
	at com.kms.katalon.core.main.TestCaseMain.startTestSuite(TestCaseMain.java:185)
	at com.kms.katalon.core.main.TestCaseMain$startTestSuite$0.call(Unknown Source)
	at TempTestSuite1699265747342.run(TempTestSuite1699265747342.groovy:36)
"/>
         <system-out><![CDATA[2023-11-06 11:28:51 - [TEST_CASE][FAILED] - Test Cases/Scripts_PRO/07 - Envio_EnvioInternacional: Test Cases/Scripts_PRO/07 - Envio_EnvioInternacional FAILED.
Reason:
com.kms.katalon.core.exception.StepFailedException: Recogidas / 07 - Envio internacional
	at com.kms.katalon.core.util.KeywordUtil.markFailed(KeywordUtil.java:19)
	at com.kms.katalon.core.util.KeywordUtil$markFailed.call(Unknown Source)
	at 07 - Envio_EnvioInternacional.run(07 - Envio_EnvioInternacional:194)
	at com.kms.katalon.core.main.ScriptEngine.run(ScriptEngine.java:194)
	at com.kms.katalon.core.main.ScriptEngine.runScriptAsRawText(ScriptEngine.java:119)
	at com.kms.katalon.core.main.TestCaseExecutor.runScript(TestCaseExecutor.java:430)
	at com.kms.katalon.core.main.TestCaseExecutor.doExecute(TestCaseExecutor.java:421)
	at com.kms.katalon.core.main.TestCaseExecutor.processExecutionPhase(TestCaseExecutor.java:400)
	at com.kms.katalon.core.main.TestCaseExecutor.accessMainPhase(TestCaseExecutor.java:392)
	at com.kms.katalon.core.main.TestCaseExecutor.execute(TestCaseExecutor.java:273)
	at com.kms.katalon.core.main.TestSuiteExecutor.accessTestCaseMainPhase(TestSuiteExecutor.java:202)
	at com.kms.katalon.core.main.TestSuiteExecutor.accessTestSuiteMainPhase(TestSuiteExecutor.java:164)
	at com.kms.katalon.core.main.TestSuiteExecutor.execute(TestSuiteExecutor.java:105)
	at com.kms.katalon.core.main.TestCaseMain.startTestSuite(TestCaseMain.java:185)
	at com.kms.katalon.core.main.TestCaseMain$startTestSuite$0.call(Unknown Source)
	at TempTestSuite1699265747342.run(TempTestSuite1699265747342.groovy:36)


2023-11-06 11:28:51 - [TEST_STEP][PASSED] - setWebDriverPreferencesProperty("args", ["window-size=1920,1080"]): null

2023-11-06 11:28:51 - [TEST_STEP][FAILED] - try: Unable to set text 'Elena' of object 'Object Repository/Forms/Origen/input_Nombre' (Root cause: com.kms.katalon.core.exception.StepFailedException: Unable to set text 'Elena' of object 'Object Repository/Forms/Origen/input_Nombre'
	at com.kms.katalon.core.webui.keyword.internal.WebUIKeywordMain.stepFailed(WebUIKeywordMain.groovy:64)
	at com.kms.katalon.core.webui.keyword.internal.WebUIKeywordMain.runKeyword(WebUIKeywordMain.groovy:26)
	at com.kms.katalon.core.webui.keyword.builtin.SetTextKeyword.setText(SetTextKeyword.groovy:66)
	at com.kms.katalon.core.webui.keyword.builtin.SetTextKeyword.execute(SetTextKeyword.groovy:37)
	at com.kms.katalon.core.keyword.internal.KeywordExecutor.executeKeywordForPlatform(KeywordExecutor.groovy:74)
	at com.kms.katalon.core.webui.keyword.WebUiBuiltInKeywords.setText(WebUiBuiltInKeywords.groovy:966)
	at com.kms.katalon.core.webui.keyword.WebUiBuiltInKeywords$setText$5.call(Unknown Source)
	at 07 - Envio_EnvioInternacional.run(07 - Envio_EnvioInternacional:99)
	at com.kms.katalon.core.main.ScriptEngine.run(ScriptEngine.java:194)
	at com.kms.katalon.core.main.ScriptEngine.runScriptAsRawText(ScriptEngine.java:119)
	at com.kms.katalon.core.main.TestCaseExecutor.runScript(TestCaseExecutor.java:430)
	at com.kms.katalon.core.main.TestCaseExecutor.doExecute(TestCaseExecutor.java:421)
	at com.kms.katalon.core.main.TestCaseExecutor.processExecutionPhase(TestCaseExecutor.java:400)
	at com.kms.katalon.core.main.TestCaseExecutor.accessMainPhase(TestCaseExecutor.java:392)
	at com.kms.katalon.core.main.TestCaseExecutor.execute(TestCaseExecutor.java:273)
	at com.kms.katalon.core.main.TestSuiteExecutor.accessTestCaseMainPhase(TestSuiteExecutor.java:202)
	at com.kms.katalon.core.main.TestSuiteExecutor.accessTestSuiteMainPhase(TestSuiteExecutor.java:164)
	at com.kms.katalon.core.main.TestSuiteExecutor.execute(TestSuiteExecutor.java:105)
	at com.kms.katalon.core.main.TestCaseMain.startTestSuite(TestCaseMain.java:185)
	at com.kms.katalon.core.main.TestCaseMain$startTestSuite$0.call(Unknown Source)
	at TempTestSuite1699265747342.run(TempTestSuite1699265747342.groovy:36)
Caused by: org.openqa.selenium.ElementNotInteractableException: element not interactable
  (Session info: chrome=96.0.4664.45)
Build info: version: '3.141.59', revision: 'e82be7d358', time: '2018-11-14T08:25:53'
System info: host: 'SEU2K19KAT01', ip: '10.240.96.104', os.name: 'Windows Server 2019', os.arch: 'amd64', os.version: '10.0', java.version: '1.8.0_282'
Driver info: com.kms.katalon.selenium.driver.CChromeDriver
Capabilities {acceptInsecureCerts: false, browserName: chrome, browserVersion: 96.0.4664.45, chrome: {chromedriverVersion: 96.0.4664.45 (76e4c1bb2ab46..., userDataDir: C:\Windows\TEMP\scoped_dir2...}, goog:chromeOptions: {debuggerAddress: localhost:15107}, javascriptEnabled: true, networkConnectionEnabled: false, pageLoadStrategy: normal, platform: WINDOWS, platformName: WINDOWS, proxy: Proxy(), setWindowRect: true, strictFileInteractability: false, timeouts: {implicit: 0, pageLoad: 300000, script: 30000}, unhandledPromptBehavior: dismiss and notify, webauthn:extension:credBlob: true, webauthn:extension:largeBlob: true, webauthn:virtualAuthenticators: true}
Session ID: 1a338024f83c3052d2a1c35dca0f2eef
	at org.openqa.selenium.remote.http.W3CHttpResponseCodec.createException(W3CHttpResponseCodec.java:187)
	at org.openqa.selenium.remote.http.W3CHttpResponseCodec.decode(W3CHttpResponseCodec.java:122)
	at org.openqa.selenium.remote.http.W3CHttpResponseCodec.decode(W3CHttpResponseCodec.java:49)
	at org.openqa.selenium.remote.HttpCommandExecutor.execute(HttpCommandExecutor.java:158)
	at org.openqa.selenium.remote.service.DriverCommandExecutor.execute(DriverCommandExecutor.java:83)
	at org.openqa.selenium.remote.RemoteWebDriver.execute(RemoteWebDriver.java:552)
	at com.kms.katalon.selenium.driver.CChromeDriver.execute(CChromeDriver.java:19)
	at org.openqa.selenium.remote.RemoteWebElement.execute(RemoteWebElement.java:285)
	at org.openqa.selenium.remote.RemoteWebElement.clear(RemoteWebElement.java:124)
	at org.openqa.selenium.support.events.EventFiringWebDriver$EventFiringWebElement.lambda$new$0(EventFiringWebDriver.java:404)
	at com.sun.proxy.$Proxy11.clear(Unknown Source)
	at org.openqa.selenium.support.events.EventFiringWebDriver$EventFiringWebElement.clear(EventFiringWebDriver.java:436)
	at com.kms.katalon.core.webui.keyword.builtin.SetTextKeyword$_setText_closure1.doCall(SetTextKeyword.groovy:53)
	at com.kms.katalon.core.webui.keyword.builtin.SetTextKeyword$_setText_closure1.call(SetTextKeyword.groovy)
	at com.kms.katalon.core.webui.keyword.internal.WebUIKeywordMain.runKeyword(WebUIKeywordMain.groovy:20)
	at com.kms.katalon.core.webui.keyword.builtin.SetTextKeyword.setText(SetTextKeyword.groovy:66)
	at com.kms.katalon.core.webui.keyword.builtin.SetTextKeyword.execute(SetTextKeyword.groovy:37)
	at com.kms.katalon.core.keyword.internal.KeywordExecutor.executeKeywordForPlatform(KeywordExecutor.groovy:74)
	at com.kms.katalon.core.webui.keyword.WebUiBuiltInKeywords.setText(WebUiBuiltInKeywords.groovy:966)
	at com.kms.katalon.core.webui.keyword.WebUiBuiltInKeywords$setText$5.call(Unknown Source)
	at Script1671027855326.run(Script1671027855326.groovy:99)
	... 13 more
)

2023-11-06 11:28:51 - [TEST_STEP][PASSED] - openBrowser(""): Browser is opened with url: ''

2023-11-06 11:28:51 - [MESSAGE][INFO] - Starting 'Chrome' driver

2023-11-06 11:28:51 - [MESSAGE][INFO] - User set preference: ['args', '[window-size=1920,1080]']

2023-11-06 11:28:51 - [MESSAGE][INFO] - Action delay is set to 0 milliseconds

2023-11-06 11:28:53 - [MESSAGE][PASSED] - Browser is opened with url: ''

2023-11-06 11:28:53 - [TEST_STEP][PASSED] - maximizeWindow(): Current window maximized

2023-11-06 11:28:53 - [MESSAGE][PASSED] - Current window maximized

2023-11-06 11:28:53 - [TEST_STEP][PASSED] - navigateToUrl("https://seur.com/envio-online2/new-shipping"): Navigate to 'https://seur.com/envio-online2/new-shipping' successfully

2023-11-06 11:29:37 - [MESSAGE][PASSED] - Navigate to 'https://seur.com/envio-online2/new-shipping' successfully

2023-11-06 11:29:37 - [TEST_STEP][PASSED] - delay(30): Delayed 30 second(s)

2023-11-06 11:30:07 - [MESSAGE][PASSED] - Delayed 30 second(s)

2023-11-06 11:30:07 - [TEST_STEP][PASSED] - waitForElementVisible(findTestObject("Log_In_Elements/button_Aceptar_Cookis"), 60, OPTIONAL): Object 'Object Repository/Log_In_Elements/button_Aceptar_Cookis' is visible

2023-11-06 11:30:07 - [MESSAGE][PASSED] - Object 'Object Repository/Log_In_Elements/button_Aceptar_Cookis' is visible

2023-11-06 11:30:07 - [TEST_STEP][PASSED] - waitForElementClickable(findTestObject("Log_In_Elements/button_Aceptar_Cookis"), 60, OPTIONAL): Object 'Object Repository/Log_In_Elements/button_Aceptar_Cookis' is clickable

2023-11-06 11:30:08 - [MESSAGE][PASSED] - Object 'Object Repository/Log_In_Elements/button_Aceptar_Cookis' is clickable

2023-11-06 11:30:08 - [TEST_STEP][PASSED] - click(findTestObject("Log_In_Elements/button_Aceptar_Cookis"), STOP_ON_FAILURE): Object: 'Object Repository/Log_In_Elements/button_Aceptar_Cookis' is clicked on

2023-11-06 11:30:08 - [MESSAGE][PASSED] - Object: 'Object Repository/Log_In_Elements/button_Aceptar_Cookis' is clicked on

2023-11-06 11:30:08 - [TEST_STEP][PASSED] - delay(5): Delayed 5 second(s)

2023-11-06 11:30:13 - [MESSAGE][PASSED] - Delayed 5 second(s)

2023-11-06 11:30:13 - [TEST_STEP][PASSED] - waitForElementVisible(findTestObject("Object Repository/Log_In_Elements/button_Siguiente"), 60, OPTIONAL): Object 'Object Repository/Log_In_Elements/button_Siguiente' is visible

2023-11-06 11:30:43 - [MESSAGE][PASSED] - Object 'Object Repository/Log_In_Elements/button_Siguiente' is visible

2023-11-06 11:30:43 - [TEST_STEP][PASSED] - waitForElementClickable(findTestObject("Object Repository/Log_In_Elements/button_Siguiente"), 60, OPTIONAL): Object 'Object Repository/Log_In_Elements/button_Siguiente' is clickable

2023-11-06 11:30:50 - [MESSAGE][PASSED] - Object 'Object Repository/Log_In_Elements/button_Siguiente' is clickable

2023-11-06 11:30:50 - [TEST_STEP][PASSED] - click(findTestObject("Object Repository/Log_In_Elements/button_Siguiente"), STOP_ON_FAILURE): Object: 'Object Repository/Log_In_Elements/button_Siguiente' is clicked on

2023-11-06 11:30:51 - [MESSAGE][PASSED] - Object: 'Object Repository/Log_In_Elements/button_Siguiente' is clicked on

2023-11-06 11:30:51 - [TEST_STEP][PASSED] - delay(5): Delayed 5 second(s)

2023-11-06 11:30:56 - [MESSAGE][PASSED] - Delayed 5 second(s)

2023-11-06 11:30:56 - [TEST_STEP][PASSED] - waitForElementVisible(findTestObject("Origen_Destino_Paquetes/input_Origen"), 60, OPTIONAL): Object 'Object Repository/Origen_Destino_Paquetes/input_Origen' is visible

2023-11-06 11:30:56 - [MESSAGE][PASSED] - Object 'Object Repository/Origen_Destino_Paquetes/input_Origen' is visible

2023-11-06 11:30:56 - [TEST_STEP][PASSED] - waitForElementClickable(findTestObject("Origen_Destino_Paquetes/input_Origen"), 60, OPTIONAL): Object 'Object Repository/Origen_Destino_Paquetes/input_Origen' is clickable

2023-11-06 11:30:56 - [MESSAGE][PASSED] - Object 'Object Repository/Origen_Destino_Paquetes/input_Origen' is clickable

2023-11-06 11:30:56 - [TEST_STEP][PASSED] - setText(findTestObject("Origen_Destino_Paquetes/input_Origen"), codPostalRem, STOP_ON_FAILURE): Text '28001' is set on object 'Object Repository/Origen_Destino_Paquetes/input_Origen'

2023-11-06 11:30:57 - [MESSAGE][PASSED] - Text '28001' is set on object 'Object Repository/Origen_Destino_Paquetes/input_Origen'

2023-11-06 11:30:57 - [TEST_STEP][PASSED] - delay(2): Delayed 2 second(s)

2023-11-06 11:30:59 - [MESSAGE][PASSED] - Delayed 2 second(s)

2023-11-06 11:30:59 - [TEST_STEP][PASSED] - waitForElementVisible(findTestObject("Origen_Destino_Paquetes/span_28010 - MADRID"), 60, OPTIONAL): Object 'Object Repository/Origen_Destino_Paquetes/span_28010 - MADRID' is visible

2023-11-06 11:30:59 - [MESSAGE][PASSED] - Object 'Object Repository/Origen_Destino_Paquetes/span_28010 - MADRID' is visible

2023-11-06 11:30:59 - [TEST_STEP][PASSED] - waitForElementClickable(findTestObject("Origen_Destino_Paquetes/span_28010 - MADRID"), 60, OPTIONAL): Object 'Object Repository/Origen_Destino_Paquetes/span_28010 - MADRID' is clickable

2023-11-06 11:30:59 - [MESSAGE][PASSED] - Object 'Object Repository/Origen_Destino_Paquetes/span_28010 - MADRID' is clickable

2023-11-06 11:30:59 - [TEST_STEP][PASSED] - click(findTestObject("Origen_Destino_Paquetes/span_28010 - MADRID"), STOP_ON_FAILURE): Object: 'Object Repository/Origen_Destino_Paquetes/span_28010 - MADRID' is clicked on

2023-11-06 11:31:00 - [MESSAGE][PASSED] - Object: 'Object Repository/Origen_Destino_Paquetes/span_28010 - MADRID' is clicked on

2023-11-06 11:31:00 - [TEST_STEP][PASSED] - waitForElementVisible(findTestObject("Origen_Destino_Paquetes/div_ESPAÑA PasRegin"), 60, OPTIONAL): Object 'Object Repository/Origen_Destino_Paquetes/div_ESPAÑA PasRegin' is visible

2023-11-06 11:31:00 - [MESSAGE][PASSED] - Object 'Object Repository/Origen_Destino_Paquetes/div_ESPAÑA PasRegin' is visible

2023-11-06 11:31:00 - [TEST_STEP][PASSED] - waitForElementClickable(findTestObject("Origen_Destino_Paquetes/div_ESPAÑA PasRegin"), 60, OPTIONAL): Object 'Object Repository/Origen_Destino_Paquetes/div_ESPAÑA PasRegin' is clickable

2023-11-06 11:31:01 - [MESSAGE][PASSED] - Object 'Object Repository/Origen_Destino_Paquetes/div_ESPAÑA PasRegin' is clickable

2023-11-06 11:31:01 - [TEST_STEP][PASSED] - click(findTestObject("Origen_Destino_Paquetes/div_ESPAÑA PasRegin"), STOP_ON_FAILURE): Object: 'Object Repository/Origen_Destino_Paquetes/div_ESPAÑA PasRegin' is clicked on

2023-11-06 11:31:01 - [MESSAGE][PASSED] - Object: 'Object Repository/Origen_Destino_Paquetes/div_ESPAÑA PasRegin' is clicked on

2023-11-06 11:31:01 - [TEST_STEP][PASSED] - delay(5): Delayed 5 second(s)

2023-11-06 11:31:06 - [MESSAGE][PASSED] - Delayed 5 second(s)

2023-11-06 11:31:06 - [TEST_STEP][PASSED] - waitForElementVisible(findTestObject("Origen_Destino_Paquetes/mat-option_FRANCIA"), 60, OPTIONAL): Object 'Object Repository/Origen_Destino_Paquetes/mat-option_FRANCIA' is visible

2023-11-06 11:31:06 - [MESSAGE][PASSED] - Object 'Object Repository/Origen_Destino_Paquetes/mat-option_FRANCIA' is visible

2023-11-06 11:31:06 - [TEST_STEP][PASSED] - waitForElementClickable(findTestObject("Origen_Destino_Paquetes/mat-option_FRANCIA"), 60, OPTIONAL): Object 'Object Repository/Origen_Destino_Paquetes/mat-option_FRANCIA' is clickable

2023-11-06 11:31:07 - [MESSAGE][PASSED] - Object 'Object Repository/Origen_Destino_Paquetes/mat-option_FRANCIA' is clickable

2023-11-06 11:31:07 - [TEST_STEP][PASSED] - click(findTestObject("Origen_Destino_Paquetes/mat-option_FRANCIA"), STOP_ON_FAILURE): Object: 'Object Repository/Origen_Destino_Paquetes/mat-option_FRANCIA' is clicked on

2023-11-06 11:31:07 - [MESSAGE][PASSED] - Object: 'Object Repository/Origen_Destino_Paquetes/mat-option_FRANCIA' is clicked on

2023-11-06 11:31:07 - [TEST_STEP][PASSED] - waitForElementVisible(findTestObject("Origen_Destino_Paquetes/input_Destino"), 60, OPTIONAL): Object 'Object Repository/Origen_Destino_Paquetes/input_Destino' is visible

2023-11-06 11:31:08 - [MESSAGE][PASSED] - Object 'Object Repository/Origen_Destino_Paquetes/input_Destino' is visible

2023-11-06 11:31:08 - [TEST_STEP][PASSED] - waitForElementClickable(findTestObject("Origen_Destino_Paquetes/input_Destino"), 60, OPTIONAL): Object 'Object Repository/Origen_Destino_Paquetes/input_Destino' is clickable

2023-11-06 11:31:08 - [MESSAGE][PASSED] - Object 'Object Repository/Origen_Destino_Paquetes/input_Destino' is clickable

2023-11-06 11:31:08 - [TEST_STEP][PASSED] - setText(findTestObject("Origen_Destino_Paquetes/input_Destino"), codPostalDes, STOP_ON_FAILURE): Text 'Paris' is set on object 'Object Repository/Origen_Destino_Paquetes/input_Destino'

2023-11-06 11:31:08 - [MESSAGE][PASSED] - Text 'Paris' is set on object 'Object Repository/Origen_Destino_Paquetes/input_Destino'

2023-11-06 11:31:08 - [TEST_STEP][PASSED] - delay(2): Delayed 2 second(s)

2023-11-06 11:31:10 - [MESSAGE][PASSED] - Delayed 2 second(s)

2023-11-06 11:31:10 - [TEST_STEP][PASSED] - waitForElementVisible(findTestObject("Origen_Destino_Paquetes/span_75001 - PARIS"), 60, OPTIONAL): Object 'Object Repository/Origen_Destino_Paquetes/span_75001 - PARIS' is visible

2023-11-06 11:31:11 - [MESSAGE][PASSED] - Object 'Object Repository/Origen_Destino_Paquetes/span_75001 - PARIS' is visible

2023-11-06 11:31:11 - [TEST_STEP][PASSED] - waitForElementClickable(findTestObject("Origen_Destino_Paquetes/span_75001 - PARIS"), 60, OPTIONAL): Object 'Object Repository/Origen_Destino_Paquetes/span_75001 - PARIS' is clickable

2023-11-06 11:31:11 - [MESSAGE][PASSED] - Object 'Object Repository/Origen_Destino_Paquetes/span_75001 - PARIS' is clickable

2023-11-06 11:31:11 - [TEST_STEP][PASSED] - click(findTestObject("Origen_Destino_Paquetes/span_75001 - PARIS"), STOP_ON_FAILURE): Object: 'Object Repository/Origen_Destino_Paquetes/span_75001 - PARIS' is clicked on

2023-11-06 11:31:11 - [MESSAGE][PASSED] - Object: 'Object Repository/Origen_Destino_Paquetes/span_75001 - PARIS' is clicked on

2023-11-06 11:31:11 - [TEST_STEP][PASSED] - waitForElementVisible(findTestObject("Origen_Destino_Paquetes/input_Paquete_peso"), 60, OPTIONAL): Object 'Object Repository/Origen_Destino_Paquetes/input_Paquete_peso' is visible

2023-11-06 11:31:12 - [MESSAGE][PASSED] - Object 'Object Repository/Origen_Destino_Paquetes/input_Paquete_peso' is visible

2023-11-06 11:31:12 - [TEST_STEP][PASSED] - waitForElementClickable(findTestObject("Origen_Destino_Paquetes/input_Paquete_peso"), 60, OPTIONAL): Object 'Object Repository/Origen_Destino_Paquetes/input_Paquete_peso' is clickable

2023-11-06 11:31:12 - [MESSAGE][PASSED] - Object 'Object Repository/Origen_Destino_Paquetes/input_Paquete_peso' is clickable

2023-11-06 11:31:12 - [TEST_STEP][PASSED] - setText(findTestObject("Origen_Destino_Paquetes/input_Paquete_peso"), pesoPaquete, STOP_ON_FAILURE): Text '1' is set on object 'Object Repository/Origen_Destino_Paquetes/input_Paquete_peso'

2023-11-06 11:31:13 - [MESSAGE][PASSED] - Text '1' is set on object 'Object Repository/Origen_Destino_Paquetes/input_Paquete_peso'

2023-11-06 11:31:13 - [TEST_STEP][PASSED] - waitForElementVisible(findTestObject("Origen_Destino_Paquetes/input_Paquete_largo"), 60, OPTIONAL): Object 'Object Repository/Origen_Destino_Paquetes/input_Paquete_largo' is visible

2023-11-06 11:31:13 - [MESSAGE][PASSED] - Object 'Object Repository/Origen_Destino_Paquetes/input_Paquete_largo' is visible

2023-11-06 11:31:13 - [TEST_STEP][PASSED] - waitForElementClickable(findTestObject("Origen_Destino_Paquetes/input_Paquete_largo"), 60, OPTIONAL): Object 'Object Repository/Origen_Destino_Paquetes/input_Paquete_largo' is clickable

2023-11-06 11:31:13 - [MESSAGE][PASSED] - Object 'Object Repository/Origen_Destino_Paquetes/input_Paquete_largo' is clickable

2023-11-06 11:31:13 - [TEST_STEP][PASSED] - setText(findTestObject("Origen_Destino_Paquetes/input_Paquete_largo"), largoPaquete, STOP_ON_FAILURE): Text '1' is set on object 'Object Repository/Origen_Destino_Paquetes/input_Paquete_largo'

2023-11-06 11:31:14 - [MESSAGE][PASSED] - Text '1' is set on object 'Object Repository/Origen_Destino_Paquetes/input_Paquete_largo'

2023-11-06 11:31:14 - [TEST_STEP][PASSED] - waitForElementVisible(findTestObject("Origen_Destino_Paquetes/input_Paquete_Ancho"), 60, OPTIONAL): Object 'Object Repository/Origen_Destino_Paquetes/input_Paquete_Ancho' is visible

2023-11-06 11:31:14 - [MESSAGE][PASSED] - Object 'Object Repository/Origen_Destino_Paquetes/input_Paquete_Ancho' is visible

2023-11-06 11:31:14 - [TEST_STEP][PASSED] - waitForElementClickable(findTestObject("Origen_Destino_Paquetes/input_Paquete_Ancho"), 60, OPTIONAL): Object 'Object Repository/Origen_Destino_Paquetes/input_Paquete_Ancho' is clickable

2023-11-06 11:31:15 - [MESSAGE][PASSED] - Object 'Object Repository/Origen_Destino_Paquetes/input_Paquete_Ancho' is clickable

2023-11-06 11:31:15 - [TEST_STEP][PASSED] - setText(findTestObject("Origen_Destino_Paquetes/input_Paquete_Ancho"), anchoPaquete, STOP_ON_FAILURE): Text '1' is set on object 'Object Repository/Origen_Destino_Paquetes/input_Paquete_Ancho'

2023-11-06 11:31:15 - [MESSAGE][PASSED] - Text '1' is set on object 'Object Repository/Origen_Destino_Paquetes/input_Paquete_Ancho'

2023-11-06 11:31:15 - [TEST_STEP][PASSED] - waitForElementVisible(findTestObject("Origen_Destino_Paquetes/input_Paquete_Alto"), 60, OPTIONAL): Object 'Object Repository/Origen_Destino_Paquetes/input_Paquete_Alto' is visible

2023-11-06 11:31:16 - [MESSAGE][PASSED] - Object 'Object Repository/Origen_Destino_Paquetes/input_Paquete_Alto' is visible

2023-11-06 11:31:16 - [TEST_STEP][PASSED] - waitForElementClickable(findTestObject("Origen_Destino_Paquetes/input_Paquete_Alto"), 60, OPTIONAL): Object 'Object Repository/Origen_Destino_Paquetes/input_Paquete_Alto' is clickable

2023-11-06 11:31:16 - [MESSAGE][PASSED] - Object 'Object Repository/Origen_Destino_Paquetes/input_Paquete_Alto' is clickable

2023-11-06 11:31:16 - [TEST_STEP][PASSED] - setText(findTestObject("Origen_Destino_Paquetes/input_Paquete_Alto"), altoPaquete, STOP_ON_FAILURE): Text '1' is set on object 'Object Repository/Origen_Destino_Paquetes/input_Paquete_Alto'

2023-11-06 11:31:17 - [MESSAGE][PASSED] - Text '1' is set on object 'Object Repository/Origen_Destino_Paquetes/input_Paquete_Alto'

2023-11-06 11:31:17 - [TEST_STEP][PASSED] - waitForElementVisible(findTestObject("Origen_Destino_Paquetes/button_Calcula tu envio"), 60, OPTIONAL): Object 'Object Repository/Origen_Destino_Paquetes/button_Calcula tu envio' is visible

2023-11-06 11:31:17 - [MESSAGE][PASSED] - Object 'Object Repository/Origen_Destino_Paquetes/button_Calcula tu envio' is visible

2023-11-06 11:31:17 - [TEST_STEP][PASSED] - waitForElementClickable(findTestObject("Origen_Destino_Paquetes/button_Calcula tu envio"), 60, OPTIONAL): Object 'Object Repository/Origen_Destino_Paquetes/button_Calcula tu envio' is clickable

2023-11-06 11:31:17 - [MESSAGE][PASSED] - Object 'Object Repository/Origen_Destino_Paquetes/button_Calcula tu envio' is clickable

2023-11-06 11:31:17 - [TEST_STEP][PASSED] - click(findTestObject("Origen_Destino_Paquetes/button_Calcula tu envio"), STOP_ON_FAILURE): Object: 'Object Repository/Origen_Destino_Paquetes/button_Calcula tu envio' is clicked on

2023-11-06 11:31:18 - [MESSAGE][PASSED] - Object: 'Object Repository/Origen_Destino_Paquetes/button_Calcula tu envio' is clicked on

2023-11-06 11:31:18 - [TEST_STEP][PASSED] - delay(5): Delayed 5 second(s)

2023-11-06 11:31:23 - [MESSAGE][PASSED] - Delayed 5 second(s)

2023-11-06 11:31:23 - [TEST_STEP][PASSED] - waitForElementVisible(findTestObject("Seur_Envio_Internacional/button_Contratar_H2H_Inter"), 60, OPTIONAL): Object 'Object Repository/Seur_Envio_Internacional/button_Contratar_H2H_Inter' is visible

2023-11-06 11:32:24 - [MESSAGE][INFO] - Unable to find the element located by 'By.xpath: (.//*[normalize-space(text()) and normalize-space(.)='Pagos admitidos:'])[1]/preceding::button[1]'. Please recheck the objects properties to make sure the desired element is located. 

2023-11-06 11:32:24 - [MESSAGE][WARNING] - [SELF-HEALING] Failed to find element with id 'Object Repository/Seur_Envio_Internacional/button_Contratar_H2H_Inter'. Try using Self-healing.

2023-11-06 11:32:24 - [MESSAGE][INFO] - [SELF-HEALING] Failed Locator: '(//button[@type='button'])[5]'.

2023-11-06 11:32:24 - [MESSAGE][INFO] - [SELF-HEALING] Working Locator: '(.//*[normalize-space(text()) and normalize-space(.)='Ver mapa'])[2]/following::button[1]'.

2023-11-06 11:32:25 - [MESSAGE][INFO] - [SELF-HEALING] Screenshot: C:/Jenkins/workspace/Katalon_WebRecogidas_PRO/Reports/Self-healing/Object Repository/Seur_Envio_Internacional/button_Contratar_H2H_Inter_neighbor.png

2023-11-06 11:32:25 - [MESSAGE][WARNING] - [SELF-HEALING] The current locator of test object 'Object Repository/Seur_Envio_Internacional/button_Contratar_H2H_Inter' was broken. Propose an alternative one: '(.//*[normalize-space(text()) and normalize-space(.)='Ver mapa'])[2]/following::button[1]'.

2023-11-06 11:32:25 - [MESSAGE][PASSED] - Object 'Object Repository/Seur_Envio_Internacional/button_Contratar_H2H_Inter' is visible

2023-11-06 11:32:25 - [TEST_STEP][PASSED] - waitForElementClickable(findTestObject("Seur_Envio_Internacional/button_Contratar_H2H_Inter"), 60, OPTIONAL): Object 'Object Repository/Seur_Envio_Internacional/button_Contratar_H2H_Inter' is clickable

2023-11-06 11:33:26 - [MESSAGE][INFO] - Unable to find the element located by 'By.xpath: (.//*[normalize-space(text()) and normalize-space(.)='Pagos admitidos:'])[1]/preceding::button[1]'. Please recheck the objects properties to make sure the desired element is located. 

2023-11-06 11:33:26 - [MESSAGE][WARNING] - [SELF-HEALING] Failed to find element with id 'Object Repository/Seur_Envio_Internacional/button_Contratar_H2H_Inter'. Try using Self-healing.

2023-11-06 11:33:26 - [MESSAGE][WARNING] - [SELF-HEALING] The current locator of test object 'Object Repository/Seur_Envio_Internacional/button_Contratar_H2H_Inter' was broken. Propose an alternative one: '(.//*[normalize-space(text()) and normalize-space(.)='Ver mapa'])[2]/following::button[1]'.

2023-11-06 11:33:26 - [MESSAGE][PASSED] - Object 'Object Repository/Seur_Envio_Internacional/button_Contratar_H2H_Inter' is clickable

2023-11-06 11:33:26 - [TEST_STEP][PASSED] - click(findTestObject("Seur_Envio_Internacional/button_Contratar_H2H_Inter"), STOP_ON_FAILURE): Object: 'Object Repository/Seur_Envio_Internacional/button_Contratar_H2H_Inter' is clicked on

2023-11-06 11:33:57 - [MESSAGE][INFO] - Unable to find the element located by 'By.xpath: (.//*[normalize-space(text()) and normalize-space(.)='Pagos admitidos:'])[1]/preceding::button[1]'. Please recheck the objects properties to make sure the desired element is located. 

2023-11-06 11:33:57 - [MESSAGE][WARNING] - [SELF-HEALING] Failed to find element with id 'Object Repository/Seur_Envio_Internacional/button_Contratar_H2H_Inter'. Try using Self-healing.

2023-11-06 11:33:57 - [MESSAGE][WARNING] - [SELF-HEALING] The current locator of test object 'Object Repository/Seur_Envio_Internacional/button_Contratar_H2H_Inter' was broken. Propose an alternative one: '(.//*[normalize-space(text()) and normalize-space(.)='Ver mapa'])[2]/following::button[1]'.

2023-11-06 11:33:58 - [MESSAGE][PASSED] - Object: 'Object Repository/Seur_Envio_Internacional/button_Contratar_H2H_Inter' is clicked on

2023-11-06 11:33:58 - [TEST_STEP][PASSED] - delay(2): Delayed 2 second(s)

2023-11-06 11:34:00 - [MESSAGE][PASSED] - Delayed 2 second(s)

2023-11-06 11:34:00 - [TEST_STEP][PASSED] - waitForElementVisible(findTestObject("Forms/Origen/input_Nombre"), 60, OPTIONAL): Unable to wait for object 'Object Repository/Forms/Origen/input_Nombre' to be visible (Root cause: com.kms.katalon.core.exception.StepFailedException: Unable to wait for object 'Object Repository/Forms/Origen/input_Nombre' to be visible
	at com.kms.katalon.core.webui.keyword.internal.WebUIKeywordMain.stepFailed(WebUIKeywordMain.groovy:64)
	at com.kms.katalon.core.webui.keyword.internal.WebUIKeywordMain.runKeyword(WebUIKeywordMain.groovy:26)
	at com.kms.katalon.core.webui.keyword.internal.WebUIKeywordMain$runKeyword.call(Unknown Source)
	at com.kms.katalon.core.webui.keyword.builtin.WaitForElementVisibleKeyword.waitForElementVisible(WaitForElementVisibleKeyword.groovy:98)
	at com.kms.katalon.core.webui.keyword.builtin.WaitForElementVisibleKeyword.execute(WaitForElementVisibleKeyword.groovy:68)
	at com.kms.katalon.core.keyword.internal.KeywordExecutor.executeKeywordForPlatform(KeywordExecutor.groovy:74)
	at com.kms.katalon.core.webui.keyword.WebUiBuiltInKeywords.waitForElementVisible(WebUiBuiltInKeywords.groovy:422)
	at com.kms.katalon.core.webui.keyword.WebUiBuiltInKeywords$waitForElementVisible$2.call(Unknown Source)
	at 07 - Envio_EnvioInternacional.run(07 - Envio_EnvioInternacional:97)
	at com.kms.katalon.core.main.ScriptEngine.run(ScriptEngine.java:194)
	at com.kms.katalon.core.main.ScriptEngine.runScriptAsRawText(ScriptEngine.java:119)
	at com.kms.katalon.core.main.TestCaseExecutor.runScript(TestCaseExecutor.java:430)
	at com.kms.katalon.core.main.TestCaseExecutor.doExecute(TestCaseExecutor.java:421)
	at com.kms.katalon.core.main.TestCaseExecutor.processExecutionPhase(TestCaseExecutor.java:400)
	at com.kms.katalon.core.main.TestCaseExecutor.accessMainPhase(TestCaseExecutor.java:392)
	at com.kms.katalon.core.main.TestCaseExecutor.execute(TestCaseExecutor.java:273)
	at com.kms.katalon.core.main.TestSuiteExecutor.accessTestCaseMainPhase(TestSuiteExecutor.java:202)
	at com.kms.katalon.core.main.TestSuiteExecutor.accessTestSuiteMainPhase(TestSuiteExecutor.java:164)
	at com.kms.katalon.core.main.TestSuiteExecutor.execute(TestSuiteExecutor.java:105)
	at com.kms.katalon.core.main.TestCaseMain.startTestSuite(TestCaseMain.java:185)
	at com.kms.katalon.core.main.TestCaseMain$startTestSuite$0.call(Unknown Source)
	at TempTestSuite1699265747342.run(TempTestSuite1699265747342.groovy:36)
Caused by: org.openqa.selenium.ScriptTimeoutException: script timeout
  (Session info: chrome=96.0.4664.45)
Build info: version: '3.141.59', revision: 'e82be7d358', time: '2018-11-14T08:25:53'
System info: host: 'SEU2K19KAT01', ip: '10.240.96.104', os.name: 'Windows Server 2019', os.arch: 'amd64', os.version: '10.0', java.version: '1.8.0_282'
Driver info: com.kms.katalon.selenium.driver.CChromeDriver
Capabilities {acceptInsecureCerts: false, browserName: chrome, browserVersion: 96.0.4664.45, chrome: {chromedriverVersion: 96.0.4664.45 (76e4c1bb2ab46..., userDataDir: C:\Windows\TEMP\scoped_dir2...}, goog:chromeOptions: {debuggerAddress: localhost:15107}, javascriptEnabled: true, networkConnectionEnabled: false, pageLoadStrategy: normal, platform: WINDOWS, platformName: WINDOWS, proxy: Proxy(), setWindowRect: true, strictFileInteractability: false, timeouts: {implicit: 0, pageLoad: 300000, script: 30000}, unhandledPromptBehavior: dismiss and notify, webauthn:extension:credBlob: true, webauthn:extension:largeBlob: true, webauthn:virtualAuthenticators: true}
Session ID: 1a338024f83c3052d2a1c35dca0f2eef
	at org.openqa.selenium.remote.http.W3CHttpResponseCodec.createException(W3CHttpResponseCodec.java:187)
	at org.openqa.selenium.remote.http.W3CHttpResponseCodec.decode(W3CHttpResponseCodec.java:122)
	at org.openqa.selenium.remote.http.W3CHttpResponseCodec.decode(W3CHttpResponseCodec.java:49)
	at org.openqa.selenium.remote.HttpCommandExecutor.execute(HttpCommandExecutor.java:158)
	at org.openqa.selenium.remote.service.DriverCommandExecutor.execute(DriverCommandExecutor.java:83)
	at org.openqa.selenium.remote.RemoteWebDriver.execute(RemoteWebDriver.java:552)
	at com.kms.katalon.selenium.driver.CChromeDriver.execute(CChromeDriver.java:19)
	at org.openqa.selenium.remote.RemoteWebElement.execute(RemoteWebElement.java:285)
	at org.openqa.selenium.remote.RemoteWebElement.isDisplayed(RemoteWebElement.java:326)
	at org.openqa.selenium.support.events.EventFiringWebDriver$EventFiringWebElement.lambda$new$0(EventFiringWebDriver.java:404)
	at com.sun.proxy.$Proxy11.isDisplayed(Unknown Source)
	at org.openqa.selenium.support.events.EventFiringWebDriver$EventFiringWebElement.isDisplayed(EventFiringWebDriver.java:470)
	at org.openqa.selenium.support.ui.ExpectedConditions.elementIfVisible(ExpectedConditions.java:314)
	at org.openqa.selenium.support.ui.ExpectedConditions.access$000(ExpectedConditions.java:43)
	at org.openqa.selenium.support.ui.ExpectedConditions$10.apply(ExpectedConditions.java:300)
	at org.openqa.selenium.support.ui.ExpectedConditions$10.apply(ExpectedConditions.java:297)
	at org.openqa.selenium.support.ui.FluentWait.until(FluentWait.java:249)
	at org.openqa.selenium.support.ui.Wait$until.call(Unknown Source)
	at com.kms.katalon.core.webui.keyword.builtin.WaitForElementVisibleKeyword$_waitForElementVisible_closure1.doCall(WaitForElementVisibleKeyword.groovy:81)
	at com.kms.katalon.core.webui.keyword.builtin.WaitForElementVisibleKeyword$_waitForElementVisible_closure1.doCall(WaitForElementVisibleKeyword.groovy)
	at com.kms.katalon.core.webui.keyword.internal.WebUIKeywordMain.runKeyword(WebUIKeywordMain.groovy:20)
	at com.kms.katalon.core.webui.keyword.internal.WebUIKeywordMain$runKeyword.call(Unknown Source)
	at com.kms.katalon.core.webui.keyword.builtin.WaitForElementVisibleKeyword.waitForElementVisible(WaitForElementVisibleKeyword.groovy:98)
	at com.kms.katalon.core.webui.keyword.builtin.WaitForElementVisibleKeyword.execute(WaitForElementVisibleKeyword.groovy:68)
	at com.kms.katalon.core.keyword.internal.KeywordExecutor.executeKeywordForPlatform(KeywordExecutor.groovy:74)
	at com.kms.katalon.core.webui.keyword.WebUiBuiltInKeywords.waitForElementVisible(WebUiBuiltInKeywords.groovy:422)
	at com.kms.katalon.core.webui.keyword.WebUiBuiltInKeywords$waitForElementVisible$2.call(Unknown Source)
	at Script1671027855326.run(Script1671027855326.groovy:97)
	... 13 more
)

2023-11-06 11:34:49 - [MESSAGE][WARNING] - Unable to wait for object 'Object Repository/Forms/Origen/input_Nombre' to be visible (Root cause: com.kms.katalon.core.exception.StepFailedException: Unable to wait for object 'Object Repository/Forms/Origen/input_Nombre' to be visible
	at com.kms.katalon.core.webui.keyword.internal.WebUIKeywordMain.stepFailed(WebUIKeywordMain.groovy:64)
	at com.kms.katalon.core.webui.keyword.internal.WebUIKeywordMain.runKeyword(WebUIKeywordMain.groovy:26)
	at com.kms.katalon.core.webui.keyword.internal.WebUIKeywordMain$runKeyword.call(Unknown Source)
	at com.kms.katalon.core.webui.keyword.builtin.WaitForElementVisibleKeyword.waitForElementVisible(WaitForElementVisibleKeyword.groovy:98)
	at com.kms.katalon.core.webui.keyword.builtin.WaitForElementVisibleKeyword.execute(WaitForElementVisibleKeyword.groovy:68)
	at com.kms.katalon.core.keyword.internal.KeywordExecutor.executeKeywordForPlatform(KeywordExecutor.groovy:74)
	at com.kms.katalon.core.webui.keyword.WebUiBuiltInKeywords.waitForElementVisible(WebUiBuiltInKeywords.groovy:422)
	at com.kms.katalon.core.webui.keyword.WebUiBuiltInKeywords$waitForElementVisible$2.call(Unknown Source)
	at 07 - Envio_EnvioInternacional.run(07 - Envio_EnvioInternacional:97)
	at com.kms.katalon.core.main.ScriptEngine.run(ScriptEngine.java:194)
	at com.kms.katalon.core.main.ScriptEngine.runScriptAsRawText(ScriptEngine.java:119)
	at com.kms.katalon.core.main.TestCaseExecutor.runScript(TestCaseExecutor.java:430)
	at com.kms.katalon.core.main.TestCaseExecutor.doExecute(TestCaseExecutor.java:421)
	at com.kms.katalon.core.main.TestCaseExecutor.processExecutionPhase(TestCaseExecutor.java:400)
	at com.kms.katalon.core.main.TestCaseExecutor.accessMainPhase(TestCaseExecutor.java:392)
	at com.kms.katalon.core.main.TestCaseExecutor.execute(TestCaseExecutor.java:273)
	at com.kms.katalon.core.main.TestSuiteExecutor.accessTestCaseMainPhase(TestSuiteExecutor.java:202)
	at com.kms.katalon.core.main.TestSuiteExecutor.accessTestSuiteMainPhase(TestSuiteExecutor.java:164)
	at com.kms.katalon.core.main.TestSuiteExecutor.execute(TestSuiteExecutor.java:105)
	at com.kms.katalon.core.main.TestCaseMain.startTestSuite(TestCaseMain.java:185)
	at com.kms.katalon.core.main.TestCaseMain$startTestSuite$0.call(Unknown Source)
	at TempTestSuite1699265747342.run(TempTestSuite1699265747342.groovy:36)
Caused by: org.openqa.selenium.ScriptTimeoutException: script timeout
  (Session info: chrome=96.0.4664.45)
Build info: version: '3.141.59', revision: 'e82be7d358', time: '2018-11-14T08:25:53'
System info: host: 'SEU2K19KAT01', ip: '10.240.96.104', os.name: 'Windows Server 2019', os.arch: 'amd64', os.version: '10.0', java.version: '1.8.0_282'
Driver info: com.kms.katalon.selenium.driver.CChromeDriver
Capabilities {acceptInsecureCerts: false, browserName: chrome, browserVersion: 96.0.4664.45, chrome: {chromedriverVersion: 96.0.4664.45 (76e4c1bb2ab46..., userDataDir: C:\Windows\TEMP\scoped_dir2...}, goog:chromeOptions: {debuggerAddress: localhost:15107}, javascriptEnabled: true, networkConnectionEnabled: false, pageLoadStrategy: normal, platform: WINDOWS, platformName: WINDOWS, proxy: Proxy(), setWindowRect: true, strictFileInteractability: false, timeouts: {implicit: 0, pageLoad: 300000, script: 30000}, unhandledPromptBehavior: dismiss and notify, webauthn:extension:credBlob: true, webauthn:extension:largeBlob: true, webauthn:virtualAuthenticators: true}
Session ID: 1a338024f83c3052d2a1c35dca0f2eef
	at org.openqa.selenium.remote.http.W3CHttpResponseCodec.createException(W3CHttpResponseCodec.java:187)
	at org.openqa.selenium.remote.http.W3CHttpResponseCodec.decode(W3CHttpResponseCodec.java:122)
	at org.openqa.selenium.remote.http.W3CHttpResponseCodec.decode(W3CHttpResponseCodec.java:49)
	at org.openqa.selenium.remote.HttpCommandExecutor.execute(HttpCommandExecutor.java:158)
	at org.openqa.selenium.remote.service.DriverCommandExecutor.execute(DriverCommandExecutor.java:83)
	at org.openqa.selenium.remote.RemoteWebDriver.execute(RemoteWebDriver.java:552)
	at com.kms.katalon.selenium.driver.CChromeDriver.execute(CChromeDriver.java:19)
	at org.openqa.selenium.remote.RemoteWebElement.execute(RemoteWebElement.java:285)
	at org.openqa.selenium.remote.RemoteWebElement.isDisplayed(RemoteWebElement.java:326)
	at org.openqa.selenium.support.events.EventFiringWebDriver$EventFiringWebElement.lambda$new$0(EventFiringWebDriver.java:404)
	at com.sun.proxy.$Proxy11.isDisplayed(Unknown Source)
	at org.openqa.selenium.support.events.EventFiringWebDriver$EventFiringWebElement.isDisplayed(EventFiringWebDriver.java:470)
	at org.openqa.selenium.support.ui.ExpectedConditions.elementIfVisible(ExpectedConditions.java:314)
	at org.openqa.selenium.support.ui.ExpectedConditions.access$000(ExpectedConditions.java:43)
	at org.openqa.selenium.support.ui.ExpectedConditions$10.apply(ExpectedConditions.java:300)
	at org.openqa.selenium.support.ui.ExpectedConditions$10.apply(ExpectedConditions.java:297)
	at org.openqa.selenium.support.ui.FluentWait.until(FluentWait.java:249)
	at org.openqa.selenium.support.ui.Wait$until.call(Unknown Source)
	at com.kms.katalon.core.webui.keyword.builtin.WaitForElementVisibleKeyword$_waitForElementVisible_closure1.doCall(WaitForElementVisibleKeyword.groovy:81)
	at com.kms.katalon.core.webui.keyword.builtin.WaitForElementVisibleKeyword$_waitForElementVisible_closure1.doCall(WaitForElementVisibleKeyword.groovy)
	at com.kms.katalon.core.webui.keyword.internal.WebUIKeywordMain.runKeyword(WebUIKeywordMain.groovy:20)
	at com.kms.katalon.core.webui.keyword.internal.WebUIKeywordMain$runKeyword.call(Unknown Source)
	at com.kms.katalon.core.webui.keyword.builtin.WaitForElementVisibleKeyword.waitForElementVisible(WaitForElementVisibleKeyword.groovy:98)
	at com.kms.katalon.core.webui.keyword.builtin.WaitForElementVisibleKeyword.execute(WaitForElementVisibleKeyword.groovy:68)
	at com.kms.katalon.core.keyword.internal.KeywordExecutor.executeKeywordForPlatform(KeywordExecutor.groovy:74)
	at com.kms.katalon.core.webui.keyword.WebUiBuiltInKeywords.waitForElementVisible(WebUiBuiltInKeywords.groovy:422)
	at com.kms.katalon.core.webui.keyword.WebUiBuiltInKeywords$waitForElementVisible$2.call(Unknown Source)
	at Script1671027855326.run(Script1671027855326.groovy:97)
	... 13 more
)
[[ATTACHMENT|C:\\Jenkins\\workspace\\Katalon_WebRecogidas_PRO\\Reports\\20231106_111546\\TS_Envios_PRO\\20231106_111547\\1699266889050.png]]

2023-11-06 11:34:49 - [TEST_STEP][PASSED] - waitForElementClickable(findTestObject("Forms/Origen/input_Nombre"), 60, OPTIONAL): Object 'Object Repository/Forms/Origen/input_Nombre' is clickable

2023-11-06 11:34:49 - [MESSAGE][PASSED] - Object 'Object Repository/Forms/Origen/input_Nombre' is clickable

2023-11-06 11:34:49 - [TEST_STEP][FAILED] - setText(findTestObject("Forms/Origen/input_Nombre"), nombreRem, STOP_ON_FAILURE): Unable to set text 'Elena' of object 'Object Repository/Forms/Origen/input_Nombre' (Root cause: com.kms.katalon.core.exception.StepFailedException: Unable to set text 'Elena' of object 'Object Repository/Forms/Origen/input_Nombre'
	at com.kms.katalon.core.webui.keyword.internal.WebUIKeywordMain.stepFailed(WebUIKeywordMain.groovy:64)
	at com.kms.katalon.core.webui.keyword.internal.WebUIKeywordMain.runKeyword(WebUIKeywordMain.groovy:26)
	at com.kms.katalon.core.webui.keyword.builtin.SetTextKeyword.setText(SetTextKeyword.groovy:66)
	at com.kms.katalon.core.webui.keyword.builtin.SetTextKeyword.execute(SetTextKeyword.groovy:37)
	at com.kms.katalon.core.keyword.internal.KeywordExecutor.executeKeywordForPlatform(KeywordExecutor.groovy:74)
	at com.kms.katalon.core.webui.keyword.WebUiBuiltInKeywords.setText(WebUiBuiltInKeywords.groovy:966)
	at com.kms.katalon.core.webui.keyword.WebUiBuiltInKeywords$setText$5.call(Unknown Source)
	at 07 - Envio_EnvioInternacional.run(07 - Envio_EnvioInternacional:99)
	at com.kms.katalon.core.main.ScriptEngine.run(ScriptEngine.java:194)
	at com.kms.katalon.core.main.ScriptEngine.runScriptAsRawText(ScriptEngine.java:119)
	at com.kms.katalon.core.main.TestCaseExecutor.runScript(TestCaseExecutor.java:430)
	at com.kms.katalon.core.main.TestCaseExecutor.doExecute(TestCaseExecutor.java:421)
	at com.kms.katalon.core.main.TestCaseExecutor.processExecutionPhase(TestCaseExecutor.java:400)
	at com.kms.katalon.core.main.TestCaseExecutor.accessMainPhase(TestCaseExecutor.java:392)
	at com.kms.katalon.core.main.TestCaseExecutor.execute(TestCaseExecutor.java:273)
	at com.kms.katalon.core.main.TestSuiteExecutor.accessTestCaseMainPhase(TestSuiteExecutor.java:202)
	at com.kms.katalon.core.main.TestSuiteExecutor.accessTestSuiteMainPhase(TestSuiteExecutor.java:164)
	at com.kms.katalon.core.main.TestSuiteExecutor.execute(TestSuiteExecutor.java:105)
	at com.kms.katalon.core.main.TestCaseMain.startTestSuite(TestCaseMain.java:185)
	at com.kms.katalon.core.main.TestCaseMain$startTestSuite$0.call(Unknown Source)
	at TempTestSuite1699265747342.run(TempTestSuite1699265747342.groovy:36)
Caused by: org.openqa.selenium.ElementNotInteractableException: element not interactable
  (Session info: chrome=96.0.4664.45)
Build info: version: '3.141.59', revision: 'e82be7d358', time: '2018-11-14T08:25:53'
System info: host: 'SEU2K19KAT01', ip: '10.240.96.104', os.name: 'Windows Server 2019', os.arch: 'amd64', os.version: '10.0', java.version: '1.8.0_282'
Driver info: com.kms.katalon.selenium.driver.CChromeDriver
Capabilities {acceptInsecureCerts: false, browserName: chrome, browserVersion: 96.0.4664.45, chrome: {chromedriverVersion: 96.0.4664.45 (76e4c1bb2ab46..., userDataDir: C:\Windows\TEMP\scoped_dir2...}, goog:chromeOptions: {debuggerAddress: localhost:15107}, javascriptEnabled: true, networkConnectionEnabled: false, pageLoadStrategy: normal, platform: WINDOWS, platformName: WINDOWS, proxy: Proxy(), setWindowRect: true, strictFileInteractability: false, timeouts: {implicit: 0, pageLoad: 300000, script: 30000}, unhandledPromptBehavior: dismiss and notify, webauthn:extension:credBlob: true, webauthn:extension:largeBlob: true, webauthn:virtualAuthenticators: true}
Session ID: 1a338024f83c3052d2a1c35dca0f2eef
	at org.openqa.selenium.remote.http.W3CHttpResponseCodec.createException(W3CHttpResponseCodec.java:187)
	at org.openqa.selenium.remote.http.W3CHttpResponseCodec.decode(W3CHttpResponseCodec.java:122)
	at org.openqa.selenium.remote.http.W3CHttpResponseCodec.decode(W3CHttpResponseCodec.java:49)
	at org.openqa.selenium.remote.HttpCommandExecutor.execute(HttpCommandExecutor.java:158)
	at org.openqa.selenium.remote.service.DriverCommandExecutor.execute(DriverCommandExecutor.java:83)
	at org.openqa.selenium.remote.RemoteWebDriver.execute(RemoteWebDriver.java:552)
	at com.kms.katalon.selenium.driver.CChromeDriver.execute(CChromeDriver.java:19)
	at org.openqa.selenium.remote.RemoteWebElement.execute(RemoteWebElement.java:285)
	at org.openqa.selenium.remote.RemoteWebElement.clear(RemoteWebElement.java:124)
	at org.openqa.selenium.support.events.EventFiringWebDriver$EventFiringWebElement.lambda$new$0(EventFiringWebDriver.java:404)
	at com.sun.proxy.$Proxy11.clear(Unknown Source)
	at org.openqa.selenium.support.events.EventFiringWebDriver$EventFiringWebElement.clear(EventFiringWebDriver.java:436)
	at com.kms.katalon.core.webui.keyword.builtin.SetTextKeyword$_setText_closure1.doCall(SetTextKeyword.groovy:53)
	at com.kms.katalon.core.webui.keyword.builtin.SetTextKeyword$_setText_closure1.call(SetTextKeyword.groovy)
	at com.kms.katalon.core.webui.keyword.internal.WebUIKeywordMain.runKeyword(WebUIKeywordMain.groovy:20)
	at com.kms.katalon.core.webui.keyword.builtin.SetTextKeyword.setText(SetTextKeyword.groovy:66)
	at com.kms.katalon.core.webui.keyword.builtin.SetTextKeyword.execute(SetTextKeyword.groovy:37)
	at com.kms.katalon.core.keyword.internal.KeywordExecutor.executeKeywordForPlatform(KeywordExecutor.groovy:74)
	at com.kms.katalon.core.webui.keyword.WebUiBuiltInKeywords.setText(WebUiBuiltInKeywords.groovy:966)
	at com.kms.katalon.core.webui.keyword.WebUiBuiltInKeywords$setText$5.call(Unknown Source)
	at Script1671027855326.run(Script1671027855326.groovy:99)
	... 13 more
)

2023-11-06 11:34:49 - [MESSAGE][FAILED] - Unable to set text 'Elena' of object 'Object Repository/Forms/Origen/input_Nombre' (Root cause: com.kms.katalon.core.exception.StepFailedException: Unable to set text 'Elena' of object 'Object Repository/Forms/Origen/input_Nombre'
	at com.kms.katalon.core.webui.keyword.internal.WebUIKeywordMain.stepFailed(WebUIKeywordMain.groovy:64)
	at com.kms.katalon.core.webui.keyword.internal.WebUIKeywordMain.runKeyword(WebUIKeywordMain.groovy:26)
	at com.kms.katalon.core.webui.keyword.builtin.SetTextKeyword.setText(SetTextKeyword.groovy:66)
	at com.kms.katalon.core.webui.keyword.builtin.SetTextKeyword.execute(SetTextKeyword.groovy:37)
	at com.kms.katalon.core.keyword.internal.KeywordExecutor.executeKeywordForPlatform(KeywordExecutor.groovy:74)
	at com.kms.katalon.core.webui.keyword.WebUiBuiltInKeywords.setText(WebUiBuiltInKeywords.groovy:966)
	at com.kms.katalon.core.webui.keyword.WebUiBuiltInKeywords$setText$5.call(Unknown Source)
	at 07 - Envio_EnvioInternacional.run(07 - Envio_EnvioInternacional:99)
	at com.kms.katalon.core.main.ScriptEngine.run(ScriptEngine.java:194)
	at com.kms.katalon.core.main.ScriptEngine.runScriptAsRawText(ScriptEngine.java:119)
	at com.kms.katalon.core.main.TestCaseExecutor.runScript(TestCaseExecutor.java:430)
	at com.kms.katalon.core.main.TestCaseExecutor.doExecute(TestCaseExecutor.java:421)
	at com.kms.katalon.core.main.TestCaseExecutor.processExecutionPhase(TestCaseExecutor.java:400)
	at com.kms.katalon.core.main.TestCaseExecutor.accessMainPhase(TestCaseExecutor.java:392)
	at com.kms.katalon.core.main.TestCaseExecutor.execute(TestCaseExecutor.java:273)
	at com.kms.katalon.core.main.TestSuiteExecutor.accessTestCaseMainPhase(TestSuiteExecutor.java:202)
	at com.kms.katalon.core.main.TestSuiteExecutor.accessTestSuiteMainPhase(TestSuiteExecutor.java:164)
	at com.kms.katalon.core.main.TestSuiteExecutor.execute(TestSuiteExecutor.java:105)
	at com.kms.katalon.core.main.TestCaseMain.startTestSuite(TestCaseMain.java:185)
	at com.kms.katalon.core.main.TestCaseMain$startTestSuite$0.call(Unknown Source)
	at TempTestSuite1699265747342.run(TempTestSuite1699265747342.groovy:36)
Caused by: org.openqa.selenium.ElementNotInteractableException: element not interactable
  (Session info: chrome=96.0.4664.45)
Build info: version: '3.141.59', revision: 'e82be7d358', time: '2018-11-14T08:25:53'
System info: host: 'SEU2K19KAT01', ip: '10.240.96.104', os.name: 'Windows Server 2019', os.arch: 'amd64', os.version: '10.0', java.version: '1.8.0_282'
Driver info: com.kms.katalon.selenium.driver.CChromeDriver
Capabilities {acceptInsecureCerts: false, browserName: chrome, browserVersion: 96.0.4664.45, chrome: {chromedriverVersion: 96.0.4664.45 (76e4c1bb2ab46..., userDataDir: C:\Windows\TEMP\scoped_dir2...}, goog:chromeOptions: {debuggerAddress: localhost:15107}, javascriptEnabled: true, networkConnectionEnabled: false, pageLoadStrategy: normal, platform: WINDOWS, platformName: WINDOWS, proxy: Proxy(), setWindowRect: true, strictFileInteractability: false, timeouts: {implicit: 0, pageLoad: 300000, script: 30000}, unhandledPromptBehavior: dismiss and notify, webauthn:extension:credBlob: true, webauthn:extension:largeBlob: true, webauthn:virtualAuthenticators: true}
Session ID: 1a338024f83c3052d2a1c35dca0f2eef
	at org.openqa.selenium.remote.http.W3CHttpResponseCodec.createException(W3CHttpResponseCodec.java:187)
	at org.openqa.selenium.remote.http.W3CHttpResponseCodec.decode(W3CHttpResponseCodec.java:122)
	at org.openqa.selenium.remote.http.W3CHttpResponseCodec.decode(W3CHttpResponseCodec.java:49)
	at org.openqa.selenium.remote.HttpCommandExecutor.execute(HttpCommandExecutor.java:158)
	at org.openqa.selenium.remote.service.DriverCommandExecutor.execute(DriverCommandExecutor.java:83)
	at org.openqa.selenium.remote.RemoteWebDriver.execute(RemoteWebDriver.java:552)
	at com.kms.katalon.selenium.driver.CChromeDriver.execute(CChromeDriver.java:19)
	at org.openqa.selenium.remote.RemoteWebElement.execute(RemoteWebElement.java:285)
	at org.openqa.selenium.remote.RemoteWebElement.clear(RemoteWebElement.java:124)
	at org.openqa.selenium.support.events.EventFiringWebDriver$EventFiringWebElement.lambda$new$0(EventFiringWebDriver.java:404)
	at com.sun.proxy.$Proxy11.clear(Unknown Source)
	at org.openqa.selenium.support.events.EventFiringWebDriver$EventFiringWebElement.clear(EventFiringWebDriver.java:436)
	at com.kms.katalon.core.webui.keyword.builtin.SetTextKeyword$_setText_closure1.doCall(SetTextKeyword.groovy:53)
	at com.kms.katalon.core.webui.keyword.builtin.SetTextKeyword$_setText_closure1.call(SetTextKeyword.groovy)
	at com.kms.katalon.core.webui.keyword.internal.WebUIKeywordMain.runKeyword(WebUIKeywordMain.groovy:20)
	at com.kms.katalon.core.webui.keyword.builtin.SetTextKeyword.setText(SetTextKeyword.groovy:66)
	at com.kms.katalon.core.webui.keyword.builtin.SetTextKeyword.execute(SetTextKeyword.groovy:37)
	at com.kms.katalon.core.keyword.internal.KeywordExecutor.executeKeywordForPlatform(KeywordExecutor.groovy:74)
	at com.kms.katalon.core.webui.keyword.WebUiBuiltInKeywords.setText(WebUiBuiltInKeywords.groovy:966)
	at com.kms.katalon.core.webui.keyword.WebUiBuiltInKeywords$setText$5.call(Unknown Source)
	at Script1671027855326.run(Script1671027855326.groovy:99)
	... 13 more
)
[[ATTACHMENT|C:\\Jenkins\\workspace\\Katalon_WebRecogidas_PRO\\Reports\\20231106_111546\\TS_Envios_PRO\\20231106_111547\\1699266889695.png]]

2023-11-06 11:34:49 - [TEST_STEP][FAILED] - catch (Exception e): Recogidas / 07 - Envio internacional

2023-11-06 11:34:49 - [TEST_STEP][PASSED] - e.printStackTrace(): null

2023-11-06 11:34:49 - [TEST_STEP][FAILED] - markFailed("Recogidas / 07 - Envio internacional"): Recogidas / 07 - Envio internacional

2023-11-06 11:34:49 - [MESSAGE][FAILED] - Recogidas / 07 - Envio internacional

2023-11-06 11:34:49 - [TEST_STEP][PASSED] - Finally: Browser is closed

2023-11-06 11:34:49 - [TEST_STEP][PASSED] - closeBrowser(): Browser is closed

2023-11-06 11:34:50 - [MESSAGE][PASSED] - Browser is closed]]></system-out>
         <system-err><![CDATA[2023-11-06 11:28:51 - [TEST_CASE][FAILED] - Test Cases/Scripts_PRO/07 - Envio_EnvioInternacional: Test Cases/Scripts_PRO/07 - Envio_EnvioInternacional FAILED.
Reason:
com.kms.katalon.core.exception.StepFailedException: Recogidas / 07 - Envio internacional
	at com.kms.katalon.core.util.KeywordUtil.markFailed(KeywordUtil.java:19)
	at com.kms.katalon.core.util.KeywordUtil$markFailed.call(Unknown Source)
	at 07 - Envio_EnvioInternacional.run(07 - Envio_EnvioInternacional:194)
	at com.kms.katalon.core.main.ScriptEngine.run(ScriptEngine.java:194)
	at com.kms.katalon.core.main.ScriptEngine.runScriptAsRawText(ScriptEngine.java:119)
	at com.kms.katalon.core.main.TestCaseExecutor.runScript(TestCaseExecutor.java:430)
	at com.kms.katalon.core.main.TestCaseExecutor.doExecute(TestCaseExecutor.java:421)
	at com.kms.katalon.core.main.TestCaseExecutor.processExecutionPhase(TestCaseExecutor.java:400)
	at com.kms.katalon.core.main.TestCaseExecutor.accessMainPhase(TestCaseExecutor.java:392)
	at com.kms.katalon.core.main.TestCaseExecutor.execute(TestCaseExecutor.java:273)
	at com.kms.katalon.core.main.TestSuiteExecutor.accessTestCaseMainPhase(TestSuiteExecutor.java:202)
	at com.kms.katalon.core.main.TestSuiteExecutor.accessTestSuiteMainPhase(TestSuiteExecutor.java:164)
	at com.kms.katalon.core.main.TestSuiteExecutor.execute(TestSuiteExecutor.java:105)
	at com.kms.katalon.core.main.TestCaseMain.startTestSuite(TestCaseMain.java:185)
	at com.kms.katalon.core.main.TestCaseMain$startTestSuite$0.call(Unknown Source)
	at TempTestSuite1699265747342.run(TempTestSuite1699265747342.groovy:36)]]></system-err>
      </testcase>
      <testcase name="Test Cases/Scripts_PRO/08 - Envio_AntesDeLas13_30" time="192.346" classname="Test Cases/Scripts_PRO/08 - Envio_AntesDeLas13_30" status="FAILED">
         <failure type="FAILED" message="Test Cases/Scripts_PRO/08 - Envio_AntesDeLas13_30 FAILED.
Reason:
com.kms.katalon.core.exception.StepFailedException: Recogidas / 08 - Envio antes de las 13.30
	at com.kms.katalon.core.util.KeywordUtil.markFailed(KeywordUtil.java:19)
	at com.kms.katalon.core.util.KeywordUtil$markFailed.call(Unknown Source)
	at 08 - Envio_AntesDeLas13_30.run(08 - Envio_AntesDeLas13_30:181)
	at com.kms.katalon.core.main.ScriptEngine.run(ScriptEngine.java:194)
	at com.kms.katalon.core.main.ScriptEngine.runScriptAsRawText(ScriptEngine.java:119)
	at com.kms.katalon.core.main.TestCaseExecutor.runScript(TestCaseExecutor.java:430)
	at com.kms.katalon.core.main.TestCaseExecutor.doExecute(TestCaseExecutor.java:421)
	at com.kms.katalon.core.main.TestCaseExecutor.processExecutionPhase(TestCaseExecutor.java:400)
	at com.kms.katalon.core.main.TestCaseExecutor.accessMainPhase(TestCaseExecutor.java:392)
	at com.kms.katalon.core.main.TestCaseExecutor.execute(TestCaseExecutor.java:273)
	at com.kms.katalon.core.main.TestSuiteExecutor.accessTestCaseMainPhase(TestSuiteExecutor.java:202)
	at com.kms.katalon.core.main.TestSuiteExecutor.accessTestSuiteMainPhase(TestSuiteExecutor.java:164)
	at com.kms.katalon.core.main.TestSuiteExecutor.execute(TestSuiteExecutor.java:105)
	at com.kms.katalon.core.main.TestCaseMain.startTestSuite(TestCaseMain.java:185)
	at com.kms.katalon.core.main.TestCaseMain$startTestSuite$0.call(Unknown Source)
	at TempTestSuite1699265747342.run(TempTestSuite1699265747342.groovy:36)
"/>
         <system-out><![CDATA[2023-11-06 11:34:50 - [TEST_CASE][FAILED] - Test Cases/Scripts_PRO/08 - Envio_AntesDeLas13_30: Test Cases/Scripts_PRO/08 - Envio_AntesDeLas13_30 FAILED.
Reason:
com.kms.katalon.core.exception.StepFailedException: Recogidas / 08 - Envio antes de las 13.30
	at com.kms.katalon.core.util.KeywordUtil.markFailed(KeywordUtil.java:19)
	at com.kms.katalon.core.util.KeywordUtil$markFailed.call(Unknown Source)
	at 08 - Envio_AntesDeLas13_30.run(08 - Envio_AntesDeLas13_30:181)
	at com.kms.katalon.core.main.ScriptEngine.run(ScriptEngine.java:194)
	at com.kms.katalon.core.main.ScriptEngine.runScriptAsRawText(ScriptEngine.java:119)
	at com.kms.katalon.core.main.TestCaseExecutor.runScript(TestCaseExecutor.java:430)
	at com.kms.katalon.core.main.TestCaseExecutor.doExecute(TestCaseExecutor.java:421)
	at com.kms.katalon.core.main.TestCaseExecutor.processExecutionPhase(TestCaseExecutor.java:400)
	at com.kms.katalon.core.main.TestCaseExecutor.accessMainPhase(TestCaseExecutor.java:392)
	at com.kms.katalon.core.main.TestCaseExecutor.execute(TestCaseExecutor.java:273)
	at com.kms.katalon.core.main.TestSuiteExecutor.accessTestCaseMainPhase(TestSuiteExecutor.java:202)
	at com.kms.katalon.core.main.TestSuiteExecutor.accessTestSuiteMainPhase(TestSuiteExecutor.java:164)
	at com.kms.katalon.core.main.TestSuiteExecutor.execute(TestSuiteExecutor.java:105)
	at com.kms.katalon.core.main.TestCaseMain.startTestSuite(TestCaseMain.java:185)
	at com.kms.katalon.core.main.TestCaseMain$startTestSuite$0.call(Unknown Source)
	at TempTestSuite1699265747342.run(TempTestSuite1699265747342.groovy:36)


2023-11-06 11:34:50 - [TEST_STEP][PASSED] - setWebDriverPreferencesProperty("args", ["window-size=1920,1080"]): null

2023-11-06 11:34:50 - [TEST_STEP][FAILED] - try: Unable to set text 'Paco' of object 'Object Repository/Forms/Origen/input_Nombre' (Root cause: com.kms.katalon.core.exception.StepFailedException: Unable to set text 'Paco' of object 'Object Repository/Forms/Origen/input_Nombre'
	at com.kms.katalon.core.webui.keyword.internal.WebUIKeywordMain.stepFailed(WebUIKeywordMain.groovy:64)
	at com.kms.katalon.core.webui.keyword.internal.WebUIKeywordMain.runKeyword(WebUIKeywordMain.groovy:26)
	at com.kms.katalon.core.webui.keyword.builtin.SetTextKeyword.setText(SetTextKeyword.groovy:66)
	at com.kms.katalon.core.webui.keyword.builtin.SetTextKeyword.execute(SetTextKeyword.groovy:37)
	at com.kms.katalon.core.keyword.internal.KeywordExecutor.executeKeywordForPlatform(KeywordExecutor.groovy:74)
	at com.kms.katalon.core.webui.keyword.WebUiBuiltInKeywords.setText(WebUiBuiltInKeywords.groovy:966)
	at com.kms.katalon.core.webui.keyword.WebUiBuiltInKeywords$setText$5.call(Unknown Source)
	at 08 - Envio_AntesDeLas13_30.run(08 - Envio_AntesDeLas13_30:87)
	at com.kms.katalon.core.main.ScriptEngine.run(ScriptEngine.java:194)
	at com.kms.katalon.core.main.ScriptEngine.runScriptAsRawText(ScriptEngine.java:119)
	at com.kms.katalon.core.main.TestCaseExecutor.runScript(TestCaseExecutor.java:430)
	at com.kms.katalon.core.main.TestCaseExecutor.doExecute(TestCaseExecutor.java:421)
	at com.kms.katalon.core.main.TestCaseExecutor.processExecutionPhase(TestCaseExecutor.java:400)
	at com.kms.katalon.core.main.TestCaseExecutor.accessMainPhase(TestCaseExecutor.java:392)
	at com.kms.katalon.core.main.TestCaseExecutor.execute(TestCaseExecutor.java:273)
	at com.kms.katalon.core.main.TestSuiteExecutor.accessTestCaseMainPhase(TestSuiteExecutor.java:202)
	at com.kms.katalon.core.main.TestSuiteExecutor.accessTestSuiteMainPhase(TestSuiteExecutor.java:164)
	at com.kms.katalon.core.main.TestSuiteExecutor.execute(TestSuiteExecutor.java:105)
	at com.kms.katalon.core.main.TestCaseMain.startTestSuite(TestCaseMain.java:185)
	at com.kms.katalon.core.main.TestCaseMain$startTestSuite$0.call(Unknown Source)
	at TempTestSuite1699265747342.run(TempTestSuite1699265747342.groovy:36)
Caused by: org.openqa.selenium.ElementNotInteractableException: element not interactable
  (Session info: chrome=96.0.4664.45)
Build info: version: '3.141.59', revision: 'e82be7d358', time: '2018-11-14T08:25:53'
System info: host: 'SEU2K19KAT01', ip: '10.240.96.104', os.name: 'Windows Server 2019', os.arch: 'amd64', os.version: '10.0', java.version: '1.8.0_282'
Driver info: com.kms.katalon.selenium.driver.CChromeDriver
Capabilities {acceptInsecureCerts: false, browserName: chrome, browserVersion: 96.0.4664.45, chrome: {chromedriverVersion: 96.0.4664.45 (76e4c1bb2ab46..., userDataDir: C:\Windows\TEMP\scoped_dir1...}, goog:chromeOptions: {debuggerAddress: localhost:15293}, javascriptEnabled: true, networkConnectionEnabled: false, pageLoadStrategy: normal, platform: WINDOWS, platformName: WINDOWS, proxy: Proxy(), setWindowRect: true, strictFileInteractability: false, timeouts: {implicit: 0, pageLoad: 300000, script: 30000}, unhandledPromptBehavior: dismiss and notify, webauthn:extension:credBlob: true, webauthn:extension:largeBlob: true, webauthn:virtualAuthenticators: true}
Session ID: f258dc14be00cdd88be2766cc26a4ebc
	at org.openqa.selenium.remote.http.W3CHttpResponseCodec.createException(W3CHttpResponseCodec.java:187)
	at org.openqa.selenium.remote.http.W3CHttpResponseCodec.decode(W3CHttpResponseCodec.java:122)
	at org.openqa.selenium.remote.http.W3CHttpResponseCodec.decode(W3CHttpResponseCodec.java:49)
	at org.openqa.selenium.remote.HttpCommandExecutor.execute(HttpCommandExecutor.java:158)
	at org.openqa.selenium.remote.service.DriverCommandExecutor.execute(DriverCommandExecutor.java:83)
	at org.openqa.selenium.remote.RemoteWebDriver.execute(RemoteWebDriver.java:552)
	at com.kms.katalon.selenium.driver.CChromeDriver.execute(CChromeDriver.java:19)
	at org.openqa.selenium.remote.RemoteWebElement.execute(RemoteWebElement.java:285)
	at org.openqa.selenium.remote.RemoteWebElement.clear(RemoteWebElement.java:124)
	at org.openqa.selenium.support.events.EventFiringWebDriver$EventFiringWebElement.lambda$new$0(EventFiringWebDriver.java:404)
	at com.sun.proxy.$Proxy11.clear(Unknown Source)
	at org.openqa.selenium.support.events.EventFiringWebDriver$EventFiringWebElement.clear(EventFiringWebDriver.java:436)
	at com.kms.katalon.core.webui.keyword.builtin.SetTextKeyword$_setText_closure1.doCall(SetTextKeyword.groovy:53)
	at com.kms.katalon.core.webui.keyword.builtin.SetTextKeyword$_setText_closure1.call(SetTextKeyword.groovy)
	at com.kms.katalon.core.webui.keyword.internal.WebUIKeywordMain.runKeyword(WebUIKeywordMain.groovy:20)
	at com.kms.katalon.core.webui.keyword.builtin.SetTextKeyword.setText(SetTextKeyword.groovy:66)
	at com.kms.katalon.core.webui.keyword.builtin.SetTextKeyword.execute(SetTextKeyword.groovy:37)
	at com.kms.katalon.core.keyword.internal.KeywordExecutor.executeKeywordForPlatform(KeywordExecutor.groovy:74)
	at com.kms.katalon.core.webui.keyword.WebUiBuiltInKeywords.setText(WebUiBuiltInKeywords.groovy:966)
	at com.kms.katalon.core.webui.keyword.WebUiBuiltInKeywords$setText$5.call(Unknown Source)
	at Script1671027879956.run(Script1671027879956.groovy:87)
	... 13 more
)

2023-11-06 11:34:50 - [TEST_STEP][PASSED] - openBrowser(""): Browser is opened with url: ''

2023-11-06 11:34:50 - [MESSAGE][INFO] - Starting 'Chrome' driver

2023-11-06 11:34:50 - [MESSAGE][INFO] - User set preference: ['args', '[window-size=1920,1080]']

2023-11-06 11:34:50 - [MESSAGE][INFO] - Action delay is set to 0 milliseconds

2023-11-06 11:34:52 - [MESSAGE][PASSED] - Browser is opened with url: ''

2023-11-06 11:34:52 - [TEST_STEP][PASSED] - maximizeWindow(): Current window maximized

2023-11-06 11:34:52 - [MESSAGE][PASSED] - Current window maximized

2023-11-06 11:34:52 - [TEST_STEP][PASSED] - navigateToUrl("https://seur.com/envio-online2/new-shipping"): Navigate to 'https://seur.com/envio-online2/new-shipping' successfully

2023-11-06 11:35:37 - [MESSAGE][PASSED] - Navigate to 'https://seur.com/envio-online2/new-shipping' successfully

2023-11-06 11:35:37 - [TEST_STEP][PASSED] - delay(30): Delayed 30 second(s)

2023-11-06 11:36:07 - [MESSAGE][PASSED] - Delayed 30 second(s)

2023-11-06 11:36:07 - [TEST_STEP][PASSED] - waitForElementVisible(findTestObject("Object Repository/Log_In_Elements/button_Aceptar_Cookis"), 60, OPTIONAL): Object 'Object Repository/Log_In_Elements/button_Aceptar_Cookis' is visible

2023-11-06 11:36:07 - [MESSAGE][PASSED] - Object 'Object Repository/Log_In_Elements/button_Aceptar_Cookis' is visible

2023-11-06 11:36:07 - [TEST_STEP][PASSED] - waitForElementClickable(findTestObject("Object Repository/Log_In_Elements/button_Aceptar_Cookis"), 60, OPTIONAL): Object 'Object Repository/Log_In_Elements/button_Aceptar_Cookis' is clickable

2023-11-06 11:36:07 - [MESSAGE][PASSED] - Object 'Object Repository/Log_In_Elements/button_Aceptar_Cookis' is clickable

2023-11-06 11:36:07 - [TEST_STEP][PASSED] - click(findTestObject("Object Repository/Log_In_Elements/button_Aceptar_Cookis"), STOP_ON_FAILURE): Object: 'Object Repository/Log_In_Elements/button_Aceptar_Cookis' is clicked on

2023-11-06 11:36:08 - [MESSAGE][PASSED] - Object: 'Object Repository/Log_In_Elements/button_Aceptar_Cookis' is clicked on

2023-11-06 11:36:08 - [TEST_STEP][PASSED] - delay(5): Delayed 5 second(s)

2023-11-06 11:36:13 - [MESSAGE][PASSED] - Delayed 5 second(s)

2023-11-06 11:36:13 - [TEST_STEP][PASSED] - waitForElementVisible(findTestObject("Object Repository/Log_In_Elements/button_Siguiente"), 60, OPTIONAL): Object 'Object Repository/Log_In_Elements/button_Siguiente' is visible

2023-11-06 11:36:43 - [MESSAGE][PASSED] - Object 'Object Repository/Log_In_Elements/button_Siguiente' is visible

2023-11-06 11:36:43 - [TEST_STEP][PASSED] - waitForElementClickable(findTestObject("Object Repository/Log_In_Elements/button_Siguiente"), 60, OPTIONAL): Object 'Object Repository/Log_In_Elements/button_Siguiente' is clickable

2023-11-06 11:36:50 - [MESSAGE][PASSED] - Object 'Object Repository/Log_In_Elements/button_Siguiente' is clickable

2023-11-06 11:36:50 - [TEST_STEP][PASSED] - click(findTestObject("Object Repository/Log_In_Elements/button_Siguiente"), STOP_ON_FAILURE): Object: 'Object Repository/Log_In_Elements/button_Siguiente' is clicked on

2023-11-06 11:36:50 - [MESSAGE][PASSED] - Object: 'Object Repository/Log_In_Elements/button_Siguiente' is clicked on

2023-11-06 11:36:50 - [TEST_STEP][PASSED] - delay(5): Delayed 5 second(s)

2023-11-06 11:36:55 - [MESSAGE][PASSED] - Delayed 5 second(s)

2023-11-06 11:36:55 - [TEST_STEP][PASSED] - waitForElementVisible(findTestObject("Origen_Destino_Paquetes/input_Origen"), 60, OPTIONAL): Object 'Object Repository/Origen_Destino_Paquetes/input_Origen' is visible

2023-11-06 11:36:56 - [MESSAGE][PASSED] - Object 'Object Repository/Origen_Destino_Paquetes/input_Origen' is visible

2023-11-06 11:36:56 - [TEST_STEP][PASSED] - waitForElementClickable(findTestObject("Origen_Destino_Paquetes/input_Origen"), 60, OPTIONAL): Object 'Object Repository/Origen_Destino_Paquetes/input_Origen' is clickable

2023-11-06 11:36:56 - [MESSAGE][PASSED] - Object 'Object Repository/Origen_Destino_Paquetes/input_Origen' is clickable

2023-11-06 11:36:56 - [TEST_STEP][PASSED] - setText(findTestObject("Origen_Destino_Paquetes/input_Origen"), codPostalRem, STOP_ON_FAILURE): Text '29700' is set on object 'Object Repository/Origen_Destino_Paquetes/input_Origen'

2023-11-06 11:36:56 - [MESSAGE][PASSED] - Text '29700' is set on object 'Object Repository/Origen_Destino_Paquetes/input_Origen'

2023-11-06 11:36:56 - [TEST_STEP][PASSED] - delay(2): Delayed 2 second(s)

2023-11-06 11:36:58 - [MESSAGE][PASSED] - Delayed 2 second(s)

2023-11-06 11:36:58 - [TEST_STEP][PASSED] - waitForElementVisible(findTestObject("Origen_Destino_Paquetes/span_29700 - VELEZ-MALAGA"), 60, OPTIONAL): Object 'Object Repository/Origen_Destino_Paquetes/span_29700 - VELEZ-MALAGA' is visible

2023-11-06 11:36:59 - [MESSAGE][PASSED] - Object 'Object Repository/Origen_Destino_Paquetes/span_29700 - VELEZ-MALAGA' is visible

2023-11-06 11:36:59 - [TEST_STEP][PASSED] - waitForElementClickable(findTestObject("Origen_Destino_Paquetes/span_29700 - VELEZ-MALAGA"), 60, OPTIONAL): Object 'Object Repository/Origen_Destino_Paquetes/span_29700 - VELEZ-MALAGA' is clickable

2023-11-06 11:36:59 - [MESSAGE][PASSED] - Object 'Object Repository/Origen_Destino_Paquetes/span_29700 - VELEZ-MALAGA' is clickable

2023-11-06 11:36:59 - [TEST_STEP][PASSED] - click(findTestObject("Origen_Destino_Paquetes/span_29700 - VELEZ-MALAGA"), STOP_ON_FAILURE): Object: 'Object Repository/Origen_Destino_Paquetes/span_29700 - VELEZ-MALAGA' is clicked on

2023-11-06 11:36:59 - [MESSAGE][PASSED] - Object: 'Object Repository/Origen_Destino_Paquetes/span_29700 - VELEZ-MALAGA' is clicked on

2023-11-06 11:36:59 - [TEST_STEP][PASSED] - waitForElementVisible(findTestObject("Origen_Destino_Paquetes/input_Destino"), 60, OPTIONAL): Object 'Object Repository/Origen_Destino_Paquetes/input_Destino' is visible

2023-11-06 11:37:00 - [MESSAGE][PASSED] - Object 'Object Repository/Origen_Destino_Paquetes/input_Destino' is visible

2023-11-06 11:37:00 - [TEST_STEP][PASSED] - waitForElementClickable(findTestObject("Origen_Destino_Paquetes/input_Destino"), 60, OPTIONAL): Object 'Object Repository/Origen_Destino_Paquetes/input_Destino' is clickable

2023-11-06 11:37:00 - [MESSAGE][PASSED] - Object 'Object Repository/Origen_Destino_Paquetes/input_Destino' is clickable

2023-11-06 11:37:00 - [TEST_STEP][PASSED] - setText(findTestObject("Origen_Destino_Paquetes/input_Destino"), codPostalDes, STOP_ON_FAILURE): Text '28010' is set on object 'Object Repository/Origen_Destino_Paquetes/input_Destino'

2023-11-06 11:37:01 - [MESSAGE][PASSED] - Text '28010' is set on object 'Object Repository/Origen_Destino_Paquetes/input_Destino'

2023-11-06 11:37:01 - [TEST_STEP][PASSED] - delay(2): Delayed 2 second(s)

2023-11-06 11:37:03 - [MESSAGE][PASSED] - Delayed 2 second(s)

2023-11-06 11:37:03 - [TEST_STEP][PASSED] - waitForElementVisible(findTestObject("Origen_Destino_Paquetes/span_28010 - MADRID"), 60, OPTIONAL): Object 'Object Repository/Origen_Destino_Paquetes/span_28010 - MADRID' is visible

2023-11-06 11:37:03 - [MESSAGE][PASSED] - Object 'Object Repository/Origen_Destino_Paquetes/span_28010 - MADRID' is visible

2023-11-06 11:37:03 - [TEST_STEP][PASSED] - waitForElementClickable(findTestObject("Origen_Destino_Paquetes/span_28010 - MADRID"), 60, OPTIONAL): Object 'Object Repository/Origen_Destino_Paquetes/span_28010 - MADRID' is clickable

2023-11-06 11:37:03 - [MESSAGE][PASSED] - Object 'Object Repository/Origen_Destino_Paquetes/span_28010 - MADRID' is clickable

2023-11-06 11:37:03 - [TEST_STEP][PASSED] - click(findTestObject("Origen_Destino_Paquetes/span_28010 - MADRID"), STOP_ON_FAILURE): Object: 'Object Repository/Origen_Destino_Paquetes/span_28010 - MADRID' is clicked on

2023-11-06 11:37:04 - [MESSAGE][PASSED] - Object: 'Object Repository/Origen_Destino_Paquetes/span_28010 - MADRID' is clicked on

2023-11-06 11:37:04 - [TEST_STEP][PASSED] - waitForElementVisible(findTestObject("Origen_Destino_Paquetes/input_Paquete_peso"), 60, OPTIONAL): Object 'Object Repository/Origen_Destino_Paquetes/input_Paquete_peso' is visible

2023-11-06 11:37:04 - [MESSAGE][PASSED] - Object 'Object Repository/Origen_Destino_Paquetes/input_Paquete_peso' is visible

2023-11-06 11:37:04 - [TEST_STEP][PASSED] - waitForElementClickable(findTestObject("Origen_Destino_Paquetes/input_Paquete_peso"), 60, OPTIONAL): Object 'Object Repository/Origen_Destino_Paquetes/input_Paquete_peso' is clickable

2023-11-06 11:37:04 - [MESSAGE][PASSED] - Object 'Object Repository/Origen_Destino_Paquetes/input_Paquete_peso' is clickable

2023-11-06 11:37:04 - [TEST_STEP][PASSED] - setText(findTestObject("Origen_Destino_Paquetes/input_Paquete_peso"), pesoPaquete, STOP_ON_FAILURE): Text '5.3' is set on object 'Object Repository/Origen_Destino_Paquetes/input_Paquete_peso'

2023-11-06 11:37:05 - [MESSAGE][PASSED] - Text '5.3' is set on object 'Object Repository/Origen_Destino_Paquetes/input_Paquete_peso'

2023-11-06 11:37:05 - [TEST_STEP][PASSED] - waitForElementVisible(findTestObject("Origen_Destino_Paquetes/input_Paquete_largo"), 60, OPTIONAL): Object 'Object Repository/Origen_Destino_Paquetes/input_Paquete_largo' is visible

2023-11-06 11:37:05 - [MESSAGE][PASSED] - Object 'Object Repository/Origen_Destino_Paquetes/input_Paquete_largo' is visible

2023-11-06 11:37:05 - [TEST_STEP][PASSED] - waitForElementClickable(findTestObject("Origen_Destino_Paquetes/input_Paquete_largo"), 60, OPTIONAL): Object 'Object Repository/Origen_Destino_Paquetes/input_Paquete_largo' is clickable

2023-11-06 11:37:06 - [MESSAGE][PASSED] - Object 'Object Repository/Origen_Destino_Paquetes/input_Paquete_largo' is clickable

2023-11-06 11:37:06 - [TEST_STEP][PASSED] - setText(findTestObject("Origen_Destino_Paquetes/input_Paquete_largo"), largoPaquete, STOP_ON_FAILURE): Text '40' is set on object 'Object Repository/Origen_Destino_Paquetes/input_Paquete_largo'

2023-11-06 11:37:06 - [MESSAGE][PASSED] - Text '40' is set on object 'Object Repository/Origen_Destino_Paquetes/input_Paquete_largo'

2023-11-06 11:37:06 - [TEST_STEP][PASSED] - waitForElementVisible(findTestObject("Origen_Destino_Paquetes/input_Paquete_Ancho"), 60, OPTIONAL): Object 'Object Repository/Origen_Destino_Paquetes/input_Paquete_Ancho' is visible

2023-11-06 11:37:07 - [MESSAGE][PASSED] - Object 'Object Repository/Origen_Destino_Paquetes/input_Paquete_Ancho' is visible

2023-11-06 11:37:07 - [TEST_STEP][PASSED] - waitForElementClickable(findTestObject("Origen_Destino_Paquetes/input_Paquete_Ancho"), 60, OPTIONAL): Object 'Object Repository/Origen_Destino_Paquetes/input_Paquete_Ancho' is clickable

2023-11-06 11:37:07 - [MESSAGE][PASSED] - Object 'Object Repository/Origen_Destino_Paquetes/input_Paquete_Ancho' is clickable

2023-11-06 11:37:07 - [TEST_STEP][PASSED] - setText(findTestObject("Origen_Destino_Paquetes/input_Paquete_Ancho"), anchoPaquete, STOP_ON_FAILURE): Text '30' is set on object 'Object Repository/Origen_Destino_Paquetes/input_Paquete_Ancho'

2023-11-06 11:37:08 - [MESSAGE][PASSED] - Text '30' is set on object 'Object Repository/Origen_Destino_Paquetes/input_Paquete_Ancho'

2023-11-06 11:37:08 - [TEST_STEP][PASSED] - waitForElementVisible(findTestObject("Origen_Destino_Paquetes/input_Paquete_Alto"), 60, OPTIONAL): Object 'Object Repository/Origen_Destino_Paquetes/input_Paquete_Alto' is visible

2023-11-06 11:37:08 - [MESSAGE][PASSED] - Object 'Object Repository/Origen_Destino_Paquetes/input_Paquete_Alto' is visible

2023-11-06 11:37:08 - [TEST_STEP][PASSED] - waitForElementClickable(findTestObject("Origen_Destino_Paquetes/input_Paquete_Alto"), 60, OPTIONAL): Object 'Object Repository/Origen_Destino_Paquetes/input_Paquete_Alto' is clickable

2023-11-06 11:37:08 - [MESSAGE][PASSED] - Object 'Object Repository/Origen_Destino_Paquetes/input_Paquete_Alto' is clickable

2023-11-06 11:37:08 - [TEST_STEP][PASSED] - setText(findTestObject("Origen_Destino_Paquetes/input_Paquete_Alto"), altoPaquete, STOP_ON_FAILURE): Text '45' is set on object 'Object Repository/Origen_Destino_Paquetes/input_Paquete_Alto'

2023-11-06 11:37:09 - [MESSAGE][PASSED] - Text '45' is set on object 'Object Repository/Origen_Destino_Paquetes/input_Paquete_Alto'

2023-11-06 11:37:09 - [TEST_STEP][PASSED] - waitForElementVisible(findTestObject("Origen_Destino_Paquetes/button_Calcula tu envio"), 60, OPTIONAL): Object 'Object Repository/Origen_Destino_Paquetes/button_Calcula tu envio' is visible

2023-11-06 11:37:09 - [MESSAGE][PASSED] - Object 'Object Repository/Origen_Destino_Paquetes/button_Calcula tu envio' is visible

2023-11-06 11:37:09 - [TEST_STEP][PASSED] - waitForElementClickable(findTestObject("Origen_Destino_Paquetes/button_Calcula tu envio"), 60, OPTIONAL): Object 'Object Repository/Origen_Destino_Paquetes/button_Calcula tu envio' is clickable

2023-11-06 11:37:10 - [MESSAGE][PASSED] - Object 'Object Repository/Origen_Destino_Paquetes/button_Calcula tu envio' is clickable

2023-11-06 11:37:10 - [TEST_STEP][PASSED] - click(findTestObject("Origen_Destino_Paquetes/button_Calcula tu envio"), STOP_ON_FAILURE): Object: 'Object Repository/Origen_Destino_Paquetes/button_Calcula tu envio' is clicked on

2023-11-06 11:37:10 - [MESSAGE][PASSED] - Object: 'Object Repository/Origen_Destino_Paquetes/button_Calcula tu envio' is clicked on

2023-11-06 11:37:10 - [TEST_STEP][PASSED] - waitForElementVisible(findTestObject("Seur_Antes_De_las_13-30/button_Contratar"), 60, OPTIONAL): Object 'Object Repository/Seur_Antes_De_las_13-30/button_Contratar' is visible

2023-11-06 11:37:12 - [MESSAGE][PASSED] - Object 'Object Repository/Seur_Antes_De_las_13-30/button_Contratar' is visible

2023-11-06 11:37:12 - [TEST_STEP][PASSED] - waitForElementClickable(findTestObject("Seur_Antes_De_las_13-30/button_Contratar"), 60, OPTIONAL): Object 'Object Repository/Seur_Antes_De_las_13-30/button_Contratar' is clickable

2023-11-06 11:37:13 - [MESSAGE][PASSED] - Object 'Object Repository/Seur_Antes_De_las_13-30/button_Contratar' is clickable

2023-11-06 11:37:13 - [TEST_STEP][PASSED] - click(findTestObject("Seur_Antes_De_las_13-30/button_Contratar"), STOP_ON_FAILURE): Object: 'Object Repository/Seur_Antes_De_las_13-30/button_Contratar' is clicked on

2023-11-06 11:37:13 - [MESSAGE][PASSED] - Object: 'Object Repository/Seur_Antes_De_las_13-30/button_Contratar' is clicked on

2023-11-06 11:37:13 - [TEST_STEP][PASSED] - waitForElementVisible(findTestObject("Forms/Origen/input_Nombre"), 60, OPTIONAL): Unable to wait for object 'Object Repository/Forms/Origen/input_Nombre' to be visible (Root cause: com.kms.katalon.core.exception.StepFailedException: Unable to wait for object 'Object Repository/Forms/Origen/input_Nombre' to be visible
	at com.kms.katalon.core.webui.keyword.internal.WebUIKeywordMain.stepFailed(WebUIKeywordMain.groovy:64)
	at com.kms.katalon.core.webui.keyword.internal.WebUIKeywordMain.runKeyword(WebUIKeywordMain.groovy:26)
	at com.kms.katalon.core.webui.keyword.internal.WebUIKeywordMain$runKeyword.call(Unknown Source)
	at com.kms.katalon.core.webui.keyword.builtin.WaitForElementVisibleKeyword.waitForElementVisible(WaitForElementVisibleKeyword.groovy:98)
	at com.kms.katalon.core.webui.keyword.builtin.WaitForElementVisibleKeyword.execute(WaitForElementVisibleKeyword.groovy:68)
	at com.kms.katalon.core.keyword.internal.KeywordExecutor.executeKeywordForPlatform(KeywordExecutor.groovy:74)
	at com.kms.katalon.core.webui.keyword.WebUiBuiltInKeywords.waitForElementVisible(WebUiBuiltInKeywords.groovy:422)
	at com.kms.katalon.core.webui.keyword.WebUiBuiltInKeywords$waitForElementVisible$2.call(Unknown Source)
	at 08 - Envio_AntesDeLas13_30.run(08 - Envio_AntesDeLas13_30:85)
	at com.kms.katalon.core.main.ScriptEngine.run(ScriptEngine.java:194)
	at com.kms.katalon.core.main.ScriptEngine.runScriptAsRawText(ScriptEngine.java:119)
	at com.kms.katalon.core.main.TestCaseExecutor.runScript(TestCaseExecutor.java:430)
	at com.kms.katalon.core.main.TestCaseExecutor.doExecute(TestCaseExecutor.java:421)
	at com.kms.katalon.core.main.TestCaseExecutor.processExecutionPhase(TestCaseExecutor.java:400)
	at com.kms.katalon.core.main.TestCaseExecutor.accessMainPhase(TestCaseExecutor.java:392)
	at com.kms.katalon.core.main.TestCaseExecutor.execute(TestCaseExecutor.java:273)
	at com.kms.katalon.core.main.TestSuiteExecutor.accessTestCaseMainPhase(TestSuiteExecutor.java:202)
	at com.kms.katalon.core.main.TestSuiteExecutor.accessTestSuiteMainPhase(TestSuiteExecutor.java:164)
	at com.kms.katalon.core.main.TestSuiteExecutor.execute(TestSuiteExecutor.java:105)
	at com.kms.katalon.core.main.TestCaseMain.startTestSuite(TestCaseMain.java:185)
	at com.kms.katalon.core.main.TestCaseMain$startTestSuite$0.call(Unknown Source)
	at TempTestSuite1699265747342.run(TempTestSuite1699265747342.groovy:36)
Caused by: org.openqa.selenium.ScriptTimeoutException: script timeout
  (Session info: chrome=96.0.4664.45)
Build info: version: '3.141.59', revision: 'e82be7d358', time: '2018-11-14T08:25:53'
System info: host: 'SEU2K19KAT01', ip: '10.240.96.104', os.name: 'Windows Server 2019', os.arch: 'amd64', os.version: '10.0', java.version: '1.8.0_282'
Driver info: com.kms.katalon.selenium.driver.CChromeDriver
Capabilities {acceptInsecureCerts: false, browserName: chrome, browserVersion: 96.0.4664.45, chrome: {chromedriverVersion: 96.0.4664.45 (76e4c1bb2ab46..., userDataDir: C:\Windows\TEMP\scoped_dir1...}, goog:chromeOptions: {debuggerAddress: localhost:15293}, javascriptEnabled: true, networkConnectionEnabled: false, pageLoadStrategy: normal, platform: WINDOWS, platformName: WINDOWS, proxy: Proxy(), setWindowRect: true, strictFileInteractability: false, timeouts: {implicit: 0, pageLoad: 300000, script: 30000}, unhandledPromptBehavior: dismiss and notify, webauthn:extension:credBlob: true, webauthn:extension:largeBlob: true, webauthn:virtualAuthenticators: true}
Session ID: f258dc14be00cdd88be2766cc26a4ebc
	at org.openqa.selenium.remote.http.W3CHttpResponseCodec.createException(W3CHttpResponseCodec.java:187)
	at org.openqa.selenium.remote.http.W3CHttpResponseCodec.decode(W3CHttpResponseCodec.java:122)
	at org.openqa.selenium.remote.http.W3CHttpResponseCodec.decode(W3CHttpResponseCodec.java:49)
	at org.openqa.selenium.remote.HttpCommandExecutor.execute(HttpCommandExecutor.java:158)
	at org.openqa.selenium.remote.service.DriverCommandExecutor.execute(DriverCommandExecutor.java:83)
	at org.openqa.selenium.remote.RemoteWebDriver.execute(RemoteWebDriver.java:552)
	at com.kms.katalon.selenium.driver.CChromeDriver.execute(CChromeDriver.java:19)
	at org.openqa.selenium.remote.RemoteWebElement.execute(RemoteWebElement.java:285)
	at org.openqa.selenium.remote.RemoteWebElement.isDisplayed(RemoteWebElement.java:326)
	at org.openqa.selenium.support.events.EventFiringWebDriver$EventFiringWebElement.lambda$new$0(EventFiringWebDriver.java:404)
	at com.sun.proxy.$Proxy11.isDisplayed(Unknown Source)
	at org.openqa.selenium.support.events.EventFiringWebDriver$EventFiringWebElement.isDisplayed(EventFiringWebDriver.java:470)
	at org.openqa.selenium.support.ui.ExpectedConditions.elementIfVisible(ExpectedConditions.java:314)
	at org.openqa.selenium.support.ui.ExpectedConditions.access$000(ExpectedConditions.java:43)
	at org.openqa.selenium.support.ui.ExpectedConditions$10.apply(ExpectedConditions.java:300)
	at org.openqa.selenium.support.ui.ExpectedConditions$10.apply(ExpectedConditions.java:297)
	at org.openqa.selenium.support.ui.FluentWait.until(FluentWait.java:249)
	at org.openqa.selenium.support.ui.Wait$until.call(Unknown Source)
	at com.kms.katalon.core.webui.keyword.builtin.WaitForElementVisibleKeyword$_waitForElementVisible_closure1.doCall(WaitForElementVisibleKeyword.groovy:81)
	at com.kms.katalon.core.webui.keyword.builtin.WaitForElementVisibleKeyword$_waitForElementVisible_closure1.doCall(WaitForElementVisibleKeyword.groovy)
	at com.kms.katalon.core.webui.keyword.internal.WebUIKeywordMain.runKeyword(WebUIKeywordMain.groovy:20)
	at com.kms.katalon.core.webui.keyword.internal.WebUIKeywordMain$runKeyword.call(Unknown Source)
	at com.kms.katalon.core.webui.keyword.builtin.WaitForElementVisibleKeyword.waitForElementVisible(WaitForElementVisibleKeyword.groovy:98)
	at com.kms.katalon.core.webui.keyword.builtin.WaitForElementVisibleKeyword.execute(WaitForElementVisibleKeyword.groovy:68)
	at com.kms.katalon.core.keyword.internal.KeywordExecutor.executeKeywordForPlatform(KeywordExecutor.groovy:74)
	at com.kms.katalon.core.webui.keyword.WebUiBuiltInKeywords.waitForElementVisible(WebUiBuiltInKeywords.groovy:422)
	at com.kms.katalon.core.webui.keyword.WebUiBuiltInKeywords$waitForElementVisible$2.call(Unknown Source)
	at Script1671027879956.run(Script1671027879956.groovy:85)
	... 13 more
)

2023-11-06 11:38:01 - [MESSAGE][WARNING] - Unable to wait for object 'Object Repository/Forms/Origen/input_Nombre' to be visible (Root cause: com.kms.katalon.core.exception.StepFailedException: Unable to wait for object 'Object Repository/Forms/Origen/input_Nombre' to be visible
	at com.kms.katalon.core.webui.keyword.internal.WebUIKeywordMain.stepFailed(WebUIKeywordMain.groovy:64)
	at com.kms.katalon.core.webui.keyword.internal.WebUIKeywordMain.runKeyword(WebUIKeywordMain.groovy:26)
	at com.kms.katalon.core.webui.keyword.internal.WebUIKeywordMain$runKeyword.call(Unknown Source)
	at com.kms.katalon.core.webui.keyword.builtin.WaitForElementVisibleKeyword.waitForElementVisible(WaitForElementVisibleKeyword.groovy:98)
	at com.kms.katalon.core.webui.keyword.builtin.WaitForElementVisibleKeyword.execute(WaitForElementVisibleKeyword.groovy:68)
	at com.kms.katalon.core.keyword.internal.KeywordExecutor.executeKeywordForPlatform(KeywordExecutor.groovy:74)
	at com.kms.katalon.core.webui.keyword.WebUiBuiltInKeywords.waitForElementVisible(WebUiBuiltInKeywords.groovy:422)
	at com.kms.katalon.core.webui.keyword.WebUiBuiltInKeywords$waitForElementVisible$2.call(Unknown Source)
	at 08 - Envio_AntesDeLas13_30.run(08 - Envio_AntesDeLas13_30:85)
	at com.kms.katalon.core.main.ScriptEngine.run(ScriptEngine.java:194)
	at com.kms.katalon.core.main.ScriptEngine.runScriptAsRawText(ScriptEngine.java:119)
	at com.kms.katalon.core.main.TestCaseExecutor.runScript(TestCaseExecutor.java:430)
	at com.kms.katalon.core.main.TestCaseExecutor.doExecute(TestCaseExecutor.java:421)
	at com.kms.katalon.core.main.TestCaseExecutor.processExecutionPhase(TestCaseExecutor.java:400)
	at com.kms.katalon.core.main.TestCaseExecutor.accessMainPhase(TestCaseExecutor.java:392)
	at com.kms.katalon.core.main.TestCaseExecutor.execute(TestCaseExecutor.java:273)
	at com.kms.katalon.core.main.TestSuiteExecutor.accessTestCaseMainPhase(TestSuiteExecutor.java:202)
	at com.kms.katalon.core.main.TestSuiteExecutor.accessTestSuiteMainPhase(TestSuiteExecutor.java:164)
	at com.kms.katalon.core.main.TestSuiteExecutor.execute(TestSuiteExecutor.java:105)
	at com.kms.katalon.core.main.TestCaseMain.startTestSuite(TestCaseMain.java:185)
	at com.kms.katalon.core.main.TestCaseMain$startTestSuite$0.call(Unknown Source)
	at TempTestSuite1699265747342.run(TempTestSuite1699265747342.groovy:36)
Caused by: org.openqa.selenium.ScriptTimeoutException: script timeout
  (Session info: chrome=96.0.4664.45)
Build info: version: '3.141.59', revision: 'e82be7d358', time: '2018-11-14T08:25:53'
System info: host: 'SEU2K19KAT01', ip: '10.240.96.104', os.name: 'Windows Server 2019', os.arch: 'amd64', os.version: '10.0', java.version: '1.8.0_282'
Driver info: com.kms.katalon.selenium.driver.CChromeDriver
Capabilities {acceptInsecureCerts: false, browserName: chrome, browserVersion: 96.0.4664.45, chrome: {chromedriverVersion: 96.0.4664.45 (76e4c1bb2ab46..., userDataDir: C:\Windows\TEMP\scoped_dir1...}, goog:chromeOptions: {debuggerAddress: localhost:15293}, javascriptEnabled: true, networkConnectionEnabled: false, pageLoadStrategy: normal, platform: WINDOWS, platformName: WINDOWS, proxy: Proxy(), setWindowRect: true, strictFileInteractability: false, timeouts: {implicit: 0, pageLoad: 300000, script: 30000}, unhandledPromptBehavior: dismiss and notify, webauthn:extension:credBlob: true, webauthn:extension:largeBlob: true, webauthn:virtualAuthenticators: true}
Session ID: f258dc14be00cdd88be2766cc26a4ebc
	at org.openqa.selenium.remote.http.W3CHttpResponseCodec.createException(W3CHttpResponseCodec.java:187)
	at org.openqa.selenium.remote.http.W3CHttpResponseCodec.decode(W3CHttpResponseCodec.java:122)
	at org.openqa.selenium.remote.http.W3CHttpResponseCodec.decode(W3CHttpResponseCodec.java:49)
	at org.openqa.selenium.remote.HttpCommandExecutor.execute(HttpCommandExecutor.java:158)
	at org.openqa.selenium.remote.service.DriverCommandExecutor.execute(DriverCommandExecutor.java:83)
	at org.openqa.selenium.remote.RemoteWebDriver.execute(RemoteWebDriver.java:552)
	at com.kms.katalon.selenium.driver.CChromeDriver.execute(CChromeDriver.java:19)
	at org.openqa.selenium.remote.RemoteWebElement.execute(RemoteWebElement.java:285)
	at org.openqa.selenium.remote.RemoteWebElement.isDisplayed(RemoteWebElement.java:326)
	at org.openqa.selenium.support.events.EventFiringWebDriver$EventFiringWebElement.lambda$new$0(EventFiringWebDriver.java:404)
	at com.sun.proxy.$Proxy11.isDisplayed(Unknown Source)
	at org.openqa.selenium.support.events.EventFiringWebDriver$EventFiringWebElement.isDisplayed(EventFiringWebDriver.java:470)
	at org.openqa.selenium.support.ui.ExpectedConditions.elementIfVisible(ExpectedConditions.java:314)
	at org.openqa.selenium.support.ui.ExpectedConditions.access$000(ExpectedConditions.java:43)
	at org.openqa.selenium.support.ui.ExpectedConditions$10.apply(ExpectedConditions.java:300)
	at org.openqa.selenium.support.ui.ExpectedConditions$10.apply(ExpectedConditions.java:297)
	at org.openqa.selenium.support.ui.FluentWait.until(FluentWait.java:249)
	at org.openqa.selenium.support.ui.Wait$until.call(Unknown Source)
	at com.kms.katalon.core.webui.keyword.builtin.WaitForElementVisibleKeyword$_waitForElementVisible_closure1.doCall(WaitForElementVisibleKeyword.groovy:81)
	at com.kms.katalon.core.webui.keyword.builtin.WaitForElementVisibleKeyword$_waitForElementVisible_closure1.doCall(WaitForElementVisibleKeyword.groovy)
	at com.kms.katalon.core.webui.keyword.internal.WebUIKeywordMain.runKeyword(WebUIKeywordMain.groovy:20)
	at com.kms.katalon.core.webui.keyword.internal.WebUIKeywordMain$runKeyword.call(Unknown Source)
	at com.kms.katalon.core.webui.keyword.builtin.WaitForElementVisibleKeyword.waitForElementVisible(WaitForElementVisibleKeyword.groovy:98)
	at com.kms.katalon.core.webui.keyword.builtin.WaitForElementVisibleKeyword.execute(WaitForElementVisibleKeyword.groovy:68)
	at com.kms.katalon.core.keyword.internal.KeywordExecutor.executeKeywordForPlatform(KeywordExecutor.groovy:74)
	at com.kms.katalon.core.webui.keyword.WebUiBuiltInKeywords.waitForElementVisible(WebUiBuiltInKeywords.groovy:422)
	at com.kms.katalon.core.webui.keyword.WebUiBuiltInKeywords$waitForElementVisible$2.call(Unknown Source)
	at Script1671027879956.run(Script1671027879956.groovy:85)
	... 13 more
)
[[ATTACHMENT|C:\\Jenkins\\workspace\\Katalon_WebRecogidas_PRO\\Reports\\20231106_111546\\TS_Envios_PRO\\20231106_111547\\1699267081578.png]]

2023-11-06 11:38:01 - [TEST_STEP][PASSED] - waitForElementClickable(findTestObject("Forms/Origen/input_Nombre"), 60, OPTIONAL): Object 'Object Repository/Forms/Origen/input_Nombre' is clickable

2023-11-06 11:38:01 - [MESSAGE][PASSED] - Object 'Object Repository/Forms/Origen/input_Nombre' is clickable

2023-11-06 11:38:01 - [TEST_STEP][FAILED] - setText(findTestObject("Forms/Origen/input_Nombre"), nombreRem, STOP_ON_FAILURE): Unable to set text 'Paco' of object 'Object Repository/Forms/Origen/input_Nombre' (Root cause: com.kms.katalon.core.exception.StepFailedException: Unable to set text 'Paco' of object 'Object Repository/Forms/Origen/input_Nombre'
	at com.kms.katalon.core.webui.keyword.internal.WebUIKeywordMain.stepFailed(WebUIKeywordMain.groovy:64)
	at com.kms.katalon.core.webui.keyword.internal.WebUIKeywordMain.runKeyword(WebUIKeywordMain.groovy:26)
	at com.kms.katalon.core.webui.keyword.builtin.SetTextKeyword.setText(SetTextKeyword.groovy:66)
	at com.kms.katalon.core.webui.keyword.builtin.SetTextKeyword.execute(SetTextKeyword.groovy:37)
	at com.kms.katalon.core.keyword.internal.KeywordExecutor.executeKeywordForPlatform(KeywordExecutor.groovy:74)
	at com.kms.katalon.core.webui.keyword.WebUiBuiltInKeywords.setText(WebUiBuiltInKeywords.groovy:966)
	at com.kms.katalon.core.webui.keyword.WebUiBuiltInKeywords$setText$5.call(Unknown Source)
	at 08 - Envio_AntesDeLas13_30.run(08 - Envio_AntesDeLas13_30:87)
	at com.kms.katalon.core.main.ScriptEngine.run(ScriptEngine.java:194)
	at com.kms.katalon.core.main.ScriptEngine.runScriptAsRawText(ScriptEngine.java:119)
	at com.kms.katalon.core.main.TestCaseExecutor.runScript(TestCaseExecutor.java:430)
	at com.kms.katalon.core.main.TestCaseExecutor.doExecute(TestCaseExecutor.java:421)
	at com.kms.katalon.core.main.TestCaseExecutor.processExecutionPhase(TestCaseExecutor.java:400)
	at com.kms.katalon.core.main.TestCaseExecutor.accessMainPhase(TestCaseExecutor.java:392)
	at com.kms.katalon.core.main.TestCaseExecutor.execute(TestCaseExecutor.java:273)
	at com.kms.katalon.core.main.TestSuiteExecutor.accessTestCaseMainPhase(TestSuiteExecutor.java:202)
	at com.kms.katalon.core.main.TestSuiteExecutor.accessTestSuiteMainPhase(TestSuiteExecutor.java:164)
	at com.kms.katalon.core.main.TestSuiteExecutor.execute(TestSuiteExecutor.java:105)
	at com.kms.katalon.core.main.TestCaseMain.startTestSuite(TestCaseMain.java:185)
	at com.kms.katalon.core.main.TestCaseMain$startTestSuite$0.call(Unknown Source)
	at TempTestSuite1699265747342.run(TempTestSuite1699265747342.groovy:36)
Caused by: org.openqa.selenium.ElementNotInteractableException: element not interactable
  (Session info: chrome=96.0.4664.45)
Build info: version: '3.141.59', revision: 'e82be7d358', time: '2018-11-14T08:25:53'
System info: host: 'SEU2K19KAT01', ip: '10.240.96.104', os.name: 'Windows Server 2019', os.arch: 'amd64', os.version: '10.0', java.version: '1.8.0_282'
Driver info: com.kms.katalon.selenium.driver.CChromeDriver
Capabilities {acceptInsecureCerts: false, browserName: chrome, browserVersion: 96.0.4664.45, chrome: {chromedriverVersion: 96.0.4664.45 (76e4c1bb2ab46..., userDataDir: C:\Windows\TEMP\scoped_dir1...}, goog:chromeOptions: {debuggerAddress: localhost:15293}, javascriptEnabled: true, networkConnectionEnabled: false, pageLoadStrategy: normal, platform: WINDOWS, platformName: WINDOWS, proxy: Proxy(), setWindowRect: true, strictFileInteractability: false, timeouts: {implicit: 0, pageLoad: 300000, script: 30000}, unhandledPromptBehavior: dismiss and notify, webauthn:extension:credBlob: true, webauthn:extension:largeBlob: true, webauthn:virtualAuthenticators: true}
Session ID: f258dc14be00cdd88be2766cc26a4ebc
	at org.openqa.selenium.remote.http.W3CHttpResponseCodec.createException(W3CHttpResponseCodec.java:187)
	at org.openqa.selenium.remote.http.W3CHttpResponseCodec.decode(W3CHttpResponseCodec.java:122)
	at org.openqa.selenium.remote.http.W3CHttpResponseCodec.decode(W3CHttpResponseCodec.java:49)
	at org.openqa.selenium.remote.HttpCommandExecutor.execute(HttpCommandExecutor.java:158)
	at org.openqa.selenium.remote.service.DriverCommandExecutor.execute(DriverCommandExecutor.java:83)
	at org.openqa.selenium.remote.RemoteWebDriver.execute(RemoteWebDriver.java:552)
	at com.kms.katalon.selenium.driver.CChromeDriver.execute(CChromeDriver.java:19)
	at org.openqa.selenium.remote.RemoteWebElement.execute(RemoteWebElement.java:285)
	at org.openqa.selenium.remote.RemoteWebElement.clear(RemoteWebElement.java:124)
	at org.openqa.selenium.support.events.EventFiringWebDriver$EventFiringWebElement.lambda$new$0(EventFiringWebDriver.java:404)
	at com.sun.proxy.$Proxy11.clear(Unknown Source)
	at org.openqa.selenium.support.events.EventFiringWebDriver$EventFiringWebElement.clear(EventFiringWebDriver.java:436)
	at com.kms.katalon.core.webui.keyword.builtin.SetTextKeyword$_setText_closure1.doCall(SetTextKeyword.groovy:53)
	at com.kms.katalon.core.webui.keyword.builtin.SetTextKeyword$_setText_closure1.call(SetTextKeyword.groovy)
	at com.kms.katalon.core.webui.keyword.internal.WebUIKeywordMain.runKeyword(WebUIKeywordMain.groovy:20)
	at com.kms.katalon.core.webui.keyword.builtin.SetTextKeyword.setText(SetTextKeyword.groovy:66)
	at com.kms.katalon.core.webui.keyword.builtin.SetTextKeyword.execute(SetTextKeyword.groovy:37)
	at com.kms.katalon.core.keyword.internal.KeywordExecutor.executeKeywordForPlatform(KeywordExecutor.groovy:74)
	at com.kms.katalon.core.webui.keyword.WebUiBuiltInKeywords.setText(WebUiBuiltInKeywords.groovy:966)
	at com.kms.katalon.core.webui.keyword.WebUiBuiltInKeywords$setText$5.call(Unknown Source)
	at Script1671027879956.run(Script1671027879956.groovy:87)
	... 13 more
)

2023-11-06 11:38:02 - [MESSAGE][FAILED] - Unable to set text 'Paco' of object 'Object Repository/Forms/Origen/input_Nombre' (Root cause: com.kms.katalon.core.exception.StepFailedException: Unable to set text 'Paco' of object 'Object Repository/Forms/Origen/input_Nombre'
	at com.kms.katalon.core.webui.keyword.internal.WebUIKeywordMain.stepFailed(WebUIKeywordMain.groovy:64)
	at com.kms.katalon.core.webui.keyword.internal.WebUIKeywordMain.runKeyword(WebUIKeywordMain.groovy:26)
	at com.kms.katalon.core.webui.keyword.builtin.SetTextKeyword.setText(SetTextKeyword.groovy:66)
	at com.kms.katalon.core.webui.keyword.builtin.SetTextKeyword.execute(SetTextKeyword.groovy:37)
	at com.kms.katalon.core.keyword.internal.KeywordExecutor.executeKeywordForPlatform(KeywordExecutor.groovy:74)
	at com.kms.katalon.core.webui.keyword.WebUiBuiltInKeywords.setText(WebUiBuiltInKeywords.groovy:966)
	at com.kms.katalon.core.webui.keyword.WebUiBuiltInKeywords$setText$5.call(Unknown Source)
	at 08 - Envio_AntesDeLas13_30.run(08 - Envio_AntesDeLas13_30:87)
	at com.kms.katalon.core.main.ScriptEngine.run(ScriptEngine.java:194)
	at com.kms.katalon.core.main.ScriptEngine.runScriptAsRawText(ScriptEngine.java:119)
	at com.kms.katalon.core.main.TestCaseExecutor.runScript(TestCaseExecutor.java:430)
	at com.kms.katalon.core.main.TestCaseExecutor.doExecute(TestCaseExecutor.java:421)
	at com.kms.katalon.core.main.TestCaseExecutor.processExecutionPhase(TestCaseExecutor.java:400)
	at com.kms.katalon.core.main.TestCaseExecutor.accessMainPhase(TestCaseExecutor.java:392)
	at com.kms.katalon.core.main.TestCaseExecutor.execute(TestCaseExecutor.java:273)
	at com.kms.katalon.core.main.TestSuiteExecutor.accessTestCaseMainPhase(TestSuiteExecutor.java:202)
	at com.kms.katalon.core.main.TestSuiteExecutor.accessTestSuiteMainPhase(TestSuiteExecutor.java:164)
	at com.kms.katalon.core.main.TestSuiteExecutor.execute(TestSuiteExecutor.java:105)
	at com.kms.katalon.core.main.TestCaseMain.startTestSuite(TestCaseMain.java:185)
	at com.kms.katalon.core.main.TestCaseMain$startTestSuite$0.call(Unknown Source)
	at TempTestSuite1699265747342.run(TempTestSuite1699265747342.groovy:36)
Caused by: org.openqa.selenium.ElementNotInteractableException: element not interactable
  (Session info: chrome=96.0.4664.45)
Build info: version: '3.141.59', revision: 'e82be7d358', time: '2018-11-14T08:25:53'
System info: host: 'SEU2K19KAT01', ip: '10.240.96.104', os.name: 'Windows Server 2019', os.arch: 'amd64', os.version: '10.0', java.version: '1.8.0_282'
Driver info: com.kms.katalon.selenium.driver.CChromeDriver
Capabilities {acceptInsecureCerts: false, browserName: chrome, browserVersion: 96.0.4664.45, chrome: {chromedriverVersion: 96.0.4664.45 (76e4c1bb2ab46..., userDataDir: C:\Windows\TEMP\scoped_dir1...}, goog:chromeOptions: {debuggerAddress: localhost:15293}, javascriptEnabled: true, networkConnectionEnabled: false, pageLoadStrategy: normal, platform: WINDOWS, platformName: WINDOWS, proxy: Proxy(), setWindowRect: true, strictFileInteractability: false, timeouts: {implicit: 0, pageLoad: 300000, script: 30000}, unhandledPromptBehavior: dismiss and notify, webauthn:extension:credBlob: true, webauthn:extension:largeBlob: true, webauthn:virtualAuthenticators: true}
Session ID: f258dc14be00cdd88be2766cc26a4ebc
	at org.openqa.selenium.remote.http.W3CHttpResponseCodec.createException(W3CHttpResponseCodec.java:187)
	at org.openqa.selenium.remote.http.W3CHttpResponseCodec.decode(W3CHttpResponseCodec.java:122)
	at org.openqa.selenium.remote.http.W3CHttpResponseCodec.decode(W3CHttpResponseCodec.java:49)
	at org.openqa.selenium.remote.HttpCommandExecutor.execute(HttpCommandExecutor.java:158)
	at org.openqa.selenium.remote.service.DriverCommandExecutor.execute(DriverCommandExecutor.java:83)
	at org.openqa.selenium.remote.RemoteWebDriver.execute(RemoteWebDriver.java:552)
	at com.kms.katalon.selenium.driver.CChromeDriver.execute(CChromeDriver.java:19)
	at org.openqa.selenium.remote.RemoteWebElement.execute(RemoteWebElement.java:285)
	at org.openqa.selenium.remote.RemoteWebElement.clear(RemoteWebElement.java:124)
	at org.openqa.selenium.support.events.EventFiringWebDriver$EventFiringWebElement.lambda$new$0(EventFiringWebDriver.java:404)
	at com.sun.proxy.$Proxy11.clear(Unknown Source)
	at org.openqa.selenium.support.events.EventFiringWebDriver$EventFiringWebElement.clear(EventFiringWebDriver.java:436)
	at com.kms.katalon.core.webui.keyword.builtin.SetTextKeyword$_setText_closure1.doCall(SetTextKeyword.groovy:53)
	at com.kms.katalon.core.webui.keyword.builtin.SetTextKeyword$_setText_closure1.call(SetTextKeyword.groovy)
	at com.kms.katalon.core.webui.keyword.internal.WebUIKeywordMain.runKeyword(WebUIKeywordMain.groovy:20)
	at com.kms.katalon.core.webui.keyword.builtin.SetTextKeyword.setText(SetTextKeyword.groovy:66)
	at com.kms.katalon.core.webui.keyword.builtin.SetTextKeyword.execute(SetTextKeyword.groovy:37)
	at com.kms.katalon.core.keyword.internal.KeywordExecutor.executeKeywordForPlatform(KeywordExecutor.groovy:74)
	at com.kms.katalon.core.webui.keyword.WebUiBuiltInKeywords.setText(WebUiBuiltInKeywords.groovy:966)
	at com.kms.katalon.core.webui.keyword.WebUiBuiltInKeywords$setText$5.call(Unknown Source)
	at Script1671027879956.run(Script1671027879956.groovy:87)
	... 13 more
)
[[ATTACHMENT|C:\\Jenkins\\workspace\\Katalon_WebRecogidas_PRO\\Reports\\20231106_111546\\TS_Envios_PRO\\20231106_111547\\1699267082234.png]]

2023-11-06 11:38:02 - [TEST_STEP][FAILED] - catch (Exception e): Recogidas / 08 - Envio antes de las 13.30

2023-11-06 11:38:02 - [TEST_STEP][PASSED] - e.printStackTrace(): null

2023-11-06 11:38:02 - [TEST_STEP][FAILED] - markFailed("Recogidas / 08 - Envio antes de las 13.30"): Recogidas / 08 - Envio antes de las 13.30

2023-11-06 11:38:02 - [MESSAGE][FAILED] - Recogidas / 08 - Envio antes de las 13.30

2023-11-06 11:38:02 - [TEST_STEP][PASSED] - Finally: Browser is closed

2023-11-06 11:38:02 - [TEST_STEP][PASSED] - closeBrowser(): Browser is closed

2023-11-06 11:38:03 - [MESSAGE][PASSED] - Browser is closed]]></system-out>
         <system-err><![CDATA[2023-11-06 11:34:50 - [TEST_CASE][FAILED] - Test Cases/Scripts_PRO/08 - Envio_AntesDeLas13_30: Test Cases/Scripts_PRO/08 - Envio_AntesDeLas13_30 FAILED.
Reason:
com.kms.katalon.core.exception.StepFailedException: Recogidas / 08 - Envio antes de las 13.30
	at com.kms.katalon.core.util.KeywordUtil.markFailed(KeywordUtil.java:19)
	at com.kms.katalon.core.util.KeywordUtil$markFailed.call(Unknown Source)
	at 08 - Envio_AntesDeLas13_30.run(08 - Envio_AntesDeLas13_30:181)
	at com.kms.katalon.core.main.ScriptEngine.run(ScriptEngine.java:194)
	at com.kms.katalon.core.main.ScriptEngine.runScriptAsRawText(ScriptEngine.java:119)
	at com.kms.katalon.core.main.TestCaseExecutor.runScript(TestCaseExecutor.java:430)
	at com.kms.katalon.core.main.TestCaseExecutor.doExecute(TestCaseExecutor.java:421)
	at com.kms.katalon.core.main.TestCaseExecutor.processExecutionPhase(TestCaseExecutor.java:400)
	at com.kms.katalon.core.main.TestCaseExecutor.accessMainPhase(TestCaseExecutor.java:392)
	at com.kms.katalon.core.main.TestCaseExecutor.execute(TestCaseExecutor.java:273)
	at com.kms.katalon.core.main.TestSuiteExecutor.accessTestCaseMainPhase(TestSuiteExecutor.java:202)
	at com.kms.katalon.core.main.TestSuiteExecutor.accessTestSuiteMainPhase(TestSuiteExecutor.java:164)
	at com.kms.katalon.core.main.TestSuiteExecutor.execute(TestSuiteExecutor.java:105)
	at com.kms.katalon.core.main.TestCaseMain.startTestSuite(TestCaseMain.java:185)
	at com.kms.katalon.core.main.TestCaseMain$startTestSuite$0.call(Unknown Source)
	at TempTestSuite1699265747342.run(TempTestSuite1699265747342.groovy:36)]]></system-err>
      </testcase>
      <testcase name="Test Cases/Scripts_PRO/09 - Envio_EnvioAduanero" time="203.213" classname="Test Cases/Scripts_PRO/09 - Envio_EnvioAduanero" status="FAILED">
         <failure type="FAILED" message="Test Cases/Scripts_PRO/09 - Envio_EnvioAduanero FAILED.
Reason:
com.kms.katalon.core.exception.StepFailedException: Recogidas / 09 - Envio aduanero
	at com.kms.katalon.core.util.KeywordUtil.markFailed(KeywordUtil.java:19)
	at com.kms.katalon.core.util.KeywordUtil$markFailed.call(Unknown Source)
	at 09 - Envio_EnvioAduanero.run(09 - Envio_EnvioAduanero:196)
	at com.kms.katalon.core.main.ScriptEngine.run(ScriptEngine.java:194)
	at com.kms.katalon.core.main.ScriptEngine.runScriptAsRawText(ScriptEngine.java:119)
	at com.kms.katalon.core.main.TestCaseExecutor.runScript(TestCaseExecutor.java:430)
	at com.kms.katalon.core.main.TestCaseExecutor.doExecute(TestCaseExecutor.java:421)
	at com.kms.katalon.core.main.TestCaseExecutor.processExecutionPhase(TestCaseExecutor.java:400)
	at com.kms.katalon.core.main.TestCaseExecutor.accessMainPhase(TestCaseExecutor.java:392)
	at com.kms.katalon.core.main.TestCaseExecutor.execute(TestCaseExecutor.java:273)
	at com.kms.katalon.core.main.TestSuiteExecutor.accessTestCaseMainPhase(TestSuiteExecutor.java:202)
	at com.kms.katalon.core.main.TestSuiteExecutor.accessTestSuiteMainPhase(TestSuiteExecutor.java:164)
	at com.kms.katalon.core.main.TestSuiteExecutor.execute(TestSuiteExecutor.java:105)
	at com.kms.katalon.core.main.TestCaseMain.startTestSuite(TestCaseMain.java:185)
	at com.kms.katalon.core.main.TestCaseMain$startTestSuite$0.call(Unknown Source)
	at TempTestSuite1699265747342.run(TempTestSuite1699265747342.groovy:36)
"/>
         <system-out><![CDATA[2023-11-06 11:38:03 - [TEST_CASE][FAILED] - Test Cases/Scripts_PRO/09 - Envio_EnvioAduanero: Test Cases/Scripts_PRO/09 - Envio_EnvioAduanero FAILED.
Reason:
com.kms.katalon.core.exception.StepFailedException: Recogidas / 09 - Envio aduanero
	at com.kms.katalon.core.util.KeywordUtil.markFailed(KeywordUtil.java:19)
	at com.kms.katalon.core.util.KeywordUtil$markFailed.call(Unknown Source)
	at 09 - Envio_EnvioAduanero.run(09 - Envio_EnvioAduanero:196)
	at com.kms.katalon.core.main.ScriptEngine.run(ScriptEngine.java:194)
	at com.kms.katalon.core.main.ScriptEngine.runScriptAsRawText(ScriptEngine.java:119)
	at com.kms.katalon.core.main.TestCaseExecutor.runScript(TestCaseExecutor.java:430)
	at com.kms.katalon.core.main.TestCaseExecutor.doExecute(TestCaseExecutor.java:421)
	at com.kms.katalon.core.main.TestCaseExecutor.processExecutionPhase(TestCaseExecutor.java:400)
	at com.kms.katalon.core.main.TestCaseExecutor.accessMainPhase(TestCaseExecutor.java:392)
	at com.kms.katalon.core.main.TestCaseExecutor.execute(TestCaseExecutor.java:273)
	at com.kms.katalon.core.main.TestSuiteExecutor.accessTestCaseMainPhase(TestSuiteExecutor.java:202)
	at com.kms.katalon.core.main.TestSuiteExecutor.accessTestSuiteMainPhase(TestSuiteExecutor.java:164)
	at com.kms.katalon.core.main.TestSuiteExecutor.execute(TestSuiteExecutor.java:105)
	at com.kms.katalon.core.main.TestCaseMain.startTestSuite(TestCaseMain.java:185)
	at com.kms.katalon.core.main.TestCaseMain$startTestSuite$0.call(Unknown Source)
	at TempTestSuite1699265747342.run(TempTestSuite1699265747342.groovy:36)


2023-11-06 11:38:03 - [TEST_STEP][PASSED] - setWebDriverPreferencesProperty("args", ["window-size=1920,1080"]): null

2023-11-06 11:38:03 - [TEST_STEP][FAILED] - try: Unable to set text 'Pedro' of object 'Object Repository/Forms/Origen/input_Nombre' (Root cause: com.kms.katalon.core.exception.StepFailedException: Unable to set text 'Pedro' of object 'Object Repository/Forms/Origen/input_Nombre'
	at com.kms.katalon.core.webui.keyword.internal.WebUIKeywordMain.stepFailed(WebUIKeywordMain.groovy:64)
	at com.kms.katalon.core.webui.keyword.internal.WebUIKeywordMain.runKeyword(WebUIKeywordMain.groovy:26)
	at com.kms.katalon.core.webui.keyword.builtin.SetTextKeyword.setText(SetTextKeyword.groovy:66)
	at com.kms.katalon.core.webui.keyword.builtin.SetTextKeyword.execute(SetTextKeyword.groovy:37)
	at com.kms.katalon.core.keyword.internal.KeywordExecutor.executeKeywordForPlatform(KeywordExecutor.groovy:74)
	at com.kms.katalon.core.webui.keyword.WebUiBuiltInKeywords.setText(WebUiBuiltInKeywords.groovy:966)
	at com.kms.katalon.core.webui.keyword.WebUiBuiltInKeywords$setText$5.call(Unknown Source)
	at 09 - Envio_EnvioAduanero.run(09 - Envio_EnvioAduanero:88)
	at com.kms.katalon.core.main.ScriptEngine.run(ScriptEngine.java:194)
	at com.kms.katalon.core.main.ScriptEngine.runScriptAsRawText(ScriptEngine.java:119)
	at com.kms.katalon.core.main.TestCaseExecutor.runScript(TestCaseExecutor.java:430)
	at com.kms.katalon.core.main.TestCaseExecutor.doExecute(TestCaseExecutor.java:421)
	at com.kms.katalon.core.main.TestCaseExecutor.processExecutionPhase(TestCaseExecutor.java:400)
	at com.kms.katalon.core.main.TestCaseExecutor.accessMainPhase(TestCaseExecutor.java:392)
	at com.kms.katalon.core.main.TestCaseExecutor.execute(TestCaseExecutor.java:273)
	at com.kms.katalon.core.main.TestSuiteExecutor.accessTestCaseMainPhase(TestSuiteExecutor.java:202)
	at com.kms.katalon.core.main.TestSuiteExecutor.accessTestSuiteMainPhase(TestSuiteExecutor.java:164)
	at com.kms.katalon.core.main.TestSuiteExecutor.execute(TestSuiteExecutor.java:105)
	at com.kms.katalon.core.main.TestCaseMain.startTestSuite(TestCaseMain.java:185)
	at com.kms.katalon.core.main.TestCaseMain$startTestSuite$0.call(Unknown Source)
	at TempTestSuite1699265747342.run(TempTestSuite1699265747342.groovy:36)
Caused by: org.openqa.selenium.ElementNotInteractableException: element not interactable
  (Session info: chrome=96.0.4664.45)
Build info: version: '3.141.59', revision: 'e82be7d358', time: '2018-11-14T08:25:53'
System info: host: 'SEU2K19KAT01', ip: '10.240.96.104', os.name: 'Windows Server 2019', os.arch: 'amd64', os.version: '10.0', java.version: '1.8.0_282'
Driver info: com.kms.katalon.selenium.driver.CChromeDriver
Capabilities {acceptInsecureCerts: false, browserName: chrome, browserVersion: 96.0.4664.45, chrome: {chromedriverVersion: 96.0.4664.45 (76e4c1bb2ab46..., userDataDir: C:\Windows\TEMP\scoped_dir2...}, goog:chromeOptions: {debuggerAddress: localhost:15400}, javascriptEnabled: true, networkConnectionEnabled: false, pageLoadStrategy: normal, platform: WINDOWS, platformName: WINDOWS, proxy: Proxy(), setWindowRect: true, strictFileInteractability: false, timeouts: {implicit: 0, pageLoad: 300000, script: 30000}, unhandledPromptBehavior: dismiss and notify, webauthn:extension:credBlob: true, webauthn:extension:largeBlob: true, webauthn:virtualAuthenticators: true}
Session ID: 1b493ae9206a53ec57e7b04de3f3ac03
	at org.openqa.selenium.remote.http.W3CHttpResponseCodec.createException(W3CHttpResponseCodec.java:187)
	at org.openqa.selenium.remote.http.W3CHttpResponseCodec.decode(W3CHttpResponseCodec.java:122)
	at org.openqa.selenium.remote.http.W3CHttpResponseCodec.decode(W3CHttpResponseCodec.java:49)
	at org.openqa.selenium.remote.HttpCommandExecutor.execute(HttpCommandExecutor.java:158)
	at org.openqa.selenium.remote.service.DriverCommandExecutor.execute(DriverCommandExecutor.java:83)
	at org.openqa.selenium.remote.RemoteWebDriver.execute(RemoteWebDriver.java:552)
	at com.kms.katalon.selenium.driver.CChromeDriver.execute(CChromeDriver.java:19)
	at org.openqa.selenium.remote.RemoteWebElement.execute(RemoteWebElement.java:285)
	at org.openqa.selenium.remote.RemoteWebElement.clear(RemoteWebElement.java:124)
	at org.openqa.selenium.support.events.EventFiringWebDriver$EventFiringWebElement.lambda$new$0(EventFiringWebDriver.java:404)
	at com.sun.proxy.$Proxy11.clear(Unknown Source)
	at org.openqa.selenium.support.events.EventFiringWebDriver$EventFiringWebElement.clear(EventFiringWebDriver.java:436)
	at com.kms.katalon.core.webui.keyword.builtin.SetTextKeyword$_setText_closure1.doCall(SetTextKeyword.groovy:53)
	at com.kms.katalon.core.webui.keyword.builtin.SetTextKeyword$_setText_closure1.call(SetTextKeyword.groovy)
	at com.kms.katalon.core.webui.keyword.internal.WebUIKeywordMain.runKeyword(WebUIKeywordMain.groovy:20)
	at com.kms.katalon.core.webui.keyword.builtin.SetTextKeyword.setText(SetTextKeyword.groovy:66)
	at com.kms.katalon.core.webui.keyword.builtin.SetTextKeyword.execute(SetTextKeyword.groovy:37)
	at com.kms.katalon.core.keyword.internal.KeywordExecutor.executeKeywordForPlatform(KeywordExecutor.groovy:74)
	at com.kms.katalon.core.webui.keyword.WebUiBuiltInKeywords.setText(WebUiBuiltInKeywords.groovy:966)
	at com.kms.katalon.core.webui.keyword.WebUiBuiltInKeywords$setText$5.call(Unknown Source)
	at Script1671027890583.run(Script1671027890583.groovy:88)
	... 13 more
)

2023-11-06 11:38:03 - [TEST_STEP][PASSED] - openBrowser(""): Browser is opened with url: ''

2023-11-06 11:38:03 - [MESSAGE][INFO] - Starting 'Chrome' driver

2023-11-06 11:38:03 - [MESSAGE][INFO] - User set preference: ['args', '[window-size=1920,1080]']

2023-11-06 11:38:03 - [MESSAGE][INFO] - Action delay is set to 0 milliseconds

2023-11-06 11:38:05 - [MESSAGE][PASSED] - Browser is opened with url: ''

2023-11-06 11:38:05 - [TEST_STEP][PASSED] - maximizeWindow(): Current window maximized

2023-11-06 11:38:05 - [MESSAGE][PASSED] - Current window maximized

2023-11-06 11:38:05 - [TEST_STEP][PASSED] - navigateToUrl("https://seur.com/envio-online2/new-shipping"): Navigate to 'https://seur.com/envio-online2/new-shipping' successfully

2023-11-06 11:38:49 - [MESSAGE][PASSED] - Navigate to 'https://seur.com/envio-online2/new-shipping' successfully

2023-11-06 11:38:49 - [TEST_STEP][PASSED] - delay(30): Delayed 30 second(s)

2023-11-06 11:39:19 - [MESSAGE][PASSED] - Delayed 30 second(s)

2023-11-06 11:39:19 - [TEST_STEP][PASSED] - waitForElementVisible(findTestObject("Object Repository/Log_In_Elements/button_Aceptar_Cookis"), 60, OPTIONAL): Object 'Object Repository/Log_In_Elements/button_Aceptar_Cookis' is visible

2023-11-06 11:39:19 - [MESSAGE][PASSED] - Object 'Object Repository/Log_In_Elements/button_Aceptar_Cookis' is visible

2023-11-06 11:39:19 - [TEST_STEP][PASSED] - waitForElementClickable(findTestObject("Object Repository/Log_In_Elements/button_Aceptar_Cookis"), 60, OPTIONAL): Object 'Object Repository/Log_In_Elements/button_Aceptar_Cookis' is clickable

2023-11-06 11:39:20 - [MESSAGE][PASSED] - Object 'Object Repository/Log_In_Elements/button_Aceptar_Cookis' is clickable

2023-11-06 11:39:20 - [TEST_STEP][PASSED] - click(findTestObject("Object Repository/Log_In_Elements/button_Aceptar_Cookis"), STOP_ON_FAILURE): Object: 'Object Repository/Log_In_Elements/button_Aceptar_Cookis' is clicked on

2023-11-06 11:39:20 - [MESSAGE][PASSED] - Object: 'Object Repository/Log_In_Elements/button_Aceptar_Cookis' is clicked on

2023-11-06 11:39:20 - [TEST_STEP][PASSED] - delay(5): Delayed 5 second(s)

2023-11-06 11:39:25 - [MESSAGE][PASSED] - Delayed 5 second(s)

2023-11-06 11:39:25 - [TEST_STEP][PASSED] - waitForElementVisible(findTestObject("Object Repository/Log_In_Elements/button_Siguiente"), 60, OPTIONAL): Object 'Object Repository/Log_In_Elements/button_Siguiente' is visible

2023-11-06 11:39:55 - [MESSAGE][PASSED] - Object 'Object Repository/Log_In_Elements/button_Siguiente' is visible

2023-11-06 11:39:55 - [TEST_STEP][PASSED] - waitForElementClickable(findTestObject("Object Repository/Log_In_Elements/button_Siguiente"), 60, OPTIONAL): Object 'Object Repository/Log_In_Elements/button_Siguiente' is clickable

2023-11-06 11:40:02 - [MESSAGE][PASSED] - Object 'Object Repository/Log_In_Elements/button_Siguiente' is clickable

2023-11-06 11:40:02 - [TEST_STEP][PASSED] - click(findTestObject("Object Repository/Log_In_Elements/button_Siguiente"), STOP_ON_FAILURE): Object: 'Object Repository/Log_In_Elements/button_Siguiente' is clicked on

2023-11-06 11:40:02 - [MESSAGE][PASSED] - Object: 'Object Repository/Log_In_Elements/button_Siguiente' is clicked on

2023-11-06 11:40:02 - [TEST_STEP][PASSED] - delay(5): Delayed 5 second(s)

2023-11-06 11:40:07 - [MESSAGE][PASSED] - Delayed 5 second(s)

2023-11-06 11:40:07 - [TEST_STEP][PASSED] - waitForElementVisible(findTestObject("Object Repository/Origen_Destino_Paquetes/input_Origen"), 60, OPTIONAL): Object 'Object Repository/Origen_Destino_Paquetes/input_Origen' is visible

2023-11-06 11:40:08 - [MESSAGE][PASSED] - Object 'Object Repository/Origen_Destino_Paquetes/input_Origen' is visible

2023-11-06 11:40:08 - [TEST_STEP][PASSED] - waitForElementClickable(findTestObject("Object Repository/Origen_Destino_Paquetes/input_Origen"), 60, OPTIONAL): Object 'Object Repository/Origen_Destino_Paquetes/input_Origen' is clickable

2023-11-06 11:40:08 - [MESSAGE][PASSED] - Object 'Object Repository/Origen_Destino_Paquetes/input_Origen' is clickable

2023-11-06 11:40:08 - [TEST_STEP][PASSED] - setText(findTestObject("Object Repository/Origen_Destino_Paquetes/input_Origen"), codPostalRem, STOP_ON_FAILURE): Text '29700' is set on object 'Object Repository/Origen_Destino_Paquetes/input_Origen'

2023-11-06 11:40:09 - [MESSAGE][PASSED] - Text '29700' is set on object 'Object Repository/Origen_Destino_Paquetes/input_Origen'

2023-11-06 11:40:09 - [TEST_STEP][PASSED] - delay(2): Delayed 2 second(s)

2023-11-06 11:40:11 - [MESSAGE][PASSED] - Delayed 2 second(s)

2023-11-06 11:40:11 - [TEST_STEP][PASSED] - waitForElementVisible(findTestObject("Origen_Destino_Paquetes/span_29700 - VELEZ-MALAGA"), 60, OPTIONAL): Object 'Object Repository/Origen_Destino_Paquetes/span_29700 - VELEZ-MALAGA' is visible

2023-11-06 11:40:11 - [MESSAGE][PASSED] - Object 'Object Repository/Origen_Destino_Paquetes/span_29700 - VELEZ-MALAGA' is visible

2023-11-06 11:40:11 - [TEST_STEP][PASSED] - waitForElementClickable(findTestObject("Origen_Destino_Paquetes/span_29700 - VELEZ-MALAGA"), 60, OPTIONAL): Object 'Object Repository/Origen_Destino_Paquetes/span_29700 - VELEZ-MALAGA' is clickable

2023-11-06 11:40:11 - [MESSAGE][PASSED] - Object 'Object Repository/Origen_Destino_Paquetes/span_29700 - VELEZ-MALAGA' is clickable

2023-11-06 11:40:11 - [TEST_STEP][PASSED] - click(findTestObject("Origen_Destino_Paquetes/span_29700 - VELEZ-MALAGA"), STOP_ON_FAILURE): Object: 'Object Repository/Origen_Destino_Paquetes/span_29700 - VELEZ-MALAGA' is clicked on

2023-11-06 11:40:11 - [MESSAGE][PASSED] - Object: 'Object Repository/Origen_Destino_Paquetes/span_29700 - VELEZ-MALAGA' is clicked on

2023-11-06 11:40:11 - [TEST_STEP][PASSED] - waitForElementVisible(findTestObject("Origen_Destino_Paquetes/input_Destino"), 60, OPTIONAL): Object 'Object Repository/Origen_Destino_Paquetes/input_Destino' is visible

2023-11-06 11:40:12 - [MESSAGE][PASSED] - Object 'Object Repository/Origen_Destino_Paquetes/input_Destino' is visible

2023-11-06 11:40:12 - [TEST_STEP][PASSED] - waitForElementClickable(findTestObject("Origen_Destino_Paquetes/input_Destino"), 60, OPTIONAL): Object 'Object Repository/Origen_Destino_Paquetes/input_Destino' is clickable

2023-11-06 11:40:12 - [MESSAGE][PASSED] - Object 'Object Repository/Origen_Destino_Paquetes/input_Destino' is clickable

2023-11-06 11:40:12 - [TEST_STEP][PASSED] - setText(findTestObject("Origen_Destino_Paquetes/input_Destino"), codPostalDes, STOP_ON_FAILURE): Text '35230' is set on object 'Object Repository/Origen_Destino_Paquetes/input_Destino'

2023-11-06 11:40:13 - [MESSAGE][PASSED] - Text '35230' is set on object 'Object Repository/Origen_Destino_Paquetes/input_Destino'

2023-11-06 11:40:13 - [TEST_STEP][PASSED] - delay(13): Delayed 13 second(s)

2023-11-06 11:40:26 - [MESSAGE][PASSED] - Delayed 13 second(s)

2023-11-06 11:40:26 - [TEST_STEP][PASSED] - waitForElementVisible(findTestObject("Object Repository/Seur_Aduanero/span_35230 - AEROPUERTO DE GRAN CANARIA"), 60, OPTIONAL): Object 'Object Repository/Seur_Aduanero/span_35230 - AEROPUERTO DE GRAN CANARIA' is visible

2023-11-06 11:40:26 - [MESSAGE][PASSED] - Object 'Object Repository/Seur_Aduanero/span_35230 - AEROPUERTO DE GRAN CANARIA' is visible

2023-11-06 11:40:26 - [TEST_STEP][PASSED] - waitForElementClickable(findTestObject("Object Repository/Seur_Aduanero/span_35230 - AEROPUERTO DE GRAN CANARIA"), 60, OPTIONAL): Object 'Object Repository/Seur_Aduanero/span_35230 - AEROPUERTO DE GRAN CANARIA' is clickable

2023-11-06 11:40:26 - [MESSAGE][PASSED] - Object 'Object Repository/Seur_Aduanero/span_35230 - AEROPUERTO DE GRAN CANARIA' is clickable

2023-11-06 11:40:26 - [TEST_STEP][PASSED] - click(findTestObject("Object Repository/Seur_Aduanero/span_35230 - AEROPUERTO DE GRAN CANARIA"), STOP_ON_FAILURE): Object: 'Object Repository/Seur_Aduanero/span_35230 - AEROPUERTO DE GRAN CANARIA' is clicked on

2023-11-06 11:40:27 - [MESSAGE][PASSED] - Object: 'Object Repository/Seur_Aduanero/span_35230 - AEROPUERTO DE GRAN CANARIA' is clicked on

2023-11-06 11:40:27 - [TEST_STEP][PASSED] - waitForElementVisible(findTestObject("Origen_Destino_Paquetes/input_Paquete_peso"), 60, OPTIONAL): Object 'Object Repository/Origen_Destino_Paquetes/input_Paquete_peso' is visible

2023-11-06 11:40:27 - [MESSAGE][PASSED] - Object 'Object Repository/Origen_Destino_Paquetes/input_Paquete_peso' is visible

2023-11-06 11:40:27 - [TEST_STEP][PASSED] - waitForElementClickable(findTestObject("Origen_Destino_Paquetes/input_Paquete_peso"), 60, OPTIONAL): Object 'Object Repository/Origen_Destino_Paquetes/input_Paquete_peso' is clickable

2023-11-06 11:40:27 - [MESSAGE][PASSED] - Object 'Object Repository/Origen_Destino_Paquetes/input_Paquete_peso' is clickable

2023-11-06 11:40:27 - [TEST_STEP][PASSED] - setText(findTestObject("Origen_Destino_Paquetes/input_Paquete_peso"), pesoPaquete, STOP_ON_FAILURE): Text '5.3' is set on object 'Object Repository/Origen_Destino_Paquetes/input_Paquete_peso'

2023-11-06 11:40:28 - [MESSAGE][PASSED] - Text '5.3' is set on object 'Object Repository/Origen_Destino_Paquetes/input_Paquete_peso'

2023-11-06 11:40:28 - [TEST_STEP][PASSED] - waitForElementVisible(findTestObject("Origen_Destino_Paquetes/input_Paquete_largo"), 60, OPTIONAL): Object 'Object Repository/Origen_Destino_Paquetes/input_Paquete_largo' is visible

2023-11-06 11:40:29 - [MESSAGE][PASSED] - Object 'Object Repository/Origen_Destino_Paquetes/input_Paquete_largo' is visible

2023-11-06 11:40:29 - [TEST_STEP][PASSED] - waitForElementClickable(findTestObject("Origen_Destino_Paquetes/input_Paquete_largo"), 60, OPTIONAL): Object 'Object Repository/Origen_Destino_Paquetes/input_Paquete_largo' is clickable

2023-11-06 11:40:29 - [MESSAGE][PASSED] - Object 'Object Repository/Origen_Destino_Paquetes/input_Paquete_largo' is clickable

2023-11-06 11:40:29 - [TEST_STEP][PASSED] - setText(findTestObject("Origen_Destino_Paquetes/input_Paquete_largo"), largoPaquete, STOP_ON_FAILURE): Text '40' is set on object 'Object Repository/Origen_Destino_Paquetes/input_Paquete_largo'

2023-11-06 11:40:29 - [MESSAGE][PASSED] - Text '40' is set on object 'Object Repository/Origen_Destino_Paquetes/input_Paquete_largo'

2023-11-06 11:40:29 - [TEST_STEP][PASSED] - waitForElementVisible(findTestObject("Origen_Destino_Paquetes/input_Paquete_Ancho"), 60, OPTIONAL): Object 'Object Repository/Origen_Destino_Paquetes/input_Paquete_Ancho' is visible

2023-11-06 11:40:30 - [MESSAGE][PASSED] - Object 'Object Repository/Origen_Destino_Paquetes/input_Paquete_Ancho' is visible

2023-11-06 11:40:30 - [TEST_STEP][PASSED] - waitForElementClickable(findTestObject("Origen_Destino_Paquetes/input_Paquete_Ancho"), 60, OPTIONAL): Object 'Object Repository/Origen_Destino_Paquetes/input_Paquete_Ancho' is clickable

2023-11-06 11:40:30 - [MESSAGE][PASSED] - Object 'Object Repository/Origen_Destino_Paquetes/input_Paquete_Ancho' is clickable

2023-11-06 11:40:30 - [TEST_STEP][PASSED] - setText(findTestObject("Origen_Destino_Paquetes/input_Paquete_Ancho"), anchoPaquete, STOP_ON_FAILURE): Text '30' is set on object 'Object Repository/Origen_Destino_Paquetes/input_Paquete_Ancho'

2023-11-06 11:40:31 - [MESSAGE][PASSED] - Text '30' is set on object 'Object Repository/Origen_Destino_Paquetes/input_Paquete_Ancho'

2023-11-06 11:40:31 - [TEST_STEP][PASSED] - waitForElementVisible(findTestObject("Origen_Destino_Paquetes/input_Paquete_Alto"), 60, OPTIONAL): Object 'Object Repository/Origen_Destino_Paquetes/input_Paquete_Alto' is visible

2023-11-06 11:40:31 - [MESSAGE][PASSED] - Object 'Object Repository/Origen_Destino_Paquetes/input_Paquete_Alto' is visible

2023-11-06 11:40:31 - [TEST_STEP][PASSED] - waitForElementClickable(findTestObject("Origen_Destino_Paquetes/input_Paquete_Alto"), 60, OPTIONAL): Object 'Object Repository/Origen_Destino_Paquetes/input_Paquete_Alto' is clickable

2023-11-06 11:40:31 - [MESSAGE][PASSED] - Object 'Object Repository/Origen_Destino_Paquetes/input_Paquete_Alto' is clickable

2023-11-06 11:40:31 - [TEST_STEP][PASSED] - setText(findTestObject("Origen_Destino_Paquetes/input_Paquete_Alto"), altoPaquete, STOP_ON_FAILURE): Text '45' is set on object 'Object Repository/Origen_Destino_Paquetes/input_Paquete_Alto'

2023-11-06 11:40:32 - [MESSAGE][PASSED] - Text '45' is set on object 'Object Repository/Origen_Destino_Paquetes/input_Paquete_Alto'

2023-11-06 11:40:32 - [TEST_STEP][PASSED] - waitForElementVisible(findTestObject("Origen_Destino_Paquetes/button_Calcula tu envio"), 60, OPTIONAL): Object 'Object Repository/Origen_Destino_Paquetes/button_Calcula tu envio' is visible

2023-11-06 11:40:33 - [MESSAGE][PASSED] - Object 'Object Repository/Origen_Destino_Paquetes/button_Calcula tu envio' is visible

2023-11-06 11:40:33 - [TEST_STEP][PASSED] - waitForElementClickable(findTestObject("Origen_Destino_Paquetes/button_Calcula tu envio"), 60, OPTIONAL): Object 'Object Repository/Origen_Destino_Paquetes/button_Calcula tu envio' is clickable

2023-11-06 11:40:33 - [MESSAGE][PASSED] - Object 'Object Repository/Origen_Destino_Paquetes/button_Calcula tu envio' is clickable

2023-11-06 11:40:33 - [TEST_STEP][PASSED] - click(findTestObject("Origen_Destino_Paquetes/button_Calcula tu envio"), STOP_ON_FAILURE): Object: 'Object Repository/Origen_Destino_Paquetes/button_Calcula tu envio' is clicked on

2023-11-06 11:40:33 - [MESSAGE][PASSED] - Object: 'Object Repository/Origen_Destino_Paquetes/button_Calcula tu envio' is clicked on

2023-11-06 11:40:33 - [TEST_STEP][PASSED] - waitForElementVisible(findTestObject("Seur_Aduanero/button_Contratar_H2H_Aduanero"), 60, OPTIONAL): Object 'Object Repository/Seur_Aduanero/button_Contratar_H2H_Aduanero' is visible

2023-11-06 11:40:35 - [MESSAGE][PASSED] - Object 'Object Repository/Seur_Aduanero/button_Contratar_H2H_Aduanero' is visible

2023-11-06 11:40:35 - [TEST_STEP][PASSED] - waitForElementClickable(findTestObject("Seur_Aduanero/button_Contratar_H2H_Aduanero"), 60, OPTIONAL): Object 'Object Repository/Seur_Aduanero/button_Contratar_H2H_Aduanero' is clickable

2023-11-06 11:40:35 - [MESSAGE][PASSED] - Object 'Object Repository/Seur_Aduanero/button_Contratar_H2H_Aduanero' is clickable

2023-11-06 11:40:35 - [TEST_STEP][PASSED] - click(findTestObject("Seur_Aduanero/button_Contratar_H2H_Aduanero"), STOP_ON_FAILURE): Object: 'Object Repository/Seur_Aduanero/button_Contratar_H2H_Aduanero' is clicked on

2023-11-06 11:40:36 - [MESSAGE][PASSED] - Object: 'Object Repository/Seur_Aduanero/button_Contratar_H2H_Aduanero' is clicked on

2023-11-06 11:40:36 - [TEST_STEP][PASSED] - waitForElementVisible(findTestObject("Forms/Origen/input_Nombre"), 60, OPTIONAL): Unable to wait for object 'Object Repository/Forms/Origen/input_Nombre' to be visible (Root cause: com.kms.katalon.core.exception.StepFailedException: Unable to wait for object 'Object Repository/Forms/Origen/input_Nombre' to be visible
	at com.kms.katalon.core.webui.keyword.internal.WebUIKeywordMain.stepFailed(WebUIKeywordMain.groovy:64)
	at com.kms.katalon.core.webui.keyword.internal.WebUIKeywordMain.runKeyword(WebUIKeywordMain.groovy:26)
	at com.kms.katalon.core.webui.keyword.internal.WebUIKeywordMain$runKeyword.call(Unknown Source)
	at com.kms.katalon.core.webui.keyword.builtin.WaitForElementVisibleKeyword.waitForElementVisible(WaitForElementVisibleKeyword.groovy:98)
	at com.kms.katalon.core.webui.keyword.builtin.WaitForElementVisibleKeyword.execute(WaitForElementVisibleKeyword.groovy:68)
	at com.kms.katalon.core.keyword.internal.KeywordExecutor.executeKeywordForPlatform(KeywordExecutor.groovy:74)
	at com.kms.katalon.core.webui.keyword.WebUiBuiltInKeywords.waitForElementVisible(WebUiBuiltInKeywords.groovy:422)
	at com.kms.katalon.core.webui.keyword.WebUiBuiltInKeywords$waitForElementVisible$2.call(Unknown Source)
	at 09 - Envio_EnvioAduanero.run(09 - Envio_EnvioAduanero:86)
	at com.kms.katalon.core.main.ScriptEngine.run(ScriptEngine.java:194)
	at com.kms.katalon.core.main.ScriptEngine.runScriptAsRawText(ScriptEngine.java:119)
	at com.kms.katalon.core.main.TestCaseExecutor.runScript(TestCaseExecutor.java:430)
	at com.kms.katalon.core.main.TestCaseExecutor.doExecute(TestCaseExecutor.java:421)
	at com.kms.katalon.core.main.TestCaseExecutor.processExecutionPhase(TestCaseExecutor.java:400)
	at com.kms.katalon.core.main.TestCaseExecutor.accessMainPhase(TestCaseExecutor.java:392)
	at com.kms.katalon.core.main.TestCaseExecutor.execute(TestCaseExecutor.java:273)
	at com.kms.katalon.core.main.TestSuiteExecutor.accessTestCaseMainPhase(TestSuiteExecutor.java:202)
	at com.kms.katalon.core.main.TestSuiteExecutor.accessTestSuiteMainPhase(TestSuiteExecutor.java:164)
	at com.kms.katalon.core.main.TestSuiteExecutor.execute(TestSuiteExecutor.java:105)
	at com.kms.katalon.core.main.TestCaseMain.startTestSuite(TestCaseMain.java:185)
	at com.kms.katalon.core.main.TestCaseMain$startTestSuite$0.call(Unknown Source)
	at TempTestSuite1699265747342.run(TempTestSuite1699265747342.groovy:36)
Caused by: org.openqa.selenium.ScriptTimeoutException: script timeout
  (Session info: chrome=96.0.4664.45)
Build info: version: '3.141.59', revision: 'e82be7d358', time: '2018-11-14T08:25:53'
System info: host: 'SEU2K19KAT01', ip: '10.240.96.104', os.name: 'Windows Server 2019', os.arch: 'amd64', os.version: '10.0', java.version: '1.8.0_282'
Driver info: com.kms.katalon.selenium.driver.CChromeDriver
Capabilities {acceptInsecureCerts: false, browserName: chrome, browserVersion: 96.0.4664.45, chrome: {chromedriverVersion: 96.0.4664.45 (76e4c1bb2ab46..., userDataDir: C:\Windows\TEMP\scoped_dir2...}, goog:chromeOptions: {debuggerAddress: localhost:15400}, javascriptEnabled: true, networkConnectionEnabled: false, pageLoadStrategy: normal, platform: WINDOWS, platformName: WINDOWS, proxy: Proxy(), setWindowRect: true, strictFileInteractability: false, timeouts: {implicit: 0, pageLoad: 300000, script: 30000}, unhandledPromptBehavior: dismiss and notify, webauthn:extension:credBlob: true, webauthn:extension:largeBlob: true, webauthn:virtualAuthenticators: true}
Session ID: 1b493ae9206a53ec57e7b04de3f3ac03
	at org.openqa.selenium.remote.http.W3CHttpResponseCodec.createException(W3CHttpResponseCodec.java:187)
	at org.openqa.selenium.remote.http.W3CHttpResponseCodec.decode(W3CHttpResponseCodec.java:122)
	at org.openqa.selenium.remote.http.W3CHttpResponseCodec.decode(W3CHttpResponseCodec.java:49)
	at org.openqa.selenium.remote.HttpCommandExecutor.execute(HttpCommandExecutor.java:158)
	at org.openqa.selenium.remote.service.DriverCommandExecutor.execute(DriverCommandExecutor.java:83)
	at org.openqa.selenium.remote.RemoteWebDriver.execute(RemoteWebDriver.java:552)
	at com.kms.katalon.selenium.driver.CChromeDriver.execute(CChromeDriver.java:19)
	at org.openqa.selenium.remote.RemoteWebElement.execute(RemoteWebElement.java:285)
	at org.openqa.selenium.remote.RemoteWebElement.isDisplayed(RemoteWebElement.java:326)
	at org.openqa.selenium.support.events.EventFiringWebDriver$EventFiringWebElement.lambda$new$0(EventFiringWebDriver.java:404)
	at com.sun.proxy.$Proxy11.isDisplayed(Unknown Source)
	at org.openqa.selenium.support.events.EventFiringWebDriver$EventFiringWebElement.isDisplayed(EventFiringWebDriver.java:470)
	at org.openqa.selenium.support.ui.ExpectedConditions.elementIfVisible(ExpectedConditions.java:314)
	at org.openqa.selenium.support.ui.ExpectedConditions.access$000(ExpectedConditions.java:43)
	at org.openqa.selenium.support.ui.ExpectedConditions$10.apply(ExpectedConditions.java:300)
	at org.openqa.selenium.support.ui.ExpectedConditions$10.apply(ExpectedConditions.java:297)
	at org.openqa.selenium.support.ui.FluentWait.until(FluentWait.java:249)
	at org.openqa.selenium.support.ui.Wait$until.call(Unknown Source)
	at com.kms.katalon.core.webui.keyword.builtin.WaitForElementVisibleKeyword$_waitForElementVisible_closure1.doCall(WaitForElementVisibleKeyword.groovy:81)
	at com.kms.katalon.core.webui.keyword.builtin.WaitForElementVisibleKeyword$_waitForElementVisible_closure1.doCall(WaitForElementVisibleKeyword.groovy)
	at com.kms.katalon.core.webui.keyword.internal.WebUIKeywordMain.runKeyword(WebUIKeywordMain.groovy:20)
	at com.kms.katalon.core.webui.keyword.internal.WebUIKeywordMain$runKeyword.call(Unknown Source)
	at com.kms.katalon.core.webui.keyword.builtin.WaitForElementVisibleKeyword.waitForElementVisible(WaitForElementVisibleKeyword.groovy:98)
	at com.kms.katalon.core.webui.keyword.builtin.WaitForElementVisibleKeyword.execute(WaitForElementVisibleKeyword.groovy:68)
	at com.kms.katalon.core.keyword.internal.KeywordExecutor.executeKeywordForPlatform(KeywordExecutor.groovy:74)
	at com.kms.katalon.core.webui.keyword.WebUiBuiltInKeywords.waitForElementVisible(WebUiBuiltInKeywords.groovy:422)
	at com.kms.katalon.core.webui.keyword.WebUiBuiltInKeywords$waitForElementVisible$2.call(Unknown Source)
	at Script1671027890583.run(Script1671027890583.groovy:86)
	... 13 more
)

2023-11-06 11:41:25 - [MESSAGE][WARNING] - Unable to wait for object 'Object Repository/Forms/Origen/input_Nombre' to be visible (Root cause: com.kms.katalon.core.exception.StepFailedException: Unable to wait for object 'Object Repository/Forms/Origen/input_Nombre' to be visible
	at com.kms.katalon.core.webui.keyword.internal.WebUIKeywordMain.stepFailed(WebUIKeywordMain.groovy:64)
	at com.kms.katalon.core.webui.keyword.internal.WebUIKeywordMain.runKeyword(WebUIKeywordMain.groovy:26)
	at com.kms.katalon.core.webui.keyword.internal.WebUIKeywordMain$runKeyword.call(Unknown Source)
	at com.kms.katalon.core.webui.keyword.builtin.WaitForElementVisibleKeyword.waitForElementVisible(WaitForElementVisibleKeyword.groovy:98)
	at com.kms.katalon.core.webui.keyword.builtin.WaitForElementVisibleKeyword.execute(WaitForElementVisibleKeyword.groovy:68)
	at com.kms.katalon.core.keyword.internal.KeywordExecutor.executeKeywordForPlatform(KeywordExecutor.groovy:74)
	at com.kms.katalon.core.webui.keyword.WebUiBuiltInKeywords.waitForElementVisible(WebUiBuiltInKeywords.groovy:422)
	at com.kms.katalon.core.webui.keyword.WebUiBuiltInKeywords$waitForElementVisible$2.call(Unknown Source)
	at 09 - Envio_EnvioAduanero.run(09 - Envio_EnvioAduanero:86)
	at com.kms.katalon.core.main.ScriptEngine.run(ScriptEngine.java:194)
	at com.kms.katalon.core.main.ScriptEngine.runScriptAsRawText(ScriptEngine.java:119)
	at com.kms.katalon.core.main.TestCaseExecutor.runScript(TestCaseExecutor.java:430)
	at com.kms.katalon.core.main.TestCaseExecutor.doExecute(TestCaseExecutor.java:421)
	at com.kms.katalon.core.main.TestCaseExecutor.processExecutionPhase(TestCaseExecutor.java:400)
	at com.kms.katalon.core.main.TestCaseExecutor.accessMainPhase(TestCaseExecutor.java:392)
	at com.kms.katalon.core.main.TestCaseExecutor.execute(TestCaseExecutor.java:273)
	at com.kms.katalon.core.main.TestSuiteExecutor.accessTestCaseMainPhase(TestSuiteExecutor.java:202)
	at com.kms.katalon.core.main.TestSuiteExecutor.accessTestSuiteMainPhase(TestSuiteExecutor.java:164)
	at com.kms.katalon.core.main.TestSuiteExecutor.execute(TestSuiteExecutor.java:105)
	at com.kms.katalon.core.main.TestCaseMain.startTestSuite(TestCaseMain.java:185)
	at com.kms.katalon.core.main.TestCaseMain$startTestSuite$0.call(Unknown Source)
	at TempTestSuite1699265747342.run(TempTestSuite1699265747342.groovy:36)
Caused by: org.openqa.selenium.ScriptTimeoutException: script timeout
  (Session info: chrome=96.0.4664.45)
Build info: version: '3.141.59', revision: 'e82be7d358', time: '2018-11-14T08:25:53'
System info: host: 'SEU2K19KAT01', ip: '10.240.96.104', os.name: 'Windows Server 2019', os.arch: 'amd64', os.version: '10.0', java.version: '1.8.0_282'
Driver info: com.kms.katalon.selenium.driver.CChromeDriver
Capabilities {acceptInsecureCerts: false, browserName: chrome, browserVersion: 96.0.4664.45, chrome: {chromedriverVersion: 96.0.4664.45 (76e4c1bb2ab46..., userDataDir: C:\Windows\TEMP\scoped_dir2...}, goog:chromeOptions: {debuggerAddress: localhost:15400}, javascriptEnabled: true, networkConnectionEnabled: false, pageLoadStrategy: normal, platform: WINDOWS, platformName: WINDOWS, proxy: Proxy(), setWindowRect: true, strictFileInteractability: false, timeouts: {implicit: 0, pageLoad: 300000, script: 30000}, unhandledPromptBehavior: dismiss and notify, webauthn:extension:credBlob: true, webauthn:extension:largeBlob: true, webauthn:virtualAuthenticators: true}
Session ID: 1b493ae9206a53ec57e7b04de3f3ac03
	at org.openqa.selenium.remote.http.W3CHttpResponseCodec.createException(W3CHttpResponseCodec.java:187)
	at org.openqa.selenium.remote.http.W3CHttpResponseCodec.decode(W3CHttpResponseCodec.java:122)
	at org.openqa.selenium.remote.http.W3CHttpResponseCodec.decode(W3CHttpResponseCodec.java:49)
	at org.openqa.selenium.remote.HttpCommandExecutor.execute(HttpCommandExecutor.java:158)
	at org.openqa.selenium.remote.service.DriverCommandExecutor.execute(DriverCommandExecutor.java:83)
	at org.openqa.selenium.remote.RemoteWebDriver.execute(RemoteWebDriver.java:552)
	at com.kms.katalon.selenium.driver.CChromeDriver.execute(CChromeDriver.java:19)
	at org.openqa.selenium.remote.RemoteWebElement.execute(RemoteWebElement.java:285)
	at org.openqa.selenium.remote.RemoteWebElement.isDisplayed(RemoteWebElement.java:326)
	at org.openqa.selenium.support.events.EventFiringWebDriver$EventFiringWebElement.lambda$new$0(EventFiringWebDriver.java:404)
	at com.sun.proxy.$Proxy11.isDisplayed(Unknown Source)
	at org.openqa.selenium.support.events.EventFiringWebDriver$EventFiringWebElement.isDisplayed(EventFiringWebDriver.java:470)
	at org.openqa.selenium.support.ui.ExpectedConditions.elementIfVisible(ExpectedConditions.java:314)
	at org.openqa.selenium.support.ui.ExpectedConditions.access$000(ExpectedConditions.java:43)
	at org.openqa.selenium.support.ui.ExpectedConditions$10.apply(ExpectedConditions.java:300)
	at org.openqa.selenium.support.ui.ExpectedConditions$10.apply(ExpectedConditions.java:297)
	at org.openqa.selenium.support.ui.FluentWait.until(FluentWait.java:249)
	at org.openqa.selenium.support.ui.Wait$until.call(Unknown Source)
	at com.kms.katalon.core.webui.keyword.builtin.WaitForElementVisibleKeyword$_waitForElementVisible_closure1.doCall(WaitForElementVisibleKeyword.groovy:81)
	at com.kms.katalon.core.webui.keyword.builtin.WaitForElementVisibleKeyword$_waitForElementVisible_closure1.doCall(WaitForElementVisibleKeyword.groovy)
	at com.kms.katalon.core.webui.keyword.internal.WebUIKeywordMain.runKeyword(WebUIKeywordMain.groovy:20)
	at com.kms.katalon.core.webui.keyword.internal.WebUIKeywordMain$runKeyword.call(Unknown Source)
	at com.kms.katalon.core.webui.keyword.builtin.WaitForElementVisibleKeyword.waitForElementVisible(WaitForElementVisibleKeyword.groovy:98)
	at com.kms.katalon.core.webui.keyword.builtin.WaitForElementVisibleKeyword.execute(WaitForElementVisibleKeyword.groovy:68)
	at com.kms.katalon.core.keyword.internal.KeywordExecutor.executeKeywordForPlatform(KeywordExecutor.groovy:74)
	at com.kms.katalon.core.webui.keyword.WebUiBuiltInKeywords.waitForElementVisible(WebUiBuiltInKeywords.groovy:422)
	at com.kms.katalon.core.webui.keyword.WebUiBuiltInKeywords$waitForElementVisible$2.call(Unknown Source)
	at Script1671027890583.run(Script1671027890583.groovy:86)
	... 13 more
)
[[ATTACHMENT|C:\\Jenkins\\workspace\\Katalon_WebRecogidas_PRO\\Reports\\20231106_111546\\TS_Envios_PRO\\20231106_111547\\1699267284965.png]]

2023-11-06 11:41:25 - [TEST_STEP][PASSED] - waitForElementClickable(findTestObject("Forms/Origen/input_Nombre"), 60, OPTIONAL): Object 'Object Repository/Forms/Origen/input_Nombre' is clickable

2023-11-06 11:41:25 - [MESSAGE][PASSED] - Object 'Object Repository/Forms/Origen/input_Nombre' is clickable

2023-11-06 11:41:25 - [TEST_STEP][FAILED] - setText(findTestObject("Forms/Origen/input_Nombre"), nombreRem, STOP_ON_FAILURE): Unable to set text 'Pedro' of object 'Object Repository/Forms/Origen/input_Nombre' (Root cause: com.kms.katalon.core.exception.StepFailedException: Unable to set text 'Pedro' of object 'Object Repository/Forms/Origen/input_Nombre'
	at com.kms.katalon.core.webui.keyword.internal.WebUIKeywordMain.stepFailed(WebUIKeywordMain.groovy:64)
	at com.kms.katalon.core.webui.keyword.internal.WebUIKeywordMain.runKeyword(WebUIKeywordMain.groovy:26)
	at com.kms.katalon.core.webui.keyword.builtin.SetTextKeyword.setText(SetTextKeyword.groovy:66)
	at com.kms.katalon.core.webui.keyword.builtin.SetTextKeyword.execute(SetTextKeyword.groovy:37)
	at com.kms.katalon.core.keyword.internal.KeywordExecutor.executeKeywordForPlatform(KeywordExecutor.groovy:74)
	at com.kms.katalon.core.webui.keyword.WebUiBuiltInKeywords.setText(WebUiBuiltInKeywords.groovy:966)
	at com.kms.katalon.core.webui.keyword.WebUiBuiltInKeywords$setText$5.call(Unknown Source)
	at 09 - Envio_EnvioAduanero.run(09 - Envio_EnvioAduanero:88)
	at com.kms.katalon.core.main.ScriptEngine.run(ScriptEngine.java:194)
	at com.kms.katalon.core.main.ScriptEngine.runScriptAsRawText(ScriptEngine.java:119)
	at com.kms.katalon.core.main.TestCaseExecutor.runScript(TestCaseExecutor.java:430)
	at com.kms.katalon.core.main.TestCaseExecutor.doExecute(TestCaseExecutor.java:421)
	at com.kms.katalon.core.main.TestCaseExecutor.processExecutionPhase(TestCaseExecutor.java:400)
	at com.kms.katalon.core.main.TestCaseExecutor.accessMainPhase(TestCaseExecutor.java:392)
	at com.kms.katalon.core.main.TestCaseExecutor.execute(TestCaseExecutor.java:273)
	at com.kms.katalon.core.main.TestSuiteExecutor.accessTestCaseMainPhase(TestSuiteExecutor.java:202)
	at com.kms.katalon.core.main.TestSuiteExecutor.accessTestSuiteMainPhase(TestSuiteExecutor.java:164)
	at com.kms.katalon.core.main.TestSuiteExecutor.execute(TestSuiteExecutor.java:105)
	at com.kms.katalon.core.main.TestCaseMain.startTestSuite(TestCaseMain.java:185)
	at com.kms.katalon.core.main.TestCaseMain$startTestSuite$0.call(Unknown Source)
	at TempTestSuite1699265747342.run(TempTestSuite1699265747342.groovy:36)
Caused by: org.openqa.selenium.ElementNotInteractableException: element not interactable
  (Session info: chrome=96.0.4664.45)
Build info: version: '3.141.59', revision: 'e82be7d358', time: '2018-11-14T08:25:53'
System info: host: 'SEU2K19KAT01', ip: '10.240.96.104', os.name: 'Windows Server 2019', os.arch: 'amd64', os.version: '10.0', java.version: '1.8.0_282'
Driver info: com.kms.katalon.selenium.driver.CChromeDriver
Capabilities {acceptInsecureCerts: false, browserName: chrome, browserVersion: 96.0.4664.45, chrome: {chromedriverVersion: 96.0.4664.45 (76e4c1bb2ab46..., userDataDir: C:\Windows\TEMP\scoped_dir2...}, goog:chromeOptions: {debuggerAddress: localhost:15400}, javascriptEnabled: true, networkConnectionEnabled: false, pageLoadStrategy: normal, platform: WINDOWS, platformName: WINDOWS, proxy: Proxy(), setWindowRect: true, strictFileInteractability: false, timeouts: {implicit: 0, pageLoad: 300000, script: 30000}, unhandledPromptBehavior: dismiss and notify, webauthn:extension:credBlob: true, webauthn:extension:largeBlob: true, webauthn:virtualAuthenticators: true}
Session ID: 1b493ae9206a53ec57e7b04de3f3ac03
	at org.openqa.selenium.remote.http.W3CHttpResponseCodec.createException(W3CHttpResponseCodec.java:187)
	at org.openqa.selenium.remote.http.W3CHttpResponseCodec.decode(W3CHttpResponseCodec.java:122)
	at org.openqa.selenium.remote.http.W3CHttpResponseCodec.decode(W3CHttpResponseCodec.java:49)
	at org.openqa.selenium.remote.HttpCommandExecutor.execute(HttpCommandExecutor.java:158)
	at org.openqa.selenium.remote.service.DriverCommandExecutor.execute(DriverCommandExecutor.java:83)
	at org.openqa.selenium.remote.RemoteWebDriver.execute(RemoteWebDriver.java:552)
	at com.kms.katalon.selenium.driver.CChromeDriver.execute(CChromeDriver.java:19)
	at org.openqa.selenium.remote.RemoteWebElement.execute(RemoteWebElement.java:285)
	at org.openqa.selenium.remote.RemoteWebElement.clear(RemoteWebElement.java:124)
	at org.openqa.selenium.support.events.EventFiringWebDriver$EventFiringWebElement.lambda$new$0(EventFiringWebDriver.java:404)
	at com.sun.proxy.$Proxy11.clear(Unknown Source)
	at org.openqa.selenium.support.events.EventFiringWebDriver$EventFiringWebElement.clear(EventFiringWebDriver.java:436)
	at com.kms.katalon.core.webui.keyword.builtin.SetTextKeyword$_setText_closure1.doCall(SetTextKeyword.groovy:53)
	at com.kms.katalon.core.webui.keyword.builtin.SetTextKeyword$_setText_closure1.call(SetTextKeyword.groovy)
	at com.kms.katalon.core.webui.keyword.internal.WebUIKeywordMain.runKeyword(WebUIKeywordMain.groovy:20)
	at com.kms.katalon.core.webui.keyword.builtin.SetTextKeyword.setText(SetTextKeyword.groovy:66)
	at com.kms.katalon.core.webui.keyword.builtin.SetTextKeyword.execute(SetTextKeyword.groovy:37)
	at com.kms.katalon.core.keyword.internal.KeywordExecutor.executeKeywordForPlatform(KeywordExecutor.groovy:74)
	at com.kms.katalon.core.webui.keyword.WebUiBuiltInKeywords.setText(WebUiBuiltInKeywords.groovy:966)
	at com.kms.katalon.core.webui.keyword.WebUiBuiltInKeywords$setText$5.call(Unknown Source)
	at Script1671027890583.run(Script1671027890583.groovy:88)
	... 13 more
)

2023-11-06 11:41:25 - [MESSAGE][FAILED] - Unable to set text 'Pedro' of object 'Object Repository/Forms/Origen/input_Nombre' (Root cause: com.kms.katalon.core.exception.StepFailedException: Unable to set text 'Pedro' of object 'Object Repository/Forms/Origen/input_Nombre'
	at com.kms.katalon.core.webui.keyword.internal.WebUIKeywordMain.stepFailed(WebUIKeywordMain.groovy:64)
	at com.kms.katalon.core.webui.keyword.internal.WebUIKeywordMain.runKeyword(WebUIKeywordMain.groovy:26)
	at com.kms.katalon.core.webui.keyword.builtin.SetTextKeyword.setText(SetTextKeyword.groovy:66)
	at com.kms.katalon.core.webui.keyword.builtin.SetTextKeyword.execute(SetTextKeyword.groovy:37)
	at com.kms.katalon.core.keyword.internal.KeywordExecutor.executeKeywordForPlatform(KeywordExecutor.groovy:74)
	at com.kms.katalon.core.webui.keyword.WebUiBuiltInKeywords.setText(WebUiBuiltInKeywords.groovy:966)
	at com.kms.katalon.core.webui.keyword.WebUiBuiltInKeywords$setText$5.call(Unknown Source)
	at 09 - Envio_EnvioAduanero.run(09 - Envio_EnvioAduanero:88)
	at com.kms.katalon.core.main.ScriptEngine.run(ScriptEngine.java:194)
	at com.kms.katalon.core.main.ScriptEngine.runScriptAsRawText(ScriptEngine.java:119)
	at com.kms.katalon.core.main.TestCaseExecutor.runScript(TestCaseExecutor.java:430)
	at com.kms.katalon.core.main.TestCaseExecutor.doExecute(TestCaseExecutor.java:421)
	at com.kms.katalon.core.main.TestCaseExecutor.processExecutionPhase(TestCaseExecutor.java:400)
	at com.kms.katalon.core.main.TestCaseExecutor.accessMainPhase(TestCaseExecutor.java:392)
	at com.kms.katalon.core.main.TestCaseExecutor.execute(TestCaseExecutor.java:273)
	at com.kms.katalon.core.main.TestSuiteExecutor.accessTestCaseMainPhase(TestSuiteExecutor.java:202)
	at com.kms.katalon.core.main.TestSuiteExecutor.accessTestSuiteMainPhase(TestSuiteExecutor.java:164)
	at com.kms.katalon.core.main.TestSuiteExecutor.execute(TestSuiteExecutor.java:105)
	at com.kms.katalon.core.main.TestCaseMain.startTestSuite(TestCaseMain.java:185)
	at com.kms.katalon.core.main.TestCaseMain$startTestSuite$0.call(Unknown Source)
	at TempTestSuite1699265747342.run(TempTestSuite1699265747342.groovy:36)
Caused by: org.openqa.selenium.ElementNotInteractableException: element not interactable
  (Session info: chrome=96.0.4664.45)
Build info: version: '3.141.59', revision: 'e82be7d358', time: '2018-11-14T08:25:53'
System info: host: 'SEU2K19KAT01', ip: '10.240.96.104', os.name: 'Windows Server 2019', os.arch: 'amd64', os.version: '10.0', java.version: '1.8.0_282'
Driver info: com.kms.katalon.selenium.driver.CChromeDriver
Capabilities {acceptInsecureCerts: false, browserName: chrome, browserVersion: 96.0.4664.45, chrome: {chromedriverVersion: 96.0.4664.45 (76e4c1bb2ab46..., userDataDir: C:\Windows\TEMP\scoped_dir2...}, goog:chromeOptions: {debuggerAddress: localhost:15400}, javascriptEnabled: true, networkConnectionEnabled: false, pageLoadStrategy: normal, platform: WINDOWS, platformName: WINDOWS, proxy: Proxy(), setWindowRect: true, strictFileInteractability: false, timeouts: {implicit: 0, pageLoad: 300000, script: 30000}, unhandledPromptBehavior: dismiss and notify, webauthn:extension:credBlob: true, webauthn:extension:largeBlob: true, webauthn:virtualAuthenticators: true}
Session ID: 1b493ae9206a53ec57e7b04de3f3ac03
	at org.openqa.selenium.remote.http.W3CHttpResponseCodec.createException(W3CHttpResponseCodec.java:187)
	at org.openqa.selenium.remote.http.W3CHttpResponseCodec.decode(W3CHttpResponseCodec.java:122)
	at org.openqa.selenium.remote.http.W3CHttpResponseCodec.decode(W3CHttpResponseCodec.java:49)
	at org.openqa.selenium.remote.HttpCommandExecutor.execute(HttpCommandExecutor.java:158)
	at org.openqa.selenium.remote.service.DriverCommandExecutor.execute(DriverCommandExecutor.java:83)
	at org.openqa.selenium.remote.RemoteWebDriver.execute(RemoteWebDriver.java:552)
	at com.kms.katalon.selenium.driver.CChromeDriver.execute(CChromeDriver.java:19)
	at org.openqa.selenium.remote.RemoteWebElement.execute(RemoteWebElement.java:285)
	at org.openqa.selenium.remote.RemoteWebElement.clear(RemoteWebElement.java:124)
	at org.openqa.selenium.support.events.EventFiringWebDriver$EventFiringWebElement.lambda$new$0(EventFiringWebDriver.java:404)
	at com.sun.proxy.$Proxy11.clear(Unknown Source)
	at org.openqa.selenium.support.events.EventFiringWebDriver$EventFiringWebElement.clear(EventFiringWebDriver.java:436)
	at com.kms.katalon.core.webui.keyword.builtin.SetTextKeyword$_setText_closure1.doCall(SetTextKeyword.groovy:53)
	at com.kms.katalon.core.webui.keyword.builtin.SetTextKeyword$_setText_closure1.call(SetTextKeyword.groovy)
	at com.kms.katalon.core.webui.keyword.internal.WebUIKeywordMain.runKeyword(WebUIKeywordMain.groovy:20)
	at com.kms.katalon.core.webui.keyword.builtin.SetTextKeyword.setText(SetTextKeyword.groovy:66)
	at com.kms.katalon.core.webui.keyword.builtin.SetTextKeyword.execute(SetTextKeyword.groovy:37)
	at com.kms.katalon.core.keyword.internal.KeywordExecutor.executeKeywordForPlatform(KeywordExecutor.groovy:74)
	at com.kms.katalon.core.webui.keyword.WebUiBuiltInKeywords.setText(WebUiBuiltInKeywords.groovy:966)
	at com.kms.katalon.core.webui.keyword.WebUiBuiltInKeywords$setText$5.call(Unknown Source)
	at Script1671027890583.run(Script1671027890583.groovy:88)
	... 13 more
)
[[ATTACHMENT|C:\\Jenkins\\workspace\\Katalon_WebRecogidas_PRO\\Reports\\20231106_111546\\TS_Envios_PRO\\20231106_111547\\1699267285631.png]]

2023-11-06 11:41:25 - [TEST_STEP][FAILED] - catch (Exception e): Recogidas / 09 - Envio aduanero

2023-11-06 11:41:25 - [TEST_STEP][PASSED] - e.printStackTrace(): null

2023-11-06 11:41:25 - [TEST_STEP][FAILED] - markFailed("Recogidas / 09 - Envio aduanero"): Recogidas / 09 - Envio aduanero

2023-11-06 11:41:25 - [MESSAGE][FAILED] - Recogidas / 09 - Envio aduanero

2023-11-06 11:41:25 - [TEST_STEP][PASSED] - Finally: Browser is closed

2023-11-06 11:41:25 - [TEST_STEP][PASSED] - closeBrowser(): Browser is closed

2023-11-06 11:41:26 - [MESSAGE][PASSED] - Browser is closed]]></system-out>
         <system-err><![CDATA[2023-11-06 11:38:03 - [TEST_CASE][FAILED] - Test Cases/Scripts_PRO/09 - Envio_EnvioAduanero: Test Cases/Scripts_PRO/09 - Envio_EnvioAduanero FAILED.
Reason:
com.kms.katalon.core.exception.StepFailedException: Recogidas / 09 - Envio aduanero
	at com.kms.katalon.core.util.KeywordUtil.markFailed(KeywordUtil.java:19)
	at com.kms.katalon.core.util.KeywordUtil$markFailed.call(Unknown Source)
	at 09 - Envio_EnvioAduanero.run(09 - Envio_EnvioAduanero:196)
	at com.kms.katalon.core.main.ScriptEngine.run(ScriptEngine.java:194)
	at com.kms.katalon.core.main.ScriptEngine.runScriptAsRawText(ScriptEngine.java:119)
	at com.kms.katalon.core.main.TestCaseExecutor.runScript(TestCaseExecutor.java:430)
	at com.kms.katalon.core.main.TestCaseExecutor.doExecute(TestCaseExecutor.java:421)
	at com.kms.katalon.core.main.TestCaseExecutor.processExecutionPhase(TestCaseExecutor.java:400)
	at com.kms.katalon.core.main.TestCaseExecutor.accessMainPhase(TestCaseExecutor.java:392)
	at com.kms.katalon.core.main.TestCaseExecutor.execute(TestCaseExecutor.java:273)
	at com.kms.katalon.core.main.TestSuiteExecutor.accessTestCaseMainPhase(TestSuiteExecutor.java:202)
	at com.kms.katalon.core.main.TestSuiteExecutor.accessTestSuiteMainPhase(TestSuiteExecutor.java:164)
	at com.kms.katalon.core.main.TestSuiteExecutor.execute(TestSuiteExecutor.java:105)
	at com.kms.katalon.core.main.TestCaseMain.startTestSuite(TestCaseMain.java:185)
	at com.kms.katalon.core.main.TestCaseMain$startTestSuite$0.call(Unknown Source)
	at TempTestSuite1699265747342.run(TempTestSuite1699265747342.groovy:36)]]></system-err>
      </testcase>
      <system-out><![CDATA[2023-11-06 11:15:53 - [TEST_SUITE][FAILED] - TS_Envios_PRO: Test Cases/Scripts_PRO/01 - Envio_Economico FAILED.
Reason:
com.kms.katalon.core.exception.StepFailedException: Recogidas / 01 - Envio Economico
	at com.kms.katalon.core.util.KeywordUtil.markFailed(KeywordUtil.java:19)
	at com.kms.katalon.core.util.KeywordUtil$markFailed.call(Unknown Source)
	at 01 - Envio_Economico.run(01 - Envio_Economico:202)
	at com.kms.katalon.core.main.ScriptEngine.run(ScriptEngine.java:194)
	at com.kms.katalon.core.main.ScriptEngine.runScriptAsRawText(ScriptEngine.java:119)
	at com.kms.katalon.core.main.TestCaseExecutor.runScript(TestCaseExecutor.java:430)
	at com.kms.katalon.core.main.TestCaseExecutor.doExecute(TestCaseExecutor.java:421)
	at com.kms.katalon.core.main.TestCaseExecutor.processExecutionPhase(TestCaseExecutor.java:400)
	at com.kms.katalon.core.main.TestCaseExecutor.accessMainPhase(TestCaseExecutor.java:392)
	at com.kms.katalon.core.main.TestCaseExecutor.execute(TestCaseExecutor.java:273)
	at com.kms.katalon.core.main.TestSuiteExecutor.accessTestCaseMainPhase(TestSuiteExecutor.java:202)
	at com.kms.katalon.core.main.TestSuiteExecutor.accessTestSuiteMainPhase(TestSuiteExecutor.java:164)
	at com.kms.katalon.core.main.TestSuiteExecutor.execute(TestSuiteExecutor.java:105)
	at com.kms.katalon.core.main.TestCaseMain.startTestSuite(TestCaseMain.java:185)
	at com.kms.katalon.core.main.TestCaseMain$startTestSuite$0.call(Unknown Source)
	at TempTestSuite1699265747342.run(TempTestSuite1699265747342.groovy:36)]]></system-out>
      <system-err><![CDATA[2023-11-06 11:15:53 - [TEST_SUITE][FAILED] - TS_Envios_PRO: Test Cases/Scripts_PRO/01 - Envio_Economico FAILED.
Reason:
com.kms.katalon.core.exception.StepFailedException: Recogidas / 01 - Envio Economico
	at com.kms.katalon.core.util.KeywordUtil.markFailed(KeywordUtil.java:19)
	at com.kms.katalon.core.util.KeywordUtil$markFailed.call(Unknown Source)
	at 01 - Envio_Economico.run(01 - Envio_Economico:202)
	at com.kms.katalon.core.main.ScriptEngine.run(ScriptEngine.java:194)
	at com.kms.katalon.core.main.ScriptEngine.runScriptAsRawText(ScriptEngine.java:119)
	at com.kms.katalon.core.main.TestCaseExecutor.runScript(TestCaseExecutor.java:430)
	at com.kms.katalon.core.main.TestCaseExecutor.doExecute(TestCaseExecutor.java:421)
	at com.kms.katalon.core.main.TestCaseExecutor.processExecutionPhase(TestCaseExecutor.java:400)
	at com.kms.katalon.core.main.TestCaseExecutor.accessMainPhase(TestCaseExecutor.java:392)
	at com.kms.katalon.core.main.TestCaseExecutor.execute(TestCaseExecutor.java:273)
	at com.kms.katalon.core.main.TestSuiteExecutor.accessTestCaseMainPhase(TestSuiteExecutor.java:202)
	at com.kms.katalon.core.main.TestSuiteExecutor.accessTestSuiteMainPhase(TestSuiteExecutor.java:164)
	at com.kms.katalon.core.main.TestSuiteExecutor.execute(TestSuiteExecutor.java:105)
	at com.kms.katalon.core.main.TestCaseMain.startTestSuite(TestCaseMain.java:185)
	at com.kms.katalon.core.main.TestCaseMain$startTestSuite$0.call(Unknown Source)
	at TempTestSuite1699265747342.run(TempTestSuite1699265747342.groovy:36)]]></system-err>
   </testsuite>
</testsuites>
