<?xml version="1.0" encoding="UTF-8"?>
<testsuites name="TS_Envios_PRO" time="1562.669" tests="7" failures="0" errors="0">
   <testsuite name="TS_Envios_PRO" tests="7" failures="0" errors="0" time="1562.669" skipped="0" timestamp="2023-10-30 11:15:49" hostname="SEU2K19KAT01$ - seu2k19kat01.redseur.local" id="Test Suites/TS_Envios_PRO">
      <properties>
         <property name="deviceName" value=""/>
         <property name="devicePlatform" value=""/>
         <property name="logFolder" value="C:\\Jenkins\\workspace\\Katalon_WebRecogidas_PRO\\Reports\\20231030_111542\\TS_Envios_PRO\\20231030_111543"/>
         <property name="logFiles" value="C:\\Jenkins\\workspace\\Katalon_WebRecogidas_PRO\\Reports\\20231030_111542\\TS_Envios_PRO\\20231030_111543\\execution0.log"/>
         <property name="attachments" value="C:\\Jenkins\\workspace\\Katalon_WebRecogidas_PRO\\Reports\\20231030_111542\\TS_Envios_PRO\\20231030_111543\\1698661123306.png, C:\\Jenkins\\workspace\\Katalon_WebRecogidas_PRO\\Reports\\20231030_111542\\TS_Envios_PRO\\20231030_111543\\1698661396174.png, C:\\Jenkins\\workspace\\Katalon_WebRecogidas_PRO\\Reports\\20231030_111542\\TS_Envios_PRO\\20231030_111543\\1698661607879.png, C:\\Jenkins\\workspace\\Katalon_WebRecogidas_PRO\\Reports\\20231030_111542\\TS_Envios_PRO\\20231030_111543\\1698661619327.png, C:\\Jenkins\\workspace\\Katalon_WebRecogidas_PRO\\Reports\\20231030_111542\\TS_Envios_PRO\\20231030_111543\\1698661834042.png, C:\\Jenkins\\workspace\\Katalon_WebRecogidas_PRO\\Reports\\20231030_111542\\TS_Envios_PRO\\20231030_111543\\1698662015854.png, C:\\Jenkins\\workspace\\Katalon_WebRecogidas_PRO\\Reports\\20231030_111542\\TS_Envios_PRO\\20231030_111543\\1698662060675.png, C:\\Jenkins\\workspace\\Katalon_WebRecogidas_PRO\\Reports\\20231030_111542\\TS_Envios_PRO\\20231030_111543\\1698662277064.png, C:\\Jenkins\\workspace\\Katalon_WebRecogidas_PRO\\Reports\\20231030_111542\\TS_Envios_PRO\\20231030_111543\\1698662463950.png, C:\\Jenkins\\workspace\\Katalon_WebRecogidas_PRO\\Reports\\20231030_111542\\TS_Envios_PRO\\20231030_111543\\1698662510413.png"/>
         <property name="hostName" value="SEU2K19KAT01$ - seu2k19kat01.redseur.local"/>
         <property name="os" value="Windows Server 2019 64bit"/>
         <property name="katalonVersion" value="8.1.0.208"/>
         <property name="browser" value="Chrome 96.0.4664.45"/>
         <property name="hostAddress" value="10.240.96.104"/>
         <property name="sessionId" value="70a6c5c5a397c0f0261b8fe0ad9a29b8"/>
         <property name="seleniumVersion" value="3.141.59"/>
         <property name="proxyInformation" value="ProxyInformation { proxyOption=NO_PROXY, proxyServerType=HTTP, username=, password=********, proxyServerAddress=, proxyServerPort=0, executionList=&quot;&quot;, isApplyToDesiredCapabilities=true }"/>
         <property name="platform" value="Windows Server 2019"/>
      </properties>
      <testcase name="Test Cases/Scripts_PRO/01 - Envio_Economico" time="219.314" classname="Test Cases/Scripts_PRO/01 - Envio_Economico" status="PASSED">
         <system-out><![CDATA[2023-10-30 11:15:50 - [TEST_CASE][PASSED] - Test Cases/Scripts_PRO/01 - Envio_Economico: Test Cases/Scripts_PRO/01 - Envio_Economico

2023-10-30 11:15:51 - [TEST_STEP][PASSED] - setWebDriverPreferencesProperty("args", ["window-size=1920,1080"]): null

2023-10-30 11:15:51 - [TEST_STEP][PASSED] - try: Recogidas / 01 - Envio Economico

2023-10-30 11:15:51 - [TEST_STEP][PASSED] - openBrowser(""): Browser is opened with url: ''

2023-10-30 11:15:51 - [MESSAGE][INFO] - Starting 'Chrome' driver

2023-10-30 11:15:51 - [MESSAGE][INFO] - User set preference: ['args', '[window-size=1920,1080]']

2023-10-30 11:15:51 - [MESSAGE][INFO] - Action delay is set to 0 milliseconds

2023-10-30 11:15:54 - [MESSAGE][PASSED] - Browser is opened with url: ''

2023-10-30 11:15:54 - [TEST_STEP][PASSED] - maximizeWindow(): Current window maximized

2023-10-30 11:15:54 - [MESSAGE][PASSED] - Current window maximized

2023-10-30 11:15:54 - [TEST_STEP][PASSED] - navigateToUrl("https://seur.com/envio-online2/new-shipping"): Navigate to 'https://seur.com/envio-online2/new-shipping' successfully

2023-10-30 11:16:38 - [MESSAGE][PASSED] - Navigate to 'https://seur.com/envio-online2/new-shipping' successfully

2023-10-30 11:16:38 - [TEST_STEP][PASSED] - delay(30): Delayed 30 second(s)

2023-10-30 11:17:08 - [MESSAGE][PASSED] - Delayed 30 second(s)

2023-10-30 11:17:08 - [TEST_STEP][PASSED] - waitForElementVisible(findTestObject("Object Repository/Log_In_Elements/button_Aceptar_Cookis"), 60, OPTIONAL): Object 'Object Repository/Log_In_Elements/button_Aceptar_Cookis' is visible

2023-10-30 11:17:09 - [MESSAGE][PASSED] - Object 'Object Repository/Log_In_Elements/button_Aceptar_Cookis' is visible

2023-10-30 11:17:09 - [TEST_STEP][PASSED] - waitForElementClickable(findTestObject("Object Repository/Log_In_Elements/button_Aceptar_Cookis"), 60, OPTIONAL): Object 'Object Repository/Log_In_Elements/button_Aceptar_Cookis' is clickable

2023-10-30 11:17:09 - [MESSAGE][PASSED] - Object 'Object Repository/Log_In_Elements/button_Aceptar_Cookis' is clickable

2023-10-30 11:17:09 - [TEST_STEP][PASSED] - click(findTestObject("Object Repository/Log_In_Elements/button_Aceptar_Cookis"), STOP_ON_FAILURE): Object: 'Object Repository/Log_In_Elements/button_Aceptar_Cookis' is clicked on

2023-10-30 11:17:10 - [MESSAGE][PASSED] - Object: 'Object Repository/Log_In_Elements/button_Aceptar_Cookis' is clicked on

2023-10-30 11:17:10 - [TEST_STEP][PASSED] - delay(5): Delayed 5 second(s)

2023-10-30 11:17:15 - [MESSAGE][PASSED] - Delayed 5 second(s)

2023-10-30 11:17:15 - [TEST_STEP][PASSED] - waitForElementVisible(findTestObject("Object Repository/Log_In_Elements/button_Siguiente"), 60, OPTIONAL): Object 'Object Repository/Log_In_Elements/button_Siguiente' is visible

2023-10-30 11:17:45 - [MESSAGE][PASSED] - Object 'Object Repository/Log_In_Elements/button_Siguiente' is visible

2023-10-30 11:17:45 - [TEST_STEP][PASSED] - waitForElementClickable(findTestObject("Object Repository/Log_In_Elements/button_Siguiente"), 60, OPTIONAL): Object 'Object Repository/Log_In_Elements/button_Siguiente' is clickable

2023-10-30 11:17:52 - [MESSAGE][PASSED] - Object 'Object Repository/Log_In_Elements/button_Siguiente' is clickable

2023-10-30 11:17:52 - [TEST_STEP][PASSED] - click(findTestObject("Object Repository/Log_In_Elements/button_Siguiente"), STOP_ON_FAILURE): Object: 'Object Repository/Log_In_Elements/button_Siguiente' is clicked on

2023-10-30 11:17:52 - [MESSAGE][PASSED] - Object: 'Object Repository/Log_In_Elements/button_Siguiente' is clicked on

2023-10-30 11:17:52 - [TEST_STEP][PASSED] - delay(5): Delayed 5 second(s)

2023-10-30 11:17:57 - [MESSAGE][PASSED] - Delayed 5 second(s)

2023-10-30 11:17:57 - [TEST_STEP][PASSED] - waitForElementVisible(findTestObject("Object Repository/Origen_Destino_Paquetes/input_Origen"), 60, OPTIONAL): Object 'Object Repository/Origen_Destino_Paquetes/input_Origen' is visible

2023-10-30 11:17:57 - [MESSAGE][PASSED] - Object 'Object Repository/Origen_Destino_Paquetes/input_Origen' is visible

2023-10-30 11:17:58 - [TEST_STEP][PASSED] - waitForElementClickable(findTestObject("Object Repository/Origen_Destino_Paquetes/input_Origen"), 60, OPTIONAL): Object 'Object Repository/Origen_Destino_Paquetes/input_Origen' is clickable

2023-10-30 11:17:58 - [MESSAGE][PASSED] - Object 'Object Repository/Origen_Destino_Paquetes/input_Origen' is clickable

2023-10-30 11:17:58 - [TEST_STEP][PASSED] - setText(findTestObject("Object Repository/Origen_Destino_Paquetes/input_Origen"), codPostalRem, STOP_ON_FAILURE): Text '29700' is set on object 'Object Repository/Origen_Destino_Paquetes/input_Origen'

2023-10-30 11:17:58 - [MESSAGE][PASSED] - Text '29700' is set on object 'Object Repository/Origen_Destino_Paquetes/input_Origen'

2023-10-30 11:17:58 - [TEST_STEP][PASSED] - delay(2): Delayed 2 second(s)

2023-10-30 11:18:01 - [MESSAGE][PASSED] - Delayed 2 second(s)

2023-10-30 11:18:01 - [TEST_STEP][PASSED] - waitForElementVisible(findTestObject("Origen_Destino_Paquetes/span_29700 - VELEZ-MALAGA"), 60, OPTIONAL): Object 'Object Repository/Origen_Destino_Paquetes/span_29700 - VELEZ-MALAGA' is visible

2023-10-30 11:18:01 - [MESSAGE][PASSED] - Object 'Object Repository/Origen_Destino_Paquetes/span_29700 - VELEZ-MALAGA' is visible

2023-10-30 11:18:01 - [TEST_STEP][PASSED] - waitForElementClickable(findTestObject("Origen_Destino_Paquetes/span_29700 - VELEZ-MALAGA"), 60, OPTIONAL): Object 'Object Repository/Origen_Destino_Paquetes/span_29700 - VELEZ-MALAGA' is clickable

2023-10-30 11:18:01 - [MESSAGE][PASSED] - Object 'Object Repository/Origen_Destino_Paquetes/span_29700 - VELEZ-MALAGA' is clickable

2023-10-30 11:18:01 - [TEST_STEP][PASSED] - click(findTestObject("Origen_Destino_Paquetes/span_29700 - VELEZ-MALAGA"), STOP_ON_FAILURE): Object: 'Object Repository/Origen_Destino_Paquetes/span_29700 - VELEZ-MALAGA' is clicked on

2023-10-30 11:18:01 - [MESSAGE][PASSED] - Object: 'Object Repository/Origen_Destino_Paquetes/span_29700 - VELEZ-MALAGA' is clicked on

2023-10-30 11:18:01 - [TEST_STEP][PASSED] - waitForElementVisible(findTestObject("Object Repository/Origen_Destino_Paquetes/input_Destino"), 60, OPTIONAL): Object 'Object Repository/Origen_Destino_Paquetes/input_Destino' is visible

2023-10-30 11:18:02 - [MESSAGE][PASSED] - Object 'Object Repository/Origen_Destino_Paquetes/input_Destino' is visible

2023-10-30 11:18:02 - [TEST_STEP][PASSED] - waitForElementClickable(findTestObject("Object Repository/Origen_Destino_Paquetes/input_Destino"), 60, OPTIONAL): Object 'Object Repository/Origen_Destino_Paquetes/input_Destino' is clickable

2023-10-30 11:18:02 - [MESSAGE][PASSED] - Object 'Object Repository/Origen_Destino_Paquetes/input_Destino' is clickable

2023-10-30 11:18:02 - [TEST_STEP][PASSED] - setText(findTestObject("Object Repository/Origen_Destino_Paquetes/input_Destino"), codPostalDes, STOP_ON_FAILURE): Text '28010' is set on object 'Object Repository/Origen_Destino_Paquetes/input_Destino'

2023-10-30 11:18:03 - [MESSAGE][PASSED] - Text '28010' is set on object 'Object Repository/Origen_Destino_Paquetes/input_Destino'

2023-10-30 11:18:03 - [TEST_STEP][PASSED] - delay(2): Delayed 2 second(s)

2023-10-30 11:18:05 - [MESSAGE][PASSED] - Delayed 2 second(s)

2023-10-30 11:18:05 - [TEST_STEP][PASSED] - waitForElementVisible(findTestObject("Origen_Destino_Paquetes/span_28010 - MADRID"), 60, OPTIONAL): Object 'Object Repository/Origen_Destino_Paquetes/span_28010 - MADRID' is visible

2023-10-30 11:18:05 - [MESSAGE][PASSED] - Object 'Object Repository/Origen_Destino_Paquetes/span_28010 - MADRID' is visible

2023-10-30 11:18:05 - [TEST_STEP][PASSED] - waitForElementClickable(findTestObject("Origen_Destino_Paquetes/span_28010 - MADRID"), 60, OPTIONAL): Object 'Object Repository/Origen_Destino_Paquetes/span_28010 - MADRID' is clickable

2023-10-30 11:18:05 - [MESSAGE][PASSED] - Object 'Object Repository/Origen_Destino_Paquetes/span_28010 - MADRID' is clickable

2023-10-30 11:18:05 - [TEST_STEP][PASSED] - click(findTestObject("Origen_Destino_Paquetes/span_28010 - MADRID"), STOP_ON_FAILURE): Object: 'Object Repository/Origen_Destino_Paquetes/span_28010 - MADRID' is clicked on

2023-10-30 11:18:06 - [MESSAGE][PASSED] - Object: 'Object Repository/Origen_Destino_Paquetes/span_28010 - MADRID' is clicked on

2023-10-30 11:18:06 - [TEST_STEP][PASSED] - waitForElementVisible(findTestObject("Origen_Destino_Paquetes/input_Paquete_peso"), 60, OPTIONAL): Object 'Object Repository/Origen_Destino_Paquetes/input_Paquete_peso' is visible

2023-10-30 11:18:06 - [MESSAGE][PASSED] - Object 'Object Repository/Origen_Destino_Paquetes/input_Paquete_peso' is visible

2023-10-30 11:18:06 - [TEST_STEP][PASSED] - waitForElementClickable(findTestObject("Origen_Destino_Paquetes/input_Paquete_peso"), 60, OPTIONAL): Object 'Object Repository/Origen_Destino_Paquetes/input_Paquete_peso' is clickable

2023-10-30 11:18:07 - [MESSAGE][PASSED] - Object 'Object Repository/Origen_Destino_Paquetes/input_Paquete_peso' is clickable

2023-10-30 11:18:07 - [TEST_STEP][PASSED] - setText(findTestObject("Origen_Destino_Paquetes/input_Paquete_peso"), pesoPaquete, STOP_ON_FAILURE): Text '6.5' is set on object 'Object Repository/Origen_Destino_Paquetes/input_Paquete_peso'

2023-10-30 11:18:07 - [MESSAGE][PASSED] - Text '6.5' is set on object 'Object Repository/Origen_Destino_Paquetes/input_Paquete_peso'

2023-10-30 11:18:07 - [TEST_STEP][PASSED] - waitForElementVisible(findTestObject("Origen_Destino_Paquetes/input_Paquete_largo"), 60, OPTIONAL): Object 'Object Repository/Origen_Destino_Paquetes/input_Paquete_largo' is visible

2023-10-30 11:18:08 - [MESSAGE][PASSED] - Object 'Object Repository/Origen_Destino_Paquetes/input_Paquete_largo' is visible

2023-10-30 11:18:08 - [TEST_STEP][PASSED] - waitForElementClickable(findTestObject("Origen_Destino_Paquetes/input_Paquete_largo"), 60, OPTIONAL): Object 'Object Repository/Origen_Destino_Paquetes/input_Paquete_largo' is clickable

2023-10-30 11:18:08 - [MESSAGE][PASSED] - Object 'Object Repository/Origen_Destino_Paquetes/input_Paquete_largo' is clickable

2023-10-30 11:18:08 - [TEST_STEP][PASSED] - setText(findTestObject("Origen_Destino_Paquetes/input_Paquete_largo"), largoPaquete, STOP_ON_FAILURE): Text '20' is set on object 'Object Repository/Origen_Destino_Paquetes/input_Paquete_largo'

2023-10-30 11:18:09 - [MESSAGE][PASSED] - Text '20' is set on object 'Object Repository/Origen_Destino_Paquetes/input_Paquete_largo'

2023-10-30 11:18:09 - [TEST_STEP][PASSED] - waitForElementVisible(findTestObject("Origen_Destino_Paquetes/input_Paquete_Ancho"), 60, OPTIONAL): Object 'Object Repository/Origen_Destino_Paquetes/input_Paquete_Ancho' is visible

2023-10-30 11:18:09 - [MESSAGE][PASSED] - Object 'Object Repository/Origen_Destino_Paquetes/input_Paquete_Ancho' is visible

2023-10-30 11:18:09 - [TEST_STEP][PASSED] - waitForElementClickable(findTestObject("Origen_Destino_Paquetes/input_Paquete_Ancho"), 60, OPTIONAL): Object 'Object Repository/Origen_Destino_Paquetes/input_Paquete_Ancho' is clickable

2023-10-30 11:18:09 - [MESSAGE][PASSED] - Object 'Object Repository/Origen_Destino_Paquetes/input_Paquete_Ancho' is clickable

2023-10-30 11:18:09 - [TEST_STEP][PASSED] - setText(findTestObject("Origen_Destino_Paquetes/input_Paquete_Ancho"), anchoPaquete, STOP_ON_FAILURE): Text '30' is set on object 'Object Repository/Origen_Destino_Paquetes/input_Paquete_Ancho'

2023-10-30 11:18:10 - [MESSAGE][PASSED] - Text '30' is set on object 'Object Repository/Origen_Destino_Paquetes/input_Paquete_Ancho'

2023-10-30 11:18:10 - [TEST_STEP][PASSED] - waitForElementVisible(findTestObject("Origen_Destino_Paquetes/input_Paquete_Alto"), 60, OPTIONAL): Object 'Object Repository/Origen_Destino_Paquetes/input_Paquete_Alto' is visible

2023-10-30 11:18:10 - [MESSAGE][PASSED] - Object 'Object Repository/Origen_Destino_Paquetes/input_Paquete_Alto' is visible

2023-10-30 11:18:10 - [TEST_STEP][PASSED] - waitForElementClickable(findTestObject("Origen_Destino_Paquetes/input_Paquete_Alto"), 60, OPTIONAL): Object 'Object Repository/Origen_Destino_Paquetes/input_Paquete_Alto' is clickable

2023-10-30 11:18:11 - [MESSAGE][PASSED] - Object 'Object Repository/Origen_Destino_Paquetes/input_Paquete_Alto' is clickable

2023-10-30 11:18:11 - [TEST_STEP][PASSED] - setText(findTestObject("Origen_Destino_Paquetes/input_Paquete_Alto"), altoPaquete, STOP_ON_FAILURE): Text '45' is set on object 'Object Repository/Origen_Destino_Paquetes/input_Paquete_Alto'

2023-10-30 11:18:11 - [MESSAGE][PASSED] - Text '45' is set on object 'Object Repository/Origen_Destino_Paquetes/input_Paquete_Alto'

2023-10-30 11:18:11 - [TEST_STEP][PASSED] - waitForElementVisible(findTestObject("Origen_Destino_Paquetes/button_Calcula tu envio"), 60, OPTIONAL): Object 'Object Repository/Origen_Destino_Paquetes/button_Calcula tu envio' is visible

2023-10-30 11:18:12 - [MESSAGE][PASSED] - Object 'Object Repository/Origen_Destino_Paquetes/button_Calcula tu envio' is visible

2023-10-30 11:18:12 - [TEST_STEP][PASSED] - waitForElementClickable(findTestObject("Origen_Destino_Paquetes/button_Calcula tu envio"), 60, OPTIONAL): Object 'Object Repository/Origen_Destino_Paquetes/button_Calcula tu envio' is clickable

2023-10-30 11:18:12 - [MESSAGE][PASSED] - Object 'Object Repository/Origen_Destino_Paquetes/button_Calcula tu envio' is clickable

2023-10-30 11:18:12 - [TEST_STEP][PASSED] - click(findTestObject("Origen_Destino_Paquetes/button_Calcula tu envio"), STOP_ON_FAILURE): Object: 'Object Repository/Origen_Destino_Paquetes/button_Calcula tu envio' is clicked on

2023-10-30 11:18:12 - [MESSAGE][PASSED] - Object: 'Object Repository/Origen_Destino_Paquetes/button_Calcula tu envio' is clicked on

2023-10-30 11:18:12 - [TEST_STEP][PASSED] - waitForElementVisible(findTestObject("Envio_Economico/button_Contratar"), 60, OPTIONAL): Object 'Object Repository/Envio_Economico/button_Contratar' is visible

2023-10-30 11:18:15 - [MESSAGE][PASSED] - Object 'Object Repository/Envio_Economico/button_Contratar' is visible

2023-10-30 11:18:15 - [TEST_STEP][PASSED] - click(findTestObject("Envio_Economico/button_Contratar"), STOP_ON_FAILURE): Object: 'Object Repository/Envio_Economico/button_Contratar' is clicked on

2023-10-30 11:18:16 - [MESSAGE][PASSED] - Object: 'Object Repository/Envio_Economico/button_Contratar' is clicked on

2023-10-30 11:18:16 - [TEST_STEP][PASSED] - waitForElementVisible(findTestObject("Forms/Origen/input_Nombre"), 60, OPTIONAL): Object 'Object Repository/Forms/Origen/input_Nombre' is visible

2023-10-30 11:18:18 - [MESSAGE][PASSED] - Object 'Object Repository/Forms/Origen/input_Nombre' is visible

2023-10-30 11:18:18 - [TEST_STEP][PASSED] - waitForElementClickable(findTestObject("Forms/Origen/input_Nombre"), 60, OPTIONAL): Object 'Object Repository/Forms/Origen/input_Nombre' is clickable

2023-10-30 11:18:18 - [MESSAGE][PASSED] - Object 'Object Repository/Forms/Origen/input_Nombre' is clickable

2023-10-30 11:18:18 - [TEST_STEP][PASSED] - setText(findTestObject("Forms/Origen/input_Nombre"), nombreRem, STOP_ON_FAILURE): Text 'Luis' is set on object 'Object Repository/Forms/Origen/input_Nombre'

2023-10-30 11:18:19 - [MESSAGE][PASSED] - Text 'Luis' is set on object 'Object Repository/Forms/Origen/input_Nombre'

2023-10-30 11:18:19 - [TEST_STEP][PASSED] - waitForElementVisible(findTestObject("Forms/Origen/input_Apellidos"), 60, OPTIONAL): Object 'Object Repository/Forms/Origen/input_Apellidos' is visible

2023-10-30 11:18:19 - [MESSAGE][PASSED] - Object 'Object Repository/Forms/Origen/input_Apellidos' is visible

2023-10-30 11:18:19 - [TEST_STEP][PASSED] - waitForElementClickable(findTestObject("Forms/Origen/input_Apellidos"), 60, OPTIONAL): Object 'Object Repository/Forms/Origen/input_Apellidos' is clickable

2023-10-30 11:18:20 - [MESSAGE][PASSED] - Object 'Object Repository/Forms/Origen/input_Apellidos' is clickable

2023-10-30 11:18:20 - [TEST_STEP][PASSED] - setText(findTestObject("Forms/Origen/input_Apellidos"), apellidosRem, STOP_ON_FAILURE): Text 'García' is set on object 'Object Repository/Forms/Origen/input_Apellidos'

2023-10-30 11:18:20 - [MESSAGE][PASSED] - Text 'García' is set on object 'Object Repository/Forms/Origen/input_Apellidos'

2023-10-30 11:18:20 - [TEST_STEP][PASSED] - waitForElementVisible(findTestObject("Forms/Origen/input_RazonSocial"), 60, OPTIONAL): Object 'Object Repository/Forms/Origen/input_RazonSocial' is visible

2023-10-30 11:18:21 - [MESSAGE][PASSED] - Object 'Object Repository/Forms/Origen/input_RazonSocial' is visible

2023-10-30 11:18:21 - [TEST_STEP][PASSED] - waitForElementClickable(findTestObject("Forms/Origen/input_RazonSocial"), 60, OPTIONAL): Object 'Object Repository/Forms/Origen/input_RazonSocial' is clickable

2023-10-30 11:18:21 - [MESSAGE][PASSED] - Object 'Object Repository/Forms/Origen/input_RazonSocial' is clickable

2023-10-30 11:18:21 - [TEST_STEP][PASSED] - setText(findTestObject("Forms/Origen/input_RazonSocial"), razSocialRem, STOP_ON_FAILURE): Text 'Razón de prueba' is set on object 'Object Repository/Forms/Origen/input_RazonSocial'

2023-10-30 11:18:22 - [MESSAGE][PASSED] - Text 'Razón de prueba' is set on object 'Object Repository/Forms/Origen/input_RazonSocial'

2023-10-30 11:18:22 - [TEST_STEP][PASSED] - waitForElementVisible(findTestObject("Forms/Origen/input_NIF"), 60, OPTIONAL): Object 'Object Repository/Forms/Origen/input_NIF' is visible

2023-10-30 11:18:22 - [MESSAGE][PASSED] - Object 'Object Repository/Forms/Origen/input_NIF' is visible

2023-10-30 11:18:22 - [TEST_STEP][PASSED] - waitForElementClickable(findTestObject("Forms/Origen/input_NIF"), 60, OPTIONAL): Object 'Object Repository/Forms/Origen/input_NIF' is clickable

2023-10-30 11:18:22 - [MESSAGE][PASSED] - Object 'Object Repository/Forms/Origen/input_NIF' is clickable

2023-10-30 11:18:22 - [TEST_STEP][PASSED] - setText(findTestObject("Forms/Origen/input_NIF"), nifRem, STOP_ON_FAILURE): Text '85590417B' is set on object 'Object Repository/Forms/Origen/input_NIF'

2023-10-30 11:18:23 - [MESSAGE][PASSED] - Text '85590417B' is set on object 'Object Repository/Forms/Origen/input_NIF'

2023-10-30 11:18:23 - [TEST_STEP][PASSED] - waitForElementVisible(findTestObject("Forms/Origen/input_email"), 60, OPTIONAL): Object 'Object Repository/Forms/Origen/input_email' is visible

2023-10-30 11:18:23 - [MESSAGE][PASSED] - Object 'Object Repository/Forms/Origen/input_email' is visible

2023-10-30 11:18:23 - [TEST_STEP][PASSED] - waitForElementClickable(findTestObject("Forms/Origen/input_email"), 60, OPTIONAL): Object 'Object Repository/Forms/Origen/input_email' is clickable

2023-10-30 11:18:24 - [MESSAGE][PASSED] - Object 'Object Repository/Forms/Origen/input_email' is clickable

2023-10-30 11:18:24 - [TEST_STEP][PASSED] - setText(findTestObject("Forms/Origen/input_email"), emailRem, STOP_ON_FAILURE): Text 'emailprueba1@email.com' is set on object 'Object Repository/Forms/Origen/input_email'

2023-10-30 11:18:24 - [MESSAGE][PASSED] - Text 'emailprueba1@email.com' is set on object 'Object Repository/Forms/Origen/input_email'

2023-10-30 11:18:24 - [TEST_STEP][PASSED] - waitForElementVisible(findTestObject("Forms/Origen/input_Phone"), 60, OPTIONAL): Object 'Object Repository/Forms/Origen/input_Phone' is visible

2023-10-30 11:18:25 - [MESSAGE][PASSED] - Object 'Object Repository/Forms/Origen/input_Phone' is visible

2023-10-30 11:18:25 - [TEST_STEP][PASSED] - waitForElementClickable(findTestObject("Forms/Origen/input_Phone"), 60, OPTIONAL): Object 'Object Repository/Forms/Origen/input_Phone' is clickable

2023-10-30 11:18:25 - [MESSAGE][PASSED] - Object 'Object Repository/Forms/Origen/input_Phone' is clickable

2023-10-30 11:18:25 - [TEST_STEP][PASSED] - setText(findTestObject("Forms/Origen/input_Phone"), numTlfRem, STOP_ON_FAILURE): Text '654709853' is set on object 'Object Repository/Forms/Origen/input_Phone'

2023-10-30 11:18:25 - [MESSAGE][PASSED] - Text '654709853' is set on object 'Object Repository/Forms/Origen/input_Phone'

2023-10-30 11:18:25 - [TEST_STEP][PASSED] - waitForElementVisible(findTestObject("Forms/Origen/input_Direccion1"), 60, OPTIONAL): Object 'Object Repository/Forms/Origen/input_Direccion1' is visible

2023-10-30 11:18:26 - [MESSAGE][PASSED] - Object 'Object Repository/Forms/Origen/input_Direccion1' is visible

2023-10-30 11:18:26 - [TEST_STEP][PASSED] - waitForElementClickable(findTestObject("Forms/Origen/input_Direccion1"), 60, OPTIONAL): Object 'Object Repository/Forms/Origen/input_Direccion1' is clickable

2023-10-30 11:18:26 - [MESSAGE][PASSED] - Object 'Object Repository/Forms/Origen/input_Direccion1' is clickable

2023-10-30 11:18:26 - [TEST_STEP][PASSED] - setText(findTestObject("Forms/Origen/input_Direccion1"), dirRem1, STOP_ON_FAILURE): Text 'Calle Prueba' is set on object 'Object Repository/Forms/Origen/input_Direccion1'

2023-10-30 11:18:27 - [MESSAGE][PASSED] - Text 'Calle Prueba' is set on object 'Object Repository/Forms/Origen/input_Direccion1'

2023-10-30 11:18:27 - [TEST_STEP][PASSED] - delay(2): Delayed 2 second(s)

2023-10-30 11:18:29 - [MESSAGE][PASSED] - Delayed 2 second(s)

2023-10-30 11:18:29 - [TEST_STEP][PASSED] - waitForElementVisible(findTestObject("Forms/Origen/button_Continuar"), 60, OPTIONAL): Object 'Object Repository/Forms/Origen/button_Continuar' is visible

2023-10-30 11:18:29 - [MESSAGE][PASSED] - Object 'Object Repository/Forms/Origen/button_Continuar' is visible

2023-10-30 11:18:29 - [TEST_STEP][PASSED] - waitForElementClickable(findTestObject("Forms/Origen/button_Continuar"), 60, OPTIONAL): Object 'Object Repository/Forms/Origen/button_Continuar' is clickable

2023-10-30 11:18:29 - [MESSAGE][PASSED] - Object 'Object Repository/Forms/Origen/button_Continuar' is clickable

2023-10-30 11:18:29 - [TEST_STEP][PASSED] - click(findTestObject("Forms/Origen/button_Continuar"), STOP_ON_FAILURE): Object: 'Object Repository/Forms/Origen/button_Continuar' is clicked on

2023-10-30 11:18:30 - [MESSAGE][PASSED] - Object: 'Object Repository/Forms/Origen/button_Continuar' is clicked on

2023-10-30 11:18:30 - [TEST_STEP][PASSED] - waitForElementVisible(findTestObject("Forms/Destino/input_Nombre"), 60, OPTIONAL): Object 'Object Repository/Forms/Destino/input_Nombre' is visible

2023-10-30 11:18:31 - [MESSAGE][PASSED] - Object 'Object Repository/Forms/Destino/input_Nombre' is visible

2023-10-30 11:18:31 - [TEST_STEP][PASSED] - waitForElementClickable(findTestObject("Forms/Destino/input_Nombre"), 60, OPTIONAL): Object 'Object Repository/Forms/Destino/input_Nombre' is clickable

2023-10-30 11:18:31 - [MESSAGE][PASSED] - Object 'Object Repository/Forms/Destino/input_Nombre' is clickable

2023-10-30 11:18:31 - [TEST_STEP][PASSED] - setText(findTestObject("Forms/Destino/input_Nombre"), nombreDes, STOP_ON_FAILURE): Text 'José Antonio' is set on object 'Object Repository/Forms/Destino/input_Nombre'

2023-10-30 11:18:32 - [MESSAGE][PASSED] - Text 'José Antonio' is set on object 'Object Repository/Forms/Destino/input_Nombre'

2023-10-30 11:18:32 - [TEST_STEP][PASSED] - waitForElementVisible(findTestObject("Forms/Destino/input_Apellidos"), 60, OPTIONAL): Object 'Object Repository/Forms/Destino/input_Apellidos' is visible

2023-10-30 11:18:33 - [MESSAGE][PASSED] - Object 'Object Repository/Forms/Destino/input_Apellidos' is visible

2023-10-30 11:18:33 - [TEST_STEP][PASSED] - waitForElementClickable(findTestObject("Forms/Destino/input_Apellidos"), 60, OPTIONAL): Object 'Object Repository/Forms/Destino/input_Apellidos' is clickable

2023-10-30 11:18:33 - [MESSAGE][PASSED] - Object 'Object Repository/Forms/Destino/input_Apellidos' is clickable

2023-10-30 11:18:33 - [TEST_STEP][PASSED] - setText(findTestObject("Forms/Destino/input_Apellidos"), apellidosDes, STOP_ON_FAILURE): Text 'Lozano' is set on object 'Object Repository/Forms/Destino/input_Apellidos'

2023-10-30 11:18:33 - [MESSAGE][PASSED] - Text 'Lozano' is set on object 'Object Repository/Forms/Destino/input_Apellidos'

2023-10-30 11:18:33 - [TEST_STEP][PASSED] - waitForElementVisible(findTestObject("Forms/Destino/input_RazonSocial"), 60, OPTIONAL): Object 'Object Repository/Forms/Destino/input_RazonSocial' is visible

2023-10-30 11:18:34 - [MESSAGE][PASSED] - Object 'Object Repository/Forms/Destino/input_RazonSocial' is visible

2023-10-30 11:18:34 - [TEST_STEP][PASSED] - waitForElementClickable(findTestObject("Forms/Destino/input_RazonSocial"), 60, OPTIONAL): Object 'Object Repository/Forms/Destino/input_RazonSocial' is clickable

2023-10-30 11:18:34 - [MESSAGE][PASSED] - Object 'Object Repository/Forms/Destino/input_RazonSocial' is clickable

2023-10-30 11:18:34 - [TEST_STEP][PASSED] - setText(findTestObject("Forms/Destino/input_RazonSocial"), razonSocialDes, STOP_ON_FAILURE): Text 'Otra razón de prueba' is set on object 'Object Repository/Forms/Destino/input_RazonSocial'

2023-10-30 11:18:35 - [MESSAGE][PASSED] - Text 'Otra razón de prueba' is set on object 'Object Repository/Forms/Destino/input_RazonSocial'

2023-10-30 11:18:35 - [TEST_STEP][PASSED] - waitForElementVisible(findTestObject("Forms/Destino/input_Email"), 60, OPTIONAL): Object 'Object Repository/Forms/Destino/input_Email' is visible

2023-10-30 11:18:35 - [MESSAGE][PASSED] - Object 'Object Repository/Forms/Destino/input_Email' is visible

2023-10-30 11:18:35 - [TEST_STEP][PASSED] - waitForElementClickable(findTestObject("Forms/Destino/input_Email"), 60, OPTIONAL): Object 'Object Repository/Forms/Destino/input_Email' is clickable

2023-10-30 11:18:35 - [MESSAGE][PASSED] - Object 'Object Repository/Forms/Destino/input_Email' is clickable

2023-10-30 11:18:35 - [TEST_STEP][PASSED] - setText(findTestObject("Forms/Destino/input_Email"), emailRem, STOP_ON_FAILURE): Text 'emailprueba1@email.com' is set on object 'Object Repository/Forms/Destino/input_Email'

2023-10-30 11:18:36 - [MESSAGE][PASSED] - Text 'emailprueba1@email.com' is set on object 'Object Repository/Forms/Destino/input_Email'

2023-10-30 11:18:36 - [TEST_STEP][PASSED] - waitForElementVisible(findTestObject("Forms/Destino/input_Phone"), 60, OPTIONAL): Object 'Object Repository/Forms/Destino/input_Phone' is visible

2023-10-30 11:18:36 - [MESSAGE][PASSED] - Object 'Object Repository/Forms/Destino/input_Phone' is visible

2023-10-30 11:18:36 - [TEST_STEP][PASSED] - waitForElementClickable(findTestObject("Forms/Destino/input_Phone"), 60, OPTIONAL): Object 'Object Repository/Forms/Destino/input_Phone' is clickable

2023-10-30 11:18:37 - [MESSAGE][PASSED] - Object 'Object Repository/Forms/Destino/input_Phone' is clickable

2023-10-30 11:18:37 - [TEST_STEP][PASSED] - setText(findTestObject("Forms/Destino/input_Phone"), numTlfRem, STOP_ON_FAILURE): Text '654709853' is set on object 'Object Repository/Forms/Destino/input_Phone'

2023-10-30 11:18:37 - [MESSAGE][PASSED] - Text '654709853' is set on object 'Object Repository/Forms/Destino/input_Phone'

2023-10-30 11:18:37 - [TEST_STEP][PASSED] - delay(2): Delayed 2 second(s)

2023-10-30 11:18:39 - [MESSAGE][PASSED] - Delayed 2 second(s)

2023-10-30 11:18:39 - [TEST_STEP][PASSED] - waitForElementVisible(findTestObject("Seur_Tienda_Tienda/button_Elige un punto Pickup"), 60, OPTIONAL): Object 'Object Repository/Seur_Tienda_Tienda/button_Elige un punto Pickup' is visible

2023-10-30 11:18:40 - [MESSAGE][PASSED] - Object 'Object Repository/Seur_Tienda_Tienda/button_Elige un punto Pickup' is visible

2023-10-30 11:18:40 - [TEST_STEP][PASSED] - waitForElementClickable(findTestObject("Seur_Tienda_Tienda/button_Elige un punto Pickup"), 60, OPTIONAL): Object 'Object Repository/Seur_Tienda_Tienda/button_Elige un punto Pickup' is clickable

2023-10-30 11:18:40 - [MESSAGE][PASSED] - Object 'Object Repository/Seur_Tienda_Tienda/button_Elige un punto Pickup' is clickable

2023-10-30 11:18:40 - [TEST_STEP][PASSED] - click(findTestObject("Seur_Tienda_Tienda/button_Elige un punto Pickup"), STOP_ON_FAILURE): Object: 'Object Repository/Seur_Tienda_Tienda/button_Elige un punto Pickup' is clicked on

2023-10-30 11:18:40 - [MESSAGE][PASSED] - Object: 'Object Repository/Seur_Tienda_Tienda/button_Elige un punto Pickup' is clicked on

2023-10-30 11:18:40 - [TEST_STEP][PASSED] - waitForElementVisible(findTestObject("Seur_Tienda_Tienda/button_Seleccionar tienda"), 60, OPTIONAL): Object 'Object Repository/Seur_Tienda_Tienda/button_Seleccionar tienda' is visible

2023-10-30 11:18:42 - [MESSAGE][PASSED] - Object 'Object Repository/Seur_Tienda_Tienda/button_Seleccionar tienda' is visible

2023-10-30 11:18:42 - [TEST_STEP][PASSED] - verifyElementClickable(findTestObject("Seur_Tienda_Tienda/button_Seleccionar tienda")): Object 'Object Repository/Seur_Tienda_Tienda/button_Seleccionar tienda' is clickable

2023-10-30 11:18:43 - [MESSAGE][PASSED] - Object 'Object Repository/Seur_Tienda_Tienda/button_Seleccionar tienda' is clickable

2023-10-30 11:18:43 - [TEST_STEP][PASSED] - takeScreenshot(): Taking screenshot successfully

2023-10-30 11:18:43 - [MESSAGE][PASSED] - Taking screenshot successfully
[[ATTACHMENT|C:\\Jenkins\\workspace\\Katalon_WebRecogidas_PRO\\Reports\\20231030_111542\\TS_Envios_PRO\\20231030_111543\\1698661123306.png]]

2023-10-30 11:18:43 - [TEST_STEP][PASSED] - click(findTestObject("Seur_Tienda_Tienda/button_Seleccionar tienda"), STOP_ON_FAILURE): Object: 'Object Repository/Seur_Tienda_Tienda/button_Seleccionar tienda' is clicked on

2023-10-30 11:18:43 - [MESSAGE][PASSED] - Object: 'Object Repository/Seur_Tienda_Tienda/button_Seleccionar tienda' is clicked on

2023-10-30 11:18:43 - [TEST_STEP][PASSED] - waitForElementVisible(findTestObject("Forms/Destino/button_Continuar"), 60, OPTIONAL): Object 'Object Repository/Forms/Destino/button_Continuar' is visible

2023-10-30 11:18:44 - [MESSAGE][PASSED] - Object 'Object Repository/Forms/Destino/button_Continuar' is visible

2023-10-30 11:18:44 - [TEST_STEP][PASSED] - waitForElementClickable(findTestObject("Forms/Destino/button_Continuar"), 60, OPTIONAL): Object 'Object Repository/Forms/Destino/button_Continuar' is clickable

2023-10-30 11:18:44 - [MESSAGE][PASSED] - Object 'Object Repository/Forms/Destino/button_Continuar' is clickable

2023-10-30 11:18:44 - [TEST_STEP][PASSED] - click(findTestObject("Forms/Destino/button_Continuar"), STOP_ON_FAILURE): Object: 'Object Repository/Forms/Destino/button_Continuar' is clicked on

2023-10-30 11:18:45 - [MESSAGE][PASSED] - Object: 'Object Repository/Forms/Destino/button_Continuar' is clicked on

2023-10-30 11:18:45 - [TEST_STEP][PASSED] - if (editar.equalsIgnoreCase("S")): null

2023-10-30 11:18:45 - [TEST_STEP][PASSED] - else: Text of object 'Object Repository/Resumen_Checks/label_total' is: '13,00 €'

2023-10-30 11:18:45 - [TEST_STEP][PASSED] - precioSinIVALbl = getText(findTestObject("Resumen_Checks/label_sinIva")).toString(): Text of object 'Object Repository/Resumen_Checks/label_sinIva' is: '10,74 €'

2023-10-30 11:19:15 - [MESSAGE][PASSED] - Text of object 'Object Repository/Resumen_Checks/label_sinIva' is: '10,74 €'

2023-10-30 11:19:15 - [TEST_STEP][PASSED] - precioConIVALbl = getText(findTestObject("Resumen_Checks/label_conIva")).toString(): Text of object 'Object Repository/Resumen_Checks/label_conIva' is: '2,26 €'

2023-10-30 11:19:28 - [MESSAGE][PASSED] - Text of object 'Object Repository/Resumen_Checks/label_conIva' is: '2,26 €'

2023-10-30 11:19:28 - [TEST_STEP][PASSED] - precioTotalLbl = getText(findTestObject("Resumen_Checks/label_total")).toString(): Text of object 'Object Repository/Resumen_Checks/label_total' is: '13,00 €'

2023-10-30 11:19:28 - [MESSAGE][PASSED] - Text of object 'Object Repository/Resumen_Checks/label_total' is: '13,00 €'

2023-10-30 11:19:28 - [TEST_STEP][PASSED] - markPassed("Recogidas / 01 - Envio Economico"): Recogidas / 01 - Envio Economico

2023-10-30 11:19:28 - [MESSAGE][PASSED] - Recogidas / 01 - Envio Economico

2023-10-30 11:19:28 - [TEST_STEP][PASSED] - Finally: Browser is closed

2023-10-30 11:19:28 - [TEST_STEP][PASSED] - closeBrowser(): Browser is closed

2023-10-30 11:19:29 - [MESSAGE][PASSED] - Browser is closed]]></system-out>
         <system-err><![CDATA[]]></system-err>
      </testcase>
      <testcase name="Test Cases/Scripts_PRO/02 - Envio_DuranteTodoElDia" time="227.177" classname="Test Cases/Scripts_PRO/02 - Envio_DuranteTodoElDia" status="PASSED">
         <system-out><![CDATA[2023-10-30 11:19:29 - [TEST_CASE][PASSED] - Test Cases/Scripts_PRO/02 - Envio_DuranteTodoElDia: Test Cases/Scripts_PRO/02 - Envio_DuranteTodoElDia

2023-10-30 11:19:30 - [TEST_STEP][PASSED] - setWebDriverPreferencesProperty("args", ["window-size=1920,1080"]): null

2023-10-30 11:19:30 - [TEST_STEP][PASSED] - try: Recogidas / 02 - Envio durante todo el dia

2023-10-30 11:19:30 - [TEST_STEP][PASSED] - openBrowser(""): Browser is opened with url: ''

2023-10-30 11:19:30 - [MESSAGE][INFO] - Starting 'Chrome' driver

2023-10-30 11:19:30 - [MESSAGE][INFO] - User set preference: ['args', '[window-size=1920,1080]']

2023-10-30 11:19:30 - [MESSAGE][INFO] - Action delay is set to 0 milliseconds

2023-10-30 11:19:32 - [MESSAGE][PASSED] - Browser is opened with url: ''

2023-10-30 11:19:32 - [TEST_STEP][PASSED] - maximizeWindow(): Current window maximized

2023-10-30 11:19:32 - [MESSAGE][PASSED] - Current window maximized

2023-10-30 11:19:32 - [TEST_STEP][PASSED] - navigateToUrl("https://seur.com/envio-online2/new-shipping"): Navigate to 'https://seur.com/envio-online2/new-shipping' successfully

2023-10-30 11:20:16 - [MESSAGE][PASSED] - Navigate to 'https://seur.com/envio-online2/new-shipping' successfully

2023-10-30 11:20:16 - [TEST_STEP][PASSED] - delay(30): Delayed 30 second(s)

2023-10-30 11:20:46 - [MESSAGE][PASSED] - Delayed 30 second(s)

2023-10-30 11:20:46 - [TEST_STEP][PASSED] - waitForElementVisible(findTestObject("Object Repository/Log_In_Elements/button_Aceptar_Cookis"), 60, OPTIONAL): Object 'Object Repository/Log_In_Elements/button_Aceptar_Cookis' is visible

2023-10-30 11:20:46 - [MESSAGE][PASSED] - Object 'Object Repository/Log_In_Elements/button_Aceptar_Cookis' is visible

2023-10-30 11:20:46 - [TEST_STEP][PASSED] - waitForElementClickable(findTestObject("Object Repository/Log_In_Elements/button_Aceptar_Cookis"), 60, OPTIONAL): Object 'Object Repository/Log_In_Elements/button_Aceptar_Cookis' is clickable

2023-10-30 11:20:47 - [MESSAGE][PASSED] - Object 'Object Repository/Log_In_Elements/button_Aceptar_Cookis' is clickable

2023-10-30 11:20:47 - [TEST_STEP][PASSED] - click(findTestObject("Object Repository/Log_In_Elements/button_Aceptar_Cookis"), STOP_ON_FAILURE): Object: 'Object Repository/Log_In_Elements/button_Aceptar_Cookis' is clicked on

2023-10-30 11:20:47 - [MESSAGE][PASSED] - Object: 'Object Repository/Log_In_Elements/button_Aceptar_Cookis' is clicked on

2023-10-30 11:20:47 - [TEST_STEP][PASSED] - delay(5): Delayed 5 second(s)

2023-10-30 11:20:52 - [MESSAGE][PASSED] - Delayed 5 second(s)

2023-10-30 11:20:52 - [TEST_STEP][PASSED] - waitForElementVisible(findTestObject("Object Repository/Log_In_Elements/button_Siguiente"), 60, OPTIONAL): Object 'Object Repository/Log_In_Elements/button_Siguiente' is visible

2023-10-30 11:21:22 - [MESSAGE][PASSED] - Object 'Object Repository/Log_In_Elements/button_Siguiente' is visible

2023-10-30 11:21:22 - [TEST_STEP][PASSED] - waitForElementClickable(findTestObject("Object Repository/Log_In_Elements/button_Siguiente"), 60, OPTIONAL): Object 'Object Repository/Log_In_Elements/button_Siguiente' is clickable

2023-10-30 11:21:29 - [MESSAGE][PASSED] - Object 'Object Repository/Log_In_Elements/button_Siguiente' is clickable

2023-10-30 11:21:29 - [TEST_STEP][PASSED] - click(findTestObject("Object Repository/Log_In_Elements/button_Siguiente"), STOP_ON_FAILURE): Object: 'Object Repository/Log_In_Elements/button_Siguiente' is clicked on

2023-10-30 11:21:30 - [MESSAGE][PASSED] - Object: 'Object Repository/Log_In_Elements/button_Siguiente' is clicked on

2023-10-30 11:21:30 - [TEST_STEP][PASSED] - delay(5): Delayed 5 second(s)

2023-10-30 11:21:35 - [MESSAGE][PASSED] - Delayed 5 second(s)

2023-10-30 11:21:35 - [TEST_STEP][PASSED] - waitForElementVisible(findTestObject("Origen_Destino_Paquetes/input_Origen"), 60, OPTIONAL): Object 'Object Repository/Origen_Destino_Paquetes/input_Origen' is visible

2023-10-30 11:21:35 - [MESSAGE][PASSED] - Object 'Object Repository/Origen_Destino_Paquetes/input_Origen' is visible

2023-10-30 11:21:35 - [TEST_STEP][PASSED] - waitForElementClickable(findTestObject("Origen_Destino_Paquetes/input_Origen"), 60, OPTIONAL): Object 'Object Repository/Origen_Destino_Paquetes/input_Origen' is clickable

2023-10-30 11:21:35 - [MESSAGE][PASSED] - Object 'Object Repository/Origen_Destino_Paquetes/input_Origen' is clickable

2023-10-30 11:21:35 - [TEST_STEP][PASSED] - setText(findTestObject("Origen_Destino_Paquetes/input_Origen"), codPostalRem, STOP_ON_FAILURE): Text '29700' is set on object 'Object Repository/Origen_Destino_Paquetes/input_Origen'

2023-10-30 11:21:36 - [MESSAGE][PASSED] - Text '29700' is set on object 'Object Repository/Origen_Destino_Paquetes/input_Origen'

2023-10-30 11:21:36 - [TEST_STEP][PASSED] - delay(2): Delayed 2 second(s)

2023-10-30 11:21:38 - [MESSAGE][PASSED] - Delayed 2 second(s)

2023-10-30 11:21:38 - [TEST_STEP][PASSED] - waitForElementVisible(findTestObject("Origen_Destino_Paquetes/span_29700 - VELEZ-MALAGA"), 60, OPTIONAL): Object 'Object Repository/Origen_Destino_Paquetes/span_29700 - VELEZ-MALAGA' is visible

2023-10-30 11:21:38 - [MESSAGE][PASSED] - Object 'Object Repository/Origen_Destino_Paquetes/span_29700 - VELEZ-MALAGA' is visible

2023-10-30 11:21:38 - [TEST_STEP][PASSED] - waitForElementClickable(findTestObject("Origen_Destino_Paquetes/span_29700 - VELEZ-MALAGA"), 60, OPTIONAL): Object 'Object Repository/Origen_Destino_Paquetes/span_29700 - VELEZ-MALAGA' is clickable

2023-10-30 11:21:38 - [MESSAGE][PASSED] - Object 'Object Repository/Origen_Destino_Paquetes/span_29700 - VELEZ-MALAGA' is clickable

2023-10-30 11:21:38 - [TEST_STEP][PASSED] - click(findTestObject("Origen_Destino_Paquetes/span_29700 - VELEZ-MALAGA"), STOP_ON_FAILURE): Object: 'Object Repository/Origen_Destino_Paquetes/span_29700 - VELEZ-MALAGA' is clicked on

2023-10-30 11:21:39 - [MESSAGE][PASSED] - Object: 'Object Repository/Origen_Destino_Paquetes/span_29700 - VELEZ-MALAGA' is clicked on

2023-10-30 11:21:39 - [TEST_STEP][PASSED] - waitForElementVisible(findTestObject("Origen_Destino_Paquetes/input_Destino"), 60, OPTIONAL): Object 'Object Repository/Origen_Destino_Paquetes/input_Destino' is visible

2023-10-30 11:21:39 - [MESSAGE][PASSED] - Object 'Object Repository/Origen_Destino_Paquetes/input_Destino' is visible

2023-10-30 11:21:39 - [TEST_STEP][PASSED] - waitForElementClickable(findTestObject("Origen_Destino_Paquetes/input_Destino"), 60, OPTIONAL): Object 'Object Repository/Origen_Destino_Paquetes/input_Destino' is clickable

2023-10-30 11:21:39 - [MESSAGE][PASSED] - Object 'Object Repository/Origen_Destino_Paquetes/input_Destino' is clickable

2023-10-30 11:21:39 - [TEST_STEP][PASSED] - setText(findTestObject("Origen_Destino_Paquetes/input_Destino"), codPostalDes, STOP_ON_FAILURE): Text '28010' is set on object 'Object Repository/Origen_Destino_Paquetes/input_Destino'

2023-10-30 11:21:40 - [MESSAGE][PASSED] - Text '28010' is set on object 'Object Repository/Origen_Destino_Paquetes/input_Destino'

2023-10-30 11:21:40 - [TEST_STEP][PASSED] - delay(2): Delayed 2 second(s)

2023-10-30 11:21:42 - [MESSAGE][PASSED] - Delayed 2 second(s)

2023-10-30 11:21:42 - [TEST_STEP][PASSED] - waitForElementVisible(findTestObject("Origen_Destino_Paquetes/span_28010 - MADRID"), 60, OPTIONAL): Object 'Object Repository/Origen_Destino_Paquetes/span_28010 - MADRID' is visible

2023-10-30 11:21:42 - [MESSAGE][PASSED] - Object 'Object Repository/Origen_Destino_Paquetes/span_28010 - MADRID' is visible

2023-10-30 11:21:42 - [TEST_STEP][PASSED] - waitForElementClickable(findTestObject("Origen_Destino_Paquetes/span_28010 - MADRID"), 60, OPTIONAL): Object 'Object Repository/Origen_Destino_Paquetes/span_28010 - MADRID' is clickable

2023-10-30 11:21:43 - [MESSAGE][PASSED] - Object 'Object Repository/Origen_Destino_Paquetes/span_28010 - MADRID' is clickable

2023-10-30 11:21:43 - [TEST_STEP][PASSED] - delay(2): Delayed 2 second(s)

2023-10-30 11:21:45 - [MESSAGE][PASSED] - Delayed 2 second(s)

2023-10-30 11:21:45 - [TEST_STEP][PASSED] - click(findTestObject("Origen_Destino_Paquetes/span_28010 - MADRID"), STOP_ON_FAILURE): Object: 'Object Repository/Origen_Destino_Paquetes/span_28010 - MADRID' is clicked on

2023-10-30 11:21:45 - [MESSAGE][PASSED] - Object: 'Object Repository/Origen_Destino_Paquetes/span_28010 - MADRID' is clicked on

2023-10-30 11:21:45 - [TEST_STEP][PASSED] - waitForElementVisible(findTestObject("Origen_Destino_Paquetes/input_Paquete_peso"), 60, OPTIONAL): Object 'Object Repository/Origen_Destino_Paquetes/input_Paquete_peso' is visible

2023-10-30 11:21:45 - [MESSAGE][PASSED] - Object 'Object Repository/Origen_Destino_Paquetes/input_Paquete_peso' is visible

2023-10-30 11:21:45 - [TEST_STEP][PASSED] - waitForElementClickable(findTestObject("Origen_Destino_Paquetes/input_Paquete_peso"), 60, OPTIONAL): Object 'Object Repository/Origen_Destino_Paquetes/input_Paquete_peso' is clickable

2023-10-30 11:21:46 - [MESSAGE][PASSED] - Object 'Object Repository/Origen_Destino_Paquetes/input_Paquete_peso' is clickable

2023-10-30 11:21:46 - [TEST_STEP][PASSED] - setText(findTestObject("Origen_Destino_Paquetes/input_Paquete_peso"), pesoPaquete, STOP_ON_FAILURE): Text '2.5' is set on object 'Object Repository/Origen_Destino_Paquetes/input_Paquete_peso'

2023-10-30 11:21:46 - [MESSAGE][PASSED] - Text '2.5' is set on object 'Object Repository/Origen_Destino_Paquetes/input_Paquete_peso'

2023-10-30 11:21:46 - [TEST_STEP][PASSED] - waitForElementVisible(findTestObject("Origen_Destino_Paquetes/input_Paquete_largo"), 60, OPTIONAL): Object 'Object Repository/Origen_Destino_Paquetes/input_Paquete_largo' is visible

2023-10-30 11:21:47 - [MESSAGE][PASSED] - Object 'Object Repository/Origen_Destino_Paquetes/input_Paquete_largo' is visible

2023-10-30 11:21:47 - [TEST_STEP][PASSED] - waitForElementClickable(findTestObject("Origen_Destino_Paquetes/input_Paquete_largo"), 60, OPTIONAL): Object 'Object Repository/Origen_Destino_Paquetes/input_Paquete_largo' is clickable

2023-10-30 11:21:47 - [MESSAGE][PASSED] - Object 'Object Repository/Origen_Destino_Paquetes/input_Paquete_largo' is clickable

2023-10-30 11:21:47 - [TEST_STEP][PASSED] - setText(findTestObject("Origen_Destino_Paquetes/input_Paquete_largo"), largoPaquete, STOP_ON_FAILURE): Text '10' is set on object 'Object Repository/Origen_Destino_Paquetes/input_Paquete_largo'

2023-10-30 11:21:48 - [MESSAGE][PASSED] - Text '10' is set on object 'Object Repository/Origen_Destino_Paquetes/input_Paquete_largo'

2023-10-30 11:21:48 - [TEST_STEP][PASSED] - waitForElementVisible(findTestObject("Origen_Destino_Paquetes/input_Paquete_Ancho"), 60, OPTIONAL): Object 'Object Repository/Origen_Destino_Paquetes/input_Paquete_Ancho' is visible

2023-10-30 11:21:48 - [MESSAGE][PASSED] - Object 'Object Repository/Origen_Destino_Paquetes/input_Paquete_Ancho' is visible

2023-10-30 11:21:48 - [TEST_STEP][PASSED] - waitForElementClickable(findTestObject("Origen_Destino_Paquetes/input_Paquete_Ancho"), 60, OPTIONAL): Object 'Object Repository/Origen_Destino_Paquetes/input_Paquete_Ancho' is clickable

2023-10-30 11:21:48 - [MESSAGE][PASSED] - Object 'Object Repository/Origen_Destino_Paquetes/input_Paquete_Ancho' is clickable

2023-10-30 11:21:48 - [TEST_STEP][PASSED] - setText(findTestObject("Origen_Destino_Paquetes/input_Paquete_Ancho"), anchoPaquete, STOP_ON_FAILURE): Text '5' is set on object 'Object Repository/Origen_Destino_Paquetes/input_Paquete_Ancho'

2023-10-30 11:21:49 - [MESSAGE][PASSED] - Text '5' is set on object 'Object Repository/Origen_Destino_Paquetes/input_Paquete_Ancho'

2023-10-30 11:21:49 - [TEST_STEP][PASSED] - waitForElementVisible(findTestObject("Origen_Destino_Paquetes/input_Paquete_Alto"), 60, OPTIONAL): Object 'Object Repository/Origen_Destino_Paquetes/input_Paquete_Alto' is visible

2023-10-30 11:21:49 - [MESSAGE][PASSED] - Object 'Object Repository/Origen_Destino_Paquetes/input_Paquete_Alto' is visible

2023-10-30 11:21:49 - [TEST_STEP][PASSED] - waitForElementClickable(findTestObject("Origen_Destino_Paquetes/input_Paquete_Alto"), 60, OPTIONAL): Object 'Object Repository/Origen_Destino_Paquetes/input_Paquete_Alto' is clickable

2023-10-30 11:21:50 - [MESSAGE][PASSED] - Object 'Object Repository/Origen_Destino_Paquetes/input_Paquete_Alto' is clickable

2023-10-30 11:21:50 - [TEST_STEP][PASSED] - setText(findTestObject("Origen_Destino_Paquetes/input_Paquete_Alto"), altoPaquete, STOP_ON_FAILURE): Text '10' is set on object 'Object Repository/Origen_Destino_Paquetes/input_Paquete_Alto'

2023-10-30 11:21:50 - [MESSAGE][PASSED] - Text '10' is set on object 'Object Repository/Origen_Destino_Paquetes/input_Paquete_Alto'

2023-10-30 11:21:50 - [TEST_STEP][PASSED] - waitForElementVisible(findTestObject("Origen_Destino_Paquetes/button_Calcula tu envio"), 60, OPTIONAL): Object 'Object Repository/Origen_Destino_Paquetes/button_Calcula tu envio' is visible

2023-10-30 11:21:51 - [MESSAGE][PASSED] - Object 'Object Repository/Origen_Destino_Paquetes/button_Calcula tu envio' is visible

2023-10-30 11:21:51 - [TEST_STEP][PASSED] - waitForElementClickable(findTestObject("Origen_Destino_Paquetes/button_Calcula tu envio"), 60, OPTIONAL): Object 'Object Repository/Origen_Destino_Paquetes/button_Calcula tu envio' is clickable

2023-10-30 11:21:51 - [MESSAGE][PASSED] - Object 'Object Repository/Origen_Destino_Paquetes/button_Calcula tu envio' is clickable

2023-10-30 11:21:51 - [TEST_STEP][PASSED] - click(findTestObject("Origen_Destino_Paquetes/button_Calcula tu envio"), STOP_ON_FAILURE): Object: 'Object Repository/Origen_Destino_Paquetes/button_Calcula tu envio' is clicked on

2023-10-30 11:21:51 - [MESSAGE][PASSED] - Object: 'Object Repository/Origen_Destino_Paquetes/button_Calcula tu envio' is clicked on

2023-10-30 11:21:51 - [TEST_STEP][PASSED] - waitForElementVisible(findTestObject("Seur_Envio_Durante_Todo_El_Dia/button_Contratar_Durante todo el dia"), 60, OPTIONAL): Object 'Object Repository/Seur_Envio_Durante_Todo_El_Dia/button_Contratar_Durante todo el dia' is visible

2023-10-30 11:21:55 - [MESSAGE][PASSED] - Object 'Object Repository/Seur_Envio_Durante_Todo_El_Dia/button_Contratar_Durante todo el dia' is visible

2023-10-30 11:21:55 - [TEST_STEP][PASSED] - waitForElementClickable(findTestObject("Seur_Envio_Durante_Todo_El_Dia/button_Contratar_Durante todo el dia"), 60, OPTIONAL): Object 'Object Repository/Seur_Envio_Durante_Todo_El_Dia/button_Contratar_Durante todo el dia' is clickable

2023-10-30 11:21:56 - [MESSAGE][PASSED] - Object 'Object Repository/Seur_Envio_Durante_Todo_El_Dia/button_Contratar_Durante todo el dia' is clickable

2023-10-30 11:21:56 - [TEST_STEP][PASSED] - click(findTestObject("Seur_Envio_Durante_Todo_El_Dia/button_Contratar_Durante todo el dia"), STOP_ON_FAILURE): Object: 'Object Repository/Seur_Envio_Durante_Todo_El_Dia/button_Contratar_Durante todo el dia' is clicked on

2023-10-30 11:21:56 - [MESSAGE][PASSED] - Object: 'Object Repository/Seur_Envio_Durante_Todo_El_Dia/button_Contratar_Durante todo el dia' is clicked on

2023-10-30 11:21:56 - [TEST_STEP][PASSED] - waitForElementVisible(findTestObject("Forms/Origen/input_Nombre"), 60, OPTIONAL): Object 'Object Repository/Forms/Origen/input_Nombre' is visible

2023-10-30 11:22:00 - [MESSAGE][PASSED] - Object 'Object Repository/Forms/Origen/input_Nombre' is visible

2023-10-30 11:22:00 - [TEST_STEP][PASSED] - waitForElementClickable(findTestObject("Forms/Origen/input_Nombre"), 60, OPTIONAL): Object 'Object Repository/Forms/Origen/input_Nombre' is clickable

2023-10-30 11:22:00 - [MESSAGE][PASSED] - Object 'Object Repository/Forms/Origen/input_Nombre' is clickable

2023-10-30 11:22:00 - [TEST_STEP][PASSED] - setText(findTestObject("Forms/Origen/input_Nombre"), nombreRem, STOP_ON_FAILURE): Text 'Sara' is set on object 'Object Repository/Forms/Origen/input_Nombre'

2023-10-30 11:22:01 - [MESSAGE][PASSED] - Text 'Sara' is set on object 'Object Repository/Forms/Origen/input_Nombre'

2023-10-30 11:22:01 - [TEST_STEP][PASSED] - waitForElementVisible(findTestObject("Forms/Origen/input_Apellidos"), 60, OPTIONAL): Object 'Object Repository/Forms/Origen/input_Apellidos' is visible

2023-10-30 11:22:02 - [MESSAGE][PASSED] - Object 'Object Repository/Forms/Origen/input_Apellidos' is visible

2023-10-30 11:22:02 - [TEST_STEP][PASSED] - waitForElementClickable(findTestObject("Forms/Origen/input_Apellidos"), 60, OPTIONAL): Object 'Object Repository/Forms/Origen/input_Apellidos' is clickable

2023-10-30 11:22:02 - [MESSAGE][PASSED] - Object 'Object Repository/Forms/Origen/input_Apellidos' is clickable

2023-10-30 11:22:02 - [TEST_STEP][PASSED] - setText(findTestObject("Forms/Origen/input_Apellidos"), apellidosRem, STOP_ON_FAILURE): Text 'España' is set on object 'Object Repository/Forms/Origen/input_Apellidos'

2023-10-30 11:22:02 - [MESSAGE][PASSED] - Text 'España' is set on object 'Object Repository/Forms/Origen/input_Apellidos'

2023-10-30 11:22:02 - [TEST_STEP][PASSED] - waitForElementVisible(findTestObject("Forms/Origen/input_RazonSocial"), 60, OPTIONAL): Object 'Object Repository/Forms/Origen/input_RazonSocial' is visible

2023-10-30 11:22:03 - [MESSAGE][PASSED] - Object 'Object Repository/Forms/Origen/input_RazonSocial' is visible

2023-10-30 11:22:03 - [TEST_STEP][PASSED] - waitForElementClickable(findTestObject("Forms/Origen/input_RazonSocial"), 60, OPTIONAL): Object 'Object Repository/Forms/Origen/input_RazonSocial' is clickable

2023-10-30 11:22:03 - [MESSAGE][PASSED] - Object 'Object Repository/Forms/Origen/input_RazonSocial' is clickable

2023-10-30 11:22:03 - [TEST_STEP][PASSED] - setText(findTestObject("Forms/Origen/input_RazonSocial"), razSocialRem, STOP_ON_FAILURE): Text 'Razón de prueba 2' is set on object 'Object Repository/Forms/Origen/input_RazonSocial'

2023-10-30 11:22:04 - [MESSAGE][PASSED] - Text 'Razón de prueba 2' is set on object 'Object Repository/Forms/Origen/input_RazonSocial'

2023-10-30 11:22:04 - [TEST_STEP][PASSED] - waitForElementVisible(findTestObject("Forms/Origen/input_NIF"), 60, OPTIONAL): Object 'Object Repository/Forms/Origen/input_NIF' is visible

2023-10-30 11:22:04 - [MESSAGE][PASSED] - Object 'Object Repository/Forms/Origen/input_NIF' is visible

2023-10-30 11:22:04 - [TEST_STEP][PASSED] - waitForElementClickable(findTestObject("Forms/Origen/input_NIF"), 60, OPTIONAL): Object 'Object Repository/Forms/Origen/input_NIF' is clickable

2023-10-30 11:22:04 - [MESSAGE][PASSED] - Object 'Object Repository/Forms/Origen/input_NIF' is clickable

2023-10-30 11:22:04 - [TEST_STEP][PASSED] - setText(findTestObject("Forms/Origen/input_NIF"), nifRem, STOP_ON_FAILURE): Text '93195190H' is set on object 'Object Repository/Forms/Origen/input_NIF'

2023-10-30 11:22:05 - [MESSAGE][PASSED] - Text '93195190H' is set on object 'Object Repository/Forms/Origen/input_NIF'

2023-10-30 11:22:05 - [TEST_STEP][PASSED] - waitForElementVisible(findTestObject("Forms/Origen/input_Email"), 60, OPTIONAL): Object 'Object Repository/Forms/Origen/input_Email' is visible

2023-10-30 11:22:06 - [MESSAGE][PASSED] - Object 'Object Repository/Forms/Origen/input_Email' is visible

2023-10-30 11:22:06 - [TEST_STEP][PASSED] - waitForElementClickable(findTestObject("Forms/Origen/input_Email"), 60, OPTIONAL): Object 'Object Repository/Forms/Origen/input_Email' is clickable

2023-10-30 11:22:06 - [MESSAGE][PASSED] - Object 'Object Repository/Forms/Origen/input_Email' is clickable

2023-10-30 11:22:06 - [TEST_STEP][PASSED] - setText(findTestObject("Forms/Origen/input_Email"), emailRem, STOP_ON_FAILURE): Text 'emailprueba2@email.com' is set on object 'Object Repository/Forms/Origen/input_Email'

2023-10-30 11:22:07 - [MESSAGE][PASSED] - Text 'emailprueba2@email.com' is set on object 'Object Repository/Forms/Origen/input_Email'

2023-10-30 11:22:07 - [TEST_STEP][PASSED] - waitForElementVisible(findTestObject("Forms/Origen/input_Phone"), 60, OPTIONAL): Object 'Object Repository/Forms/Origen/input_Phone' is visible

2023-10-30 11:22:07 - [MESSAGE][PASSED] - Object 'Object Repository/Forms/Origen/input_Phone' is visible

2023-10-30 11:22:07 - [TEST_STEP][PASSED] - waitForElementClickable(findTestObject("Forms/Origen/input_Phone"), 60, OPTIONAL): Object 'Object Repository/Forms/Origen/input_Phone' is clickable

2023-10-30 11:22:07 - [MESSAGE][PASSED] - Object 'Object Repository/Forms/Origen/input_Phone' is clickable

2023-10-30 11:22:07 - [TEST_STEP][PASSED] - setText(findTestObject("Forms/Origen/input_Phone"), numTlfRem, STOP_ON_FAILURE): Text '611679463' is set on object 'Object Repository/Forms/Origen/input_Phone'

2023-10-30 11:22:08 - [MESSAGE][PASSED] - Text '611679463' is set on object 'Object Repository/Forms/Origen/input_Phone'

2023-10-30 11:22:08 - [TEST_STEP][PASSED] - waitForElementVisible(findTestObject("Forms/Origen/input_Direccion1"), 60, OPTIONAL): Object 'Object Repository/Forms/Origen/input_Direccion1' is visible

2023-10-30 11:22:08 - [MESSAGE][PASSED] - Object 'Object Repository/Forms/Origen/input_Direccion1' is visible

2023-10-30 11:22:08 - [TEST_STEP][PASSED] - waitForElementClickable(findTestObject("Forms/Origen/input_Direccion1"), 60, OPTIONAL): Object 'Object Repository/Forms/Origen/input_Direccion1' is clickable

2023-10-30 11:22:09 - [MESSAGE][PASSED] - Object 'Object Repository/Forms/Origen/input_Direccion1' is clickable

2023-10-30 11:22:09 - [TEST_STEP][PASSED] - setText(findTestObject("Forms/Origen/input_Direccion1"), dirRem1, STOP_ON_FAILURE): Text 'Calle Prueba 2' is set on object 'Object Repository/Forms/Origen/input_Direccion1'

2023-10-30 11:22:09 - [MESSAGE][PASSED] - Text 'Calle Prueba 2' is set on object 'Object Repository/Forms/Origen/input_Direccion1'

2023-10-30 11:22:09 - [TEST_STEP][PASSED] - delay(5): Delayed 5 second(s)

2023-10-30 11:22:14 - [MESSAGE][PASSED] - Delayed 5 second(s)

2023-10-30 11:22:14 - [TEST_STEP][PASSED] - waitForElementVisible(findTestObject("Forms/Origen/button_Continuar"), 60, OPTIONAL): Object 'Object Repository/Forms/Origen/button_Continuar' is visible

2023-10-30 11:22:14 - [MESSAGE][PASSED] - Object 'Object Repository/Forms/Origen/button_Continuar' is visible

2023-10-30 11:22:14 - [TEST_STEP][PASSED] - waitForElementClickable(findTestObject("Forms/Origen/button_Continuar"), 60, OPTIONAL): Object 'Object Repository/Forms/Origen/button_Continuar' is clickable

2023-10-30 11:22:15 - [MESSAGE][PASSED] - Object 'Object Repository/Forms/Origen/button_Continuar' is clickable

2023-10-30 11:22:15 - [TEST_STEP][PASSED] - click(findTestObject("Forms/Origen/button_Continuar"), STOP_ON_FAILURE): Object: 'Object Repository/Forms/Origen/button_Continuar' is clicked on

2023-10-30 11:22:15 - [MESSAGE][PASSED] - Object: 'Object Repository/Forms/Origen/button_Continuar' is clicked on

2023-10-30 11:22:15 - [TEST_STEP][PASSED] - waitForElementVisible(findTestObject("Forms/Destino/input_Nombre"), 60, OPTIONAL): Object 'Object Repository/Forms/Destino/input_Nombre' is visible

2023-10-30 11:22:17 - [MESSAGE][PASSED] - Object 'Object Repository/Forms/Destino/input_Nombre' is visible

2023-10-30 11:22:17 - [TEST_STEP][PASSED] - waitForElementClickable(findTestObject("Forms/Destino/input_Nombre"), 60, OPTIONAL): Object 'Object Repository/Forms/Destino/input_Nombre' is clickable

2023-10-30 11:22:17 - [MESSAGE][PASSED] - Object 'Object Repository/Forms/Destino/input_Nombre' is clickable

2023-10-30 11:22:17 - [TEST_STEP][PASSED] - setText(findTestObject("Forms/Destino/input_Nombre"), nombreDes, STOP_ON_FAILURE): Text 'Javier' is set on object 'Object Repository/Forms/Destino/input_Nombre'

2023-10-30 11:22:17 - [MESSAGE][PASSED] - Text 'Javier' is set on object 'Object Repository/Forms/Destino/input_Nombre'

2023-10-30 11:22:17 - [TEST_STEP][PASSED] - waitForElementVisible(findTestObject("Forms/Destino/input_Apellidos"), 60, OPTIONAL): Object 'Object Repository/Forms/Destino/input_Apellidos' is visible

2023-10-30 11:22:18 - [MESSAGE][PASSED] - Object 'Object Repository/Forms/Destino/input_Apellidos' is visible

2023-10-30 11:22:18 - [TEST_STEP][PASSED] - waitForElementClickable(findTestObject("Forms/Destino/input_Apellidos"), 60, OPTIONAL): Object 'Object Repository/Forms/Destino/input_Apellidos' is clickable

2023-10-30 11:22:18 - [MESSAGE][PASSED] - Object 'Object Repository/Forms/Destino/input_Apellidos' is clickable

2023-10-30 11:22:18 - [TEST_STEP][PASSED] - setText(findTestObject("Forms/Destino/input_Apellidos"), apellidosDes, STOP_ON_FAILURE): Text 'Sánchez' is set on object 'Object Repository/Forms/Destino/input_Apellidos'

2023-10-30 11:22:19 - [MESSAGE][PASSED] - Text 'Sánchez' is set on object 'Object Repository/Forms/Destino/input_Apellidos'

2023-10-30 11:22:19 - [TEST_STEP][PASSED] - waitForElementVisible(findTestObject("Forms/Destino/input_RazonSocial"), 60, OPTIONAL): Object 'Object Repository/Forms/Destino/input_RazonSocial' is visible

2023-10-30 11:22:19 - [MESSAGE][PASSED] - Object 'Object Repository/Forms/Destino/input_RazonSocial' is visible

2023-10-30 11:22:19 - [TEST_STEP][PASSED] - waitForElementClickable(findTestObject("Forms/Destino/input_RazonSocial"), 60, OPTIONAL): Object 'Object Repository/Forms/Destino/input_RazonSocial' is clickable

2023-10-30 11:22:20 - [MESSAGE][PASSED] - Object 'Object Repository/Forms/Destino/input_RazonSocial' is clickable

2023-10-30 11:22:20 - [TEST_STEP][PASSED] - setText(findTestObject("Forms/Destino/input_RazonSocial"), razonSocialDes, STOP_ON_FAILURE): Text 'Otra razón de prueba 2' is set on object 'Object Repository/Forms/Destino/input_RazonSocial'

2023-10-30 11:22:20 - [MESSAGE][PASSED] - Text 'Otra razón de prueba 2' is set on object 'Object Repository/Forms/Destino/input_RazonSocial'

2023-10-30 11:22:20 - [TEST_STEP][PASSED] - waitForElementVisible(findTestObject("Forms/Destino/input_Email"), 60, OPTIONAL): Object 'Object Repository/Forms/Destino/input_Email' is visible

2023-10-30 11:22:20 - [MESSAGE][PASSED] - Object 'Object Repository/Forms/Destino/input_Email' is visible

2023-10-30 11:22:20 - [TEST_STEP][PASSED] - waitForElementClickable(findTestObject("Forms/Destino/input_Email"), 60, OPTIONAL): Object 'Object Repository/Forms/Destino/input_Email' is clickable

2023-10-30 11:22:21 - [MESSAGE][PASSED] - Object 'Object Repository/Forms/Destino/input_Email' is clickable

2023-10-30 11:22:21 - [TEST_STEP][PASSED] - setText(findTestObject("Forms/Destino/input_Email"), emailRem, STOP_ON_FAILURE): Text 'emailprueba2@email.com' is set on object 'Object Repository/Forms/Destino/input_Email'

2023-10-30 11:22:21 - [MESSAGE][PASSED] - Text 'emailprueba2@email.com' is set on object 'Object Repository/Forms/Destino/input_Email'

2023-10-30 11:22:21 - [TEST_STEP][PASSED] - waitForElementVisible(findTestObject("Forms/Destino/input_Phone"), 60, OPTIONAL): Object 'Object Repository/Forms/Destino/input_Phone' is visible

2023-10-30 11:22:22 - [MESSAGE][PASSED] - Object 'Object Repository/Forms/Destino/input_Phone' is visible

2023-10-30 11:22:22 - [TEST_STEP][PASSED] - waitForElementClickable(findTestObject("Forms/Destino/input_Phone"), 60, OPTIONAL): Object 'Object Repository/Forms/Destino/input_Phone' is clickable

2023-10-30 11:22:22 - [MESSAGE][PASSED] - Object 'Object Repository/Forms/Destino/input_Phone' is clickable

2023-10-30 11:22:22 - [TEST_STEP][PASSED] - setText(findTestObject("Forms/Destino/input_Phone"), numTlfRem, STOP_ON_FAILURE): Text '611679463' is set on object 'Object Repository/Forms/Destino/input_Phone'

2023-10-30 11:22:23 - [MESSAGE][PASSED] - Text '611679463' is set on object 'Object Repository/Forms/Destino/input_Phone'

2023-10-30 11:22:23 - [TEST_STEP][PASSED] - waitForElementVisible(findTestObject("Forms/Destino/input_Direccion1"), 60, OPTIONAL): Object 'Object Repository/Forms/Destino/input_Direccion1' is visible

2023-10-30 11:22:23 - [MESSAGE][PASSED] - Object 'Object Repository/Forms/Destino/input_Direccion1' is visible

2023-10-30 11:22:23 - [TEST_STEP][PASSED] - waitForElementClickable(findTestObject("Forms/Destino/input_Direccion1"), 60, OPTIONAL): Object 'Object Repository/Forms/Destino/input_Direccion1' is clickable

2023-10-30 11:22:23 - [MESSAGE][PASSED] - Object 'Object Repository/Forms/Destino/input_Direccion1' is clickable

2023-10-30 11:22:23 - [TEST_STEP][PASSED] - setText(findTestObject("Forms/Destino/input_Direccion1"), dirDes1, STOP_ON_FAILURE): Text 'Calle OtraPrueba2' is set on object 'Object Repository/Forms/Destino/input_Direccion1'

2023-10-30 11:22:24 - [MESSAGE][PASSED] - Text 'Calle OtraPrueba2' is set on object 'Object Repository/Forms/Destino/input_Direccion1'

2023-10-30 11:22:24 - [TEST_STEP][PASSED] - if (mValiosa.equalsIgnoreCase("S")): null

2023-10-30 11:22:24 - [TEST_STEP][PASSED] - else: Text '75' is set on object 'Object Repository/Forms/Destino/input_Pago en destino'

2023-10-30 11:22:24 - [TEST_STEP][PASSED] - waitForElementVisible(findTestObject("Forms/Destino/input_Pago en destino"), 60, OPTIONAL): Object 'Object Repository/Forms/Destino/input_Pago en destino' is visible

2023-10-30 11:22:25 - [MESSAGE][PASSED] - Object 'Object Repository/Forms/Destino/input_Pago en destino' is visible

2023-10-30 11:22:25 - [TEST_STEP][PASSED] - waitForElementClickable(findTestObject("Forms/Destino/input_Pago en destino"), 60, OPTIONAL): Object 'Object Repository/Forms/Destino/input_Pago en destino' is clickable

2023-10-30 11:22:25 - [MESSAGE][PASSED] - Object 'Object Repository/Forms/Destino/input_Pago en destino' is clickable

2023-10-30 11:22:25 - [TEST_STEP][PASSED] - setText(findTestObject("Forms/Destino/input_Pago en destino"), importeDestino, STOP_ON_FAILURE): Text '75' is set on object 'Object Repository/Forms/Destino/input_Pago en destino'

2023-10-30 11:22:25 - [MESSAGE][PASSED] - Text '75' is set on object 'Object Repository/Forms/Destino/input_Pago en destino'

2023-10-30 11:22:25 - [TEST_STEP][PASSED] - waitForElementVisible(findTestObject("Forms/Destino/button_Continuar"), 60, OPTIONAL): Object 'Object Repository/Forms/Destino/button_Continuar' is visible

2023-10-30 11:22:26 - [MESSAGE][PASSED] - Object 'Object Repository/Forms/Destino/button_Continuar' is visible

2023-10-30 11:22:26 - [TEST_STEP][PASSED] - waitForElementClickable(findTestObject("Forms/Destino/button_Continuar"), 60, OPTIONAL): Object 'Object Repository/Forms/Destino/button_Continuar' is clickable

2023-10-30 11:22:26 - [MESSAGE][PASSED] - Object 'Object Repository/Forms/Destino/button_Continuar' is clickable

2023-10-30 11:22:26 - [TEST_STEP][PASSED] - click(findTestObject("Forms/Destino/button_Continuar"), STOP_ON_FAILURE): Object: 'Object Repository/Forms/Destino/button_Continuar' is clicked on

2023-10-30 11:22:28 - [MESSAGE][PASSED] - Object: 'Object Repository/Forms/Destino/button_Continuar' is clicked on

2023-10-30 11:22:28 - [TEST_STEP][PASSED] - waitForElementVisible(findTestObject("Forms/button_close_Urgent_Service"), 60, OPTIONAL): Object 'Object Repository/Forms/button_close_Urgent_Service' is visible

2023-10-30 11:22:29 - [MESSAGE][PASSED] - Object 'Object Repository/Forms/button_close_Urgent_Service' is visible

2023-10-30 11:22:29 - [TEST_STEP][PASSED] - waitForElementClickable(findTestObject("Forms/button_close_Urgent_Service"), 60, OPTIONAL): Object 'Object Repository/Forms/button_close_Urgent_Service' is clickable

2023-10-30 11:22:29 - [MESSAGE][PASSED] - Object 'Object Repository/Forms/button_close_Urgent_Service' is clickable

2023-10-30 11:22:29 - [TEST_STEP][PASSED] - click(findTestObject("Forms/button_close_Urgent_Service"), STOP_ON_FAILURE): Object: 'Object Repository/Forms/button_close_Urgent_Service' is clicked on

2023-10-30 11:22:30 - [MESSAGE][PASSED] - Object: 'Object Repository/Forms/button_close_Urgent_Service' is clicked on

2023-10-30 11:22:30 - [TEST_STEP][PASSED] - delay(10): Delayed 10 second(s)

2023-10-30 11:22:40 - [MESSAGE][PASSED] - Delayed 10 second(s)

2023-10-30 11:22:40 - [TEST_STEP][PASSED] - waitForElementVisible(findTestObject("Resumen_Checks/label_sinIva"), 60, OPTIONAL): Object 'Object Repository/Resumen_Checks/label_sinIva' is visible

2023-10-30 11:23:10 - [MESSAGE][PASSED] - Object 'Object Repository/Resumen_Checks/label_sinIva' is visible

2023-10-30 11:23:10 - [TEST_STEP][PASSED] - waitForElementClickable(findTestObject("Resumen_Checks/label_sinIva"), 60, OPTIONAL): Object 'Object Repository/Resumen_Checks/label_sinIva' is clickable

2023-10-30 11:23:13 - [MESSAGE][PASSED] - Object 'Object Repository/Resumen_Checks/label_sinIva' is clickable

2023-10-30 11:23:13 - [TEST_STEP][PASSED] - precioSinIVALbl = getText(findTestObject("Resumen_Checks/label_sinIva")).toString(): Text of object 'Object Repository/Resumen_Checks/label_sinIva' is: '9,92 €'

2023-10-30 11:23:13 - [MESSAGE][PASSED] - Text of object 'Object Repository/Resumen_Checks/label_sinIva' is: '9,92 €'

2023-10-30 11:23:13 - [TEST_STEP][PASSED] - waitForElementVisible(findTestObject("Resumen_Checks/label_reembolso"), 60, OPTIONAL): Object 'Object Repository/Resumen_Checks/label_reembolso' is visible

2023-10-30 11:23:13 - [MESSAGE][PASSED] - Object 'Object Repository/Resumen_Checks/label_reembolso' is visible

2023-10-30 11:23:13 - [TEST_STEP][PASSED] - waitForElementClickable(findTestObject("Resumen_Checks/label_reembolso"), 60, OPTIONAL): Object 'Object Repository/Resumen_Checks/label_reembolso' is clickable

2023-10-30 11:23:14 - [MESSAGE][PASSED] - Object 'Object Repository/Resumen_Checks/label_reembolso' is clickable

2023-10-30 11:23:14 - [TEST_STEP][PASSED] - precioReembolsoLbl = getText(findTestObject("Resumen_Checks/label_reembolso")).toString(): Text of object 'Object Repository/Resumen_Checks/label_reembolso' is: '6,11 €'

2023-10-30 11:23:14 - [MESSAGE][PASSED] - Text of object 'Object Repository/Resumen_Checks/label_reembolso' is: '6,11 €'

2023-10-30 11:23:14 - [TEST_STEP][PASSED] - waitForElementVisible(findTestObject("Resumen_Checks/label_conIva"), 60, OPTIONAL): Object 'Object Repository/Resumen_Checks/label_conIva' is visible

2023-10-30 11:23:14 - [MESSAGE][PASSED] - Object 'Object Repository/Resumen_Checks/label_conIva' is visible

2023-10-30 11:23:14 - [TEST_STEP][PASSED] - waitForElementClickable(findTestObject("Resumen_Checks/label_conIva"), 60, OPTIONAL): Object 'Object Repository/Resumen_Checks/label_conIva' is clickable

2023-10-30 11:23:14 - [MESSAGE][PASSED] - Object 'Object Repository/Resumen_Checks/label_conIva' is clickable

2023-10-30 11:23:14 - [TEST_STEP][PASSED] - precioConIVALbl = getText(findTestObject("Resumen_Checks/label_conIva")).toString(): Text of object 'Object Repository/Resumen_Checks/label_conIva' is: '3,37 €'

2023-10-30 11:23:15 - [MESSAGE][PASSED] - Text of object 'Object Repository/Resumen_Checks/label_conIva' is: '3,37 €'

2023-10-30 11:23:15 - [TEST_STEP][PASSED] - waitForElementVisible(findTestObject("Resumen_Checks/label_total_acelerarEnvio"), 60, OPTIONAL): Object 'Object Repository/Resumen_Checks/label_total_acelerarEnvio' is visible

2023-10-30 11:23:15 - [MESSAGE][PASSED] - Object 'Object Repository/Resumen_Checks/label_total_acelerarEnvio' is visible

2023-10-30 11:23:15 - [TEST_STEP][PASSED] - waitForElementClickable(findTestObject("Resumen_Checks/label_total_acelerarEnvio"), 60, OPTIONAL): Object 'Object Repository/Resumen_Checks/label_total_acelerarEnvio' is clickable

2023-10-30 11:23:15 - [MESSAGE][PASSED] - Object 'Object Repository/Resumen_Checks/label_total_acelerarEnvio' is clickable

2023-10-30 11:23:15 - [TEST_STEP][PASSED] - precioTotalLbl = getText(findTestObject("Resumen_Checks/label_total_acelerarEnvio")).toString(): Text of object 'Object Repository/Resumen_Checks/label_total_acelerarEnvio' is: '19,40 €'

2023-10-30 11:23:15 - [MESSAGE][PASSED] - Text of object 'Object Repository/Resumen_Checks/label_total_acelerarEnvio' is: '19,40 €'

2023-10-30 11:23:15 - [TEST_STEP][PASSED] - takeScreenshot(): Taking screenshot successfully

2023-10-30 11:23:16 - [MESSAGE][PASSED] - Taking screenshot successfully
[[ATTACHMENT|C:\\Jenkins\\workspace\\Katalon_WebRecogidas_PRO\\Reports\\20231030_111542\\TS_Envios_PRO\\20231030_111543\\1698661396174.png]]

2023-10-30 11:23:16 - [TEST_STEP][PASSED] - markPassed("Recogidas / 02 - Envio durante todo el dia"): Recogidas / 02 - Envio durante todo el dia

2023-10-30 11:23:16 - [MESSAGE][PASSED] - Recogidas / 02 - Envio durante todo el dia

2023-10-30 11:23:16 - [TEST_STEP][PASSED] - Finally: Browser is closed

2023-10-30 11:23:16 - [TEST_STEP][PASSED] - closeBrowser(): Browser is closed

2023-10-30 11:23:17 - [MESSAGE][PASSED] - Browser is closed]]></system-out>
         <system-err><![CDATA[]]></system-err>
      </testcase>
      <testcase name="Test Cases/Scripts_PRO/03 - Envio_AntesDeLas10" time="222.945" classname="Test Cases/Scripts_PRO/03 - Envio_AntesDeLas10" status="PASSED">
         <system-out><![CDATA[2023-10-30 11:23:17 - [TEST_CASE][PASSED] - Test Cases/Scripts_PRO/03 - Envio_AntesDeLas10: Test Cases/Scripts_PRO/03 - Envio_AntesDeLas10

2023-10-30 11:23:17 - [TEST_STEP][PASSED] - setWebDriverPreferencesProperty("args", ["window-size=1920,1080"]): null

2023-10-30 11:23:17 - [TEST_STEP][PASSED] - try: Recogidas / 03 - Envio antes de las 10

2023-10-30 11:23:17 - [TEST_STEP][PASSED] - openBrowser(""): Browser is opened with url: ''

2023-10-30 11:23:17 - [MESSAGE][INFO] - Starting 'Chrome' driver

2023-10-30 11:23:17 - [MESSAGE][INFO] - User set preference: ['args', '[window-size=1920,1080]']

2023-10-30 11:23:17 - [MESSAGE][INFO] - Action delay is set to 0 milliseconds

2023-10-30 11:23:19 - [MESSAGE][PASSED] - Browser is opened with url: ''

2023-10-30 11:23:19 - [TEST_STEP][PASSED] - maximizeWindow(): Current window maximized

2023-10-30 11:23:19 - [MESSAGE][PASSED] - Current window maximized

2023-10-30 11:23:19 - [TEST_STEP][PASSED] - navigateToUrl("https://seur.com/envio-online2/new-shipping"): Navigate to 'https://seur.com/envio-online2/new-shipping' successfully

2023-10-30 11:24:03 - [MESSAGE][PASSED] - Navigate to 'https://seur.com/envio-online2/new-shipping' successfully

2023-10-30 11:24:03 - [TEST_STEP][PASSED] - delay(30): Delayed 30 second(s)

2023-10-30 11:24:33 - [MESSAGE][PASSED] - Delayed 30 second(s)

2023-10-30 11:24:33 - [TEST_STEP][PASSED] - waitForElementVisible(findTestObject("Object Repository/Log_In_Elements/button_Aceptar_Cookis"), 60, OPTIONAL): Object 'Object Repository/Log_In_Elements/button_Aceptar_Cookis' is visible

2023-10-30 11:24:34 - [MESSAGE][PASSED] - Object 'Object Repository/Log_In_Elements/button_Aceptar_Cookis' is visible

2023-10-30 11:24:34 - [TEST_STEP][PASSED] - waitForElementClickable(findTestObject("Object Repository/Log_In_Elements/button_Aceptar_Cookis"), 60, OPTIONAL): Object 'Object Repository/Log_In_Elements/button_Aceptar_Cookis' is clickable

2023-10-30 11:24:34 - [MESSAGE][PASSED] - Object 'Object Repository/Log_In_Elements/button_Aceptar_Cookis' is clickable

2023-10-30 11:24:34 - [TEST_STEP][PASSED] - click(findTestObject("Object Repository/Log_In_Elements/button_Aceptar_Cookis"), STOP_ON_FAILURE): Object: 'Object Repository/Log_In_Elements/button_Aceptar_Cookis' is clicked on

2023-10-30 11:24:34 - [MESSAGE][PASSED] - Object: 'Object Repository/Log_In_Elements/button_Aceptar_Cookis' is clicked on

2023-10-30 11:24:34 - [TEST_STEP][PASSED] - delay(5): Delayed 5 second(s)

2023-10-30 11:24:39 - [MESSAGE][PASSED] - Delayed 5 second(s)

2023-10-30 11:24:39 - [TEST_STEP][PASSED] - waitForElementVisible(findTestObject("Object Repository/Log_In_Elements/button_Siguiente"), 60, OPTIONAL): Object 'Object Repository/Log_In_Elements/button_Siguiente' is visible

2023-10-30 11:25:09 - [MESSAGE][PASSED] - Object 'Object Repository/Log_In_Elements/button_Siguiente' is visible

2023-10-30 11:25:09 - [TEST_STEP][PASSED] - waitForElementClickable(findTestObject("Object Repository/Log_In_Elements/button_Siguiente"), 60, OPTIONAL): Object 'Object Repository/Log_In_Elements/button_Siguiente' is clickable

2023-10-30 11:25:16 - [MESSAGE][PASSED] - Object 'Object Repository/Log_In_Elements/button_Siguiente' is clickable

2023-10-30 11:25:16 - [TEST_STEP][PASSED] - click(findTestObject("Object Repository/Log_In_Elements/button_Siguiente"), STOP_ON_FAILURE): Object: 'Object Repository/Log_In_Elements/button_Siguiente' is clicked on

2023-10-30 11:25:17 - [MESSAGE][PASSED] - Object: 'Object Repository/Log_In_Elements/button_Siguiente' is clicked on

2023-10-30 11:25:17 - [TEST_STEP][PASSED] - delay(5): Delayed 5 second(s)

2023-10-30 11:25:22 - [MESSAGE][PASSED] - Delayed 5 second(s)

2023-10-30 11:25:22 - [TEST_STEP][PASSED] - waitForElementVisible(findTestObject("Origen_Destino_Paquetes/input_Origen"), 60, OPTIONAL): Object 'Object Repository/Origen_Destino_Paquetes/input_Origen' is visible

2023-10-30 11:25:22 - [MESSAGE][PASSED] - Object 'Object Repository/Origen_Destino_Paquetes/input_Origen' is visible

2023-10-30 11:25:22 - [TEST_STEP][PASSED] - waitForElementClickable(findTestObject("Origen_Destino_Paquetes/input_Origen"), 60, OPTIONAL): Object 'Object Repository/Origen_Destino_Paquetes/input_Origen' is clickable

2023-10-30 11:25:22 - [MESSAGE][PASSED] - Object 'Object Repository/Origen_Destino_Paquetes/input_Origen' is clickable

2023-10-30 11:25:22 - [TEST_STEP][PASSED] - setText(findTestObject("Origen_Destino_Paquetes/input_Origen"), codPostalRem, STOP_ON_FAILURE): Text '29700' is set on object 'Object Repository/Origen_Destino_Paquetes/input_Origen'

2023-10-30 11:25:23 - [MESSAGE][PASSED] - Text '29700' is set on object 'Object Repository/Origen_Destino_Paquetes/input_Origen'

2023-10-30 11:25:23 - [TEST_STEP][PASSED] - delay(2): Delayed 2 second(s)

2023-10-30 11:25:25 - [MESSAGE][PASSED] - Delayed 2 second(s)

2023-10-30 11:25:25 - [TEST_STEP][PASSED] - waitForElementVisible(findTestObject("Origen_Destino_Paquetes/span_29700 - VELEZ-MALAGA"), 60, OPTIONAL): Object 'Object Repository/Origen_Destino_Paquetes/span_29700 - VELEZ-MALAGA' is visible

2023-10-30 11:25:25 - [MESSAGE][PASSED] - Object 'Object Repository/Origen_Destino_Paquetes/span_29700 - VELEZ-MALAGA' is visible

2023-10-30 11:25:25 - [TEST_STEP][PASSED] - waitForElementClickable(findTestObject("Origen_Destino_Paquetes/span_29700 - VELEZ-MALAGA"), 60, OPTIONAL): Object 'Object Repository/Origen_Destino_Paquetes/span_29700 - VELEZ-MALAGA' is clickable

2023-10-30 11:25:25 - [MESSAGE][PASSED] - Object 'Object Repository/Origen_Destino_Paquetes/span_29700 - VELEZ-MALAGA' is clickable

2023-10-30 11:25:25 - [TEST_STEP][PASSED] - click(findTestObject("Origen_Destino_Paquetes/span_29700 - VELEZ-MALAGA"), STOP_ON_FAILURE): Object: 'Object Repository/Origen_Destino_Paquetes/span_29700 - VELEZ-MALAGA' is clicked on

2023-10-30 11:25:26 - [MESSAGE][PASSED] - Object: 'Object Repository/Origen_Destino_Paquetes/span_29700 - VELEZ-MALAGA' is clicked on

2023-10-30 11:25:26 - [TEST_STEP][PASSED] - waitForElementVisible(findTestObject("Origen_Destino_Paquetes/input_Destino"), 60, OPTIONAL): Object 'Object Repository/Origen_Destino_Paquetes/input_Destino' is visible

2023-10-30 11:25:26 - [MESSAGE][PASSED] - Object 'Object Repository/Origen_Destino_Paquetes/input_Destino' is visible

2023-10-30 11:25:26 - [TEST_STEP][PASSED] - waitForElementClickable(findTestObject("Origen_Destino_Paquetes/input_Destino"), 60, OPTIONAL): Object 'Object Repository/Origen_Destino_Paquetes/input_Destino' is clickable

2023-10-30 11:25:27 - [MESSAGE][PASSED] - Object 'Object Repository/Origen_Destino_Paquetes/input_Destino' is clickable

2023-10-30 11:25:27 - [TEST_STEP][PASSED] - setText(findTestObject("Origen_Destino_Paquetes/input_Destino"), codPostalDes, STOP_ON_FAILURE): Text '28010' is set on object 'Object Repository/Origen_Destino_Paquetes/input_Destino'

2023-10-30 11:25:27 - [MESSAGE][PASSED] - Text '28010' is set on object 'Object Repository/Origen_Destino_Paquetes/input_Destino'

2023-10-30 11:25:27 - [TEST_STEP][PASSED] - delay(2): Delayed 2 second(s)

2023-10-30 11:25:29 - [MESSAGE][PASSED] - Delayed 2 second(s)

2023-10-30 11:25:29 - [TEST_STEP][PASSED] - waitForElementVisible(findTestObject("Origen_Destino_Paquetes/span_28010 - MADRID"), 60, OPTIONAL): Object 'Object Repository/Origen_Destino_Paquetes/span_28010 - MADRID' is visible

2023-10-30 11:25:29 - [MESSAGE][PASSED] - Object 'Object Repository/Origen_Destino_Paquetes/span_28010 - MADRID' is visible

2023-10-30 11:25:29 - [TEST_STEP][PASSED] - waitForElementClickable(findTestObject("Origen_Destino_Paquetes/span_28010 - MADRID"), 60, OPTIONAL): Object 'Object Repository/Origen_Destino_Paquetes/span_28010 - MADRID' is clickable

2023-10-30 11:25:30 - [MESSAGE][PASSED] - Object 'Object Repository/Origen_Destino_Paquetes/span_28010 - MADRID' is clickable

2023-10-30 11:25:30 - [TEST_STEP][PASSED] - click(findTestObject("Origen_Destino_Paquetes/span_28010 - MADRID"), STOP_ON_FAILURE): Object: 'Object Repository/Origen_Destino_Paquetes/span_28010 - MADRID' is clicked on

2023-10-30 11:25:30 - [MESSAGE][PASSED] - Object: 'Object Repository/Origen_Destino_Paquetes/span_28010 - MADRID' is clicked on

2023-10-30 11:25:30 - [TEST_STEP][PASSED] - waitForElementVisible(findTestObject("Origen_Destino_Paquetes/input_Paquete_peso"), 60, OPTIONAL): Object 'Object Repository/Origen_Destino_Paquetes/input_Paquete_peso' is visible

2023-10-30 11:25:30 - [MESSAGE][PASSED] - Object 'Object Repository/Origen_Destino_Paquetes/input_Paquete_peso' is visible

2023-10-30 11:25:30 - [TEST_STEP][PASSED] - waitForElementClickable(findTestObject("Origen_Destino_Paquetes/input_Paquete_peso"), 60, OPTIONAL): Object 'Object Repository/Origen_Destino_Paquetes/input_Paquete_peso' is clickable

2023-10-30 11:25:31 - [MESSAGE][PASSED] - Object 'Object Repository/Origen_Destino_Paquetes/input_Paquete_peso' is clickable

2023-10-30 11:25:31 - [TEST_STEP][PASSED] - setText(findTestObject("Origen_Destino_Paquetes/input_Paquete_peso"), pesoPaquete, STOP_ON_FAILURE): Text '14.6' is set on object 'Object Repository/Origen_Destino_Paquetes/input_Paquete_peso'

2023-10-30 11:25:31 - [MESSAGE][PASSED] - Text '14.6' is set on object 'Object Repository/Origen_Destino_Paquetes/input_Paquete_peso'

2023-10-30 11:25:31 - [TEST_STEP][PASSED] - waitForElementVisible(findTestObject("Origen_Destino_Paquetes/input_Paquete_largo"), 60, OPTIONAL): Object 'Object Repository/Origen_Destino_Paquetes/input_Paquete_largo' is visible

2023-10-30 11:25:32 - [MESSAGE][PASSED] - Object 'Object Repository/Origen_Destino_Paquetes/input_Paquete_largo' is visible

2023-10-30 11:25:32 - [TEST_STEP][PASSED] - waitForElementClickable(findTestObject("Origen_Destino_Paquetes/input_Paquete_largo"), 60, OPTIONAL): Object 'Object Repository/Origen_Destino_Paquetes/input_Paquete_largo' is clickable

2023-10-30 11:25:32 - [MESSAGE][PASSED] - Object 'Object Repository/Origen_Destino_Paquetes/input_Paquete_largo' is clickable

2023-10-30 11:25:32 - [TEST_STEP][PASSED] - setText(findTestObject("Origen_Destino_Paquetes/input_Paquete_largo"), largoPaquete, STOP_ON_FAILURE): Text '8' is set on object 'Object Repository/Origen_Destino_Paquetes/input_Paquete_largo'

2023-10-30 11:25:33 - [MESSAGE][PASSED] - Text '8' is set on object 'Object Repository/Origen_Destino_Paquetes/input_Paquete_largo'

2023-10-30 11:25:33 - [TEST_STEP][PASSED] - waitForElementVisible(findTestObject("Origen_Destino_Paquetes/input_Paquete_Ancho"), 60, OPTIONAL): Object 'Object Repository/Origen_Destino_Paquetes/input_Paquete_Ancho' is visible

2023-10-30 11:25:33 - [MESSAGE][PASSED] - Object 'Object Repository/Origen_Destino_Paquetes/input_Paquete_Ancho' is visible

2023-10-30 11:25:33 - [TEST_STEP][PASSED] - waitForElementClickable(findTestObject("Origen_Destino_Paquetes/input_Paquete_Ancho"), 60, OPTIONAL): Object 'Object Repository/Origen_Destino_Paquetes/input_Paquete_Ancho' is clickable

2023-10-30 11:25:33 - [MESSAGE][PASSED] - Object 'Object Repository/Origen_Destino_Paquetes/input_Paquete_Ancho' is clickable

2023-10-30 11:25:33 - [TEST_STEP][PASSED] - setText(findTestObject("Origen_Destino_Paquetes/input_Paquete_Ancho"), anchoPaquete, STOP_ON_FAILURE): Text '35' is set on object 'Object Repository/Origen_Destino_Paquetes/input_Paquete_Ancho'

2023-10-30 11:25:34 - [MESSAGE][PASSED] - Text '35' is set on object 'Object Repository/Origen_Destino_Paquetes/input_Paquete_Ancho'

2023-10-30 11:25:34 - [TEST_STEP][PASSED] - waitForElementVisible(findTestObject("Origen_Destino_Paquetes/input_Paquete_Alto"), 60, OPTIONAL): Object 'Object Repository/Origen_Destino_Paquetes/input_Paquete_Alto' is visible

2023-10-30 11:25:34 - [MESSAGE][PASSED] - Object 'Object Repository/Origen_Destino_Paquetes/input_Paquete_Alto' is visible

2023-10-30 11:25:34 - [TEST_STEP][PASSED] - waitForElementClickable(findTestObject("Origen_Destino_Paquetes/input_Paquete_Alto"), 60, OPTIONAL): Object 'Object Repository/Origen_Destino_Paquetes/input_Paquete_Alto' is clickable

2023-10-30 11:25:35 - [MESSAGE][PASSED] - Object 'Object Repository/Origen_Destino_Paquetes/input_Paquete_Alto' is clickable

2023-10-30 11:25:35 - [TEST_STEP][PASSED] - setText(findTestObject("Origen_Destino_Paquetes/input_Paquete_Alto"), altoPaquete, STOP_ON_FAILURE): Text '25' is set on object 'Object Repository/Origen_Destino_Paquetes/input_Paquete_Alto'

2023-10-30 11:25:35 - [MESSAGE][PASSED] - Text '25' is set on object 'Object Repository/Origen_Destino_Paquetes/input_Paquete_Alto'

2023-10-30 11:25:35 - [TEST_STEP][PASSED] - waitForElementVisible(findTestObject("Origen_Destino_Paquetes/button_Calcula tu envio"), 60, OPTIONAL): Object 'Object Repository/Origen_Destino_Paquetes/button_Calcula tu envio' is visible

2023-10-30 11:25:36 - [MESSAGE][PASSED] - Object 'Object Repository/Origen_Destino_Paquetes/button_Calcula tu envio' is visible

2023-10-30 11:25:36 - [TEST_STEP][PASSED] - waitForElementClickable(findTestObject("Origen_Destino_Paquetes/button_Calcula tu envio"), 60, OPTIONAL): Object 'Object Repository/Origen_Destino_Paquetes/button_Calcula tu envio' is clickable

2023-10-30 11:25:36 - [MESSAGE][PASSED] - Object 'Object Repository/Origen_Destino_Paquetes/button_Calcula tu envio' is clickable

2023-10-30 11:25:36 - [TEST_STEP][PASSED] - click(findTestObject("Origen_Destino_Paquetes/button_Calcula tu envio"), STOP_ON_FAILURE): Object: 'Object Repository/Origen_Destino_Paquetes/button_Calcula tu envio' is clicked on

2023-10-30 11:25:36 - [MESSAGE][PASSED] - Object: 'Object Repository/Origen_Destino_Paquetes/button_Calcula tu envio' is clicked on

2023-10-30 11:25:36 - [TEST_STEP][PASSED] - waitForElementVisible(findTestObject("Seur_Antes_De_Las_10/button_Contratar"), 60, OPTIONAL): Object 'Object Repository/Seur_Antes_De_Las_10/button_Contratar' is visible

2023-10-30 11:25:39 - [MESSAGE][PASSED] - Object 'Object Repository/Seur_Antes_De_Las_10/button_Contratar' is visible

2023-10-30 11:25:39 - [TEST_STEP][PASSED] - waitForElementClickable(findTestObject("Seur_Antes_De_Las_10/button_Contratar"), 60, OPTIONAL): Object 'Object Repository/Seur_Antes_De_Las_10/button_Contratar' is clickable

2023-10-30 11:25:39 - [MESSAGE][PASSED] - Object 'Object Repository/Seur_Antes_De_Las_10/button_Contratar' is clickable

2023-10-30 11:25:39 - [TEST_STEP][PASSED] - click(findTestObject("Seur_Antes_De_Las_10/button_Contratar"), STOP_ON_FAILURE): Object: 'Object Repository/Seur_Antes_De_Las_10/button_Contratar' is clicked on

2023-10-30 11:25:40 - [MESSAGE][PASSED] - Object: 'Object Repository/Seur_Antes_De_Las_10/button_Contratar' is clicked on

2023-10-30 11:25:40 - [TEST_STEP][PASSED] - waitForElementVisible(findTestObject("Forms/Origen/input_Nombre"), 60, OPTIONAL): Object 'Object Repository/Forms/Origen/input_Nombre' is visible

2023-10-30 11:25:42 - [MESSAGE][PASSED] - Object 'Object Repository/Forms/Origen/input_Nombre' is visible

2023-10-30 11:25:42 - [TEST_STEP][PASSED] - waitForElementClickable(findTestObject("Forms/Origen/input_Nombre"), 60, OPTIONAL): Object 'Object Repository/Forms/Origen/input_Nombre' is clickable

2023-10-30 11:25:42 - [MESSAGE][PASSED] - Object 'Object Repository/Forms/Origen/input_Nombre' is clickable

2023-10-30 11:25:42 - [TEST_STEP][PASSED] - setText(findTestObject("Forms/Origen/input_Nombre"), nombreRem, STOP_ON_FAILURE): Text 'Ignacio' is set on object 'Object Repository/Forms/Origen/input_Nombre'

2023-10-30 11:25:43 - [MESSAGE][PASSED] - Text 'Ignacio' is set on object 'Object Repository/Forms/Origen/input_Nombre'

2023-10-30 11:25:43 - [TEST_STEP][PASSED] - waitForElementVisible(findTestObject("Forms/Origen/input_Apellidos"), 60, OPTIONAL): Object 'Object Repository/Forms/Origen/input_Apellidos' is visible

2023-10-30 11:25:43 - [MESSAGE][PASSED] - Object 'Object Repository/Forms/Origen/input_Apellidos' is visible

2023-10-30 11:25:43 - [TEST_STEP][PASSED] - waitForElementClickable(findTestObject("Forms/Origen/input_Apellidos"), 60, OPTIONAL): Object 'Object Repository/Forms/Origen/input_Apellidos' is clickable

2023-10-30 11:25:43 - [MESSAGE][PASSED] - Object 'Object Repository/Forms/Origen/input_Apellidos' is clickable

2023-10-30 11:25:43 - [TEST_STEP][PASSED] - setText(findTestObject("Forms/Origen/input_Apellidos"), apellidosRem, STOP_ON_FAILURE): Text 'Gallardo' is set on object 'Object Repository/Forms/Origen/input_Apellidos'

2023-10-30 11:25:44 - [MESSAGE][PASSED] - Text 'Gallardo' is set on object 'Object Repository/Forms/Origen/input_Apellidos'

2023-10-30 11:25:44 - [TEST_STEP][PASSED] - waitForElementVisible(findTestObject("Forms/Origen/input_RazonSocial"), 60, OPTIONAL): Object 'Object Repository/Forms/Origen/input_RazonSocial' is visible

2023-10-30 11:25:44 - [MESSAGE][PASSED] - Object 'Object Repository/Forms/Origen/input_RazonSocial' is visible

2023-10-30 11:25:44 - [TEST_STEP][PASSED] - waitForElementClickable(findTestObject("Forms/Origen/input_RazonSocial"), 60, OPTIONAL): Object 'Object Repository/Forms/Origen/input_RazonSocial' is clickable

2023-10-30 11:25:45 - [MESSAGE][PASSED] - Object 'Object Repository/Forms/Origen/input_RazonSocial' is clickable

2023-10-30 11:25:45 - [TEST_STEP][PASSED] - setText(findTestObject("Forms/Origen/input_RazonSocial"), razSocialRem, STOP_ON_FAILURE): Text 'Razón de prueba 3' is set on object 'Object Repository/Forms/Origen/input_RazonSocial'

2023-10-30 11:25:45 - [MESSAGE][PASSED] - Text 'Razón de prueba 3' is set on object 'Object Repository/Forms/Origen/input_RazonSocial'

2023-10-30 11:25:45 - [TEST_STEP][PASSED] - waitForElementVisible(findTestObject("Forms/Origen/input_NIF"), 60, OPTIONAL): Object 'Object Repository/Forms/Origen/input_NIF' is visible

2023-10-30 11:25:46 - [MESSAGE][PASSED] - Object 'Object Repository/Forms/Origen/input_NIF' is visible

2023-10-30 11:25:46 - [TEST_STEP][PASSED] - waitForElementClickable(findTestObject("Forms/Origen/input_NIF"), 60, OPTIONAL): Object 'Object Repository/Forms/Origen/input_NIF' is clickable

2023-10-30 11:25:46 - [MESSAGE][PASSED] - Object 'Object Repository/Forms/Origen/input_NIF' is clickable

2023-10-30 11:25:46 - [TEST_STEP][PASSED] - setText(findTestObject("Forms/Origen/input_NIF"), nifRem, STOP_ON_FAILURE): Text '35673352F' is set on object 'Object Repository/Forms/Origen/input_NIF'

2023-10-30 11:25:47 - [MESSAGE][PASSED] - Text '35673352F' is set on object 'Object Repository/Forms/Origen/input_NIF'

2023-10-30 11:25:47 - [TEST_STEP][PASSED] - waitForElementVisible(findTestObject("Forms/Origen/input_email"), 60, OPTIONAL): Object 'Object Repository/Forms/Origen/input_email' is visible

2023-10-30 11:25:47 - [MESSAGE][PASSED] - Object 'Object Repository/Forms/Origen/input_email' is visible

2023-10-30 11:25:47 - [TEST_STEP][PASSED] - waitForElementClickable(findTestObject("Forms/Origen/input_email"), 60, OPTIONAL): Object 'Object Repository/Forms/Origen/input_email' is clickable

2023-10-30 11:25:47 - [MESSAGE][PASSED] - Object 'Object Repository/Forms/Origen/input_email' is clickable

2023-10-30 11:25:47 - [TEST_STEP][PASSED] - setText(findTestObject("Forms/Origen/input_email"), emailRem, STOP_ON_FAILURE): Text 'emailprueba3@email.com' is set on object 'Object Repository/Forms/Origen/input_email'

2023-10-30 11:25:48 - [MESSAGE][PASSED] - Text 'emailprueba3@email.com' is set on object 'Object Repository/Forms/Origen/input_email'

2023-10-30 11:25:48 - [TEST_STEP][PASSED] - waitForElementVisible(findTestObject("Forms/Origen/input_Phone"), 60, OPTIONAL): Object 'Object Repository/Forms/Origen/input_Phone' is visible

2023-10-30 11:25:48 - [MESSAGE][PASSED] - Object 'Object Repository/Forms/Origen/input_Phone' is visible

2023-10-30 11:25:48 - [TEST_STEP][PASSED] - waitForElementClickable(findTestObject("Forms/Origen/input_Phone"), 60, OPTIONAL): Object 'Object Repository/Forms/Origen/input_Phone' is clickable

2023-10-30 11:25:49 - [MESSAGE][PASSED] - Object 'Object Repository/Forms/Origen/input_Phone' is clickable

2023-10-30 11:25:49 - [TEST_STEP][PASSED] - setText(findTestObject("Forms/Origen/input_Phone"), numTlfRem, STOP_ON_FAILURE): Text '675432312' is set on object 'Object Repository/Forms/Origen/input_Phone'

2023-10-30 11:25:49 - [MESSAGE][PASSED] - Text '675432312' is set on object 'Object Repository/Forms/Origen/input_Phone'

2023-10-30 11:25:49 - [TEST_STEP][PASSED] - waitForElementVisible(findTestObject("Forms/Origen/input_Direccion1"), 60, OPTIONAL): Object 'Object Repository/Forms/Origen/input_Direccion1' is visible

2023-10-30 11:25:50 - [MESSAGE][PASSED] - Object 'Object Repository/Forms/Origen/input_Direccion1' is visible

2023-10-30 11:25:50 - [TEST_STEP][PASSED] - waitForElementClickable(findTestObject("Forms/Origen/input_Direccion1"), 60, OPTIONAL): Object 'Object Repository/Forms/Origen/input_Direccion1' is clickable

2023-10-30 11:25:50 - [MESSAGE][PASSED] - Object 'Object Repository/Forms/Origen/input_Direccion1' is clickable

2023-10-30 11:25:50 - [TEST_STEP][PASSED] - setText(findTestObject("Forms/Origen/input_Direccion1"), dirRem1, STOP_ON_FAILURE): Text 'Calle Prueba 3' is set on object 'Object Repository/Forms/Origen/input_Direccion1'

2023-10-30 11:25:51 - [MESSAGE][PASSED] - Text 'Calle Prueba 3' is set on object 'Object Repository/Forms/Origen/input_Direccion1'

2023-10-30 11:25:51 - [TEST_STEP][PASSED] - waitForElementVisible(findTestObject("Forms/Origen/button_Continuar"), 60, OPTIONAL): Object 'Object Repository/Forms/Origen/button_Continuar' is visible

2023-10-30 11:25:51 - [MESSAGE][PASSED] - Object 'Object Repository/Forms/Origen/button_Continuar' is visible

2023-10-30 11:25:51 - [TEST_STEP][PASSED] - waitForElementClickable(findTestObject("Forms/Origen/button_Continuar"), 60, OPTIONAL): Object 'Object Repository/Forms/Origen/button_Continuar' is clickable

2023-10-30 11:25:51 - [MESSAGE][PASSED] - Object 'Object Repository/Forms/Origen/button_Continuar' is clickable

2023-10-30 11:25:51 - [TEST_STEP][PASSED] - click(findTestObject("Forms/Origen/button_Continuar"), STOP_ON_FAILURE): Object: 'Object Repository/Forms/Origen/button_Continuar' is clicked on

2023-10-30 11:25:52 - [MESSAGE][PASSED] - Object: 'Object Repository/Forms/Origen/button_Continuar' is clicked on

2023-10-30 11:25:52 - [TEST_STEP][PASSED] - waitForElementVisible(findTestObject("Forms/Destino/input_Nombre"), 60, OPTIONAL): Object 'Object Repository/Forms/Destino/input_Nombre' is visible

2023-10-30 11:25:53 - [MESSAGE][PASSED] - Object 'Object Repository/Forms/Destino/input_Nombre' is visible

2023-10-30 11:25:53 - [TEST_STEP][PASSED] - waitForElementClickable(findTestObject("Forms/Destino/input_Nombre"), 60, OPTIONAL): Object 'Object Repository/Forms/Destino/input_Nombre' is clickable

2023-10-30 11:25:53 - [MESSAGE][PASSED] - Object 'Object Repository/Forms/Destino/input_Nombre' is clickable

2023-10-30 11:25:53 - [TEST_STEP][PASSED] - setText(findTestObject("Forms/Destino/input_Nombre"), nombreDes, STOP_ON_FAILURE): Text 'Manuel' is set on object 'Object Repository/Forms/Destino/input_Nombre'

2023-10-30 11:25:54 - [MESSAGE][PASSED] - Text 'Manuel' is set on object 'Object Repository/Forms/Destino/input_Nombre'

2023-10-30 11:25:54 - [TEST_STEP][PASSED] - waitForElementVisible(findTestObject("Forms/Destino/input_Apellidos"), 60, OPTIONAL): Object 'Object Repository/Forms/Destino/input_Apellidos' is visible

2023-10-30 11:25:54 - [MESSAGE][PASSED] - Object 'Object Repository/Forms/Destino/input_Apellidos' is visible

2023-10-30 11:25:54 - [TEST_STEP][PASSED] - waitForElementClickable(findTestObject("Forms/Destino/input_Apellidos"), 60, OPTIONAL): Object 'Object Repository/Forms/Destino/input_Apellidos' is clickable

2023-10-30 11:25:55 - [MESSAGE][PASSED] - Object 'Object Repository/Forms/Destino/input_Apellidos' is clickable

2023-10-30 11:25:55 - [TEST_STEP][PASSED] - setText(findTestObject("Forms/Destino/input_Apellidos"), apellidosDes, STOP_ON_FAILURE): Text 'Montesinos' is set on object 'Object Repository/Forms/Destino/input_Apellidos'

2023-10-30 11:25:55 - [MESSAGE][PASSED] - Text 'Montesinos' is set on object 'Object Repository/Forms/Destino/input_Apellidos'

2023-10-30 11:25:55 - [TEST_STEP][PASSED] - waitForElementVisible(findTestObject("Forms/Destino/input_RazonSocial"), 60, OPTIONAL): Object 'Object Repository/Forms/Destino/input_RazonSocial' is visible

2023-10-30 11:25:56 - [MESSAGE][PASSED] - Object 'Object Repository/Forms/Destino/input_RazonSocial' is visible

2023-10-30 11:25:56 - [TEST_STEP][PASSED] - waitForElementClickable(findTestObject("Forms/Destino/input_RazonSocial"), 60, OPTIONAL): Object 'Object Repository/Forms/Destino/input_RazonSocial' is clickable

2023-10-30 11:25:56 - [MESSAGE][PASSED] - Object 'Object Repository/Forms/Destino/input_RazonSocial' is clickable

2023-10-30 11:25:56 - [TEST_STEP][PASSED] - setText(findTestObject("Forms/Destino/input_RazonSocial"), razonSocialDes, STOP_ON_FAILURE): Text 'Otra razón de prueba 3' is set on object 'Object Repository/Forms/Destino/input_RazonSocial'

2023-10-30 11:25:57 - [MESSAGE][PASSED] - Text 'Otra razón de prueba 3' is set on object 'Object Repository/Forms/Destino/input_RazonSocial'

2023-10-30 11:25:57 - [TEST_STEP][PASSED] - waitForElementVisible(findTestObject("Forms/Destino/input_Email"), 60, OPTIONAL): Object 'Object Repository/Forms/Destino/input_Email' is visible

2023-10-30 11:25:57 - [MESSAGE][PASSED] - Object 'Object Repository/Forms/Destino/input_Email' is visible

2023-10-30 11:25:57 - [TEST_STEP][PASSED] - waitForElementClickable(findTestObject("Forms/Destino/input_Email"), 60, OPTIONAL): Object 'Object Repository/Forms/Destino/input_Email' is clickable

2023-10-30 11:25:57 - [MESSAGE][PASSED] - Object 'Object Repository/Forms/Destino/input_Email' is clickable

2023-10-30 11:25:57 - [TEST_STEP][PASSED] - setText(findTestObject("Forms/Destino/input_Email"), emailRem, STOP_ON_FAILURE): Text 'emailprueba3@email.com' is set on object 'Object Repository/Forms/Destino/input_Email'

2023-10-30 11:25:58 - [MESSAGE][PASSED] - Text 'emailprueba3@email.com' is set on object 'Object Repository/Forms/Destino/input_Email'

2023-10-30 11:25:58 - [TEST_STEP][PASSED] - waitForElementVisible(findTestObject("Forms/Destino/input_Phone"), 60, OPTIONAL): Object 'Object Repository/Forms/Destino/input_Phone' is visible

2023-10-30 11:25:58 - [MESSAGE][PASSED] - Object 'Object Repository/Forms/Destino/input_Phone' is visible

2023-10-30 11:25:58 - [TEST_STEP][PASSED] - waitForElementClickable(findTestObject("Forms/Destino/input_Phone"), 60, OPTIONAL): Object 'Object Repository/Forms/Destino/input_Phone' is clickable

2023-10-30 11:25:59 - [MESSAGE][PASSED] - Object 'Object Repository/Forms/Destino/input_Phone' is clickable

2023-10-30 11:25:59 - [TEST_STEP][PASSED] - setText(findTestObject("Forms/Destino/input_Phone"), numTlfRem, STOP_ON_FAILURE): Text '675432312' is set on object 'Object Repository/Forms/Destino/input_Phone'

2023-10-30 11:25:59 - [MESSAGE][PASSED] - Text '675432312' is set on object 'Object Repository/Forms/Destino/input_Phone'

2023-10-30 11:25:59 - [TEST_STEP][PASSED] - waitForElementVisible(findTestObject("Forms/Destino/input_Direccion1"), 60, OPTIONAL): Object 'Object Repository/Forms/Destino/input_Direccion1' is visible

2023-10-30 11:26:00 - [MESSAGE][PASSED] - Object 'Object Repository/Forms/Destino/input_Direccion1' is visible

2023-10-30 11:26:00 - [TEST_STEP][PASSED] - waitForElementClickable(findTestObject("Forms/Destino/input_Direccion1"), 60, OPTIONAL): Object 'Object Repository/Forms/Destino/input_Direccion1' is clickable

2023-10-30 11:26:00 - [MESSAGE][PASSED] - Object 'Object Repository/Forms/Destino/input_Direccion1' is clickable

2023-10-30 11:26:00 - [TEST_STEP][PASSED] - setText(findTestObject("Forms/Destino/input_Direccion1"), dirDes1, STOP_ON_FAILURE): Text 'Calle OtraPrueba3' is set on object 'Object Repository/Forms/Destino/input_Direccion1'

2023-10-30 11:26:01 - [MESSAGE][PASSED] - Text 'Calle OtraPrueba3' is set on object 'Object Repository/Forms/Destino/input_Direccion1'

2023-10-30 11:26:01 - [TEST_STEP][PASSED] - if (mValiosa.equalsIgnoreCase("S")): Text '15.6' is set on object 'Object Repository/Forms/Destino/input_Mercanca valiosa'

2023-10-30 11:26:01 - [TEST_STEP][PASSED] - waitForElementVisible(findTestObject("Forms/Destino/input_Mercanca valiosa"), 60, OPTIONAL): Object 'Object Repository/Forms/Destino/input_Mercanca valiosa' is visible

2023-10-30 11:26:01 - [MESSAGE][PASSED] - Object 'Object Repository/Forms/Destino/input_Mercanca valiosa' is visible

2023-10-30 11:26:01 - [TEST_STEP][PASSED] - waitForElementClickable(findTestObject("Forms/Destino/input_Mercanca valiosa"), 60, OPTIONAL): Object 'Object Repository/Forms/Destino/input_Mercanca valiosa' is clickable

2023-10-30 11:26:01 - [MESSAGE][PASSED] - Object 'Object Repository/Forms/Destino/input_Mercanca valiosa' is clickable

2023-10-30 11:26:01 - [TEST_STEP][PASSED] - setText(findTestObject("Forms/Destino/input_Mercanca valiosa"), importeMercValiosa, STOP_ON_FAILURE): Text '15.6' is set on object 'Object Repository/Forms/Destino/input_Mercanca valiosa'

2023-10-30 11:26:02 - [MESSAGE][PASSED] - Text '15.6' is set on object 'Object Repository/Forms/Destino/input_Mercanca valiosa'

2023-10-30 11:26:02 - [TEST_STEP][PASSED] - waitForElementVisible(findTestObject("Forms/Destino/button_Continuar"), 60, OPTIONAL): Object 'Object Repository/Forms/Destino/button_Continuar' is visible

2023-10-30 11:26:02 - [MESSAGE][PASSED] - Object 'Object Repository/Forms/Destino/button_Continuar' is visible

2023-10-30 11:26:02 - [TEST_STEP][PASSED] - waitForElementClickable(findTestObject("Forms/Destino/button_Continuar"), 60, OPTIONAL): Object 'Object Repository/Forms/Destino/button_Continuar' is clickable

2023-10-30 11:26:03 - [MESSAGE][PASSED] - Object 'Object Repository/Forms/Destino/button_Continuar' is clickable

2023-10-30 11:26:03 - [TEST_STEP][PASSED] - click(findTestObject("Forms/Destino/button_Continuar"), STOP_ON_FAILURE): Object: 'Object Repository/Forms/Destino/button_Continuar' is clicked on

2023-10-30 11:26:04 - [MESSAGE][PASSED] - Object: 'Object Repository/Forms/Destino/button_Continuar' is clicked on

2023-10-30 11:26:04 - [TEST_STEP][PASSED] - delay(20): Delayed 20 second(s)

2023-10-30 11:26:24 - [MESSAGE][PASSED] - Delayed 20 second(s)

2023-10-30 11:26:24 - [TEST_STEP][PASSED] - noEstoyInteresado_button = verifyElementPresent(findTestObject("Object Repository/Seur_Antes_De_Las_10/button_noEstoyInteresado"), 10, OPTIONAL): com.kms.katalon.core.webui.exception.WebElementNotFoundException: Web element with id: 'Object Repository/Seur_Antes_De_Las_10/button_noEstoyInteresado' located by '/html/body/div[3]/div[2]/div/mat-dialog-container/app-urgent-services/mat-dialog-content/div[2]/button[2]' not found (Root cause: com.kms.katalon.core.exception.StepFailedException: com.kms.katalon.core.webui.exception.WebElementNotFoundException: Web element with id: 'Object Repository/Seur_Antes_De_Las_10/button_noEstoyInteresado' located by '/html/body/div[3]/div[2]/div/mat-dialog-container/app-urgent-services/mat-dialog-content/div[2]/button[2]' not found
	at com.kms.katalon.core.webui.keyword.internal.WebUIKeywordMain.stepFailed(WebUIKeywordMain.groovy:64)
	at com.kms.katalon.core.webui.keyword.builtin.VerifyElementPresentKeyword$_verifyElementPresent_closure1.doCall(VerifyElementPresentKeyword.groovy:85)
	at com.kms.katalon.core.webui.keyword.builtin.VerifyElementPresentKeyword$_verifyElementPresent_closure1.call(VerifyElementPresentKeyword.groovy)
	at com.kms.katalon.core.webui.keyword.internal.WebUIKeywordMain.runKeyword(WebUIKeywordMain.groovy:20)
	at com.kms.katalon.core.webui.keyword.builtin.VerifyElementPresentKeyword.verifyElementPresent(VerifyElementPresentKeyword.groovy:92)
	at com.kms.katalon.core.webui.keyword.builtin.VerifyElementPresentKeyword.execute(VerifyElementPresentKeyword.groovy:68)
	at com.kms.katalon.core.keyword.internal.KeywordExecutor.executeKeywordForPlatform(KeywordExecutor.groovy:74)
	at com.kms.katalon.core.webui.keyword.WebUiBuiltInKeywords.verifyElementPresent(WebUiBuiltInKeywords.groovy:1448)
	at com.kms.katalon.core.webui.keyword.WebUiBuiltInKeywords$verifyElementPresent$10.call(Unknown Source)
	at 03 - Envio_AntesDeLas10.run(03 - Envio_AntesDeLas10:159)
	at com.kms.katalon.core.main.ScriptEngine.run(ScriptEngine.java:194)
	at com.kms.katalon.core.main.ScriptEngine.runScriptAsRawText(ScriptEngine.java:119)
	at com.kms.katalon.core.main.TestCaseExecutor.runScript(TestCaseExecutor.java:430)
	at com.kms.katalon.core.main.TestCaseExecutor.doExecute(TestCaseExecutor.java:421)
	at com.kms.katalon.core.main.TestCaseExecutor.processExecutionPhase(TestCaseExecutor.java:400)
	at com.kms.katalon.core.main.TestCaseExecutor.accessMainPhase(TestCaseExecutor.java:392)
	at com.kms.katalon.core.main.TestCaseExecutor.execute(TestCaseExecutor.java:273)
	at com.kms.katalon.core.main.TestSuiteExecutor.accessTestCaseMainPhase(TestSuiteExecutor.java:202)
	at com.kms.katalon.core.main.TestSuiteExecutor.accessTestSuiteMainPhase(TestSuiteExecutor.java:164)
	at com.kms.katalon.core.main.TestSuiteExecutor.execute(TestSuiteExecutor.java:105)
	at com.kms.katalon.core.main.TestCaseMain.startTestSuite(TestCaseMain.java:185)
	at com.kms.katalon.core.main.TestCaseMain$startTestSuite$0.call(Unknown Source)
	at TempTestSuite1698660943199.run(TempTestSuite1698660943199.groovy:36)
)

2023-10-30 11:26:47 - [MESSAGE][INFO] - Unable to find the element located by 'By.xpath: /html/body/div[3]/div[2]/div/mat-dialog-container/app-urgent-services/mat-dialog-content/div[2]/button[2]'. Please recheck the objects properties to make sure the desired element is located. 

2023-10-30 11:26:47 - [MESSAGE][WARNING] - com.kms.katalon.core.webui.exception.WebElementNotFoundException: Web element with id: 'Object Repository/Seur_Antes_De_Las_10/button_noEstoyInteresado' located by '/html/body/div[3]/div[2]/div/mat-dialog-container/app-urgent-services/mat-dialog-content/div[2]/button[2]' not found (Root cause: com.kms.katalon.core.exception.StepFailedException: com.kms.katalon.core.webui.exception.WebElementNotFoundException: Web element with id: 'Object Repository/Seur_Antes_De_Las_10/button_noEstoyInteresado' located by '/html/body/div[3]/div[2]/div/mat-dialog-container/app-urgent-services/mat-dialog-content/div[2]/button[2]' not found
	at com.kms.katalon.core.webui.keyword.internal.WebUIKeywordMain.stepFailed(WebUIKeywordMain.groovy:64)
	at com.kms.katalon.core.webui.keyword.builtin.VerifyElementPresentKeyword$_verifyElementPresent_closure1.doCall(VerifyElementPresentKeyword.groovy:85)
	at com.kms.katalon.core.webui.keyword.builtin.VerifyElementPresentKeyword$_verifyElementPresent_closure1.call(VerifyElementPresentKeyword.groovy)
	at com.kms.katalon.core.webui.keyword.internal.WebUIKeywordMain.runKeyword(WebUIKeywordMain.groovy:20)
	at com.kms.katalon.core.webui.keyword.builtin.VerifyElementPresentKeyword.verifyElementPresent(VerifyElementPresentKeyword.groovy:92)
	at com.kms.katalon.core.webui.keyword.builtin.VerifyElementPresentKeyword.execute(VerifyElementPresentKeyword.groovy:68)
	at com.kms.katalon.core.keyword.internal.KeywordExecutor.executeKeywordForPlatform(KeywordExecutor.groovy:74)
	at com.kms.katalon.core.webui.keyword.WebUiBuiltInKeywords.verifyElementPresent(WebUiBuiltInKeywords.groovy:1448)
	at com.kms.katalon.core.webui.keyword.WebUiBuiltInKeywords$verifyElementPresent$10.call(Unknown Source)
	at 03 - Envio_AntesDeLas10.run(03 - Envio_AntesDeLas10:159)
	at com.kms.katalon.core.main.ScriptEngine.run(ScriptEngine.java:194)
	at com.kms.katalon.core.main.ScriptEngine.runScriptAsRawText(ScriptEngine.java:119)
	at com.kms.katalon.core.main.TestCaseExecutor.runScript(TestCaseExecutor.java:430)
	at com.kms.katalon.core.main.TestCaseExecutor.doExecute(TestCaseExecutor.java:421)
	at com.kms.katalon.core.main.TestCaseExecutor.processExecutionPhase(TestCaseExecutor.java:400)
	at com.kms.katalon.core.main.TestCaseExecutor.accessMainPhase(TestCaseExecutor.java:392)
	at com.kms.katalon.core.main.TestCaseExecutor.execute(TestCaseExecutor.java:273)
	at com.kms.katalon.core.main.TestSuiteExecutor.accessTestCaseMainPhase(TestSuiteExecutor.java:202)
	at com.kms.katalon.core.main.TestSuiteExecutor.accessTestSuiteMainPhase(TestSuiteExecutor.java:164)
	at com.kms.katalon.core.main.TestSuiteExecutor.execute(TestSuiteExecutor.java:105)
	at com.kms.katalon.core.main.TestCaseMain.startTestSuite(TestCaseMain.java:185)
	at com.kms.katalon.core.main.TestCaseMain$startTestSuite$0.call(Unknown Source)
	at TempTestSuite1698660943199.run(TempTestSuite1698660943199.groovy:36)
)
[[ATTACHMENT|C:\\Jenkins\\workspace\\Katalon_WebRecogidas_PRO\\Reports\\20231030_111542\\TS_Envios_PRO\\20231030_111543\\1698661607879.png]]

2023-10-30 11:26:47 - [TEST_STEP][PASSED] - if (noEstoyInteresado_button): null

2023-10-30 11:26:47 - [TEST_STEP][PASSED] - delay(10): Delayed 10 second(s)

2023-10-30 11:26:57 - [MESSAGE][PASSED] - Delayed 10 second(s)

2023-10-30 11:26:57 - [TEST_STEP][PASSED] - precioSinIVALbl = getText(findTestObject("Resumen_Checks/label_sinIva")).toString(): Text of object 'Object Repository/Resumen_Checks/label_sinIva' is: '37,19 €'

2023-10-30 11:26:58 - [MESSAGE][PASSED] - Text of object 'Object Repository/Resumen_Checks/label_sinIva' is: '37,19 €'

2023-10-30 11:26:58 - [TEST_STEP][PASSED] - precioSeguroLbl = getText(findTestObject("Resumen_Checks/label_seguro")).toString(): Text of object 'Object Repository/Resumen_Checks/label_seguro' is: '0,16 €'

2023-10-30 11:26:58 - [MESSAGE][PASSED] - Text of object 'Object Repository/Resumen_Checks/label_seguro' is: '0,16 €'

2023-10-30 11:26:58 - [TEST_STEP][PASSED] - precioConIVALbl = getText(findTestObject("Resumen_Checks/label_conIva")).toString(): Text of object 'Object Repository/Resumen_Checks/label_conIva' is: '7,84 €'

2023-10-30 11:26:58 - [MESSAGE][PASSED] - Text of object 'Object Repository/Resumen_Checks/label_conIva' is: '7,84 €'

2023-10-30 11:26:58 - [TEST_STEP][PASSED] - precioTotalLbl = getText(findTestObject("Resumen_Checks/label_total_acelerarEnvio")).toString(): Text of object 'Object Repository/Resumen_Checks/label_total_acelerarEnvio' is: '45,19 €'

2023-10-30 11:26:59 - [MESSAGE][PASSED] - Text of object 'Object Repository/Resumen_Checks/label_total_acelerarEnvio' is: '45,19 €'

2023-10-30 11:26:59 - [TEST_STEP][PASSED] - takeScreenshot(): Taking screenshot successfully

2023-10-30 11:26:59 - [MESSAGE][PASSED] - Taking screenshot successfully
[[ATTACHMENT|C:\\Jenkins\\workspace\\Katalon_WebRecogidas_PRO\\Reports\\20231030_111542\\TS_Envios_PRO\\20231030_111543\\1698661619327.png]]

2023-10-30 11:26:59 - [TEST_STEP][PASSED] - markPassed("Recogidas / 03 - Envio antes de las 10"): Recogidas / 03 - Envio antes de las 10

2023-10-30 11:26:59 - [MESSAGE][PASSED] - Recogidas / 03 - Envio antes de las 10

2023-10-30 11:26:59 - [TEST_STEP][PASSED] - Finally: Browser is closed

2023-10-30 11:26:59 - [TEST_STEP][PASSED] - closeBrowser(): Browser is closed

2023-10-30 11:27:00 - [MESSAGE][PASSED] - Browser is closed

2023-10-30 11:27:00 - [TEST_STEP][PASSED] - closeBrowser(): Browser is closed

2023-10-30 11:27:00 - [MESSAGE][PASSED] - Browser is closed]]></system-out>
         <system-err><![CDATA[]]></system-err>
      </testcase>
      <testcase name="Test Cases/Scripts_PRO/06 - Envio_Shope2Home" time="214.573" classname="Test Cases/Scripts_PRO/06 - Envio_Shope2Home" status="PASSED">
         <system-out><![CDATA[2023-10-30 11:27:00 - [TEST_CASE][PASSED] - Test Cases/Scripts_PRO/06 - Envio_Shope2Home: Test Cases/Scripts_PRO/06 - Envio_Shope2Home

2023-10-30 11:27:00 - [TEST_STEP][PASSED] - setWebDriverPreferencesProperty("args", ["window-size=1920,1080"]): null

2023-10-30 11:27:00 - [TEST_STEP][PASSED] - try: Recogidas / 06 - Envio shop2home

2023-10-30 11:27:00 - [TEST_STEP][PASSED] - openBrowser(""): Browser is opened with url: ''

2023-10-30 11:27:00 - [MESSAGE][INFO] - Starting 'Chrome' driver

2023-10-30 11:27:00 - [MESSAGE][INFO] - User set preference: ['args', '[window-size=1920,1080]']

2023-10-30 11:27:00 - [MESSAGE][INFO] - Action delay is set to 0 milliseconds

2023-10-30 11:27:02 - [MESSAGE][PASSED] - Browser is opened with url: ''

2023-10-30 11:27:02 - [TEST_STEP][PASSED] - maximizeWindow(): Current window maximized

2023-10-30 11:27:02 - [MESSAGE][PASSED] - Current window maximized

2023-10-30 11:27:02 - [TEST_STEP][PASSED] - navigateToUrl("https://seur.com/envio-online2/new-shipping"): Navigate to 'https://seur.com/envio-online2/new-shipping' successfully

2023-10-30 11:27:46 - [MESSAGE][PASSED] - Navigate to 'https://seur.com/envio-online2/new-shipping' successfully

2023-10-30 11:27:46 - [TEST_STEP][PASSED] - delay(30): Delayed 30 second(s)

2023-10-30 11:28:16 - [MESSAGE][PASSED] - Delayed 30 second(s)

2023-10-30 11:28:16 - [TEST_STEP][PASSED] - waitForElementVisible(findTestObject("Object Repository/Log_In_Elements/button_Aceptar_Cookis"), 60, OPTIONAL): Object 'Object Repository/Log_In_Elements/button_Aceptar_Cookis' is visible

2023-10-30 11:28:16 - [MESSAGE][PASSED] - Object 'Object Repository/Log_In_Elements/button_Aceptar_Cookis' is visible

2023-10-30 11:28:16 - [TEST_STEP][PASSED] - waitForElementClickable(findTestObject("Object Repository/Log_In_Elements/button_Aceptar_Cookis"), 60, OPTIONAL): Object 'Object Repository/Log_In_Elements/button_Aceptar_Cookis' is clickable

2023-10-30 11:28:16 - [MESSAGE][PASSED] - Object 'Object Repository/Log_In_Elements/button_Aceptar_Cookis' is clickable

2023-10-30 11:28:16 - [TEST_STEP][PASSED] - click(findTestObject("Object Repository/Log_In_Elements/button_Aceptar_Cookis"), STOP_ON_FAILURE): Object: 'Object Repository/Log_In_Elements/button_Aceptar_Cookis' is clicked on

2023-10-30 11:28:17 - [MESSAGE][PASSED] - Object: 'Object Repository/Log_In_Elements/button_Aceptar_Cookis' is clicked on

2023-10-30 11:28:17 - [TEST_STEP][PASSED] - delay(5): Delayed 5 second(s)

2023-10-30 11:28:22 - [MESSAGE][PASSED] - Delayed 5 second(s)

2023-10-30 11:28:22 - [TEST_STEP][PASSED] - waitForElementVisible(findTestObject("Object Repository/Log_In_Elements/button_Siguiente"), 60, OPTIONAL): Object 'Object Repository/Log_In_Elements/button_Siguiente' is visible

2023-10-30 11:28:52 - [MESSAGE][PASSED] - Object 'Object Repository/Log_In_Elements/button_Siguiente' is visible

2023-10-30 11:28:52 - [TEST_STEP][PASSED] - waitForElementClickable(findTestObject("Object Repository/Log_In_Elements/button_Siguiente"), 60, OPTIONAL): Object 'Object Repository/Log_In_Elements/button_Siguiente' is clickable

2023-10-30 11:28:59 - [MESSAGE][PASSED] - Object 'Object Repository/Log_In_Elements/button_Siguiente' is clickable

2023-10-30 11:28:59 - [TEST_STEP][PASSED] - click(findTestObject("Object Repository/Log_In_Elements/button_Siguiente"), STOP_ON_FAILURE): Object: 'Object Repository/Log_In_Elements/button_Siguiente' is clicked on

2023-10-30 11:28:59 - [MESSAGE][PASSED] - Object: 'Object Repository/Log_In_Elements/button_Siguiente' is clicked on

2023-10-30 11:28:59 - [TEST_STEP][PASSED] - delay(5): Delayed 5 second(s)

2023-10-30 11:29:04 - [MESSAGE][PASSED] - Delayed 5 second(s)

2023-10-30 11:29:04 - [TEST_STEP][PASSED] - waitForElementVisible(findTestObject("Origen_Destino_Paquetes/input_Origen"), 60, OPTIONAL): Object 'Object Repository/Origen_Destino_Paquetes/input_Origen' is visible

2023-10-30 11:29:05 - [MESSAGE][PASSED] - Object 'Object Repository/Origen_Destino_Paquetes/input_Origen' is visible

2023-10-30 11:29:05 - [TEST_STEP][PASSED] - waitForElementClickable(findTestObject("Origen_Destino_Paquetes/input_Origen"), 60, OPTIONAL): Object 'Object Repository/Origen_Destino_Paquetes/input_Origen' is clickable

2023-10-30 11:29:05 - [MESSAGE][PASSED] - Object 'Object Repository/Origen_Destino_Paquetes/input_Origen' is clickable

2023-10-30 11:29:05 - [TEST_STEP][PASSED] - setText(findTestObject("Origen_Destino_Paquetes/input_Origen"), codPostalRem, STOP_ON_FAILURE): Text '29700' is set on object 'Object Repository/Origen_Destino_Paquetes/input_Origen'

2023-10-30 11:29:06 - [MESSAGE][PASSED] - Text '29700' is set on object 'Object Repository/Origen_Destino_Paquetes/input_Origen'

2023-10-30 11:29:06 - [TEST_STEP][PASSED] - delay(2): Delayed 2 second(s)

2023-10-30 11:29:08 - [MESSAGE][PASSED] - Delayed 2 second(s)

2023-10-30 11:29:08 - [TEST_STEP][PASSED] - waitForElementVisible(findTestObject("Origen_Destino_Paquetes/span_29700 - VELEZ-MALAGA"), 60, OPTIONAL): Object 'Object Repository/Origen_Destino_Paquetes/span_29700 - VELEZ-MALAGA' is visible

2023-10-30 11:29:08 - [MESSAGE][PASSED] - Object 'Object Repository/Origen_Destino_Paquetes/span_29700 - VELEZ-MALAGA' is visible

2023-10-30 11:29:08 - [TEST_STEP][PASSED] - waitForElementClickable(findTestObject("Origen_Destino_Paquetes/span_29700 - VELEZ-MALAGA"), 60, OPTIONAL): Object 'Object Repository/Origen_Destino_Paquetes/span_29700 - VELEZ-MALAGA' is clickable

2023-10-30 11:29:08 - [MESSAGE][PASSED] - Object 'Object Repository/Origen_Destino_Paquetes/span_29700 - VELEZ-MALAGA' is clickable

2023-10-30 11:29:08 - [TEST_STEP][PASSED] - click(findTestObject("Origen_Destino_Paquetes/span_29700 - VELEZ-MALAGA"), STOP_ON_FAILURE): Object: 'Object Repository/Origen_Destino_Paquetes/span_29700 - VELEZ-MALAGA' is clicked on

2023-10-30 11:29:08 - [MESSAGE][PASSED] - Object: 'Object Repository/Origen_Destino_Paquetes/span_29700 - VELEZ-MALAGA' is clicked on

2023-10-30 11:29:08 - [TEST_STEP][PASSED] - waitForElementVisible(findTestObject("Origen_Destino_Paquetes/input_Destino"), 60, OPTIONAL): Object 'Object Repository/Origen_Destino_Paquetes/input_Destino' is visible

2023-10-30 11:29:09 - [MESSAGE][PASSED] - Object 'Object Repository/Origen_Destino_Paquetes/input_Destino' is visible

2023-10-30 11:29:09 - [TEST_STEP][PASSED] - waitForElementClickable(findTestObject("Origen_Destino_Paquetes/input_Destino"), 60, OPTIONAL): Object 'Object Repository/Origen_Destino_Paquetes/input_Destino' is clickable

2023-10-30 11:29:09 - [MESSAGE][PASSED] - Object 'Object Repository/Origen_Destino_Paquetes/input_Destino' is clickable

2023-10-30 11:29:09 - [TEST_STEP][PASSED] - setText(findTestObject("Origen_Destino_Paquetes/input_Destino"), codPostalDes, STOP_ON_FAILURE): Text '28010' is set on object 'Object Repository/Origen_Destino_Paquetes/input_Destino'

2023-10-30 11:29:10 - [MESSAGE][PASSED] - Text '28010' is set on object 'Object Repository/Origen_Destino_Paquetes/input_Destino'

2023-10-30 11:29:10 - [TEST_STEP][PASSED] - delay(2): Delayed 2 second(s)

2023-10-30 11:29:12 - [MESSAGE][PASSED] - Delayed 2 second(s)

2023-10-30 11:29:12 - [TEST_STEP][PASSED] - waitForElementVisible(findTestObject("Origen_Destino_Paquetes/span_28010 - MADRID"), 60, OPTIONAL): Object 'Object Repository/Origen_Destino_Paquetes/span_28010 - MADRID' is visible

2023-10-30 11:29:12 - [MESSAGE][PASSED] - Object 'Object Repository/Origen_Destino_Paquetes/span_28010 - MADRID' is visible

2023-10-30 11:29:12 - [TEST_STEP][PASSED] - waitForElementClickable(findTestObject("Origen_Destino_Paquetes/span_28010 - MADRID"), 60, OPTIONAL): Object 'Object Repository/Origen_Destino_Paquetes/span_28010 - MADRID' is clickable

2023-10-30 11:29:12 - [MESSAGE][PASSED] - Object 'Object Repository/Origen_Destino_Paquetes/span_28010 - MADRID' is clickable

2023-10-30 11:29:12 - [TEST_STEP][PASSED] - click(findTestObject("Origen_Destino_Paquetes/span_28010 - MADRID"), STOP_ON_FAILURE): Object: 'Object Repository/Origen_Destino_Paquetes/span_28010 - MADRID' is clicked on

2023-10-30 11:29:13 - [MESSAGE][PASSED] - Object: 'Object Repository/Origen_Destino_Paquetes/span_28010 - MADRID' is clicked on

2023-10-30 11:29:13 - [TEST_STEP][PASSED] - waitForElementVisible(findTestObject("Origen_Destino_Paquetes/input_Paquete_peso"), 60, OPTIONAL): Object 'Object Repository/Origen_Destino_Paquetes/input_Paquete_peso' is visible

2023-10-30 11:29:13 - [MESSAGE][PASSED] - Object 'Object Repository/Origen_Destino_Paquetes/input_Paquete_peso' is visible

2023-10-30 11:29:13 - [TEST_STEP][PASSED] - waitForElementClickable(findTestObject("Origen_Destino_Paquetes/input_Paquete_peso"), 60, OPTIONAL): Object 'Object Repository/Origen_Destino_Paquetes/input_Paquete_peso' is clickable

2023-10-30 11:29:13 - [MESSAGE][PASSED] - Object 'Object Repository/Origen_Destino_Paquetes/input_Paquete_peso' is clickable

2023-10-30 11:29:13 - [TEST_STEP][PASSED] - setText(findTestObject("Origen_Destino_Paquetes/input_Paquete_peso"), pesoPaquete, STOP_ON_FAILURE): Text '6.5' is set on object 'Object Repository/Origen_Destino_Paquetes/input_Paquete_peso'

2023-10-30 11:29:14 - [MESSAGE][PASSED] - Text '6.5' is set on object 'Object Repository/Origen_Destino_Paquetes/input_Paquete_peso'

2023-10-30 11:29:14 - [TEST_STEP][PASSED] - waitForElementVisible(findTestObject("Origen_Destino_Paquetes/input_Paquete_largo"), 60, OPTIONAL): Object 'Object Repository/Origen_Destino_Paquetes/input_Paquete_largo' is visible

2023-10-30 11:29:14 - [MESSAGE][PASSED] - Object 'Object Repository/Origen_Destino_Paquetes/input_Paquete_largo' is visible

2023-10-30 11:29:14 - [TEST_STEP][PASSED] - waitForElementClickable(findTestObject("Origen_Destino_Paquetes/input_Paquete_largo"), 60, OPTIONAL): Object 'Object Repository/Origen_Destino_Paquetes/input_Paquete_largo' is clickable

2023-10-30 11:29:15 - [MESSAGE][PASSED] - Object 'Object Repository/Origen_Destino_Paquetes/input_Paquete_largo' is clickable

2023-10-30 11:29:15 - [TEST_STEP][PASSED] - setText(findTestObject("Origen_Destino_Paquetes/input_Paquete_largo"), largoPaquete, STOP_ON_FAILURE): Text '20' is set on object 'Object Repository/Origen_Destino_Paquetes/input_Paquete_largo'

2023-10-30 11:29:15 - [MESSAGE][PASSED] - Text '20' is set on object 'Object Repository/Origen_Destino_Paquetes/input_Paquete_largo'

2023-10-30 11:29:15 - [TEST_STEP][PASSED] - waitForElementVisible(findTestObject("Origen_Destino_Paquetes/input_Paquete_Ancho"), 60, OPTIONAL): Object 'Object Repository/Origen_Destino_Paquetes/input_Paquete_Ancho' is visible

2023-10-30 11:29:16 - [MESSAGE][PASSED] - Object 'Object Repository/Origen_Destino_Paquetes/input_Paquete_Ancho' is visible

2023-10-30 11:29:16 - [TEST_STEP][PASSED] - waitForElementClickable(findTestObject("Origen_Destino_Paquetes/input_Paquete_Ancho"), 60, OPTIONAL): Object 'Object Repository/Origen_Destino_Paquetes/input_Paquete_Ancho' is clickable

2023-10-30 11:29:16 - [MESSAGE][PASSED] - Object 'Object Repository/Origen_Destino_Paquetes/input_Paquete_Ancho' is clickable

2023-10-30 11:29:16 - [TEST_STEP][PASSED] - setText(findTestObject("Origen_Destino_Paquetes/input_Paquete_Ancho"), anchoPaquete, STOP_ON_FAILURE): Text '30' is set on object 'Object Repository/Origen_Destino_Paquetes/input_Paquete_Ancho'

2023-10-30 11:29:17 - [MESSAGE][PASSED] - Text '30' is set on object 'Object Repository/Origen_Destino_Paquetes/input_Paquete_Ancho'

2023-10-30 11:29:17 - [TEST_STEP][PASSED] - waitForElementVisible(findTestObject("Origen_Destino_Paquetes/input_Paquete_Alto"), 60, OPTIONAL): Object 'Object Repository/Origen_Destino_Paquetes/input_Paquete_Alto' is visible

2023-10-30 11:29:17 - [MESSAGE][PASSED] - Object 'Object Repository/Origen_Destino_Paquetes/input_Paquete_Alto' is visible

2023-10-30 11:29:17 - [TEST_STEP][PASSED] - waitForElementClickable(findTestObject("Origen_Destino_Paquetes/input_Paquete_Alto"), 60, OPTIONAL): Object 'Object Repository/Origen_Destino_Paquetes/input_Paquete_Alto' is clickable

2023-10-30 11:29:17 - [MESSAGE][PASSED] - Object 'Object Repository/Origen_Destino_Paquetes/input_Paquete_Alto' is clickable

2023-10-30 11:29:17 - [TEST_STEP][PASSED] - setText(findTestObject("Origen_Destino_Paquetes/input_Paquete_Alto"), altoPaquete, STOP_ON_FAILURE): Text '45' is set on object 'Object Repository/Origen_Destino_Paquetes/input_Paquete_Alto'

2023-10-30 11:29:18 - [MESSAGE][PASSED] - Text '45' is set on object 'Object Repository/Origen_Destino_Paquetes/input_Paquete_Alto'

2023-10-30 11:29:18 - [TEST_STEP][PASSED] - waitForElementVisible(findTestObject("Origen_Destino_Paquetes/button_Calcula tu envio"), 60, OPTIONAL): Object 'Object Repository/Origen_Destino_Paquetes/button_Calcula tu envio' is visible

2023-10-30 11:29:18 - [MESSAGE][PASSED] - Object 'Object Repository/Origen_Destino_Paquetes/button_Calcula tu envio' is visible

2023-10-30 11:29:18 - [TEST_STEP][PASSED] - waitForElementClickable(findTestObject("Origen_Destino_Paquetes/button_Calcula tu envio"), 60, OPTIONAL): Object 'Object Repository/Origen_Destino_Paquetes/button_Calcula tu envio' is clickable

2023-10-30 11:29:19 - [MESSAGE][PASSED] - Object 'Object Repository/Origen_Destino_Paquetes/button_Calcula tu envio' is clickable

2023-10-30 11:29:19 - [TEST_STEP][PASSED] - click(findTestObject("Origen_Destino_Paquetes/button_Calcula tu envio"), STOP_ON_FAILURE): Object: 'Object Repository/Origen_Destino_Paquetes/button_Calcula tu envio' is clicked on

2023-10-30 11:29:19 - [MESSAGE][PASSED] - Object: 'Object Repository/Origen_Destino_Paquetes/button_Calcula tu envio' is clicked on

2023-10-30 11:29:19 - [TEST_STEP][PASSED] - waitForElementVisible(findTestObject("Object Repository/Contracting_buttons/button_Contratar_S2H"), 60, OPTIONAL): Object 'Object Repository/Contracting_buttons/button_Contratar_S2H' is visible

2023-10-30 11:29:22 - [MESSAGE][PASSED] - Object 'Object Repository/Contracting_buttons/button_Contratar_S2H' is visible

2023-10-30 11:29:22 - [TEST_STEP][PASSED] - waitForElementClickable(findTestObject("Object Repository/Contracting_buttons/button_Contratar_S2H"), 60, OPTIONAL): Object 'Object Repository/Contracting_buttons/button_Contratar_S2H' is clickable

2023-10-30 11:29:22 - [MESSAGE][PASSED] - Object 'Object Repository/Contracting_buttons/button_Contratar_S2H' is clickable

2023-10-30 11:29:22 - [TEST_STEP][PASSED] - click(findTestObject("Object Repository/Contracting_buttons/button_Contratar_S2H"), STOP_ON_FAILURE): Object: 'Object Repository/Contracting_buttons/button_Contratar_S2H' is clicked on

2023-10-30 11:29:22 - [MESSAGE][PASSED] - Object: 'Object Repository/Contracting_buttons/button_Contratar_S2H' is clicked on

2023-10-30 11:29:22 - [TEST_STEP][PASSED] - waitForElementVisible(findTestObject("Forms/Origen/input_Nombre"), 60, OPTIONAL): Object 'Object Repository/Forms/Origen/input_Nombre' is visible

2023-10-30 11:29:26 - [MESSAGE][PASSED] - Object 'Object Repository/Forms/Origen/input_Nombre' is visible

2023-10-30 11:29:26 - [TEST_STEP][PASSED] - waitForElementClickable(findTestObject("Forms/Origen/input_Nombre"), 60, OPTIONAL): Object 'Object Repository/Forms/Origen/input_Nombre' is clickable

2023-10-30 11:29:27 - [MESSAGE][PASSED] - Object 'Object Repository/Forms/Origen/input_Nombre' is clickable

2023-10-30 11:29:27 - [TEST_STEP][PASSED] - setText(findTestObject("Forms/Origen/input_Nombre"), nombreRem, STOP_ON_FAILURE): Text 'Luis' is set on object 'Object Repository/Forms/Origen/input_Nombre'

2023-10-30 11:29:27 - [MESSAGE][PASSED] - Text 'Luis' is set on object 'Object Repository/Forms/Origen/input_Nombre'

2023-10-30 11:29:27 - [TEST_STEP][PASSED] - waitForElementVisible(findTestObject("Forms/Origen/input_Apellidos"), 60, OPTIONAL): Object 'Object Repository/Forms/Origen/input_Apellidos' is visible

2023-10-30 11:29:28 - [MESSAGE][PASSED] - Object 'Object Repository/Forms/Origen/input_Apellidos' is visible

2023-10-30 11:29:28 - [TEST_STEP][PASSED] - waitForElementClickable(findTestObject("Forms/Origen/input_Apellidos"), 60, OPTIONAL): Object 'Object Repository/Forms/Origen/input_Apellidos' is clickable

2023-10-30 11:29:28 - [MESSAGE][PASSED] - Object 'Object Repository/Forms/Origen/input_Apellidos' is clickable

2023-10-30 11:29:28 - [TEST_STEP][PASSED] - setText(findTestObject("Forms/Origen/input_Apellidos"), apellidosRem, STOP_ON_FAILURE): Text 'García' is set on object 'Object Repository/Forms/Origen/input_Apellidos'

2023-10-30 11:29:29 - [MESSAGE][PASSED] - Text 'García' is set on object 'Object Repository/Forms/Origen/input_Apellidos'

2023-10-30 11:29:29 - [TEST_STEP][PASSED] - waitForElementVisible(findTestObject("Forms/Origen/input_RazonSocial"), 60, OPTIONAL): Object 'Object Repository/Forms/Origen/input_RazonSocial' is visible

2023-10-30 11:29:29 - [MESSAGE][PASSED] - Object 'Object Repository/Forms/Origen/input_RazonSocial' is visible

2023-10-30 11:29:29 - [TEST_STEP][PASSED] - waitForElementClickable(findTestObject("Forms/Origen/input_RazonSocial"), 60, OPTIONAL): Object 'Object Repository/Forms/Origen/input_RazonSocial' is clickable

2023-10-30 11:29:29 - [MESSAGE][PASSED] - Object 'Object Repository/Forms/Origen/input_RazonSocial' is clickable

2023-10-30 11:29:29 - [TEST_STEP][PASSED] - setText(findTestObject("Forms/Origen/input_RazonSocial"), razSocialRem, STOP_ON_FAILURE): Text 'Razón de prueba' is set on object 'Object Repository/Forms/Origen/input_RazonSocial'

2023-10-30 11:29:30 - [MESSAGE][PASSED] - Text 'Razón de prueba' is set on object 'Object Repository/Forms/Origen/input_RazonSocial'

2023-10-30 11:29:30 - [TEST_STEP][PASSED] - waitForElementVisible(findTestObject("Forms/Origen/input_NIF"), 60, OPTIONAL): Object 'Object Repository/Forms/Origen/input_NIF' is visible

2023-10-30 11:29:30 - [MESSAGE][PASSED] - Object 'Object Repository/Forms/Origen/input_NIF' is visible

2023-10-30 11:29:30 - [TEST_STEP][PASSED] - waitForElementClickable(findTestObject("Forms/Origen/input_NIF"), 60, OPTIONAL): Object 'Object Repository/Forms/Origen/input_NIF' is clickable

2023-10-30 11:29:30 - [MESSAGE][PASSED] - Object 'Object Repository/Forms/Origen/input_NIF' is clickable

2023-10-30 11:29:30 - [TEST_STEP][PASSED] - setText(findTestObject("Forms/Origen/input_NIF"), nifRem, STOP_ON_FAILURE): Text '85590417B' is set on object 'Object Repository/Forms/Origen/input_NIF'

2023-10-30 11:29:31 - [MESSAGE][PASSED] - Text '85590417B' is set on object 'Object Repository/Forms/Origen/input_NIF'

2023-10-30 11:29:31 - [TEST_STEP][PASSED] - waitForElementVisible(findTestObject("Forms/Origen/input_email"), 60, OPTIONAL): Object 'Object Repository/Forms/Origen/input_email' is visible

2023-10-30 11:29:31 - [MESSAGE][PASSED] - Object 'Object Repository/Forms/Origen/input_email' is visible

2023-10-30 11:29:31 - [TEST_STEP][PASSED] - waitForElementClickable(findTestObject("Forms/Origen/input_email"), 60, OPTIONAL): Object 'Object Repository/Forms/Origen/input_email' is clickable

2023-10-30 11:29:32 - [MESSAGE][PASSED] - Object 'Object Repository/Forms/Origen/input_email' is clickable

2023-10-30 11:29:32 - [TEST_STEP][PASSED] - setText(findTestObject("Forms/Origen/input_email"), emailRem, STOP_ON_FAILURE): Text 'emailprueba7@email.com' is set on object 'Object Repository/Forms/Origen/input_email'

2023-10-30 11:29:32 - [MESSAGE][PASSED] - Text 'emailprueba7@email.com' is set on object 'Object Repository/Forms/Origen/input_email'

2023-10-30 11:29:32 - [TEST_STEP][PASSED] - waitForElementVisible(findTestObject("Forms/Origen/input_Phone"), 60, OPTIONAL): Object 'Object Repository/Forms/Origen/input_Phone' is visible

2023-10-30 11:29:33 - [MESSAGE][PASSED] - Object 'Object Repository/Forms/Origen/input_Phone' is visible

2023-10-30 11:29:33 - [TEST_STEP][PASSED] - waitForElementClickable(findTestObject("Forms/Origen/input_Phone"), 60, OPTIONAL): Object 'Object Repository/Forms/Origen/input_Phone' is clickable

2023-10-30 11:29:33 - [MESSAGE][PASSED] - Object 'Object Repository/Forms/Origen/input_Phone' is clickable

2023-10-30 11:29:33 - [TEST_STEP][PASSED] - setText(findTestObject("Forms/Origen/input_Phone"), numTlfRem, STOP_ON_FAILURE): Text '654709853' is set on object 'Object Repository/Forms/Origen/input_Phone'

2023-10-30 11:29:34 - [MESSAGE][PASSED] - Text '654709853' is set on object 'Object Repository/Forms/Origen/input_Phone'

2023-10-30 11:29:34 - [TEST_STEP][PASSED] - waitForElementVisible(findTestObject("Forms/Origen/input_Direccion1"), 60, OPTIONAL): Object 'Object Repository/Forms/Origen/input_Direccion1' is visible

2023-10-30 11:29:34 - [MESSAGE][PASSED] - Object 'Object Repository/Forms/Origen/input_Direccion1' is visible

2023-10-30 11:29:34 - [TEST_STEP][PASSED] - waitForElementClickable(findTestObject("Forms/Origen/input_Direccion1"), 60, OPTIONAL): Object 'Object Repository/Forms/Origen/input_Direccion1' is clickable

2023-10-30 11:29:34 - [MESSAGE][PASSED] - Object 'Object Repository/Forms/Origen/input_Direccion1' is clickable

2023-10-30 11:29:34 - [TEST_STEP][PASSED] - setText(findTestObject("Forms/Origen/input_Direccion1"), dirRem1, STOP_ON_FAILURE): Text 'Calle Prueba' is set on object 'Object Repository/Forms/Origen/input_Direccion1'

2023-10-30 11:29:35 - [MESSAGE][PASSED] - Text 'Calle Prueba' is set on object 'Object Repository/Forms/Origen/input_Direccion1'

2023-10-30 11:29:35 - [TEST_STEP][PASSED] - waitForElementVisible(findTestObject("Forms/Origen/button_Continuar"), 60, OPTIONAL): Object 'Object Repository/Forms/Origen/button_Continuar' is visible

2023-10-30 11:29:35 - [MESSAGE][PASSED] - Object 'Object Repository/Forms/Origen/button_Continuar' is visible

2023-10-30 11:29:35 - [TEST_STEP][PASSED] - waitForElementClickable(findTestObject("Forms/Origen/button_Continuar"), 60, OPTIONAL): Object 'Object Repository/Forms/Origen/button_Continuar' is clickable

2023-10-30 11:29:36 - [MESSAGE][PASSED] - Object 'Object Repository/Forms/Origen/button_Continuar' is clickable

2023-10-30 11:29:36 - [TEST_STEP][PASSED] - click(findTestObject("Forms/Origen/button_Continuar"), STOP_ON_FAILURE): Object: 'Object Repository/Forms/Origen/button_Continuar' is clicked on

2023-10-30 11:29:36 - [MESSAGE][PASSED] - Object: 'Object Repository/Forms/Origen/button_Continuar' is clicked on

2023-10-30 11:29:36 - [TEST_STEP][PASSED] - waitForElementVisible(findTestObject("Forms/Destino/input_Nombre"), 60, OPTIONAL): Object 'Object Repository/Forms/Destino/input_Nombre' is visible

2023-10-30 11:29:38 - [MESSAGE][PASSED] - Object 'Object Repository/Forms/Destino/input_Nombre' is visible

2023-10-30 11:29:38 - [TEST_STEP][PASSED] - waitForElementClickable(findTestObject("Forms/Destino/input_Nombre"), 60, OPTIONAL): Object 'Object Repository/Forms/Destino/input_Nombre' is clickable

2023-10-30 11:29:38 - [MESSAGE][PASSED] - Object 'Object Repository/Forms/Destino/input_Nombre' is clickable

2023-10-30 11:29:38 - [TEST_STEP][PASSED] - setText(findTestObject("Forms/Destino/input_Nombre"), nombreDes, STOP_ON_FAILURE): Text 'José Antonio' is set on object 'Object Repository/Forms/Destino/input_Nombre'

2023-10-30 11:29:39 - [MESSAGE][PASSED] - Text 'José Antonio' is set on object 'Object Repository/Forms/Destino/input_Nombre'

2023-10-30 11:29:39 - [TEST_STEP][PASSED] - waitForElementVisible(findTestObject("Forms/Destino/input_Apellidos"), 60, OPTIONAL): Object 'Object Repository/Forms/Destino/input_Apellidos' is visible

2023-10-30 11:29:39 - [MESSAGE][PASSED] - Object 'Object Repository/Forms/Destino/input_Apellidos' is visible

2023-10-30 11:29:39 - [TEST_STEP][PASSED] - waitForElementClickable(findTestObject("Forms/Destino/input_Apellidos"), 60, OPTIONAL): Object 'Object Repository/Forms/Destino/input_Apellidos' is clickable

2023-10-30 11:29:39 - [MESSAGE][PASSED] - Object 'Object Repository/Forms/Destino/input_Apellidos' is clickable

2023-10-30 11:29:39 - [TEST_STEP][PASSED] - setText(findTestObject("Forms/Destino/input_Apellidos"), apellidosDes, STOP_ON_FAILURE): Text 'Lozano' is set on object 'Object Repository/Forms/Destino/input_Apellidos'

2023-10-30 11:29:40 - [MESSAGE][PASSED] - Text 'Lozano' is set on object 'Object Repository/Forms/Destino/input_Apellidos'

2023-10-30 11:29:40 - [TEST_STEP][PASSED] - waitForElementVisible(findTestObject("Forms/Destino/input_RazonSocial"), 60, OPTIONAL): Object 'Object Repository/Forms/Destino/input_RazonSocial' is visible

2023-10-30 11:29:40 - [MESSAGE][PASSED] - Object 'Object Repository/Forms/Destino/input_RazonSocial' is visible

2023-10-30 11:29:40 - [TEST_STEP][PASSED] - waitForElementClickable(findTestObject("Forms/Destino/input_RazonSocial"), 60, OPTIONAL): Object 'Object Repository/Forms/Destino/input_RazonSocial' is clickable

2023-10-30 11:29:41 - [MESSAGE][PASSED] - Object 'Object Repository/Forms/Destino/input_RazonSocial' is clickable

2023-10-30 11:29:41 - [TEST_STEP][PASSED] - setText(findTestObject("Forms/Destino/input_RazonSocial"), razonSocialDes, STOP_ON_FAILURE): Text 'Otra razón de prueba' is set on object 'Object Repository/Forms/Destino/input_RazonSocial'

2023-10-30 11:29:41 - [MESSAGE][PASSED] - Text 'Otra razón de prueba' is set on object 'Object Repository/Forms/Destino/input_RazonSocial'

2023-10-30 11:29:41 - [TEST_STEP][PASSED] - waitForElementVisible(findTestObject("Forms/Destino/input_Email"), 60, OPTIONAL): Object 'Object Repository/Forms/Destino/input_Email' is visible

2023-10-30 11:29:42 - [MESSAGE][PASSED] - Object 'Object Repository/Forms/Destino/input_Email' is visible

2023-10-30 11:29:42 - [TEST_STEP][PASSED] - waitForElementClickable(findTestObject("Forms/Destino/input_Email"), 60, OPTIONAL): Object 'Object Repository/Forms/Destino/input_Email' is clickable

2023-10-30 11:29:42 - [MESSAGE][PASSED] - Object 'Object Repository/Forms/Destino/input_Email' is clickable

2023-10-30 11:29:42 - [TEST_STEP][PASSED] - setText(findTestObject("Forms/Destino/input_Email"), emailRem, STOP_ON_FAILURE): Text 'emailprueba7@email.com' is set on object 'Object Repository/Forms/Destino/input_Email'

2023-10-30 11:29:42 - [MESSAGE][PASSED] - Text 'emailprueba7@email.com' is set on object 'Object Repository/Forms/Destino/input_Email'

2023-10-30 11:29:42 - [TEST_STEP][PASSED] - waitForElementVisible(findTestObject("Forms/Destino/input_Phone"), 60, OPTIONAL): Object 'Object Repository/Forms/Destino/input_Phone' is visible

2023-10-30 11:29:43 - [MESSAGE][PASSED] - Object 'Object Repository/Forms/Destino/input_Phone' is visible

2023-10-30 11:29:43 - [TEST_STEP][PASSED] - waitForElementClickable(findTestObject("Forms/Destino/input_Phone"), 60, OPTIONAL): Object 'Object Repository/Forms/Destino/input_Phone' is clickable

2023-10-30 11:29:43 - [MESSAGE][PASSED] - Object 'Object Repository/Forms/Destino/input_Phone' is clickable

2023-10-30 11:29:43 - [TEST_STEP][PASSED] - setText(findTestObject("Forms/Destino/input_Phone"), numTlfRem, STOP_ON_FAILURE): Text '654709853' is set on object 'Object Repository/Forms/Destino/input_Phone'

2023-10-30 11:29:44 - [MESSAGE][PASSED] - Text '654709853' is set on object 'Object Repository/Forms/Destino/input_Phone'

2023-10-30 11:29:44 - [TEST_STEP][PASSED] - waitForElementVisible(findTestObject("Forms/Destino/input_Direccion1"), 60, OPTIONAL): Object 'Object Repository/Forms/Destino/input_Direccion1' is visible

2023-10-30 11:29:44 - [MESSAGE][PASSED] - Object 'Object Repository/Forms/Destino/input_Direccion1' is visible

2023-10-30 11:29:44 - [TEST_STEP][PASSED] - waitForElementClickable(findTestObject("Forms/Destino/input_Direccion1"), 60, OPTIONAL): Object 'Object Repository/Forms/Destino/input_Direccion1' is clickable

2023-10-30 11:29:45 - [MESSAGE][PASSED] - Object 'Object Repository/Forms/Destino/input_Direccion1' is clickable

2023-10-30 11:29:45 - [TEST_STEP][PASSED] - setText(findTestObject("Forms/Destino/input_Direccion1"), dirDes1, STOP_ON_FAILURE): Text 'Calle OtraPrueba' is set on object 'Object Repository/Forms/Destino/input_Direccion1'

2023-10-30 11:29:45 - [MESSAGE][PASSED] - Text 'Calle OtraPrueba' is set on object 'Object Repository/Forms/Destino/input_Direccion1'

2023-10-30 11:29:45 - [TEST_STEP][PASSED] - waitForElementVisible(findTestObject("Forms/Destino/button_Continuar"), 60, OPTIONAL): Object 'Object Repository/Forms/Destino/button_Continuar' is visible

2023-10-30 11:29:46 - [MESSAGE][PASSED] - Object 'Object Repository/Forms/Destino/button_Continuar' is visible

2023-10-30 11:29:46 - [TEST_STEP][PASSED] - waitForElementClickable(findTestObject("Forms/Destino/button_Continuar"), 60, OPTIONAL): Object 'Object Repository/Forms/Destino/button_Continuar' is clickable

2023-10-30 11:29:46 - [MESSAGE][PASSED] - Object 'Object Repository/Forms/Destino/button_Continuar' is clickable

2023-10-30 11:29:46 - [TEST_STEP][PASSED] - click(findTestObject("Forms/Destino/button_Continuar"), STOP_ON_FAILURE): Object: 'Object Repository/Forms/Destino/button_Continuar' is clicked on

2023-10-30 11:29:46 - [MESSAGE][PASSED] - Object: 'Object Repository/Forms/Destino/button_Continuar' is clicked on

2023-10-30 11:29:46 - [TEST_STEP][PASSED] - delay(30): Delayed 30 second(s)

2023-10-30 11:30:16 - [MESSAGE][PASSED] - Delayed 30 second(s)

2023-10-30 11:30:16 - [TEST_STEP][PASSED] - precioSinIVALbl = getText(findTestObject("Resumen_Checks/label_sinIva")).toString(): Text of object 'Object Repository/Resumen_Checks/label_sinIva' is: '12,60 €'

2023-10-30 11:30:33 - [MESSAGE][PASSED] - Text of object 'Object Repository/Resumen_Checks/label_sinIva' is: '12,60 €'

2023-10-30 11:30:33 - [TEST_STEP][PASSED] - precioConIVALbl = getText(findTestObject("Resumen_Checks/label_conIva")).toString(): Text of object 'Object Repository/Resumen_Checks/label_conIva' is: '2,65 €'

2023-10-30 11:30:33 - [MESSAGE][PASSED] - Text of object 'Object Repository/Resumen_Checks/label_conIva' is: '2,65 €'

2023-10-30 11:30:33 - [TEST_STEP][PASSED] - precioTotalLbl = getText(findTestObject("Resumen_Checks/label_total")).toString(): Text of object 'Object Repository/Resumen_Checks/label_total' is: '15,25 €'

2023-10-30 11:30:33 - [MESSAGE][PASSED] - Text of object 'Object Repository/Resumen_Checks/label_total' is: '15,25 €'

2023-10-30 11:30:33 - [TEST_STEP][PASSED] - takeScreenshot(): Taking screenshot successfully

2023-10-30 11:30:34 - [MESSAGE][PASSED] - Taking screenshot successfully
[[ATTACHMENT|C:\\Jenkins\\workspace\\Katalon_WebRecogidas_PRO\\Reports\\20231030_111542\\TS_Envios_PRO\\20231030_111543\\1698661834042.png]]

2023-10-30 11:30:34 - [TEST_STEP][PASSED] - markPassed("Recogidas / 06 - Envio shop2home"): Recogidas / 06 - Envio shop2home

2023-10-30 11:30:34 - [MESSAGE][PASSED] - Recogidas / 06 - Envio shop2home

2023-10-30 11:30:34 - [TEST_STEP][PASSED] - Finally: Browser is closed

2023-10-30 11:30:34 - [TEST_STEP][PASSED] - closeBrowser(): Browser is closed

2023-10-30 11:30:34 - [MESSAGE][PASSED] - Browser is closed

2023-10-30 11:30:34 - [TEST_STEP][PASSED] - closeBrowser(): Browser is closed

2023-10-30 11:30:34 - [MESSAGE][PASSED] - Browser is closed]]></system-out>
         <system-err><![CDATA[]]></system-err>
      </testcase>
      <testcase name="Test Cases/Scripts_PRO/07 - Envio_EnvioInternacional" time="226.429" classname="Test Cases/Scripts_PRO/07 - Envio_EnvioInternacional" status="PASSED">
         <system-out><![CDATA[2023-10-30 11:30:35 - [TEST_CASE][PASSED] - Test Cases/Scripts_PRO/07 - Envio_EnvioInternacional: Test Cases/Scripts_PRO/07 - Envio_EnvioInternacional

2023-10-30 11:30:35 - [TEST_STEP][PASSED] - setWebDriverPreferencesProperty("args", ["window-size=1920,1080"]): null

2023-10-30 11:30:35 - [TEST_STEP][PASSED] - try: Recogidas / 07 - Envio internacional

2023-10-30 11:30:35 - [TEST_STEP][PASSED] - openBrowser(""): Browser is opened with url: ''

2023-10-30 11:30:35 - [MESSAGE][INFO] - Starting 'Chrome' driver

2023-10-30 11:30:35 - [MESSAGE][INFO] - User set preference: ['args', '[window-size=1920,1080]']

2023-10-30 11:30:35 - [MESSAGE][INFO] - Action delay is set to 0 milliseconds

2023-10-30 11:30:37 - [MESSAGE][PASSED] - Browser is opened with url: ''

2023-10-30 11:30:37 - [TEST_STEP][PASSED] - maximizeWindow(): Current window maximized

2023-10-30 11:30:37 - [MESSAGE][PASSED] - Current window maximized

2023-10-30 11:30:37 - [TEST_STEP][PASSED] - navigateToUrl("https://seur.com/envio-online2/new-shipping"): Navigate to 'https://seur.com/envio-online2/new-shipping' successfully

2023-10-30 11:31:22 - [MESSAGE][PASSED] - Navigate to 'https://seur.com/envio-online2/new-shipping' successfully

2023-10-30 11:31:22 - [TEST_STEP][PASSED] - delay(30): Delayed 30 second(s)

2023-10-30 11:31:52 - [MESSAGE][PASSED] - Delayed 30 second(s)

2023-10-30 11:31:52 - [TEST_STEP][PASSED] - waitForElementVisible(findTestObject("Log_In_Elements/button_Aceptar_Cookis"), 60, OPTIONAL): Object 'Object Repository/Log_In_Elements/button_Aceptar_Cookis' is visible

2023-10-30 11:31:52 - [MESSAGE][PASSED] - Object 'Object Repository/Log_In_Elements/button_Aceptar_Cookis' is visible

2023-10-30 11:31:52 - [TEST_STEP][PASSED] - waitForElementClickable(findTestObject("Log_In_Elements/button_Aceptar_Cookis"), 60, OPTIONAL): Object 'Object Repository/Log_In_Elements/button_Aceptar_Cookis' is clickable

2023-10-30 11:31:52 - [MESSAGE][PASSED] - Object 'Object Repository/Log_In_Elements/button_Aceptar_Cookis' is clickable

2023-10-30 11:31:52 - [TEST_STEP][PASSED] - click(findTestObject("Log_In_Elements/button_Aceptar_Cookis"), STOP_ON_FAILURE): Object: 'Object Repository/Log_In_Elements/button_Aceptar_Cookis' is clicked on

2023-10-30 11:31:53 - [MESSAGE][PASSED] - Object: 'Object Repository/Log_In_Elements/button_Aceptar_Cookis' is clicked on

2023-10-30 11:31:53 - [TEST_STEP][PASSED] - delay(5): Delayed 5 second(s)

2023-10-30 11:31:58 - [MESSAGE][PASSED] - Delayed 5 second(s)

2023-10-30 11:31:58 - [TEST_STEP][PASSED] - waitForElementVisible(findTestObject("Object Repository/Log_In_Elements/button_Siguiente"), 60, OPTIONAL): Object 'Object Repository/Log_In_Elements/button_Siguiente' is visible

2023-10-30 11:32:28 - [MESSAGE][PASSED] - Object 'Object Repository/Log_In_Elements/button_Siguiente' is visible

2023-10-30 11:32:28 - [TEST_STEP][PASSED] - waitForElementClickable(findTestObject("Object Repository/Log_In_Elements/button_Siguiente"), 60, OPTIONAL): Object 'Object Repository/Log_In_Elements/button_Siguiente' is clickable

2023-10-30 11:32:35 - [MESSAGE][PASSED] - Object 'Object Repository/Log_In_Elements/button_Siguiente' is clickable

2023-10-30 11:32:35 - [TEST_STEP][PASSED] - click(findTestObject("Object Repository/Log_In_Elements/button_Siguiente"), STOP_ON_FAILURE): Object: 'Object Repository/Log_In_Elements/button_Siguiente' is clicked on

2023-10-30 11:32:35 - [MESSAGE][PASSED] - Object: 'Object Repository/Log_In_Elements/button_Siguiente' is clicked on

2023-10-30 11:32:35 - [TEST_STEP][PASSED] - delay(5): Delayed 5 second(s)

2023-10-30 11:32:40 - [MESSAGE][PASSED] - Delayed 5 second(s)

2023-10-30 11:32:40 - [TEST_STEP][PASSED] - waitForElementVisible(findTestObject("Origen_Destino_Paquetes/input_Origen"), 60, OPTIONAL): Object 'Object Repository/Origen_Destino_Paquetes/input_Origen' is visible

2023-10-30 11:32:40 - [MESSAGE][PASSED] - Object 'Object Repository/Origen_Destino_Paquetes/input_Origen' is visible

2023-10-30 11:32:40 - [TEST_STEP][PASSED] - waitForElementClickable(findTestObject("Origen_Destino_Paquetes/input_Origen"), 60, OPTIONAL): Object 'Object Repository/Origen_Destino_Paquetes/input_Origen' is clickable

2023-10-30 11:32:41 - [MESSAGE][PASSED] - Object 'Object Repository/Origen_Destino_Paquetes/input_Origen' is clickable

2023-10-30 11:32:41 - [TEST_STEP][PASSED] - setText(findTestObject("Origen_Destino_Paquetes/input_Origen"), codPostalRem, STOP_ON_FAILURE): Text '28001' is set on object 'Object Repository/Origen_Destino_Paquetes/input_Origen'

2023-10-30 11:32:41 - [MESSAGE][PASSED] - Text '28001' is set on object 'Object Repository/Origen_Destino_Paquetes/input_Origen'

2023-10-30 11:32:41 - [TEST_STEP][PASSED] - delay(2): Delayed 2 second(s)

2023-10-30 11:32:43 - [MESSAGE][PASSED] - Delayed 2 second(s)

2023-10-30 11:32:43 - [TEST_STEP][PASSED] - waitForElementVisible(findTestObject("Origen_Destino_Paquetes/span_28010 - MADRID"), 60, OPTIONAL): Object 'Object Repository/Origen_Destino_Paquetes/span_28010 - MADRID' is visible

2023-10-30 11:32:44 - [MESSAGE][PASSED] - Object 'Object Repository/Origen_Destino_Paquetes/span_28010 - MADRID' is visible

2023-10-30 11:32:44 - [TEST_STEP][PASSED] - waitForElementClickable(findTestObject("Origen_Destino_Paquetes/span_28010 - MADRID"), 60, OPTIONAL): Object 'Object Repository/Origen_Destino_Paquetes/span_28010 - MADRID' is clickable

2023-10-30 11:32:44 - [MESSAGE][PASSED] - Object 'Object Repository/Origen_Destino_Paquetes/span_28010 - MADRID' is clickable

2023-10-30 11:32:44 - [TEST_STEP][PASSED] - click(findTestObject("Origen_Destino_Paquetes/span_28010 - MADRID"), STOP_ON_FAILURE): Object: 'Object Repository/Origen_Destino_Paquetes/span_28010 - MADRID' is clicked on

2023-10-30 11:32:44 - [MESSAGE][PASSED] - Object: 'Object Repository/Origen_Destino_Paquetes/span_28010 - MADRID' is clicked on

2023-10-30 11:32:44 - [TEST_STEP][PASSED] - waitForElementVisible(findTestObject("Origen_Destino_Paquetes/div_ESPAÑA PasRegin"), 60, OPTIONAL): Object 'Object Repository/Origen_Destino_Paquetes/div_ESPAÑA PasRegin' is visible

2023-10-30 11:32:45 - [MESSAGE][PASSED] - Object 'Object Repository/Origen_Destino_Paquetes/div_ESPAÑA PasRegin' is visible

2023-10-30 11:32:45 - [TEST_STEP][PASSED] - waitForElementClickable(findTestObject("Origen_Destino_Paquetes/div_ESPAÑA PasRegin"), 60, OPTIONAL): Object 'Object Repository/Origen_Destino_Paquetes/div_ESPAÑA PasRegin' is clickable

2023-10-30 11:32:45 - [MESSAGE][PASSED] - Object 'Object Repository/Origen_Destino_Paquetes/div_ESPAÑA PasRegin' is clickable

2023-10-30 11:32:45 - [TEST_STEP][PASSED] - click(findTestObject("Origen_Destino_Paquetes/div_ESPAÑA PasRegin"), STOP_ON_FAILURE): Object: 'Object Repository/Origen_Destino_Paquetes/div_ESPAÑA PasRegin' is clicked on

2023-10-30 11:32:45 - [MESSAGE][PASSED] - Object: 'Object Repository/Origen_Destino_Paquetes/div_ESPAÑA PasRegin' is clicked on

2023-10-30 11:32:45 - [TEST_STEP][PASSED] - delay(5): Delayed 5 second(s)

2023-10-30 11:32:50 - [MESSAGE][PASSED] - Delayed 5 second(s)

2023-10-30 11:32:50 - [TEST_STEP][PASSED] - waitForElementVisible(findTestObject("Origen_Destino_Paquetes/mat-option_FRANCIA"), 60, OPTIONAL): Object 'Object Repository/Origen_Destino_Paquetes/mat-option_FRANCIA' is visible

2023-10-30 11:32:51 - [MESSAGE][PASSED] - Object 'Object Repository/Origen_Destino_Paquetes/mat-option_FRANCIA' is visible

2023-10-30 11:32:51 - [TEST_STEP][PASSED] - waitForElementClickable(findTestObject("Origen_Destino_Paquetes/mat-option_FRANCIA"), 60, OPTIONAL): Object 'Object Repository/Origen_Destino_Paquetes/mat-option_FRANCIA' is clickable

2023-10-30 11:32:51 - [MESSAGE][PASSED] - Object 'Object Repository/Origen_Destino_Paquetes/mat-option_FRANCIA' is clickable

2023-10-30 11:32:51 - [TEST_STEP][PASSED] - click(findTestObject("Origen_Destino_Paquetes/mat-option_FRANCIA"), STOP_ON_FAILURE): Object: 'Object Repository/Origen_Destino_Paquetes/mat-option_FRANCIA' is clicked on

2023-10-30 11:32:51 - [MESSAGE][PASSED] - Object: 'Object Repository/Origen_Destino_Paquetes/mat-option_FRANCIA' is clicked on

2023-10-30 11:32:51 - [TEST_STEP][PASSED] - waitForElementVisible(findTestObject("Origen_Destino_Paquetes/input_Destino"), 60, OPTIONAL): Object 'Object Repository/Origen_Destino_Paquetes/input_Destino' is visible

2023-10-30 11:32:52 - [MESSAGE][PASSED] - Object 'Object Repository/Origen_Destino_Paquetes/input_Destino' is visible

2023-10-30 11:32:52 - [TEST_STEP][PASSED] - waitForElementClickable(findTestObject("Origen_Destino_Paquetes/input_Destino"), 60, OPTIONAL): Object 'Object Repository/Origen_Destino_Paquetes/input_Destino' is clickable

2023-10-30 11:32:52 - [MESSAGE][PASSED] - Object 'Object Repository/Origen_Destino_Paquetes/input_Destino' is clickable

2023-10-30 11:32:52 - [TEST_STEP][PASSED] - setText(findTestObject("Origen_Destino_Paquetes/input_Destino"), codPostalDes, STOP_ON_FAILURE): Text 'Paris' is set on object 'Object Repository/Origen_Destino_Paquetes/input_Destino'

2023-10-30 11:32:53 - [MESSAGE][PASSED] - Text 'Paris' is set on object 'Object Repository/Origen_Destino_Paquetes/input_Destino'

2023-10-30 11:32:53 - [TEST_STEP][PASSED] - delay(2): Delayed 2 second(s)

2023-10-30 11:32:55 - [MESSAGE][PASSED] - Delayed 2 second(s)

2023-10-30 11:32:55 - [TEST_STEP][PASSED] - waitForElementVisible(findTestObject("Origen_Destino_Paquetes/span_75001 - PARIS"), 60, OPTIONAL): Object 'Object Repository/Origen_Destino_Paquetes/span_75001 - PARIS' is visible

2023-10-30 11:32:55 - [MESSAGE][PASSED] - Object 'Object Repository/Origen_Destino_Paquetes/span_75001 - PARIS' is visible

2023-10-30 11:32:55 - [TEST_STEP][PASSED] - waitForElementClickable(findTestObject("Origen_Destino_Paquetes/span_75001 - PARIS"), 60, OPTIONAL): Object 'Object Repository/Origen_Destino_Paquetes/span_75001 - PARIS' is clickable

2023-10-30 11:32:55 - [MESSAGE][PASSED] - Object 'Object Repository/Origen_Destino_Paquetes/span_75001 - PARIS' is clickable

2023-10-30 11:32:55 - [TEST_STEP][PASSED] - click(findTestObject("Origen_Destino_Paquetes/span_75001 - PARIS"), STOP_ON_FAILURE): Object: 'Object Repository/Origen_Destino_Paquetes/span_75001 - PARIS' is clicked on

2023-10-30 11:32:56 - [MESSAGE][PASSED] - Object: 'Object Repository/Origen_Destino_Paquetes/span_75001 - PARIS' is clicked on

2023-10-30 11:32:56 - [TEST_STEP][PASSED] - waitForElementVisible(findTestObject("Origen_Destino_Paquetes/input_Paquete_peso"), 60, OPTIONAL): Object 'Object Repository/Origen_Destino_Paquetes/input_Paquete_peso' is visible

2023-10-30 11:32:56 - [MESSAGE][PASSED] - Object 'Object Repository/Origen_Destino_Paquetes/input_Paquete_peso' is visible

2023-10-30 11:32:56 - [TEST_STEP][PASSED] - waitForElementClickable(findTestObject("Origen_Destino_Paquetes/input_Paquete_peso"), 60, OPTIONAL): Object 'Object Repository/Origen_Destino_Paquetes/input_Paquete_peso' is clickable

2023-10-30 11:32:56 - [MESSAGE][PASSED] - Object 'Object Repository/Origen_Destino_Paquetes/input_Paquete_peso' is clickable

2023-10-30 11:32:56 - [TEST_STEP][PASSED] - setText(findTestObject("Origen_Destino_Paquetes/input_Paquete_peso"), pesoPaquete, STOP_ON_FAILURE): Text '1' is set on object 'Object Repository/Origen_Destino_Paquetes/input_Paquete_peso'

2023-10-30 11:32:57 - [MESSAGE][PASSED] - Text '1' is set on object 'Object Repository/Origen_Destino_Paquetes/input_Paquete_peso'

2023-10-30 11:32:57 - [TEST_STEP][PASSED] - waitForElementVisible(findTestObject("Origen_Destino_Paquetes/input_Paquete_largo"), 60, OPTIONAL): Object 'Object Repository/Origen_Destino_Paquetes/input_Paquete_largo' is visible

2023-10-30 11:32:57 - [MESSAGE][PASSED] - Object 'Object Repository/Origen_Destino_Paquetes/input_Paquete_largo' is visible

2023-10-30 11:32:57 - [TEST_STEP][PASSED] - waitForElementClickable(findTestObject("Origen_Destino_Paquetes/input_Paquete_largo"), 60, OPTIONAL): Object 'Object Repository/Origen_Destino_Paquetes/input_Paquete_largo' is clickable

2023-10-30 11:32:58 - [MESSAGE][PASSED] - Object 'Object Repository/Origen_Destino_Paquetes/input_Paquete_largo' is clickable

2023-10-30 11:32:58 - [TEST_STEP][PASSED] - setText(findTestObject("Origen_Destino_Paquetes/input_Paquete_largo"), largoPaquete, STOP_ON_FAILURE): Text '1' is set on object 'Object Repository/Origen_Destino_Paquetes/input_Paquete_largo'

2023-10-30 11:32:58 - [MESSAGE][PASSED] - Text '1' is set on object 'Object Repository/Origen_Destino_Paquetes/input_Paquete_largo'

2023-10-30 11:32:58 - [TEST_STEP][PASSED] - waitForElementVisible(findTestObject("Origen_Destino_Paquetes/input_Paquete_Ancho"), 60, OPTIONAL): Object 'Object Repository/Origen_Destino_Paquetes/input_Paquete_Ancho' is visible

2023-10-30 11:32:59 - [MESSAGE][PASSED] - Object 'Object Repository/Origen_Destino_Paquetes/input_Paquete_Ancho' is visible

2023-10-30 11:32:59 - [TEST_STEP][PASSED] - waitForElementClickable(findTestObject("Origen_Destino_Paquetes/input_Paquete_Ancho"), 60, OPTIONAL): Object 'Object Repository/Origen_Destino_Paquetes/input_Paquete_Ancho' is clickable

2023-10-30 11:32:59 - [MESSAGE][PASSED] - Object 'Object Repository/Origen_Destino_Paquetes/input_Paquete_Ancho' is clickable

2023-10-30 11:32:59 - [TEST_STEP][PASSED] - setText(findTestObject("Origen_Destino_Paquetes/input_Paquete_Ancho"), anchoPaquete, STOP_ON_FAILURE): Text '1' is set on object 'Object Repository/Origen_Destino_Paquetes/input_Paquete_Ancho'

2023-10-30 11:33:00 - [MESSAGE][PASSED] - Text '1' is set on object 'Object Repository/Origen_Destino_Paquetes/input_Paquete_Ancho'

2023-10-30 11:33:00 - [TEST_STEP][PASSED] - waitForElementVisible(findTestObject("Origen_Destino_Paquetes/input_Paquete_Alto"), 60, OPTIONAL): Object 'Object Repository/Origen_Destino_Paquetes/input_Paquete_Alto' is visible

2023-10-30 11:33:00 - [MESSAGE][PASSED] - Object 'Object Repository/Origen_Destino_Paquetes/input_Paquete_Alto' is visible

2023-10-30 11:33:00 - [TEST_STEP][PASSED] - waitForElementClickable(findTestObject("Origen_Destino_Paquetes/input_Paquete_Alto"), 60, OPTIONAL): Object 'Object Repository/Origen_Destino_Paquetes/input_Paquete_Alto' is clickable

2023-10-30 11:33:00 - [MESSAGE][PASSED] - Object 'Object Repository/Origen_Destino_Paquetes/input_Paquete_Alto' is clickable

2023-10-30 11:33:00 - [TEST_STEP][PASSED] - setText(findTestObject("Origen_Destino_Paquetes/input_Paquete_Alto"), altoPaquete, STOP_ON_FAILURE): Text '1' is set on object 'Object Repository/Origen_Destino_Paquetes/input_Paquete_Alto'

2023-10-30 11:33:01 - [MESSAGE][PASSED] - Text '1' is set on object 'Object Repository/Origen_Destino_Paquetes/input_Paquete_Alto'

2023-10-30 11:33:01 - [TEST_STEP][PASSED] - waitForElementVisible(findTestObject("Origen_Destino_Paquetes/button_Calcula tu envio"), 60, OPTIONAL): Object 'Object Repository/Origen_Destino_Paquetes/button_Calcula tu envio' is visible

2023-10-30 11:33:01 - [MESSAGE][PASSED] - Object 'Object Repository/Origen_Destino_Paquetes/button_Calcula tu envio' is visible

2023-10-30 11:33:01 - [TEST_STEP][PASSED] - waitForElementClickable(findTestObject("Origen_Destino_Paquetes/button_Calcula tu envio"), 60, OPTIONAL): Object 'Object Repository/Origen_Destino_Paquetes/button_Calcula tu envio' is clickable

2023-10-30 11:33:02 - [MESSAGE][PASSED] - Object 'Object Repository/Origen_Destino_Paquetes/button_Calcula tu envio' is clickable

2023-10-30 11:33:02 - [TEST_STEP][PASSED] - click(findTestObject("Origen_Destino_Paquetes/button_Calcula tu envio"), STOP_ON_FAILURE): Object: 'Object Repository/Origen_Destino_Paquetes/button_Calcula tu envio' is clicked on

2023-10-30 11:33:02 - [MESSAGE][PASSED] - Object: 'Object Repository/Origen_Destino_Paquetes/button_Calcula tu envio' is clicked on

2023-10-30 11:33:02 - [TEST_STEP][PASSED] - delay(5): Delayed 5 second(s)

2023-10-30 11:33:07 - [MESSAGE][PASSED] - Delayed 5 second(s)

2023-10-30 11:33:07 - [TEST_STEP][PASSED] - waitForElementVisible(findTestObject("Seur_Envio_Internacional/button_Contratar_H2H_Inter"), 60, OPTIONAL): Object 'Object Repository/Seur_Envio_Internacional/button_Contratar_H2H_Inter' is visible

2023-10-30 11:33:07 - [MESSAGE][PASSED] - Object 'Object Repository/Seur_Envio_Internacional/button_Contratar_H2H_Inter' is visible

2023-10-30 11:33:07 - [TEST_STEP][PASSED] - waitForElementClickable(findTestObject("Seur_Envio_Internacional/button_Contratar_H2H_Inter"), 60, OPTIONAL): Object 'Object Repository/Seur_Envio_Internacional/button_Contratar_H2H_Inter' is clickable

2023-10-30 11:33:08 - [MESSAGE][PASSED] - Object 'Object Repository/Seur_Envio_Internacional/button_Contratar_H2H_Inter' is clickable

2023-10-30 11:33:08 - [TEST_STEP][PASSED] - click(findTestObject("Seur_Envio_Internacional/button_Contratar_H2H_Inter"), STOP_ON_FAILURE): Object: 'Object Repository/Seur_Envio_Internacional/button_Contratar_H2H_Inter' is clicked on

2023-10-30 11:33:08 - [MESSAGE][PASSED] - Object: 'Object Repository/Seur_Envio_Internacional/button_Contratar_H2H_Inter' is clicked on

2023-10-30 11:33:08 - [TEST_STEP][PASSED] - delay(2): Delayed 2 second(s)

2023-10-30 11:33:10 - [MESSAGE][PASSED] - Delayed 2 second(s)

2023-10-30 11:33:10 - [TEST_STEP][PASSED] - waitForElementVisible(findTestObject("Forms/Origen/input_Nombre"), 60, OPTIONAL): Object 'Object Repository/Forms/Origen/input_Nombre' is visible

2023-10-30 11:33:11 - [MESSAGE][PASSED] - Object 'Object Repository/Forms/Origen/input_Nombre' is visible

2023-10-30 11:33:11 - [TEST_STEP][PASSED] - waitForElementClickable(findTestObject("Forms/Origen/input_Nombre"), 60, OPTIONAL): Object 'Object Repository/Forms/Origen/input_Nombre' is clickable

2023-10-30 11:33:11 - [MESSAGE][PASSED] - Object 'Object Repository/Forms/Origen/input_Nombre' is clickable

2023-10-30 11:33:11 - [TEST_STEP][PASSED] - setText(findTestObject("Forms/Origen/input_Nombre"), nombreRem, STOP_ON_FAILURE): Text 'Elena' is set on object 'Object Repository/Forms/Origen/input_Nombre'

2023-10-30 11:33:11 - [MESSAGE][PASSED] - Text 'Elena' is set on object 'Object Repository/Forms/Origen/input_Nombre'

2023-10-30 11:33:11 - [TEST_STEP][PASSED] - waitForElementVisible(findTestObject("Forms/Origen/input_Apellidos"), 60, OPTIONAL): Object 'Object Repository/Forms/Origen/input_Apellidos' is visible

2023-10-30 11:33:12 - [MESSAGE][PASSED] - Object 'Object Repository/Forms/Origen/input_Apellidos' is visible

2023-10-30 11:33:12 - [TEST_STEP][PASSED] - waitForElementClickable(findTestObject("Forms/Origen/input_Apellidos"), 60, OPTIONAL): Object 'Object Repository/Forms/Origen/input_Apellidos' is clickable

2023-10-30 11:33:12 - [MESSAGE][PASSED] - Object 'Object Repository/Forms/Origen/input_Apellidos' is clickable

2023-10-30 11:33:12 - [TEST_STEP][PASSED] - setText(findTestObject("Forms/Origen/input_Apellidos"), apellidosRem, STOP_ON_FAILURE): Text 'Muñón' is set on object 'Object Repository/Forms/Origen/input_Apellidos'

2023-10-30 11:33:13 - [MESSAGE][PASSED] - Text 'Muñón' is set on object 'Object Repository/Forms/Origen/input_Apellidos'

2023-10-30 11:33:13 - [TEST_STEP][PASSED] - waitForElementVisible(findTestObject("Forms/Origen/input_RazonSocial"), 60, OPTIONAL): Object 'Object Repository/Forms/Origen/input_RazonSocial' is visible

2023-10-30 11:33:13 - [MESSAGE][PASSED] - Object 'Object Repository/Forms/Origen/input_RazonSocial' is visible

2023-10-30 11:33:13 - [TEST_STEP][PASSED] - waitForElementClickable(findTestObject("Forms/Origen/input_RazonSocial"), 60, OPTIONAL): Object 'Object Repository/Forms/Origen/input_RazonSocial' is clickable

2023-10-30 11:33:14 - [MESSAGE][PASSED] - Object 'Object Repository/Forms/Origen/input_RazonSocial' is clickable

2023-10-30 11:33:14 - [TEST_STEP][PASSED] - setText(findTestObject("Forms/Origen/input_RazonSocial"), razSocialRem, STOP_ON_FAILURE): Text 'Razón de prueba 4' is set on object 'Object Repository/Forms/Origen/input_RazonSocial'

2023-10-30 11:33:14 - [MESSAGE][PASSED] - Text 'Razón de prueba 4' is set on object 'Object Repository/Forms/Origen/input_RazonSocial'

2023-10-30 11:33:14 - [TEST_STEP][PASSED] - waitForElementVisible(findTestObject("Forms/Origen/input_NIF"), 60, OPTIONAL): Object 'Object Repository/Forms/Origen/input_NIF' is visible

2023-10-30 11:33:14 - [MESSAGE][PASSED] - Object 'Object Repository/Forms/Origen/input_NIF' is visible

2023-10-30 11:33:14 - [TEST_STEP][PASSED] - waitForElementClickable(findTestObject("Forms/Origen/input_NIF"), 60, OPTIONAL): Object 'Object Repository/Forms/Origen/input_NIF' is clickable

2023-10-30 11:33:15 - [MESSAGE][PASSED] - Object 'Object Repository/Forms/Origen/input_NIF' is clickable

2023-10-30 11:33:15 - [TEST_STEP][PASSED] - setText(findTestObject("Forms/Origen/input_NIF"), nifRem, STOP_ON_FAILURE): Text '96125915Z' is set on object 'Object Repository/Forms/Origen/input_NIF'

2023-10-30 11:33:15 - [MESSAGE][PASSED] - Text '96125915Z' is set on object 'Object Repository/Forms/Origen/input_NIF'

2023-10-30 11:33:15 - [TEST_STEP][PASSED] - waitForElementVisible(findTestObject("Forms/Origen/input_email"), 60, OPTIONAL): Object 'Object Repository/Forms/Origen/input_email' is visible

2023-10-30 11:33:16 - [MESSAGE][PASSED] - Object 'Object Repository/Forms/Origen/input_email' is visible

2023-10-30 11:33:16 - [TEST_STEP][PASSED] - waitForElementClickable(findTestObject("Forms/Origen/input_email"), 60, OPTIONAL): Object 'Object Repository/Forms/Origen/input_email' is clickable

2023-10-30 11:33:16 - [MESSAGE][PASSED] - Object 'Object Repository/Forms/Origen/input_email' is clickable

2023-10-30 11:33:16 - [TEST_STEP][PASSED] - setText(findTestObject("Forms/Origen/input_email"), emailRem, STOP_ON_FAILURE): Text 'emailprueba4@email.com' is set on object 'Object Repository/Forms/Origen/input_email'

2023-10-30 11:33:17 - [MESSAGE][PASSED] - Text 'emailprueba4@email.com' is set on object 'Object Repository/Forms/Origen/input_email'

2023-10-30 11:33:17 - [TEST_STEP][PASSED] - waitForElementVisible(findTestObject("Forms/Origen/input_Phone"), 60, OPTIONAL): Object 'Object Repository/Forms/Origen/input_Phone' is visible

2023-10-30 11:33:17 - [MESSAGE][PASSED] - Object 'Object Repository/Forms/Origen/input_Phone' is visible

2023-10-30 11:33:17 - [TEST_STEP][PASSED] - waitForElementClickable(findTestObject("Forms/Origen/input_Phone"), 60, OPTIONAL): Object 'Object Repository/Forms/Origen/input_Phone' is clickable

2023-10-30 11:33:17 - [MESSAGE][PASSED] - Object 'Object Repository/Forms/Origen/input_Phone' is clickable

2023-10-30 11:33:17 - [TEST_STEP][PASSED] - setText(findTestObject("Forms/Origen/input_Phone"), numTlfRem, STOP_ON_FAILURE): Text '642123456' is set on object 'Object Repository/Forms/Origen/input_Phone'

2023-10-30 11:33:18 - [MESSAGE][PASSED] - Text '642123456' is set on object 'Object Repository/Forms/Origen/input_Phone'

2023-10-30 11:33:18 - [TEST_STEP][PASSED] - waitForElementVisible(findTestObject("Forms/Origen/input_Direccion1"), 60, OPTIONAL): Object 'Object Repository/Forms/Origen/input_Direccion1' is visible

2023-10-30 11:33:18 - [MESSAGE][PASSED] - Object 'Object Repository/Forms/Origen/input_Direccion1' is visible

2023-10-30 11:33:18 - [TEST_STEP][PASSED] - waitForElementClickable(findTestObject("Forms/Origen/input_Direccion1"), 60, OPTIONAL): Object 'Object Repository/Forms/Origen/input_Direccion1' is clickable

2023-10-30 11:33:19 - [MESSAGE][PASSED] - Object 'Object Repository/Forms/Origen/input_Direccion1' is clickable

2023-10-30 11:33:19 - [TEST_STEP][PASSED] - setText(findTestObject("Forms/Origen/input_Direccion1"), dirRem1, STOP_ON_FAILURE): Text 'Calle Prueba 4' is set on object 'Object Repository/Forms/Origen/input_Direccion1'

2023-10-30 11:33:19 - [MESSAGE][PASSED] - Text 'Calle Prueba 4' is set on object 'Object Repository/Forms/Origen/input_Direccion1'

2023-10-30 11:33:19 - [TEST_STEP][PASSED] - delay(5): Delayed 5 second(s)

2023-10-30 11:33:24 - [MESSAGE][PASSED] - Delayed 5 second(s)

2023-10-30 11:33:24 - [TEST_STEP][PASSED] - waitForElementVisible(findTestObject("Forms/Origen/button_Continuar"), 60, OPTIONAL): Object 'Object Repository/Forms/Origen/button_Continuar' is visible

2023-10-30 11:33:25 - [MESSAGE][PASSED] - Object 'Object Repository/Forms/Origen/button_Continuar' is visible

2023-10-30 11:33:25 - [TEST_STEP][PASSED] - waitForElementClickable(findTestObject("Forms/Origen/button_Continuar"), 60, OPTIONAL): Object 'Object Repository/Forms/Origen/button_Continuar' is clickable

2023-10-30 11:33:25 - [MESSAGE][PASSED] - Object 'Object Repository/Forms/Origen/button_Continuar' is clickable

2023-10-30 11:33:25 - [TEST_STEP][PASSED] - click(findTestObject("Forms/Origen/button_Continuar"), STOP_ON_FAILURE): Object: 'Object Repository/Forms/Origen/button_Continuar' is clicked on

2023-10-30 11:33:25 - [MESSAGE][PASSED] - Object: 'Object Repository/Forms/Origen/button_Continuar' is clicked on

2023-10-30 11:33:25 - [TEST_STEP][PASSED] - delay(2): Delayed 2 second(s)

2023-10-30 11:33:27 - [MESSAGE][PASSED] - Delayed 2 second(s)

2023-10-30 11:33:27 - [TEST_STEP][PASSED] - waitForElementVisible(findTestObject("Forms/Destino/input_Nombre"), 60, OPTIONAL): Object 'Object Repository/Forms/Destino/input_Nombre' is visible

2023-10-30 11:33:28 - [MESSAGE][PASSED] - Object 'Object Repository/Forms/Destino/input_Nombre' is visible

2023-10-30 11:33:28 - [TEST_STEP][PASSED] - waitForElementClickable(findTestObject("Forms/Destino/input_Nombre"), 60, OPTIONAL): Object 'Object Repository/Forms/Destino/input_Nombre' is clickable

2023-10-30 11:33:28 - [MESSAGE][PASSED] - Object 'Object Repository/Forms/Destino/input_Nombre' is clickable

2023-10-30 11:33:28 - [TEST_STEP][PASSED] - setText(findTestObject("Forms/Destino/input_Nombre"), nombreDes, STOP_ON_FAILURE): Text 'Sara' is set on object 'Object Repository/Forms/Destino/input_Nombre'

2023-10-30 11:33:28 - [MESSAGE][PASSED] - Text 'Sara' is set on object 'Object Repository/Forms/Destino/input_Nombre'

2023-10-30 11:33:28 - [TEST_STEP][PASSED] - waitForElementVisible(findTestObject("Forms/Destino/input_Apellidos"), 60, OPTIONAL): Object 'Object Repository/Forms/Destino/input_Apellidos' is visible

2023-10-30 11:33:29 - [MESSAGE][PASSED] - Object 'Object Repository/Forms/Destino/input_Apellidos' is visible

2023-10-30 11:33:29 - [TEST_STEP][PASSED] - waitForElementClickable(findTestObject("Forms/Destino/input_Apellidos"), 60, OPTIONAL): Object 'Object Repository/Forms/Destino/input_Apellidos' is clickable

2023-10-30 11:33:29 - [MESSAGE][PASSED] - Object 'Object Repository/Forms/Destino/input_Apellidos' is clickable

2023-10-30 11:33:29 - [TEST_STEP][PASSED] - setText(findTestObject("Forms/Destino/input_Apellidos"), apellidosDes, STOP_ON_FAILURE): Text 'Gonzalez' is set on object 'Object Repository/Forms/Destino/input_Apellidos'

2023-10-30 11:33:30 - [MESSAGE][PASSED] - Text 'Gonzalez' is set on object 'Object Repository/Forms/Destino/input_Apellidos'

2023-10-30 11:33:30 - [TEST_STEP][PASSED] - waitForElementVisible(findTestObject("Forms/Destino/input_RazonSocial"), 60, OPTIONAL): Object 'Object Repository/Forms/Destino/input_RazonSocial' is visible

2023-10-30 11:33:30 - [MESSAGE][PASSED] - Object 'Object Repository/Forms/Destino/input_RazonSocial' is visible

2023-10-30 11:33:30 - [TEST_STEP][PASSED] - waitForElementClickable(findTestObject("Forms/Destino/input_RazonSocial"), 60, OPTIONAL): Object 'Object Repository/Forms/Destino/input_RazonSocial' is clickable

2023-10-30 11:33:31 - [MESSAGE][PASSED] - Object 'Object Repository/Forms/Destino/input_RazonSocial' is clickable

2023-10-30 11:33:31 - [TEST_STEP][PASSED] - setText(findTestObject("Forms/Destino/input_RazonSocial"), razonSocialDes, STOP_ON_FAILURE): Text 'Otra razón de prueba 4' is set on object 'Object Repository/Forms/Destino/input_RazonSocial'

2023-10-30 11:33:31 - [MESSAGE][PASSED] - Text 'Otra razón de prueba 4' is set on object 'Object Repository/Forms/Destino/input_RazonSocial'

2023-10-30 11:33:31 - [TEST_STEP][PASSED] - waitForElementVisible(findTestObject("Forms/Destino/input_Email"), 60, OPTIONAL): Object 'Object Repository/Forms/Destino/input_Email' is visible

2023-10-30 11:33:31 - [MESSAGE][PASSED] - Object 'Object Repository/Forms/Destino/input_Email' is visible

2023-10-30 11:33:31 - [TEST_STEP][PASSED] - waitForElementClickable(findTestObject("Forms/Destino/input_Email"), 60, OPTIONAL): Object 'Object Repository/Forms/Destino/input_Email' is clickable

2023-10-30 11:33:32 - [MESSAGE][PASSED] - Object 'Object Repository/Forms/Destino/input_Email' is clickable

2023-10-30 11:33:32 - [TEST_STEP][PASSED] - setText(findTestObject("Forms/Destino/input_Email"), emailRem, STOP_ON_FAILURE): Text 'emailprueba4@email.com' is set on object 'Object Repository/Forms/Destino/input_Email'

2023-10-30 11:33:32 - [MESSAGE][PASSED] - Text 'emailprueba4@email.com' is set on object 'Object Repository/Forms/Destino/input_Email'

2023-10-30 11:33:32 - [TEST_STEP][PASSED] - waitForElementVisible(findTestObject("Forms/Destino/input_Phone"), 60, OPTIONAL): Object 'Object Repository/Forms/Destino/input_Phone' is visible

2023-10-30 11:33:33 - [MESSAGE][PASSED] - Object 'Object Repository/Forms/Destino/input_Phone' is visible

2023-10-30 11:33:33 - [TEST_STEP][PASSED] - waitForElementClickable(findTestObject("Forms/Destino/input_Phone"), 60, OPTIONAL): Object 'Object Repository/Forms/Destino/input_Phone' is clickable

2023-10-30 11:33:33 - [MESSAGE][PASSED] - Object 'Object Repository/Forms/Destino/input_Phone' is clickable

2023-10-30 11:33:33 - [TEST_STEP][PASSED] - setText(findTestObject("Forms/Destino/input_Phone"), numTlfRem, STOP_ON_FAILURE): Text '642123456' is set on object 'Object Repository/Forms/Destino/input_Phone'

2023-10-30 11:33:34 - [MESSAGE][PASSED] - Text '642123456' is set on object 'Object Repository/Forms/Destino/input_Phone'

2023-10-30 11:33:34 - [TEST_STEP][PASSED] - waitForElementVisible(findTestObject("Forms/Destino/input_Direccion1"), 60, OPTIONAL): Object 'Object Repository/Forms/Destino/input_Direccion1' is visible

2023-10-30 11:33:34 - [MESSAGE][PASSED] - Object 'Object Repository/Forms/Destino/input_Direccion1' is visible

2023-10-30 11:33:34 - [TEST_STEP][PASSED] - waitForElementClickable(findTestObject("Forms/Destino/input_Direccion1"), 60, OPTIONAL): Object 'Object Repository/Forms/Destino/input_Direccion1' is clickable

2023-10-30 11:33:34 - [MESSAGE][PASSED] - Object 'Object Repository/Forms/Destino/input_Direccion1' is clickable

2023-10-30 11:33:34 - [TEST_STEP][PASSED] - setText(findTestObject("Forms/Destino/input_Direccion1"), dirDes1, STOP_ON_FAILURE): Text 'Calle OtraPrueba4' is set on object 'Object Repository/Forms/Destino/input_Direccion1'

2023-10-30 11:33:35 - [MESSAGE][PASSED] - Text 'Calle OtraPrueba4' is set on object 'Object Repository/Forms/Destino/input_Direccion1'

2023-10-30 11:33:35 - [TEST_STEP][PASSED] - if (mValiosa.equalsIgnoreCase("S")): null

2023-10-30 11:33:35 - [TEST_STEP][PASSED] - takeScreenshot(): Taking screenshot successfully

2023-10-30 11:33:35 - [MESSAGE][PASSED] - Taking screenshot successfully
[[ATTACHMENT|C:\\Jenkins\\workspace\\Katalon_WebRecogidas_PRO\\Reports\\20231030_111542\\TS_Envios_PRO\\20231030_111543\\1698662015854.png]]

2023-10-30 11:33:35 - [TEST_STEP][PASSED] - waitForElementVisible(findTestObject("Forms/Destino/button_Continuar"), 60, OPTIONAL): Object 'Object Repository/Forms/Destino/button_Continuar' is visible

2023-10-30 11:33:36 - [MESSAGE][PASSED] - Object 'Object Repository/Forms/Destino/button_Continuar' is visible

2023-10-30 11:33:36 - [TEST_STEP][PASSED] - waitForElementClickable(findTestObject("Forms/Destino/button_Continuar"), 60, OPTIONAL): Object 'Object Repository/Forms/Destino/button_Continuar' is clickable

2023-10-30 11:33:36 - [MESSAGE][PASSED] - Object 'Object Repository/Forms/Destino/button_Continuar' is clickable

2023-10-30 11:33:36 - [TEST_STEP][PASSED] - click(findTestObject("Forms/Destino/button_Continuar"), STOP_ON_FAILURE): Object: 'Object Repository/Forms/Destino/button_Continuar' is clicked on

2023-10-30 11:33:36 - [MESSAGE][PASSED] - Object: 'Object Repository/Forms/Destino/button_Continuar' is clicked on

2023-10-30 11:33:36 - [TEST_STEP][PASSED] - delay(2): Delayed 2 second(s)

2023-10-30 11:33:38 - [MESSAGE][PASSED] - Delayed 2 second(s)

2023-10-30 11:33:38 - [TEST_STEP][PASSED] - precioSinIVALbl = getText(findTestObject("Resumen_Checks/label_sinIva")).toString(): Text of object 'Object Repository/Resumen_Checks/label_sinIva' is: '25,60 €'

2023-10-30 11:34:08 - [MESSAGE][PASSED] - Text of object 'Object Repository/Resumen_Checks/label_sinIva' is: '25,60 €'

2023-10-30 11:34:08 - [TEST_STEP][PASSED] - precioConIVALbl = getText(findTestObject("Resumen_Checks/label_conIva")).toString(): Text of object 'Object Repository/Resumen_Checks/label_conIva' is: '5,38 €'

2023-10-30 11:34:20 - [MESSAGE][PASSED] - Text of object 'Object Repository/Resumen_Checks/label_conIva' is: '5,38 €'

2023-10-30 11:34:20 - [TEST_STEP][PASSED] - precioTotalLbl = getText(findTestObject("Resumen_Checks/label_total")).toString(): Text of object 'Object Repository/Resumen_Checks/label_total' is: '30,98 €'

2023-10-30 11:34:20 - [MESSAGE][PASSED] - Text of object 'Object Repository/Resumen_Checks/label_total' is: '30,98 €'

2023-10-30 11:34:20 - [TEST_STEP][PASSED] - takeScreenshot(): Taking screenshot successfully

2023-10-30 11:34:20 - [MESSAGE][PASSED] - Taking screenshot successfully
[[ATTACHMENT|C:\\Jenkins\\workspace\\Katalon_WebRecogidas_PRO\\Reports\\20231030_111542\\TS_Envios_PRO\\20231030_111543\\1698662060675.png]]

2023-10-30 11:34:20 - [TEST_STEP][PASSED] - markPassed("Recogidas / 07 - Envio internacional"): Recogidas / 07 - Envio internacional

2023-10-30 11:34:20 - [MESSAGE][PASSED] - Recogidas / 07 - Envio internacional

2023-10-30 11:34:20 - [TEST_STEP][PASSED] - Finally: Browser is closed

2023-10-30 11:34:20 - [TEST_STEP][PASSED] - closeBrowser(): Browser is closed

2023-10-30 11:34:21 - [MESSAGE][PASSED] - Browser is closed]]></system-out>
         <system-err><![CDATA[]]></system-err>
      </testcase>
      <testcase name="Test Cases/Scripts_PRO/08 - Envio_AntesDeLas13_30" time="216.203" classname="Test Cases/Scripts_PRO/08 - Envio_AntesDeLas13_30" status="PASSED">
         <system-out><![CDATA[2023-10-30 11:34:21 - [TEST_CASE][PASSED] - Test Cases/Scripts_PRO/08 - Envio_AntesDeLas13_30: Test Cases/Scripts_PRO/08 - Envio_AntesDeLas13_30

2023-10-30 11:34:21 - [TEST_STEP][PASSED] - setWebDriverPreferencesProperty("args", ["window-size=1920,1080"]): null

2023-10-30 11:34:21 - [TEST_STEP][PASSED] - try: Recogidas / 08 - Envio antes de las 13.30

2023-10-30 11:34:21 - [TEST_STEP][PASSED] - openBrowser(""): Browser is opened with url: ''

2023-10-30 11:34:21 - [MESSAGE][INFO] - Starting 'Chrome' driver

2023-10-30 11:34:21 - [MESSAGE][INFO] - User set preference: ['args', '[window-size=1920,1080]']

2023-10-30 11:34:21 - [MESSAGE][INFO] - Action delay is set to 0 milliseconds

2023-10-30 11:34:23 - [MESSAGE][PASSED] - Browser is opened with url: ''

2023-10-30 11:34:23 - [TEST_STEP][PASSED] - maximizeWindow(): Current window maximized

2023-10-30 11:34:23 - [MESSAGE][PASSED] - Current window maximized

2023-10-30 11:34:23 - [TEST_STEP][PASSED] - navigateToUrl("https://seur.com/envio-online2/new-shipping"): Navigate to 'https://seur.com/envio-online2/new-shipping' successfully

2023-10-30 11:35:08 - [MESSAGE][PASSED] - Navigate to 'https://seur.com/envio-online2/new-shipping' successfully

2023-10-30 11:35:08 - [TEST_STEP][PASSED] - delay(30): Delayed 30 second(s)

2023-10-30 11:35:38 - [MESSAGE][PASSED] - Delayed 30 second(s)

2023-10-30 11:35:38 - [TEST_STEP][PASSED] - waitForElementVisible(findTestObject("Object Repository/Log_In_Elements/button_Aceptar_Cookis"), 60, OPTIONAL): Object 'Object Repository/Log_In_Elements/button_Aceptar_Cookis' is visible

2023-10-30 11:35:38 - [MESSAGE][PASSED] - Object 'Object Repository/Log_In_Elements/button_Aceptar_Cookis' is visible

2023-10-30 11:35:38 - [TEST_STEP][PASSED] - waitForElementClickable(findTestObject("Object Repository/Log_In_Elements/button_Aceptar_Cookis"), 60, OPTIONAL): Object 'Object Repository/Log_In_Elements/button_Aceptar_Cookis' is clickable

2023-10-30 11:35:38 - [MESSAGE][PASSED] - Object 'Object Repository/Log_In_Elements/button_Aceptar_Cookis' is clickable

2023-10-30 11:35:38 - [TEST_STEP][PASSED] - click(findTestObject("Object Repository/Log_In_Elements/button_Aceptar_Cookis"), STOP_ON_FAILURE): Object: 'Object Repository/Log_In_Elements/button_Aceptar_Cookis' is clicked on

2023-10-30 11:35:39 - [MESSAGE][PASSED] - Object: 'Object Repository/Log_In_Elements/button_Aceptar_Cookis' is clicked on

2023-10-30 11:35:39 - [TEST_STEP][PASSED] - delay(5): Delayed 5 second(s)

2023-10-30 11:35:44 - [MESSAGE][PASSED] - Delayed 5 second(s)

2023-10-30 11:35:44 - [TEST_STEP][PASSED] - waitForElementVisible(findTestObject("Object Repository/Log_In_Elements/button_Siguiente"), 60, OPTIONAL): Object 'Object Repository/Log_In_Elements/button_Siguiente' is visible

2023-10-30 11:36:14 - [MESSAGE][PASSED] - Object 'Object Repository/Log_In_Elements/button_Siguiente' is visible

2023-10-30 11:36:14 - [TEST_STEP][PASSED] - waitForElementClickable(findTestObject("Object Repository/Log_In_Elements/button_Siguiente"), 60, OPTIONAL): Object 'Object Repository/Log_In_Elements/button_Siguiente' is clickable

2023-10-30 11:36:21 - [MESSAGE][PASSED] - Object 'Object Repository/Log_In_Elements/button_Siguiente' is clickable

2023-10-30 11:36:21 - [TEST_STEP][PASSED] - click(findTestObject("Object Repository/Log_In_Elements/button_Siguiente"), STOP_ON_FAILURE): Object: 'Object Repository/Log_In_Elements/button_Siguiente' is clicked on

2023-10-30 11:36:21 - [MESSAGE][PASSED] - Object: 'Object Repository/Log_In_Elements/button_Siguiente' is clicked on

2023-10-30 11:36:21 - [TEST_STEP][PASSED] - delay(5): Delayed 5 second(s)

2023-10-30 11:36:26 - [MESSAGE][PASSED] - Delayed 5 second(s)

2023-10-30 11:36:26 - [TEST_STEP][PASSED] - waitForElementVisible(findTestObject("Origen_Destino_Paquetes/input_Origen"), 60, OPTIONAL): Object 'Object Repository/Origen_Destino_Paquetes/input_Origen' is visible

2023-10-30 11:36:27 - [MESSAGE][PASSED] - Object 'Object Repository/Origen_Destino_Paquetes/input_Origen' is visible

2023-10-30 11:36:27 - [TEST_STEP][PASSED] - waitForElementClickable(findTestObject("Origen_Destino_Paquetes/input_Origen"), 60, OPTIONAL): Object 'Object Repository/Origen_Destino_Paquetes/input_Origen' is clickable

2023-10-30 11:36:27 - [MESSAGE][PASSED] - Object 'Object Repository/Origen_Destino_Paquetes/input_Origen' is clickable

2023-10-30 11:36:27 - [TEST_STEP][PASSED] - setText(findTestObject("Origen_Destino_Paquetes/input_Origen"), codPostalRem, STOP_ON_FAILURE): Text '29700' is set on object 'Object Repository/Origen_Destino_Paquetes/input_Origen'

2023-10-30 11:36:27 - [MESSAGE][PASSED] - Text '29700' is set on object 'Object Repository/Origen_Destino_Paquetes/input_Origen'

2023-10-30 11:36:27 - [TEST_STEP][PASSED] - delay(2): Delayed 2 second(s)

2023-10-30 11:36:29 - [MESSAGE][PASSED] - Delayed 2 second(s)

2023-10-30 11:36:29 - [TEST_STEP][PASSED] - waitForElementVisible(findTestObject("Origen_Destino_Paquetes/span_29700 - VELEZ-MALAGA"), 60, OPTIONAL): Object 'Object Repository/Origen_Destino_Paquetes/span_29700 - VELEZ-MALAGA' is visible

2023-10-30 11:36:30 - [MESSAGE][PASSED] - Object 'Object Repository/Origen_Destino_Paquetes/span_29700 - VELEZ-MALAGA' is visible

2023-10-30 11:36:30 - [TEST_STEP][PASSED] - waitForElementClickable(findTestObject("Origen_Destino_Paquetes/span_29700 - VELEZ-MALAGA"), 60, OPTIONAL): Object 'Object Repository/Origen_Destino_Paquetes/span_29700 - VELEZ-MALAGA' is clickable

2023-10-30 11:36:30 - [MESSAGE][PASSED] - Object 'Object Repository/Origen_Destino_Paquetes/span_29700 - VELEZ-MALAGA' is clickable

2023-10-30 11:36:30 - [TEST_STEP][PASSED] - click(findTestObject("Origen_Destino_Paquetes/span_29700 - VELEZ-MALAGA"), STOP_ON_FAILURE): Object: 'Object Repository/Origen_Destino_Paquetes/span_29700 - VELEZ-MALAGA' is clicked on

2023-10-30 11:36:30 - [MESSAGE][PASSED] - Object: 'Object Repository/Origen_Destino_Paquetes/span_29700 - VELEZ-MALAGA' is clicked on

2023-10-30 11:36:30 - [TEST_STEP][PASSED] - waitForElementVisible(findTestObject("Origen_Destino_Paquetes/input_Destino"), 60, OPTIONAL): Object 'Object Repository/Origen_Destino_Paquetes/input_Destino' is visible

2023-10-30 11:36:31 - [MESSAGE][PASSED] - Object 'Object Repository/Origen_Destino_Paquetes/input_Destino' is visible

2023-10-30 11:36:31 - [TEST_STEP][PASSED] - waitForElementClickable(findTestObject("Origen_Destino_Paquetes/input_Destino"), 60, OPTIONAL): Object 'Object Repository/Origen_Destino_Paquetes/input_Destino' is clickable

2023-10-30 11:36:31 - [MESSAGE][PASSED] - Object 'Object Repository/Origen_Destino_Paquetes/input_Destino' is clickable

2023-10-30 11:36:31 - [TEST_STEP][PASSED] - setText(findTestObject("Origen_Destino_Paquetes/input_Destino"), codPostalDes, STOP_ON_FAILURE): Text '28010' is set on object 'Object Repository/Origen_Destino_Paquetes/input_Destino'

2023-10-30 11:36:32 - [MESSAGE][PASSED] - Text '28010' is set on object 'Object Repository/Origen_Destino_Paquetes/input_Destino'

2023-10-30 11:36:32 - [TEST_STEP][PASSED] - delay(2): Delayed 2 second(s)

2023-10-30 11:36:34 - [MESSAGE][PASSED] - Delayed 2 second(s)

2023-10-30 11:36:34 - [TEST_STEP][PASSED] - waitForElementVisible(findTestObject("Origen_Destino_Paquetes/span_28010 - MADRID"), 60, OPTIONAL): Object 'Object Repository/Origen_Destino_Paquetes/span_28010 - MADRID' is visible

2023-10-30 11:36:34 - [MESSAGE][PASSED] - Object 'Object Repository/Origen_Destino_Paquetes/span_28010 - MADRID' is visible

2023-10-30 11:36:34 - [TEST_STEP][PASSED] - waitForElementClickable(findTestObject("Origen_Destino_Paquetes/span_28010 - MADRID"), 60, OPTIONAL): Object 'Object Repository/Origen_Destino_Paquetes/span_28010 - MADRID' is clickable

2023-10-30 11:36:34 - [MESSAGE][PASSED] - Object 'Object Repository/Origen_Destino_Paquetes/span_28010 - MADRID' is clickable

2023-10-30 11:36:34 - [TEST_STEP][PASSED] - click(findTestObject("Origen_Destino_Paquetes/span_28010 - MADRID"), STOP_ON_FAILURE): Object: 'Object Repository/Origen_Destino_Paquetes/span_28010 - MADRID' is clicked on

2023-10-30 11:36:35 - [MESSAGE][PASSED] - Object: 'Object Repository/Origen_Destino_Paquetes/span_28010 - MADRID' is clicked on

2023-10-30 11:36:35 - [TEST_STEP][PASSED] - waitForElementVisible(findTestObject("Origen_Destino_Paquetes/input_Paquete_peso"), 60, OPTIONAL): Object 'Object Repository/Origen_Destino_Paquetes/input_Paquete_peso' is visible

2023-10-30 11:36:35 - [MESSAGE][PASSED] - Object 'Object Repository/Origen_Destino_Paquetes/input_Paquete_peso' is visible

2023-10-30 11:36:35 - [TEST_STEP][PASSED] - waitForElementClickable(findTestObject("Origen_Destino_Paquetes/input_Paquete_peso"), 60, OPTIONAL): Object 'Object Repository/Origen_Destino_Paquetes/input_Paquete_peso' is clickable

2023-10-30 11:36:35 - [MESSAGE][PASSED] - Object 'Object Repository/Origen_Destino_Paquetes/input_Paquete_peso' is clickable

2023-10-30 11:36:35 - [TEST_STEP][PASSED] - setText(findTestObject("Origen_Destino_Paquetes/input_Paquete_peso"), pesoPaquete, STOP_ON_FAILURE): Text '5.3' is set on object 'Object Repository/Origen_Destino_Paquetes/input_Paquete_peso'

2023-10-30 11:36:36 - [MESSAGE][PASSED] - Text '5.3' is set on object 'Object Repository/Origen_Destino_Paquetes/input_Paquete_peso'

2023-10-30 11:36:36 - [TEST_STEP][PASSED] - waitForElementVisible(findTestObject("Origen_Destino_Paquetes/input_Paquete_largo"), 60, OPTIONAL): Object 'Object Repository/Origen_Destino_Paquetes/input_Paquete_largo' is visible

2023-10-30 11:36:36 - [MESSAGE][PASSED] - Object 'Object Repository/Origen_Destino_Paquetes/input_Paquete_largo' is visible

2023-10-30 11:36:36 - [TEST_STEP][PASSED] - waitForElementClickable(findTestObject("Origen_Destino_Paquetes/input_Paquete_largo"), 60, OPTIONAL): Object 'Object Repository/Origen_Destino_Paquetes/input_Paquete_largo' is clickable

2023-10-30 11:36:37 - [MESSAGE][PASSED] - Object 'Object Repository/Origen_Destino_Paquetes/input_Paquete_largo' is clickable

2023-10-30 11:36:37 - [TEST_STEP][PASSED] - setText(findTestObject("Origen_Destino_Paquetes/input_Paquete_largo"), largoPaquete, STOP_ON_FAILURE): Text '40' is set on object 'Object Repository/Origen_Destino_Paquetes/input_Paquete_largo'

2023-10-30 11:36:37 - [MESSAGE][PASSED] - Text '40' is set on object 'Object Repository/Origen_Destino_Paquetes/input_Paquete_largo'

2023-10-30 11:36:37 - [TEST_STEP][PASSED] - waitForElementVisible(findTestObject("Origen_Destino_Paquetes/input_Paquete_Ancho"), 60, OPTIONAL): Object 'Object Repository/Origen_Destino_Paquetes/input_Paquete_Ancho' is visible

2023-10-30 11:36:38 - [MESSAGE][PASSED] - Object 'Object Repository/Origen_Destino_Paquetes/input_Paquete_Ancho' is visible

2023-10-30 11:36:38 - [TEST_STEP][PASSED] - waitForElementClickable(findTestObject("Origen_Destino_Paquetes/input_Paquete_Ancho"), 60, OPTIONAL): Object 'Object Repository/Origen_Destino_Paquetes/input_Paquete_Ancho' is clickable

2023-10-30 11:36:38 - [MESSAGE][PASSED] - Object 'Object Repository/Origen_Destino_Paquetes/input_Paquete_Ancho' is clickable

2023-10-30 11:36:38 - [TEST_STEP][PASSED] - setText(findTestObject("Origen_Destino_Paquetes/input_Paquete_Ancho"), anchoPaquete, STOP_ON_FAILURE): Text '30' is set on object 'Object Repository/Origen_Destino_Paquetes/input_Paquete_Ancho'

2023-10-30 11:36:38 - [MESSAGE][PASSED] - Text '30' is set on object 'Object Repository/Origen_Destino_Paquetes/input_Paquete_Ancho'

2023-10-30 11:36:38 - [TEST_STEP][PASSED] - waitForElementVisible(findTestObject("Origen_Destino_Paquetes/input_Paquete_Alto"), 60, OPTIONAL): Object 'Object Repository/Origen_Destino_Paquetes/input_Paquete_Alto' is visible

2023-10-30 11:36:39 - [MESSAGE][PASSED] - Object 'Object Repository/Origen_Destino_Paquetes/input_Paquete_Alto' is visible

2023-10-30 11:36:39 - [TEST_STEP][PASSED] - waitForElementClickable(findTestObject("Origen_Destino_Paquetes/input_Paquete_Alto"), 60, OPTIONAL): Object 'Object Repository/Origen_Destino_Paquetes/input_Paquete_Alto' is clickable

2023-10-30 11:36:39 - [MESSAGE][PASSED] - Object 'Object Repository/Origen_Destino_Paquetes/input_Paquete_Alto' is clickable

2023-10-30 11:36:39 - [TEST_STEP][PASSED] - setText(findTestObject("Origen_Destino_Paquetes/input_Paquete_Alto"), altoPaquete, STOP_ON_FAILURE): Text '45' is set on object 'Object Repository/Origen_Destino_Paquetes/input_Paquete_Alto'

2023-10-30 11:36:40 - [MESSAGE][PASSED] - Text '45' is set on object 'Object Repository/Origen_Destino_Paquetes/input_Paquete_Alto'

2023-10-30 11:36:40 - [TEST_STEP][PASSED] - waitForElementVisible(findTestObject("Origen_Destino_Paquetes/button_Calcula tu envio"), 60, OPTIONAL): Object 'Object Repository/Origen_Destino_Paquetes/button_Calcula tu envio' is visible

2023-10-30 11:36:40 - [MESSAGE][PASSED] - Object 'Object Repository/Origen_Destino_Paquetes/button_Calcula tu envio' is visible

2023-10-30 11:36:40 - [TEST_STEP][PASSED] - waitForElementClickable(findTestObject("Origen_Destino_Paquetes/button_Calcula tu envio"), 60, OPTIONAL): Object 'Object Repository/Origen_Destino_Paquetes/button_Calcula tu envio' is clickable

2023-10-30 11:36:41 - [MESSAGE][PASSED] - Object 'Object Repository/Origen_Destino_Paquetes/button_Calcula tu envio' is clickable

2023-10-30 11:36:41 - [TEST_STEP][PASSED] - click(findTestObject("Origen_Destino_Paquetes/button_Calcula tu envio"), STOP_ON_FAILURE): Object: 'Object Repository/Origen_Destino_Paquetes/button_Calcula tu envio' is clicked on

2023-10-30 11:36:41 - [MESSAGE][PASSED] - Object: 'Object Repository/Origen_Destino_Paquetes/button_Calcula tu envio' is clicked on

2023-10-30 11:36:41 - [TEST_STEP][PASSED] - waitForElementVisible(findTestObject("Seur_Antes_De_las_13-30/button_Contratar"), 60, OPTIONAL): Object 'Object Repository/Seur_Antes_De_las_13-30/button_Contratar' is visible

2023-10-30 11:36:44 - [MESSAGE][PASSED] - Object 'Object Repository/Seur_Antes_De_las_13-30/button_Contratar' is visible

2023-10-30 11:36:44 - [TEST_STEP][PASSED] - waitForElementClickable(findTestObject("Seur_Antes_De_las_13-30/button_Contratar"), 60, OPTIONAL): Object 'Object Repository/Seur_Antes_De_las_13-30/button_Contratar' is clickable

2023-10-30 11:36:44 - [MESSAGE][PASSED] - Object 'Object Repository/Seur_Antes_De_las_13-30/button_Contratar' is clickable

2023-10-30 11:36:44 - [TEST_STEP][PASSED] - click(findTestObject("Seur_Antes_De_las_13-30/button_Contratar"), STOP_ON_FAILURE): Object: 'Object Repository/Seur_Antes_De_las_13-30/button_Contratar' is clicked on

2023-10-30 11:36:45 - [MESSAGE][PASSED] - Object: 'Object Repository/Seur_Antes_De_las_13-30/button_Contratar' is clicked on

2023-10-30 11:36:45 - [TEST_STEP][PASSED] - waitForElementVisible(findTestObject("Forms/Origen/input_Nombre"), 60, OPTIONAL): Object 'Object Repository/Forms/Origen/input_Nombre' is visible

2023-10-30 11:36:48 - [MESSAGE][PASSED] - Object 'Object Repository/Forms/Origen/input_Nombre' is visible

2023-10-30 11:36:48 - [TEST_STEP][PASSED] - waitForElementClickable(findTestObject("Forms/Origen/input_Nombre"), 60, OPTIONAL): Object 'Object Repository/Forms/Origen/input_Nombre' is clickable

2023-10-30 11:36:48 - [MESSAGE][PASSED] - Object 'Object Repository/Forms/Origen/input_Nombre' is clickable

2023-10-30 11:36:48 - [TEST_STEP][PASSED] - setText(findTestObject("Forms/Origen/input_Nombre"), nombreRem, STOP_ON_FAILURE): Text 'Paco' is set on object 'Object Repository/Forms/Origen/input_Nombre'

2023-10-30 11:36:49 - [MESSAGE][PASSED] - Text 'Paco' is set on object 'Object Repository/Forms/Origen/input_Nombre'

2023-10-30 11:36:49 - [TEST_STEP][PASSED] - waitForElementVisible(findTestObject("Forms/Origen/input_Apellidos"), 60, OPTIONAL): Object 'Object Repository/Forms/Origen/input_Apellidos' is visible

2023-10-30 11:36:49 - [MESSAGE][PASSED] - Object 'Object Repository/Forms/Origen/input_Apellidos' is visible

2023-10-30 11:36:49 - [TEST_STEP][PASSED] - waitForElementClickable(findTestObject("Forms/Origen/input_Apellidos"), 60, OPTIONAL): Object 'Object Repository/Forms/Origen/input_Apellidos' is clickable

2023-10-30 11:36:49 - [MESSAGE][PASSED] - Object 'Object Repository/Forms/Origen/input_Apellidos' is clickable

2023-10-30 11:36:49 - [TEST_STEP][PASSED] - setText(findTestObject("Forms/Origen/input_Apellidos"), apellidosRem, STOP_ON_FAILURE): Text 'García' is set on object 'Object Repository/Forms/Origen/input_Apellidos'

2023-10-30 11:36:50 - [MESSAGE][PASSED] - Text 'García' is set on object 'Object Repository/Forms/Origen/input_Apellidos'

2023-10-30 11:36:50 - [TEST_STEP][PASSED] - waitForElementVisible(findTestObject("Forms/Origen/input_RazonSocial"), 60, OPTIONAL): Object 'Object Repository/Forms/Origen/input_RazonSocial' is visible

2023-10-30 11:36:50 - [MESSAGE][PASSED] - Object 'Object Repository/Forms/Origen/input_RazonSocial' is visible

2023-10-30 11:36:50 - [TEST_STEP][PASSED] - waitForElementClickable(findTestObject("Forms/Origen/input_RazonSocial"), 60, OPTIONAL): Object 'Object Repository/Forms/Origen/input_RazonSocial' is clickable

2023-10-30 11:36:51 - [MESSAGE][PASSED] - Object 'Object Repository/Forms/Origen/input_RazonSocial' is clickable

2023-10-30 11:36:51 - [TEST_STEP][PASSED] - setText(findTestObject("Forms/Origen/input_RazonSocial"), razSocialRem, STOP_ON_FAILURE): Text 'Razón de prueba' is set on object 'Object Repository/Forms/Origen/input_RazonSocial'

2023-10-30 11:36:51 - [MESSAGE][PASSED] - Text 'Razón de prueba' is set on object 'Object Repository/Forms/Origen/input_RazonSocial'

2023-10-30 11:36:51 - [TEST_STEP][PASSED] - waitForElementVisible(findTestObject("Forms/Origen/input_NIF"), 60, OPTIONAL): Object 'Object Repository/Forms/Origen/input_NIF' is visible

2023-10-30 11:36:52 - [MESSAGE][PASSED] - Object 'Object Repository/Forms/Origen/input_NIF' is visible

2023-10-30 11:36:52 - [TEST_STEP][PASSED] - waitForElementClickable(findTestObject("Forms/Origen/input_NIF"), 60, OPTIONAL): Object 'Object Repository/Forms/Origen/input_NIF' is clickable

2023-10-30 11:36:52 - [MESSAGE][PASSED] - Object 'Object Repository/Forms/Origen/input_NIF' is clickable

2023-10-30 11:36:52 - [TEST_STEP][PASSED] - setText(findTestObject("Forms/Origen/input_NIF"), nifRem, STOP_ON_FAILURE): Text '90929156J' is set on object 'Object Repository/Forms/Origen/input_NIF'

2023-10-30 11:36:53 - [MESSAGE][PASSED] - Text '90929156J' is set on object 'Object Repository/Forms/Origen/input_NIF'

2023-10-30 11:36:53 - [TEST_STEP][PASSED] - waitForElementVisible(findTestObject("Forms/Origen/input_email"), 60, OPTIONAL): Object 'Object Repository/Forms/Origen/input_email' is visible

2023-10-30 11:36:53 - [MESSAGE][PASSED] - Object 'Object Repository/Forms/Origen/input_email' is visible

2023-10-30 11:36:53 - [TEST_STEP][PASSED] - waitForElementClickable(findTestObject("Forms/Origen/input_email"), 60, OPTIONAL): Object 'Object Repository/Forms/Origen/input_email' is clickable

2023-10-30 11:36:53 - [MESSAGE][PASSED] - Object 'Object Repository/Forms/Origen/input_email' is clickable

2023-10-30 11:36:53 - [TEST_STEP][PASSED] - setText(findTestObject("Forms/Origen/input_email"), emailRem, STOP_ON_FAILURE): Text 'emailprueba8@email.com' is set on object 'Object Repository/Forms/Origen/input_email'

2023-10-30 11:36:54 - [MESSAGE][PASSED] - Text 'emailprueba8@email.com' is set on object 'Object Repository/Forms/Origen/input_email'

2023-10-30 11:36:54 - [TEST_STEP][PASSED] - waitForElementVisible(findTestObject("Forms/Origen/input_Phone"), 60, OPTIONAL): Object 'Object Repository/Forms/Origen/input_Phone' is visible

2023-10-30 11:36:54 - [MESSAGE][PASSED] - Object 'Object Repository/Forms/Origen/input_Phone' is visible

2023-10-30 11:36:54 - [TEST_STEP][PASSED] - waitForElementClickable(findTestObject("Forms/Origen/input_Phone"), 60, OPTIONAL): Object 'Object Repository/Forms/Origen/input_Phone' is clickable

2023-10-30 11:36:55 - [MESSAGE][PASSED] - Object 'Object Repository/Forms/Origen/input_Phone' is clickable

2023-10-30 11:36:55 - [TEST_STEP][PASSED] - setText(findTestObject("Forms/Origen/input_Phone"), numTlfRem, STOP_ON_FAILURE): Text '654709853' is set on object 'Object Repository/Forms/Origen/input_Phone'

2023-10-30 11:36:55 - [MESSAGE][PASSED] - Text '654709853' is set on object 'Object Repository/Forms/Origen/input_Phone'

2023-10-30 11:36:55 - [TEST_STEP][PASSED] - waitForElementVisible(findTestObject("Forms/Origen/input_Direccion1"), 60, OPTIONAL): Object 'Object Repository/Forms/Origen/input_Direccion1' is visible

2023-10-30 11:36:56 - [MESSAGE][PASSED] - Object 'Object Repository/Forms/Origen/input_Direccion1' is visible

2023-10-30 11:36:56 - [TEST_STEP][PASSED] - waitForElementClickable(findTestObject("Forms/Origen/input_Direccion1"), 60, OPTIONAL): Object 'Object Repository/Forms/Origen/input_Direccion1' is clickable

2023-10-30 11:36:56 - [MESSAGE][PASSED] - Object 'Object Repository/Forms/Origen/input_Direccion1' is clickable

2023-10-30 11:36:56 - [TEST_STEP][PASSED] - setText(findTestObject("Forms/Origen/input_Direccion1"), dirRem1, STOP_ON_FAILURE): Text 'Calle Prueba' is set on object 'Object Repository/Forms/Origen/input_Direccion1'

2023-10-30 11:36:57 - [MESSAGE][PASSED] - Text 'Calle Prueba' is set on object 'Object Repository/Forms/Origen/input_Direccion1'

2023-10-30 11:36:57 - [TEST_STEP][PASSED] - waitForElementVisible(findTestObject("Forms/Origen/button_Continuar"), 60, OPTIONAL): Object 'Object Repository/Forms/Origen/button_Continuar' is visible

2023-10-30 11:36:57 - [MESSAGE][PASSED] - Object 'Object Repository/Forms/Origen/button_Continuar' is visible

2023-10-30 11:36:57 - [TEST_STEP][PASSED] - waitForElementClickable(findTestObject("Forms/Origen/button_Continuar"), 60, OPTIONAL): Object 'Object Repository/Forms/Origen/button_Continuar' is clickable

2023-10-30 11:36:57 - [MESSAGE][PASSED] - Object 'Object Repository/Forms/Origen/button_Continuar' is clickable

2023-10-30 11:36:57 - [TEST_STEP][PASSED] - click(findTestObject("Forms/Origen/button_Continuar"), STOP_ON_FAILURE): Object: 'Object Repository/Forms/Origen/button_Continuar' is clicked on

2023-10-30 11:36:58 - [MESSAGE][PASSED] - Object: 'Object Repository/Forms/Origen/button_Continuar' is clicked on

2023-10-30 11:36:58 - [TEST_STEP][PASSED] - waitForElementVisible(findTestObject("Forms/Destino/input_Nombre"), 60, OPTIONAL): Object 'Object Repository/Forms/Destino/input_Nombre' is visible

2023-10-30 11:36:59 - [MESSAGE][PASSED] - Object 'Object Repository/Forms/Destino/input_Nombre' is visible

2023-10-30 11:36:59 - [TEST_STEP][PASSED] - waitForElementClickable(findTestObject("Forms/Destino/input_Nombre"), 60, OPTIONAL): Object 'Object Repository/Forms/Destino/input_Nombre' is clickable

2023-10-30 11:36:59 - [MESSAGE][PASSED] - Object 'Object Repository/Forms/Destino/input_Nombre' is clickable

2023-10-30 11:36:59 - [TEST_STEP][PASSED] - setText(findTestObject("Forms/Destino/input_Nombre"), nombreDes, STOP_ON_FAILURE): Text 'José Antonio' is set on object 'Object Repository/Forms/Destino/input_Nombre'

2023-10-30 11:37:00 - [MESSAGE][PASSED] - Text 'José Antonio' is set on object 'Object Repository/Forms/Destino/input_Nombre'

2023-10-30 11:37:00 - [TEST_STEP][PASSED] - waitForElementVisible(findTestObject("Forms/Destino/input_Apellidos"), 60, OPTIONAL): Object 'Object Repository/Forms/Destino/input_Apellidos' is visible

2023-10-30 11:37:01 - [MESSAGE][PASSED] - Object 'Object Repository/Forms/Destino/input_Apellidos' is visible

2023-10-30 11:37:01 - [TEST_STEP][PASSED] - waitForElementClickable(findTestObject("Forms/Destino/input_Apellidos"), 60, OPTIONAL): Object 'Object Repository/Forms/Destino/input_Apellidos' is clickable

2023-10-30 11:37:01 - [MESSAGE][PASSED] - Object 'Object Repository/Forms/Destino/input_Apellidos' is clickable

2023-10-30 11:37:01 - [TEST_STEP][PASSED] - setText(findTestObject("Forms/Destino/input_Apellidos"), apellidosDes, STOP_ON_FAILURE): Text 'Lozano' is set on object 'Object Repository/Forms/Destino/input_Apellidos'

2023-10-30 11:37:02 - [MESSAGE][PASSED] - Text 'Lozano' is set on object 'Object Repository/Forms/Destino/input_Apellidos'

2023-10-30 11:37:02 - [TEST_STEP][PASSED] - waitForElementVisible(findTestObject("Forms/Destino/input_RazonSocial"), 60, OPTIONAL): Object 'Object Repository/Forms/Destino/input_RazonSocial' is visible

2023-10-30 11:37:02 - [MESSAGE][PASSED] - Object 'Object Repository/Forms/Destino/input_RazonSocial' is visible

2023-10-30 11:37:02 - [TEST_STEP][PASSED] - waitForElementClickable(findTestObject("Forms/Destino/input_RazonSocial"), 60, OPTIONAL): Object 'Object Repository/Forms/Destino/input_RazonSocial' is clickable

2023-10-30 11:37:02 - [MESSAGE][PASSED] - Object 'Object Repository/Forms/Destino/input_RazonSocial' is clickable

2023-10-30 11:37:02 - [TEST_STEP][PASSED] - setText(findTestObject("Forms/Destino/input_RazonSocial"), razonSocialDes, STOP_ON_FAILURE): Text 'Otra razón de prueba' is set on object 'Object Repository/Forms/Destino/input_RazonSocial'

2023-10-30 11:37:03 - [MESSAGE][PASSED] - Text 'Otra razón de prueba' is set on object 'Object Repository/Forms/Destino/input_RazonSocial'

2023-10-30 11:37:03 - [TEST_STEP][PASSED] - waitForElementVisible(findTestObject("Forms/Destino/input_Email"), 60, OPTIONAL): Object 'Object Repository/Forms/Destino/input_Email' is visible

2023-10-30 11:37:03 - [MESSAGE][PASSED] - Object 'Object Repository/Forms/Destino/input_Email' is visible

2023-10-30 11:37:03 - [TEST_STEP][PASSED] - waitForElementClickable(findTestObject("Forms/Destino/input_Email"), 60, OPTIONAL): Object 'Object Repository/Forms/Destino/input_Email' is clickable

2023-10-30 11:37:03 - [MESSAGE][PASSED] - Object 'Object Repository/Forms/Destino/input_Email' is clickable

2023-10-30 11:37:03 - [TEST_STEP][PASSED] - setText(findTestObject("Forms/Destino/input_Email"), emailRem, STOP_ON_FAILURE): Text 'emailprueba8@email.com' is set on object 'Object Repository/Forms/Destino/input_Email'

2023-10-30 11:37:04 - [MESSAGE][PASSED] - Text 'emailprueba8@email.com' is set on object 'Object Repository/Forms/Destino/input_Email'

2023-10-30 11:37:04 - [TEST_STEP][PASSED] - waitForElementVisible(findTestObject("Forms/Destino/input_Phone"), 60, OPTIONAL): Object 'Object Repository/Forms/Destino/input_Phone' is visible

2023-10-30 11:37:05 - [MESSAGE][PASSED] - Object 'Object Repository/Forms/Destino/input_Phone' is visible

2023-10-30 11:37:05 - [TEST_STEP][PASSED] - waitForElementClickable(findTestObject("Forms/Destino/input_Phone"), 60, OPTIONAL): Object 'Object Repository/Forms/Destino/input_Phone' is clickable

2023-10-30 11:37:05 - [MESSAGE][PASSED] - Object 'Object Repository/Forms/Destino/input_Phone' is clickable

2023-10-30 11:37:05 - [TEST_STEP][PASSED] - setText(findTestObject("Forms/Destino/input_Phone"), numTlfRem, STOP_ON_FAILURE): Text '654709853' is set on object 'Object Repository/Forms/Destino/input_Phone'

2023-10-30 11:37:05 - [MESSAGE][PASSED] - Text '654709853' is set on object 'Object Repository/Forms/Destino/input_Phone'

2023-10-30 11:37:05 - [TEST_STEP][PASSED] - waitForElementVisible(findTestObject("Forms/Destino/input_Direccion1"), 60, OPTIONAL): Object 'Object Repository/Forms/Destino/input_Direccion1' is visible

2023-10-30 11:37:06 - [MESSAGE][PASSED] - Object 'Object Repository/Forms/Destino/input_Direccion1' is visible

2023-10-30 11:37:06 - [TEST_STEP][PASSED] - waitForElementClickable(findTestObject("Forms/Destino/input_Direccion1"), 60, OPTIONAL): Object 'Object Repository/Forms/Destino/input_Direccion1' is clickable

2023-10-30 11:37:06 - [MESSAGE][PASSED] - Object 'Object Repository/Forms/Destino/input_Direccion1' is clickable

2023-10-30 11:37:06 - [TEST_STEP][PASSED] - setText(findTestObject("Forms/Destino/input_Direccion1"), dirDes1, STOP_ON_FAILURE): Text 'Calle OtraPrueba' is set on object 'Object Repository/Forms/Destino/input_Direccion1'

2023-10-30 11:37:07 - [MESSAGE][PASSED] - Text 'Calle OtraPrueba' is set on object 'Object Repository/Forms/Destino/input_Direccion1'

2023-10-30 11:37:07 - [TEST_STEP][PASSED] - if (mValiosa.equalsIgnoreCase("S")): null

2023-10-30 11:37:07 - [TEST_STEP][PASSED] - else: Text '15' is set on object 'Object Repository/Forms/Destino/input_Pago en destino'

2023-10-30 11:37:07 - [TEST_STEP][PASSED] - waitForElementVisible(findTestObject("Forms/Destino/input_Pago en destino"), 60, OPTIONAL): Object 'Object Repository/Forms/Destino/input_Pago en destino' is visible

2023-10-30 11:37:07 - [MESSAGE][PASSED] - Object 'Object Repository/Forms/Destino/input_Pago en destino' is visible

2023-10-30 11:37:07 - [TEST_STEP][PASSED] - waitForElementClickable(findTestObject("Forms/Destino/input_Pago en destino"), 60, OPTIONAL): Object 'Object Repository/Forms/Destino/input_Pago en destino' is clickable

2023-10-30 11:37:08 - [MESSAGE][PASSED] - Object 'Object Repository/Forms/Destino/input_Pago en destino' is clickable

2023-10-30 11:37:08 - [TEST_STEP][PASSED] - setText(findTestObject("Forms/Destino/input_Pago en destino"), importeDestino, STOP_ON_FAILURE): Text '15' is set on object 'Object Repository/Forms/Destino/input_Pago en destino'

2023-10-30 11:37:08 - [MESSAGE][PASSED] - Text '15' is set on object 'Object Repository/Forms/Destino/input_Pago en destino'

2023-10-30 11:37:08 - [TEST_STEP][PASSED] - waitForElementVisible(findTestObject("Forms/Destino/button_Continuar"), 60, OPTIONAL): Object 'Object Repository/Forms/Destino/button_Continuar' is visible

2023-10-30 11:37:08 - [MESSAGE][PASSED] - Object 'Object Repository/Forms/Destino/button_Continuar' is visible

2023-10-30 11:37:08 - [TEST_STEP][PASSED] - waitForElementClickable(findTestObject("Forms/Destino/button_Continuar"), 60, OPTIONAL): Object 'Object Repository/Forms/Destino/button_Continuar' is clickable

2023-10-30 11:37:09 - [MESSAGE][PASSED] - Object 'Object Repository/Forms/Destino/button_Continuar' is clickable

2023-10-30 11:37:09 - [TEST_STEP][PASSED] - click(findTestObject("Forms/Destino/button_Continuar"), STOP_ON_FAILURE): Object: 'Object Repository/Forms/Destino/button_Continuar' is clicked on

2023-10-30 11:37:11 - [MESSAGE][PASSED] - Object: 'Object Repository/Forms/Destino/button_Continuar' is clicked on

2023-10-30 11:37:11 - [TEST_STEP][PASSED] - waitForElementVisible(findTestObject("Forms/button_close_Urgent_Service"), 60, OPTIONAL): Object 'Object Repository/Forms/button_close_Urgent_Service' is visible

2023-10-30 11:37:12 - [MESSAGE][PASSED] - Object 'Object Repository/Forms/button_close_Urgent_Service' is visible

2023-10-30 11:37:12 - [TEST_STEP][PASSED] - waitForElementClickable(findTestObject("Forms/button_close_Urgent_Service"), 60, OPTIONAL): Object 'Object Repository/Forms/button_close_Urgent_Service' is clickable

2023-10-30 11:37:13 - [MESSAGE][PASSED] - Object 'Object Repository/Forms/button_close_Urgent_Service' is clickable

2023-10-30 11:37:13 - [TEST_STEP][PASSED] - click(findTestObject("Forms/button_close_Urgent_Service"), STOP_ON_FAILURE): Object: 'Object Repository/Forms/button_close_Urgent_Service' is clicked on

2023-10-30 11:37:13 - [MESSAGE][PASSED] - Object: 'Object Repository/Forms/button_close_Urgent_Service' is clicked on

2023-10-30 11:37:13 - [TEST_STEP][PASSED] - precioSinIVALbl = getText(findTestObject("Resumen_Checks/label_sinIva")).toString(): Text of object 'Object Repository/Resumen_Checks/label_sinIva' is: '23,14 €'

2023-10-30 11:37:43 - [MESSAGE][PASSED] - Text of object 'Object Repository/Resumen_Checks/label_sinIva' is: '23,14 €'

2023-10-30 11:37:43 - [TEST_STEP][PASSED] - precioReembolsoLbl = getText(findTestObject("Resumen_Checks/label_reembolso")).toString(): Text of object 'Object Repository/Resumen_Checks/label_reembolso' is: '6,11 €'

2023-10-30 11:37:56 - [MESSAGE][PASSED] - Text of object 'Object Repository/Resumen_Checks/label_reembolso' is: '6,11 €'

2023-10-30 11:37:56 - [TEST_STEP][PASSED] - precioConIVALbl = getText(findTestObject("Resumen_Checks/label_conIva")).toString(): Text of object 'Object Repository/Resumen_Checks/label_conIva' is: '6,14 €'

2023-10-30 11:37:56 - [MESSAGE][PASSED] - Text of object 'Object Repository/Resumen_Checks/label_conIva' is: '6,14 €'

2023-10-30 11:37:56 - [TEST_STEP][PASSED] - precioTotalLbl = getText(findTestObject("Resumen_Checks/label_total")).toString(): Text of object 'Object Repository/Resumen_Checks/label_total' is: '6,14 €'

2023-10-30 11:37:56 - [MESSAGE][PASSED] - Text of object 'Object Repository/Resumen_Checks/label_total' is: '6,14 €'

2023-10-30 11:37:56 - [TEST_STEP][PASSED] - takeScreenshot(): Taking screenshot successfully

2023-10-30 11:37:57 - [MESSAGE][PASSED] - Taking screenshot successfully
[[ATTACHMENT|C:\\Jenkins\\workspace\\Katalon_WebRecogidas_PRO\\Reports\\20231030_111542\\TS_Envios_PRO\\20231030_111543\\1698662277064.png]]

2023-10-30 11:37:57 - [TEST_STEP][PASSED] - markPassed("Recogidas / 08 - Envio antes de las 13.30"): Recogidas / 08 - Envio antes de las 13.30

2023-10-30 11:37:57 - [MESSAGE][PASSED] - Recogidas / 08 - Envio antes de las 13.30

2023-10-30 11:37:57 - [TEST_STEP][PASSED] - Finally: Browser is closed

2023-10-30 11:37:57 - [TEST_STEP][PASSED] - closeBrowser(): Browser is closed

2023-10-30 11:37:57 - [MESSAGE][PASSED] - Browser is closed]]></system-out>
         <system-err><![CDATA[]]></system-err>
      </testcase>
      <testcase name="Test Cases/Scripts_PRO/09 - Envio_EnvioAduanero" time="233.106" classname="Test Cases/Scripts_PRO/09 - Envio_EnvioAduanero" status="PASSED">
         <system-out><![CDATA[2023-10-30 11:37:58 - [TEST_CASE][PASSED] - Test Cases/Scripts_PRO/09 - Envio_EnvioAduanero: Test Cases/Scripts_PRO/09 - Envio_EnvioAduanero

2023-10-30 11:37:58 - [TEST_STEP][PASSED] - setWebDriverPreferencesProperty("args", ["window-size=1920,1080"]): null

2023-10-30 11:37:58 - [TEST_STEP][PASSED] - try: Recogidas / 09 - Envio aduanero

2023-10-30 11:37:58 - [TEST_STEP][PASSED] - openBrowser(""): Browser is opened with url: ''

2023-10-30 11:37:58 - [MESSAGE][INFO] - Starting 'Chrome' driver

2023-10-30 11:37:58 - [MESSAGE][INFO] - User set preference: ['args', '[window-size=1920,1080]']

2023-10-30 11:37:58 - [MESSAGE][INFO] - Action delay is set to 0 milliseconds

2023-10-30 11:38:00 - [MESSAGE][PASSED] - Browser is opened with url: ''

2023-10-30 11:38:00 - [TEST_STEP][PASSED] - maximizeWindow(): Current window maximized

2023-10-30 11:38:00 - [MESSAGE][PASSED] - Current window maximized

2023-10-30 11:38:00 - [TEST_STEP][PASSED] - navigateToUrl("https://seur.com/envio-online2/new-shipping"): Navigate to 'https://seur.com/envio-online2/new-shipping' successfully

2023-10-30 11:38:44 - [MESSAGE][PASSED] - Navigate to 'https://seur.com/envio-online2/new-shipping' successfully

2023-10-30 11:38:44 - [TEST_STEP][PASSED] - delay(30): Delayed 30 second(s)

2023-10-30 11:39:14 - [MESSAGE][PASSED] - Delayed 30 second(s)

2023-10-30 11:39:14 - [TEST_STEP][PASSED] - waitForElementVisible(findTestObject("Object Repository/Log_In_Elements/button_Aceptar_Cookis"), 60, OPTIONAL): Object 'Object Repository/Log_In_Elements/button_Aceptar_Cookis' is visible

2023-10-30 11:39:15 - [MESSAGE][PASSED] - Object 'Object Repository/Log_In_Elements/button_Aceptar_Cookis' is visible

2023-10-30 11:39:15 - [TEST_STEP][PASSED] - waitForElementClickable(findTestObject("Object Repository/Log_In_Elements/button_Aceptar_Cookis"), 60, OPTIONAL): Object 'Object Repository/Log_In_Elements/button_Aceptar_Cookis' is clickable

2023-10-30 11:39:15 - [MESSAGE][PASSED] - Object 'Object Repository/Log_In_Elements/button_Aceptar_Cookis' is clickable

2023-10-30 11:39:15 - [TEST_STEP][PASSED] - click(findTestObject("Object Repository/Log_In_Elements/button_Aceptar_Cookis"), STOP_ON_FAILURE): Object: 'Object Repository/Log_In_Elements/button_Aceptar_Cookis' is clicked on

2023-10-30 11:39:15 - [MESSAGE][PASSED] - Object: 'Object Repository/Log_In_Elements/button_Aceptar_Cookis' is clicked on

2023-10-30 11:39:15 - [TEST_STEP][PASSED] - delay(5): Delayed 5 second(s)

2023-10-30 11:39:20 - [MESSAGE][PASSED] - Delayed 5 second(s)

2023-10-30 11:39:20 - [TEST_STEP][PASSED] - waitForElementVisible(findTestObject("Object Repository/Log_In_Elements/button_Siguiente"), 60, OPTIONAL): Object 'Object Repository/Log_In_Elements/button_Siguiente' is visible

2023-10-30 11:39:50 - [MESSAGE][PASSED] - Object 'Object Repository/Log_In_Elements/button_Siguiente' is visible

2023-10-30 11:39:50 - [TEST_STEP][PASSED] - waitForElementClickable(findTestObject("Object Repository/Log_In_Elements/button_Siguiente"), 60, OPTIONAL): Object 'Object Repository/Log_In_Elements/button_Siguiente' is clickable

2023-10-30 11:39:57 - [MESSAGE][PASSED] - Object 'Object Repository/Log_In_Elements/button_Siguiente' is clickable

2023-10-30 11:39:57 - [TEST_STEP][PASSED] - click(findTestObject("Object Repository/Log_In_Elements/button_Siguiente"), STOP_ON_FAILURE): Object: 'Object Repository/Log_In_Elements/button_Siguiente' is clicked on

2023-10-30 11:39:58 - [MESSAGE][PASSED] - Object: 'Object Repository/Log_In_Elements/button_Siguiente' is clicked on

2023-10-30 11:39:58 - [TEST_STEP][PASSED] - delay(5): Delayed 5 second(s)

2023-10-30 11:40:03 - [MESSAGE][PASSED] - Delayed 5 second(s)

2023-10-30 11:40:03 - [TEST_STEP][PASSED] - waitForElementVisible(findTestObject("Object Repository/Origen_Destino_Paquetes/input_Origen"), 60, OPTIONAL): Object 'Object Repository/Origen_Destino_Paquetes/input_Origen' is visible

2023-10-30 11:40:03 - [MESSAGE][PASSED] - Object 'Object Repository/Origen_Destino_Paquetes/input_Origen' is visible

2023-10-30 11:40:03 - [TEST_STEP][PASSED] - waitForElementClickable(findTestObject("Object Repository/Origen_Destino_Paquetes/input_Origen"), 60, OPTIONAL): Object 'Object Repository/Origen_Destino_Paquetes/input_Origen' is clickable

2023-10-30 11:40:03 - [MESSAGE][PASSED] - Object 'Object Repository/Origen_Destino_Paquetes/input_Origen' is clickable

2023-10-30 11:40:03 - [TEST_STEP][PASSED] - setText(findTestObject("Object Repository/Origen_Destino_Paquetes/input_Origen"), codPostalRem, STOP_ON_FAILURE): Text '29700' is set on object 'Object Repository/Origen_Destino_Paquetes/input_Origen'

2023-10-30 11:40:04 - [MESSAGE][PASSED] - Text '29700' is set on object 'Object Repository/Origen_Destino_Paquetes/input_Origen'

2023-10-30 11:40:04 - [TEST_STEP][PASSED] - delay(2): Delayed 2 second(s)

2023-10-30 11:40:06 - [MESSAGE][PASSED] - Delayed 2 second(s)

2023-10-30 11:40:06 - [TEST_STEP][PASSED] - waitForElementVisible(findTestObject("Origen_Destino_Paquetes/span_29700 - VELEZ-MALAGA"), 60, OPTIONAL): Object 'Object Repository/Origen_Destino_Paquetes/span_29700 - VELEZ-MALAGA' is visible

2023-10-30 11:40:06 - [MESSAGE][PASSED] - Object 'Object Repository/Origen_Destino_Paquetes/span_29700 - VELEZ-MALAGA' is visible

2023-10-30 11:40:06 - [TEST_STEP][PASSED] - waitForElementClickable(findTestObject("Origen_Destino_Paquetes/span_29700 - VELEZ-MALAGA"), 60, OPTIONAL): Object 'Object Repository/Origen_Destino_Paquetes/span_29700 - VELEZ-MALAGA' is clickable

2023-10-30 11:40:07 - [MESSAGE][PASSED] - Object 'Object Repository/Origen_Destino_Paquetes/span_29700 - VELEZ-MALAGA' is clickable

2023-10-30 11:40:07 - [TEST_STEP][PASSED] - click(findTestObject("Origen_Destino_Paquetes/span_29700 - VELEZ-MALAGA"), STOP_ON_FAILURE): Object: 'Object Repository/Origen_Destino_Paquetes/span_29700 - VELEZ-MALAGA' is clicked on

2023-10-30 11:40:07 - [MESSAGE][PASSED] - Object: 'Object Repository/Origen_Destino_Paquetes/span_29700 - VELEZ-MALAGA' is clicked on

2023-10-30 11:40:07 - [TEST_STEP][PASSED] - waitForElementVisible(findTestObject("Origen_Destino_Paquetes/input_Destino"), 60, OPTIONAL): Object 'Object Repository/Origen_Destino_Paquetes/input_Destino' is visible

2023-10-30 11:40:07 - [MESSAGE][PASSED] - Object 'Object Repository/Origen_Destino_Paquetes/input_Destino' is visible

2023-10-30 11:40:07 - [TEST_STEP][PASSED] - waitForElementClickable(findTestObject("Origen_Destino_Paquetes/input_Destino"), 60, OPTIONAL): Object 'Object Repository/Origen_Destino_Paquetes/input_Destino' is clickable

2023-10-30 11:40:08 - [MESSAGE][PASSED] - Object 'Object Repository/Origen_Destino_Paquetes/input_Destino' is clickable

2023-10-30 11:40:08 - [TEST_STEP][PASSED] - setText(findTestObject("Origen_Destino_Paquetes/input_Destino"), codPostalDes, STOP_ON_FAILURE): Text '35230' is set on object 'Object Repository/Origen_Destino_Paquetes/input_Destino'

2023-10-30 11:40:08 - [MESSAGE][PASSED] - Text '35230' is set on object 'Object Repository/Origen_Destino_Paquetes/input_Destino'

2023-10-30 11:40:08 - [TEST_STEP][PASSED] - delay(13): Delayed 13 second(s)

2023-10-30 11:40:21 - [MESSAGE][PASSED] - Delayed 13 second(s)

2023-10-30 11:40:21 - [TEST_STEP][PASSED] - waitForElementVisible(findTestObject("Object Repository/Seur_Aduanero/span_35230 - AEROPUERTO DE GRAN CANARIA"), 60, OPTIONAL): Object 'Object Repository/Seur_Aduanero/span_35230 - AEROPUERTO DE GRAN CANARIA' is visible

2023-10-30 11:40:21 - [MESSAGE][PASSED] - Object 'Object Repository/Seur_Aduanero/span_35230 - AEROPUERTO DE GRAN CANARIA' is visible

2023-10-30 11:40:21 - [TEST_STEP][PASSED] - waitForElementClickable(findTestObject("Object Repository/Seur_Aduanero/span_35230 - AEROPUERTO DE GRAN CANARIA"), 60, OPTIONAL): Object 'Object Repository/Seur_Aduanero/span_35230 - AEROPUERTO DE GRAN CANARIA' is clickable

2023-10-30 11:40:22 - [MESSAGE][PASSED] - Object 'Object Repository/Seur_Aduanero/span_35230 - AEROPUERTO DE GRAN CANARIA' is clickable

2023-10-30 11:40:22 - [TEST_STEP][PASSED] - click(findTestObject("Object Repository/Seur_Aduanero/span_35230 - AEROPUERTO DE GRAN CANARIA"), STOP_ON_FAILURE): Object: 'Object Repository/Seur_Aduanero/span_35230 - AEROPUERTO DE GRAN CANARIA' is clicked on

2023-10-30 11:40:22 - [MESSAGE][PASSED] - Object: 'Object Repository/Seur_Aduanero/span_35230 - AEROPUERTO DE GRAN CANARIA' is clicked on

2023-10-30 11:40:22 - [TEST_STEP][PASSED] - waitForElementVisible(findTestObject("Origen_Destino_Paquetes/input_Paquete_peso"), 60, OPTIONAL): Object 'Object Repository/Origen_Destino_Paquetes/input_Paquete_peso' is visible

2023-10-30 11:40:23 - [MESSAGE][PASSED] - Object 'Object Repository/Origen_Destino_Paquetes/input_Paquete_peso' is visible

2023-10-30 11:40:23 - [TEST_STEP][PASSED] - waitForElementClickable(findTestObject("Origen_Destino_Paquetes/input_Paquete_peso"), 60, OPTIONAL): Object 'Object Repository/Origen_Destino_Paquetes/input_Paquete_peso' is clickable

2023-10-30 11:40:23 - [MESSAGE][PASSED] - Object 'Object Repository/Origen_Destino_Paquetes/input_Paquete_peso' is clickable

2023-10-30 11:40:23 - [TEST_STEP][PASSED] - setText(findTestObject("Origen_Destino_Paquetes/input_Paquete_peso"), pesoPaquete, STOP_ON_FAILURE): Text '5.3' is set on object 'Object Repository/Origen_Destino_Paquetes/input_Paquete_peso'

2023-10-30 11:40:23 - [MESSAGE][PASSED] - Text '5.3' is set on object 'Object Repository/Origen_Destino_Paquetes/input_Paquete_peso'

2023-10-30 11:40:23 - [TEST_STEP][PASSED] - waitForElementVisible(findTestObject("Origen_Destino_Paquetes/input_Paquete_largo"), 60, OPTIONAL): Object 'Object Repository/Origen_Destino_Paquetes/input_Paquete_largo' is visible

2023-10-30 11:40:24 - [MESSAGE][PASSED] - Object 'Object Repository/Origen_Destino_Paquetes/input_Paquete_largo' is visible

2023-10-30 11:40:24 - [TEST_STEP][PASSED] - waitForElementClickable(findTestObject("Origen_Destino_Paquetes/input_Paquete_largo"), 60, OPTIONAL): Object 'Object Repository/Origen_Destino_Paquetes/input_Paquete_largo' is clickable

2023-10-30 11:40:24 - [MESSAGE][PASSED] - Object 'Object Repository/Origen_Destino_Paquetes/input_Paquete_largo' is clickable

2023-10-30 11:40:24 - [TEST_STEP][PASSED] - setText(findTestObject("Origen_Destino_Paquetes/input_Paquete_largo"), largoPaquete, STOP_ON_FAILURE): Text '40' is set on object 'Object Repository/Origen_Destino_Paquetes/input_Paquete_largo'

2023-10-30 11:40:25 - [MESSAGE][PASSED] - Text '40' is set on object 'Object Repository/Origen_Destino_Paquetes/input_Paquete_largo'

2023-10-30 11:40:25 - [TEST_STEP][PASSED] - waitForElementVisible(findTestObject("Origen_Destino_Paquetes/input_Paquete_Ancho"), 60, OPTIONAL): Object 'Object Repository/Origen_Destino_Paquetes/input_Paquete_Ancho' is visible

2023-10-30 11:40:25 - [MESSAGE][PASSED] - Object 'Object Repository/Origen_Destino_Paquetes/input_Paquete_Ancho' is visible

2023-10-30 11:40:25 - [TEST_STEP][PASSED] - waitForElementClickable(findTestObject("Origen_Destino_Paquetes/input_Paquete_Ancho"), 60, OPTIONAL): Object 'Object Repository/Origen_Destino_Paquetes/input_Paquete_Ancho' is clickable

2023-10-30 11:40:25 - [MESSAGE][PASSED] - Object 'Object Repository/Origen_Destino_Paquetes/input_Paquete_Ancho' is clickable

2023-10-30 11:40:25 - [TEST_STEP][PASSED] - setText(findTestObject("Origen_Destino_Paquetes/input_Paquete_Ancho"), anchoPaquete, STOP_ON_FAILURE): Text '30' is set on object 'Object Repository/Origen_Destino_Paquetes/input_Paquete_Ancho'

2023-10-30 11:40:26 - [MESSAGE][PASSED] - Text '30' is set on object 'Object Repository/Origen_Destino_Paquetes/input_Paquete_Ancho'

2023-10-30 11:40:26 - [TEST_STEP][PASSED] - waitForElementVisible(findTestObject("Origen_Destino_Paquetes/input_Paquete_Alto"), 60, OPTIONAL): Object 'Object Repository/Origen_Destino_Paquetes/input_Paquete_Alto' is visible

2023-10-30 11:40:27 - [MESSAGE][PASSED] - Object 'Object Repository/Origen_Destino_Paquetes/input_Paquete_Alto' is visible

2023-10-30 11:40:27 - [TEST_STEP][PASSED] - waitForElementClickable(findTestObject("Origen_Destino_Paquetes/input_Paquete_Alto"), 60, OPTIONAL): Object 'Object Repository/Origen_Destino_Paquetes/input_Paquete_Alto' is clickable

2023-10-30 11:40:27 - [MESSAGE][PASSED] - Object 'Object Repository/Origen_Destino_Paquetes/input_Paquete_Alto' is clickable

2023-10-30 11:40:27 - [TEST_STEP][PASSED] - setText(findTestObject("Origen_Destino_Paquetes/input_Paquete_Alto"), altoPaquete, STOP_ON_FAILURE): Text '45' is set on object 'Object Repository/Origen_Destino_Paquetes/input_Paquete_Alto'

2023-10-30 11:40:27 - [MESSAGE][PASSED] - Text '45' is set on object 'Object Repository/Origen_Destino_Paquetes/input_Paquete_Alto'

2023-10-30 11:40:27 - [TEST_STEP][PASSED] - waitForElementVisible(findTestObject("Origen_Destino_Paquetes/button_Calcula tu envio"), 60, OPTIONAL): Object 'Object Repository/Origen_Destino_Paquetes/button_Calcula tu envio' is visible

2023-10-30 11:40:28 - [MESSAGE][PASSED] - Object 'Object Repository/Origen_Destino_Paquetes/button_Calcula tu envio' is visible

2023-10-30 11:40:28 - [TEST_STEP][PASSED] - waitForElementClickable(findTestObject("Origen_Destino_Paquetes/button_Calcula tu envio"), 60, OPTIONAL): Object 'Object Repository/Origen_Destino_Paquetes/button_Calcula tu envio' is clickable

2023-10-30 11:40:28 - [MESSAGE][PASSED] - Object 'Object Repository/Origen_Destino_Paquetes/button_Calcula tu envio' is clickable

2023-10-30 11:40:28 - [TEST_STEP][PASSED] - click(findTestObject("Origen_Destino_Paquetes/button_Calcula tu envio"), STOP_ON_FAILURE): Object: 'Object Repository/Origen_Destino_Paquetes/button_Calcula tu envio' is clicked on

2023-10-30 11:40:28 - [MESSAGE][PASSED] - Object: 'Object Repository/Origen_Destino_Paquetes/button_Calcula tu envio' is clicked on

2023-10-30 11:40:28 - [TEST_STEP][PASSED] - waitForElementVisible(findTestObject("Seur_Aduanero/button_Contratar_H2H_Aduanero"), 60, OPTIONAL): Object 'Object Repository/Seur_Aduanero/button_Contratar_H2H_Aduanero' is visible

2023-10-30 11:40:31 - [MESSAGE][PASSED] - Object 'Object Repository/Seur_Aduanero/button_Contratar_H2H_Aduanero' is visible

2023-10-30 11:40:31 - [TEST_STEP][PASSED] - waitForElementClickable(findTestObject("Seur_Aduanero/button_Contratar_H2H_Aduanero"), 60, OPTIONAL): Object 'Object Repository/Seur_Aduanero/button_Contratar_H2H_Aduanero' is clickable

2023-10-30 11:40:31 - [MESSAGE][PASSED] - Object 'Object Repository/Seur_Aduanero/button_Contratar_H2H_Aduanero' is clickable

2023-10-30 11:40:31 - [TEST_STEP][PASSED] - click(findTestObject("Seur_Aduanero/button_Contratar_H2H_Aduanero"), STOP_ON_FAILURE): Object: 'Object Repository/Seur_Aduanero/button_Contratar_H2H_Aduanero' is clicked on

2023-10-30 11:40:31 - [MESSAGE][PASSED] - Object: 'Object Repository/Seur_Aduanero/button_Contratar_H2H_Aduanero' is clicked on

2023-10-30 11:40:31 - [TEST_STEP][PASSED] - waitForElementVisible(findTestObject("Forms/Origen/input_Nombre"), 60, OPTIONAL): Object 'Object Repository/Forms/Origen/input_Nombre' is visible

2023-10-30 11:40:33 - [MESSAGE][PASSED] - Object 'Object Repository/Forms/Origen/input_Nombre' is visible

2023-10-30 11:40:33 - [TEST_STEP][PASSED] - waitForElementClickable(findTestObject("Forms/Origen/input_Nombre"), 60, OPTIONAL): Object 'Object Repository/Forms/Origen/input_Nombre' is clickable

2023-10-30 11:40:34 - [MESSAGE][PASSED] - Object 'Object Repository/Forms/Origen/input_Nombre' is clickable

2023-10-30 11:40:34 - [TEST_STEP][PASSED] - setText(findTestObject("Forms/Origen/input_Nombre"), nombreRem, STOP_ON_FAILURE): Text 'Pedro' is set on object 'Object Repository/Forms/Origen/input_Nombre'

2023-10-30 11:40:34 - [MESSAGE][PASSED] - Text 'Pedro' is set on object 'Object Repository/Forms/Origen/input_Nombre'

2023-10-30 11:40:34 - [TEST_STEP][PASSED] - waitForElementVisible(findTestObject("Forms/Origen/input_Apellidos"), 60, OPTIONAL): Object 'Object Repository/Forms/Origen/input_Apellidos' is visible

2023-10-30 11:40:35 - [MESSAGE][PASSED] - Object 'Object Repository/Forms/Origen/input_Apellidos' is visible

2023-10-30 11:40:35 - [TEST_STEP][PASSED] - waitForElementClickable(findTestObject("Forms/Origen/input_Apellidos"), 60, OPTIONAL): Object 'Object Repository/Forms/Origen/input_Apellidos' is clickable

2023-10-30 11:40:35 - [MESSAGE][PASSED] - Object 'Object Repository/Forms/Origen/input_Apellidos' is clickable

2023-10-30 11:40:35 - [TEST_STEP][PASSED] - setText(findTestObject("Forms/Origen/input_Apellidos"), apellidosRem, STOP_ON_FAILURE): Text 'García' is set on object 'Object Repository/Forms/Origen/input_Apellidos'

2023-10-30 11:40:35 - [MESSAGE][PASSED] - Text 'García' is set on object 'Object Repository/Forms/Origen/input_Apellidos'

2023-10-30 11:40:35 - [TEST_STEP][PASSED] - waitForElementVisible(findTestObject("Forms/Origen/input_RazonSocial"), 60, OPTIONAL): Object 'Object Repository/Forms/Origen/input_RazonSocial' is visible

2023-10-30 11:40:36 - [MESSAGE][PASSED] - Object 'Object Repository/Forms/Origen/input_RazonSocial' is visible

2023-10-30 11:40:36 - [TEST_STEP][PASSED] - waitForElementClickable(findTestObject("Forms/Origen/input_RazonSocial"), 60, OPTIONAL): Object 'Object Repository/Forms/Origen/input_RazonSocial' is clickable

2023-10-30 11:40:36 - [MESSAGE][PASSED] - Object 'Object Repository/Forms/Origen/input_RazonSocial' is clickable

2023-10-30 11:40:36 - [TEST_STEP][PASSED] - setText(findTestObject("Forms/Origen/input_RazonSocial"), razSocialRem, STOP_ON_FAILURE): Text 'Razón de prueba' is set on object 'Object Repository/Forms/Origen/input_RazonSocial'

2023-10-30 11:40:37 - [MESSAGE][PASSED] - Text 'Razón de prueba' is set on object 'Object Repository/Forms/Origen/input_RazonSocial'

2023-10-30 11:40:37 - [TEST_STEP][PASSED] - waitForElementVisible(findTestObject("Forms/Origen/input_NIF"), 60, OPTIONAL): Object 'Object Repository/Forms/Origen/input_NIF' is visible

2023-10-30 11:40:37 - [MESSAGE][PASSED] - Object 'Object Repository/Forms/Origen/input_NIF' is visible

2023-10-30 11:40:37 - [TEST_STEP][PASSED] - waitForElementClickable(findTestObject("Forms/Origen/input_NIF"), 60, OPTIONAL): Object 'Object Repository/Forms/Origen/input_NIF' is clickable

2023-10-30 11:40:37 - [MESSAGE][PASSED] - Object 'Object Repository/Forms/Origen/input_NIF' is clickable

2023-10-30 11:40:37 - [TEST_STEP][PASSED] - setText(findTestObject("Forms/Origen/input_NIF"), nifRem, STOP_ON_FAILURE): Text '79226045S' is set on object 'Object Repository/Forms/Origen/input_NIF'

2023-10-30 11:40:38 - [MESSAGE][PASSED] - Text '79226045S' is set on object 'Object Repository/Forms/Origen/input_NIF'

2023-10-30 11:40:38 - [TEST_STEP][PASSED] - waitForElementVisible(findTestObject("Forms/Origen/input_email"), 60, OPTIONAL): Object 'Object Repository/Forms/Origen/input_email' is visible

2023-10-30 11:40:38 - [MESSAGE][PASSED] - Object 'Object Repository/Forms/Origen/input_email' is visible

2023-10-30 11:40:38 - [TEST_STEP][PASSED] - waitForElementClickable(findTestObject("Forms/Origen/input_email"), 60, OPTIONAL): Object 'Object Repository/Forms/Origen/input_email' is clickable

2023-10-30 11:40:39 - [MESSAGE][PASSED] - Object 'Object Repository/Forms/Origen/input_email' is clickable

2023-10-30 11:40:39 - [TEST_STEP][PASSED] - setText(findTestObject("Forms/Origen/input_email"), emailRem, STOP_ON_FAILURE): Text 'emailprueba9@email.com' is set on object 'Object Repository/Forms/Origen/input_email'

2023-10-30 11:40:39 - [MESSAGE][PASSED] - Text 'emailprueba9@email.com' is set on object 'Object Repository/Forms/Origen/input_email'

2023-10-30 11:40:39 - [TEST_STEP][PASSED] - waitForElementVisible(findTestObject("Forms/Origen/input_Phone"), 60, OPTIONAL): Object 'Object Repository/Forms/Origen/input_Phone' is visible

2023-10-30 11:40:40 - [MESSAGE][PASSED] - Object 'Object Repository/Forms/Origen/input_Phone' is visible

2023-10-30 11:40:40 - [TEST_STEP][PASSED] - waitForElementClickable(findTestObject("Forms/Origen/input_Phone"), 60, OPTIONAL): Object 'Object Repository/Forms/Origen/input_Phone' is clickable

2023-10-30 11:40:40 - [MESSAGE][PASSED] - Object 'Object Repository/Forms/Origen/input_Phone' is clickable

2023-10-30 11:40:40 - [TEST_STEP][PASSED] - setText(findTestObject("Forms/Origen/input_Phone"), numTlfRem, STOP_ON_FAILURE): Text '654857462' is set on object 'Object Repository/Forms/Origen/input_Phone'

2023-10-30 11:40:41 - [MESSAGE][PASSED] - Text '654857462' is set on object 'Object Repository/Forms/Origen/input_Phone'

2023-10-30 11:40:41 - [TEST_STEP][PASSED] - waitForElementVisible(findTestObject("Forms/Origen/input_Direccion1"), 60, OPTIONAL): Object 'Object Repository/Forms/Origen/input_Direccion1' is visible

2023-10-30 11:40:41 - [MESSAGE][PASSED] - Object 'Object Repository/Forms/Origen/input_Direccion1' is visible

2023-10-30 11:40:41 - [TEST_STEP][PASSED] - waitForElementClickable(findTestObject("Forms/Origen/input_Direccion1"), 60, OPTIONAL): Object 'Object Repository/Forms/Origen/input_Direccion1' is clickable

2023-10-30 11:40:41 - [MESSAGE][PASSED] - Object 'Object Repository/Forms/Origen/input_Direccion1' is clickable

2023-10-30 11:40:41 - [TEST_STEP][PASSED] - setText(findTestObject("Forms/Origen/input_Direccion1"), dirRem1, STOP_ON_FAILURE): Text 'Calle Prueba' is set on object 'Object Repository/Forms/Origen/input_Direccion1'

2023-10-30 11:40:42 - [MESSAGE][PASSED] - Text 'Calle Prueba' is set on object 'Object Repository/Forms/Origen/input_Direccion1'

2023-10-30 11:40:42 - [TEST_STEP][PASSED] - delay(2): Delayed 2 second(s)

2023-10-30 11:40:44 - [MESSAGE][PASSED] - Delayed 2 second(s)

2023-10-30 11:40:44 - [TEST_STEP][PASSED] - waitForElementVisible(findTestObject("Forms/Origen/seleccion_aduanas"), 60, OPTIONAL): Object 'Object Repository/Forms/Origen/seleccion_aduanas' is visible

2023-10-30 11:40:44 - [MESSAGE][PASSED] - Object 'Object Repository/Forms/Origen/seleccion_aduanas' is visible

2023-10-30 11:40:44 - [TEST_STEP][PASSED] - waitForElementClickable(findTestObject("Forms/Origen/seleccion_aduanas"), 60, OPTIONAL): Object 'Object Repository/Forms/Origen/seleccion_aduanas' is clickable

2023-10-30 11:40:45 - [MESSAGE][PASSED] - Object 'Object Repository/Forms/Origen/seleccion_aduanas' is clickable

2023-10-30 11:40:45 - [TEST_STEP][PASSED] - click(findTestObject("Forms/Origen/seleccion_aduanas"), STOP_ON_FAILURE): Object: 'Object Repository/Forms/Origen/seleccion_aduanas' is clicked on

2023-10-30 11:40:45 - [MESSAGE][PASSED] - Object: 'Object Repository/Forms/Origen/seleccion_aduanas' is clicked on

2023-10-30 11:40:45 - [TEST_STEP][PASSED] - waitForElementVisible(findTestObject("Seur_Aduanero/span_Envio_Particular"), 60, OPTIONAL): Object 'Object Repository/Seur_Aduanero/span_Envio_Particular' is visible

2023-10-30 11:40:45 - [MESSAGE][PASSED] - Object 'Object Repository/Seur_Aduanero/span_Envio_Particular' is visible

2023-10-30 11:40:45 - [TEST_STEP][PASSED] - waitForElementClickable(findTestObject("Seur_Aduanero/span_Envio_Particular"), 60, OPTIONAL): Object 'Object Repository/Seur_Aduanero/span_Envio_Particular' is clickable

2023-10-30 11:40:46 - [MESSAGE][PASSED] - Object 'Object Repository/Seur_Aduanero/span_Envio_Particular' is clickable

2023-10-30 11:40:46 - [TEST_STEP][PASSED] - click(findTestObject("Seur_Aduanero/span_Envio_Particular"), STOP_ON_FAILURE): Object: 'Object Repository/Seur_Aduanero/span_Envio_Particular' is clicked on

2023-10-30 11:40:46 - [MESSAGE][PASSED] - Object: 'Object Repository/Seur_Aduanero/span_Envio_Particular' is clicked on

2023-10-30 11:40:46 - [TEST_STEP][PASSED] - waitForElementClickable(findTestObject("Forms/Origen/valor_declarado_aduanero"), 60, OPTIONAL): Object 'Object Repository/Forms/Origen/valor_declarado_aduanero' is clickable

2023-10-30 11:40:47 - [MESSAGE][PASSED] - Object 'Object Repository/Forms/Origen/valor_declarado_aduanero' is clickable

2023-10-30 11:40:47 - [TEST_STEP][PASSED] - setText(findTestObject("Forms/Origen/valor_declarado_aduanero"), cantidadTramiteAduanero, STOP_ON_FAILURE): Text '20' is set on object 'Object Repository/Forms/Origen/valor_declarado_aduanero'

2023-10-30 11:40:49 - [MESSAGE][PASSED] - Text '20' is set on object 'Object Repository/Forms/Origen/valor_declarado_aduanero'

2023-10-30 11:40:49 - [TEST_STEP][PASSED] - waitForElementVisible(findTestObject("Forms/Origen/button_Continuar"), 60, OPTIONAL): Object 'Object Repository/Forms/Origen/button_Continuar' is visible

2023-10-30 11:40:49 - [MESSAGE][PASSED] - Object 'Object Repository/Forms/Origen/button_Continuar' is visible

2023-10-30 11:40:49 - [TEST_STEP][PASSED] - waitForElementClickable(findTestObject("Forms/Origen/button_Continuar"), 60, OPTIONAL): Object 'Object Repository/Forms/Origen/button_Continuar' is clickable

2023-10-30 11:40:52 - [MESSAGE][PASSED] - Object 'Object Repository/Forms/Origen/button_Continuar' is clickable

2023-10-30 11:40:52 - [TEST_STEP][PASSED] - click(findTestObject("Forms/Origen/button_Continuar"), STOP_ON_FAILURE): Object: 'Object Repository/Forms/Origen/button_Continuar' is clicked on

2023-10-30 11:40:53 - [MESSAGE][PASSED] - Object: 'Object Repository/Forms/Origen/button_Continuar' is clicked on

2023-10-30 11:40:53 - [TEST_STEP][PASSED] - waitForElementVisible(findTestObject("Forms/Destino/input_Nombre"), 60, OPTIONAL): Object 'Object Repository/Forms/Destino/input_Nombre' is visible

2023-10-30 11:40:54 - [MESSAGE][PASSED] - Object 'Object Repository/Forms/Destino/input_Nombre' is visible

2023-10-30 11:40:54 - [TEST_STEP][PASSED] - waitForElementClickable(findTestObject("Forms/Destino/input_Nombre"), 60, OPTIONAL): Object 'Object Repository/Forms/Destino/input_Nombre' is clickable

2023-10-30 11:40:55 - [MESSAGE][PASSED] - Object 'Object Repository/Forms/Destino/input_Nombre' is clickable

2023-10-30 11:40:55 - [TEST_STEP][PASSED] - setText(findTestObject("Forms/Destino/input_Nombre"), nombreDes, STOP_ON_FAILURE): Text 'José ' is set on object 'Object Repository/Forms/Destino/input_Nombre'

2023-10-30 11:40:55 - [MESSAGE][PASSED] - Text 'José ' is set on object 'Object Repository/Forms/Destino/input_Nombre'

2023-10-30 11:40:55 - [TEST_STEP][PASSED] - waitForElementVisible(findTestObject("Forms/Destino/input_Apellidos"), 60, OPTIONAL): Object 'Object Repository/Forms/Destino/input_Apellidos' is visible

2023-10-30 11:40:56 - [MESSAGE][PASSED] - Object 'Object Repository/Forms/Destino/input_Apellidos' is visible

2023-10-30 11:40:56 - [TEST_STEP][PASSED] - waitForElementClickable(findTestObject("Forms/Destino/input_Apellidos"), 60, OPTIONAL): Object 'Object Repository/Forms/Destino/input_Apellidos' is clickable

2023-10-30 11:40:56 - [MESSAGE][PASSED] - Object 'Object Repository/Forms/Destino/input_Apellidos' is clickable

2023-10-30 11:40:56 - [TEST_STEP][PASSED] - setText(findTestObject("Forms/Destino/input_Apellidos"), apellidosDes, STOP_ON_FAILURE): Text 'Martínez' is set on object 'Object Repository/Forms/Destino/input_Apellidos'

2023-10-30 11:40:57 - [MESSAGE][PASSED] - Text 'Martínez' is set on object 'Object Repository/Forms/Destino/input_Apellidos'

2023-10-30 11:40:57 - [TEST_STEP][PASSED] - waitForElementVisible(findTestObject("Forms/Destino/input_RazonSocial"), 60, OPTIONAL): Object 'Object Repository/Forms/Destino/input_RazonSocial' is visible

2023-10-30 11:40:57 - [MESSAGE][PASSED] - Object 'Object Repository/Forms/Destino/input_RazonSocial' is visible

2023-10-30 11:40:57 - [TEST_STEP][PASSED] - waitForElementClickable(findTestObject("Forms/Destino/input_RazonSocial"), 60, OPTIONAL): Object 'Object Repository/Forms/Destino/input_RazonSocial' is clickable

2023-10-30 11:40:57 - [MESSAGE][PASSED] - Object 'Object Repository/Forms/Destino/input_RazonSocial' is clickable

2023-10-30 11:40:57 - [TEST_STEP][PASSED] - setText(findTestObject("Forms/Destino/input_RazonSocial"), razonSocialDes, STOP_ON_FAILURE): Text 'Otra razón de prueba' is set on object 'Object Repository/Forms/Destino/input_RazonSocial'

2023-10-30 11:40:58 - [MESSAGE][PASSED] - Text 'Otra razón de prueba' is set on object 'Object Repository/Forms/Destino/input_RazonSocial'

2023-10-30 11:40:58 - [TEST_STEP][PASSED] - waitForElementVisible(findTestObject("Forms/Destino/input_Email"), 60, OPTIONAL): Object 'Object Repository/Forms/Destino/input_Email' is visible

2023-10-30 11:40:58 - [MESSAGE][PASSED] - Object 'Object Repository/Forms/Destino/input_Email' is visible

2023-10-30 11:40:58 - [TEST_STEP][PASSED] - waitForElementClickable(findTestObject("Forms/Destino/input_Email"), 60, OPTIONAL): Object 'Object Repository/Forms/Destino/input_Email' is clickable

2023-10-30 11:40:58 - [MESSAGE][PASSED] - Object 'Object Repository/Forms/Destino/input_Email' is clickable

2023-10-30 11:40:58 - [TEST_STEP][PASSED] - setText(findTestObject("Forms/Destino/input_Email"), emailRem, STOP_ON_FAILURE): Text 'emailprueba9@email.com' is set on object 'Object Repository/Forms/Destino/input_Email'

2023-10-30 11:40:59 - [MESSAGE][PASSED] - Text 'emailprueba9@email.com' is set on object 'Object Repository/Forms/Destino/input_Email'

2023-10-30 11:40:59 - [TEST_STEP][PASSED] - waitForElementVisible(findTestObject("Forms/Destino/input_Phone"), 60, OPTIONAL): Object 'Object Repository/Forms/Destino/input_Phone' is visible

2023-10-30 11:41:00 - [MESSAGE][PASSED] - Object 'Object Repository/Forms/Destino/input_Phone' is visible

2023-10-30 11:41:00 - [TEST_STEP][PASSED] - waitForElementClickable(findTestObject("Forms/Destino/input_Phone"), 60, OPTIONAL): Object 'Object Repository/Forms/Destino/input_Phone' is clickable

2023-10-30 11:41:00 - [MESSAGE][PASSED] - Object 'Object Repository/Forms/Destino/input_Phone' is clickable

2023-10-30 11:41:00 - [TEST_STEP][PASSED] - setText(findTestObject("Forms/Destino/input_Phone"), numTlfRem, STOP_ON_FAILURE): Text '654857462' is set on object 'Object Repository/Forms/Destino/input_Phone'

2023-10-30 11:41:01 - [MESSAGE][PASSED] - Text '654857462' is set on object 'Object Repository/Forms/Destino/input_Phone'

2023-10-30 11:41:01 - [TEST_STEP][PASSED] - waitForElementVisible(findTestObject("Forms/Destino/input_Direccion1"), 60, OPTIONAL): Object 'Object Repository/Forms/Destino/input_Direccion1' is visible

2023-10-30 11:41:01 - [MESSAGE][PASSED] - Object 'Object Repository/Forms/Destino/input_Direccion1' is visible

2023-10-30 11:41:01 - [TEST_STEP][PASSED] - waitForElementClickable(findTestObject("Forms/Destino/input_Direccion1"), 60, OPTIONAL): Object 'Object Repository/Forms/Destino/input_Direccion1' is clickable

2023-10-30 11:41:01 - [MESSAGE][PASSED] - Object 'Object Repository/Forms/Destino/input_Direccion1' is clickable

2023-10-30 11:41:01 - [TEST_STEP][PASSED] - setText(findTestObject("Forms/Destino/input_Direccion1"), dirDes1, STOP_ON_FAILURE): Text 'Calle OtraPrueba' is set on object 'Object Repository/Forms/Destino/input_Direccion1'

2023-10-30 11:41:02 - [MESSAGE][PASSED] - Text 'Calle OtraPrueba' is set on object 'Object Repository/Forms/Destino/input_Direccion1'

2023-10-30 11:41:02 - [TEST_STEP][PASSED] - if (mValiosa.equalsIgnoreCase("S")): null

2023-10-30 11:41:02 - [TEST_STEP][PASSED] - else: Text '15' is set on object 'Object Repository/Forms/Destino/input_Pago en destino'

2023-10-30 11:41:02 - [TEST_STEP][PASSED] - waitForElementVisible(findTestObject("Forms/Destino/input_Pago en destino"), 60, OPTIONAL): Object 'Object Repository/Forms/Destino/input_Pago en destino' is visible

2023-10-30 11:41:02 - [MESSAGE][PASSED] - Object 'Object Repository/Forms/Destino/input_Pago en destino' is visible

2023-10-30 11:41:02 - [TEST_STEP][PASSED] - waitForElementClickable(findTestObject("Forms/Destino/input_Pago en destino"), 60, OPTIONAL): Object 'Object Repository/Forms/Destino/input_Pago en destino' is clickable

2023-10-30 11:41:03 - [MESSAGE][PASSED] - Object 'Object Repository/Forms/Destino/input_Pago en destino' is clickable

2023-10-30 11:41:03 - [TEST_STEP][PASSED] - setText(findTestObject("Forms/Destino/input_Pago en destino"), importeDestino, STOP_ON_FAILURE): Text '15' is set on object 'Object Repository/Forms/Destino/input_Pago en destino'

2023-10-30 11:41:03 - [MESSAGE][PASSED] - Text '15' is set on object 'Object Repository/Forms/Destino/input_Pago en destino'

2023-10-30 11:41:03 - [TEST_STEP][PASSED] - takeScreenshot(): Taking screenshot successfully

2023-10-30 11:41:04 - [MESSAGE][PASSED] - Taking screenshot successfully
[[ATTACHMENT|C:\\Jenkins\\workspace\\Katalon_WebRecogidas_PRO\\Reports\\20231030_111542\\TS_Envios_PRO\\20231030_111543\\1698662463950.png]]

2023-10-30 11:41:04 - [TEST_STEP][PASSED] - waitForElementVisible(findTestObject("Forms/Destino/button_Continuar"), 60, OPTIONAL): Object 'Object Repository/Forms/Destino/button_Continuar' is visible

2023-10-30 11:41:04 - [MESSAGE][PASSED] - Object 'Object Repository/Forms/Destino/button_Continuar' is visible

2023-10-30 11:41:04 - [TEST_STEP][PASSED] - waitForElementClickable(findTestObject("Forms/Destino/button_Continuar"), 60, OPTIONAL): Object 'Object Repository/Forms/Destino/button_Continuar' is clickable

2023-10-30 11:41:06 - [MESSAGE][PASSED] - Object 'Object Repository/Forms/Destino/button_Continuar' is clickable

2023-10-30 11:41:06 - [TEST_STEP][PASSED] - click(findTestObject("Forms/Destino/button_Continuar"), STOP_ON_FAILURE): Object: 'Object Repository/Forms/Destino/button_Continuar' is clicked on

2023-10-30 11:41:06 - [MESSAGE][PASSED] - Object: 'Object Repository/Forms/Destino/button_Continuar' is clicked on

2023-10-30 11:41:06 - [TEST_STEP][PASSED] - precioSinIVALbl = getText(findTestObject("Resumen_Checks/label_sinIva")).toString(): Text of object 'Object Repository/Resumen_Checks/label_sinIva' is: '67,31 €'

2023-10-30 11:41:36 - [MESSAGE][PASSED] - Text of object 'Object Repository/Resumen_Checks/label_sinIva' is: '67,31 €'

2023-10-30 11:41:36 - [TEST_STEP][PASSED] - precioReembolsoLbl = getText(findTestObject("Resumen_Checks/label_reembolso")).toString(): Text of object 'Object Repository/Resumen_Checks/label_reembolso' is: '6,11 €'

2023-10-30 11:41:49 - [MESSAGE][PASSED] - Text of object 'Object Repository/Resumen_Checks/label_reembolso' is: '6,11 €'

2023-10-30 11:41:49 - [TEST_STEP][PASSED] - precioAduanasLbl = getText(findTestObject("Resumen_Checks/label_aduaneros")).toString(): Text of object 'Object Repository/Resumen_Checks/label_aduaneros' is: '43,68 €'

2023-10-30 11:41:49 - [MESSAGE][PASSED] - Text of object 'Object Repository/Resumen_Checks/label_aduaneros' is: '43,68 €'

2023-10-30 11:41:49 - [TEST_STEP][PASSED] - precioTotalLbl = getText(findTestObject("Resumen_Checks/label_total_acelerarEnvio")).toString(): Text of object 'Object Repository/Resumen_Checks/label_total_acelerarEnvio' is: '117,10 €'

2023-10-30 11:41:50 - [MESSAGE][PASSED] - Text of object 'Object Repository/Resumen_Checks/label_total_acelerarEnvio' is: '117,10 €'

2023-10-30 11:41:50 - [TEST_STEP][PASSED] - takeScreenshot(): Taking screenshot successfully

2023-10-30 11:41:50 - [MESSAGE][PASSED] - Taking screenshot successfully
[[ATTACHMENT|C:\\Jenkins\\workspace\\Katalon_WebRecogidas_PRO\\Reports\\20231030_111542\\TS_Envios_PRO\\20231030_111543\\1698662510413.png]]

2023-10-30 11:41:50 - [TEST_STEP][PASSED] - markPassed("Recogidas / 09 - Envio aduanero"): Recogidas / 09 - Envio aduanero

2023-10-30 11:41:50 - [MESSAGE][PASSED] - Recogidas / 09 - Envio aduanero

2023-10-30 11:41:50 - [TEST_STEP][PASSED] - Finally: Browser is closed

2023-10-30 11:41:50 - [TEST_STEP][PASSED] - closeBrowser(): Browser is closed

2023-10-30 11:41:51 - [MESSAGE][PASSED] - Browser is closed]]></system-out>
         <system-err><![CDATA[]]></system-err>
      </testcase>
      <system-out><![CDATA[2023-10-30 11:15:49 - [TEST_SUITE][PASSED] - TS_Envios_PRO: Test Cases/Scripts_PRO/09 - Envio_EnvioAduanero]]></system-out>
      <system-err><![CDATA[]]></system-err>
   </testsuite>
</testsuites>
